[2024-03-09T09:31:07.723+0000] {processor.py:161} INFO - Started process (PID=55) to work on /home/airflow/.local/lib/python3.8/site-packages/airflow/example_dags/example_python_decorator.py
[2024-03-09T09:31:07.725+0000] {processor.py:830} INFO - Processing file /home/airflow/.local/lib/python3.8/site-packages/airflow/example_dags/example_python_decorator.py for tasks to queue
[2024-03-09T09:31:07.728+0000] {logging_mixin.py:188} INFO - [2024-03-09T09:31:07.728+0000] {dagbag.py:540} INFO - Filling up the DagBag from /home/airflow/.local/lib/python3.8/site-packages/airflow/example_dags/example_python_decorator.py
[2024-03-09T09:31:07.756+0000] {processor.py:840} INFO - DAG(s) 'example_python_decorator' retrieved from /home/airflow/.local/lib/python3.8/site-packages/airflow/example_dags/example_python_decorator.py
[2024-03-09T09:31:08.217+0000] {logging_mixin.py:188} INFO - [2024-03-09T09:31:08.216+0000] {dag.py:3047} INFO - Sync 1 DAGs
[2024-03-09T09:31:08.262+0000] {logging_mixin.py:188} INFO - [2024-03-09T09:31:08.262+0000] {dag.py:3834} INFO - Setting next_dagrun for example_python_decorator to None, run_after=None
[2024-03-09T09:31:08.312+0000] {processor.py:183} INFO - Processing /home/airflow/.local/lib/python3.8/site-packages/airflow/example_dags/example_python_decorator.py took 0.596 seconds
[2024-03-09T09:31:39.033+0000] {processor.py:161} INFO - Started process (PID=110) to work on /home/airflow/.local/lib/python3.8/site-packages/airflow/example_dags/example_python_decorator.py
[2024-03-09T09:31:39.036+0000] {processor.py:830} INFO - Processing file /home/airflow/.local/lib/python3.8/site-packages/airflow/example_dags/example_python_decorator.py for tasks to queue
[2024-03-09T09:31:39.039+0000] {logging_mixin.py:188} INFO - [2024-03-09T09:31:39.038+0000] {dagbag.py:540} INFO - Filling up the DagBag from /home/airflow/.local/lib/python3.8/site-packages/airflow/example_dags/example_python_decorator.py
[2024-03-09T09:31:39.061+0000] {processor.py:840} INFO - DAG(s) 'example_python_decorator' retrieved from /home/airflow/.local/lib/python3.8/site-packages/airflow/example_dags/example_python_decorator.py
[2024-03-09T09:31:39.109+0000] {logging_mixin.py:188} INFO - [2024-03-09T09:31:39.108+0000] {dag.py:3047} INFO - Sync 1 DAGs
[2024-03-09T09:31:39.171+0000] {logging_mixin.py:188} INFO - [2024-03-09T09:31:39.171+0000] {dag.py:3834} INFO - Setting next_dagrun for example_python_decorator to None, run_after=None
[2024-03-09T09:31:39.261+0000] {processor.py:183} INFO - Processing /home/airflow/.local/lib/python3.8/site-packages/airflow/example_dags/example_python_decorator.py took 0.233 seconds
[2024-03-09T09:32:09.707+0000] {processor.py:161} INFO - Started process (PID=164) to work on /home/airflow/.local/lib/python3.8/site-packages/airflow/example_dags/example_python_decorator.py
[2024-03-09T09:32:09.709+0000] {processor.py:830} INFO - Processing file /home/airflow/.local/lib/python3.8/site-packages/airflow/example_dags/example_python_decorator.py for tasks to queue
[2024-03-09T09:32:09.712+0000] {logging_mixin.py:188} INFO - [2024-03-09T09:32:09.711+0000] {dagbag.py:540} INFO - Filling up the DagBag from /home/airflow/.local/lib/python3.8/site-packages/airflow/example_dags/example_python_decorator.py
[2024-03-09T09:32:09.757+0000] {processor.py:840} INFO - DAG(s) 'example_python_decorator' retrieved from /home/airflow/.local/lib/python3.8/site-packages/airflow/example_dags/example_python_decorator.py
[2024-03-09T09:32:09.860+0000] {logging_mixin.py:188} INFO - [2024-03-09T09:32:09.860+0000] {dag.py:3047} INFO - Sync 1 DAGs
[2024-03-09T09:32:09.894+0000] {logging_mixin.py:188} INFO - [2024-03-09T09:32:09.894+0000] {dag.py:3834} INFO - Setting next_dagrun for example_python_decorator to None, run_after=None
[2024-03-09T09:32:09.934+0000] {processor.py:183} INFO - Processing /home/airflow/.local/lib/python3.8/site-packages/airflow/example_dags/example_python_decorator.py took 0.235 seconds
[2024-03-09T09:32:40.417+0000] {processor.py:161} INFO - Started process (PID=218) to work on /home/airflow/.local/lib/python3.8/site-packages/airflow/example_dags/example_python_decorator.py
[2024-03-09T09:32:40.465+0000] {processor.py:830} INFO - Processing file /home/airflow/.local/lib/python3.8/site-packages/airflow/example_dags/example_python_decorator.py for tasks to queue
[2024-03-09T09:32:40.503+0000] {logging_mixin.py:188} INFO - [2024-03-09T09:32:40.502+0000] {dagbag.py:540} INFO - Filling up the DagBag from /home/airflow/.local/lib/python3.8/site-packages/airflow/example_dags/example_python_decorator.py
[2024-03-09T09:32:40.593+0000] {processor.py:840} INFO - DAG(s) 'example_python_decorator' retrieved from /home/airflow/.local/lib/python3.8/site-packages/airflow/example_dags/example_python_decorator.py
[2024-03-09T09:32:40.657+0000] {logging_mixin.py:188} INFO - [2024-03-09T09:32:40.657+0000] {dag.py:3047} INFO - Sync 1 DAGs
[2024-03-09T09:32:40.687+0000] {logging_mixin.py:188} INFO - [2024-03-09T09:32:40.686+0000] {dag.py:3834} INFO - Setting next_dagrun for example_python_decorator to None, run_after=None
[2024-03-09T09:32:40.888+0000] {processor.py:183} INFO - Processing /home/airflow/.local/lib/python3.8/site-packages/airflow/example_dags/example_python_decorator.py took 0.480 seconds
[2024-03-09T09:33:11.173+0000] {processor.py:161} INFO - Started process (PID=273) to work on /home/airflow/.local/lib/python3.8/site-packages/airflow/example_dags/example_python_decorator.py
[2024-03-09T09:33:11.175+0000] {processor.py:830} INFO - Processing file /home/airflow/.local/lib/python3.8/site-packages/airflow/example_dags/example_python_decorator.py for tasks to queue
[2024-03-09T09:33:11.179+0000] {logging_mixin.py:188} INFO - [2024-03-09T09:33:11.178+0000] {dagbag.py:540} INFO - Filling up the DagBag from /home/airflow/.local/lib/python3.8/site-packages/airflow/example_dags/example_python_decorator.py
[2024-03-09T09:33:11.203+0000] {processor.py:840} INFO - DAG(s) 'example_python_decorator' retrieved from /home/airflow/.local/lib/python3.8/site-packages/airflow/example_dags/example_python_decorator.py
[2024-03-09T09:33:11.237+0000] {logging_mixin.py:188} INFO - [2024-03-09T09:33:11.236+0000] {dag.py:3047} INFO - Sync 1 DAGs
[2024-03-09T09:33:11.262+0000] {logging_mixin.py:188} INFO - [2024-03-09T09:33:11.262+0000] {dag.py:3834} INFO - Setting next_dagrun for example_python_decorator to None, run_after=None
[2024-03-09T09:33:11.298+0000] {processor.py:183} INFO - Processing /home/airflow/.local/lib/python3.8/site-packages/airflow/example_dags/example_python_decorator.py took 0.131 seconds
[2024-03-09T09:33:41.787+0000] {processor.py:161} INFO - Started process (PID=328) to work on /home/airflow/.local/lib/python3.8/site-packages/airflow/example_dags/example_python_decorator.py
[2024-03-09T09:33:41.789+0000] {processor.py:830} INFO - Processing file /home/airflow/.local/lib/python3.8/site-packages/airflow/example_dags/example_python_decorator.py for tasks to queue
[2024-03-09T09:33:41.793+0000] {logging_mixin.py:188} INFO - [2024-03-09T09:33:41.792+0000] {dagbag.py:540} INFO - Filling up the DagBag from /home/airflow/.local/lib/python3.8/site-packages/airflow/example_dags/example_python_decorator.py
[2024-03-09T09:33:41.812+0000] {processor.py:840} INFO - DAG(s) 'example_python_decorator' retrieved from /home/airflow/.local/lib/python3.8/site-packages/airflow/example_dags/example_python_decorator.py
[2024-03-09T09:33:41.843+0000] {logging_mixin.py:188} INFO - [2024-03-09T09:33:41.842+0000] {dag.py:3047} INFO - Sync 1 DAGs
[2024-03-09T09:33:41.862+0000] {logging_mixin.py:188} INFO - [2024-03-09T09:33:41.861+0000] {dag.py:3834} INFO - Setting next_dagrun for example_python_decorator to None, run_after=None
[2024-03-09T09:33:41.891+0000] {processor.py:183} INFO - Processing /home/airflow/.local/lib/python3.8/site-packages/airflow/example_dags/example_python_decorator.py took 0.109 seconds
[2024-03-09T09:34:12.203+0000] {processor.py:161} INFO - Started process (PID=383) to work on /home/airflow/.local/lib/python3.8/site-packages/airflow/example_dags/example_python_decorator.py
[2024-03-09T09:34:12.204+0000] {processor.py:830} INFO - Processing file /home/airflow/.local/lib/python3.8/site-packages/airflow/example_dags/example_python_decorator.py for tasks to queue
[2024-03-09T09:34:12.212+0000] {logging_mixin.py:188} INFO - [2024-03-09T09:34:12.212+0000] {dagbag.py:540} INFO - Filling up the DagBag from /home/airflow/.local/lib/python3.8/site-packages/airflow/example_dags/example_python_decorator.py
[2024-03-09T09:34:12.247+0000] {processor.py:840} INFO - DAG(s) 'example_python_decorator' retrieved from /home/airflow/.local/lib/python3.8/site-packages/airflow/example_dags/example_python_decorator.py
[2024-03-09T09:34:12.303+0000] {logging_mixin.py:188} INFO - [2024-03-09T09:34:12.303+0000] {dag.py:3047} INFO - Sync 1 DAGs
[2024-03-09T09:34:12.324+0000] {logging_mixin.py:188} INFO - [2024-03-09T09:34:12.324+0000] {dag.py:3834} INFO - Setting next_dagrun for example_python_decorator to None, run_after=None
[2024-03-09T09:34:12.354+0000] {processor.py:183} INFO - Processing /home/airflow/.local/lib/python3.8/site-packages/airflow/example_dags/example_python_decorator.py took 0.155 seconds
[2024-03-09T09:34:42.695+0000] {processor.py:161} INFO - Started process (PID=438) to work on /home/airflow/.local/lib/python3.8/site-packages/airflow/example_dags/example_python_decorator.py
[2024-03-09T09:34:42.700+0000] {processor.py:830} INFO - Processing file /home/airflow/.local/lib/python3.8/site-packages/airflow/example_dags/example_python_decorator.py for tasks to queue
[2024-03-09T09:34:42.707+0000] {logging_mixin.py:188} INFO - [2024-03-09T09:34:42.706+0000] {dagbag.py:540} INFO - Filling up the DagBag from /home/airflow/.local/lib/python3.8/site-packages/airflow/example_dags/example_python_decorator.py
[2024-03-09T09:34:42.733+0000] {processor.py:840} INFO - DAG(s) 'example_python_decorator' retrieved from /home/airflow/.local/lib/python3.8/site-packages/airflow/example_dags/example_python_decorator.py
[2024-03-09T09:34:42.769+0000] {logging_mixin.py:188} INFO - [2024-03-09T09:34:42.769+0000] {dag.py:3047} INFO - Sync 1 DAGs
[2024-03-09T09:34:42.791+0000] {logging_mixin.py:188} INFO - [2024-03-09T09:34:42.790+0000] {dag.py:3834} INFO - Setting next_dagrun for example_python_decorator to None, run_after=None
[2024-03-09T09:34:42.820+0000] {processor.py:183} INFO - Processing /home/airflow/.local/lib/python3.8/site-packages/airflow/example_dags/example_python_decorator.py took 0.130 seconds
[2024-03-09T09:35:13.162+0000] {processor.py:161} INFO - Started process (PID=493) to work on /home/airflow/.local/lib/python3.8/site-packages/airflow/example_dags/example_python_decorator.py
[2024-03-09T09:35:13.167+0000] {processor.py:830} INFO - Processing file /home/airflow/.local/lib/python3.8/site-packages/airflow/example_dags/example_python_decorator.py for tasks to queue
[2024-03-09T09:35:13.178+0000] {logging_mixin.py:188} INFO - [2024-03-09T09:35:13.177+0000] {dagbag.py:540} INFO - Filling up the DagBag from /home/airflow/.local/lib/python3.8/site-packages/airflow/example_dags/example_python_decorator.py
[2024-03-09T09:35:13.324+0000] {processor.py:840} INFO - DAG(s) 'example_python_decorator' retrieved from /home/airflow/.local/lib/python3.8/site-packages/airflow/example_dags/example_python_decorator.py
[2024-03-09T09:35:13.386+0000] {logging_mixin.py:188} INFO - [2024-03-09T09:35:13.386+0000] {dag.py:3047} INFO - Sync 1 DAGs
[2024-03-09T09:35:13.406+0000] {logging_mixin.py:188} INFO - [2024-03-09T09:35:13.406+0000] {dag.py:3834} INFO - Setting next_dagrun for example_python_decorator to None, run_after=None
[2024-03-09T09:35:13.460+0000] {processor.py:183} INFO - Processing /home/airflow/.local/lib/python3.8/site-packages/airflow/example_dags/example_python_decorator.py took 0.306 seconds
[2024-03-09T09:35:43.549+0000] {processor.py:161} INFO - Started process (PID=547) to work on /home/airflow/.local/lib/python3.8/site-packages/airflow/example_dags/example_python_decorator.py
[2024-03-09T09:35:43.552+0000] {processor.py:830} INFO - Processing file /home/airflow/.local/lib/python3.8/site-packages/airflow/example_dags/example_python_decorator.py for tasks to queue
[2024-03-09T09:35:43.563+0000] {logging_mixin.py:188} INFO - [2024-03-09T09:35:43.562+0000] {dagbag.py:540} INFO - Filling up the DagBag from /home/airflow/.local/lib/python3.8/site-packages/airflow/example_dags/example_python_decorator.py
[2024-03-09T09:35:43.607+0000] {processor.py:840} INFO - DAG(s) 'example_python_decorator' retrieved from /home/airflow/.local/lib/python3.8/site-packages/airflow/example_dags/example_python_decorator.py
[2024-03-09T09:35:43.647+0000] {logging_mixin.py:188} INFO - [2024-03-09T09:35:43.647+0000] {dag.py:3047} INFO - Sync 1 DAGs
[2024-03-09T09:35:43.673+0000] {logging_mixin.py:188} INFO - [2024-03-09T09:35:43.672+0000] {dag.py:3834} INFO - Setting next_dagrun for example_python_decorator to None, run_after=None
[2024-03-09T09:35:43.704+0000] {processor.py:183} INFO - Processing /home/airflow/.local/lib/python3.8/site-packages/airflow/example_dags/example_python_decorator.py took 0.164 seconds
[2024-03-09T09:36:15.017+0000] {processor.py:161} INFO - Started process (PID=601) to work on /home/airflow/.local/lib/python3.8/site-packages/airflow/example_dags/example_python_decorator.py
[2024-03-09T09:36:15.022+0000] {processor.py:830} INFO - Processing file /home/airflow/.local/lib/python3.8/site-packages/airflow/example_dags/example_python_decorator.py for tasks to queue
[2024-03-09T09:36:15.026+0000] {logging_mixin.py:188} INFO - [2024-03-09T09:36:15.025+0000] {dagbag.py:540} INFO - Filling up the DagBag from /home/airflow/.local/lib/python3.8/site-packages/airflow/example_dags/example_python_decorator.py
[2024-03-09T09:36:15.053+0000] {processor.py:840} INFO - DAG(s) 'example_python_decorator' retrieved from /home/airflow/.local/lib/python3.8/site-packages/airflow/example_dags/example_python_decorator.py
[2024-03-09T09:36:15.095+0000] {logging_mixin.py:188} INFO - [2024-03-09T09:36:15.094+0000] {dag.py:3047} INFO - Sync 1 DAGs
[2024-03-09T09:36:15.116+0000] {logging_mixin.py:188} INFO - [2024-03-09T09:36:15.115+0000] {dag.py:3834} INFO - Setting next_dagrun for example_python_decorator to None, run_after=None
[2024-03-09T09:36:15.154+0000] {processor.py:183} INFO - Processing /home/airflow/.local/lib/python3.8/site-packages/airflow/example_dags/example_python_decorator.py took 0.145 seconds
[2024-03-09T09:36:45.906+0000] {processor.py:161} INFO - Started process (PID=656) to work on /home/airflow/.local/lib/python3.8/site-packages/airflow/example_dags/example_python_decorator.py
[2024-03-09T09:36:45.908+0000] {processor.py:830} INFO - Processing file /home/airflow/.local/lib/python3.8/site-packages/airflow/example_dags/example_python_decorator.py for tasks to queue
[2024-03-09T09:36:45.911+0000] {logging_mixin.py:188} INFO - [2024-03-09T09:36:45.911+0000] {dagbag.py:540} INFO - Filling up the DagBag from /home/airflow/.local/lib/python3.8/site-packages/airflow/example_dags/example_python_decorator.py
[2024-03-09T09:36:45.938+0000] {processor.py:840} INFO - DAG(s) 'example_python_decorator' retrieved from /home/airflow/.local/lib/python3.8/site-packages/airflow/example_dags/example_python_decorator.py
[2024-03-09T09:36:45.978+0000] {logging_mixin.py:188} INFO - [2024-03-09T09:36:45.978+0000] {dag.py:3047} INFO - Sync 1 DAGs
[2024-03-09T09:36:45.998+0000] {logging_mixin.py:188} INFO - [2024-03-09T09:36:45.998+0000] {dag.py:3834} INFO - Setting next_dagrun for example_python_decorator to None, run_after=None
[2024-03-09T09:36:46.035+0000] {processor.py:183} INFO - Processing /home/airflow/.local/lib/python3.8/site-packages/airflow/example_dags/example_python_decorator.py took 0.135 seconds
[2024-03-09T09:37:16.219+0000] {processor.py:161} INFO - Started process (PID=711) to work on /home/airflow/.local/lib/python3.8/site-packages/airflow/example_dags/example_python_decorator.py
[2024-03-09T09:37:16.221+0000] {processor.py:830} INFO - Processing file /home/airflow/.local/lib/python3.8/site-packages/airflow/example_dags/example_python_decorator.py for tasks to queue
[2024-03-09T09:37:16.225+0000] {logging_mixin.py:188} INFO - [2024-03-09T09:37:16.225+0000] {dagbag.py:540} INFO - Filling up the DagBag from /home/airflow/.local/lib/python3.8/site-packages/airflow/example_dags/example_python_decorator.py
[2024-03-09T09:37:16.262+0000] {processor.py:840} INFO - DAG(s) 'example_python_decorator' retrieved from /home/airflow/.local/lib/python3.8/site-packages/airflow/example_dags/example_python_decorator.py
[2024-03-09T09:37:16.304+0000] {logging_mixin.py:188} INFO - [2024-03-09T09:37:16.304+0000] {dag.py:3047} INFO - Sync 1 DAGs
[2024-03-09T09:37:16.325+0000] {logging_mixin.py:188} INFO - [2024-03-09T09:37:16.325+0000] {dag.py:3834} INFO - Setting next_dagrun for example_python_decorator to None, run_after=None
[2024-03-09T09:37:16.356+0000] {processor.py:183} INFO - Processing /home/airflow/.local/lib/python3.8/site-packages/airflow/example_dags/example_python_decorator.py took 0.143 seconds
[2024-03-09T09:37:46.940+0000] {processor.py:161} INFO - Started process (PID=766) to work on /home/airflow/.local/lib/python3.8/site-packages/airflow/example_dags/example_python_decorator.py
[2024-03-09T09:37:46.943+0000] {processor.py:830} INFO - Processing file /home/airflow/.local/lib/python3.8/site-packages/airflow/example_dags/example_python_decorator.py for tasks to queue
[2024-03-09T09:37:46.953+0000] {logging_mixin.py:188} INFO - [2024-03-09T09:37:46.953+0000] {dagbag.py:540} INFO - Filling up the DagBag from /home/airflow/.local/lib/python3.8/site-packages/airflow/example_dags/example_python_decorator.py
[2024-03-09T09:37:46.982+0000] {processor.py:840} INFO - DAG(s) 'example_python_decorator' retrieved from /home/airflow/.local/lib/python3.8/site-packages/airflow/example_dags/example_python_decorator.py
[2024-03-09T09:37:47.111+0000] {logging_mixin.py:188} INFO - [2024-03-09T09:37:47.111+0000] {dag.py:3047} INFO - Sync 1 DAGs
[2024-03-09T09:37:47.144+0000] {logging_mixin.py:188} INFO - [2024-03-09T09:37:47.142+0000] {dag.py:3834} INFO - Setting next_dagrun for example_python_decorator to None, run_after=None
[2024-03-09T09:37:47.408+0000] {processor.py:183} INFO - Processing /home/airflow/.local/lib/python3.8/site-packages/airflow/example_dags/example_python_decorator.py took 0.477 seconds
[2024-03-09T09:38:17.469+0000] {processor.py:161} INFO - Started process (PID=821) to work on /home/airflow/.local/lib/python3.8/site-packages/airflow/example_dags/example_python_decorator.py
[2024-03-09T09:38:17.471+0000] {processor.py:830} INFO - Processing file /home/airflow/.local/lib/python3.8/site-packages/airflow/example_dags/example_python_decorator.py for tasks to queue
[2024-03-09T09:38:17.486+0000] {logging_mixin.py:188} INFO - [2024-03-09T09:38:17.485+0000] {dagbag.py:540} INFO - Filling up the DagBag from /home/airflow/.local/lib/python3.8/site-packages/airflow/example_dags/example_python_decorator.py
[2024-03-09T09:38:17.541+0000] {processor.py:840} INFO - DAG(s) 'example_python_decorator' retrieved from /home/airflow/.local/lib/python3.8/site-packages/airflow/example_dags/example_python_decorator.py
[2024-03-09T09:38:17.664+0000] {logging_mixin.py:188} INFO - [2024-03-09T09:38:17.660+0000] {dag.py:3047} INFO - Sync 1 DAGs
[2024-03-09T09:38:17.712+0000] {logging_mixin.py:188} INFO - [2024-03-09T09:38:17.712+0000] {dag.py:3834} INFO - Setting next_dagrun for example_python_decorator to None, run_after=None
[2024-03-09T09:38:17.765+0000] {processor.py:183} INFO - Processing /home/airflow/.local/lib/python3.8/site-packages/airflow/example_dags/example_python_decorator.py took 0.301 seconds
[2024-03-09T09:38:48.198+0000] {processor.py:161} INFO - Started process (PID=881) to work on /home/airflow/.local/lib/python3.8/site-packages/airflow/example_dags/example_python_decorator.py
[2024-03-09T09:38:48.199+0000] {processor.py:830} INFO - Processing file /home/airflow/.local/lib/python3.8/site-packages/airflow/example_dags/example_python_decorator.py for tasks to queue
[2024-03-09T09:38:48.202+0000] {logging_mixin.py:188} INFO - [2024-03-09T09:38:48.201+0000] {dagbag.py:540} INFO - Filling up the DagBag from /home/airflow/.local/lib/python3.8/site-packages/airflow/example_dags/example_python_decorator.py
[2024-03-09T09:38:48.220+0000] {processor.py:840} INFO - DAG(s) 'example_python_decorator' retrieved from /home/airflow/.local/lib/python3.8/site-packages/airflow/example_dags/example_python_decorator.py
[2024-03-09T09:38:48.256+0000] {logging_mixin.py:188} INFO - [2024-03-09T09:38:48.255+0000] {dag.py:3047} INFO - Sync 1 DAGs
[2024-03-09T09:38:48.275+0000] {logging_mixin.py:188} INFO - [2024-03-09T09:38:48.275+0000] {dag.py:3834} INFO - Setting next_dagrun for example_python_decorator to None, run_after=None
[2024-03-09T09:38:48.308+0000] {processor.py:183} INFO - Processing /home/airflow/.local/lib/python3.8/site-packages/airflow/example_dags/example_python_decorator.py took 0.115 seconds
