[2024-03-09T09:31:14.534+0000] {processor.py:161} INFO - Started process (PID=79) to work on /home/airflow/.local/lib/python3.8/site-packages/airflow/example_dags/example_dag_decorator.py
[2024-03-09T09:31:14.535+0000] {processor.py:830} INFO - Processing file /home/airflow/.local/lib/python3.8/site-packages/airflow/example_dags/example_dag_decorator.py for tasks to queue
[2024-03-09T09:31:14.539+0000] {logging_mixin.py:188} INFO - [2024-03-09T09:31:14.538+0000] {dagbag.py:540} INFO - Filling up the DagBag from /home/airflow/.local/lib/python3.8/site-packages/airflow/example_dags/example_dag_decorator.py
[2024-03-09T09:31:15.223+0000] {processor.py:840} INFO - DAG(s) 'example_dag_decorator' retrieved from /home/airflow/.local/lib/python3.8/site-packages/airflow/example_dags/example_dag_decorator.py
[2024-03-09T09:31:15.465+0000] {logging_mixin.py:188} INFO - [2024-03-09T09:31:15.465+0000] {dag.py:3047} INFO - Sync 1 DAGs
[2024-03-09T09:31:15.494+0000] {logging_mixin.py:188} INFO - [2024-03-09T09:31:15.494+0000] {dag.py:3834} INFO - Setting next_dagrun for example_dag_decorator to None, run_after=None
[2024-03-09T09:31:15.543+0000] {processor.py:183} INFO - Processing /home/airflow/.local/lib/python3.8/site-packages/airflow/example_dags/example_dag_decorator.py took 1.015 seconds
[2024-03-09T09:31:46.502+0000] {processor.py:161} INFO - Started process (PID=141) to work on /home/airflow/.local/lib/python3.8/site-packages/airflow/example_dags/example_dag_decorator.py
[2024-03-09T09:31:46.504+0000] {processor.py:830} INFO - Processing file /home/airflow/.local/lib/python3.8/site-packages/airflow/example_dags/example_dag_decorator.py for tasks to queue
[2024-03-09T09:31:46.508+0000] {logging_mixin.py:188} INFO - [2024-03-09T09:31:46.507+0000] {dagbag.py:540} INFO - Filling up the DagBag from /home/airflow/.local/lib/python3.8/site-packages/airflow/example_dags/example_dag_decorator.py
[2024-03-09T09:31:46.714+0000] {processor.py:840} INFO - DAG(s) 'example_dag_decorator' retrieved from /home/airflow/.local/lib/python3.8/site-packages/airflow/example_dags/example_dag_decorator.py
[2024-03-09T09:31:46.872+0000] {logging_mixin.py:188} INFO - [2024-03-09T09:31:46.871+0000] {dag.py:3047} INFO - Sync 1 DAGs
[2024-03-09T09:31:46.886+0000] {logging_mixin.py:188} INFO - [2024-03-09T09:31:46.886+0000] {dag.py:3834} INFO - Setting next_dagrun for example_dag_decorator to None, run_after=None
[2024-03-09T09:31:46.920+0000] {processor.py:183} INFO - Processing /home/airflow/.local/lib/python3.8/site-packages/airflow/example_dags/example_dag_decorator.py took 0.425 seconds
[2024-03-09T09:32:17.737+0000] {processor.py:161} INFO - Started process (PID=196) to work on /home/airflow/.local/lib/python3.8/site-packages/airflow/example_dags/example_dag_decorator.py
[2024-03-09T09:32:17.740+0000] {processor.py:830} INFO - Processing file /home/airflow/.local/lib/python3.8/site-packages/airflow/example_dags/example_dag_decorator.py for tasks to queue
[2024-03-09T09:32:17.743+0000] {logging_mixin.py:188} INFO - [2024-03-09T09:32:17.743+0000] {dagbag.py:540} INFO - Filling up the DagBag from /home/airflow/.local/lib/python3.8/site-packages/airflow/example_dags/example_dag_decorator.py
[2024-03-09T09:32:17.871+0000] {processor.py:840} INFO - DAG(s) 'example_dag_decorator' retrieved from /home/airflow/.local/lib/python3.8/site-packages/airflow/example_dags/example_dag_decorator.py
[2024-03-09T09:32:18.013+0000] {logging_mixin.py:188} INFO - [2024-03-09T09:32:18.013+0000] {dag.py:3047} INFO - Sync 1 DAGs
[2024-03-09T09:32:18.031+0000] {logging_mixin.py:188} INFO - [2024-03-09T09:32:18.031+0000] {dag.py:3834} INFO - Setting next_dagrun for example_dag_decorator to None, run_after=None
[2024-03-09T09:32:18.061+0000] {processor.py:183} INFO - Processing /home/airflow/.local/lib/python3.8/site-packages/airflow/example_dags/example_dag_decorator.py took 0.329 seconds
[2024-03-09T09:32:48.549+0000] {processor.py:161} INFO - Started process (PID=250) to work on /home/airflow/.local/lib/python3.8/site-packages/airflow/example_dags/example_dag_decorator.py
[2024-03-09T09:32:48.551+0000] {processor.py:830} INFO - Processing file /home/airflow/.local/lib/python3.8/site-packages/airflow/example_dags/example_dag_decorator.py for tasks to queue
[2024-03-09T09:32:48.558+0000] {logging_mixin.py:188} INFO - [2024-03-09T09:32:48.557+0000] {dagbag.py:540} INFO - Filling up the DagBag from /home/airflow/.local/lib/python3.8/site-packages/airflow/example_dags/example_dag_decorator.py
[2024-03-09T09:32:49.380+0000] {processor.py:840} INFO - DAG(s) 'example_dag_decorator' retrieved from /home/airflow/.local/lib/python3.8/site-packages/airflow/example_dags/example_dag_decorator.py
[2024-03-09T09:32:49.755+0000] {logging_mixin.py:188} INFO - [2024-03-09T09:32:49.754+0000] {dag.py:3047} INFO - Sync 1 DAGs
[2024-03-09T09:32:49.790+0000] {logging_mixin.py:188} INFO - [2024-03-09T09:32:49.789+0000] {dag.py:3834} INFO - Setting next_dagrun for example_dag_decorator to None, run_after=None
[2024-03-09T09:32:49.922+0000] {processor.py:183} INFO - Processing /home/airflow/.local/lib/python3.8/site-packages/airflow/example_dags/example_dag_decorator.py took 1.397 seconds
[2024-03-09T09:33:20.685+0000] {processor.py:161} INFO - Started process (PID=306) to work on /home/airflow/.local/lib/python3.8/site-packages/airflow/example_dags/example_dag_decorator.py
[2024-03-09T09:33:20.757+0000] {processor.py:830} INFO - Processing file /home/airflow/.local/lib/python3.8/site-packages/airflow/example_dags/example_dag_decorator.py for tasks to queue
[2024-03-09T09:33:20.798+0000] {logging_mixin.py:188} INFO - [2024-03-09T09:33:20.798+0000] {dagbag.py:540} INFO - Filling up the DagBag from /home/airflow/.local/lib/python3.8/site-packages/airflow/example_dags/example_dag_decorator.py
[2024-03-09T09:33:21.177+0000] {processor.py:840} INFO - DAG(s) 'example_dag_decorator' retrieved from /home/airflow/.local/lib/python3.8/site-packages/airflow/example_dags/example_dag_decorator.py
[2024-03-09T09:33:21.811+0000] {logging_mixin.py:188} INFO - [2024-03-09T09:33:21.810+0000] {dag.py:3047} INFO - Sync 1 DAGs
[2024-03-09T09:33:21.844+0000] {logging_mixin.py:188} INFO - [2024-03-09T09:33:21.844+0000] {dag.py:3834} INFO - Setting next_dagrun for example_dag_decorator to None, run_after=None
[2024-03-09T09:33:21.891+0000] {processor.py:183} INFO - Processing /home/airflow/.local/lib/python3.8/site-packages/airflow/example_dags/example_dag_decorator.py took 1.223 seconds
[2024-03-09T09:33:52.057+0000] {processor.py:161} INFO - Started process (PID=361) to work on /home/airflow/.local/lib/python3.8/site-packages/airflow/example_dags/example_dag_decorator.py
[2024-03-09T09:33:52.058+0000] {processor.py:830} INFO - Processing file /home/airflow/.local/lib/python3.8/site-packages/airflow/example_dags/example_dag_decorator.py for tasks to queue
[2024-03-09T09:33:52.061+0000] {logging_mixin.py:188} INFO - [2024-03-09T09:33:52.061+0000] {dagbag.py:540} INFO - Filling up the DagBag from /home/airflow/.local/lib/python3.8/site-packages/airflow/example_dags/example_dag_decorator.py
[2024-03-09T09:33:52.231+0000] {processor.py:840} INFO - DAG(s) 'example_dag_decorator' retrieved from /home/airflow/.local/lib/python3.8/site-packages/airflow/example_dags/example_dag_decorator.py
[2024-03-09T09:33:52.389+0000] {logging_mixin.py:188} INFO - [2024-03-09T09:33:52.389+0000] {dag.py:3047} INFO - Sync 1 DAGs
[2024-03-09T09:33:52.408+0000] {logging_mixin.py:188} INFO - [2024-03-09T09:33:52.408+0000] {dag.py:3834} INFO - Setting next_dagrun for example_dag_decorator to None, run_after=None
[2024-03-09T09:33:52.446+0000] {processor.py:183} INFO - Processing /home/airflow/.local/lib/python3.8/site-packages/airflow/example_dags/example_dag_decorator.py took 0.395 seconds
[2024-03-09T09:34:22.831+0000] {processor.py:161} INFO - Started process (PID=416) to work on /home/airflow/.local/lib/python3.8/site-packages/airflow/example_dags/example_dag_decorator.py
[2024-03-09T09:34:22.833+0000] {processor.py:830} INFO - Processing file /home/airflow/.local/lib/python3.8/site-packages/airflow/example_dags/example_dag_decorator.py for tasks to queue
[2024-03-09T09:34:22.836+0000] {logging_mixin.py:188} INFO - [2024-03-09T09:34:22.836+0000] {dagbag.py:540} INFO - Filling up the DagBag from /home/airflow/.local/lib/python3.8/site-packages/airflow/example_dags/example_dag_decorator.py
[2024-03-09T09:34:23.135+0000] {processor.py:840} INFO - DAG(s) 'example_dag_decorator' retrieved from /home/airflow/.local/lib/python3.8/site-packages/airflow/example_dags/example_dag_decorator.py
[2024-03-09T09:34:23.554+0000] {logging_mixin.py:188} INFO - [2024-03-09T09:34:23.553+0000] {dag.py:3047} INFO - Sync 1 DAGs
[2024-03-09T09:34:23.576+0000] {logging_mixin.py:188} INFO - [2024-03-09T09:34:23.576+0000] {dag.py:3834} INFO - Setting next_dagrun for example_dag_decorator to None, run_after=None
[2024-03-09T09:34:23.614+0000] {processor.py:183} INFO - Processing /home/airflow/.local/lib/python3.8/site-packages/airflow/example_dags/example_dag_decorator.py took 0.788 seconds
[2024-03-09T09:34:53.862+0000] {processor.py:161} INFO - Started process (PID=471) to work on /home/airflow/.local/lib/python3.8/site-packages/airflow/example_dags/example_dag_decorator.py
[2024-03-09T09:34:53.863+0000] {processor.py:830} INFO - Processing file /home/airflow/.local/lib/python3.8/site-packages/airflow/example_dags/example_dag_decorator.py for tasks to queue
[2024-03-09T09:34:53.866+0000] {logging_mixin.py:188} INFO - [2024-03-09T09:34:53.865+0000] {dagbag.py:540} INFO - Filling up the DagBag from /home/airflow/.local/lib/python3.8/site-packages/airflow/example_dags/example_dag_decorator.py
[2024-03-09T09:34:53.991+0000] {processor.py:840} INFO - DAG(s) 'example_dag_decorator' retrieved from /home/airflow/.local/lib/python3.8/site-packages/airflow/example_dags/example_dag_decorator.py
[2024-03-09T09:34:54.139+0000] {logging_mixin.py:188} INFO - [2024-03-09T09:34:54.139+0000] {dag.py:3047} INFO - Sync 1 DAGs
[2024-03-09T09:34:54.156+0000] {logging_mixin.py:188} INFO - [2024-03-09T09:34:54.155+0000] {dag.py:3834} INFO - Setting next_dagrun for example_dag_decorator to None, run_after=None
[2024-03-09T09:34:54.193+0000] {processor.py:183} INFO - Processing /home/airflow/.local/lib/python3.8/site-packages/airflow/example_dags/example_dag_decorator.py took 0.336 seconds
[2024-03-09T09:35:24.406+0000] {processor.py:161} INFO - Started process (PID=525) to work on /home/airflow/.local/lib/python3.8/site-packages/airflow/example_dags/example_dag_decorator.py
[2024-03-09T09:35:24.408+0000] {processor.py:830} INFO - Processing file /home/airflow/.local/lib/python3.8/site-packages/airflow/example_dags/example_dag_decorator.py for tasks to queue
[2024-03-09T09:35:24.410+0000] {logging_mixin.py:188} INFO - [2024-03-09T09:35:24.410+0000] {dagbag.py:540} INFO - Filling up the DagBag from /home/airflow/.local/lib/python3.8/site-packages/airflow/example_dags/example_dag_decorator.py
[2024-03-09T09:35:24.540+0000] {processor.py:840} INFO - DAG(s) 'example_dag_decorator' retrieved from /home/airflow/.local/lib/python3.8/site-packages/airflow/example_dags/example_dag_decorator.py
[2024-03-09T09:35:24.581+0000] {logging_mixin.py:188} INFO - [2024-03-09T09:35:24.581+0000] {dag.py:3047} INFO - Sync 1 DAGs
[2024-03-09T09:35:24.610+0000] {logging_mixin.py:188} INFO - [2024-03-09T09:35:24.609+0000] {dag.py:3834} INFO - Setting next_dagrun for example_dag_decorator to None, run_after=None
[2024-03-09T09:35:24.645+0000] {processor.py:183} INFO - Processing /home/airflow/.local/lib/python3.8/site-packages/airflow/example_dags/example_dag_decorator.py took 0.245 seconds
[2024-03-09T09:35:54.849+0000] {processor.py:161} INFO - Started process (PID=579) to work on /home/airflow/.local/lib/python3.8/site-packages/airflow/example_dags/example_dag_decorator.py
[2024-03-09T09:35:54.851+0000] {processor.py:830} INFO - Processing file /home/airflow/.local/lib/python3.8/site-packages/airflow/example_dags/example_dag_decorator.py for tasks to queue
[2024-03-09T09:35:54.854+0000] {logging_mixin.py:188} INFO - [2024-03-09T09:35:54.854+0000] {dagbag.py:540} INFO - Filling up the DagBag from /home/airflow/.local/lib/python3.8/site-packages/airflow/example_dags/example_dag_decorator.py
[2024-03-09T09:35:55.193+0000] {processor.py:840} INFO - DAG(s) 'example_dag_decorator' retrieved from /home/airflow/.local/lib/python3.8/site-packages/airflow/example_dags/example_dag_decorator.py
[2024-03-09T09:35:55.398+0000] {logging_mixin.py:188} INFO - [2024-03-09T09:35:55.398+0000] {dag.py:3047} INFO - Sync 1 DAGs
[2024-03-09T09:35:55.413+0000] {logging_mixin.py:188} INFO - [2024-03-09T09:35:55.413+0000] {dag.py:3834} INFO - Setting next_dagrun for example_dag_decorator to None, run_after=None
[2024-03-09T09:35:55.444+0000] {processor.py:183} INFO - Processing /home/airflow/.local/lib/python3.8/site-packages/airflow/example_dags/example_dag_decorator.py took 0.602 seconds
[2024-03-09T09:36:26.447+0000] {processor.py:161} INFO - Started process (PID=634) to work on /home/airflow/.local/lib/python3.8/site-packages/airflow/example_dags/example_dag_decorator.py
[2024-03-09T09:36:26.449+0000] {processor.py:830} INFO - Processing file /home/airflow/.local/lib/python3.8/site-packages/airflow/example_dags/example_dag_decorator.py for tasks to queue
[2024-03-09T09:36:26.451+0000] {logging_mixin.py:188} INFO - [2024-03-09T09:36:26.451+0000] {dagbag.py:540} INFO - Filling up the DagBag from /home/airflow/.local/lib/python3.8/site-packages/airflow/example_dags/example_dag_decorator.py
[2024-03-09T09:36:26.578+0000] {processor.py:840} INFO - DAG(s) 'example_dag_decorator' retrieved from /home/airflow/.local/lib/python3.8/site-packages/airflow/example_dags/example_dag_decorator.py
[2024-03-09T09:36:26.720+0000] {logging_mixin.py:188} INFO - [2024-03-09T09:36:26.720+0000] {dag.py:3047} INFO - Sync 1 DAGs
[2024-03-09T09:36:26.738+0000] {logging_mixin.py:188} INFO - [2024-03-09T09:36:26.738+0000] {dag.py:3834} INFO - Setting next_dagrun for example_dag_decorator to None, run_after=None
[2024-03-09T09:36:26.773+0000] {processor.py:183} INFO - Processing /home/airflow/.local/lib/python3.8/site-packages/airflow/example_dags/example_dag_decorator.py took 0.331 seconds
[2024-03-09T09:36:57.094+0000] {processor.py:161} INFO - Started process (PID=689) to work on /home/airflow/.local/lib/python3.8/site-packages/airflow/example_dags/example_dag_decorator.py
[2024-03-09T09:36:57.096+0000] {processor.py:830} INFO - Processing file /home/airflow/.local/lib/python3.8/site-packages/airflow/example_dags/example_dag_decorator.py for tasks to queue
[2024-03-09T09:36:57.099+0000] {logging_mixin.py:188} INFO - [2024-03-09T09:36:57.098+0000] {dagbag.py:540} INFO - Filling up the DagBag from /home/airflow/.local/lib/python3.8/site-packages/airflow/example_dags/example_dag_decorator.py
[2024-03-09T09:36:57.214+0000] {processor.py:840} INFO - DAG(s) 'example_dag_decorator' retrieved from /home/airflow/.local/lib/python3.8/site-packages/airflow/example_dags/example_dag_decorator.py
[2024-03-09T09:36:57.353+0000] {logging_mixin.py:188} INFO - [2024-03-09T09:36:57.353+0000] {dag.py:3047} INFO - Sync 1 DAGs
[2024-03-09T09:36:57.366+0000] {logging_mixin.py:188} INFO - [2024-03-09T09:36:57.365+0000] {dag.py:3834} INFO - Setting next_dagrun for example_dag_decorator to None, run_after=None
[2024-03-09T09:36:57.394+0000] {processor.py:183} INFO - Processing /home/airflow/.local/lib/python3.8/site-packages/airflow/example_dags/example_dag_decorator.py took 0.305 seconds
[2024-03-09T09:37:28.337+0000] {processor.py:161} INFO - Started process (PID=744) to work on /home/airflow/.local/lib/python3.8/site-packages/airflow/example_dags/example_dag_decorator.py
[2024-03-09T09:37:28.339+0000] {processor.py:830} INFO - Processing file /home/airflow/.local/lib/python3.8/site-packages/airflow/example_dags/example_dag_decorator.py for tasks to queue
[2024-03-09T09:37:28.342+0000] {logging_mixin.py:188} INFO - [2024-03-09T09:37:28.342+0000] {dagbag.py:540} INFO - Filling up the DagBag from /home/airflow/.local/lib/python3.8/site-packages/airflow/example_dags/example_dag_decorator.py
[2024-03-09T09:37:28.467+0000] {processor.py:840} INFO - DAG(s) 'example_dag_decorator' retrieved from /home/airflow/.local/lib/python3.8/site-packages/airflow/example_dags/example_dag_decorator.py
[2024-03-09T09:37:28.602+0000] {logging_mixin.py:188} INFO - [2024-03-09T09:37:28.601+0000] {dag.py:3047} INFO - Sync 1 DAGs
[2024-03-09T09:37:28.618+0000] {logging_mixin.py:188} INFO - [2024-03-09T09:37:28.618+0000] {dag.py:3834} INFO - Setting next_dagrun for example_dag_decorator to None, run_after=None
[2024-03-09T09:37:28.649+0000] {processor.py:183} INFO - Processing /home/airflow/.local/lib/python3.8/site-packages/airflow/example_dags/example_dag_decorator.py took 0.316 seconds
[2024-03-09T09:37:59.116+0000] {processor.py:161} INFO - Started process (PID=799) to work on /home/airflow/.local/lib/python3.8/site-packages/airflow/example_dags/example_dag_decorator.py
[2024-03-09T09:37:59.118+0000] {processor.py:830} INFO - Processing file /home/airflow/.local/lib/python3.8/site-packages/airflow/example_dags/example_dag_decorator.py for tasks to queue
[2024-03-09T09:37:59.121+0000] {logging_mixin.py:188} INFO - [2024-03-09T09:37:59.120+0000] {dagbag.py:540} INFO - Filling up the DagBag from /home/airflow/.local/lib/python3.8/site-packages/airflow/example_dags/example_dag_decorator.py
[2024-03-09T09:37:59.366+0000] {processor.py:840} INFO - DAG(s) 'example_dag_decorator' retrieved from /home/airflow/.local/lib/python3.8/site-packages/airflow/example_dags/example_dag_decorator.py
[2024-03-09T09:37:59.579+0000] {logging_mixin.py:188} INFO - [2024-03-09T09:37:59.578+0000] {dag.py:3047} INFO - Sync 1 DAGs
[2024-03-09T09:37:59.598+0000] {logging_mixin.py:188} INFO - [2024-03-09T09:37:59.598+0000] {dag.py:3834} INFO - Setting next_dagrun for example_dag_decorator to None, run_after=None
[2024-03-09T09:37:59.639+0000] {processor.py:183} INFO - Processing /home/airflow/.local/lib/python3.8/site-packages/airflow/example_dags/example_dag_decorator.py took 0.529 seconds
[2024-03-09T09:38:30.355+0000] {processor.py:161} INFO - Started process (PID=854) to work on /home/airflow/.local/lib/python3.8/site-packages/airflow/example_dags/example_dag_decorator.py
[2024-03-09T09:38:30.357+0000] {processor.py:830} INFO - Processing file /home/airflow/.local/lib/python3.8/site-packages/airflow/example_dags/example_dag_decorator.py for tasks to queue
[2024-03-09T09:38:30.360+0000] {logging_mixin.py:188} INFO - [2024-03-09T09:38:30.359+0000] {dagbag.py:540} INFO - Filling up the DagBag from /home/airflow/.local/lib/python3.8/site-packages/airflow/example_dags/example_dag_decorator.py
[2024-03-09T09:38:31.009+0000] {processor.py:840} INFO - DAG(s) 'example_dag_decorator' retrieved from /home/airflow/.local/lib/python3.8/site-packages/airflow/example_dags/example_dag_decorator.py
[2024-03-09T09:38:31.752+0000] {logging_mixin.py:188} INFO - [2024-03-09T09:38:31.751+0000] {dag.py:3047} INFO - Sync 1 DAGs
[2024-03-09T09:38:31.774+0000] {logging_mixin.py:188} INFO - [2024-03-09T09:38:31.774+0000] {dag.py:3834} INFO - Setting next_dagrun for example_dag_decorator to None, run_after=None
[2024-03-09T09:38:31.811+0000] {processor.py:183} INFO - Processing /home/airflow/.local/lib/python3.8/site-packages/airflow/example_dags/example_dag_decorator.py took 1.464 seconds
[2024-03-09T09:39:02.664+0000] {processor.py:161} INFO - Started process (PID=908) to work on /home/airflow/.local/lib/python3.8/site-packages/airflow/example_dags/example_dag_decorator.py
[2024-03-09T09:39:02.666+0000] {processor.py:830} INFO - Processing file /home/airflow/.local/lib/python3.8/site-packages/airflow/example_dags/example_dag_decorator.py for tasks to queue
[2024-03-09T09:39:02.670+0000] {logging_mixin.py:188} INFO - [2024-03-09T09:39:02.669+0000] {dagbag.py:540} INFO - Filling up the DagBag from /home/airflow/.local/lib/python3.8/site-packages/airflow/example_dags/example_dag_decorator.py
[2024-03-09T09:39:02.858+0000] {processor.py:840} INFO - DAG(s) 'example_dag_decorator' retrieved from /home/airflow/.local/lib/python3.8/site-packages/airflow/example_dags/example_dag_decorator.py
[2024-03-09T09:39:03.031+0000] {logging_mixin.py:188} INFO - [2024-03-09T09:39:03.030+0000] {dag.py:3047} INFO - Sync 1 DAGs
[2024-03-09T09:39:03.049+0000] {logging_mixin.py:188} INFO - [2024-03-09T09:39:03.049+0000] {dag.py:3834} INFO - Setting next_dagrun for example_dag_decorator to None, run_after=None
[2024-03-09T09:39:03.088+0000] {processor.py:183} INFO - Processing /home/airflow/.local/lib/python3.8/site-packages/airflow/example_dags/example_dag_decorator.py took 0.432 seconds
