[2024-03-09T09:30:54.682+0000] {processor.py:161} INFO - Started process (PID=36) to work on /home/airflow/.local/lib/python3.8/site-packages/airflow/example_dags/example_latest_only.py
[2024-03-09T09:30:54.693+0000] {processor.py:830} INFO - Processing file /home/airflow/.local/lib/python3.8/site-packages/airflow/example_dags/example_latest_only.py for tasks to queue
[2024-03-09T09:30:54.708+0000] {logging_mixin.py:188} INFO - [2024-03-09T09:30:54.707+0000] {dagbag.py:540} INFO - Filling up the DagBag from /home/airflow/.local/lib/python3.8/site-packages/airflow/example_dags/example_latest_only.py
[2024-03-09T09:30:54.789+0000] {processor.py:840} INFO - DAG(s) 'latest_only' retrieved from /home/airflow/.local/lib/python3.8/site-packages/airflow/example_dags/example_latest_only.py
[2024-03-09T09:30:55.554+0000] {logging_mixin.py:188} INFO - [2024-03-09T09:30:55.548+0000] {dag.py:3047} INFO - Sync 1 DAGs
[2024-03-09T09:30:55.732+0000] {logging_mixin.py:188} INFO - [2024-03-09T09:30:55.727+0000] {dag.py:3834} INFO - Setting next_dagrun for latest_only to 2024-03-09 04:00:00+00:00, run_after=2024-03-09 08:00:00+00:00
[2024-03-09T09:30:55.849+0000] {processor.py:183} INFO - Processing /home/airflow/.local/lib/python3.8/site-packages/airflow/example_dags/example_latest_only.py took 1.195 seconds
[2024-03-09T09:31:26.029+0000] {processor.py:161} INFO - Started process (PID=91) to work on /home/airflow/.local/lib/python3.8/site-packages/airflow/example_dags/example_latest_only.py
[2024-03-09T09:31:26.039+0000] {processor.py:830} INFO - Processing file /home/airflow/.local/lib/python3.8/site-packages/airflow/example_dags/example_latest_only.py for tasks to queue
[2024-03-09T09:31:26.046+0000] {logging_mixin.py:188} INFO - [2024-03-09T09:31:26.046+0000] {dagbag.py:540} INFO - Filling up the DagBag from /home/airflow/.local/lib/python3.8/site-packages/airflow/example_dags/example_latest_only.py
[2024-03-09T09:31:26.061+0000] {processor.py:840} INFO - DAG(s) 'latest_only' retrieved from /home/airflow/.local/lib/python3.8/site-packages/airflow/example_dags/example_latest_only.py
[2024-03-09T09:31:26.120+0000] {logging_mixin.py:188} INFO - [2024-03-09T09:31:26.120+0000] {dag.py:3047} INFO - Sync 1 DAGs
[2024-03-09T09:31:26.197+0000] {logging_mixin.py:188} INFO - [2024-03-09T09:31:26.197+0000] {dag.py:3834} INFO - Setting next_dagrun for latest_only to 2024-03-09 04:00:00+00:00, run_after=2024-03-09 08:00:00+00:00
[2024-03-09T09:31:26.295+0000] {processor.py:183} INFO - Processing /home/airflow/.local/lib/python3.8/site-packages/airflow/example_dags/example_latest_only.py took 0.272 seconds
[2024-03-09T09:31:57.099+0000] {processor.py:161} INFO - Started process (PID=145) to work on /home/airflow/.local/lib/python3.8/site-packages/airflow/example_dags/example_latest_only.py
[2024-03-09T09:31:57.105+0000] {processor.py:830} INFO - Processing file /home/airflow/.local/lib/python3.8/site-packages/airflow/example_dags/example_latest_only.py for tasks to queue
[2024-03-09T09:31:57.113+0000] {logging_mixin.py:188} INFO - [2024-03-09T09:31:57.113+0000] {dagbag.py:540} INFO - Filling up the DagBag from /home/airflow/.local/lib/python3.8/site-packages/airflow/example_dags/example_latest_only.py
[2024-03-09T09:31:57.129+0000] {processor.py:840} INFO - DAG(s) 'latest_only' retrieved from /home/airflow/.local/lib/python3.8/site-packages/airflow/example_dags/example_latest_only.py
[2024-03-09T09:31:57.195+0000] {logging_mixin.py:188} INFO - [2024-03-09T09:31:57.195+0000] {dag.py:3047} INFO - Sync 1 DAGs
[2024-03-09T09:31:57.252+0000] {logging_mixin.py:188} INFO - [2024-03-09T09:31:57.251+0000] {dag.py:3834} INFO - Setting next_dagrun for latest_only to 2024-03-09 04:00:00+00:00, run_after=2024-03-09 08:00:00+00:00
[2024-03-09T09:31:57.282+0000] {processor.py:183} INFO - Processing /home/airflow/.local/lib/python3.8/site-packages/airflow/example_dags/example_latest_only.py took 0.191 seconds
[2024-03-09T09:32:27.336+0000] {processor.py:161} INFO - Started process (PID=199) to work on /home/airflow/.local/lib/python3.8/site-packages/airflow/example_dags/example_latest_only.py
[2024-03-09T09:32:27.338+0000] {processor.py:830} INFO - Processing file /home/airflow/.local/lib/python3.8/site-packages/airflow/example_dags/example_latest_only.py for tasks to queue
[2024-03-09T09:32:27.342+0000] {logging_mixin.py:188} INFO - [2024-03-09T09:32:27.341+0000] {dagbag.py:540} INFO - Filling up the DagBag from /home/airflow/.local/lib/python3.8/site-packages/airflow/example_dags/example_latest_only.py
[2024-03-09T09:32:27.350+0000] {processor.py:840} INFO - DAG(s) 'latest_only' retrieved from /home/airflow/.local/lib/python3.8/site-packages/airflow/example_dags/example_latest_only.py
[2024-03-09T09:32:27.386+0000] {logging_mixin.py:188} INFO - [2024-03-09T09:32:27.386+0000] {dag.py:3047} INFO - Sync 1 DAGs
[2024-03-09T09:32:27.418+0000] {logging_mixin.py:188} INFO - [2024-03-09T09:32:27.417+0000] {dag.py:3834} INFO - Setting next_dagrun for latest_only to 2024-03-09 04:00:00+00:00, run_after=2024-03-09 08:00:00+00:00
[2024-03-09T09:32:27.669+0000] {processor.py:183} INFO - Processing /home/airflow/.local/lib/python3.8/site-packages/airflow/example_dags/example_latest_only.py took 0.338 seconds
[2024-03-09T09:32:58.707+0000] {processor.py:161} INFO - Started process (PID=254) to work on /home/airflow/.local/lib/python3.8/site-packages/airflow/example_dags/example_latest_only.py
[2024-03-09T09:32:58.709+0000] {processor.py:830} INFO - Processing file /home/airflow/.local/lib/python3.8/site-packages/airflow/example_dags/example_latest_only.py for tasks to queue
[2024-03-09T09:32:58.713+0000] {logging_mixin.py:188} INFO - [2024-03-09T09:32:58.713+0000] {dagbag.py:540} INFO - Filling up the DagBag from /home/airflow/.local/lib/python3.8/site-packages/airflow/example_dags/example_latest_only.py
[2024-03-09T09:32:58.723+0000] {processor.py:840} INFO - DAG(s) 'latest_only' retrieved from /home/airflow/.local/lib/python3.8/site-packages/airflow/example_dags/example_latest_only.py
[2024-03-09T09:32:58.774+0000] {logging_mixin.py:188} INFO - [2024-03-09T09:32:58.773+0000] {dag.py:3047} INFO - Sync 1 DAGs
[2024-03-09T09:32:58.835+0000] {logging_mixin.py:188} INFO - [2024-03-09T09:32:58.834+0000] {dag.py:3834} INFO - Setting next_dagrun for latest_only to 2024-03-09 04:00:00+00:00, run_after=2024-03-09 08:00:00+00:00
[2024-03-09T09:32:58.870+0000] {processor.py:183} INFO - Processing /home/airflow/.local/lib/python3.8/site-packages/airflow/example_dags/example_latest_only.py took 0.170 seconds
[2024-03-09T09:33:29.100+0000] {processor.py:161} INFO - Started process (PID=309) to work on /home/airflow/.local/lib/python3.8/site-packages/airflow/example_dags/example_latest_only.py
[2024-03-09T09:33:29.104+0000] {processor.py:830} INFO - Processing file /home/airflow/.local/lib/python3.8/site-packages/airflow/example_dags/example_latest_only.py for tasks to queue
[2024-03-09T09:33:29.110+0000] {logging_mixin.py:188} INFO - [2024-03-09T09:33:29.109+0000] {dagbag.py:540} INFO - Filling up the DagBag from /home/airflow/.local/lib/python3.8/site-packages/airflow/example_dags/example_latest_only.py
[2024-03-09T09:33:29.121+0000] {processor.py:840} INFO - DAG(s) 'latest_only' retrieved from /home/airflow/.local/lib/python3.8/site-packages/airflow/example_dags/example_latest_only.py
[2024-03-09T09:33:29.156+0000] {logging_mixin.py:188} INFO - [2024-03-09T09:33:29.155+0000] {dag.py:3047} INFO - Sync 1 DAGs
[2024-03-09T09:33:29.191+0000] {logging_mixin.py:188} INFO - [2024-03-09T09:33:29.191+0000] {dag.py:3834} INFO - Setting next_dagrun for latest_only to 2024-03-09 04:00:00+00:00, run_after=2024-03-09 08:00:00+00:00
[2024-03-09T09:33:29.226+0000] {processor.py:183} INFO - Processing /home/airflow/.local/lib/python3.8/site-packages/airflow/example_dags/example_latest_only.py took 0.129 seconds
[2024-03-09T09:33:59.685+0000] {processor.py:161} INFO - Started process (PID=364) to work on /home/airflow/.local/lib/python3.8/site-packages/airflow/example_dags/example_latest_only.py
[2024-03-09T09:33:59.687+0000] {processor.py:830} INFO - Processing file /home/airflow/.local/lib/python3.8/site-packages/airflow/example_dags/example_latest_only.py for tasks to queue
[2024-03-09T09:33:59.693+0000] {logging_mixin.py:188} INFO - [2024-03-09T09:33:59.692+0000] {dagbag.py:540} INFO - Filling up the DagBag from /home/airflow/.local/lib/python3.8/site-packages/airflow/example_dags/example_latest_only.py
[2024-03-09T09:33:59.706+0000] {processor.py:840} INFO - DAG(s) 'latest_only' retrieved from /home/airflow/.local/lib/python3.8/site-packages/airflow/example_dags/example_latest_only.py
[2024-03-09T09:33:59.771+0000] {logging_mixin.py:188} INFO - [2024-03-09T09:33:59.771+0000] {dag.py:3047} INFO - Sync 1 DAGs
[2024-03-09T09:33:59.835+0000] {logging_mixin.py:188} INFO - [2024-03-09T09:33:59.834+0000] {dag.py:3834} INFO - Setting next_dagrun for latest_only to 2024-03-09 04:00:00+00:00, run_after=2024-03-09 08:00:00+00:00
[2024-03-09T09:33:59.887+0000] {processor.py:183} INFO - Processing /home/airflow/.local/lib/python3.8/site-packages/airflow/example_dags/example_latest_only.py took 0.210 seconds
[2024-03-09T09:34:29.955+0000] {processor.py:161} INFO - Started process (PID=419) to work on /home/airflow/.local/lib/python3.8/site-packages/airflow/example_dags/example_latest_only.py
[2024-03-09T09:34:29.957+0000] {processor.py:830} INFO - Processing file /home/airflow/.local/lib/python3.8/site-packages/airflow/example_dags/example_latest_only.py for tasks to queue
[2024-03-09T09:34:29.961+0000] {logging_mixin.py:188} INFO - [2024-03-09T09:34:29.960+0000] {dagbag.py:540} INFO - Filling up the DagBag from /home/airflow/.local/lib/python3.8/site-packages/airflow/example_dags/example_latest_only.py
[2024-03-09T09:34:29.978+0000] {processor.py:840} INFO - DAG(s) 'latest_only' retrieved from /home/airflow/.local/lib/python3.8/site-packages/airflow/example_dags/example_latest_only.py
[2024-03-09T09:34:30.031+0000] {logging_mixin.py:188} INFO - [2024-03-09T09:34:30.030+0000] {dag.py:3047} INFO - Sync 1 DAGs
[2024-03-09T09:34:30.074+0000] {logging_mixin.py:188} INFO - [2024-03-09T09:34:30.074+0000] {dag.py:3834} INFO - Setting next_dagrun for latest_only to 2024-03-09 04:00:00+00:00, run_after=2024-03-09 08:00:00+00:00
[2024-03-09T09:34:30.099+0000] {processor.py:183} INFO - Processing /home/airflow/.local/lib/python3.8/site-packages/airflow/example_dags/example_latest_only.py took 0.151 seconds
[2024-03-09T09:35:00.321+0000] {processor.py:161} INFO - Started process (PID=474) to work on /home/airflow/.local/lib/python3.8/site-packages/airflow/example_dags/example_latest_only.py
[2024-03-09T09:35:00.328+0000] {processor.py:830} INFO - Processing file /home/airflow/.local/lib/python3.8/site-packages/airflow/example_dags/example_latest_only.py for tasks to queue
[2024-03-09T09:35:00.335+0000] {logging_mixin.py:188} INFO - [2024-03-09T09:35:00.334+0000] {dagbag.py:540} INFO - Filling up the DagBag from /home/airflow/.local/lib/python3.8/site-packages/airflow/example_dags/example_latest_only.py
[2024-03-09T09:35:00.357+0000] {processor.py:840} INFO - DAG(s) 'latest_only' retrieved from /home/airflow/.local/lib/python3.8/site-packages/airflow/example_dags/example_latest_only.py
[2024-03-09T09:35:00.437+0000] {logging_mixin.py:188} INFO - [2024-03-09T09:35:00.437+0000] {dag.py:3047} INFO - Sync 1 DAGs
[2024-03-09T09:35:00.692+0000] {logging_mixin.py:188} INFO - [2024-03-09T09:35:00.692+0000] {dag.py:3834} INFO - Setting next_dagrun for latest_only to 2024-03-09 04:00:00+00:00, run_after=2024-03-09 08:00:00+00:00
[2024-03-09T09:35:00.812+0000] {processor.py:183} INFO - Processing /home/airflow/.local/lib/python3.8/site-packages/airflow/example_dags/example_latest_only.py took 0.499 seconds
[2024-03-09T09:35:31.929+0000] {processor.py:161} INFO - Started process (PID=528) to work on /home/airflow/.local/lib/python3.8/site-packages/airflow/example_dags/example_latest_only.py
[2024-03-09T09:35:31.934+0000] {processor.py:830} INFO - Processing file /home/airflow/.local/lib/python3.8/site-packages/airflow/example_dags/example_latest_only.py for tasks to queue
[2024-03-09T09:35:31.960+0000] {logging_mixin.py:188} INFO - [2024-03-09T09:35:31.958+0000] {dagbag.py:540} INFO - Filling up the DagBag from /home/airflow/.local/lib/python3.8/site-packages/airflow/example_dags/example_latest_only.py
[2024-03-09T09:35:32.081+0000] {processor.py:840} INFO - DAG(s) 'latest_only' retrieved from /home/airflow/.local/lib/python3.8/site-packages/airflow/example_dags/example_latest_only.py
[2024-03-09T09:35:32.130+0000] {logging_mixin.py:188} INFO - [2024-03-09T09:35:32.129+0000] {dag.py:3047} INFO - Sync 1 DAGs
[2024-03-09T09:35:32.276+0000] {logging_mixin.py:188} INFO - [2024-03-09T09:35:32.275+0000] {dag.py:3834} INFO - Setting next_dagrun for latest_only to 2024-03-09 04:00:00+00:00, run_after=2024-03-09 08:00:00+00:00
[2024-03-09T09:35:32.480+0000] {processor.py:183} INFO - Processing /home/airflow/.local/lib/python3.8/site-packages/airflow/example_dags/example_latest_only.py took 0.645 seconds
[2024-03-09T09:36:02.949+0000] {processor.py:161} INFO - Started process (PID=582) to work on /home/airflow/.local/lib/python3.8/site-packages/airflow/example_dags/example_latest_only.py
[2024-03-09T09:36:02.952+0000] {processor.py:830} INFO - Processing file /home/airflow/.local/lib/python3.8/site-packages/airflow/example_dags/example_latest_only.py for tasks to queue
[2024-03-09T09:36:02.959+0000] {logging_mixin.py:188} INFO - [2024-03-09T09:36:02.958+0000] {dagbag.py:540} INFO - Filling up the DagBag from /home/airflow/.local/lib/python3.8/site-packages/airflow/example_dags/example_latest_only.py
[2024-03-09T09:36:02.970+0000] {processor.py:840} INFO - DAG(s) 'latest_only' retrieved from /home/airflow/.local/lib/python3.8/site-packages/airflow/example_dags/example_latest_only.py
[2024-03-09T09:36:03.033+0000] {logging_mixin.py:188} INFO - [2024-03-09T09:36:03.033+0000] {dag.py:3047} INFO - Sync 1 DAGs
[2024-03-09T09:36:03.086+0000] {logging_mixin.py:188} INFO - [2024-03-09T09:36:03.086+0000] {dag.py:3834} INFO - Setting next_dagrun for latest_only to 2024-03-09 04:00:00+00:00, run_after=2024-03-09 08:00:00+00:00
[2024-03-09T09:36:03.125+0000] {processor.py:183} INFO - Processing /home/airflow/.local/lib/python3.8/site-packages/airflow/example_dags/example_latest_only.py took 0.181 seconds
[2024-03-09T09:36:33.850+0000] {processor.py:161} INFO - Started process (PID=637) to work on /home/airflow/.local/lib/python3.8/site-packages/airflow/example_dags/example_latest_only.py
[2024-03-09T09:36:33.853+0000] {processor.py:830} INFO - Processing file /home/airflow/.local/lib/python3.8/site-packages/airflow/example_dags/example_latest_only.py for tasks to queue
[2024-03-09T09:36:33.858+0000] {logging_mixin.py:188} INFO - [2024-03-09T09:36:33.857+0000] {dagbag.py:540} INFO - Filling up the DagBag from /home/airflow/.local/lib/python3.8/site-packages/airflow/example_dags/example_latest_only.py
[2024-03-09T09:36:33.867+0000] {processor.py:840} INFO - DAG(s) 'latest_only' retrieved from /home/airflow/.local/lib/python3.8/site-packages/airflow/example_dags/example_latest_only.py
[2024-03-09T09:36:33.906+0000] {logging_mixin.py:188} INFO - [2024-03-09T09:36:33.905+0000] {dag.py:3047} INFO - Sync 1 DAGs
[2024-03-09T09:36:33.939+0000] {logging_mixin.py:188} INFO - [2024-03-09T09:36:33.939+0000] {dag.py:3834} INFO - Setting next_dagrun for latest_only to 2024-03-09 04:00:00+00:00, run_after=2024-03-09 08:00:00+00:00
[2024-03-09T09:36:33.971+0000] {processor.py:183} INFO - Processing /home/airflow/.local/lib/python3.8/site-packages/airflow/example_dags/example_latest_only.py took 0.128 seconds
[2024-03-09T09:37:04.571+0000] {processor.py:161} INFO - Started process (PID=692) to work on /home/airflow/.local/lib/python3.8/site-packages/airflow/example_dags/example_latest_only.py
[2024-03-09T09:37:04.572+0000] {processor.py:830} INFO - Processing file /home/airflow/.local/lib/python3.8/site-packages/airflow/example_dags/example_latest_only.py for tasks to queue
[2024-03-09T09:37:04.575+0000] {logging_mixin.py:188} INFO - [2024-03-09T09:37:04.575+0000] {dagbag.py:540} INFO - Filling up the DagBag from /home/airflow/.local/lib/python3.8/site-packages/airflow/example_dags/example_latest_only.py
[2024-03-09T09:37:04.582+0000] {processor.py:840} INFO - DAG(s) 'latest_only' retrieved from /home/airflow/.local/lib/python3.8/site-packages/airflow/example_dags/example_latest_only.py
[2024-03-09T09:37:04.617+0000] {logging_mixin.py:188} INFO - [2024-03-09T09:37:04.616+0000] {dag.py:3047} INFO - Sync 1 DAGs
[2024-03-09T09:37:04.654+0000] {logging_mixin.py:188} INFO - [2024-03-09T09:37:04.654+0000] {dag.py:3834} INFO - Setting next_dagrun for latest_only to 2024-03-09 04:00:00+00:00, run_after=2024-03-09 08:00:00+00:00
[2024-03-09T09:37:04.684+0000] {processor.py:183} INFO - Processing /home/airflow/.local/lib/python3.8/site-packages/airflow/example_dags/example_latest_only.py took 0.119 seconds
[2024-03-09T09:37:34.717+0000] {processor.py:161} INFO - Started process (PID=747) to work on /home/airflow/.local/lib/python3.8/site-packages/airflow/example_dags/example_latest_only.py
[2024-03-09T09:37:34.719+0000] {processor.py:830} INFO - Processing file /home/airflow/.local/lib/python3.8/site-packages/airflow/example_dags/example_latest_only.py for tasks to queue
[2024-03-09T09:37:34.722+0000] {logging_mixin.py:188} INFO - [2024-03-09T09:37:34.721+0000] {dagbag.py:540} INFO - Filling up the DagBag from /home/airflow/.local/lib/python3.8/site-packages/airflow/example_dags/example_latest_only.py
[2024-03-09T09:37:34.734+0000] {processor.py:840} INFO - DAG(s) 'latest_only' retrieved from /home/airflow/.local/lib/python3.8/site-packages/airflow/example_dags/example_latest_only.py
[2024-03-09T09:37:34.783+0000] {logging_mixin.py:188} INFO - [2024-03-09T09:37:34.783+0000] {dag.py:3047} INFO - Sync 1 DAGs
[2024-03-09T09:37:34.813+0000] {logging_mixin.py:188} INFO - [2024-03-09T09:37:34.813+0000] {dag.py:3834} INFO - Setting next_dagrun for latest_only to 2024-03-09 04:00:00+00:00, run_after=2024-03-09 08:00:00+00:00
[2024-03-09T09:37:34.842+0000] {processor.py:183} INFO - Processing /home/airflow/.local/lib/python3.8/site-packages/airflow/example_dags/example_latest_only.py took 0.129 seconds
[2024-03-09T09:38:05.746+0000] {processor.py:161} INFO - Started process (PID=802) to work on /home/airflow/.local/lib/python3.8/site-packages/airflow/example_dags/example_latest_only.py
[2024-03-09T09:38:05.750+0000] {processor.py:830} INFO - Processing file /home/airflow/.local/lib/python3.8/site-packages/airflow/example_dags/example_latest_only.py for tasks to queue
[2024-03-09T09:38:05.756+0000] {logging_mixin.py:188} INFO - [2024-03-09T09:38:05.755+0000] {dagbag.py:540} INFO - Filling up the DagBag from /home/airflow/.local/lib/python3.8/site-packages/airflow/example_dags/example_latest_only.py
[2024-03-09T09:38:05.765+0000] {processor.py:840} INFO - DAG(s) 'latest_only' retrieved from /home/airflow/.local/lib/python3.8/site-packages/airflow/example_dags/example_latest_only.py
[2024-03-09T09:38:05.801+0000] {logging_mixin.py:188} INFO - [2024-03-09T09:38:05.800+0000] {dag.py:3047} INFO - Sync 1 DAGs
[2024-03-09T09:38:05.841+0000] {logging_mixin.py:188} INFO - [2024-03-09T09:38:05.840+0000] {dag.py:3834} INFO - Setting next_dagrun for latest_only to 2024-03-09 04:00:00+00:00, run_after=2024-03-09 08:00:00+00:00
[2024-03-09T09:38:05.888+0000] {processor.py:183} INFO - Processing /home/airflow/.local/lib/python3.8/site-packages/airflow/example_dags/example_latest_only.py took 0.146 seconds
[2024-03-09T09:38:36.184+0000] {processor.py:161} INFO - Started process (PID=858) to work on /home/airflow/.local/lib/python3.8/site-packages/airflow/example_dags/example_latest_only.py
[2024-03-09T09:38:36.187+0000] {processor.py:830} INFO - Processing file /home/airflow/.local/lib/python3.8/site-packages/airflow/example_dags/example_latest_only.py for tasks to queue
[2024-03-09T09:38:36.194+0000] {logging_mixin.py:188} INFO - [2024-03-09T09:38:36.193+0000] {dagbag.py:540} INFO - Filling up the DagBag from /home/airflow/.local/lib/python3.8/site-packages/airflow/example_dags/example_latest_only.py
[2024-03-09T09:38:36.202+0000] {processor.py:840} INFO - DAG(s) 'latest_only' retrieved from /home/airflow/.local/lib/python3.8/site-packages/airflow/example_dags/example_latest_only.py
[2024-03-09T09:38:36.243+0000] {logging_mixin.py:188} INFO - [2024-03-09T09:38:36.243+0000] {dag.py:3047} INFO - Sync 1 DAGs
[2024-03-09T09:38:36.301+0000] {logging_mixin.py:188} INFO - [2024-03-09T09:38:36.300+0000] {dag.py:3834} INFO - Setting next_dagrun for latest_only to 2024-03-09 04:00:00+00:00, run_after=2024-03-09 08:00:00+00:00
[2024-03-09T09:38:36.338+0000] {processor.py:183} INFO - Processing /home/airflow/.local/lib/python3.8/site-packages/airflow/example_dags/example_latest_only.py took 0.169 seconds
[2024-03-09T09:39:06.444+0000] {processor.py:161} INFO - Started process (PID=911) to work on /home/airflow/.local/lib/python3.8/site-packages/airflow/example_dags/example_latest_only.py
[2024-03-09T09:39:06.446+0000] {processor.py:830} INFO - Processing file /home/airflow/.local/lib/python3.8/site-packages/airflow/example_dags/example_latest_only.py for tasks to queue
[2024-03-09T09:39:06.449+0000] {logging_mixin.py:188} INFO - [2024-03-09T09:39:06.449+0000] {dagbag.py:540} INFO - Filling up the DagBag from /home/airflow/.local/lib/python3.8/site-packages/airflow/example_dags/example_latest_only.py
[2024-03-09T09:39:06.456+0000] {processor.py:840} INFO - DAG(s) 'latest_only' retrieved from /home/airflow/.local/lib/python3.8/site-packages/airflow/example_dags/example_latest_only.py
[2024-03-09T09:39:06.499+0000] {logging_mixin.py:188} INFO - [2024-03-09T09:39:06.498+0000] {dag.py:3047} INFO - Sync 1 DAGs
[2024-03-09T09:39:06.541+0000] {logging_mixin.py:188} INFO - [2024-03-09T09:39:06.540+0000] {dag.py:3834} INFO - Setting next_dagrun for latest_only to 2024-03-09 04:00:00+00:00, run_after=2024-03-09 08:00:00+00:00
[2024-03-09T09:39:06.590+0000] {processor.py:183} INFO - Processing /home/airflow/.local/lib/python3.8/site-packages/airflow/example_dags/example_latest_only.py took 0.153 seconds
