[2024-03-09T09:31:04.576+0000] {processor.py:161} INFO - Started process (PID=47) to work on /home/airflow/.local/lib/python3.8/site-packages/airflow/example_dags/example_local_kubernetes_executor.py
[2024-03-09T09:31:04.578+0000] {processor.py:830} INFO - Processing file /home/airflow/.local/lib/python3.8/site-packages/airflow/example_dags/example_local_kubernetes_executor.py for tasks to queue
[2024-03-09T09:31:04.584+0000] {logging_mixin.py:188} INFO - [2024-03-09T09:31:04.583+0000] {dagbag.py:540} INFO - Filling up the DagBag from /home/airflow/.local/lib/python3.8/site-packages/airflow/example_dags/example_local_kubernetes_executor.py
[2024-03-09T09:31:04.689+0000] {processor.py:840} INFO - DAG(s) 'example_local_kubernetes_executor' retrieved from /home/airflow/.local/lib/python3.8/site-packages/airflow/example_dags/example_local_kubernetes_executor.py
[2024-03-09T09:31:05.745+0000] {logging_mixin.py:188} INFO - [2024-03-09T09:31:05.744+0000] {dag.py:3047} INFO - Sync 1 DAGs
[2024-03-09T09:31:05.782+0000] {logging_mixin.py:188} INFO - [2024-03-09T09:31:05.782+0000] {dag.py:3834} INFO - Setting next_dagrun for example_local_kubernetes_executor to None, run_after=None
[2024-03-09T09:31:05.991+0000] {processor.py:183} INFO - Processing /home/airflow/.local/lib/python3.8/site-packages/airflow/example_dags/example_local_kubernetes_executor.py took 1.433 seconds
[2024-03-09T09:31:36.111+0000] {processor.py:161} INFO - Started process (PID=102) to work on /home/airflow/.local/lib/python3.8/site-packages/airflow/example_dags/example_local_kubernetes_executor.py
[2024-03-09T09:31:36.115+0000] {processor.py:830} INFO - Processing file /home/airflow/.local/lib/python3.8/site-packages/airflow/example_dags/example_local_kubernetes_executor.py for tasks to queue
[2024-03-09T09:31:36.119+0000] {logging_mixin.py:188} INFO - [2024-03-09T09:31:36.118+0000] {dagbag.py:540} INFO - Filling up the DagBag from /home/airflow/.local/lib/python3.8/site-packages/airflow/example_dags/example_local_kubernetes_executor.py
[2024-03-09T09:31:36.148+0000] {processor.py:840} INFO - DAG(s) 'example_local_kubernetes_executor' retrieved from /home/airflow/.local/lib/python3.8/site-packages/airflow/example_dags/example_local_kubernetes_executor.py
[2024-03-09T09:31:36.227+0000] {logging_mixin.py:188} INFO - [2024-03-09T09:31:36.227+0000] {dag.py:3047} INFO - Sync 1 DAGs
[2024-03-09T09:31:36.249+0000] {logging_mixin.py:188} INFO - [2024-03-09T09:31:36.248+0000] {dag.py:3834} INFO - Setting next_dagrun for example_local_kubernetes_executor to None, run_after=None
[2024-03-09T09:31:36.279+0000] {processor.py:183} INFO - Processing /home/airflow/.local/lib/python3.8/site-packages/airflow/example_dags/example_local_kubernetes_executor.py took 0.176 seconds
[2024-03-09T09:32:06.438+0000] {processor.py:161} INFO - Started process (PID=156) to work on /home/airflow/.local/lib/python3.8/site-packages/airflow/example_dags/example_local_kubernetes_executor.py
[2024-03-09T09:32:06.442+0000] {processor.py:830} INFO - Processing file /home/airflow/.local/lib/python3.8/site-packages/airflow/example_dags/example_local_kubernetes_executor.py for tasks to queue
[2024-03-09T09:32:06.449+0000] {logging_mixin.py:188} INFO - [2024-03-09T09:32:06.448+0000] {dagbag.py:540} INFO - Filling up the DagBag from /home/airflow/.local/lib/python3.8/site-packages/airflow/example_dags/example_local_kubernetes_executor.py
[2024-03-09T09:32:06.477+0000] {processor.py:840} INFO - DAG(s) 'example_local_kubernetes_executor' retrieved from /home/airflow/.local/lib/python3.8/site-packages/airflow/example_dags/example_local_kubernetes_executor.py
[2024-03-09T09:32:06.581+0000] {logging_mixin.py:188} INFO - [2024-03-09T09:32:06.580+0000] {dag.py:3047} INFO - Sync 1 DAGs
[2024-03-09T09:32:06.609+0000] {logging_mixin.py:188} INFO - [2024-03-09T09:32:06.609+0000] {dag.py:3834} INFO - Setting next_dagrun for example_local_kubernetes_executor to None, run_after=None
[2024-03-09T09:32:06.636+0000] {processor.py:183} INFO - Processing /home/airflow/.local/lib/python3.8/site-packages/airflow/example_dags/example_local_kubernetes_executor.py took 0.211 seconds
[2024-03-09T09:32:36.748+0000] {processor.py:161} INFO - Started process (PID=210) to work on /home/airflow/.local/lib/python3.8/site-packages/airflow/example_dags/example_local_kubernetes_executor.py
[2024-03-09T09:32:36.750+0000] {processor.py:830} INFO - Processing file /home/airflow/.local/lib/python3.8/site-packages/airflow/example_dags/example_local_kubernetes_executor.py for tasks to queue
[2024-03-09T09:32:36.754+0000] {logging_mixin.py:188} INFO - [2024-03-09T09:32:36.753+0000] {dagbag.py:540} INFO - Filling up the DagBag from /home/airflow/.local/lib/python3.8/site-packages/airflow/example_dags/example_local_kubernetes_executor.py
[2024-03-09T09:32:36.784+0000] {processor.py:840} INFO - DAG(s) 'example_local_kubernetes_executor' retrieved from /home/airflow/.local/lib/python3.8/site-packages/airflow/example_dags/example_local_kubernetes_executor.py
[2024-03-09T09:32:36.879+0000] {logging_mixin.py:188} INFO - [2024-03-09T09:32:36.878+0000] {dag.py:3047} INFO - Sync 1 DAGs
[2024-03-09T09:32:36.911+0000] {logging_mixin.py:188} INFO - [2024-03-09T09:32:36.910+0000] {dag.py:3834} INFO - Setting next_dagrun for example_local_kubernetes_executor to None, run_after=None
[2024-03-09T09:32:36.952+0000] {processor.py:183} INFO - Processing /home/airflow/.local/lib/python3.8/site-packages/airflow/example_dags/example_local_kubernetes_executor.py took 0.210 seconds
[2024-03-09T09:33:07.449+0000] {processor.py:161} INFO - Started process (PID=265) to work on /home/airflow/.local/lib/python3.8/site-packages/airflow/example_dags/example_local_kubernetes_executor.py
[2024-03-09T09:33:07.451+0000] {processor.py:830} INFO - Processing file /home/airflow/.local/lib/python3.8/site-packages/airflow/example_dags/example_local_kubernetes_executor.py for tasks to queue
[2024-03-09T09:33:07.453+0000] {logging_mixin.py:188} INFO - [2024-03-09T09:33:07.453+0000] {dagbag.py:540} INFO - Filling up the DagBag from /home/airflow/.local/lib/python3.8/site-packages/airflow/example_dags/example_local_kubernetes_executor.py
[2024-03-09T09:33:07.469+0000] {processor.py:840} INFO - DAG(s) 'example_local_kubernetes_executor' retrieved from /home/airflow/.local/lib/python3.8/site-packages/airflow/example_dags/example_local_kubernetes_executor.py
[2024-03-09T09:33:07.531+0000] {logging_mixin.py:188} INFO - [2024-03-09T09:33:07.530+0000] {dag.py:3047} INFO - Sync 1 DAGs
[2024-03-09T09:33:07.557+0000] {logging_mixin.py:188} INFO - [2024-03-09T09:33:07.556+0000] {dag.py:3834} INFO - Setting next_dagrun for example_local_kubernetes_executor to None, run_after=None
[2024-03-09T09:33:07.592+0000] {processor.py:183} INFO - Processing /home/airflow/.local/lib/python3.8/site-packages/airflow/example_dags/example_local_kubernetes_executor.py took 0.148 seconds
[2024-03-09T09:33:38.202+0000] {processor.py:161} INFO - Started process (PID=320) to work on /home/airflow/.local/lib/python3.8/site-packages/airflow/example_dags/example_local_kubernetes_executor.py
[2024-03-09T09:33:38.204+0000] {processor.py:830} INFO - Processing file /home/airflow/.local/lib/python3.8/site-packages/airflow/example_dags/example_local_kubernetes_executor.py for tasks to queue
[2024-03-09T09:33:38.206+0000] {logging_mixin.py:188} INFO - [2024-03-09T09:33:38.206+0000] {dagbag.py:540} INFO - Filling up the DagBag from /home/airflow/.local/lib/python3.8/site-packages/airflow/example_dags/example_local_kubernetes_executor.py
[2024-03-09T09:33:38.217+0000] {processor.py:840} INFO - DAG(s) 'example_local_kubernetes_executor' retrieved from /home/airflow/.local/lib/python3.8/site-packages/airflow/example_dags/example_local_kubernetes_executor.py
[2024-03-09T09:33:38.258+0000] {logging_mixin.py:188} INFO - [2024-03-09T09:33:38.258+0000] {dag.py:3047} INFO - Sync 1 DAGs
[2024-03-09T09:33:38.272+0000] {logging_mixin.py:188} INFO - [2024-03-09T09:33:38.272+0000] {dag.py:3834} INFO - Setting next_dagrun for example_local_kubernetes_executor to None, run_after=None
[2024-03-09T09:33:38.298+0000] {processor.py:183} INFO - Processing /home/airflow/.local/lib/python3.8/site-packages/airflow/example_dags/example_local_kubernetes_executor.py took 0.100 seconds
[2024-03-09T09:34:09.747+0000] {processor.py:161} INFO - Started process (PID=375) to work on /home/airflow/.local/lib/python3.8/site-packages/airflow/example_dags/example_local_kubernetes_executor.py
[2024-03-09T09:34:09.749+0000] {processor.py:830} INFO - Processing file /home/airflow/.local/lib/python3.8/site-packages/airflow/example_dags/example_local_kubernetes_executor.py for tasks to queue
[2024-03-09T09:34:09.752+0000] {logging_mixin.py:188} INFO - [2024-03-09T09:34:09.751+0000] {dagbag.py:540} INFO - Filling up the DagBag from /home/airflow/.local/lib/python3.8/site-packages/airflow/example_dags/example_local_kubernetes_executor.py
[2024-03-09T09:34:09.763+0000] {processor.py:840} INFO - DAG(s) 'example_local_kubernetes_executor' retrieved from /home/airflow/.local/lib/python3.8/site-packages/airflow/example_dags/example_local_kubernetes_executor.py
[2024-03-09T09:34:09.822+0000] {logging_mixin.py:188} INFO - [2024-03-09T09:34:09.821+0000] {dag.py:3047} INFO - Sync 1 DAGs
[2024-03-09T09:34:09.842+0000] {logging_mixin.py:188} INFO - [2024-03-09T09:34:09.842+0000] {dag.py:3834} INFO - Setting next_dagrun for example_local_kubernetes_executor to None, run_after=None
[2024-03-09T09:34:09.873+0000] {processor.py:183} INFO - Processing /home/airflow/.local/lib/python3.8/site-packages/airflow/example_dags/example_local_kubernetes_executor.py took 0.133 seconds
[2024-03-09T09:34:40.695+0000] {processor.py:161} INFO - Started process (PID=430) to work on /home/airflow/.local/lib/python3.8/site-packages/airflow/example_dags/example_local_kubernetes_executor.py
[2024-03-09T09:34:40.697+0000] {processor.py:830} INFO - Processing file /home/airflow/.local/lib/python3.8/site-packages/airflow/example_dags/example_local_kubernetes_executor.py for tasks to queue
[2024-03-09T09:34:40.701+0000] {logging_mixin.py:188} INFO - [2024-03-09T09:34:40.700+0000] {dagbag.py:540} INFO - Filling up the DagBag from /home/airflow/.local/lib/python3.8/site-packages/airflow/example_dags/example_local_kubernetes_executor.py
[2024-03-09T09:34:40.718+0000] {processor.py:840} INFO - DAG(s) 'example_local_kubernetes_executor' retrieved from /home/airflow/.local/lib/python3.8/site-packages/airflow/example_dags/example_local_kubernetes_executor.py
[2024-03-09T09:34:40.776+0000] {logging_mixin.py:188} INFO - [2024-03-09T09:34:40.775+0000] {dag.py:3047} INFO - Sync 1 DAGs
[2024-03-09T09:34:40.798+0000] {logging_mixin.py:188} INFO - [2024-03-09T09:34:40.797+0000] {dag.py:3834} INFO - Setting next_dagrun for example_local_kubernetes_executor to None, run_after=None
[2024-03-09T09:34:40.827+0000] {processor.py:183} INFO - Processing /home/airflow/.local/lib/python3.8/site-packages/airflow/example_dags/example_local_kubernetes_executor.py took 0.140 seconds
[2024-03-09T09:35:11.558+0000] {processor.py:161} INFO - Started process (PID=485) to work on /home/airflow/.local/lib/python3.8/site-packages/airflow/example_dags/example_local_kubernetes_executor.py
[2024-03-09T09:35:11.560+0000] {processor.py:830} INFO - Processing file /home/airflow/.local/lib/python3.8/site-packages/airflow/example_dags/example_local_kubernetes_executor.py for tasks to queue
[2024-03-09T09:35:11.570+0000] {logging_mixin.py:188} INFO - [2024-03-09T09:35:11.569+0000] {dagbag.py:540} INFO - Filling up the DagBag from /home/airflow/.local/lib/python3.8/site-packages/airflow/example_dags/example_local_kubernetes_executor.py
[2024-03-09T09:35:11.600+0000] {processor.py:840} INFO - DAG(s) 'example_local_kubernetes_executor' retrieved from /home/airflow/.local/lib/python3.8/site-packages/airflow/example_dags/example_local_kubernetes_executor.py
[2024-03-09T09:35:11.710+0000] {logging_mixin.py:188} INFO - [2024-03-09T09:35:11.710+0000] {dag.py:3047} INFO - Sync 1 DAGs
[2024-03-09T09:35:11.741+0000] {logging_mixin.py:188} INFO - [2024-03-09T09:35:11.741+0000] {dag.py:3834} INFO - Setting next_dagrun for example_local_kubernetes_executor to None, run_after=None
[2024-03-09T09:35:11.791+0000] {processor.py:183} INFO - Processing /home/airflow/.local/lib/python3.8/site-packages/airflow/example_dags/example_local_kubernetes_executor.py took 0.251 seconds
[2024-03-09T09:35:42.565+0000] {processor.py:161} INFO - Started process (PID=539) to work on /home/airflow/.local/lib/python3.8/site-packages/airflow/example_dags/example_local_kubernetes_executor.py
[2024-03-09T09:35:42.566+0000] {processor.py:830} INFO - Processing file /home/airflow/.local/lib/python3.8/site-packages/airflow/example_dags/example_local_kubernetes_executor.py for tasks to queue
[2024-03-09T09:35:42.571+0000] {logging_mixin.py:188} INFO - [2024-03-09T09:35:42.571+0000] {dagbag.py:540} INFO - Filling up the DagBag from /home/airflow/.local/lib/python3.8/site-packages/airflow/example_dags/example_local_kubernetes_executor.py
[2024-03-09T09:35:42.583+0000] {processor.py:840} INFO - DAG(s) 'example_local_kubernetes_executor' retrieved from /home/airflow/.local/lib/python3.8/site-packages/airflow/example_dags/example_local_kubernetes_executor.py
[2024-03-09T09:35:42.642+0000] {logging_mixin.py:188} INFO - [2024-03-09T09:35:42.642+0000] {dag.py:3047} INFO - Sync 1 DAGs
[2024-03-09T09:35:42.666+0000] {logging_mixin.py:188} INFO - [2024-03-09T09:35:42.665+0000] {dag.py:3834} INFO - Setting next_dagrun for example_local_kubernetes_executor to None, run_after=None
[2024-03-09T09:35:42.700+0000] {processor.py:183} INFO - Processing /home/airflow/.local/lib/python3.8/site-packages/airflow/example_dags/example_local_kubernetes_executor.py took 0.140 seconds
[2024-03-09T09:36:13.637+0000] {processor.py:161} INFO - Started process (PID=593) to work on /home/airflow/.local/lib/python3.8/site-packages/airflow/example_dags/example_local_kubernetes_executor.py
[2024-03-09T09:36:13.640+0000] {processor.py:830} INFO - Processing file /home/airflow/.local/lib/python3.8/site-packages/airflow/example_dags/example_local_kubernetes_executor.py for tasks to queue
[2024-03-09T09:36:13.645+0000] {logging_mixin.py:188} INFO - [2024-03-09T09:36:13.644+0000] {dagbag.py:540} INFO - Filling up the DagBag from /home/airflow/.local/lib/python3.8/site-packages/airflow/example_dags/example_local_kubernetes_executor.py
[2024-03-09T09:36:13.696+0000] {processor.py:840} INFO - DAG(s) 'example_local_kubernetes_executor' retrieved from /home/airflow/.local/lib/python3.8/site-packages/airflow/example_dags/example_local_kubernetes_executor.py
[2024-03-09T09:36:13.959+0000] {logging_mixin.py:188} INFO - [2024-03-09T09:36:13.956+0000] {dag.py:3047} INFO - Sync 1 DAGs
[2024-03-09T09:36:14.000+0000] {logging_mixin.py:188} INFO - [2024-03-09T09:36:14.000+0000] {dag.py:3834} INFO - Setting next_dagrun for example_local_kubernetes_executor to None, run_after=None
[2024-03-09T09:36:14.052+0000] {processor.py:183} INFO - Processing /home/airflow/.local/lib/python3.8/site-packages/airflow/example_dags/example_local_kubernetes_executor.py took 0.422 seconds
[2024-03-09T09:36:44.902+0000] {processor.py:161} INFO - Started process (PID=648) to work on /home/airflow/.local/lib/python3.8/site-packages/airflow/example_dags/example_local_kubernetes_executor.py
[2024-03-09T09:36:44.931+0000] {processor.py:830} INFO - Processing file /home/airflow/.local/lib/python3.8/site-packages/airflow/example_dags/example_local_kubernetes_executor.py for tasks to queue
[2024-03-09T09:36:44.934+0000] {logging_mixin.py:188} INFO - [2024-03-09T09:36:44.934+0000] {dagbag.py:540} INFO - Filling up the DagBag from /home/airflow/.local/lib/python3.8/site-packages/airflow/example_dags/example_local_kubernetes_executor.py
[2024-03-09T09:36:44.947+0000] {processor.py:840} INFO - DAG(s) 'example_local_kubernetes_executor' retrieved from /home/airflow/.local/lib/python3.8/site-packages/airflow/example_dags/example_local_kubernetes_executor.py
[2024-03-09T09:36:45.025+0000] {logging_mixin.py:188} INFO - [2024-03-09T09:36:45.025+0000] {dag.py:3047} INFO - Sync 1 DAGs
[2024-03-09T09:36:45.065+0000] {logging_mixin.py:188} INFO - [2024-03-09T09:36:45.064+0000] {dag.py:3834} INFO - Setting next_dagrun for example_local_kubernetes_executor to None, run_after=None
[2024-03-09T09:36:45.103+0000] {processor.py:183} INFO - Processing /home/airflow/.local/lib/python3.8/site-packages/airflow/example_dags/example_local_kubernetes_executor.py took 0.244 seconds
[2024-03-09T09:37:15.230+0000] {processor.py:161} INFO - Started process (PID=703) to work on /home/airflow/.local/lib/python3.8/site-packages/airflow/example_dags/example_local_kubernetes_executor.py
[2024-03-09T09:37:15.232+0000] {processor.py:830} INFO - Processing file /home/airflow/.local/lib/python3.8/site-packages/airflow/example_dags/example_local_kubernetes_executor.py for tasks to queue
[2024-03-09T09:37:15.235+0000] {logging_mixin.py:188} INFO - [2024-03-09T09:37:15.234+0000] {dagbag.py:540} INFO - Filling up the DagBag from /home/airflow/.local/lib/python3.8/site-packages/airflow/example_dags/example_local_kubernetes_executor.py
[2024-03-09T09:37:15.246+0000] {processor.py:840} INFO - DAG(s) 'example_local_kubernetes_executor' retrieved from /home/airflow/.local/lib/python3.8/site-packages/airflow/example_dags/example_local_kubernetes_executor.py
[2024-03-09T09:37:15.299+0000] {logging_mixin.py:188} INFO - [2024-03-09T09:37:15.299+0000] {dag.py:3047} INFO - Sync 1 DAGs
[2024-03-09T09:37:15.318+0000] {logging_mixin.py:188} INFO - [2024-03-09T09:37:15.318+0000] {dag.py:3834} INFO - Setting next_dagrun for example_local_kubernetes_executor to None, run_after=None
[2024-03-09T09:37:15.353+0000] {processor.py:183} INFO - Processing /home/airflow/.local/lib/python3.8/site-packages/airflow/example_dags/example_local_kubernetes_executor.py took 0.127 seconds
[2024-03-09T09:37:45.901+0000] {processor.py:161} INFO - Started process (PID=758) to work on /home/airflow/.local/lib/python3.8/site-packages/airflow/example_dags/example_local_kubernetes_executor.py
[2024-03-09T09:37:45.907+0000] {processor.py:830} INFO - Processing file /home/airflow/.local/lib/python3.8/site-packages/airflow/example_dags/example_local_kubernetes_executor.py for tasks to queue
[2024-03-09T09:37:45.911+0000] {logging_mixin.py:188} INFO - [2024-03-09T09:37:45.910+0000] {dagbag.py:540} INFO - Filling up the DagBag from /home/airflow/.local/lib/python3.8/site-packages/airflow/example_dags/example_local_kubernetes_executor.py
[2024-03-09T09:37:45.937+0000] {processor.py:840} INFO - DAG(s) 'example_local_kubernetes_executor' retrieved from /home/airflow/.local/lib/python3.8/site-packages/airflow/example_dags/example_local_kubernetes_executor.py
[2024-03-09T09:37:46.045+0000] {logging_mixin.py:188} INFO - [2024-03-09T09:37:46.037+0000] {dag.py:3047} INFO - Sync 1 DAGs
[2024-03-09T09:37:46.091+0000] {logging_mixin.py:188} INFO - [2024-03-09T09:37:46.091+0000] {dag.py:3834} INFO - Setting next_dagrun for example_local_kubernetes_executor to None, run_after=None
[2024-03-09T09:37:46.179+0000] {processor.py:183} INFO - Processing /home/airflow/.local/lib/python3.8/site-packages/airflow/example_dags/example_local_kubernetes_executor.py took 0.286 seconds
[2024-03-09T09:38:16.565+0000] {processor.py:161} INFO - Started process (PID=813) to work on /home/airflow/.local/lib/python3.8/site-packages/airflow/example_dags/example_local_kubernetes_executor.py
[2024-03-09T09:38:16.566+0000] {processor.py:830} INFO - Processing file /home/airflow/.local/lib/python3.8/site-packages/airflow/example_dags/example_local_kubernetes_executor.py for tasks to queue
[2024-03-09T09:38:16.570+0000] {logging_mixin.py:188} INFO - [2024-03-09T09:38:16.569+0000] {dagbag.py:540} INFO - Filling up the DagBag from /home/airflow/.local/lib/python3.8/site-packages/airflow/example_dags/example_local_kubernetes_executor.py
[2024-03-09T09:38:16.581+0000] {processor.py:840} INFO - DAG(s) 'example_local_kubernetes_executor' retrieved from /home/airflow/.local/lib/python3.8/site-packages/airflow/example_dags/example_local_kubernetes_executor.py
[2024-03-09T09:38:16.629+0000] {logging_mixin.py:188} INFO - [2024-03-09T09:38:16.629+0000] {dag.py:3047} INFO - Sync 1 DAGs
[2024-03-09T09:38:16.649+0000] {logging_mixin.py:188} INFO - [2024-03-09T09:38:16.649+0000] {dag.py:3834} INFO - Setting next_dagrun for example_local_kubernetes_executor to None, run_after=None
[2024-03-09T09:38:16.678+0000] {processor.py:183} INFO - Processing /home/airflow/.local/lib/python3.8/site-packages/airflow/example_dags/example_local_kubernetes_executor.py took 0.122 seconds
[2024-03-09T09:38:47.072+0000] {processor.py:161} INFO - Started process (PID=868) to work on /home/airflow/.local/lib/python3.8/site-packages/airflow/example_dags/example_local_kubernetes_executor.py
[2024-03-09T09:38:47.074+0000] {processor.py:830} INFO - Processing file /home/airflow/.local/lib/python3.8/site-packages/airflow/example_dags/example_local_kubernetes_executor.py for tasks to queue
[2024-03-09T09:38:47.078+0000] {logging_mixin.py:188} INFO - [2024-03-09T09:38:47.077+0000] {dagbag.py:540} INFO - Filling up the DagBag from /home/airflow/.local/lib/python3.8/site-packages/airflow/example_dags/example_local_kubernetes_executor.py
[2024-03-09T09:38:47.089+0000] {processor.py:840} INFO - DAG(s) 'example_local_kubernetes_executor' retrieved from /home/airflow/.local/lib/python3.8/site-packages/airflow/example_dags/example_local_kubernetes_executor.py
[2024-03-09T09:38:47.140+0000] {logging_mixin.py:188} INFO - [2024-03-09T09:38:47.139+0000] {dag.py:3047} INFO - Sync 1 DAGs
[2024-03-09T09:38:47.163+0000] {logging_mixin.py:188} INFO - [2024-03-09T09:38:47.162+0000] {dag.py:3834} INFO - Setting next_dagrun for example_local_kubernetes_executor to None, run_after=None
[2024-03-09T09:38:47.198+0000] {processor.py:183} INFO - Processing /home/airflow/.local/lib/python3.8/site-packages/airflow/example_dags/example_local_kubernetes_executor.py took 0.132 seconds
