[2024-03-09T09:31:12.687+0000] {processor.py:161} INFO - Started process (PID=70) to work on /home/airflow/.local/lib/python3.8/site-packages/airflow/example_dags/example_branch_python_dop_operator_3.py
[2024-03-09T09:31:12.696+0000] {processor.py:830} INFO - Processing file /home/airflow/.local/lib/python3.8/site-packages/airflow/example_dags/example_branch_python_dop_operator_3.py for tasks to queue
[2024-03-09T09:31:12.703+0000] {logging_mixin.py:188} INFO - [2024-03-09T09:31:12.702+0000] {dagbag.py:540} INFO - Filling up the DagBag from /home/airflow/.local/lib/python3.8/site-packages/airflow/example_dags/example_branch_python_dop_operator_3.py
[2024-03-09T09:31:12.753+0000] {processor.py:840} INFO - DAG(s) 'example_branch_dop_operator_v3' retrieved from /home/airflow/.local/lib/python3.8/site-packages/airflow/example_dags/example_branch_python_dop_operator_3.py
[2024-03-09T09:31:13.003+0000] {logging_mixin.py:188} INFO - [2024-03-09T09:31:13.002+0000] {dag.py:3047} INFO - Sync 1 DAGs
[2024-03-09T09:31:13.080+0000] {logging_mixin.py:188} INFO - [2024-03-09T09:31:13.079+0000] {dag.py:3834} INFO - Setting next_dagrun for example_branch_dop_operator_v3 to 2024-03-09 09:30:00+00:00, run_after=2024-03-09 09:31:00+00:00
[2024-03-09T09:31:13.155+0000] {processor.py:183} INFO - Processing /home/airflow/.local/lib/python3.8/site-packages/airflow/example_dags/example_branch_python_dop_operator_3.py took 0.505 seconds
[2024-03-09T09:31:43.198+0000] {processor.py:161} INFO - Started process (PID=125) to work on /home/airflow/.local/lib/python3.8/site-packages/airflow/example_dags/example_branch_python_dop_operator_3.py
[2024-03-09T09:31:43.199+0000] {processor.py:830} INFO - Processing file /home/airflow/.local/lib/python3.8/site-packages/airflow/example_dags/example_branch_python_dop_operator_3.py for tasks to queue
[2024-03-09T09:31:43.203+0000] {logging_mixin.py:188} INFO - [2024-03-09T09:31:43.203+0000] {dagbag.py:540} INFO - Filling up the DagBag from /home/airflow/.local/lib/python3.8/site-packages/airflow/example_dags/example_branch_python_dop_operator_3.py
[2024-03-09T09:31:43.224+0000] {processor.py:840} INFO - DAG(s) 'example_branch_dop_operator_v3' retrieved from /home/airflow/.local/lib/python3.8/site-packages/airflow/example_dags/example_branch_python_dop_operator_3.py
[2024-03-09T09:31:43.262+0000] {logging_mixin.py:188} INFO - [2024-03-09T09:31:43.262+0000] {dag.py:3047} INFO - Sync 1 DAGs
[2024-03-09T09:31:43.307+0000] {logging_mixin.py:188} INFO - [2024-03-09T09:31:43.306+0000] {dag.py:3834} INFO - Setting next_dagrun for example_branch_dop_operator_v3 to 2024-03-09 09:30:00+00:00, run_after=2024-03-09 09:31:00+00:00
[2024-03-09T09:31:43.346+0000] {processor.py:183} INFO - Processing /home/airflow/.local/lib/python3.8/site-packages/airflow/example_dags/example_branch_python_dop_operator_3.py took 0.152 seconds
[2024-03-09T09:32:13.665+0000] {processor.py:161} INFO - Started process (PID=179) to work on /home/airflow/.local/lib/python3.8/site-packages/airflow/example_dags/example_branch_python_dop_operator_3.py
[2024-03-09T09:32:13.667+0000] {processor.py:830} INFO - Processing file /home/airflow/.local/lib/python3.8/site-packages/airflow/example_dags/example_branch_python_dop_operator_3.py for tasks to queue
[2024-03-09T09:32:13.670+0000] {logging_mixin.py:188} INFO - [2024-03-09T09:32:13.670+0000] {dagbag.py:540} INFO - Filling up the DagBag from /home/airflow/.local/lib/python3.8/site-packages/airflow/example_dags/example_branch_python_dop_operator_3.py
[2024-03-09T09:32:13.684+0000] {processor.py:840} INFO - DAG(s) 'example_branch_dop_operator_v3' retrieved from /home/airflow/.local/lib/python3.8/site-packages/airflow/example_dags/example_branch_python_dop_operator_3.py
[2024-03-09T09:32:13.714+0000] {logging_mixin.py:188} INFO - [2024-03-09T09:32:13.714+0000] {dag.py:3047} INFO - Sync 1 DAGs
[2024-03-09T09:32:13.753+0000] {logging_mixin.py:188} INFO - [2024-03-09T09:32:13.753+0000] {dag.py:3834} INFO - Setting next_dagrun for example_branch_dop_operator_v3 to 2024-03-09 09:31:00+00:00, run_after=2024-03-09 09:32:00+00:00
[2024-03-09T09:32:13.783+0000] {processor.py:183} INFO - Processing /home/airflow/.local/lib/python3.8/site-packages/airflow/example_dags/example_branch_python_dop_operator_3.py took 0.123 seconds
[2024-03-09T09:32:46.931+0000] {processor.py:161} INFO - Started process (PID=239) to work on /home/airflow/.local/lib/python3.8/site-packages/airflow/example_dags/example_branch_python_dop_operator_3.py
[2024-03-09T09:32:46.964+0000] {processor.py:830} INFO - Processing file /home/airflow/.local/lib/python3.8/site-packages/airflow/example_dags/example_branch_python_dop_operator_3.py for tasks to queue
[2024-03-09T09:32:46.989+0000] {logging_mixin.py:188} INFO - [2024-03-09T09:32:46.988+0000] {dagbag.py:540} INFO - Filling up the DagBag from /home/airflow/.local/lib/python3.8/site-packages/airflow/example_dags/example_branch_python_dop_operator_3.py
[2024-03-09T09:32:47.028+0000] {processor.py:840} INFO - DAG(s) 'example_branch_dop_operator_v3' retrieved from /home/airflow/.local/lib/python3.8/site-packages/airflow/example_dags/example_branch_python_dop_operator_3.py
[2024-03-09T09:32:47.082+0000] {logging_mixin.py:188} INFO - [2024-03-09T09:32:47.082+0000] {dag.py:3047} INFO - Sync 1 DAGs
[2024-03-09T09:32:47.157+0000] {logging_mixin.py:188} INFO - [2024-03-09T09:32:47.157+0000] {dag.py:3834} INFO - Setting next_dagrun for example_branch_dop_operator_v3 to 2024-03-09 09:31:00+00:00, run_after=2024-03-09 09:32:00+00:00
[2024-03-09T09:32:47.209+0000] {processor.py:183} INFO - Processing /home/airflow/.local/lib/python3.8/site-packages/airflow/example_dags/example_branch_python_dop_operator_3.py took 0.295 seconds
[2024-03-09T09:33:17.331+0000] {processor.py:161} INFO - Started process (PID=294) to work on /home/airflow/.local/lib/python3.8/site-packages/airflow/example_dags/example_branch_python_dop_operator_3.py
[2024-03-09T09:33:17.335+0000] {processor.py:830} INFO - Processing file /home/airflow/.local/lib/python3.8/site-packages/airflow/example_dags/example_branch_python_dop_operator_3.py for tasks to queue
[2024-03-09T09:33:17.345+0000] {logging_mixin.py:188} INFO - [2024-03-09T09:33:17.344+0000] {dagbag.py:540} INFO - Filling up the DagBag from /home/airflow/.local/lib/python3.8/site-packages/airflow/example_dags/example_branch_python_dop_operator_3.py
[2024-03-09T09:33:17.368+0000] {processor.py:840} INFO - DAG(s) 'example_branch_dop_operator_v3' retrieved from /home/airflow/.local/lib/python3.8/site-packages/airflow/example_dags/example_branch_python_dop_operator_3.py
[2024-03-09T09:33:17.449+0000] {logging_mixin.py:188} INFO - [2024-03-09T09:33:17.449+0000] {dag.py:3047} INFO - Sync 1 DAGs
[2024-03-09T09:33:17.519+0000] {logging_mixin.py:188} INFO - [2024-03-09T09:33:17.518+0000] {dag.py:3834} INFO - Setting next_dagrun for example_branch_dop_operator_v3 to 2024-03-09 09:32:00+00:00, run_after=2024-03-09 09:33:00+00:00
[2024-03-09T09:33:17.575+0000] {processor.py:183} INFO - Processing /home/airflow/.local/lib/python3.8/site-packages/airflow/example_dags/example_branch_python_dop_operator_3.py took 0.255 seconds
[2024-03-09T09:33:48.161+0000] {processor.py:161} INFO - Started process (PID=349) to work on /home/airflow/.local/lib/python3.8/site-packages/airflow/example_dags/example_branch_python_dop_operator_3.py
[2024-03-09T09:33:48.163+0000] {processor.py:830} INFO - Processing file /home/airflow/.local/lib/python3.8/site-packages/airflow/example_dags/example_branch_python_dop_operator_3.py for tasks to queue
[2024-03-09T09:33:48.166+0000] {logging_mixin.py:188} INFO - [2024-03-09T09:33:48.165+0000] {dagbag.py:540} INFO - Filling up the DagBag from /home/airflow/.local/lib/python3.8/site-packages/airflow/example_dags/example_branch_python_dop_operator_3.py
[2024-03-09T09:33:48.180+0000] {processor.py:840} INFO - DAG(s) 'example_branch_dop_operator_v3' retrieved from /home/airflow/.local/lib/python3.8/site-packages/airflow/example_dags/example_branch_python_dop_operator_3.py
[2024-03-09T09:33:48.208+0000] {logging_mixin.py:188} INFO - [2024-03-09T09:33:48.208+0000] {dag.py:3047} INFO - Sync 1 DAGs
[2024-03-09T09:33:48.248+0000] {logging_mixin.py:188} INFO - [2024-03-09T09:33:48.248+0000] {dag.py:3834} INFO - Setting next_dagrun for example_branch_dop_operator_v3 to 2024-03-09 09:32:00+00:00, run_after=2024-03-09 09:33:00+00:00
[2024-03-09T09:33:48.277+0000] {processor.py:183} INFO - Processing /home/airflow/.local/lib/python3.8/site-packages/airflow/example_dags/example_branch_python_dop_operator_3.py took 0.120 seconds
[2024-03-09T09:34:19.075+0000] {processor.py:161} INFO - Started process (PID=404) to work on /home/airflow/.local/lib/python3.8/site-packages/airflow/example_dags/example_branch_python_dop_operator_3.py
[2024-03-09T09:34:19.078+0000] {processor.py:830} INFO - Processing file /home/airflow/.local/lib/python3.8/site-packages/airflow/example_dags/example_branch_python_dop_operator_3.py for tasks to queue
[2024-03-09T09:34:19.083+0000] {logging_mixin.py:188} INFO - [2024-03-09T09:34:19.083+0000] {dagbag.py:540} INFO - Filling up the DagBag from /home/airflow/.local/lib/python3.8/site-packages/airflow/example_dags/example_branch_python_dop_operator_3.py
[2024-03-09T09:34:19.098+0000] {processor.py:840} INFO - DAG(s) 'example_branch_dop_operator_v3' retrieved from /home/airflow/.local/lib/python3.8/site-packages/airflow/example_dags/example_branch_python_dop_operator_3.py
[2024-03-09T09:34:19.159+0000] {logging_mixin.py:188} INFO - [2024-03-09T09:34:19.159+0000] {dag.py:3047} INFO - Sync 1 DAGs
[2024-03-09T09:34:19.346+0000] {logging_mixin.py:188} INFO - [2024-03-09T09:34:19.346+0000] {dag.py:3834} INFO - Setting next_dagrun for example_branch_dop_operator_v3 to 2024-03-09 09:33:00+00:00, run_after=2024-03-09 09:34:00+00:00
[2024-03-09T09:34:19.395+0000] {processor.py:183} INFO - Processing /home/airflow/.local/lib/python3.8/site-packages/airflow/example_dags/example_branch_python_dop_operator_3.py took 0.328 seconds
[2024-03-09T09:34:50.734+0000] {processor.py:161} INFO - Started process (PID=460) to work on /home/airflow/.local/lib/python3.8/site-packages/airflow/example_dags/example_branch_python_dop_operator_3.py
[2024-03-09T09:34:50.746+0000] {processor.py:830} INFO - Processing file /home/airflow/.local/lib/python3.8/site-packages/airflow/example_dags/example_branch_python_dop_operator_3.py for tasks to queue
[2024-03-09T09:34:50.756+0000] {logging_mixin.py:188} INFO - [2024-03-09T09:34:50.755+0000] {dagbag.py:540} INFO - Filling up the DagBag from /home/airflow/.local/lib/python3.8/site-packages/airflow/example_dags/example_branch_python_dop_operator_3.py
[2024-03-09T09:34:50.857+0000] {processor.py:840} INFO - DAG(s) 'example_branch_dop_operator_v3' retrieved from /home/airflow/.local/lib/python3.8/site-packages/airflow/example_dags/example_branch_python_dop_operator_3.py
[2024-03-09T09:34:50.909+0000] {logging_mixin.py:188} INFO - [2024-03-09T09:34:50.908+0000] {dag.py:3047} INFO - Sync 1 DAGs
[2024-03-09T09:34:51.007+0000] {logging_mixin.py:188} INFO - [2024-03-09T09:34:51.006+0000] {dag.py:3834} INFO - Setting next_dagrun for example_branch_dop_operator_v3 to 2024-03-09 09:33:00+00:00, run_after=2024-03-09 09:34:00+00:00
[2024-03-09T09:34:51.048+0000] {processor.py:183} INFO - Processing /home/airflow/.local/lib/python3.8/site-packages/airflow/example_dags/example_branch_python_dop_operator_3.py took 0.362 seconds
[2024-03-09T09:35:21.310+0000] {processor.py:161} INFO - Started process (PID=514) to work on /home/airflow/.local/lib/python3.8/site-packages/airflow/example_dags/example_branch_python_dop_operator_3.py
[2024-03-09T09:35:21.313+0000] {processor.py:830} INFO - Processing file /home/airflow/.local/lib/python3.8/site-packages/airflow/example_dags/example_branch_python_dop_operator_3.py for tasks to queue
[2024-03-09T09:35:21.322+0000] {logging_mixin.py:188} INFO - [2024-03-09T09:35:21.321+0000] {dagbag.py:540} INFO - Filling up the DagBag from /home/airflow/.local/lib/python3.8/site-packages/airflow/example_dags/example_branch_python_dop_operator_3.py
[2024-03-09T09:35:21.343+0000] {processor.py:840} INFO - DAG(s) 'example_branch_dop_operator_v3' retrieved from /home/airflow/.local/lib/python3.8/site-packages/airflow/example_dags/example_branch_python_dop_operator_3.py
[2024-03-09T09:35:21.397+0000] {logging_mixin.py:188} INFO - [2024-03-09T09:35:21.396+0000] {dag.py:3047} INFO - Sync 1 DAGs
[2024-03-09T09:35:21.457+0000] {logging_mixin.py:188} INFO - [2024-03-09T09:35:21.457+0000] {dag.py:3834} INFO - Setting next_dagrun for example_branch_dop_operator_v3 to 2024-03-09 09:34:00+00:00, run_after=2024-03-09 09:35:00+00:00
[2024-03-09T09:35:21.501+0000] {processor.py:183} INFO - Processing /home/airflow/.local/lib/python3.8/site-packages/airflow/example_dags/example_branch_python_dop_operator_3.py took 0.196 seconds
[2024-03-09T09:35:53.267+0000] {processor.py:161} INFO - Started process (PID=567) to work on /home/airflow/.local/lib/python3.8/site-packages/airflow/example_dags/example_branch_python_dop_operator_3.py
[2024-03-09T09:35:53.271+0000] {processor.py:830} INFO - Processing file /home/airflow/.local/lib/python3.8/site-packages/airflow/example_dags/example_branch_python_dop_operator_3.py for tasks to queue
[2024-03-09T09:35:53.275+0000] {logging_mixin.py:188} INFO - [2024-03-09T09:35:53.274+0000] {dagbag.py:540} INFO - Filling up the DagBag from /home/airflow/.local/lib/python3.8/site-packages/airflow/example_dags/example_branch_python_dop_operator_3.py
[2024-03-09T09:35:53.290+0000] {processor.py:840} INFO - DAG(s) 'example_branch_dop_operator_v3' retrieved from /home/airflow/.local/lib/python3.8/site-packages/airflow/example_dags/example_branch_python_dop_operator_3.py
[2024-03-09T09:35:53.330+0000] {logging_mixin.py:188} INFO - [2024-03-09T09:35:53.329+0000] {dag.py:3047} INFO - Sync 1 DAGs
[2024-03-09T09:35:53.389+0000] {logging_mixin.py:188} INFO - [2024-03-09T09:35:53.389+0000] {dag.py:3834} INFO - Setting next_dagrun for example_branch_dop_operator_v3 to 2024-03-09 09:34:00+00:00, run_after=2024-03-09 09:35:00+00:00
[2024-03-09T09:35:53.420+0000] {processor.py:183} INFO - Processing /home/airflow/.local/lib/python3.8/site-packages/airflow/example_dags/example_branch_python_dop_operator_3.py took 0.158 seconds
[2024-03-09T09:36:23.502+0000] {processor.py:161} INFO - Started process (PID=622) to work on /home/airflow/.local/lib/python3.8/site-packages/airflow/example_dags/example_branch_python_dop_operator_3.py
[2024-03-09T09:36:23.504+0000] {processor.py:830} INFO - Processing file /home/airflow/.local/lib/python3.8/site-packages/airflow/example_dags/example_branch_python_dop_operator_3.py for tasks to queue
[2024-03-09T09:36:23.507+0000] {logging_mixin.py:188} INFO - [2024-03-09T09:36:23.507+0000] {dagbag.py:540} INFO - Filling up the DagBag from /home/airflow/.local/lib/python3.8/site-packages/airflow/example_dags/example_branch_python_dop_operator_3.py
[2024-03-09T09:36:23.521+0000] {processor.py:840} INFO - DAG(s) 'example_branch_dop_operator_v3' retrieved from /home/airflow/.local/lib/python3.8/site-packages/airflow/example_dags/example_branch_python_dop_operator_3.py
[2024-03-09T09:36:23.551+0000] {logging_mixin.py:188} INFO - [2024-03-09T09:36:23.551+0000] {dag.py:3047} INFO - Sync 1 DAGs
[2024-03-09T09:36:23.598+0000] {logging_mixin.py:188} INFO - [2024-03-09T09:36:23.598+0000] {dag.py:3834} INFO - Setting next_dagrun for example_branch_dop_operator_v3 to 2024-03-09 09:35:00+00:00, run_after=2024-03-09 09:36:00+00:00
[2024-03-09T09:36:23.631+0000] {processor.py:183} INFO - Processing /home/airflow/.local/lib/python3.8/site-packages/airflow/example_dags/example_branch_python_dop_operator_3.py took 0.134 seconds
[2024-03-09T09:36:54.215+0000] {processor.py:161} INFO - Started process (PID=677) to work on /home/airflow/.local/lib/python3.8/site-packages/airflow/example_dags/example_branch_python_dop_operator_3.py
[2024-03-09T09:36:54.218+0000] {processor.py:830} INFO - Processing file /home/airflow/.local/lib/python3.8/site-packages/airflow/example_dags/example_branch_python_dop_operator_3.py for tasks to queue
[2024-03-09T09:36:54.240+0000] {logging_mixin.py:188} INFO - [2024-03-09T09:36:54.240+0000] {dagbag.py:540} INFO - Filling up the DagBag from /home/airflow/.local/lib/python3.8/site-packages/airflow/example_dags/example_branch_python_dop_operator_3.py
[2024-03-09T09:36:54.259+0000] {processor.py:840} INFO - DAG(s) 'example_branch_dop_operator_v3' retrieved from /home/airflow/.local/lib/python3.8/site-packages/airflow/example_dags/example_branch_python_dop_operator_3.py
[2024-03-09T09:36:54.302+0000] {logging_mixin.py:188} INFO - [2024-03-09T09:36:54.301+0000] {dag.py:3047} INFO - Sync 1 DAGs
[2024-03-09T09:36:54.346+0000] {logging_mixin.py:188} INFO - [2024-03-09T09:36:54.345+0000] {dag.py:3834} INFO - Setting next_dagrun for example_branch_dop_operator_v3 to 2024-03-09 09:35:00+00:00, run_after=2024-03-09 09:36:00+00:00
[2024-03-09T09:36:54.372+0000] {processor.py:183} INFO - Processing /home/airflow/.local/lib/python3.8/site-packages/airflow/example_dags/example_branch_python_dop_operator_3.py took 0.172 seconds
[2024-03-09T09:37:25.327+0000] {processor.py:161} INFO - Started process (PID=732) to work on /home/airflow/.local/lib/python3.8/site-packages/airflow/example_dags/example_branch_python_dop_operator_3.py
[2024-03-09T09:37:25.330+0000] {processor.py:830} INFO - Processing file /home/airflow/.local/lib/python3.8/site-packages/airflow/example_dags/example_branch_python_dop_operator_3.py for tasks to queue
[2024-03-09T09:37:25.333+0000] {logging_mixin.py:188} INFO - [2024-03-09T09:37:25.333+0000] {dagbag.py:540} INFO - Filling up the DagBag from /home/airflow/.local/lib/python3.8/site-packages/airflow/example_dags/example_branch_python_dop_operator_3.py
[2024-03-09T09:37:25.362+0000] {processor.py:840} INFO - DAG(s) 'example_branch_dop_operator_v3' retrieved from /home/airflow/.local/lib/python3.8/site-packages/airflow/example_dags/example_branch_python_dop_operator_3.py
[2024-03-09T09:37:25.491+0000] {logging_mixin.py:188} INFO - [2024-03-09T09:37:25.491+0000] {dag.py:3047} INFO - Sync 1 DAGs
[2024-03-09T09:37:25.554+0000] {logging_mixin.py:188} INFO - [2024-03-09T09:37:25.554+0000] {dag.py:3834} INFO - Setting next_dagrun for example_branch_dop_operator_v3 to 2024-03-09 09:36:00+00:00, run_after=2024-03-09 09:37:00+00:00
[2024-03-09T09:37:25.613+0000] {processor.py:183} INFO - Processing /home/airflow/.local/lib/python3.8/site-packages/airflow/example_dags/example_branch_python_dop_operator_3.py took 0.293 seconds
[2024-03-09T09:37:55.945+0000] {processor.py:161} INFO - Started process (PID=787) to work on /home/airflow/.local/lib/python3.8/site-packages/airflow/example_dags/example_branch_python_dop_operator_3.py
[2024-03-09T09:37:55.949+0000] {processor.py:830} INFO - Processing file /home/airflow/.local/lib/python3.8/site-packages/airflow/example_dags/example_branch_python_dop_operator_3.py for tasks to queue
[2024-03-09T09:37:55.954+0000] {logging_mixin.py:188} INFO - [2024-03-09T09:37:55.954+0000] {dagbag.py:540} INFO - Filling up the DagBag from /home/airflow/.local/lib/python3.8/site-packages/airflow/example_dags/example_branch_python_dop_operator_3.py
[2024-03-09T09:37:55.973+0000] {processor.py:840} INFO - DAG(s) 'example_branch_dop_operator_v3' retrieved from /home/airflow/.local/lib/python3.8/site-packages/airflow/example_dags/example_branch_python_dop_operator_3.py
[2024-03-09T09:37:56.039+0000] {logging_mixin.py:188} INFO - [2024-03-09T09:37:56.037+0000] {dag.py:3047} INFO - Sync 1 DAGs
[2024-03-09T09:37:56.113+0000] {logging_mixin.py:188} INFO - [2024-03-09T09:37:56.113+0000] {dag.py:3834} INFO - Setting next_dagrun for example_branch_dop_operator_v3 to 2024-03-09 09:36:00+00:00, run_after=2024-03-09 09:37:00+00:00
[2024-03-09T09:37:56.196+0000] {processor.py:183} INFO - Processing /home/airflow/.local/lib/python3.8/site-packages/airflow/example_dags/example_branch_python_dop_operator_3.py took 0.257 seconds
[2024-03-09T09:38:26.252+0000] {processor.py:161} INFO - Started process (PID=842) to work on /home/airflow/.local/lib/python3.8/site-packages/airflow/example_dags/example_branch_python_dop_operator_3.py
[2024-03-09T09:38:26.254+0000] {processor.py:830} INFO - Processing file /home/airflow/.local/lib/python3.8/site-packages/airflow/example_dags/example_branch_python_dop_operator_3.py for tasks to queue
[2024-03-09T09:38:26.257+0000] {logging_mixin.py:188} INFO - [2024-03-09T09:38:26.256+0000] {dagbag.py:540} INFO - Filling up the DagBag from /home/airflow/.local/lib/python3.8/site-packages/airflow/example_dags/example_branch_python_dop_operator_3.py
[2024-03-09T09:38:26.275+0000] {processor.py:840} INFO - DAG(s) 'example_branch_dop_operator_v3' retrieved from /home/airflow/.local/lib/python3.8/site-packages/airflow/example_dags/example_branch_python_dop_operator_3.py
[2024-03-09T09:38:26.425+0000] {logging_mixin.py:188} INFO - [2024-03-09T09:38:26.420+0000] {dag.py:3047} INFO - Sync 1 DAGs
[2024-03-09T09:38:26.490+0000] {logging_mixin.py:188} INFO - [2024-03-09T09:38:26.489+0000] {dag.py:3834} INFO - Setting next_dagrun for example_branch_dop_operator_v3 to 2024-03-09 09:37:00+00:00, run_after=2024-03-09 09:38:00+00:00
[2024-03-09T09:38:26.517+0000] {processor.py:183} INFO - Processing /home/airflow/.local/lib/python3.8/site-packages/airflow/example_dags/example_branch_python_dop_operator_3.py took 0.269 seconds
[2024-03-09T09:38:56.666+0000] {processor.py:161} INFO - Started process (PID=896) to work on /home/airflow/.local/lib/python3.8/site-packages/airflow/example_dags/example_branch_python_dop_operator_3.py
[2024-03-09T09:38:56.672+0000] {processor.py:830} INFO - Processing file /home/airflow/.local/lib/python3.8/site-packages/airflow/example_dags/example_branch_python_dop_operator_3.py for tasks to queue
[2024-03-09T09:38:56.677+0000] {logging_mixin.py:188} INFO - [2024-03-09T09:38:56.677+0000] {dagbag.py:540} INFO - Filling up the DagBag from /home/airflow/.local/lib/python3.8/site-packages/airflow/example_dags/example_branch_python_dop_operator_3.py
[2024-03-09T09:38:56.696+0000] {processor.py:840} INFO - DAG(s) 'example_branch_dop_operator_v3' retrieved from /home/airflow/.local/lib/python3.8/site-packages/airflow/example_dags/example_branch_python_dop_operator_3.py
[2024-03-09T09:38:56.731+0000] {logging_mixin.py:188} INFO - [2024-03-09T09:38:56.731+0000] {dag.py:3047} INFO - Sync 1 DAGs
[2024-03-09T09:38:56.774+0000] {logging_mixin.py:188} INFO - [2024-03-09T09:38:56.774+0000] {dag.py:3834} INFO - Setting next_dagrun for example_branch_dop_operator_v3 to 2024-03-09 09:37:00+00:00, run_after=2024-03-09 09:38:00+00:00
[2024-03-09T09:38:56.809+0000] {processor.py:183} INFO - Processing /home/airflow/.local/lib/python3.8/site-packages/airflow/example_dags/example_branch_python_dop_operator_3.py took 0.152 seconds
