[2024-03-09T09:31:12.800+0000] {processor.py:161} INFO - Started process (PID=71) to work on /home/airflow/.local/lib/python3.8/site-packages/airflow/example_dags/example_latest_only_with_trigger.py
[2024-03-09T09:31:12.804+0000] {processor.py:830} INFO - Processing file /home/airflow/.local/lib/python3.8/site-packages/airflow/example_dags/example_latest_only_with_trigger.py for tasks to queue
[2024-03-09T09:31:12.807+0000] {logging_mixin.py:188} INFO - [2024-03-09T09:31:12.807+0000] {dagbag.py:540} INFO - Filling up the DagBag from /home/airflow/.local/lib/python3.8/site-packages/airflow/example_dags/example_latest_only_with_trigger.py
[2024-03-09T09:31:12.819+0000] {processor.py:840} INFO - DAG(s) 'latest_only_with_trigger' retrieved from /home/airflow/.local/lib/python3.8/site-packages/airflow/example_dags/example_latest_only_with_trigger.py
[2024-03-09T09:31:13.094+0000] {logging_mixin.py:188} INFO - [2024-03-09T09:31:13.094+0000] {dag.py:3047} INFO - Sync 1 DAGs
[2024-03-09T09:31:13.177+0000] {logging_mixin.py:188} INFO - [2024-03-09T09:31:13.176+0000] {dag.py:3834} INFO - Setting next_dagrun for latest_only_with_trigger to 2024-03-09 04:00:00+00:00, run_after=2024-03-09 08:00:00+00:00
[2024-03-09T09:31:13.314+0000] {processor.py:183} INFO - Processing /home/airflow/.local/lib/python3.8/site-packages/airflow/example_dags/example_latest_only_with_trigger.py took 0.521 seconds
[2024-03-09T09:31:43.387+0000] {processor.py:161} INFO - Started process (PID=126) to work on /home/airflow/.local/lib/python3.8/site-packages/airflow/example_dags/example_latest_only_with_trigger.py
[2024-03-09T09:31:43.389+0000] {processor.py:830} INFO - Processing file /home/airflow/.local/lib/python3.8/site-packages/airflow/example_dags/example_latest_only_with_trigger.py for tasks to queue
[2024-03-09T09:31:43.391+0000] {logging_mixin.py:188} INFO - [2024-03-09T09:31:43.391+0000] {dagbag.py:540} INFO - Filling up the DagBag from /home/airflow/.local/lib/python3.8/site-packages/airflow/example_dags/example_latest_only_with_trigger.py
[2024-03-09T09:31:43.403+0000] {processor.py:840} INFO - DAG(s) 'latest_only_with_trigger' retrieved from /home/airflow/.local/lib/python3.8/site-packages/airflow/example_dags/example_latest_only_with_trigger.py
[2024-03-09T09:31:43.453+0000] {logging_mixin.py:188} INFO - [2024-03-09T09:31:43.453+0000] {dag.py:3047} INFO - Sync 1 DAGs
[2024-03-09T09:31:43.491+0000] {logging_mixin.py:188} INFO - [2024-03-09T09:31:43.491+0000] {dag.py:3834} INFO - Setting next_dagrun for latest_only_with_trigger to 2024-03-09 04:00:00+00:00, run_after=2024-03-09 08:00:00+00:00
[2024-03-09T09:31:43.534+0000] {processor.py:183} INFO - Processing /home/airflow/.local/lib/python3.8/site-packages/airflow/example_dags/example_latest_only_with_trigger.py took 0.152 seconds
[2024-03-09T09:32:13.808+0000] {processor.py:161} INFO - Started process (PID=180) to work on /home/airflow/.local/lib/python3.8/site-packages/airflow/example_dags/example_latest_only_with_trigger.py
[2024-03-09T09:32:13.809+0000] {processor.py:830} INFO - Processing file /home/airflow/.local/lib/python3.8/site-packages/airflow/example_dags/example_latest_only_with_trigger.py for tasks to queue
[2024-03-09T09:32:13.811+0000] {logging_mixin.py:188} INFO - [2024-03-09T09:32:13.811+0000] {dagbag.py:540} INFO - Filling up the DagBag from /home/airflow/.local/lib/python3.8/site-packages/airflow/example_dags/example_latest_only_with_trigger.py
[2024-03-09T09:32:13.821+0000] {processor.py:840} INFO - DAG(s) 'latest_only_with_trigger' retrieved from /home/airflow/.local/lib/python3.8/site-packages/airflow/example_dags/example_latest_only_with_trigger.py
[2024-03-09T09:32:13.851+0000] {logging_mixin.py:188} INFO - [2024-03-09T09:32:13.851+0000] {dag.py:3047} INFO - Sync 1 DAGs
[2024-03-09T09:32:13.883+0000] {logging_mixin.py:188} INFO - [2024-03-09T09:32:13.883+0000] {dag.py:3834} INFO - Setting next_dagrun for latest_only_with_trigger to 2024-03-09 04:00:00+00:00, run_after=2024-03-09 08:00:00+00:00
[2024-03-09T09:32:13.909+0000] {processor.py:183} INFO - Processing /home/airflow/.local/lib/python3.8/site-packages/airflow/example_dags/example_latest_only_with_trigger.py took 0.106 seconds
[2024-03-09T09:32:47.030+0000] {processor.py:161} INFO - Started process (PID=240) to work on /home/airflow/.local/lib/python3.8/site-packages/airflow/example_dags/example_latest_only_with_trigger.py
[2024-03-09T09:32:47.041+0000] {processor.py:830} INFO - Processing file /home/airflow/.local/lib/python3.8/site-packages/airflow/example_dags/example_latest_only_with_trigger.py for tasks to queue
[2024-03-09T09:32:47.051+0000] {logging_mixin.py:188} INFO - [2024-03-09T09:32:47.051+0000] {dagbag.py:540} INFO - Filling up the DagBag from /home/airflow/.local/lib/python3.8/site-packages/airflow/example_dags/example_latest_only_with_trigger.py
[2024-03-09T09:32:47.066+0000] {processor.py:840} INFO - DAG(s) 'latest_only_with_trigger' retrieved from /home/airflow/.local/lib/python3.8/site-packages/airflow/example_dags/example_latest_only_with_trigger.py
[2024-03-09T09:32:47.112+0000] {logging_mixin.py:188} INFO - [2024-03-09T09:32:47.112+0000] {dag.py:3047} INFO - Sync 1 DAGs
[2024-03-09T09:32:47.161+0000] {logging_mixin.py:188} INFO - [2024-03-09T09:32:47.161+0000] {dag.py:3834} INFO - Setting next_dagrun for latest_only_with_trigger to 2024-03-09 04:00:00+00:00, run_after=2024-03-09 08:00:00+00:00
[2024-03-09T09:32:47.205+0000] {processor.py:183} INFO - Processing /home/airflow/.local/lib/python3.8/site-packages/airflow/example_dags/example_latest_only_with_trigger.py took 0.181 seconds
[2024-03-09T09:33:17.357+0000] {processor.py:161} INFO - Started process (PID=295) to work on /home/airflow/.local/lib/python3.8/site-packages/airflow/example_dags/example_latest_only_with_trigger.py
[2024-03-09T09:33:17.361+0000] {processor.py:830} INFO - Processing file /home/airflow/.local/lib/python3.8/site-packages/airflow/example_dags/example_latest_only_with_trigger.py for tasks to queue
[2024-03-09T09:33:17.366+0000] {logging_mixin.py:188} INFO - [2024-03-09T09:33:17.365+0000] {dagbag.py:540} INFO - Filling up the DagBag from /home/airflow/.local/lib/python3.8/site-packages/airflow/example_dags/example_latest_only_with_trigger.py
[2024-03-09T09:33:17.413+0000] {processor.py:840} INFO - DAG(s) 'latest_only_with_trigger' retrieved from /home/airflow/.local/lib/python3.8/site-packages/airflow/example_dags/example_latest_only_with_trigger.py
[2024-03-09T09:33:17.476+0000] {logging_mixin.py:188} INFO - [2024-03-09T09:33:17.475+0000] {dag.py:3047} INFO - Sync 1 DAGs
[2024-03-09T09:33:17.526+0000] {logging_mixin.py:188} INFO - [2024-03-09T09:33:17.526+0000] {dag.py:3834} INFO - Setting next_dagrun for latest_only_with_trigger to 2024-03-09 04:00:00+00:00, run_after=2024-03-09 08:00:00+00:00
[2024-03-09T09:33:17.582+0000] {processor.py:183} INFO - Processing /home/airflow/.local/lib/python3.8/site-packages/airflow/example_dags/example_latest_only_with_trigger.py took 0.235 seconds
[2024-03-09T09:33:48.168+0000] {processor.py:161} INFO - Started process (PID=350) to work on /home/airflow/.local/lib/python3.8/site-packages/airflow/example_dags/example_latest_only_with_trigger.py
[2024-03-09T09:33:48.170+0000] {processor.py:830} INFO - Processing file /home/airflow/.local/lib/python3.8/site-packages/airflow/example_dags/example_latest_only_with_trigger.py for tasks to queue
[2024-03-09T09:33:48.172+0000] {logging_mixin.py:188} INFO - [2024-03-09T09:33:48.172+0000] {dagbag.py:540} INFO - Filling up the DagBag from /home/airflow/.local/lib/python3.8/site-packages/airflow/example_dags/example_latest_only_with_trigger.py
[2024-03-09T09:33:48.182+0000] {processor.py:840} INFO - DAG(s) 'latest_only_with_trigger' retrieved from /home/airflow/.local/lib/python3.8/site-packages/airflow/example_dags/example_latest_only_with_trigger.py
[2024-03-09T09:33:48.210+0000] {logging_mixin.py:188} INFO - [2024-03-09T09:33:48.209+0000] {dag.py:3047} INFO - Sync 1 DAGs
[2024-03-09T09:33:48.243+0000] {logging_mixin.py:188} INFO - [2024-03-09T09:33:48.243+0000] {dag.py:3834} INFO - Setting next_dagrun for latest_only_with_trigger to 2024-03-09 04:00:00+00:00, run_after=2024-03-09 08:00:00+00:00
[2024-03-09T09:33:48.273+0000] {processor.py:183} INFO - Processing /home/airflow/.local/lib/python3.8/site-packages/airflow/example_dags/example_latest_only_with_trigger.py took 0.109 seconds
[2024-03-09T09:34:19.131+0000] {processor.py:161} INFO - Started process (PID=405) to work on /home/airflow/.local/lib/python3.8/site-packages/airflow/example_dags/example_latest_only_with_trigger.py
[2024-03-09T09:34:19.135+0000] {processor.py:830} INFO - Processing file /home/airflow/.local/lib/python3.8/site-packages/airflow/example_dags/example_latest_only_with_trigger.py for tasks to queue
[2024-03-09T09:34:19.146+0000] {logging_mixin.py:188} INFO - [2024-03-09T09:34:19.142+0000] {dagbag.py:540} INFO - Filling up the DagBag from /home/airflow/.local/lib/python3.8/site-packages/airflow/example_dags/example_latest_only_with_trigger.py
[2024-03-09T09:34:19.168+0000] {processor.py:840} INFO - DAG(s) 'latest_only_with_trigger' retrieved from /home/airflow/.local/lib/python3.8/site-packages/airflow/example_dags/example_latest_only_with_trigger.py
[2024-03-09T09:34:19.263+0000] {logging_mixin.py:188} INFO - [2024-03-09T09:34:19.263+0000] {dag.py:3047} INFO - Sync 1 DAGs
[2024-03-09T09:34:19.340+0000] {logging_mixin.py:188} INFO - [2024-03-09T09:34:19.339+0000] {dag.py:3834} INFO - Setting next_dagrun for latest_only_with_trigger to 2024-03-09 04:00:00+00:00, run_after=2024-03-09 08:00:00+00:00
[2024-03-09T09:34:19.381+0000] {processor.py:183} INFO - Processing /home/airflow/.local/lib/python3.8/site-packages/airflow/example_dags/example_latest_only_with_trigger.py took 0.261 seconds
[2024-03-09T09:34:50.198+0000] {processor.py:161} INFO - Started process (PID=459) to work on /home/airflow/.local/lib/python3.8/site-packages/airflow/example_dags/example_latest_only_with_trigger.py
[2024-03-09T09:34:50.224+0000] {processor.py:830} INFO - Processing file /home/airflow/.local/lib/python3.8/site-packages/airflow/example_dags/example_latest_only_with_trigger.py for tasks to queue
[2024-03-09T09:34:50.229+0000] {logging_mixin.py:188} INFO - [2024-03-09T09:34:50.229+0000] {dagbag.py:540} INFO - Filling up the DagBag from /home/airflow/.local/lib/python3.8/site-packages/airflow/example_dags/example_latest_only_with_trigger.py
[2024-03-09T09:34:50.247+0000] {processor.py:840} INFO - DAG(s) 'latest_only_with_trigger' retrieved from /home/airflow/.local/lib/python3.8/site-packages/airflow/example_dags/example_latest_only_with_trigger.py
[2024-03-09T09:34:50.367+0000] {logging_mixin.py:188} INFO - [2024-03-09T09:34:50.366+0000] {dag.py:3047} INFO - Sync 1 DAGs
[2024-03-09T09:34:50.645+0000] {logging_mixin.py:188} INFO - [2024-03-09T09:34:50.645+0000] {dag.py:3834} INFO - Setting next_dagrun for latest_only_with_trigger to 2024-03-09 04:00:00+00:00, run_after=2024-03-09 08:00:00+00:00
[2024-03-09T09:34:50.759+0000] {processor.py:183} INFO - Processing /home/airflow/.local/lib/python3.8/site-packages/airflow/example_dags/example_latest_only_with_trigger.py took 0.671 seconds
[2024-03-09T09:35:21.074+0000] {processor.py:161} INFO - Started process (PID=513) to work on /home/airflow/.local/lib/python3.8/site-packages/airflow/example_dags/example_latest_only_with_trigger.py
[2024-03-09T09:35:21.076+0000] {processor.py:830} INFO - Processing file /home/airflow/.local/lib/python3.8/site-packages/airflow/example_dags/example_latest_only_with_trigger.py for tasks to queue
[2024-03-09T09:35:21.090+0000] {logging_mixin.py:188} INFO - [2024-03-09T09:35:21.089+0000] {dagbag.py:540} INFO - Filling up the DagBag from /home/airflow/.local/lib/python3.8/site-packages/airflow/example_dags/example_latest_only_with_trigger.py
[2024-03-09T09:35:21.108+0000] {processor.py:840} INFO - DAG(s) 'latest_only_with_trigger' retrieved from /home/airflow/.local/lib/python3.8/site-packages/airflow/example_dags/example_latest_only_with_trigger.py
[2024-03-09T09:35:21.176+0000] {logging_mixin.py:188} INFO - [2024-03-09T09:35:21.176+0000] {dag.py:3047} INFO - Sync 1 DAGs
[2024-03-09T09:35:21.239+0000] {logging_mixin.py:188} INFO - [2024-03-09T09:35:21.238+0000] {dag.py:3834} INFO - Setting next_dagrun for latest_only_with_trigger to 2024-03-09 04:00:00+00:00, run_after=2024-03-09 08:00:00+00:00
[2024-03-09T09:35:21.307+0000] {processor.py:183} INFO - Processing /home/airflow/.local/lib/python3.8/site-packages/airflow/example_dags/example_latest_only_with_trigger.py took 0.247 seconds
[2024-03-09T09:35:53.291+0000] {processor.py:161} INFO - Started process (PID=568) to work on /home/airflow/.local/lib/python3.8/site-packages/airflow/example_dags/example_latest_only_with_trigger.py
[2024-03-09T09:35:53.293+0000] {processor.py:830} INFO - Processing file /home/airflow/.local/lib/python3.8/site-packages/airflow/example_dags/example_latest_only_with_trigger.py for tasks to queue
[2024-03-09T09:35:53.297+0000] {logging_mixin.py:188} INFO - [2024-03-09T09:35:53.296+0000] {dagbag.py:540} INFO - Filling up the DagBag from /home/airflow/.local/lib/python3.8/site-packages/airflow/example_dags/example_latest_only_with_trigger.py
[2024-03-09T09:35:53.308+0000] {processor.py:840} INFO - DAG(s) 'latest_only_with_trigger' retrieved from /home/airflow/.local/lib/python3.8/site-packages/airflow/example_dags/example_latest_only_with_trigger.py
[2024-03-09T09:35:53.354+0000] {logging_mixin.py:188} INFO - [2024-03-09T09:35:53.353+0000] {dag.py:3047} INFO - Sync 1 DAGs
[2024-03-09T09:35:53.391+0000] {logging_mixin.py:188} INFO - [2024-03-09T09:35:53.390+0000] {dag.py:3834} INFO - Setting next_dagrun for latest_only_with_trigger to 2024-03-09 04:00:00+00:00, run_after=2024-03-09 08:00:00+00:00
[2024-03-09T09:35:53.423+0000] {processor.py:183} INFO - Processing /home/airflow/.local/lib/python3.8/site-packages/airflow/example_dags/example_latest_only_with_trigger.py took 0.136 seconds
[2024-03-09T09:36:23.509+0000] {processor.py:161} INFO - Started process (PID=623) to work on /home/airflow/.local/lib/python3.8/site-packages/airflow/example_dags/example_latest_only_with_trigger.py
[2024-03-09T09:36:23.511+0000] {processor.py:830} INFO - Processing file /home/airflow/.local/lib/python3.8/site-packages/airflow/example_dags/example_latest_only_with_trigger.py for tasks to queue
[2024-03-09T09:36:23.513+0000] {logging_mixin.py:188} INFO - [2024-03-09T09:36:23.513+0000] {dagbag.py:540} INFO - Filling up the DagBag from /home/airflow/.local/lib/python3.8/site-packages/airflow/example_dags/example_latest_only_with_trigger.py
[2024-03-09T09:36:23.523+0000] {processor.py:840} INFO - DAG(s) 'latest_only_with_trigger' retrieved from /home/airflow/.local/lib/python3.8/site-packages/airflow/example_dags/example_latest_only_with_trigger.py
[2024-03-09T09:36:23.552+0000] {logging_mixin.py:188} INFO - [2024-03-09T09:36:23.552+0000] {dag.py:3047} INFO - Sync 1 DAGs
[2024-03-09T09:36:23.583+0000] {logging_mixin.py:188} INFO - [2024-03-09T09:36:23.583+0000] {dag.py:3834} INFO - Setting next_dagrun for latest_only_with_trigger to 2024-03-09 04:00:00+00:00, run_after=2024-03-09 08:00:00+00:00
[2024-03-09T09:36:23.611+0000] {processor.py:183} INFO - Processing /home/airflow/.local/lib/python3.8/site-packages/airflow/example_dags/example_latest_only_with_trigger.py took 0.106 seconds
[2024-03-09T09:36:54.304+0000] {processor.py:161} INFO - Started process (PID=678) to work on /home/airflow/.local/lib/python3.8/site-packages/airflow/example_dags/example_latest_only_with_trigger.py
[2024-03-09T09:36:54.306+0000] {processor.py:830} INFO - Processing file /home/airflow/.local/lib/python3.8/site-packages/airflow/example_dags/example_latest_only_with_trigger.py for tasks to queue
[2024-03-09T09:36:54.308+0000] {logging_mixin.py:188} INFO - [2024-03-09T09:36:54.308+0000] {dagbag.py:540} INFO - Filling up the DagBag from /home/airflow/.local/lib/python3.8/site-packages/airflow/example_dags/example_latest_only_with_trigger.py
[2024-03-09T09:36:54.316+0000] {processor.py:840} INFO - DAG(s) 'latest_only_with_trigger' retrieved from /home/airflow/.local/lib/python3.8/site-packages/airflow/example_dags/example_latest_only_with_trigger.py
[2024-03-09T09:36:54.347+0000] {logging_mixin.py:188} INFO - [2024-03-09T09:36:54.347+0000] {dag.py:3047} INFO - Sync 1 DAGs
[2024-03-09T09:36:54.381+0000] {logging_mixin.py:188} INFO - [2024-03-09T09:36:54.380+0000] {dag.py:3834} INFO - Setting next_dagrun for latest_only_with_trigger to 2024-03-09 04:00:00+00:00, run_after=2024-03-09 08:00:00+00:00
[2024-03-09T09:36:54.410+0000] {processor.py:183} INFO - Processing /home/airflow/.local/lib/python3.8/site-packages/airflow/example_dags/example_latest_only_with_trigger.py took 0.111 seconds
[2024-03-09T09:37:25.458+0000] {processor.py:161} INFO - Started process (PID=733) to work on /home/airflow/.local/lib/python3.8/site-packages/airflow/example_dags/example_latest_only_with_trigger.py
[2024-03-09T09:37:25.466+0000] {processor.py:830} INFO - Processing file /home/airflow/.local/lib/python3.8/site-packages/airflow/example_dags/example_latest_only_with_trigger.py for tasks to queue
[2024-03-09T09:37:25.470+0000] {logging_mixin.py:188} INFO - [2024-03-09T09:37:25.470+0000] {dagbag.py:540} INFO - Filling up the DagBag from /home/airflow/.local/lib/python3.8/site-packages/airflow/example_dags/example_latest_only_with_trigger.py
[2024-03-09T09:37:25.493+0000] {processor.py:840} INFO - DAG(s) 'latest_only_with_trigger' retrieved from /home/airflow/.local/lib/python3.8/site-packages/airflow/example_dags/example_latest_only_with_trigger.py
[2024-03-09T09:37:25.545+0000] {logging_mixin.py:188} INFO - [2024-03-09T09:37:25.544+0000] {dag.py:3047} INFO - Sync 1 DAGs
[2024-03-09T09:37:25.614+0000] {logging_mixin.py:188} INFO - [2024-03-09T09:37:25.613+0000] {dag.py:3834} INFO - Setting next_dagrun for latest_only_with_trigger to 2024-03-09 04:00:00+00:00, run_after=2024-03-09 08:00:00+00:00
[2024-03-09T09:37:25.654+0000] {processor.py:183} INFO - Processing /home/airflow/.local/lib/python3.8/site-packages/airflow/example_dags/example_latest_only_with_trigger.py took 0.207 seconds
[2024-03-09T09:37:56.010+0000] {processor.py:161} INFO - Started process (PID=788) to work on /home/airflow/.local/lib/python3.8/site-packages/airflow/example_dags/example_latest_only_with_trigger.py
[2024-03-09T09:37:56.011+0000] {processor.py:830} INFO - Processing file /home/airflow/.local/lib/python3.8/site-packages/airflow/example_dags/example_latest_only_with_trigger.py for tasks to queue
[2024-03-09T09:37:56.033+0000] {logging_mixin.py:188} INFO - [2024-03-09T09:37:56.032+0000] {dagbag.py:540} INFO - Filling up the DagBag from /home/airflow/.local/lib/python3.8/site-packages/airflow/example_dags/example_latest_only_with_trigger.py
[2024-03-09T09:37:56.046+0000] {processor.py:840} INFO - DAG(s) 'latest_only_with_trigger' retrieved from /home/airflow/.local/lib/python3.8/site-packages/airflow/example_dags/example_latest_only_with_trigger.py
[2024-03-09T09:37:56.103+0000] {logging_mixin.py:188} INFO - [2024-03-09T09:37:56.103+0000] {dag.py:3047} INFO - Sync 1 DAGs
[2024-03-09T09:37:56.190+0000] {logging_mixin.py:188} INFO - [2024-03-09T09:37:56.190+0000] {dag.py:3834} INFO - Setting next_dagrun for latest_only_with_trigger to 2024-03-09 04:00:00+00:00, run_after=2024-03-09 08:00:00+00:00
[2024-03-09T09:37:56.265+0000] {processor.py:183} INFO - Processing /home/airflow/.local/lib/python3.8/site-packages/airflow/example_dags/example_latest_only_with_trigger.py took 0.260 seconds
[2024-03-09T09:38:26.449+0000] {processor.py:161} INFO - Started process (PID=843) to work on /home/airflow/.local/lib/python3.8/site-packages/airflow/example_dags/example_latest_only_with_trigger.py
[2024-03-09T09:38:26.457+0000] {processor.py:830} INFO - Processing file /home/airflow/.local/lib/python3.8/site-packages/airflow/example_dags/example_latest_only_with_trigger.py for tasks to queue
[2024-03-09T09:38:26.462+0000] {logging_mixin.py:188} INFO - [2024-03-09T09:38:26.461+0000] {dagbag.py:540} INFO - Filling up the DagBag from /home/airflow/.local/lib/python3.8/site-packages/airflow/example_dags/example_latest_only_with_trigger.py
[2024-03-09T09:38:26.475+0000] {processor.py:840} INFO - DAG(s) 'latest_only_with_trigger' retrieved from /home/airflow/.local/lib/python3.8/site-packages/airflow/example_dags/example_latest_only_with_trigger.py
[2024-03-09T09:38:26.509+0000] {logging_mixin.py:188} INFO - [2024-03-09T09:38:26.509+0000] {dag.py:3047} INFO - Sync 1 DAGs
[2024-03-09T09:38:26.548+0000] {logging_mixin.py:188} INFO - [2024-03-09T09:38:26.548+0000] {dag.py:3834} INFO - Setting next_dagrun for latest_only_with_trigger to 2024-03-09 04:00:00+00:00, run_after=2024-03-09 08:00:00+00:00
[2024-03-09T09:38:26.582+0000] {processor.py:183} INFO - Processing /home/airflow/.local/lib/python3.8/site-packages/airflow/example_dags/example_latest_only_with_trigger.py took 0.140 seconds
[2024-03-09T09:38:56.708+0000] {processor.py:161} INFO - Started process (PID=897) to work on /home/airflow/.local/lib/python3.8/site-packages/airflow/example_dags/example_latest_only_with_trigger.py
[2024-03-09T09:38:56.710+0000] {processor.py:830} INFO - Processing file /home/airflow/.local/lib/python3.8/site-packages/airflow/example_dags/example_latest_only_with_trigger.py for tasks to queue
[2024-03-09T09:38:56.713+0000] {logging_mixin.py:188} INFO - [2024-03-09T09:38:56.712+0000] {dagbag.py:540} INFO - Filling up the DagBag from /home/airflow/.local/lib/python3.8/site-packages/airflow/example_dags/example_latest_only_with_trigger.py
[2024-03-09T09:38:56.723+0000] {processor.py:840} INFO - DAG(s) 'latest_only_with_trigger' retrieved from /home/airflow/.local/lib/python3.8/site-packages/airflow/example_dags/example_latest_only_with_trigger.py
[2024-03-09T09:38:56.755+0000] {logging_mixin.py:188} INFO - [2024-03-09T09:38:56.755+0000] {dag.py:3047} INFO - Sync 1 DAGs
[2024-03-09T09:38:56.799+0000] {logging_mixin.py:188} INFO - [2024-03-09T09:38:56.798+0000] {dag.py:3834} INFO - Setting next_dagrun for latest_only_with_trigger to 2024-03-09 04:00:00+00:00, run_after=2024-03-09 08:00:00+00:00
[2024-03-09T09:38:56.842+0000] {processor.py:183} INFO - Processing /home/airflow/.local/lib/python3.8/site-packages/airflow/example_dags/example_latest_only_with_trigger.py took 0.139 seconds
