[2024-03-09T09:31:09.840+0000] {processor.py:161} INFO - Started process (PID=61) to work on /home/airflow/.local/lib/python3.8/site-packages/airflow/example_dags/example_time_delta_sensor_async.py
[2024-03-09T09:31:09.841+0000] {processor.py:830} INFO - Processing file /home/airflow/.local/lib/python3.8/site-packages/airflow/example_dags/example_time_delta_sensor_async.py for tasks to queue
[2024-03-09T09:31:09.844+0000] {logging_mixin.py:188} INFO - [2024-03-09T09:31:09.844+0000] {dagbag.py:540} INFO - Filling up the DagBag from /home/airflow/.local/lib/python3.8/site-packages/airflow/example_dags/example_time_delta_sensor_async.py
[2024-03-09T09:31:09.857+0000] {processor.py:840} INFO - DAG(s) 'example_time_delta_sensor_async' retrieved from /home/airflow/.local/lib/python3.8/site-packages/airflow/example_dags/example_time_delta_sensor_async.py
[2024-03-09T09:31:10.101+0000] {logging_mixin.py:188} INFO - [2024-03-09T09:31:10.100+0000] {dag.py:3047} INFO - Sync 1 DAGs
[2024-03-09T09:31:10.126+0000] {logging_mixin.py:188} INFO - [2024-03-09T09:31:10.126+0000] {dag.py:3834} INFO - Setting next_dagrun for example_time_delta_sensor_async to None, run_after=None
[2024-03-09T09:31:10.180+0000] {processor.py:183} INFO - Processing /home/airflow/.local/lib/python3.8/site-packages/airflow/example_dags/example_time_delta_sensor_async.py took 0.348 seconds
[2024-03-09T09:31:40.934+0000] {processor.py:161} INFO - Started process (PID=116) to work on /home/airflow/.local/lib/python3.8/site-packages/airflow/example_dags/example_time_delta_sensor_async.py
[2024-03-09T09:31:40.936+0000] {processor.py:830} INFO - Processing file /home/airflow/.local/lib/python3.8/site-packages/airflow/example_dags/example_time_delta_sensor_async.py for tasks to queue
[2024-03-09T09:31:40.939+0000] {logging_mixin.py:188} INFO - [2024-03-09T09:31:40.939+0000] {dagbag.py:540} INFO - Filling up the DagBag from /home/airflow/.local/lib/python3.8/site-packages/airflow/example_dags/example_time_delta_sensor_async.py
[2024-03-09T09:31:40.947+0000] {processor.py:840} INFO - DAG(s) 'example_time_delta_sensor_async' retrieved from /home/airflow/.local/lib/python3.8/site-packages/airflow/example_dags/example_time_delta_sensor_async.py
[2024-03-09T09:31:40.985+0000] {logging_mixin.py:188} INFO - [2024-03-09T09:31:40.985+0000] {dag.py:3047} INFO - Sync 1 DAGs
[2024-03-09T09:31:41.088+0000] {logging_mixin.py:188} INFO - [2024-03-09T09:31:41.087+0000] {dag.py:3834} INFO - Setting next_dagrun for example_time_delta_sensor_async to None, run_after=None
[2024-03-09T09:31:41.160+0000] {processor.py:183} INFO - Processing /home/airflow/.local/lib/python3.8/site-packages/airflow/example_dags/example_time_delta_sensor_async.py took 0.234 seconds
[2024-03-09T09:32:11.444+0000] {processor.py:161} INFO - Started process (PID=169) to work on /home/airflow/.local/lib/python3.8/site-packages/airflow/example_dags/example_time_delta_sensor_async.py
[2024-03-09T09:32:11.449+0000] {processor.py:830} INFO - Processing file /home/airflow/.local/lib/python3.8/site-packages/airflow/example_dags/example_time_delta_sensor_async.py for tasks to queue
[2024-03-09T09:32:11.455+0000] {logging_mixin.py:188} INFO - [2024-03-09T09:32:11.455+0000] {dagbag.py:540} INFO - Filling up the DagBag from /home/airflow/.local/lib/python3.8/site-packages/airflow/example_dags/example_time_delta_sensor_async.py
[2024-03-09T09:32:11.475+0000] {processor.py:840} INFO - DAG(s) 'example_time_delta_sensor_async' retrieved from /home/airflow/.local/lib/python3.8/site-packages/airflow/example_dags/example_time_delta_sensor_async.py
[2024-03-09T09:32:11.549+0000] {logging_mixin.py:188} INFO - [2024-03-09T09:32:11.548+0000] {dag.py:3047} INFO - Sync 1 DAGs
[2024-03-09T09:32:11.573+0000] {logging_mixin.py:188} INFO - [2024-03-09T09:32:11.573+0000] {dag.py:3834} INFO - Setting next_dagrun for example_time_delta_sensor_async to None, run_after=None
[2024-03-09T09:32:11.604+0000] {processor.py:183} INFO - Processing /home/airflow/.local/lib/python3.8/site-packages/airflow/example_dags/example_time_delta_sensor_async.py took 0.182 seconds
[2024-03-09T09:32:41.655+0000] {processor.py:161} INFO - Started process (PID=223) to work on /home/airflow/.local/lib/python3.8/site-packages/airflow/example_dags/example_time_delta_sensor_async.py
[2024-03-09T09:32:41.657+0000] {processor.py:830} INFO - Processing file /home/airflow/.local/lib/python3.8/site-packages/airflow/example_dags/example_time_delta_sensor_async.py for tasks to queue
[2024-03-09T09:32:41.667+0000] {logging_mixin.py:188} INFO - [2024-03-09T09:32:41.666+0000] {dagbag.py:540} INFO - Filling up the DagBag from /home/airflow/.local/lib/python3.8/site-packages/airflow/example_dags/example_time_delta_sensor_async.py
[2024-03-09T09:32:41.678+0000] {processor.py:840} INFO - DAG(s) 'example_time_delta_sensor_async' retrieved from /home/airflow/.local/lib/python3.8/site-packages/airflow/example_dags/example_time_delta_sensor_async.py
[2024-03-09T09:32:41.732+0000] {logging_mixin.py:188} INFO - [2024-03-09T09:32:41.732+0000] {dag.py:3047} INFO - Sync 1 DAGs
[2024-03-09T09:32:41.776+0000] {logging_mixin.py:188} INFO - [2024-03-09T09:32:41.776+0000] {dag.py:3834} INFO - Setting next_dagrun for example_time_delta_sensor_async to None, run_after=None
[2024-03-09T09:32:41.830+0000] {processor.py:183} INFO - Processing /home/airflow/.local/lib/python3.8/site-packages/airflow/example_dags/example_time_delta_sensor_async.py took 0.181 seconds
[2024-03-09T09:33:11.964+0000] {processor.py:161} INFO - Started process (PID=278) to work on /home/airflow/.local/lib/python3.8/site-packages/airflow/example_dags/example_time_delta_sensor_async.py
[2024-03-09T09:33:11.966+0000] {processor.py:830} INFO - Processing file /home/airflow/.local/lib/python3.8/site-packages/airflow/example_dags/example_time_delta_sensor_async.py for tasks to queue
[2024-03-09T09:33:11.970+0000] {logging_mixin.py:188} INFO - [2024-03-09T09:33:11.969+0000] {dagbag.py:540} INFO - Filling up the DagBag from /home/airflow/.local/lib/python3.8/site-packages/airflow/example_dags/example_time_delta_sensor_async.py
[2024-03-09T09:33:11.984+0000] {processor.py:840} INFO - DAG(s) 'example_time_delta_sensor_async' retrieved from /home/airflow/.local/lib/python3.8/site-packages/airflow/example_dags/example_time_delta_sensor_async.py
[2024-03-09T09:33:12.034+0000] {logging_mixin.py:188} INFO - [2024-03-09T09:33:12.032+0000] {dag.py:3047} INFO - Sync 1 DAGs
[2024-03-09T09:33:12.061+0000] {logging_mixin.py:188} INFO - [2024-03-09T09:33:12.060+0000] {dag.py:3834} INFO - Setting next_dagrun for example_time_delta_sensor_async to None, run_after=None
[2024-03-09T09:33:12.171+0000] {processor.py:183} INFO - Processing /home/airflow/.local/lib/python3.8/site-packages/airflow/example_dags/example_time_delta_sensor_async.py took 0.213 seconds
[2024-03-09T09:33:42.370+0000] {processor.py:161} INFO - Started process (PID=333) to work on /home/airflow/.local/lib/python3.8/site-packages/airflow/example_dags/example_time_delta_sensor_async.py
[2024-03-09T09:33:42.372+0000] {processor.py:830} INFO - Processing file /home/airflow/.local/lib/python3.8/site-packages/airflow/example_dags/example_time_delta_sensor_async.py for tasks to queue
[2024-03-09T09:33:42.375+0000] {logging_mixin.py:188} INFO - [2024-03-09T09:33:42.375+0000] {dagbag.py:540} INFO - Filling up the DagBag from /home/airflow/.local/lib/python3.8/site-packages/airflow/example_dags/example_time_delta_sensor_async.py
[2024-03-09T09:33:42.382+0000] {processor.py:840} INFO - DAG(s) 'example_time_delta_sensor_async' retrieved from /home/airflow/.local/lib/python3.8/site-packages/airflow/example_dags/example_time_delta_sensor_async.py
[2024-03-09T09:33:42.410+0000] {logging_mixin.py:188} INFO - [2024-03-09T09:33:42.410+0000] {dag.py:3047} INFO - Sync 1 DAGs
[2024-03-09T09:33:42.431+0000] {logging_mixin.py:188} INFO - [2024-03-09T09:33:42.431+0000] {dag.py:3834} INFO - Setting next_dagrun for example_time_delta_sensor_async to None, run_after=None
[2024-03-09T09:33:42.458+0000] {processor.py:183} INFO - Processing /home/airflow/.local/lib/python3.8/site-packages/airflow/example_dags/example_time_delta_sensor_async.py took 0.094 seconds
[2024-03-09T09:34:12.706+0000] {processor.py:161} INFO - Started process (PID=388) to work on /home/airflow/.local/lib/python3.8/site-packages/airflow/example_dags/example_time_delta_sensor_async.py
[2024-03-09T09:34:12.707+0000] {processor.py:830} INFO - Processing file /home/airflow/.local/lib/python3.8/site-packages/airflow/example_dags/example_time_delta_sensor_async.py for tasks to queue
[2024-03-09T09:34:12.710+0000] {logging_mixin.py:188} INFO - [2024-03-09T09:34:12.709+0000] {dagbag.py:540} INFO - Filling up the DagBag from /home/airflow/.local/lib/python3.8/site-packages/airflow/example_dags/example_time_delta_sensor_async.py
[2024-03-09T09:34:12.717+0000] {processor.py:840} INFO - DAG(s) 'example_time_delta_sensor_async' retrieved from /home/airflow/.local/lib/python3.8/site-packages/airflow/example_dags/example_time_delta_sensor_async.py
[2024-03-09T09:34:12.759+0000] {logging_mixin.py:188} INFO - [2024-03-09T09:34:12.758+0000] {dag.py:3047} INFO - Sync 1 DAGs
[2024-03-09T09:34:12.787+0000] {logging_mixin.py:188} INFO - [2024-03-09T09:34:12.786+0000] {dag.py:3834} INFO - Setting next_dagrun for example_time_delta_sensor_async to None, run_after=None
[2024-03-09T09:34:12.815+0000] {processor.py:183} INFO - Processing /home/airflow/.local/lib/python3.8/site-packages/airflow/example_dags/example_time_delta_sensor_async.py took 0.113 seconds
[2024-03-09T09:34:43.173+0000] {processor.py:161} INFO - Started process (PID=443) to work on /home/airflow/.local/lib/python3.8/site-packages/airflow/example_dags/example_time_delta_sensor_async.py
[2024-03-09T09:34:43.174+0000] {processor.py:830} INFO - Processing file /home/airflow/.local/lib/python3.8/site-packages/airflow/example_dags/example_time_delta_sensor_async.py for tasks to queue
[2024-03-09T09:34:43.178+0000] {logging_mixin.py:188} INFO - [2024-03-09T09:34:43.177+0000] {dagbag.py:540} INFO - Filling up the DagBag from /home/airflow/.local/lib/python3.8/site-packages/airflow/example_dags/example_time_delta_sensor_async.py
[2024-03-09T09:34:43.185+0000] {processor.py:840} INFO - DAG(s) 'example_time_delta_sensor_async' retrieved from /home/airflow/.local/lib/python3.8/site-packages/airflow/example_dags/example_time_delta_sensor_async.py
[2024-03-09T09:34:43.220+0000] {logging_mixin.py:188} INFO - [2024-03-09T09:34:43.220+0000] {dag.py:3047} INFO - Sync 1 DAGs
[2024-03-09T09:34:43.240+0000] {logging_mixin.py:188} INFO - [2024-03-09T09:34:43.240+0000] {dag.py:3834} INFO - Setting next_dagrun for example_time_delta_sensor_async to None, run_after=None
[2024-03-09T09:34:43.341+0000] {processor.py:183} INFO - Processing /home/airflow/.local/lib/python3.8/site-packages/airflow/example_dags/example_time_delta_sensor_async.py took 0.174 seconds
[2024-03-09T09:35:14.096+0000] {processor.py:161} INFO - Started process (PID=498) to work on /home/airflow/.local/lib/python3.8/site-packages/airflow/example_dags/example_time_delta_sensor_async.py
[2024-03-09T09:35:14.098+0000] {processor.py:830} INFO - Processing file /home/airflow/.local/lib/python3.8/site-packages/airflow/example_dags/example_time_delta_sensor_async.py for tasks to queue
[2024-03-09T09:35:14.101+0000] {logging_mixin.py:188} INFO - [2024-03-09T09:35:14.100+0000] {dagbag.py:540} INFO - Filling up the DagBag from /home/airflow/.local/lib/python3.8/site-packages/airflow/example_dags/example_time_delta_sensor_async.py
[2024-03-09T09:35:14.109+0000] {processor.py:840} INFO - DAG(s) 'example_time_delta_sensor_async' retrieved from /home/airflow/.local/lib/python3.8/site-packages/airflow/example_dags/example_time_delta_sensor_async.py
[2024-03-09T09:35:14.149+0000] {logging_mixin.py:188} INFO - [2024-03-09T09:35:14.149+0000] {dag.py:3047} INFO - Sync 1 DAGs
[2024-03-09T09:35:14.180+0000] {logging_mixin.py:188} INFO - [2024-03-09T09:35:14.179+0000] {dag.py:3834} INFO - Setting next_dagrun for example_time_delta_sensor_async to None, run_after=None
[2024-03-09T09:35:14.213+0000] {processor.py:183} INFO - Processing /home/airflow/.local/lib/python3.8/site-packages/airflow/example_dags/example_time_delta_sensor_async.py took 0.122 seconds
[2024-03-09T09:35:45.185+0000] {processor.py:161} INFO - Started process (PID=552) to work on /home/airflow/.local/lib/python3.8/site-packages/airflow/example_dags/example_time_delta_sensor_async.py
[2024-03-09T09:35:45.187+0000] {processor.py:830} INFO - Processing file /home/airflow/.local/lib/python3.8/site-packages/airflow/example_dags/example_time_delta_sensor_async.py for tasks to queue
[2024-03-09T09:35:45.191+0000] {logging_mixin.py:188} INFO - [2024-03-09T09:35:45.190+0000] {dagbag.py:540} INFO - Filling up the DagBag from /home/airflow/.local/lib/python3.8/site-packages/airflow/example_dags/example_time_delta_sensor_async.py
[2024-03-09T09:35:45.197+0000] {processor.py:840} INFO - DAG(s) 'example_time_delta_sensor_async' retrieved from /home/airflow/.local/lib/python3.8/site-packages/airflow/example_dags/example_time_delta_sensor_async.py
[2024-03-09T09:35:45.232+0000] {logging_mixin.py:188} INFO - [2024-03-09T09:35:45.232+0000] {dag.py:3047} INFO - Sync 1 DAGs
[2024-03-09T09:35:45.251+0000] {logging_mixin.py:188} INFO - [2024-03-09T09:35:45.251+0000] {dag.py:3834} INFO - Setting next_dagrun for example_time_delta_sensor_async to None, run_after=None
[2024-03-09T09:35:45.282+0000] {processor.py:183} INFO - Processing /home/airflow/.local/lib/python3.8/site-packages/airflow/example_dags/example_time_delta_sensor_async.py took 0.103 seconds
[2024-03-09T09:36:15.709+0000] {processor.py:161} INFO - Started process (PID=606) to work on /home/airflow/.local/lib/python3.8/site-packages/airflow/example_dags/example_time_delta_sensor_async.py
[2024-03-09T09:36:15.711+0000] {processor.py:830} INFO - Processing file /home/airflow/.local/lib/python3.8/site-packages/airflow/example_dags/example_time_delta_sensor_async.py for tasks to queue
[2024-03-09T09:36:15.714+0000] {logging_mixin.py:188} INFO - [2024-03-09T09:36:15.714+0000] {dagbag.py:540} INFO - Filling up the DagBag from /home/airflow/.local/lib/python3.8/site-packages/airflow/example_dags/example_time_delta_sensor_async.py
[2024-03-09T09:36:15.724+0000] {processor.py:840} INFO - DAG(s) 'example_time_delta_sensor_async' retrieved from /home/airflow/.local/lib/python3.8/site-packages/airflow/example_dags/example_time_delta_sensor_async.py
[2024-03-09T09:36:15.761+0000] {logging_mixin.py:188} INFO - [2024-03-09T09:36:15.761+0000] {dag.py:3047} INFO - Sync 1 DAGs
[2024-03-09T09:36:15.791+0000] {logging_mixin.py:188} INFO - [2024-03-09T09:36:15.791+0000] {dag.py:3834} INFO - Setting next_dagrun for example_time_delta_sensor_async to None, run_after=None
[2024-03-09T09:36:15.822+0000] {processor.py:183} INFO - Processing /home/airflow/.local/lib/python3.8/site-packages/airflow/example_dags/example_time_delta_sensor_async.py took 0.118 seconds
[2024-03-09T09:36:46.337+0000] {processor.py:161} INFO - Started process (PID=661) to work on /home/airflow/.local/lib/python3.8/site-packages/airflow/example_dags/example_time_delta_sensor_async.py
[2024-03-09T09:36:46.339+0000] {processor.py:830} INFO - Processing file /home/airflow/.local/lib/python3.8/site-packages/airflow/example_dags/example_time_delta_sensor_async.py for tasks to queue
[2024-03-09T09:36:46.346+0000] {logging_mixin.py:188} INFO - [2024-03-09T09:36:46.346+0000] {dagbag.py:540} INFO - Filling up the DagBag from /home/airflow/.local/lib/python3.8/site-packages/airflow/example_dags/example_time_delta_sensor_async.py
[2024-03-09T09:36:46.356+0000] {processor.py:840} INFO - DAG(s) 'example_time_delta_sensor_async' retrieved from /home/airflow/.local/lib/python3.8/site-packages/airflow/example_dags/example_time_delta_sensor_async.py
[2024-03-09T09:36:46.402+0000] {logging_mixin.py:188} INFO - [2024-03-09T09:36:46.402+0000] {dag.py:3047} INFO - Sync 1 DAGs
[2024-03-09T09:36:46.425+0000] {logging_mixin.py:188} INFO - [2024-03-09T09:36:46.425+0000] {dag.py:3834} INFO - Setting next_dagrun for example_time_delta_sensor_async to None, run_after=None
[2024-03-09T09:36:46.453+0000] {processor.py:183} INFO - Processing /home/airflow/.local/lib/python3.8/site-packages/airflow/example_dags/example_time_delta_sensor_async.py took 0.128 seconds
[2024-03-09T09:37:16.766+0000] {processor.py:161} INFO - Started process (PID=716) to work on /home/airflow/.local/lib/python3.8/site-packages/airflow/example_dags/example_time_delta_sensor_async.py
[2024-03-09T09:37:16.769+0000] {processor.py:830} INFO - Processing file /home/airflow/.local/lib/python3.8/site-packages/airflow/example_dags/example_time_delta_sensor_async.py for tasks to queue
[2024-03-09T09:37:16.775+0000] {logging_mixin.py:188} INFO - [2024-03-09T09:37:16.774+0000] {dagbag.py:540} INFO - Filling up the DagBag from /home/airflow/.local/lib/python3.8/site-packages/airflow/example_dags/example_time_delta_sensor_async.py
[2024-03-09T09:37:16.786+0000] {processor.py:840} INFO - DAG(s) 'example_time_delta_sensor_async' retrieved from /home/airflow/.local/lib/python3.8/site-packages/airflow/example_dags/example_time_delta_sensor_async.py
[2024-03-09T09:37:16.839+0000] {logging_mixin.py:188} INFO - [2024-03-09T09:37:16.839+0000] {dag.py:3047} INFO - Sync 1 DAGs
[2024-03-09T09:37:16.870+0000] {logging_mixin.py:188} INFO - [2024-03-09T09:37:16.869+0000] {dag.py:3834} INFO - Setting next_dagrun for example_time_delta_sensor_async to None, run_after=None
[2024-03-09T09:37:16.942+0000] {processor.py:183} INFO - Processing /home/airflow/.local/lib/python3.8/site-packages/airflow/example_dags/example_time_delta_sensor_async.py took 0.183 seconds
[2024-03-09T09:37:47.776+0000] {processor.py:161} INFO - Started process (PID=777) to work on /home/airflow/.local/lib/python3.8/site-packages/airflow/example_dags/example_time_delta_sensor_async.py
[2024-03-09T09:37:47.779+0000] {processor.py:830} INFO - Processing file /home/airflow/.local/lib/python3.8/site-packages/airflow/example_dags/example_time_delta_sensor_async.py for tasks to queue
[2024-03-09T09:37:47.784+0000] {logging_mixin.py:188} INFO - [2024-03-09T09:37:47.783+0000] {dagbag.py:540} INFO - Filling up the DagBag from /home/airflow/.local/lib/python3.8/site-packages/airflow/example_dags/example_time_delta_sensor_async.py
[2024-03-09T09:37:47.794+0000] {processor.py:840} INFO - DAG(s) 'example_time_delta_sensor_async' retrieved from /home/airflow/.local/lib/python3.8/site-packages/airflow/example_dags/example_time_delta_sensor_async.py
[2024-03-09T09:37:47.839+0000] {logging_mixin.py:188} INFO - [2024-03-09T09:37:47.838+0000] {dag.py:3047} INFO - Sync 1 DAGs
[2024-03-09T09:37:47.856+0000] {logging_mixin.py:188} INFO - [2024-03-09T09:37:47.856+0000] {dag.py:3834} INFO - Setting next_dagrun for example_time_delta_sensor_async to None, run_after=None
[2024-03-09T09:37:47.889+0000] {processor.py:183} INFO - Processing /home/airflow/.local/lib/python3.8/site-packages/airflow/example_dags/example_time_delta_sensor_async.py took 0.120 seconds
[2024-03-09T09:38:17.985+0000] {processor.py:161} INFO - Started process (PID=832) to work on /home/airflow/.local/lib/python3.8/site-packages/airflow/example_dags/example_time_delta_sensor_async.py
[2024-03-09T09:38:17.987+0000] {processor.py:830} INFO - Processing file /home/airflow/.local/lib/python3.8/site-packages/airflow/example_dags/example_time_delta_sensor_async.py for tasks to queue
[2024-03-09T09:38:17.990+0000] {logging_mixin.py:188} INFO - [2024-03-09T09:38:17.989+0000] {dagbag.py:540} INFO - Filling up the DagBag from /home/airflow/.local/lib/python3.8/site-packages/airflow/example_dags/example_time_delta_sensor_async.py
[2024-03-09T09:38:17.999+0000] {processor.py:840} INFO - DAG(s) 'example_time_delta_sensor_async' retrieved from /home/airflow/.local/lib/python3.8/site-packages/airflow/example_dags/example_time_delta_sensor_async.py
[2024-03-09T09:38:18.033+0000] {logging_mixin.py:188} INFO - [2024-03-09T09:38:18.033+0000] {dag.py:3047} INFO - Sync 1 DAGs
[2024-03-09T09:38:18.056+0000] {logging_mixin.py:188} INFO - [2024-03-09T09:38:18.055+0000] {dag.py:3834} INFO - Setting next_dagrun for example_time_delta_sensor_async to None, run_after=None
[2024-03-09T09:38:18.085+0000] {processor.py:183} INFO - Processing /home/airflow/.local/lib/python3.8/site-packages/airflow/example_dags/example_time_delta_sensor_async.py took 0.106 seconds
[2024-03-09T09:38:48.606+0000] {processor.py:161} INFO - Started process (PID=886) to work on /home/airflow/.local/lib/python3.8/site-packages/airflow/example_dags/example_time_delta_sensor_async.py
[2024-03-09T09:38:48.608+0000] {processor.py:830} INFO - Processing file /home/airflow/.local/lib/python3.8/site-packages/airflow/example_dags/example_time_delta_sensor_async.py for tasks to queue
[2024-03-09T09:38:48.611+0000] {logging_mixin.py:188} INFO - [2024-03-09T09:38:48.611+0000] {dagbag.py:540} INFO - Filling up the DagBag from /home/airflow/.local/lib/python3.8/site-packages/airflow/example_dags/example_time_delta_sensor_async.py
[2024-03-09T09:38:48.618+0000] {processor.py:840} INFO - DAG(s) 'example_time_delta_sensor_async' retrieved from /home/airflow/.local/lib/python3.8/site-packages/airflow/example_dags/example_time_delta_sensor_async.py
[2024-03-09T09:38:48.649+0000] {logging_mixin.py:188} INFO - [2024-03-09T09:38:48.649+0000] {dag.py:3047} INFO - Sync 1 DAGs
[2024-03-09T09:38:48.667+0000] {logging_mixin.py:188} INFO - [2024-03-09T09:38:48.666+0000] {dag.py:3834} INFO - Setting next_dagrun for example_time_delta_sensor_async to None, run_after=None
[2024-03-09T09:38:48.696+0000] {processor.py:183} INFO - Processing /home/airflow/.local/lib/python3.8/site-packages/airflow/example_dags/example_time_delta_sensor_async.py took 0.094 seconds
