[2024-03-09T09:31:11.188+0000] {processor.py:161} INFO - Started process (PID=66) to work on /home/airflow/.local/lib/python3.8/site-packages/airflow/example_dags/example_external_task_marker_dag.py
[2024-03-09T09:31:11.192+0000] {processor.py:830} INFO - Processing file /home/airflow/.local/lib/python3.8/site-packages/airflow/example_dags/example_external_task_marker_dag.py for tasks to queue
[2024-03-09T09:31:11.195+0000] {logging_mixin.py:188} INFO - [2024-03-09T09:31:11.195+0000] {dagbag.py:540} INFO - Filling up the DagBag from /home/airflow/.local/lib/python3.8/site-packages/airflow/example_dags/example_external_task_marker_dag.py
[2024-03-09T09:31:11.207+0000] {processor.py:840} INFO - DAG(s) 'example_external_task_marker_child', 'example_external_task_marker_parent' retrieved from /home/airflow/.local/lib/python3.8/site-packages/airflow/example_dags/example_external_task_marker_dag.py
[2024-03-09T09:31:11.449+0000] {logging_mixin.py:188} INFO - [2024-03-09T09:31:11.448+0000] {dag.py:3047} INFO - Sync 2 DAGs
[2024-03-09T09:31:11.472+0000] {logging_mixin.py:188} INFO - [2024-03-09T09:31:11.472+0000] {dag.py:3834} INFO - Setting next_dagrun for example_external_task_marker_child to None, run_after=None
[2024-03-09T09:31:11.478+0000] {logging_mixin.py:188} INFO - [2024-03-09T09:31:11.478+0000] {dag.py:3834} INFO - Setting next_dagrun for example_external_task_marker_parent to None, run_after=None
[2024-03-09T09:31:11.511+0000] {processor.py:183} INFO - Processing /home/airflow/.local/lib/python3.8/site-packages/airflow/example_dags/example_external_task_marker_dag.py took 0.328 seconds
[2024-03-09T09:31:41.756+0000] {processor.py:161} INFO - Started process (PID=121) to work on /home/airflow/.local/lib/python3.8/site-packages/airflow/example_dags/example_external_task_marker_dag.py
[2024-03-09T09:31:41.758+0000] {processor.py:830} INFO - Processing file /home/airflow/.local/lib/python3.8/site-packages/airflow/example_dags/example_external_task_marker_dag.py for tasks to queue
[2024-03-09T09:31:41.763+0000] {logging_mixin.py:188} INFO - [2024-03-09T09:31:41.762+0000] {dagbag.py:540} INFO - Filling up the DagBag from /home/airflow/.local/lib/python3.8/site-packages/airflow/example_dags/example_external_task_marker_dag.py
[2024-03-09T09:31:41.776+0000] {processor.py:840} INFO - DAG(s) 'example_external_task_marker_parent', 'example_external_task_marker_child' retrieved from /home/airflow/.local/lib/python3.8/site-packages/airflow/example_dags/example_external_task_marker_dag.py
[2024-03-09T09:31:41.828+0000] {logging_mixin.py:188} INFO - [2024-03-09T09:31:41.827+0000] {dag.py:3047} INFO - Sync 2 DAGs
[2024-03-09T09:31:41.878+0000] {logging_mixin.py:188} INFO - [2024-03-09T09:31:41.877+0000] {dag.py:3834} INFO - Setting next_dagrun for example_external_task_marker_child to None, run_after=None
[2024-03-09T09:31:41.885+0000] {logging_mixin.py:188} INFO - [2024-03-09T09:31:41.885+0000] {dag.py:3834} INFO - Setting next_dagrun for example_external_task_marker_parent to None, run_after=None
[2024-03-09T09:31:41.940+0000] {processor.py:183} INFO - Processing /home/airflow/.local/lib/python3.8/site-packages/airflow/example_dags/example_external_task_marker_dag.py took 0.191 seconds
[2024-03-09T09:32:12.290+0000] {processor.py:161} INFO - Started process (PID=175) to work on /home/airflow/.local/lib/python3.8/site-packages/airflow/example_dags/example_external_task_marker_dag.py
[2024-03-09T09:32:12.292+0000] {processor.py:830} INFO - Processing file /home/airflow/.local/lib/python3.8/site-packages/airflow/example_dags/example_external_task_marker_dag.py for tasks to queue
[2024-03-09T09:32:12.295+0000] {logging_mixin.py:188} INFO - [2024-03-09T09:32:12.295+0000] {dagbag.py:540} INFO - Filling up the DagBag from /home/airflow/.local/lib/python3.8/site-packages/airflow/example_dags/example_external_task_marker_dag.py
[2024-03-09T09:32:12.303+0000] {processor.py:840} INFO - DAG(s) 'example_external_task_marker_parent', 'example_external_task_marker_child' retrieved from /home/airflow/.local/lib/python3.8/site-packages/airflow/example_dags/example_external_task_marker_dag.py
[2024-03-09T09:32:12.350+0000] {logging_mixin.py:188} INFO - [2024-03-09T09:32:12.350+0000] {dag.py:3047} INFO - Sync 2 DAGs
[2024-03-09T09:32:12.403+0000] {logging_mixin.py:188} INFO - [2024-03-09T09:32:12.403+0000] {dag.py:3834} INFO - Setting next_dagrun for example_external_task_marker_child to None, run_after=None
[2024-03-09T09:32:12.412+0000] {logging_mixin.py:188} INFO - [2024-03-09T09:32:12.411+0000] {dag.py:3834} INFO - Setting next_dagrun for example_external_task_marker_parent to None, run_after=None
[2024-03-09T09:32:12.457+0000] {processor.py:183} INFO - Processing /home/airflow/.local/lib/python3.8/site-packages/airflow/example_dags/example_external_task_marker_dag.py took 0.172 seconds
[2024-03-09T09:32:44.837+0000] {processor.py:161} INFO - Started process (PID=229) to work on /home/airflow/.local/lib/python3.8/site-packages/airflow/example_dags/example_external_task_marker_dag.py
[2024-03-09T09:32:44.841+0000] {processor.py:830} INFO - Processing file /home/airflow/.local/lib/python3.8/site-packages/airflow/example_dags/example_external_task_marker_dag.py for tasks to queue
[2024-03-09T09:32:44.851+0000] {logging_mixin.py:188} INFO - [2024-03-09T09:32:44.851+0000] {dagbag.py:540} INFO - Filling up the DagBag from /home/airflow/.local/lib/python3.8/site-packages/airflow/example_dags/example_external_task_marker_dag.py
[2024-03-09T09:32:44.891+0000] {processor.py:840} INFO - DAG(s) 'example_external_task_marker_child', 'example_external_task_marker_parent' retrieved from /home/airflow/.local/lib/python3.8/site-packages/airflow/example_dags/example_external_task_marker_dag.py
[2024-03-09T09:32:44.970+0000] {logging_mixin.py:188} INFO - [2024-03-09T09:32:44.970+0000] {dag.py:3047} INFO - Sync 2 DAGs
[2024-03-09T09:32:45.037+0000] {logging_mixin.py:188} INFO - [2024-03-09T09:32:45.035+0000] {dag.py:3834} INFO - Setting next_dagrun for example_external_task_marker_child to None, run_after=None
[2024-03-09T09:32:45.045+0000] {logging_mixin.py:188} INFO - [2024-03-09T09:32:45.045+0000] {dag.py:3834} INFO - Setting next_dagrun for example_external_task_marker_parent to None, run_after=None
[2024-03-09T09:32:45.087+0000] {processor.py:183} INFO - Processing /home/airflow/.local/lib/python3.8/site-packages/airflow/example_dags/example_external_task_marker_dag.py took 0.278 seconds
[2024-03-09T09:33:15.760+0000] {processor.py:161} INFO - Started process (PID=284) to work on /home/airflow/.local/lib/python3.8/site-packages/airflow/example_dags/example_external_task_marker_dag.py
[2024-03-09T09:33:15.763+0000] {processor.py:830} INFO - Processing file /home/airflow/.local/lib/python3.8/site-packages/airflow/example_dags/example_external_task_marker_dag.py for tasks to queue
[2024-03-09T09:33:15.774+0000] {logging_mixin.py:188} INFO - [2024-03-09T09:33:15.773+0000] {dagbag.py:540} INFO - Filling up the DagBag from /home/airflow/.local/lib/python3.8/site-packages/airflow/example_dags/example_external_task_marker_dag.py
[2024-03-09T09:33:15.787+0000] {processor.py:840} INFO - DAG(s) 'example_external_task_marker_parent', 'example_external_task_marker_child' retrieved from /home/airflow/.local/lib/python3.8/site-packages/airflow/example_dags/example_external_task_marker_dag.py
[2024-03-09T09:33:15.834+0000] {logging_mixin.py:188} INFO - [2024-03-09T09:33:15.833+0000] {dag.py:3047} INFO - Sync 2 DAGs
[2024-03-09T09:33:15.862+0000] {logging_mixin.py:188} INFO - [2024-03-09T09:33:15.862+0000] {dag.py:3834} INFO - Setting next_dagrun for example_external_task_marker_child to None, run_after=None
[2024-03-09T09:33:15.868+0000] {logging_mixin.py:188} INFO - [2024-03-09T09:33:15.868+0000] {dag.py:3834} INFO - Setting next_dagrun for example_external_task_marker_parent to None, run_after=None
[2024-03-09T09:33:15.894+0000] {processor.py:183} INFO - Processing /home/airflow/.local/lib/python3.8/site-packages/airflow/example_dags/example_external_task_marker_dag.py took 0.140 seconds
[2024-03-09T09:33:46.843+0000] {processor.py:161} INFO - Started process (PID=345) to work on /home/airflow/.local/lib/python3.8/site-packages/airflow/example_dags/example_external_task_marker_dag.py
[2024-03-09T09:33:46.845+0000] {processor.py:830} INFO - Processing file /home/airflow/.local/lib/python3.8/site-packages/airflow/example_dags/example_external_task_marker_dag.py for tasks to queue
[2024-03-09T09:33:46.848+0000] {logging_mixin.py:188} INFO - [2024-03-09T09:33:46.847+0000] {dagbag.py:540} INFO - Filling up the DagBag from /home/airflow/.local/lib/python3.8/site-packages/airflow/example_dags/example_external_task_marker_dag.py
[2024-03-09T09:33:46.857+0000] {processor.py:840} INFO - DAG(s) 'example_external_task_marker_parent', 'example_external_task_marker_child' retrieved from /home/airflow/.local/lib/python3.8/site-packages/airflow/example_dags/example_external_task_marker_dag.py
[2024-03-09T09:33:46.895+0000] {logging_mixin.py:188} INFO - [2024-03-09T09:33:46.895+0000] {dag.py:3047} INFO - Sync 2 DAGs
[2024-03-09T09:33:46.911+0000] {logging_mixin.py:188} INFO - [2024-03-09T09:33:46.911+0000] {dag.py:3834} INFO - Setting next_dagrun for example_external_task_marker_child to None, run_after=None
[2024-03-09T09:33:46.916+0000] {logging_mixin.py:188} INFO - [2024-03-09T09:33:46.915+0000] {dag.py:3834} INFO - Setting next_dagrun for example_external_task_marker_parent to None, run_after=None
[2024-03-09T09:33:46.939+0000] {processor.py:183} INFO - Processing /home/airflow/.local/lib/python3.8/site-packages/airflow/example_dags/example_external_task_marker_dag.py took 0.100 seconds
[2024-03-09T09:34:17.345+0000] {processor.py:161} INFO - Started process (PID=400) to work on /home/airflow/.local/lib/python3.8/site-packages/airflow/example_dags/example_external_task_marker_dag.py
[2024-03-09T09:34:17.347+0000] {processor.py:830} INFO - Processing file /home/airflow/.local/lib/python3.8/site-packages/airflow/example_dags/example_external_task_marker_dag.py for tasks to queue
[2024-03-09T09:34:17.349+0000] {logging_mixin.py:188} INFO - [2024-03-09T09:34:17.349+0000] {dagbag.py:540} INFO - Filling up the DagBag from /home/airflow/.local/lib/python3.8/site-packages/airflow/example_dags/example_external_task_marker_dag.py
[2024-03-09T09:34:17.360+0000] {processor.py:840} INFO - DAG(s) 'example_external_task_marker_parent', 'example_external_task_marker_child' retrieved from /home/airflow/.local/lib/python3.8/site-packages/airflow/example_dags/example_external_task_marker_dag.py
[2024-03-09T09:34:17.416+0000] {logging_mixin.py:188} INFO - [2024-03-09T09:34:17.415+0000] {dag.py:3047} INFO - Sync 2 DAGs
[2024-03-09T09:34:17.442+0000] {logging_mixin.py:188} INFO - [2024-03-09T09:34:17.442+0000] {dag.py:3834} INFO - Setting next_dagrun for example_external_task_marker_child to None, run_after=None
[2024-03-09T09:34:17.450+0000] {logging_mixin.py:188} INFO - [2024-03-09T09:34:17.450+0000] {dag.py:3834} INFO - Setting next_dagrun for example_external_task_marker_parent to None, run_after=None
[2024-03-09T09:34:17.478+0000] {processor.py:183} INFO - Processing /home/airflow/.local/lib/python3.8/site-packages/airflow/example_dags/example_external_task_marker_dag.py took 0.138 seconds
[2024-03-09T09:34:47.860+0000] {processor.py:161} INFO - Started process (PID=455) to work on /home/airflow/.local/lib/python3.8/site-packages/airflow/example_dags/example_external_task_marker_dag.py
[2024-03-09T09:34:47.862+0000] {processor.py:830} INFO - Processing file /home/airflow/.local/lib/python3.8/site-packages/airflow/example_dags/example_external_task_marker_dag.py for tasks to queue
[2024-03-09T09:34:47.865+0000] {logging_mixin.py:188} INFO - [2024-03-09T09:34:47.864+0000] {dagbag.py:540} INFO - Filling up the DagBag from /home/airflow/.local/lib/python3.8/site-packages/airflow/example_dags/example_external_task_marker_dag.py
[2024-03-09T09:34:47.875+0000] {processor.py:840} INFO - DAG(s) 'example_external_task_marker_parent', 'example_external_task_marker_child' retrieved from /home/airflow/.local/lib/python3.8/site-packages/airflow/example_dags/example_external_task_marker_dag.py
[2024-03-09T09:34:47.913+0000] {logging_mixin.py:188} INFO - [2024-03-09T09:34:47.913+0000] {dag.py:3047} INFO - Sync 2 DAGs
[2024-03-09T09:34:47.936+0000] {logging_mixin.py:188} INFO - [2024-03-09T09:34:47.936+0000] {dag.py:3834} INFO - Setting next_dagrun for example_external_task_marker_child to None, run_after=None
[2024-03-09T09:34:47.941+0000] {logging_mixin.py:188} INFO - [2024-03-09T09:34:47.941+0000] {dag.py:3834} INFO - Setting next_dagrun for example_external_task_marker_parent to None, run_after=None
[2024-03-09T09:34:47.964+0000] {processor.py:183} INFO - Processing /home/airflow/.local/lib/python3.8/site-packages/airflow/example_dags/example_external_task_marker_dag.py took 0.108 seconds
[2024-03-09T09:35:18.694+0000] {processor.py:161} INFO - Started process (PID=509) to work on /home/airflow/.local/lib/python3.8/site-packages/airflow/example_dags/example_external_task_marker_dag.py
[2024-03-09T09:35:18.700+0000] {processor.py:830} INFO - Processing file /home/airflow/.local/lib/python3.8/site-packages/airflow/example_dags/example_external_task_marker_dag.py for tasks to queue
[2024-03-09T09:35:18.705+0000] {logging_mixin.py:188} INFO - [2024-03-09T09:35:18.704+0000] {dagbag.py:540} INFO - Filling up the DagBag from /home/airflow/.local/lib/python3.8/site-packages/airflow/example_dags/example_external_task_marker_dag.py
[2024-03-09T09:35:18.716+0000] {processor.py:840} INFO - DAG(s) 'example_external_task_marker_parent', 'example_external_task_marker_child' retrieved from /home/airflow/.local/lib/python3.8/site-packages/airflow/example_dags/example_external_task_marker_dag.py
[2024-03-09T09:35:18.756+0000] {logging_mixin.py:188} INFO - [2024-03-09T09:35:18.755+0000] {dag.py:3047} INFO - Sync 2 DAGs
[2024-03-09T09:35:18.777+0000] {logging_mixin.py:188} INFO - [2024-03-09T09:35:18.777+0000] {dag.py:3834} INFO - Setting next_dagrun for example_external_task_marker_child to None, run_after=None
[2024-03-09T09:35:18.782+0000] {logging_mixin.py:188} INFO - [2024-03-09T09:35:18.782+0000] {dag.py:3834} INFO - Setting next_dagrun for example_external_task_marker_parent to None, run_after=None
[2024-03-09T09:35:18.814+0000] {processor.py:183} INFO - Processing /home/airflow/.local/lib/python3.8/site-packages/airflow/example_dags/example_external_task_marker_dag.py took 0.125 seconds
[2024-03-09T09:35:52.806+0000] {processor.py:161} INFO - Started process (PID=563) to work on /home/airflow/.local/lib/python3.8/site-packages/airflow/example_dags/example_external_task_marker_dag.py
[2024-03-09T09:35:52.809+0000] {processor.py:830} INFO - Processing file /home/airflow/.local/lib/python3.8/site-packages/airflow/example_dags/example_external_task_marker_dag.py for tasks to queue
[2024-03-09T09:35:52.815+0000] {logging_mixin.py:188} INFO - [2024-03-09T09:35:52.812+0000] {dagbag.py:540} INFO - Filling up the DagBag from /home/airflow/.local/lib/python3.8/site-packages/airflow/example_dags/example_external_task_marker_dag.py
[2024-03-09T09:35:52.830+0000] {processor.py:840} INFO - DAG(s) 'example_external_task_marker_child', 'example_external_task_marker_parent' retrieved from /home/airflow/.local/lib/python3.8/site-packages/airflow/example_dags/example_external_task_marker_dag.py
[2024-03-09T09:35:52.895+0000] {logging_mixin.py:188} INFO - [2024-03-09T09:35:52.894+0000] {dag.py:3047} INFO - Sync 2 DAGs
[2024-03-09T09:35:52.937+0000] {logging_mixin.py:188} INFO - [2024-03-09T09:35:52.937+0000] {dag.py:3834} INFO - Setting next_dagrun for example_external_task_marker_child to None, run_after=None
[2024-03-09T09:35:52.943+0000] {logging_mixin.py:188} INFO - [2024-03-09T09:35:52.943+0000] {dag.py:3834} INFO - Setting next_dagrun for example_external_task_marker_parent to None, run_after=None
[2024-03-09T09:35:52.981+0000] {processor.py:183} INFO - Processing /home/airflow/.local/lib/python3.8/site-packages/airflow/example_dags/example_external_task_marker_dag.py took 0.188 seconds
[2024-03-09T09:36:23.086+0000] {processor.py:161} INFO - Started process (PID=618) to work on /home/airflow/.local/lib/python3.8/site-packages/airflow/example_dags/example_external_task_marker_dag.py
[2024-03-09T09:36:23.088+0000] {processor.py:830} INFO - Processing file /home/airflow/.local/lib/python3.8/site-packages/airflow/example_dags/example_external_task_marker_dag.py for tasks to queue
[2024-03-09T09:36:23.091+0000] {logging_mixin.py:188} INFO - [2024-03-09T09:36:23.091+0000] {dagbag.py:540} INFO - Filling up the DagBag from /home/airflow/.local/lib/python3.8/site-packages/airflow/example_dags/example_external_task_marker_dag.py
[2024-03-09T09:36:23.102+0000] {processor.py:840} INFO - DAG(s) 'example_external_task_marker_child', 'example_external_task_marker_parent' retrieved from /home/airflow/.local/lib/python3.8/site-packages/airflow/example_dags/example_external_task_marker_dag.py
[2024-03-09T09:36:23.183+0000] {logging_mixin.py:188} INFO - [2024-03-09T09:36:23.182+0000] {dag.py:3047} INFO - Sync 2 DAGs
[2024-03-09T09:36:23.209+0000] {logging_mixin.py:188} INFO - [2024-03-09T09:36:23.208+0000] {dag.py:3834} INFO - Setting next_dagrun for example_external_task_marker_child to None, run_after=None
[2024-03-09T09:36:23.218+0000] {logging_mixin.py:188} INFO - [2024-03-09T09:36:23.217+0000] {dag.py:3834} INFO - Setting next_dagrun for example_external_task_marker_parent to None, run_after=None
[2024-03-09T09:36:23.249+0000] {processor.py:183} INFO - Processing /home/airflow/.local/lib/python3.8/site-packages/airflow/example_dags/example_external_task_marker_dag.py took 0.167 seconds
[2024-03-09T09:36:53.868+0000] {processor.py:161} INFO - Started process (PID=673) to work on /home/airflow/.local/lib/python3.8/site-packages/airflow/example_dags/example_external_task_marker_dag.py
[2024-03-09T09:36:53.872+0000] {processor.py:830} INFO - Processing file /home/airflow/.local/lib/python3.8/site-packages/airflow/example_dags/example_external_task_marker_dag.py for tasks to queue
[2024-03-09T09:36:53.875+0000] {logging_mixin.py:188} INFO - [2024-03-09T09:36:53.875+0000] {dagbag.py:540} INFO - Filling up the DagBag from /home/airflow/.local/lib/python3.8/site-packages/airflow/example_dags/example_external_task_marker_dag.py
[2024-03-09T09:36:53.883+0000] {processor.py:840} INFO - DAG(s) 'example_external_task_marker_parent', 'example_external_task_marker_child' retrieved from /home/airflow/.local/lib/python3.8/site-packages/airflow/example_dags/example_external_task_marker_dag.py
[2024-03-09T09:36:53.916+0000] {logging_mixin.py:188} INFO - [2024-03-09T09:36:53.915+0000] {dag.py:3047} INFO - Sync 2 DAGs
[2024-03-09T09:36:53.934+0000] {logging_mixin.py:188} INFO - [2024-03-09T09:36:53.933+0000] {dag.py:3834} INFO - Setting next_dagrun for example_external_task_marker_child to None, run_after=None
[2024-03-09T09:36:53.939+0000] {logging_mixin.py:188} INFO - [2024-03-09T09:36:53.939+0000] {dag.py:3834} INFO - Setting next_dagrun for example_external_task_marker_parent to None, run_after=None
[2024-03-09T09:36:53.967+0000] {processor.py:183} INFO - Processing /home/airflow/.local/lib/python3.8/site-packages/airflow/example_dags/example_external_task_marker_dag.py took 0.103 seconds
[2024-03-09T09:37:24.823+0000] {processor.py:161} INFO - Started process (PID=728) to work on /home/airflow/.local/lib/python3.8/site-packages/airflow/example_dags/example_external_task_marker_dag.py
[2024-03-09T09:37:24.826+0000] {processor.py:830} INFO - Processing file /home/airflow/.local/lib/python3.8/site-packages/airflow/example_dags/example_external_task_marker_dag.py for tasks to queue
[2024-03-09T09:37:24.834+0000] {logging_mixin.py:188} INFO - [2024-03-09T09:37:24.833+0000] {dagbag.py:540} INFO - Filling up the DagBag from /home/airflow/.local/lib/python3.8/site-packages/airflow/example_dags/example_external_task_marker_dag.py
[2024-03-09T09:37:24.851+0000] {processor.py:840} INFO - DAG(s) 'example_external_task_marker_parent', 'example_external_task_marker_child' retrieved from /home/airflow/.local/lib/python3.8/site-packages/airflow/example_dags/example_external_task_marker_dag.py
[2024-03-09T09:37:24.908+0000] {logging_mixin.py:188} INFO - [2024-03-09T09:37:24.907+0000] {dag.py:3047} INFO - Sync 2 DAGs
[2024-03-09T09:37:24.958+0000] {logging_mixin.py:188} INFO - [2024-03-09T09:37:24.957+0000] {dag.py:3834} INFO - Setting next_dagrun for example_external_task_marker_child to None, run_after=None
[2024-03-09T09:37:24.974+0000] {logging_mixin.py:188} INFO - [2024-03-09T09:37:24.974+0000] {dag.py:3834} INFO - Setting next_dagrun for example_external_task_marker_parent to None, run_after=None
[2024-03-09T09:37:25.022+0000] {processor.py:183} INFO - Processing /home/airflow/.local/lib/python3.8/site-packages/airflow/example_dags/example_external_task_marker_dag.py took 0.207 seconds
[2024-03-09T09:37:55.387+0000] {processor.py:161} INFO - Started process (PID=783) to work on /home/airflow/.local/lib/python3.8/site-packages/airflow/example_dags/example_external_task_marker_dag.py
[2024-03-09T09:37:55.391+0000] {processor.py:830} INFO - Processing file /home/airflow/.local/lib/python3.8/site-packages/airflow/example_dags/example_external_task_marker_dag.py for tasks to queue
[2024-03-09T09:37:55.396+0000] {logging_mixin.py:188} INFO - [2024-03-09T09:37:55.395+0000] {dagbag.py:540} INFO - Filling up the DagBag from /home/airflow/.local/lib/python3.8/site-packages/airflow/example_dags/example_external_task_marker_dag.py
[2024-03-09T09:37:55.411+0000] {processor.py:840} INFO - DAG(s) 'example_external_task_marker_child', 'example_external_task_marker_parent' retrieved from /home/airflow/.local/lib/python3.8/site-packages/airflow/example_dags/example_external_task_marker_dag.py
[2024-03-09T09:37:55.499+0000] {logging_mixin.py:188} INFO - [2024-03-09T09:37:55.498+0000] {dag.py:3047} INFO - Sync 2 DAGs
[2024-03-09T09:37:55.543+0000] {logging_mixin.py:188} INFO - [2024-03-09T09:37:55.542+0000] {dag.py:3834} INFO - Setting next_dagrun for example_external_task_marker_child to None, run_after=None
[2024-03-09T09:37:55.556+0000] {logging_mixin.py:188} INFO - [2024-03-09T09:37:55.556+0000] {dag.py:3834} INFO - Setting next_dagrun for example_external_task_marker_parent to None, run_after=None
[2024-03-09T09:37:55.630+0000] {processor.py:183} INFO - Processing /home/airflow/.local/lib/python3.8/site-packages/airflow/example_dags/example_external_task_marker_dag.py took 0.277 seconds
[2024-03-09T09:38:25.818+0000] {processor.py:161} INFO - Started process (PID=838) to work on /home/airflow/.local/lib/python3.8/site-packages/airflow/example_dags/example_external_task_marker_dag.py
[2024-03-09T09:38:25.822+0000] {processor.py:830} INFO - Processing file /home/airflow/.local/lib/python3.8/site-packages/airflow/example_dags/example_external_task_marker_dag.py for tasks to queue
[2024-03-09T09:38:25.832+0000] {logging_mixin.py:188} INFO - [2024-03-09T09:38:25.831+0000] {dagbag.py:540} INFO - Filling up the DagBag from /home/airflow/.local/lib/python3.8/site-packages/airflow/example_dags/example_external_task_marker_dag.py
[2024-03-09T09:38:25.850+0000] {processor.py:840} INFO - DAG(s) 'example_external_task_marker_parent', 'example_external_task_marker_child' retrieved from /home/airflow/.local/lib/python3.8/site-packages/airflow/example_dags/example_external_task_marker_dag.py
[2024-03-09T09:38:25.929+0000] {logging_mixin.py:188} INFO - [2024-03-09T09:38:25.929+0000] {dag.py:3047} INFO - Sync 2 DAGs
[2024-03-09T09:38:26.012+0000] {logging_mixin.py:188} INFO - [2024-03-09T09:38:26.011+0000] {dag.py:3834} INFO - Setting next_dagrun for example_external_task_marker_child to None, run_after=None
[2024-03-09T09:38:26.037+0000] {logging_mixin.py:188} INFO - [2024-03-09T09:38:26.036+0000] {dag.py:3834} INFO - Setting next_dagrun for example_external_task_marker_parent to None, run_after=None
[2024-03-09T09:38:26.068+0000] {processor.py:183} INFO - Processing /home/airflow/.local/lib/python3.8/site-packages/airflow/example_dags/example_external_task_marker_dag.py took 0.254 seconds
[2024-03-09T09:38:56.279+0000] {processor.py:161} INFO - Started process (PID=892) to work on /home/airflow/.local/lib/python3.8/site-packages/airflow/example_dags/example_external_task_marker_dag.py
[2024-03-09T09:38:56.285+0000] {processor.py:830} INFO - Processing file /home/airflow/.local/lib/python3.8/site-packages/airflow/example_dags/example_external_task_marker_dag.py for tasks to queue
[2024-03-09T09:38:56.289+0000] {logging_mixin.py:188} INFO - [2024-03-09T09:38:56.289+0000] {dagbag.py:540} INFO - Filling up the DagBag from /home/airflow/.local/lib/python3.8/site-packages/airflow/example_dags/example_external_task_marker_dag.py
[2024-03-09T09:38:56.300+0000] {processor.py:840} INFO - DAG(s) 'example_external_task_marker_parent', 'example_external_task_marker_child' retrieved from /home/airflow/.local/lib/python3.8/site-packages/airflow/example_dags/example_external_task_marker_dag.py
[2024-03-09T09:38:56.358+0000] {logging_mixin.py:188} INFO - [2024-03-09T09:38:56.357+0000] {dag.py:3047} INFO - Sync 2 DAGs
[2024-03-09T09:38:56.380+0000] {logging_mixin.py:188} INFO - [2024-03-09T09:38:56.379+0000] {dag.py:3834} INFO - Setting next_dagrun for example_external_task_marker_child to None, run_after=None
[2024-03-09T09:38:56.390+0000] {logging_mixin.py:188} INFO - [2024-03-09T09:38:56.390+0000] {dag.py:3834} INFO - Setting next_dagrun for example_external_task_marker_parent to None, run_after=None
[2024-03-09T09:38:56.419+0000] {processor.py:183} INFO - Processing /home/airflow/.local/lib/python3.8/site-packages/airflow/example_dags/example_external_task_marker_dag.py took 0.146 seconds
