[2024-03-09T09:31:09.087+0000] {processor.py:161} INFO - Started process (PID=60) to work on /home/airflow/.local/lib/python3.8/site-packages/airflow/example_dags/example_datasets.py
[2024-03-09T09:31:09.092+0000] {processor.py:830} INFO - Processing file /home/airflow/.local/lib/python3.8/site-packages/airflow/example_dags/example_datasets.py for tasks to queue
[2024-03-09T09:31:09.095+0000] {logging_mixin.py:188} INFO - [2024-03-09T09:31:09.094+0000] {dagbag.py:540} INFO - Filling up the DagBag from /home/airflow/.local/lib/python3.8/site-packages/airflow/example_dags/example_datasets.py
[2024-03-09T09:31:09.127+0000] {processor.py:840} INFO - DAG(s) 'dataset_produces_2', 'dataset_consumes_1_and_2', 'dataset_consumes_1_never_scheduled', 'dataset_consumes_unknown_never_scheduled', 'dataset_produces_1', 'dataset_consumes_1' retrieved from /home/airflow/.local/lib/python3.8/site-packages/airflow/example_dags/example_datasets.py
[2024-03-09T09:31:10.005+0000] {logging_mixin.py:188} INFO - [2024-03-09T09:31:10.003+0000] {dag.py:3047} INFO - Sync 6 DAGs
[2024-03-09T09:31:10.053+0000] {logging_mixin.py:188} INFO - [2024-03-09T09:31:10.052+0000] {dag.py:3834} INFO - Setting next_dagrun for dataset_consumes_1 to None, run_after=None
[2024-03-09T09:31:10.059+0000] {logging_mixin.py:188} INFO - [2024-03-09T09:31:10.058+0000] {dag.py:3834} INFO - Setting next_dagrun for dataset_consumes_1_and_2 to None, run_after=None
[2024-03-09T09:31:10.061+0000] {logging_mixin.py:188} INFO - [2024-03-09T09:31:10.061+0000] {dag.py:3834} INFO - Setting next_dagrun for dataset_consumes_1_never_scheduled to None, run_after=None
[2024-03-09T09:31:10.065+0000] {logging_mixin.py:188} INFO - [2024-03-09T09:31:10.064+0000] {dag.py:3834} INFO - Setting next_dagrun for dataset_consumes_unknown_never_scheduled to None, run_after=None
[2024-03-09T09:31:10.075+0000] {logging_mixin.py:188} INFO - [2024-03-09T09:31:10.075+0000] {dag.py:3834} INFO - Setting next_dagrun for dataset_produces_1 to 2024-03-08 00:00:00+00:00, run_after=2024-03-09 00:00:00+00:00
[2024-03-09T09:31:10.079+0000] {logging_mixin.py:188} INFO - [2024-03-09T09:31:10.078+0000] {dag.py:3834} INFO - Setting next_dagrun for dataset_produces_2 to None, run_after=None
[2024-03-09T09:31:10.149+0000] {processor.py:183} INFO - Processing /home/airflow/.local/lib/python3.8/site-packages/airflow/example_dags/example_datasets.py took 1.073 seconds
[2024-03-09T09:31:40.918+0000] {processor.py:161} INFO - Started process (PID=115) to work on /home/airflow/.local/lib/python3.8/site-packages/airflow/example_dags/example_datasets.py
[2024-03-09T09:31:40.924+0000] {processor.py:830} INFO - Processing file /home/airflow/.local/lib/python3.8/site-packages/airflow/example_dags/example_datasets.py for tasks to queue
[2024-03-09T09:31:40.930+0000] {logging_mixin.py:188} INFO - [2024-03-09T09:31:40.929+0000] {dagbag.py:540} INFO - Filling up the DagBag from /home/airflow/.local/lib/python3.8/site-packages/airflow/example_dags/example_datasets.py
[2024-03-09T09:31:40.954+0000] {processor.py:840} INFO - DAG(s) 'dataset_produces_1', 'dataset_produces_2', 'dataset_consumes_1_and_2', 'dataset_consumes_unknown_never_scheduled', 'dataset_consumes_1', 'dataset_consumes_1_never_scheduled' retrieved from /home/airflow/.local/lib/python3.8/site-packages/airflow/example_dags/example_datasets.py
[2024-03-09T09:31:41.143+0000] {logging_mixin.py:188} INFO - [2024-03-09T09:31:41.140+0000] {dag.py:3047} INFO - Sync 6 DAGs
[2024-03-09T09:31:41.233+0000] {logging_mixin.py:188} INFO - [2024-03-09T09:31:41.231+0000] {dag.py:3834} INFO - Setting next_dagrun for dataset_consumes_1 to None, run_after=None
[2024-03-09T09:31:41.246+0000] {logging_mixin.py:188} INFO - [2024-03-09T09:31:41.246+0000] {dag.py:3834} INFO - Setting next_dagrun for dataset_consumes_1_and_2 to None, run_after=None
[2024-03-09T09:31:41.253+0000] {logging_mixin.py:188} INFO - [2024-03-09T09:31:41.252+0000] {dag.py:3834} INFO - Setting next_dagrun for dataset_consumes_1_never_scheduled to None, run_after=None
[2024-03-09T09:31:41.261+0000] {logging_mixin.py:188} INFO - [2024-03-09T09:31:41.260+0000] {dag.py:3834} INFO - Setting next_dagrun for dataset_consumes_unknown_never_scheduled to None, run_after=None
[2024-03-09T09:31:41.272+0000] {logging_mixin.py:188} INFO - [2024-03-09T09:31:41.272+0000] {dag.py:3834} INFO - Setting next_dagrun for dataset_produces_1 to 2024-03-08 00:00:00+00:00, run_after=2024-03-09 00:00:00+00:00
[2024-03-09T09:31:41.276+0000] {logging_mixin.py:188} INFO - [2024-03-09T09:31:41.276+0000] {dag.py:3834} INFO - Setting next_dagrun for dataset_produces_2 to None, run_after=None
[2024-03-09T09:31:41.417+0000] {processor.py:183} INFO - Processing /home/airflow/.local/lib/python3.8/site-packages/airflow/example_dags/example_datasets.py took 0.508 seconds
[2024-03-09T09:32:11.561+0000] {processor.py:161} INFO - Started process (PID=170) to work on /home/airflow/.local/lib/python3.8/site-packages/airflow/example_dags/example_datasets.py
[2024-03-09T09:32:11.562+0000] {processor.py:830} INFO - Processing file /home/airflow/.local/lib/python3.8/site-packages/airflow/example_dags/example_datasets.py for tasks to queue
[2024-03-09T09:32:11.566+0000] {logging_mixin.py:188} INFO - [2024-03-09T09:32:11.565+0000] {dagbag.py:540} INFO - Filling up the DagBag from /home/airflow/.local/lib/python3.8/site-packages/airflow/example_dags/example_datasets.py
[2024-03-09T09:32:11.583+0000] {processor.py:840} INFO - DAG(s) 'dataset_consumes_1_never_scheduled', 'dataset_produces_1', 'dataset_consumes_unknown_never_scheduled', 'dataset_produces_2', 'dataset_consumes_1_and_2', 'dataset_consumes_1' retrieved from /home/airflow/.local/lib/python3.8/site-packages/airflow/example_dags/example_datasets.py
[2024-03-09T09:32:11.646+0000] {logging_mixin.py:188} INFO - [2024-03-09T09:32:11.646+0000] {dag.py:3047} INFO - Sync 6 DAGs
[2024-03-09T09:32:11.804+0000] {logging_mixin.py:188} INFO - [2024-03-09T09:32:11.804+0000] {dag.py:3834} INFO - Setting next_dagrun for dataset_consumes_1 to None, run_after=None
[2024-03-09T09:32:11.810+0000] {logging_mixin.py:188} INFO - [2024-03-09T09:32:11.810+0000] {dag.py:3834} INFO - Setting next_dagrun for dataset_consumes_1_and_2 to None, run_after=None
[2024-03-09T09:32:11.812+0000] {logging_mixin.py:188} INFO - [2024-03-09T09:32:11.812+0000] {dag.py:3834} INFO - Setting next_dagrun for dataset_consumes_1_never_scheduled to None, run_after=None
[2024-03-09T09:32:11.815+0000] {logging_mixin.py:188} INFO - [2024-03-09T09:32:11.814+0000] {dag.py:3834} INFO - Setting next_dagrun for dataset_consumes_unknown_never_scheduled to None, run_after=None
[2024-03-09T09:32:11.821+0000] {logging_mixin.py:188} INFO - [2024-03-09T09:32:11.821+0000] {dag.py:3834} INFO - Setting next_dagrun for dataset_produces_1 to 2024-03-08 00:00:00+00:00, run_after=2024-03-09 00:00:00+00:00
[2024-03-09T09:32:11.825+0000] {logging_mixin.py:188} INFO - [2024-03-09T09:32:11.824+0000] {dag.py:3834} INFO - Setting next_dagrun for dataset_produces_2 to None, run_after=None
[2024-03-09T09:32:11.885+0000] {processor.py:183} INFO - Processing /home/airflow/.local/lib/python3.8/site-packages/airflow/example_dags/example_datasets.py took 0.329 seconds
[2024-03-09T09:32:43.700+0000] {processor.py:161} INFO - Started process (PID=224) to work on /home/airflow/.local/lib/python3.8/site-packages/airflow/example_dags/example_datasets.py
[2024-03-09T09:32:43.704+0000] {processor.py:830} INFO - Processing file /home/airflow/.local/lib/python3.8/site-packages/airflow/example_dags/example_datasets.py for tasks to queue
[2024-03-09T09:32:43.714+0000] {logging_mixin.py:188} INFO - [2024-03-09T09:32:43.709+0000] {dagbag.py:540} INFO - Filling up the DagBag from /home/airflow/.local/lib/python3.8/site-packages/airflow/example_dags/example_datasets.py
[2024-03-09T09:32:43.827+0000] {processor.py:840} INFO - DAG(s) 'dataset_consumes_unknown_never_scheduled', 'dataset_consumes_1', 'dataset_produces_2', 'dataset_consumes_1_and_2', 'dataset_consumes_1_never_scheduled', 'dataset_produces_1' retrieved from /home/airflow/.local/lib/python3.8/site-packages/airflow/example_dags/example_datasets.py
[2024-03-09T09:32:44.039+0000] {logging_mixin.py:188} INFO - [2024-03-09T09:32:44.038+0000] {dag.py:3047} INFO - Sync 6 DAGs
[2024-03-09T09:32:44.109+0000] {logging_mixin.py:188} INFO - [2024-03-09T09:32:44.108+0000] {dag.py:3834} INFO - Setting next_dagrun for dataset_consumes_1 to None, run_after=None
[2024-03-09T09:32:44.132+0000] {logging_mixin.py:188} INFO - [2024-03-09T09:32:44.131+0000] {dag.py:3834} INFO - Setting next_dagrun for dataset_consumes_1_and_2 to None, run_after=None
[2024-03-09T09:32:44.135+0000] {logging_mixin.py:188} INFO - [2024-03-09T09:32:44.134+0000] {dag.py:3834} INFO - Setting next_dagrun for dataset_consumes_1_never_scheduled to None, run_after=None
[2024-03-09T09:32:44.138+0000] {logging_mixin.py:188} INFO - [2024-03-09T09:32:44.138+0000] {dag.py:3834} INFO - Setting next_dagrun for dataset_consumes_unknown_never_scheduled to None, run_after=None
[2024-03-09T09:32:44.144+0000] {logging_mixin.py:188} INFO - [2024-03-09T09:32:44.144+0000] {dag.py:3834} INFO - Setting next_dagrun for dataset_produces_1 to 2024-03-08 00:00:00+00:00, run_after=2024-03-09 00:00:00+00:00
[2024-03-09T09:32:44.147+0000] {logging_mixin.py:188} INFO - [2024-03-09T09:32:44.147+0000] {dag.py:3834} INFO - Setting next_dagrun for dataset_produces_2 to None, run_after=None
[2024-03-09T09:32:44.458+0000] {processor.py:183} INFO - Processing /home/airflow/.local/lib/python3.8/site-packages/airflow/example_dags/example_datasets.py took 0.777 seconds
[2024-03-09T09:33:15.365+0000] {processor.py:161} INFO - Started process (PID=280) to work on /home/airflow/.local/lib/python3.8/site-packages/airflow/example_dags/example_datasets.py
[2024-03-09T09:33:15.381+0000] {processor.py:830} INFO - Processing file /home/airflow/.local/lib/python3.8/site-packages/airflow/example_dags/example_datasets.py for tasks to queue
[2024-03-09T09:33:15.386+0000] {logging_mixin.py:188} INFO - [2024-03-09T09:33:15.385+0000] {dagbag.py:540} INFO - Filling up the DagBag from /home/airflow/.local/lib/python3.8/site-packages/airflow/example_dags/example_datasets.py
[2024-03-09T09:33:15.414+0000] {processor.py:840} INFO - DAG(s) 'dataset_consumes_1_never_scheduled', 'dataset_produces_1', 'dataset_produces_2', 'dataset_consumes_1_and_2', 'dataset_consumes_1', 'dataset_consumes_unknown_never_scheduled' retrieved from /home/airflow/.local/lib/python3.8/site-packages/airflow/example_dags/example_datasets.py
[2024-03-09T09:33:15.511+0000] {logging_mixin.py:188} INFO - [2024-03-09T09:33:15.510+0000] {dag.py:3047} INFO - Sync 6 DAGs
[2024-03-09T09:33:15.559+0000] {logging_mixin.py:188} INFO - [2024-03-09T09:33:15.558+0000] {dag.py:3834} INFO - Setting next_dagrun for dataset_consumes_1 to None, run_after=None
[2024-03-09T09:33:15.564+0000] {logging_mixin.py:188} INFO - [2024-03-09T09:33:15.564+0000] {dag.py:3834} INFO - Setting next_dagrun for dataset_consumes_1_and_2 to None, run_after=None
[2024-03-09T09:33:15.567+0000] {logging_mixin.py:188} INFO - [2024-03-09T09:33:15.567+0000] {dag.py:3834} INFO - Setting next_dagrun for dataset_consumes_1_never_scheduled to None, run_after=None
[2024-03-09T09:33:15.571+0000] {logging_mixin.py:188} INFO - [2024-03-09T09:33:15.570+0000] {dag.py:3834} INFO - Setting next_dagrun for dataset_consumes_unknown_never_scheduled to None, run_after=None
[2024-03-09T09:33:15.576+0000] {logging_mixin.py:188} INFO - [2024-03-09T09:33:15.576+0000] {dag.py:3834} INFO - Setting next_dagrun for dataset_produces_1 to 2024-03-08 00:00:00+00:00, run_after=2024-03-09 00:00:00+00:00
[2024-03-09T09:33:15.578+0000] {logging_mixin.py:188} INFO - [2024-03-09T09:33:15.578+0000] {dag.py:3834} INFO - Setting next_dagrun for dataset_produces_2 to None, run_after=None
[2024-03-09T09:33:15.629+0000] {processor.py:183} INFO - Processing /home/airflow/.local/lib/python3.8/site-packages/airflow/example_dags/example_datasets.py took 0.276 seconds
[2024-03-09T09:33:46.518+0000] {processor.py:161} INFO - Started process (PID=341) to work on /home/airflow/.local/lib/python3.8/site-packages/airflow/example_dags/example_datasets.py
[2024-03-09T09:33:46.520+0000] {processor.py:830} INFO - Processing file /home/airflow/.local/lib/python3.8/site-packages/airflow/example_dags/example_datasets.py for tasks to queue
[2024-03-09T09:33:46.526+0000] {logging_mixin.py:188} INFO - [2024-03-09T09:33:46.525+0000] {dagbag.py:540} INFO - Filling up the DagBag from /home/airflow/.local/lib/python3.8/site-packages/airflow/example_dags/example_datasets.py
[2024-03-09T09:33:46.540+0000] {processor.py:840} INFO - DAG(s) 'dataset_consumes_1', 'dataset_produces_1', 'dataset_consumes_unknown_never_scheduled', 'dataset_consumes_1_never_scheduled', 'dataset_produces_2', 'dataset_consumes_1_and_2' retrieved from /home/airflow/.local/lib/python3.8/site-packages/airflow/example_dags/example_datasets.py
[2024-03-09T09:33:46.597+0000] {logging_mixin.py:188} INFO - [2024-03-09T09:33:46.596+0000] {dag.py:3047} INFO - Sync 6 DAGs
[2024-03-09T09:33:46.629+0000] {logging_mixin.py:188} INFO - [2024-03-09T09:33:46.629+0000] {dag.py:3834} INFO - Setting next_dagrun for dataset_consumes_1 to None, run_after=None
[2024-03-09T09:33:46.635+0000] {logging_mixin.py:188} INFO - [2024-03-09T09:33:46.635+0000] {dag.py:3834} INFO - Setting next_dagrun for dataset_consumes_1_and_2 to None, run_after=None
[2024-03-09T09:33:46.638+0000] {logging_mixin.py:188} INFO - [2024-03-09T09:33:46.638+0000] {dag.py:3834} INFO - Setting next_dagrun for dataset_consumes_1_never_scheduled to None, run_after=None
[2024-03-09T09:33:46.642+0000] {logging_mixin.py:188} INFO - [2024-03-09T09:33:46.642+0000] {dag.py:3834} INFO - Setting next_dagrun for dataset_consumes_unknown_never_scheduled to None, run_after=None
[2024-03-09T09:33:46.648+0000] {logging_mixin.py:188} INFO - [2024-03-09T09:33:46.647+0000] {dag.py:3834} INFO - Setting next_dagrun for dataset_produces_1 to 2024-03-08 00:00:00+00:00, run_after=2024-03-09 00:00:00+00:00
[2024-03-09T09:33:46.651+0000] {logging_mixin.py:188} INFO - [2024-03-09T09:33:46.651+0000] {dag.py:3834} INFO - Setting next_dagrun for dataset_produces_2 to None, run_after=None
[2024-03-09T09:33:46.713+0000] {processor.py:183} INFO - Processing /home/airflow/.local/lib/python3.8/site-packages/airflow/example_dags/example_datasets.py took 0.201 seconds
[2024-03-09T09:34:16.882+0000] {processor.py:161} INFO - Started process (PID=396) to work on /home/airflow/.local/lib/python3.8/site-packages/airflow/example_dags/example_datasets.py
[2024-03-09T09:34:16.884+0000] {processor.py:830} INFO - Processing file /home/airflow/.local/lib/python3.8/site-packages/airflow/example_dags/example_datasets.py for tasks to queue
[2024-03-09T09:34:16.887+0000] {logging_mixin.py:188} INFO - [2024-03-09T09:34:16.887+0000] {dagbag.py:540} INFO - Filling up the DagBag from /home/airflow/.local/lib/python3.8/site-packages/airflow/example_dags/example_datasets.py
[2024-03-09T09:34:16.904+0000] {processor.py:840} INFO - DAG(s) 'dataset_consumes_1_never_scheduled', 'dataset_produces_2', 'dataset_consumes_1', 'dataset_consumes_1_and_2', 'dataset_produces_1', 'dataset_consumes_unknown_never_scheduled' retrieved from /home/airflow/.local/lib/python3.8/site-packages/airflow/example_dags/example_datasets.py
[2024-03-09T09:34:16.959+0000] {logging_mixin.py:188} INFO - [2024-03-09T09:34:16.958+0000] {dag.py:3047} INFO - Sync 6 DAGs
[2024-03-09T09:34:16.992+0000] {logging_mixin.py:188} INFO - [2024-03-09T09:34:16.991+0000] {dag.py:3834} INFO - Setting next_dagrun for dataset_consumes_1 to None, run_after=None
[2024-03-09T09:34:16.996+0000] {logging_mixin.py:188} INFO - [2024-03-09T09:34:16.996+0000] {dag.py:3834} INFO - Setting next_dagrun for dataset_consumes_1_and_2 to None, run_after=None
[2024-03-09T09:34:16.999+0000] {logging_mixin.py:188} INFO - [2024-03-09T09:34:16.999+0000] {dag.py:3834} INFO - Setting next_dagrun for dataset_consumes_1_never_scheduled to None, run_after=None
[2024-03-09T09:34:17.002+0000] {logging_mixin.py:188} INFO - [2024-03-09T09:34:17.002+0000] {dag.py:3834} INFO - Setting next_dagrun for dataset_consumes_unknown_never_scheduled to None, run_after=None
[2024-03-09T09:34:17.006+0000] {logging_mixin.py:188} INFO - [2024-03-09T09:34:17.006+0000] {dag.py:3834} INFO - Setting next_dagrun for dataset_produces_1 to 2024-03-08 00:00:00+00:00, run_after=2024-03-09 00:00:00+00:00
[2024-03-09T09:34:17.009+0000] {logging_mixin.py:188} INFO - [2024-03-09T09:34:17.009+0000] {dag.py:3834} INFO - Setting next_dagrun for dataset_produces_2 to None, run_after=None
[2024-03-09T09:34:17.134+0000] {processor.py:183} INFO - Processing /home/airflow/.local/lib/python3.8/site-packages/airflow/example_dags/example_datasets.py took 0.260 seconds
[2024-03-09T09:34:47.263+0000] {processor.py:161} INFO - Started process (PID=451) to work on /home/airflow/.local/lib/python3.8/site-packages/airflow/example_dags/example_datasets.py
[2024-03-09T09:34:47.283+0000] {processor.py:830} INFO - Processing file /home/airflow/.local/lib/python3.8/site-packages/airflow/example_dags/example_datasets.py for tasks to queue
[2024-03-09T09:34:47.288+0000] {logging_mixin.py:188} INFO - [2024-03-09T09:34:47.287+0000] {dagbag.py:540} INFO - Filling up the DagBag from /home/airflow/.local/lib/python3.8/site-packages/airflow/example_dags/example_datasets.py
[2024-03-09T09:34:47.314+0000] {processor.py:840} INFO - DAG(s) 'dataset_consumes_1', 'dataset_produces_2', 'dataset_produces_1', 'dataset_consumes_1_and_2', 'dataset_consumes_unknown_never_scheduled', 'dataset_consumes_1_never_scheduled' retrieved from /home/airflow/.local/lib/python3.8/site-packages/airflow/example_dags/example_datasets.py
[2024-03-09T09:34:47.490+0000] {logging_mixin.py:188} INFO - [2024-03-09T09:34:47.486+0000] {dag.py:3047} INFO - Sync 6 DAGs
[2024-03-09T09:34:47.574+0000] {logging_mixin.py:188} INFO - [2024-03-09T09:34:47.574+0000] {dag.py:3834} INFO - Setting next_dagrun for dataset_consumes_1 to None, run_after=None
[2024-03-09T09:34:47.582+0000] {logging_mixin.py:188} INFO - [2024-03-09T09:34:47.582+0000] {dag.py:3834} INFO - Setting next_dagrun for dataset_consumes_1_and_2 to None, run_after=None
[2024-03-09T09:34:47.584+0000] {logging_mixin.py:188} INFO - [2024-03-09T09:34:47.584+0000] {dag.py:3834} INFO - Setting next_dagrun for dataset_consumes_1_never_scheduled to None, run_after=None
[2024-03-09T09:34:47.586+0000] {logging_mixin.py:188} INFO - [2024-03-09T09:34:47.586+0000] {dag.py:3834} INFO - Setting next_dagrun for dataset_consumes_unknown_never_scheduled to None, run_after=None
[2024-03-09T09:34:47.591+0000] {logging_mixin.py:188} INFO - [2024-03-09T09:34:47.591+0000] {dag.py:3834} INFO - Setting next_dagrun for dataset_produces_1 to 2024-03-08 00:00:00+00:00, run_after=2024-03-09 00:00:00+00:00
[2024-03-09T09:34:47.593+0000] {logging_mixin.py:188} INFO - [2024-03-09T09:34:47.593+0000] {dag.py:3834} INFO - Setting next_dagrun for dataset_produces_2 to None, run_after=None
[2024-03-09T09:34:47.648+0000] {processor.py:183} INFO - Processing /home/airflow/.local/lib/python3.8/site-packages/airflow/example_dags/example_datasets.py took 0.394 seconds
[2024-03-09T09:35:18.322+0000] {processor.py:161} INFO - Started process (PID=505) to work on /home/airflow/.local/lib/python3.8/site-packages/airflow/example_dags/example_datasets.py
[2024-03-09T09:35:18.324+0000] {processor.py:830} INFO - Processing file /home/airflow/.local/lib/python3.8/site-packages/airflow/example_dags/example_datasets.py for tasks to queue
[2024-03-09T09:35:18.329+0000] {logging_mixin.py:188} INFO - [2024-03-09T09:35:18.328+0000] {dagbag.py:540} INFO - Filling up the DagBag from /home/airflow/.local/lib/python3.8/site-packages/airflow/example_dags/example_datasets.py
[2024-03-09T09:35:18.345+0000] {processor.py:840} INFO - DAG(s) 'dataset_produces_2', 'dataset_consumes_1_and_2', 'dataset_consumes_1', 'dataset_consumes_unknown_never_scheduled', 'dataset_consumes_1_never_scheduled', 'dataset_produces_1' retrieved from /home/airflow/.local/lib/python3.8/site-packages/airflow/example_dags/example_datasets.py
[2024-03-09T09:35:18.418+0000] {logging_mixin.py:188} INFO - [2024-03-09T09:35:18.418+0000] {dag.py:3047} INFO - Sync 6 DAGs
[2024-03-09T09:35:18.455+0000] {logging_mixin.py:188} INFO - [2024-03-09T09:35:18.455+0000] {dag.py:3834} INFO - Setting next_dagrun for dataset_consumes_1 to None, run_after=None
[2024-03-09T09:35:18.461+0000] {logging_mixin.py:188} INFO - [2024-03-09T09:35:18.461+0000] {dag.py:3834} INFO - Setting next_dagrun for dataset_consumes_1_and_2 to None, run_after=None
[2024-03-09T09:35:18.464+0000] {logging_mixin.py:188} INFO - [2024-03-09T09:35:18.464+0000] {dag.py:3834} INFO - Setting next_dagrun for dataset_consumes_1_never_scheduled to None, run_after=None
[2024-03-09T09:35:18.467+0000] {logging_mixin.py:188} INFO - [2024-03-09T09:35:18.466+0000] {dag.py:3834} INFO - Setting next_dagrun for dataset_consumes_unknown_never_scheduled to None, run_after=None
[2024-03-09T09:35:18.471+0000] {logging_mixin.py:188} INFO - [2024-03-09T09:35:18.471+0000] {dag.py:3834} INFO - Setting next_dagrun for dataset_produces_1 to 2024-03-08 00:00:00+00:00, run_after=2024-03-09 00:00:00+00:00
[2024-03-09T09:35:18.474+0000] {logging_mixin.py:188} INFO - [2024-03-09T09:35:18.474+0000] {dag.py:3834} INFO - Setting next_dagrun for dataset_produces_2 to None, run_after=None
[2024-03-09T09:35:18.527+0000] {processor.py:183} INFO - Processing /home/airflow/.local/lib/python3.8/site-packages/airflow/example_dags/example_datasets.py took 0.211 seconds
[2024-03-09T09:35:49.350+0000] {processor.py:161} INFO - Started process (PID=559) to work on /home/airflow/.local/lib/python3.8/site-packages/airflow/example_dags/example_datasets.py
[2024-03-09T09:35:49.352+0000] {processor.py:830} INFO - Processing file /home/airflow/.local/lib/python3.8/site-packages/airflow/example_dags/example_datasets.py for tasks to queue
[2024-03-09T09:35:49.355+0000] {logging_mixin.py:188} INFO - [2024-03-09T09:35:49.355+0000] {dagbag.py:540} INFO - Filling up the DagBag from /home/airflow/.local/lib/python3.8/site-packages/airflow/example_dags/example_datasets.py
[2024-03-09T09:35:49.383+0000] {processor.py:840} INFO - DAG(s) 'dataset_consumes_1_never_scheduled', 'dataset_produces_1', 'dataset_produces_2', 'dataset_consumes_1_and_2', 'dataset_consumes_1', 'dataset_consumes_unknown_never_scheduled' retrieved from /home/airflow/.local/lib/python3.8/site-packages/airflow/example_dags/example_datasets.py
[2024-03-09T09:35:49.469+0000] {logging_mixin.py:188} INFO - [2024-03-09T09:35:49.469+0000] {dag.py:3047} INFO - Sync 6 DAGs
[2024-03-09T09:35:49.540+0000] {logging_mixin.py:188} INFO - [2024-03-09T09:35:49.540+0000] {dag.py:3834} INFO - Setting next_dagrun for dataset_consumes_1 to None, run_after=None
[2024-03-09T09:35:49.624+0000] {logging_mixin.py:188} INFO - [2024-03-09T09:35:49.623+0000] {dag.py:3834} INFO - Setting next_dagrun for dataset_consumes_1_and_2 to None, run_after=None
[2024-03-09T09:35:49.634+0000] {logging_mixin.py:188} INFO - [2024-03-09T09:35:49.633+0000] {dag.py:3834} INFO - Setting next_dagrun for dataset_consumes_1_never_scheduled to None, run_after=None
[2024-03-09T09:35:49.645+0000] {logging_mixin.py:188} INFO - [2024-03-09T09:35:49.645+0000] {dag.py:3834} INFO - Setting next_dagrun for dataset_consumes_unknown_never_scheduled to None, run_after=None
[2024-03-09T09:35:49.673+0000] {logging_mixin.py:188} INFO - [2024-03-09T09:35:49.673+0000] {dag.py:3834} INFO - Setting next_dagrun for dataset_produces_1 to 2024-03-08 00:00:00+00:00, run_after=2024-03-09 00:00:00+00:00
[2024-03-09T09:35:49.677+0000] {logging_mixin.py:188} INFO - [2024-03-09T09:35:49.676+0000] {dag.py:3834} INFO - Setting next_dagrun for dataset_produces_2 to None, run_after=None
[2024-03-09T09:35:50.973+0000] {processor.py:183} INFO - Processing /home/airflow/.local/lib/python3.8/site-packages/airflow/example_dags/example_datasets.py took 1.630 seconds
[2024-03-09T09:36:21.763+0000] {processor.py:161} INFO - Started process (PID=614) to work on /home/airflow/.local/lib/python3.8/site-packages/airflow/example_dags/example_datasets.py
[2024-03-09T09:36:21.765+0000] {processor.py:830} INFO - Processing file /home/airflow/.local/lib/python3.8/site-packages/airflow/example_dags/example_datasets.py for tasks to queue
[2024-03-09T09:36:21.769+0000] {logging_mixin.py:188} INFO - [2024-03-09T09:36:21.768+0000] {dagbag.py:540} INFO - Filling up the DagBag from /home/airflow/.local/lib/python3.8/site-packages/airflow/example_dags/example_datasets.py
[2024-03-09T09:36:21.784+0000] {processor.py:840} INFO - DAG(s) 'dataset_consumes_1_and_2', 'dataset_consumes_1_never_scheduled', 'dataset_produces_2', 'dataset_consumes_unknown_never_scheduled', 'dataset_consumes_1', 'dataset_produces_1' retrieved from /home/airflow/.local/lib/python3.8/site-packages/airflow/example_dags/example_datasets.py
[2024-03-09T09:36:21.844+0000] {logging_mixin.py:188} INFO - [2024-03-09T09:36:21.843+0000] {dag.py:3047} INFO - Sync 6 DAGs
[2024-03-09T09:36:21.875+0000] {logging_mixin.py:188} INFO - [2024-03-09T09:36:21.875+0000] {dag.py:3834} INFO - Setting next_dagrun for dataset_consumes_1 to None, run_after=None
[2024-03-09T09:36:21.880+0000] {logging_mixin.py:188} INFO - [2024-03-09T09:36:21.880+0000] {dag.py:3834} INFO - Setting next_dagrun for dataset_consumes_1_and_2 to None, run_after=None
[2024-03-09T09:36:21.883+0000] {logging_mixin.py:188} INFO - [2024-03-09T09:36:21.883+0000] {dag.py:3834} INFO - Setting next_dagrun for dataset_consumes_1_never_scheduled to None, run_after=None
[2024-03-09T09:36:21.886+0000] {logging_mixin.py:188} INFO - [2024-03-09T09:36:21.885+0000] {dag.py:3834} INFO - Setting next_dagrun for dataset_consumes_unknown_never_scheduled to None, run_after=None
[2024-03-09T09:36:21.892+0000] {logging_mixin.py:188} INFO - [2024-03-09T09:36:21.891+0000] {dag.py:3834} INFO - Setting next_dagrun for dataset_produces_1 to 2024-03-08 00:00:00+00:00, run_after=2024-03-09 00:00:00+00:00
[2024-03-09T09:36:21.895+0000] {logging_mixin.py:188} INFO - [2024-03-09T09:36:21.894+0000] {dag.py:3834} INFO - Setting next_dagrun for dataset_produces_2 to None, run_after=None
[2024-03-09T09:36:21.950+0000] {processor.py:183} INFO - Processing /home/airflow/.local/lib/python3.8/site-packages/airflow/example_dags/example_datasets.py took 0.191 seconds
[2024-03-09T09:36:52.552+0000] {processor.py:161} INFO - Started process (PID=669) to work on /home/airflow/.local/lib/python3.8/site-packages/airflow/example_dags/example_datasets.py
[2024-03-09T09:36:52.553+0000] {processor.py:830} INFO - Processing file /home/airflow/.local/lib/python3.8/site-packages/airflow/example_dags/example_datasets.py for tasks to queue
[2024-03-09T09:36:52.556+0000] {logging_mixin.py:188} INFO - [2024-03-09T09:36:52.556+0000] {dagbag.py:540} INFO - Filling up the DagBag from /home/airflow/.local/lib/python3.8/site-packages/airflow/example_dags/example_datasets.py
[2024-03-09T09:36:52.568+0000] {processor.py:840} INFO - DAG(s) 'dataset_consumes_1_never_scheduled', 'dataset_consumes_unknown_never_scheduled', 'dataset_consumes_1', 'dataset_consumes_1_and_2', 'dataset_produces_2', 'dataset_produces_1' retrieved from /home/airflow/.local/lib/python3.8/site-packages/airflow/example_dags/example_datasets.py
[2024-03-09T09:36:52.621+0000] {logging_mixin.py:188} INFO - [2024-03-09T09:36:52.620+0000] {dag.py:3047} INFO - Sync 6 DAGs
[2024-03-09T09:36:52.660+0000] {logging_mixin.py:188} INFO - [2024-03-09T09:36:52.660+0000] {dag.py:3834} INFO - Setting next_dagrun for dataset_consumes_1 to None, run_after=None
[2024-03-09T09:36:52.665+0000] {logging_mixin.py:188} INFO - [2024-03-09T09:36:52.664+0000] {dag.py:3834} INFO - Setting next_dagrun for dataset_consumes_1_and_2 to None, run_after=None
[2024-03-09T09:36:52.668+0000] {logging_mixin.py:188} INFO - [2024-03-09T09:36:52.668+0000] {dag.py:3834} INFO - Setting next_dagrun for dataset_consumes_1_never_scheduled to None, run_after=None
[2024-03-09T09:36:52.671+0000] {logging_mixin.py:188} INFO - [2024-03-09T09:36:52.670+0000] {dag.py:3834} INFO - Setting next_dagrun for dataset_consumes_unknown_never_scheduled to None, run_after=None
[2024-03-09T09:36:52.675+0000] {logging_mixin.py:188} INFO - [2024-03-09T09:36:52.675+0000] {dag.py:3834} INFO - Setting next_dagrun for dataset_produces_1 to 2024-03-08 00:00:00+00:00, run_after=2024-03-09 00:00:00+00:00
[2024-03-09T09:36:52.678+0000] {logging_mixin.py:188} INFO - [2024-03-09T09:36:52.678+0000] {dag.py:3834} INFO - Setting next_dagrun for dataset_produces_2 to None, run_after=None
[2024-03-09T09:36:52.722+0000] {processor.py:183} INFO - Processing /home/airflow/.local/lib/python3.8/site-packages/airflow/example_dags/example_datasets.py took 0.175 seconds
[2024-03-09T09:37:23.097+0000] {processor.py:161} INFO - Started process (PID=724) to work on /home/airflow/.local/lib/python3.8/site-packages/airflow/example_dags/example_datasets.py
[2024-03-09T09:37:23.099+0000] {processor.py:830} INFO - Processing file /home/airflow/.local/lib/python3.8/site-packages/airflow/example_dags/example_datasets.py for tasks to queue
[2024-03-09T09:37:23.103+0000] {logging_mixin.py:188} INFO - [2024-03-09T09:37:23.102+0000] {dagbag.py:540} INFO - Filling up the DagBag from /home/airflow/.local/lib/python3.8/site-packages/airflow/example_dags/example_datasets.py
[2024-03-09T09:37:23.123+0000] {processor.py:840} INFO - DAG(s) 'dataset_consumes_1', 'dataset_consumes_1_and_2', 'dataset_consumes_1_never_scheduled', 'dataset_consumes_unknown_never_scheduled', 'dataset_produces_2', 'dataset_produces_1' retrieved from /home/airflow/.local/lib/python3.8/site-packages/airflow/example_dags/example_datasets.py
[2024-03-09T09:37:23.240+0000] {logging_mixin.py:188} INFO - [2024-03-09T09:37:23.240+0000] {dag.py:3047} INFO - Sync 6 DAGs
[2024-03-09T09:37:23.408+0000] {logging_mixin.py:188} INFO - [2024-03-09T09:37:23.407+0000] {dag.py:3834} INFO - Setting next_dagrun for dataset_consumes_1 to None, run_after=None
[2024-03-09T09:37:23.415+0000] {logging_mixin.py:188} INFO - [2024-03-09T09:37:23.415+0000] {dag.py:3834} INFO - Setting next_dagrun for dataset_consumes_1_and_2 to None, run_after=None
[2024-03-09T09:37:23.423+0000] {logging_mixin.py:188} INFO - [2024-03-09T09:37:23.422+0000] {dag.py:3834} INFO - Setting next_dagrun for dataset_consumes_1_never_scheduled to None, run_after=None
[2024-03-09T09:37:23.427+0000] {logging_mixin.py:188} INFO - [2024-03-09T09:37:23.426+0000] {dag.py:3834} INFO - Setting next_dagrun for dataset_consumes_unknown_never_scheduled to None, run_after=None
[2024-03-09T09:37:23.434+0000] {logging_mixin.py:188} INFO - [2024-03-09T09:37:23.434+0000] {dag.py:3834} INFO - Setting next_dagrun for dataset_produces_1 to 2024-03-08 00:00:00+00:00, run_after=2024-03-09 00:00:00+00:00
[2024-03-09T09:37:23.437+0000] {logging_mixin.py:188} INFO - [2024-03-09T09:37:23.437+0000] {dag.py:3834} INFO - Setting next_dagrun for dataset_produces_2 to None, run_after=None
[2024-03-09T09:37:23.507+0000] {processor.py:183} INFO - Processing /home/airflow/.local/lib/python3.8/site-packages/airflow/example_dags/example_datasets.py took 0.416 seconds
[2024-03-09T09:37:53.978+0000] {processor.py:161} INFO - Started process (PID=779) to work on /home/airflow/.local/lib/python3.8/site-packages/airflow/example_dags/example_datasets.py
[2024-03-09T09:37:53.980+0000] {processor.py:830} INFO - Processing file /home/airflow/.local/lib/python3.8/site-packages/airflow/example_dags/example_datasets.py for tasks to queue
[2024-03-09T09:37:53.984+0000] {logging_mixin.py:188} INFO - [2024-03-09T09:37:53.983+0000] {dagbag.py:540} INFO - Filling up the DagBag from /home/airflow/.local/lib/python3.8/site-packages/airflow/example_dags/example_datasets.py
[2024-03-09T09:37:54.001+0000] {processor.py:840} INFO - DAG(s) 'dataset_consumes_1_and_2', 'dataset_consumes_1_never_scheduled', 'dataset_produces_1', 'dataset_produces_2', 'dataset_consumes_unknown_never_scheduled', 'dataset_consumes_1' retrieved from /home/airflow/.local/lib/python3.8/site-packages/airflow/example_dags/example_datasets.py
[2024-03-09T09:37:54.064+0000] {logging_mixin.py:188} INFO - [2024-03-09T09:37:54.064+0000] {dag.py:3047} INFO - Sync 6 DAGs
[2024-03-09T09:37:54.094+0000] {logging_mixin.py:188} INFO - [2024-03-09T09:37:54.094+0000] {dag.py:3834} INFO - Setting next_dagrun for dataset_consumes_1 to None, run_after=None
[2024-03-09T09:37:54.100+0000] {logging_mixin.py:188} INFO - [2024-03-09T09:37:54.100+0000] {dag.py:3834} INFO - Setting next_dagrun for dataset_consumes_1_and_2 to None, run_after=None
[2024-03-09T09:37:54.103+0000] {logging_mixin.py:188} INFO - [2024-03-09T09:37:54.102+0000] {dag.py:3834} INFO - Setting next_dagrun for dataset_consumes_1_never_scheduled to None, run_after=None
[2024-03-09T09:37:54.108+0000] {logging_mixin.py:188} INFO - [2024-03-09T09:37:54.107+0000] {dag.py:3834} INFO - Setting next_dagrun for dataset_consumes_unknown_never_scheduled to None, run_after=None
[2024-03-09T09:37:54.113+0000] {logging_mixin.py:188} INFO - [2024-03-09T09:37:54.112+0000] {dag.py:3834} INFO - Setting next_dagrun for dataset_produces_1 to 2024-03-08 00:00:00+00:00, run_after=2024-03-09 00:00:00+00:00
[2024-03-09T09:37:54.116+0000] {logging_mixin.py:188} INFO - [2024-03-09T09:37:54.116+0000] {dag.py:3834} INFO - Setting next_dagrun for dataset_produces_2 to None, run_after=None
[2024-03-09T09:37:54.163+0000] {processor.py:183} INFO - Processing /home/airflow/.local/lib/python3.8/site-packages/airflow/example_dags/example_datasets.py took 0.191 seconds
[2024-03-09T09:38:24.595+0000] {processor.py:161} INFO - Started process (PID=834) to work on /home/airflow/.local/lib/python3.8/site-packages/airflow/example_dags/example_datasets.py
[2024-03-09T09:38:24.597+0000] {processor.py:830} INFO - Processing file /home/airflow/.local/lib/python3.8/site-packages/airflow/example_dags/example_datasets.py for tasks to queue
[2024-03-09T09:38:24.601+0000] {logging_mixin.py:188} INFO - [2024-03-09T09:38:24.601+0000] {dagbag.py:540} INFO - Filling up the DagBag from /home/airflow/.local/lib/python3.8/site-packages/airflow/example_dags/example_datasets.py
[2024-03-09T09:38:24.633+0000] {processor.py:840} INFO - DAG(s) 'dataset_consumes_unknown_never_scheduled', 'dataset_consumes_1_and_2', 'dataset_produces_2', 'dataset_produces_1', 'dataset_consumes_1_never_scheduled', 'dataset_consumes_1' retrieved from /home/airflow/.local/lib/python3.8/site-packages/airflow/example_dags/example_datasets.py
[2024-03-09T09:38:24.731+0000] {logging_mixin.py:188} INFO - [2024-03-09T09:38:24.730+0000] {dag.py:3047} INFO - Sync 6 DAGs
[2024-03-09T09:38:24.761+0000] {logging_mixin.py:188} INFO - [2024-03-09T09:38:24.760+0000] {dag.py:3834} INFO - Setting next_dagrun for dataset_consumes_1 to None, run_after=None
[2024-03-09T09:38:24.765+0000] {logging_mixin.py:188} INFO - [2024-03-09T09:38:24.765+0000] {dag.py:3834} INFO - Setting next_dagrun for dataset_consumes_1_and_2 to None, run_after=None
[2024-03-09T09:38:24.768+0000] {logging_mixin.py:188} INFO - [2024-03-09T09:38:24.767+0000] {dag.py:3834} INFO - Setting next_dagrun for dataset_consumes_1_never_scheduled to None, run_after=None
[2024-03-09T09:38:24.770+0000] {logging_mixin.py:188} INFO - [2024-03-09T09:38:24.770+0000] {dag.py:3834} INFO - Setting next_dagrun for dataset_consumes_unknown_never_scheduled to None, run_after=None
[2024-03-09T09:38:24.774+0000] {logging_mixin.py:188} INFO - [2024-03-09T09:38:24.774+0000] {dag.py:3834} INFO - Setting next_dagrun for dataset_produces_1 to 2024-03-08 00:00:00+00:00, run_after=2024-03-09 00:00:00+00:00
[2024-03-09T09:38:24.776+0000] {logging_mixin.py:188} INFO - [2024-03-09T09:38:24.776+0000] {dag.py:3834} INFO - Setting next_dagrun for dataset_produces_2 to None, run_after=None
[2024-03-09T09:38:24.822+0000] {processor.py:183} INFO - Processing /home/airflow/.local/lib/python3.8/site-packages/airflow/example_dags/example_datasets.py took 0.233 seconds
[2024-03-09T09:38:55.781+0000] {processor.py:161} INFO - Started process (PID=888) to work on /home/airflow/.local/lib/python3.8/site-packages/airflow/example_dags/example_datasets.py
[2024-03-09T09:38:55.785+0000] {processor.py:830} INFO - Processing file /home/airflow/.local/lib/python3.8/site-packages/airflow/example_dags/example_datasets.py for tasks to queue
[2024-03-09T09:38:55.792+0000] {logging_mixin.py:188} INFO - [2024-03-09T09:38:55.791+0000] {dagbag.py:540} INFO - Filling up the DagBag from /home/airflow/.local/lib/python3.8/site-packages/airflow/example_dags/example_datasets.py
[2024-03-09T09:38:55.809+0000] {processor.py:840} INFO - DAG(s) 'dataset_consumes_unknown_never_scheduled', 'dataset_consumes_1', 'dataset_consumes_1_and_2', 'dataset_consumes_1_never_scheduled', 'dataset_produces_2', 'dataset_produces_1' retrieved from /home/airflow/.local/lib/python3.8/site-packages/airflow/example_dags/example_datasets.py
[2024-03-09T09:38:55.885+0000] {logging_mixin.py:188} INFO - [2024-03-09T09:38:55.884+0000] {dag.py:3047} INFO - Sync 6 DAGs
[2024-03-09T09:38:55.923+0000] {logging_mixin.py:188} INFO - [2024-03-09T09:38:55.922+0000] {dag.py:3834} INFO - Setting next_dagrun for dataset_consumes_1 to None, run_after=None
[2024-03-09T09:38:55.951+0000] {logging_mixin.py:188} INFO - [2024-03-09T09:38:55.951+0000] {dag.py:3834} INFO - Setting next_dagrun for dataset_consumes_1_and_2 to None, run_after=None
[2024-03-09T09:38:55.954+0000] {logging_mixin.py:188} INFO - [2024-03-09T09:38:55.954+0000] {dag.py:3834} INFO - Setting next_dagrun for dataset_consumes_1_never_scheduled to None, run_after=None
[2024-03-09T09:38:55.959+0000] {logging_mixin.py:188} INFO - [2024-03-09T09:38:55.959+0000] {dag.py:3834} INFO - Setting next_dagrun for dataset_consumes_unknown_never_scheduled to None, run_after=None
[2024-03-09T09:38:55.964+0000] {logging_mixin.py:188} INFO - [2024-03-09T09:38:55.964+0000] {dag.py:3834} INFO - Setting next_dagrun for dataset_produces_1 to 2024-03-08 00:00:00+00:00, run_after=2024-03-09 00:00:00+00:00
[2024-03-09T09:38:55.968+0000] {logging_mixin.py:188} INFO - [2024-03-09T09:38:55.968+0000] {dag.py:3834} INFO - Setting next_dagrun for dataset_produces_2 to None, run_after=None
[2024-03-09T09:38:56.043+0000] {processor.py:183} INFO - Processing /home/airflow/.local/lib/python3.8/site-packages/airflow/example_dags/example_datasets.py took 0.269 seconds
