[2024-03-09T09:31:07.543+0000] {processor.py:161} INFO - Started process (PID=54) to work on /home/airflow/.local/lib/python3.8/site-packages/airflow/example_dags/example_setup_teardown.py
[2024-03-09T09:31:07.546+0000] {processor.py:830} INFO - Processing file /home/airflow/.local/lib/python3.8/site-packages/airflow/example_dags/example_setup_teardown.py for tasks to queue
[2024-03-09T09:31:07.550+0000] {logging_mixin.py:188} INFO - [2024-03-09T09:31:07.550+0000] {dagbag.py:540} INFO - Filling up the DagBag from /home/airflow/.local/lib/python3.8/site-packages/airflow/example_dags/example_setup_teardown.py
[2024-03-09T09:31:07.574+0000] {processor.py:840} INFO - DAG(s) 'example_setup_teardown' retrieved from /home/airflow/.local/lib/python3.8/site-packages/airflow/example_dags/example_setup_teardown.py
[2024-03-09T09:31:07.786+0000] {logging_mixin.py:188} INFO - [2024-03-09T09:31:07.785+0000] {dag.py:3047} INFO - Sync 1 DAGs
[2024-03-09T09:31:07.846+0000] {logging_mixin.py:188} INFO - [2024-03-09T09:31:07.846+0000] {dag.py:3834} INFO - Setting next_dagrun for example_setup_teardown to 2024-03-08 00:00:00+00:00, run_after=2024-03-09 00:00:00+00:00
[2024-03-09T09:31:07.903+0000] {processor.py:183} INFO - Processing /home/airflow/.local/lib/python3.8/site-packages/airflow/example_dags/example_setup_teardown.py took 0.370 seconds
[2024-03-09T09:31:38.021+0000] {processor.py:161} INFO - Started process (PID=109) to work on /home/airflow/.local/lib/python3.8/site-packages/airflow/example_dags/example_setup_teardown.py
[2024-03-09T09:31:38.023+0000] {processor.py:830} INFO - Processing file /home/airflow/.local/lib/python3.8/site-packages/airflow/example_dags/example_setup_teardown.py for tasks to queue
[2024-03-09T09:31:38.026+0000] {logging_mixin.py:188} INFO - [2024-03-09T09:31:38.026+0000] {dagbag.py:540} INFO - Filling up the DagBag from /home/airflow/.local/lib/python3.8/site-packages/airflow/example_dags/example_setup_teardown.py
[2024-03-09T09:31:38.038+0000] {processor.py:840} INFO - DAG(s) 'example_setup_teardown' retrieved from /home/airflow/.local/lib/python3.8/site-packages/airflow/example_dags/example_setup_teardown.py
[2024-03-09T09:31:38.073+0000] {logging_mixin.py:188} INFO - [2024-03-09T09:31:38.073+0000] {dag.py:3047} INFO - Sync 1 DAGs
[2024-03-09T09:31:38.113+0000] {logging_mixin.py:188} INFO - [2024-03-09T09:31:38.113+0000] {dag.py:3834} INFO - Setting next_dagrun for example_setup_teardown to 2024-03-08 00:00:00+00:00, run_after=2024-03-09 00:00:00+00:00
[2024-03-09T09:31:38.146+0000] {processor.py:183} INFO - Processing /home/airflow/.local/lib/python3.8/site-packages/airflow/example_dags/example_setup_teardown.py took 0.131 seconds
[2024-03-09T09:32:08.503+0000] {processor.py:161} INFO - Started process (PID=163) to work on /home/airflow/.local/lib/python3.8/site-packages/airflow/example_dags/example_setup_teardown.py
[2024-03-09T09:32:08.506+0000] {processor.py:830} INFO - Processing file /home/airflow/.local/lib/python3.8/site-packages/airflow/example_dags/example_setup_teardown.py for tasks to queue
[2024-03-09T09:32:08.509+0000] {logging_mixin.py:188} INFO - [2024-03-09T09:32:08.509+0000] {dagbag.py:540} INFO - Filling up the DagBag from /home/airflow/.local/lib/python3.8/site-packages/airflow/example_dags/example_setup_teardown.py
[2024-03-09T09:32:08.526+0000] {processor.py:840} INFO - DAG(s) 'example_setup_teardown' retrieved from /home/airflow/.local/lib/python3.8/site-packages/airflow/example_dags/example_setup_teardown.py
[2024-03-09T09:32:08.572+0000] {logging_mixin.py:188} INFO - [2024-03-09T09:32:08.571+0000] {dag.py:3047} INFO - Sync 1 DAGs
[2024-03-09T09:32:08.618+0000] {logging_mixin.py:188} INFO - [2024-03-09T09:32:08.618+0000] {dag.py:3834} INFO - Setting next_dagrun for example_setup_teardown to 2024-03-08 00:00:00+00:00, run_after=2024-03-09 00:00:00+00:00
[2024-03-09T09:32:08.656+0000] {processor.py:183} INFO - Processing /home/airflow/.local/lib/python3.8/site-packages/airflow/example_dags/example_setup_teardown.py took 0.164 seconds
[2024-03-09T09:32:39.181+0000] {processor.py:161} INFO - Started process (PID=217) to work on /home/airflow/.local/lib/python3.8/site-packages/airflow/example_dags/example_setup_teardown.py
[2024-03-09T09:32:39.187+0000] {processor.py:830} INFO - Processing file /home/airflow/.local/lib/python3.8/site-packages/airflow/example_dags/example_setup_teardown.py for tasks to queue
[2024-03-09T09:32:39.195+0000] {logging_mixin.py:188} INFO - [2024-03-09T09:32:39.194+0000] {dagbag.py:540} INFO - Filling up the DagBag from /home/airflow/.local/lib/python3.8/site-packages/airflow/example_dags/example_setup_teardown.py
[2024-03-09T09:32:39.212+0000] {processor.py:840} INFO - DAG(s) 'example_setup_teardown' retrieved from /home/airflow/.local/lib/python3.8/site-packages/airflow/example_dags/example_setup_teardown.py
[2024-03-09T09:32:39.266+0000] {logging_mixin.py:188} INFO - [2024-03-09T09:32:39.266+0000] {dag.py:3047} INFO - Sync 1 DAGs
[2024-03-09T09:32:39.340+0000] {logging_mixin.py:188} INFO - [2024-03-09T09:32:39.339+0000] {dag.py:3834} INFO - Setting next_dagrun for example_setup_teardown to 2024-03-08 00:00:00+00:00, run_after=2024-03-09 00:00:00+00:00
[2024-03-09T09:32:39.405+0000] {processor.py:183} INFO - Processing /home/airflow/.local/lib/python3.8/site-packages/airflow/example_dags/example_setup_teardown.py took 0.229 seconds
[2024-03-09T09:33:10.141+0000] {processor.py:161} INFO - Started process (PID=272) to work on /home/airflow/.local/lib/python3.8/site-packages/airflow/example_dags/example_setup_teardown.py
[2024-03-09T09:33:10.142+0000] {processor.py:830} INFO - Processing file /home/airflow/.local/lib/python3.8/site-packages/airflow/example_dags/example_setup_teardown.py for tasks to queue
[2024-03-09T09:33:10.145+0000] {logging_mixin.py:188} INFO - [2024-03-09T09:33:10.145+0000] {dagbag.py:540} INFO - Filling up the DagBag from /home/airflow/.local/lib/python3.8/site-packages/airflow/example_dags/example_setup_teardown.py
[2024-03-09T09:33:10.158+0000] {processor.py:840} INFO - DAG(s) 'example_setup_teardown' retrieved from /home/airflow/.local/lib/python3.8/site-packages/airflow/example_dags/example_setup_teardown.py
[2024-03-09T09:33:10.187+0000] {logging_mixin.py:188} INFO - [2024-03-09T09:33:10.187+0000] {dag.py:3047} INFO - Sync 1 DAGs
[2024-03-09T09:33:10.216+0000] {logging_mixin.py:188} INFO - [2024-03-09T09:33:10.216+0000] {dag.py:3834} INFO - Setting next_dagrun for example_setup_teardown to 2024-03-08 00:00:00+00:00, run_after=2024-03-09 00:00:00+00:00
[2024-03-09T09:33:10.244+0000] {processor.py:183} INFO - Processing /home/airflow/.local/lib/python3.8/site-packages/airflow/example_dags/example_setup_teardown.py took 0.112 seconds
[2024-03-09T09:33:40.745+0000] {processor.py:161} INFO - Started process (PID=327) to work on /home/airflow/.local/lib/python3.8/site-packages/airflow/example_dags/example_setup_teardown.py
[2024-03-09T09:33:40.747+0000] {processor.py:830} INFO - Processing file /home/airflow/.local/lib/python3.8/site-packages/airflow/example_dags/example_setup_teardown.py for tasks to queue
[2024-03-09T09:33:40.750+0000] {logging_mixin.py:188} INFO - [2024-03-09T09:33:40.749+0000] {dagbag.py:540} INFO - Filling up the DagBag from /home/airflow/.local/lib/python3.8/site-packages/airflow/example_dags/example_setup_teardown.py
[2024-03-09T09:33:40.762+0000] {processor.py:840} INFO - DAG(s) 'example_setup_teardown' retrieved from /home/airflow/.local/lib/python3.8/site-packages/airflow/example_dags/example_setup_teardown.py
[2024-03-09T09:33:40.791+0000] {logging_mixin.py:188} INFO - [2024-03-09T09:33:40.791+0000] {dag.py:3047} INFO - Sync 1 DAGs
[2024-03-09T09:33:40.820+0000] {logging_mixin.py:188} INFO - [2024-03-09T09:33:40.819+0000] {dag.py:3834} INFO - Setting next_dagrun for example_setup_teardown to 2024-03-08 00:00:00+00:00, run_after=2024-03-09 00:00:00+00:00
[2024-03-09T09:33:40.844+0000] {processor.py:183} INFO - Processing /home/airflow/.local/lib/python3.8/site-packages/airflow/example_dags/example_setup_teardown.py took 0.103 seconds
[2024-03-09T09:34:10.982+0000] {processor.py:161} INFO - Started process (PID=382) to work on /home/airflow/.local/lib/python3.8/site-packages/airflow/example_dags/example_setup_teardown.py
[2024-03-09T09:34:10.984+0000] {processor.py:830} INFO - Processing file /home/airflow/.local/lib/python3.8/site-packages/airflow/example_dags/example_setup_teardown.py for tasks to queue
[2024-03-09T09:34:10.987+0000] {logging_mixin.py:188} INFO - [2024-03-09T09:34:10.987+0000] {dagbag.py:540} INFO - Filling up the DagBag from /home/airflow/.local/lib/python3.8/site-packages/airflow/example_dags/example_setup_teardown.py
[2024-03-09T09:34:10.996+0000] {processor.py:840} INFO - DAG(s) 'example_setup_teardown' retrieved from /home/airflow/.local/lib/python3.8/site-packages/airflow/example_dags/example_setup_teardown.py
[2024-03-09T09:34:11.034+0000] {logging_mixin.py:188} INFO - [2024-03-09T09:34:11.034+0000] {dag.py:3047} INFO - Sync 1 DAGs
[2024-03-09T09:34:11.065+0000] {logging_mixin.py:188} INFO - [2024-03-09T09:34:11.064+0000] {dag.py:3834} INFO - Setting next_dagrun for example_setup_teardown to 2024-03-08 00:00:00+00:00, run_after=2024-03-09 00:00:00+00:00
[2024-03-09T09:34:11.137+0000] {processor.py:183} INFO - Processing /home/airflow/.local/lib/python3.8/site-packages/airflow/example_dags/example_setup_teardown.py took 0.160 seconds
[2024-03-09T09:34:41.550+0000] {processor.py:161} INFO - Started process (PID=437) to work on /home/airflow/.local/lib/python3.8/site-packages/airflow/example_dags/example_setup_teardown.py
[2024-03-09T09:34:41.552+0000] {processor.py:830} INFO - Processing file /home/airflow/.local/lib/python3.8/site-packages/airflow/example_dags/example_setup_teardown.py for tasks to queue
[2024-03-09T09:34:41.555+0000] {logging_mixin.py:188} INFO - [2024-03-09T09:34:41.554+0000] {dagbag.py:540} INFO - Filling up the DagBag from /home/airflow/.local/lib/python3.8/site-packages/airflow/example_dags/example_setup_teardown.py
[2024-03-09T09:34:41.566+0000] {processor.py:840} INFO - DAG(s) 'example_setup_teardown' retrieved from /home/airflow/.local/lib/python3.8/site-packages/airflow/example_dags/example_setup_teardown.py
[2024-03-09T09:34:41.617+0000] {logging_mixin.py:188} INFO - [2024-03-09T09:34:41.616+0000] {dag.py:3047} INFO - Sync 1 DAGs
[2024-03-09T09:34:41.674+0000] {logging_mixin.py:188} INFO - [2024-03-09T09:34:41.673+0000] {dag.py:3834} INFO - Setting next_dagrun for example_setup_teardown to 2024-03-08 00:00:00+00:00, run_after=2024-03-09 00:00:00+00:00
[2024-03-09T09:34:41.717+0000] {processor.py:183} INFO - Processing /home/airflow/.local/lib/python3.8/site-packages/airflow/example_dags/example_setup_teardown.py took 0.172 seconds
[2024-03-09T09:35:12.637+0000] {processor.py:161} INFO - Started process (PID=492) to work on /home/airflow/.local/lib/python3.8/site-packages/airflow/example_dags/example_setup_teardown.py
[2024-03-09T09:35:12.639+0000] {processor.py:830} INFO - Processing file /home/airflow/.local/lib/python3.8/site-packages/airflow/example_dags/example_setup_teardown.py for tasks to queue
[2024-03-09T09:35:12.642+0000] {logging_mixin.py:188} INFO - [2024-03-09T09:35:12.642+0000] {dagbag.py:540} INFO - Filling up the DagBag from /home/airflow/.local/lib/python3.8/site-packages/airflow/example_dags/example_setup_teardown.py
[2024-03-09T09:35:12.662+0000] {processor.py:840} INFO - DAG(s) 'example_setup_teardown' retrieved from /home/airflow/.local/lib/python3.8/site-packages/airflow/example_dags/example_setup_teardown.py
[2024-03-09T09:35:12.803+0000] {logging_mixin.py:188} INFO - [2024-03-09T09:35:12.802+0000] {dag.py:3047} INFO - Sync 1 DAGs
[2024-03-09T09:35:13.062+0000] {logging_mixin.py:188} INFO - [2024-03-09T09:35:13.062+0000] {dag.py:3834} INFO - Setting next_dagrun for example_setup_teardown to 2024-03-08 00:00:00+00:00, run_after=2024-03-09 00:00:00+00:00
[2024-03-09T09:35:13.123+0000] {processor.py:183} INFO - Processing /home/airflow/.local/lib/python3.8/site-packages/airflow/example_dags/example_setup_teardown.py took 0.496 seconds
[2024-03-09T09:35:43.407+0000] {processor.py:161} INFO - Started process (PID=546) to work on /home/airflow/.local/lib/python3.8/site-packages/airflow/example_dags/example_setup_teardown.py
[2024-03-09T09:35:43.410+0000] {processor.py:830} INFO - Processing file /home/airflow/.local/lib/python3.8/site-packages/airflow/example_dags/example_setup_teardown.py for tasks to queue
[2024-03-09T09:35:43.414+0000] {logging_mixin.py:188} INFO - [2024-03-09T09:35:43.414+0000] {dagbag.py:540} INFO - Filling up the DagBag from /home/airflow/.local/lib/python3.8/site-packages/airflow/example_dags/example_setup_teardown.py
[2024-03-09T09:35:43.425+0000] {processor.py:840} INFO - DAG(s) 'example_setup_teardown' retrieved from /home/airflow/.local/lib/python3.8/site-packages/airflow/example_dags/example_setup_teardown.py
[2024-03-09T09:35:43.457+0000] {logging_mixin.py:188} INFO - [2024-03-09T09:35:43.457+0000] {dag.py:3047} INFO - Sync 1 DAGs
[2024-03-09T09:35:43.486+0000] {logging_mixin.py:188} INFO - [2024-03-09T09:35:43.486+0000] {dag.py:3834} INFO - Setting next_dagrun for example_setup_teardown to 2024-03-08 00:00:00+00:00, run_after=2024-03-09 00:00:00+00:00
[2024-03-09T09:35:43.514+0000] {processor.py:183} INFO - Processing /home/airflow/.local/lib/python3.8/site-packages/airflow/example_dags/example_setup_teardown.py took 0.113 seconds
[2024-03-09T09:36:15.009+0000] {processor.py:161} INFO - Started process (PID=600) to work on /home/airflow/.local/lib/python3.8/site-packages/airflow/example_dags/example_setup_teardown.py
[2024-03-09T09:36:15.013+0000] {processor.py:830} INFO - Processing file /home/airflow/.local/lib/python3.8/site-packages/airflow/example_dags/example_setup_teardown.py for tasks to queue
[2024-03-09T09:36:15.023+0000] {logging_mixin.py:188} INFO - [2024-03-09T09:36:15.022+0000] {dagbag.py:540} INFO - Filling up the DagBag from /home/airflow/.local/lib/python3.8/site-packages/airflow/example_dags/example_setup_teardown.py
[2024-03-09T09:36:15.034+0000] {processor.py:840} INFO - DAG(s) 'example_setup_teardown' retrieved from /home/airflow/.local/lib/python3.8/site-packages/airflow/example_dags/example_setup_teardown.py
[2024-03-09T09:36:15.070+0000] {logging_mixin.py:188} INFO - [2024-03-09T09:36:15.069+0000] {dag.py:3047} INFO - Sync 1 DAGs
[2024-03-09T09:36:15.117+0000] {logging_mixin.py:188} INFO - [2024-03-09T09:36:15.116+0000] {dag.py:3834} INFO - Setting next_dagrun for example_setup_teardown to 2024-03-08 00:00:00+00:00, run_after=2024-03-09 00:00:00+00:00
[2024-03-09T09:36:15.151+0000] {processor.py:183} INFO - Processing /home/airflow/.local/lib/python3.8/site-packages/airflow/example_dags/example_setup_teardown.py took 0.147 seconds
[2024-03-09T09:36:45.823+0000] {processor.py:161} INFO - Started process (PID=655) to work on /home/airflow/.local/lib/python3.8/site-packages/airflow/example_dags/example_setup_teardown.py
[2024-03-09T09:36:45.825+0000] {processor.py:830} INFO - Processing file /home/airflow/.local/lib/python3.8/site-packages/airflow/example_dags/example_setup_teardown.py for tasks to queue
[2024-03-09T09:36:45.828+0000] {logging_mixin.py:188} INFO - [2024-03-09T09:36:45.828+0000] {dagbag.py:540} INFO - Filling up the DagBag from /home/airflow/.local/lib/python3.8/site-packages/airflow/example_dags/example_setup_teardown.py
[2024-03-09T09:36:45.838+0000] {processor.py:840} INFO - DAG(s) 'example_setup_teardown' retrieved from /home/airflow/.local/lib/python3.8/site-packages/airflow/example_dags/example_setup_teardown.py
[2024-03-09T09:36:45.872+0000] {logging_mixin.py:188} INFO - [2024-03-09T09:36:45.871+0000] {dag.py:3047} INFO - Sync 1 DAGs
[2024-03-09T09:36:45.910+0000] {logging_mixin.py:188} INFO - [2024-03-09T09:36:45.910+0000] {dag.py:3834} INFO - Setting next_dagrun for example_setup_teardown to 2024-03-08 00:00:00+00:00, run_after=2024-03-09 00:00:00+00:00
[2024-03-09T09:36:45.942+0000] {processor.py:183} INFO - Processing /home/airflow/.local/lib/python3.8/site-packages/airflow/example_dags/example_setup_teardown.py took 0.125 seconds
[2024-03-09T09:37:16.126+0000] {processor.py:161} INFO - Started process (PID=710) to work on /home/airflow/.local/lib/python3.8/site-packages/airflow/example_dags/example_setup_teardown.py
[2024-03-09T09:37:16.128+0000] {processor.py:830} INFO - Processing file /home/airflow/.local/lib/python3.8/site-packages/airflow/example_dags/example_setup_teardown.py for tasks to queue
[2024-03-09T09:37:16.131+0000] {logging_mixin.py:188} INFO - [2024-03-09T09:37:16.131+0000] {dagbag.py:540} INFO - Filling up the DagBag from /home/airflow/.local/lib/python3.8/site-packages/airflow/example_dags/example_setup_teardown.py
[2024-03-09T09:37:16.142+0000] {processor.py:840} INFO - DAG(s) 'example_setup_teardown' retrieved from /home/airflow/.local/lib/python3.8/site-packages/airflow/example_dags/example_setup_teardown.py
[2024-03-09T09:37:16.181+0000] {logging_mixin.py:188} INFO - [2024-03-09T09:37:16.180+0000] {dag.py:3047} INFO - Sync 1 DAGs
[2024-03-09T09:37:16.239+0000] {logging_mixin.py:188} INFO - [2024-03-09T09:37:16.238+0000] {dag.py:3834} INFO - Setting next_dagrun for example_setup_teardown to 2024-03-08 00:00:00+00:00, run_after=2024-03-09 00:00:00+00:00
[2024-03-09T09:37:16.279+0000] {processor.py:183} INFO - Processing /home/airflow/.local/lib/python3.8/site-packages/airflow/example_dags/example_setup_teardown.py took 0.159 seconds
[2024-03-09T09:37:46.780+0000] {processor.py:161} INFO - Started process (PID=765) to work on /home/airflow/.local/lib/python3.8/site-packages/airflow/example_dags/example_setup_teardown.py
[2024-03-09T09:37:46.781+0000] {processor.py:830} INFO - Processing file /home/airflow/.local/lib/python3.8/site-packages/airflow/example_dags/example_setup_teardown.py for tasks to queue
[2024-03-09T09:37:46.784+0000] {logging_mixin.py:188} INFO - [2024-03-09T09:37:46.784+0000] {dagbag.py:540} INFO - Filling up the DagBag from /home/airflow/.local/lib/python3.8/site-packages/airflow/example_dags/example_setup_teardown.py
[2024-03-09T09:37:46.794+0000] {processor.py:840} INFO - DAG(s) 'example_setup_teardown' retrieved from /home/airflow/.local/lib/python3.8/site-packages/airflow/example_dags/example_setup_teardown.py
[2024-03-09T09:37:46.823+0000] {logging_mixin.py:188} INFO - [2024-03-09T09:37:46.823+0000] {dag.py:3047} INFO - Sync 1 DAGs
[2024-03-09T09:37:46.859+0000] {logging_mixin.py:188} INFO - [2024-03-09T09:37:46.858+0000] {dag.py:3834} INFO - Setting next_dagrun for example_setup_teardown to 2024-03-08 00:00:00+00:00, run_after=2024-03-09 00:00:00+00:00
[2024-03-09T09:37:46.891+0000] {processor.py:183} INFO - Processing /home/airflow/.local/lib/python3.8/site-packages/airflow/example_dags/example_setup_teardown.py took 0.117 seconds
[2024-03-09T09:38:17.301+0000] {processor.py:161} INFO - Started process (PID=820) to work on /home/airflow/.local/lib/python3.8/site-packages/airflow/example_dags/example_setup_teardown.py
[2024-03-09T09:38:17.302+0000] {processor.py:830} INFO - Processing file /home/airflow/.local/lib/python3.8/site-packages/airflow/example_dags/example_setup_teardown.py for tasks to queue
[2024-03-09T09:38:17.306+0000] {logging_mixin.py:188} INFO - [2024-03-09T09:38:17.306+0000] {dagbag.py:540} INFO - Filling up the DagBag from /home/airflow/.local/lib/python3.8/site-packages/airflow/example_dags/example_setup_teardown.py
[2024-03-09T09:38:17.314+0000] {processor.py:840} INFO - DAG(s) 'example_setup_teardown' retrieved from /home/airflow/.local/lib/python3.8/site-packages/airflow/example_dags/example_setup_teardown.py
[2024-03-09T09:38:17.345+0000] {logging_mixin.py:188} INFO - [2024-03-09T09:38:17.344+0000] {dag.py:3047} INFO - Sync 1 DAGs
[2024-03-09T09:38:17.373+0000] {logging_mixin.py:188} INFO - [2024-03-09T09:38:17.372+0000] {dag.py:3834} INFO - Setting next_dagrun for example_setup_teardown to 2024-03-08 00:00:00+00:00, run_after=2024-03-09 00:00:00+00:00
[2024-03-09T09:38:17.403+0000] {processor.py:183} INFO - Processing /home/airflow/.local/lib/python3.8/site-packages/airflow/example_dags/example_setup_teardown.py took 0.107 seconds
[2024-03-09T09:38:48.059+0000] {processor.py:161} INFO - Started process (PID=880) to work on /home/airflow/.local/lib/python3.8/site-packages/airflow/example_dags/example_setup_teardown.py
[2024-03-09T09:38:48.061+0000] {processor.py:830} INFO - Processing file /home/airflow/.local/lib/python3.8/site-packages/airflow/example_dags/example_setup_teardown.py for tasks to queue
[2024-03-09T09:38:48.064+0000] {logging_mixin.py:188} INFO - [2024-03-09T09:38:48.063+0000] {dagbag.py:540} INFO - Filling up the DagBag from /home/airflow/.local/lib/python3.8/site-packages/airflow/example_dags/example_setup_teardown.py
[2024-03-09T09:38:48.075+0000] {processor.py:840} INFO - DAG(s) 'example_setup_teardown' retrieved from /home/airflow/.local/lib/python3.8/site-packages/airflow/example_dags/example_setup_teardown.py
[2024-03-09T09:38:48.106+0000] {logging_mixin.py:188} INFO - [2024-03-09T09:38:48.105+0000] {dag.py:3047} INFO - Sync 1 DAGs
[2024-03-09T09:38:48.139+0000] {logging_mixin.py:188} INFO - [2024-03-09T09:38:48.139+0000] {dag.py:3834} INFO - Setting next_dagrun for example_setup_teardown to 2024-03-08 00:00:00+00:00, run_after=2024-03-09 00:00:00+00:00
[2024-03-09T09:38:48.164+0000] {processor.py:183} INFO - Processing /home/airflow/.local/lib/python3.8/site-packages/airflow/example_dags/example_setup_teardown.py took 0.109 seconds
