[2024-03-09T09:30:55.634+0000] {processor.py:161} INFO - Started process (PID=38) to work on /home/airflow/.local/lib/python3.8/site-packages/airflow/example_dags/example_branch_labels.py
[2024-03-09T09:30:55.640+0000] {processor.py:830} INFO - Processing file /home/airflow/.local/lib/python3.8/site-packages/airflow/example_dags/example_branch_labels.py for tasks to queue
[2024-03-09T09:30:55.648+0000] {logging_mixin.py:188} INFO - [2024-03-09T09:30:55.647+0000] {dagbag.py:540} INFO - Filling up the DagBag from /home/airflow/.local/lib/python3.8/site-packages/airflow/example_dags/example_branch_labels.py
[2024-03-09T09:30:55.724+0000] {processor.py:840} INFO - DAG(s) 'example_branch_labels' retrieved from /home/airflow/.local/lib/python3.8/site-packages/airflow/example_dags/example_branch_labels.py
[2024-03-09T09:30:56.280+0000] {logging_mixin.py:188} INFO - [2024-03-09T09:30:56.280+0000] {dag.py:3047} INFO - Sync 1 DAGs
[2024-03-09T09:30:56.415+0000] {logging_mixin.py:188} INFO - [2024-03-09T09:30:56.412+0000] {dag.py:3834} INFO - Setting next_dagrun for example_branch_labels to 2024-03-08 00:00:00+00:00, run_after=2024-03-09 00:00:00+00:00
[2024-03-09T09:30:56.560+0000] {processor.py:183} INFO - Processing /home/airflow/.local/lib/python3.8/site-packages/airflow/example_dags/example_branch_labels.py took 0.937 seconds
[2024-03-09T09:31:28.107+0000] {processor.py:161} INFO - Started process (PID=93) to work on /home/airflow/.local/lib/python3.8/site-packages/airflow/example_dags/example_branch_labels.py
[2024-03-09T09:31:28.122+0000] {processor.py:830} INFO - Processing file /home/airflow/.local/lib/python3.8/site-packages/airflow/example_dags/example_branch_labels.py for tasks to queue
[2024-03-09T09:31:28.145+0000] {logging_mixin.py:188} INFO - [2024-03-09T09:31:28.144+0000] {dagbag.py:540} INFO - Filling up the DagBag from /home/airflow/.local/lib/python3.8/site-packages/airflow/example_dags/example_branch_labels.py
[2024-03-09T09:31:28.479+0000] {processor.py:840} INFO - DAG(s) 'example_branch_labels' retrieved from /home/airflow/.local/lib/python3.8/site-packages/airflow/example_dags/example_branch_labels.py
[2024-03-09T09:31:28.977+0000] {logging_mixin.py:188} INFO - [2024-03-09T09:31:28.976+0000] {dag.py:3047} INFO - Sync 1 DAGs
[2024-03-09T09:31:29.798+0000] {logging_mixin.py:188} INFO - [2024-03-09T09:31:29.788+0000] {dag.py:3834} INFO - Setting next_dagrun for example_branch_labels to 2024-03-08 00:00:00+00:00, run_after=2024-03-09 00:00:00+00:00
[2024-03-09T09:31:30.209+0000] {processor.py:183} INFO - Processing /home/airflow/.local/lib/python3.8/site-packages/airflow/example_dags/example_branch_labels.py took 2.429 seconds
[2024-03-09T09:32:01.343+0000] {processor.py:161} INFO - Started process (PID=147) to work on /home/airflow/.local/lib/python3.8/site-packages/airflow/example_dags/example_branch_labels.py
[2024-03-09T09:32:01.345+0000] {processor.py:830} INFO - Processing file /home/airflow/.local/lib/python3.8/site-packages/airflow/example_dags/example_branch_labels.py for tasks to queue
[2024-03-09T09:32:01.348+0000] {logging_mixin.py:188} INFO - [2024-03-09T09:32:01.348+0000] {dagbag.py:540} INFO - Filling up the DagBag from /home/airflow/.local/lib/python3.8/site-packages/airflow/example_dags/example_branch_labels.py
[2024-03-09T09:32:01.365+0000] {processor.py:840} INFO - DAG(s) 'example_branch_labels' retrieved from /home/airflow/.local/lib/python3.8/site-packages/airflow/example_dags/example_branch_labels.py
[2024-03-09T09:32:01.425+0000] {logging_mixin.py:188} INFO - [2024-03-09T09:32:01.421+0000] {dag.py:3047} INFO - Sync 1 DAGs
[2024-03-09T09:32:01.468+0000] {logging_mixin.py:188} INFO - [2024-03-09T09:32:01.468+0000] {dag.py:3834} INFO - Setting next_dagrun for example_branch_labels to 2024-03-08 00:00:00+00:00, run_after=2024-03-09 00:00:00+00:00
[2024-03-09T09:32:01.507+0000] {processor.py:183} INFO - Processing /home/airflow/.local/lib/python3.8/site-packages/airflow/example_dags/example_branch_labels.py took 0.168 seconds
[2024-03-09T09:32:31.860+0000] {processor.py:161} INFO - Started process (PID=201) to work on /home/airflow/.local/lib/python3.8/site-packages/airflow/example_dags/example_branch_labels.py
[2024-03-09T09:32:31.886+0000] {processor.py:830} INFO - Processing file /home/airflow/.local/lib/python3.8/site-packages/airflow/example_dags/example_branch_labels.py for tasks to queue
[2024-03-09T09:32:31.890+0000] {logging_mixin.py:188} INFO - [2024-03-09T09:32:31.890+0000] {dagbag.py:540} INFO - Filling up the DagBag from /home/airflow/.local/lib/python3.8/site-packages/airflow/example_dags/example_branch_labels.py
[2024-03-09T09:32:31.942+0000] {processor.py:840} INFO - DAG(s) 'example_branch_labels' retrieved from /home/airflow/.local/lib/python3.8/site-packages/airflow/example_dags/example_branch_labels.py
[2024-03-09T09:32:32.171+0000] {logging_mixin.py:188} INFO - [2024-03-09T09:32:32.156+0000] {dag.py:3047} INFO - Sync 1 DAGs
[2024-03-09T09:32:32.265+0000] {logging_mixin.py:188} INFO - [2024-03-09T09:32:32.264+0000] {dag.py:3834} INFO - Setting next_dagrun for example_branch_labels to 2024-03-08 00:00:00+00:00, run_after=2024-03-09 00:00:00+00:00
[2024-03-09T09:32:32.340+0000] {processor.py:183} INFO - Processing /home/airflow/.local/lib/python3.8/site-packages/airflow/example_dags/example_branch_labels.py took 0.565 seconds
[2024-03-09T09:33:03.701+0000] {processor.py:161} INFO - Started process (PID=256) to work on /home/airflow/.local/lib/python3.8/site-packages/airflow/example_dags/example_branch_labels.py
[2024-03-09T09:33:03.915+0000] {processor.py:830} INFO - Processing file /home/airflow/.local/lib/python3.8/site-packages/airflow/example_dags/example_branch_labels.py for tasks to queue
[2024-03-09T09:33:04.032+0000] {logging_mixin.py:188} INFO - [2024-03-09T09:33:04.031+0000] {dagbag.py:540} INFO - Filling up the DagBag from /home/airflow/.local/lib/python3.8/site-packages/airflow/example_dags/example_branch_labels.py
[2024-03-09T09:33:04.125+0000] {processor.py:840} INFO - DAG(s) 'example_branch_labels' retrieved from /home/airflow/.local/lib/python3.8/site-packages/airflow/example_dags/example_branch_labels.py
[2024-03-09T09:33:04.410+0000] {logging_mixin.py:188} INFO - [2024-03-09T09:33:04.410+0000] {dag.py:3047} INFO - Sync 1 DAGs
[2024-03-09T09:33:04.530+0000] {logging_mixin.py:188} INFO - [2024-03-09T09:33:04.530+0000] {dag.py:3834} INFO - Setting next_dagrun for example_branch_labels to 2024-03-08 00:00:00+00:00, run_after=2024-03-09 00:00:00+00:00
[2024-03-09T09:33:04.582+0000] {processor.py:183} INFO - Processing /home/airflow/.local/lib/python3.8/site-packages/airflow/example_dags/example_branch_labels.py took 0.909 seconds
[2024-03-09T09:33:35.349+0000] {processor.py:161} INFO - Started process (PID=311) to work on /home/airflow/.local/lib/python3.8/site-packages/airflow/example_dags/example_branch_labels.py
[2024-03-09T09:33:35.354+0000] {processor.py:830} INFO - Processing file /home/airflow/.local/lib/python3.8/site-packages/airflow/example_dags/example_branch_labels.py for tasks to queue
[2024-03-09T09:33:35.358+0000] {logging_mixin.py:188} INFO - [2024-03-09T09:33:35.357+0000] {dagbag.py:540} INFO - Filling up the DagBag from /home/airflow/.local/lib/python3.8/site-packages/airflow/example_dags/example_branch_labels.py
[2024-03-09T09:33:35.372+0000] {processor.py:840} INFO - DAG(s) 'example_branch_labels' retrieved from /home/airflow/.local/lib/python3.8/site-packages/airflow/example_dags/example_branch_labels.py
[2024-03-09T09:33:35.412+0000] {logging_mixin.py:188} INFO - [2024-03-09T09:33:35.412+0000] {dag.py:3047} INFO - Sync 1 DAGs
[2024-03-09T09:33:35.441+0000] {logging_mixin.py:188} INFO - [2024-03-09T09:33:35.441+0000] {dag.py:3834} INFO - Setting next_dagrun for example_branch_labels to 2024-03-08 00:00:00+00:00, run_after=2024-03-09 00:00:00+00:00
[2024-03-09T09:33:35.481+0000] {processor.py:183} INFO - Processing /home/airflow/.local/lib/python3.8/site-packages/airflow/example_dags/example_branch_labels.py took 0.138 seconds
[2024-03-09T09:34:06.136+0000] {processor.py:161} INFO - Started process (PID=366) to work on /home/airflow/.local/lib/python3.8/site-packages/airflow/example_dags/example_branch_labels.py
[2024-03-09T09:34:06.137+0000] {processor.py:830} INFO - Processing file /home/airflow/.local/lib/python3.8/site-packages/airflow/example_dags/example_branch_labels.py for tasks to queue
[2024-03-09T09:34:06.143+0000] {logging_mixin.py:188} INFO - [2024-03-09T09:34:06.143+0000] {dagbag.py:540} INFO - Filling up the DagBag from /home/airflow/.local/lib/python3.8/site-packages/airflow/example_dags/example_branch_labels.py
[2024-03-09T09:34:06.159+0000] {processor.py:840} INFO - DAG(s) 'example_branch_labels' retrieved from /home/airflow/.local/lib/python3.8/site-packages/airflow/example_dags/example_branch_labels.py
[2024-03-09T09:34:06.204+0000] {logging_mixin.py:188} INFO - [2024-03-09T09:34:06.204+0000] {dag.py:3047} INFO - Sync 1 DAGs
[2024-03-09T09:34:06.260+0000] {logging_mixin.py:188} INFO - [2024-03-09T09:34:06.260+0000] {dag.py:3834} INFO - Setting next_dagrun for example_branch_labels to 2024-03-08 00:00:00+00:00, run_after=2024-03-09 00:00:00+00:00
[2024-03-09T09:34:06.344+0000] {processor.py:183} INFO - Processing /home/airflow/.local/lib/python3.8/site-packages/airflow/example_dags/example_branch_labels.py took 0.214 seconds
[2024-03-09T09:34:37.221+0000] {processor.py:161} INFO - Started process (PID=421) to work on /home/airflow/.local/lib/python3.8/site-packages/airflow/example_dags/example_branch_labels.py
[2024-03-09T09:34:37.233+0000] {processor.py:830} INFO - Processing file /home/airflow/.local/lib/python3.8/site-packages/airflow/example_dags/example_branch_labels.py for tasks to queue
[2024-03-09T09:34:37.243+0000] {logging_mixin.py:188} INFO - [2024-03-09T09:34:37.242+0000] {dagbag.py:540} INFO - Filling up the DagBag from /home/airflow/.local/lib/python3.8/site-packages/airflow/example_dags/example_branch_labels.py
[2024-03-09T09:34:37.264+0000] {processor.py:840} INFO - DAG(s) 'example_branch_labels' retrieved from /home/airflow/.local/lib/python3.8/site-packages/airflow/example_dags/example_branch_labels.py
[2024-03-09T09:34:37.341+0000] {logging_mixin.py:188} INFO - [2024-03-09T09:34:37.340+0000] {dag.py:3047} INFO - Sync 1 DAGs
[2024-03-09T09:34:37.393+0000] {logging_mixin.py:188} INFO - [2024-03-09T09:34:37.392+0000] {dag.py:3834} INFO - Setting next_dagrun for example_branch_labels to 2024-03-08 00:00:00+00:00, run_after=2024-03-09 00:00:00+00:00
[2024-03-09T09:34:37.433+0000] {processor.py:183} INFO - Processing /home/airflow/.local/lib/python3.8/site-packages/airflow/example_dags/example_branch_labels.py took 0.221 seconds
[2024-03-09T09:35:07.964+0000] {processor.py:161} INFO - Started process (PID=476) to work on /home/airflow/.local/lib/python3.8/site-packages/airflow/example_dags/example_branch_labels.py
[2024-03-09T09:35:07.966+0000] {processor.py:830} INFO - Processing file /home/airflow/.local/lib/python3.8/site-packages/airflow/example_dags/example_branch_labels.py for tasks to queue
[2024-03-09T09:35:07.970+0000] {logging_mixin.py:188} INFO - [2024-03-09T09:35:07.970+0000] {dagbag.py:540} INFO - Filling up the DagBag from /home/airflow/.local/lib/python3.8/site-packages/airflow/example_dags/example_branch_labels.py
[2024-03-09T09:35:07.985+0000] {processor.py:840} INFO - DAG(s) 'example_branch_labels' retrieved from /home/airflow/.local/lib/python3.8/site-packages/airflow/example_dags/example_branch_labels.py
[2024-03-09T09:35:08.032+0000] {logging_mixin.py:188} INFO - [2024-03-09T09:35:08.032+0000] {dag.py:3047} INFO - Sync 1 DAGs
[2024-03-09T09:35:08.071+0000] {logging_mixin.py:188} INFO - [2024-03-09T09:35:08.071+0000] {dag.py:3834} INFO - Setting next_dagrun for example_branch_labels to 2024-03-08 00:00:00+00:00, run_after=2024-03-09 00:00:00+00:00
[2024-03-09T09:35:08.105+0000] {processor.py:183} INFO - Processing /home/airflow/.local/lib/python3.8/site-packages/airflow/example_dags/example_branch_labels.py took 0.147 seconds
[2024-03-09T09:35:38.577+0000] {processor.py:161} INFO - Started process (PID=530) to work on /home/airflow/.local/lib/python3.8/site-packages/airflow/example_dags/example_branch_labels.py
[2024-03-09T09:35:38.579+0000] {processor.py:830} INFO - Processing file /home/airflow/.local/lib/python3.8/site-packages/airflow/example_dags/example_branch_labels.py for tasks to queue
[2024-03-09T09:35:38.583+0000] {logging_mixin.py:188} INFO - [2024-03-09T09:35:38.583+0000] {dagbag.py:540} INFO - Filling up the DagBag from /home/airflow/.local/lib/python3.8/site-packages/airflow/example_dags/example_branch_labels.py
[2024-03-09T09:35:38.597+0000] {processor.py:840} INFO - DAG(s) 'example_branch_labels' retrieved from /home/airflow/.local/lib/python3.8/site-packages/airflow/example_dags/example_branch_labels.py
[2024-03-09T09:35:38.651+0000] {logging_mixin.py:188} INFO - [2024-03-09T09:35:38.650+0000] {dag.py:3047} INFO - Sync 1 DAGs
[2024-03-09T09:35:38.724+0000] {logging_mixin.py:188} INFO - [2024-03-09T09:35:38.724+0000] {dag.py:3834} INFO - Setting next_dagrun for example_branch_labels to 2024-03-08 00:00:00+00:00, run_after=2024-03-09 00:00:00+00:00
[2024-03-09T09:35:38.865+0000] {processor.py:183} INFO - Processing /home/airflow/.local/lib/python3.8/site-packages/airflow/example_dags/example_branch_labels.py took 0.295 seconds
[2024-03-09T09:36:09.028+0000] {processor.py:161} INFO - Started process (PID=584) to work on /home/airflow/.local/lib/python3.8/site-packages/airflow/example_dags/example_branch_labels.py
[2024-03-09T09:36:09.029+0000] {processor.py:830} INFO - Processing file /home/airflow/.local/lib/python3.8/site-packages/airflow/example_dags/example_branch_labels.py for tasks to queue
[2024-03-09T09:36:09.033+0000] {logging_mixin.py:188} INFO - [2024-03-09T09:36:09.032+0000] {dagbag.py:540} INFO - Filling up the DagBag from /home/airflow/.local/lib/python3.8/site-packages/airflow/example_dags/example_branch_labels.py
[2024-03-09T09:36:09.044+0000] {processor.py:840} INFO - DAG(s) 'example_branch_labels' retrieved from /home/airflow/.local/lib/python3.8/site-packages/airflow/example_dags/example_branch_labels.py
[2024-03-09T09:36:09.078+0000] {logging_mixin.py:188} INFO - [2024-03-09T09:36:09.077+0000] {dag.py:3047} INFO - Sync 1 DAGs
[2024-03-09T09:36:09.109+0000] {logging_mixin.py:188} INFO - [2024-03-09T09:36:09.109+0000] {dag.py:3834} INFO - Setting next_dagrun for example_branch_labels to 2024-03-08 00:00:00+00:00, run_after=2024-03-09 00:00:00+00:00
[2024-03-09T09:36:09.145+0000] {processor.py:183} INFO - Processing /home/airflow/.local/lib/python3.8/site-packages/airflow/example_dags/example_branch_labels.py took 0.123 seconds
[2024-03-09T09:36:39.912+0000] {processor.py:161} INFO - Started process (PID=639) to work on /home/airflow/.local/lib/python3.8/site-packages/airflow/example_dags/example_branch_labels.py
[2024-03-09T09:36:39.913+0000] {processor.py:830} INFO - Processing file /home/airflow/.local/lib/python3.8/site-packages/airflow/example_dags/example_branch_labels.py for tasks to queue
[2024-03-09T09:36:39.917+0000] {logging_mixin.py:188} INFO - [2024-03-09T09:36:39.916+0000] {dagbag.py:540} INFO - Filling up the DagBag from /home/airflow/.local/lib/python3.8/site-packages/airflow/example_dags/example_branch_labels.py
[2024-03-09T09:36:39.930+0000] {processor.py:840} INFO - DAG(s) 'example_branch_labels' retrieved from /home/airflow/.local/lib/python3.8/site-packages/airflow/example_dags/example_branch_labels.py
[2024-03-09T09:36:39.963+0000] {logging_mixin.py:188} INFO - [2024-03-09T09:36:39.962+0000] {dag.py:3047} INFO - Sync 1 DAGs
[2024-03-09T09:36:39.996+0000] {logging_mixin.py:188} INFO - [2024-03-09T09:36:39.995+0000] {dag.py:3834} INFO - Setting next_dagrun for example_branch_labels to 2024-03-08 00:00:00+00:00, run_after=2024-03-09 00:00:00+00:00
[2024-03-09T09:36:40.033+0000] {processor.py:183} INFO - Processing /home/airflow/.local/lib/python3.8/site-packages/airflow/example_dags/example_branch_labels.py took 0.127 seconds
[2024-03-09T09:37:10.810+0000] {processor.py:161} INFO - Started process (PID=694) to work on /home/airflow/.local/lib/python3.8/site-packages/airflow/example_dags/example_branch_labels.py
[2024-03-09T09:37:10.813+0000] {processor.py:830} INFO - Processing file /home/airflow/.local/lib/python3.8/site-packages/airflow/example_dags/example_branch_labels.py for tasks to queue
[2024-03-09T09:37:10.817+0000] {logging_mixin.py:188} INFO - [2024-03-09T09:37:10.817+0000] {dagbag.py:540} INFO - Filling up the DagBag from /home/airflow/.local/lib/python3.8/site-packages/airflow/example_dags/example_branch_labels.py
[2024-03-09T09:37:10.882+0000] {processor.py:840} INFO - DAG(s) 'example_branch_labels' retrieved from /home/airflow/.local/lib/python3.8/site-packages/airflow/example_dags/example_branch_labels.py
[2024-03-09T09:37:10.930+0000] {logging_mixin.py:188} INFO - [2024-03-09T09:37:10.930+0000] {dag.py:3047} INFO - Sync 1 DAGs
[2024-03-09T09:37:11.243+0000] {logging_mixin.py:188} INFO - [2024-03-09T09:37:11.242+0000] {dag.py:3834} INFO - Setting next_dagrun for example_branch_labels to 2024-03-08 00:00:00+00:00, run_after=2024-03-09 00:00:00+00:00
[2024-03-09T09:37:11.326+0000] {processor.py:183} INFO - Processing /home/airflow/.local/lib/python3.8/site-packages/airflow/example_dags/example_branch_labels.py took 0.528 seconds
[2024-03-09T09:37:41.922+0000] {processor.py:161} INFO - Started process (PID=749) to work on /home/airflow/.local/lib/python3.8/site-packages/airflow/example_dags/example_branch_labels.py
[2024-03-09T09:37:41.924+0000] {processor.py:830} INFO - Processing file /home/airflow/.local/lib/python3.8/site-packages/airflow/example_dags/example_branch_labels.py for tasks to queue
[2024-03-09T09:37:41.927+0000] {logging_mixin.py:188} INFO - [2024-03-09T09:37:41.926+0000] {dagbag.py:540} INFO - Filling up the DagBag from /home/airflow/.local/lib/python3.8/site-packages/airflow/example_dags/example_branch_labels.py
[2024-03-09T09:37:41.938+0000] {processor.py:840} INFO - DAG(s) 'example_branch_labels' retrieved from /home/airflow/.local/lib/python3.8/site-packages/airflow/example_dags/example_branch_labels.py
[2024-03-09T09:37:41.969+0000] {logging_mixin.py:188} INFO - [2024-03-09T09:37:41.969+0000] {dag.py:3047} INFO - Sync 1 DAGs
[2024-03-09T09:37:41.999+0000] {logging_mixin.py:188} INFO - [2024-03-09T09:37:41.999+0000] {dag.py:3834} INFO - Setting next_dagrun for example_branch_labels to 2024-03-08 00:00:00+00:00, run_after=2024-03-09 00:00:00+00:00
[2024-03-09T09:37:42.040+0000] {processor.py:183} INFO - Processing /home/airflow/.local/lib/python3.8/site-packages/airflow/example_dags/example_branch_labels.py took 0.122 seconds
[2024-03-09T09:38:12.972+0000] {processor.py:161} INFO - Started process (PID=804) to work on /home/airflow/.local/lib/python3.8/site-packages/airflow/example_dags/example_branch_labels.py
[2024-03-09T09:38:12.979+0000] {processor.py:830} INFO - Processing file /home/airflow/.local/lib/python3.8/site-packages/airflow/example_dags/example_branch_labels.py for tasks to queue
[2024-03-09T09:38:12.984+0000] {logging_mixin.py:188} INFO - [2024-03-09T09:38:12.983+0000] {dagbag.py:540} INFO - Filling up the DagBag from /home/airflow/.local/lib/python3.8/site-packages/airflow/example_dags/example_branch_labels.py
[2024-03-09T09:38:12.997+0000] {processor.py:840} INFO - DAG(s) 'example_branch_labels' retrieved from /home/airflow/.local/lib/python3.8/site-packages/airflow/example_dags/example_branch_labels.py
[2024-03-09T09:38:13.030+0000] {logging_mixin.py:188} INFO - [2024-03-09T09:38:13.030+0000] {dag.py:3047} INFO - Sync 1 DAGs
[2024-03-09T09:38:13.061+0000] {logging_mixin.py:188} INFO - [2024-03-09T09:38:13.060+0000] {dag.py:3834} INFO - Setting next_dagrun for example_branch_labels to 2024-03-08 00:00:00+00:00, run_after=2024-03-09 00:00:00+00:00
[2024-03-09T09:38:13.086+0000] {processor.py:183} INFO - Processing /home/airflow/.local/lib/python3.8/site-packages/airflow/example_dags/example_branch_labels.py took 0.120 seconds
[2024-03-09T09:38:43.618+0000] {processor.py:161} INFO - Started process (PID=859) to work on /home/airflow/.local/lib/python3.8/site-packages/airflow/example_dags/example_branch_labels.py
[2024-03-09T09:38:43.619+0000] {processor.py:830} INFO - Processing file /home/airflow/.local/lib/python3.8/site-packages/airflow/example_dags/example_branch_labels.py for tasks to queue
[2024-03-09T09:38:43.624+0000] {logging_mixin.py:188} INFO - [2024-03-09T09:38:43.624+0000] {dagbag.py:540} INFO - Filling up the DagBag from /home/airflow/.local/lib/python3.8/site-packages/airflow/example_dags/example_branch_labels.py
[2024-03-09T09:38:43.639+0000] {processor.py:840} INFO - DAG(s) 'example_branch_labels' retrieved from /home/airflow/.local/lib/python3.8/site-packages/airflow/example_dags/example_branch_labels.py
[2024-03-09T09:38:43.685+0000] {logging_mixin.py:188} INFO - [2024-03-09T09:38:43.684+0000] {dag.py:3047} INFO - Sync 1 DAGs
[2024-03-09T09:38:43.746+0000] {logging_mixin.py:188} INFO - [2024-03-09T09:38:43.746+0000] {dag.py:3834} INFO - Setting next_dagrun for example_branch_labels to 2024-03-08 00:00:00+00:00, run_after=2024-03-09 00:00:00+00:00
[2024-03-09T09:38:43.857+0000] {processor.py:183} INFO - Processing /home/airflow/.local/lib/python3.8/site-packages/airflow/example_dags/example_branch_labels.py took 0.244 seconds
