[2024-03-09T09:31:14.155+0000] {processor.py:161} INFO - Started process (PID=77) to work on /home/airflow/.local/lib/python3.8/site-packages/airflow/example_dags/example_branch_operator.py
[2024-03-09T09:31:14.157+0000] {processor.py:830} INFO - Processing file /home/airflow/.local/lib/python3.8/site-packages/airflow/example_dags/example_branch_operator.py for tasks to queue
[2024-03-09T09:31:14.161+0000] {logging_mixin.py:188} INFO - [2024-03-09T09:31:14.161+0000] {dagbag.py:540} INFO - Filling up the DagBag from /home/airflow/.local/lib/python3.8/site-packages/airflow/example_dags/example_branch_operator.py
[2024-03-09T09:31:14.194+0000] {processor.py:840} INFO - DAG(s) 'example_branch_operator' retrieved from /home/airflow/.local/lib/python3.8/site-packages/airflow/example_dags/example_branch_operator.py
[2024-03-09T09:31:14.410+0000] {logging_mixin.py:188} INFO - [2024-03-09T09:31:14.410+0000] {dag.py:3047} INFO - Sync 1 DAGs
[2024-03-09T09:31:14.456+0000] {logging_mixin.py:188} INFO - [2024-03-09T09:31:14.456+0000] {dag.py:3834} INFO - Setting next_dagrun for example_branch_operator to 2024-03-08 00:00:00+00:00, run_after=2024-03-09 00:00:00+00:00
[2024-03-09T09:31:14.496+0000] {processor.py:183} INFO - Processing /home/airflow/.local/lib/python3.8/site-packages/airflow/example_dags/example_branch_operator.py took 0.347 seconds
[2024-03-09T09:31:44.998+0000] {processor.py:161} INFO - Started process (PID=137) to work on /home/airflow/.local/lib/python3.8/site-packages/airflow/example_dags/example_branch_operator.py
[2024-03-09T09:31:45.008+0000] {processor.py:830} INFO - Processing file /home/airflow/.local/lib/python3.8/site-packages/airflow/example_dags/example_branch_operator.py for tasks to queue
[2024-03-09T09:31:45.016+0000] {logging_mixin.py:188} INFO - [2024-03-09T09:31:45.015+0000] {dagbag.py:540} INFO - Filling up the DagBag from /home/airflow/.local/lib/python3.8/site-packages/airflow/example_dags/example_branch_operator.py
[2024-03-09T09:31:45.116+0000] {processor.py:840} INFO - DAG(s) 'example_branch_operator' retrieved from /home/airflow/.local/lib/python3.8/site-packages/airflow/example_dags/example_branch_operator.py
[2024-03-09T09:31:45.182+0000] {logging_mixin.py:188} INFO - [2024-03-09T09:31:45.182+0000] {dag.py:3047} INFO - Sync 1 DAGs
[2024-03-09T09:31:45.213+0000] {logging_mixin.py:188} INFO - [2024-03-09T09:31:45.213+0000] {dag.py:3834} INFO - Setting next_dagrun for example_branch_operator to 2024-03-08 00:00:00+00:00, run_after=2024-03-09 00:00:00+00:00
[2024-03-09T09:31:45.240+0000] {processor.py:183} INFO - Processing /home/airflow/.local/lib/python3.8/site-packages/airflow/example_dags/example_branch_operator.py took 0.256 seconds
[2024-03-09T09:32:15.352+0000] {processor.py:161} INFO - Started process (PID=191) to work on /home/airflow/.local/lib/python3.8/site-packages/airflow/example_dags/example_branch_operator.py
[2024-03-09T09:32:15.353+0000] {processor.py:830} INFO - Processing file /home/airflow/.local/lib/python3.8/site-packages/airflow/example_dags/example_branch_operator.py for tasks to queue
[2024-03-09T09:32:15.357+0000] {logging_mixin.py:188} INFO - [2024-03-09T09:32:15.356+0000] {dagbag.py:540} INFO - Filling up the DagBag from /home/airflow/.local/lib/python3.8/site-packages/airflow/example_dags/example_branch_operator.py
[2024-03-09T09:32:15.386+0000] {processor.py:840} INFO - DAG(s) 'example_branch_operator' retrieved from /home/airflow/.local/lib/python3.8/site-packages/airflow/example_dags/example_branch_operator.py
[2024-03-09T09:32:15.429+0000] {logging_mixin.py:188} INFO - [2024-03-09T09:32:15.428+0000] {dag.py:3047} INFO - Sync 1 DAGs
[2024-03-09T09:32:15.462+0000] {logging_mixin.py:188} INFO - [2024-03-09T09:32:15.462+0000] {dag.py:3834} INFO - Setting next_dagrun for example_branch_operator to 2024-03-08 00:00:00+00:00, run_after=2024-03-09 00:00:00+00:00
[2024-03-09T09:32:15.495+0000] {processor.py:183} INFO - Processing /home/airflow/.local/lib/python3.8/site-packages/airflow/example_dags/example_branch_operator.py took 0.148 seconds
[2024-03-09T09:32:47.916+0000] {processor.py:161} INFO - Started process (PID=246) to work on /home/airflow/.local/lib/python3.8/site-packages/airflow/example_dags/example_branch_operator.py
[2024-03-09T09:32:47.932+0000] {processor.py:830} INFO - Processing file /home/airflow/.local/lib/python3.8/site-packages/airflow/example_dags/example_branch_operator.py for tasks to queue
[2024-03-09T09:32:47.953+0000] {logging_mixin.py:188} INFO - [2024-03-09T09:32:47.952+0000] {dagbag.py:540} INFO - Filling up the DagBag from /home/airflow/.local/lib/python3.8/site-packages/airflow/example_dags/example_branch_operator.py
[2024-03-09T09:32:47.997+0000] {processor.py:840} INFO - DAG(s) 'example_branch_operator' retrieved from /home/airflow/.local/lib/python3.8/site-packages/airflow/example_dags/example_branch_operator.py
[2024-03-09T09:32:48.064+0000] {logging_mixin.py:188} INFO - [2024-03-09T09:32:48.062+0000] {dag.py:3047} INFO - Sync 1 DAGs
[2024-03-09T09:32:48.137+0000] {logging_mixin.py:188} INFO - [2024-03-09T09:32:48.136+0000] {dag.py:3834} INFO - Setting next_dagrun for example_branch_operator to 2024-03-08 00:00:00+00:00, run_after=2024-03-09 00:00:00+00:00
[2024-03-09T09:32:48.174+0000] {processor.py:183} INFO - Processing /home/airflow/.local/lib/python3.8/site-packages/airflow/example_dags/example_branch_operator.py took 0.265 seconds
[2024-03-09T09:33:18.317+0000] {processor.py:161} INFO - Started process (PID=301) to work on /home/airflow/.local/lib/python3.8/site-packages/airflow/example_dags/example_branch_operator.py
[2024-03-09T09:33:18.319+0000] {processor.py:830} INFO - Processing file /home/airflow/.local/lib/python3.8/site-packages/airflow/example_dags/example_branch_operator.py for tasks to queue
[2024-03-09T09:33:18.323+0000] {logging_mixin.py:188} INFO - [2024-03-09T09:33:18.322+0000] {dagbag.py:540} INFO - Filling up the DagBag from /home/airflow/.local/lib/python3.8/site-packages/airflow/example_dags/example_branch_operator.py
[2024-03-09T09:33:18.367+0000] {processor.py:840} INFO - DAG(s) 'example_branch_operator' retrieved from /home/airflow/.local/lib/python3.8/site-packages/airflow/example_dags/example_branch_operator.py
[2024-03-09T09:33:18.424+0000] {logging_mixin.py:188} INFO - [2024-03-09T09:33:18.423+0000] {dag.py:3047} INFO - Sync 1 DAGs
[2024-03-09T09:33:18.474+0000] {logging_mixin.py:188} INFO - [2024-03-09T09:33:18.473+0000] {dag.py:3834} INFO - Setting next_dagrun for example_branch_operator to 2024-03-08 00:00:00+00:00, run_after=2024-03-09 00:00:00+00:00
[2024-03-09T09:33:18.520+0000] {processor.py:183} INFO - Processing /home/airflow/.local/lib/python3.8/site-packages/airflow/example_dags/example_branch_operator.py took 0.211 seconds
[2024-03-09T09:33:48.699+0000] {processor.py:161} INFO - Started process (PID=356) to work on /home/airflow/.local/lib/python3.8/site-packages/airflow/example_dags/example_branch_operator.py
[2024-03-09T09:33:48.701+0000] {processor.py:830} INFO - Processing file /home/airflow/.local/lib/python3.8/site-packages/airflow/example_dags/example_branch_operator.py for tasks to queue
[2024-03-09T09:33:48.704+0000] {logging_mixin.py:188} INFO - [2024-03-09T09:33:48.704+0000] {dagbag.py:540} INFO - Filling up the DagBag from /home/airflow/.local/lib/python3.8/site-packages/airflow/example_dags/example_branch_operator.py
[2024-03-09T09:33:48.731+0000] {processor.py:840} INFO - DAG(s) 'example_branch_operator' retrieved from /home/airflow/.local/lib/python3.8/site-packages/airflow/example_dags/example_branch_operator.py
[2024-03-09T09:33:48.776+0000] {logging_mixin.py:188} INFO - [2024-03-09T09:33:48.776+0000] {dag.py:3047} INFO - Sync 1 DAGs
[2024-03-09T09:33:48.810+0000] {logging_mixin.py:188} INFO - [2024-03-09T09:33:48.810+0000] {dag.py:3834} INFO - Setting next_dagrun for example_branch_operator to 2024-03-08 00:00:00+00:00, run_after=2024-03-09 00:00:00+00:00
[2024-03-09T09:33:48.838+0000] {processor.py:183} INFO - Processing /home/airflow/.local/lib/python3.8/site-packages/airflow/example_dags/example_branch_operator.py took 0.143 seconds
[2024-03-09T09:34:20.386+0000] {processor.py:161} INFO - Started process (PID=411) to work on /home/airflow/.local/lib/python3.8/site-packages/airflow/example_dags/example_branch_operator.py
[2024-03-09T09:34:20.390+0000] {processor.py:830} INFO - Processing file /home/airflow/.local/lib/python3.8/site-packages/airflow/example_dags/example_branch_operator.py for tasks to queue
[2024-03-09T09:34:20.393+0000] {logging_mixin.py:188} INFO - [2024-03-09T09:34:20.393+0000] {dagbag.py:540} INFO - Filling up the DagBag from /home/airflow/.local/lib/python3.8/site-packages/airflow/example_dags/example_branch_operator.py
[2024-03-09T09:34:20.424+0000] {processor.py:840} INFO - DAG(s) 'example_branch_operator' retrieved from /home/airflow/.local/lib/python3.8/site-packages/airflow/example_dags/example_branch_operator.py
[2024-03-09T09:34:20.478+0000] {logging_mixin.py:188} INFO - [2024-03-09T09:34:20.478+0000] {dag.py:3047} INFO - Sync 1 DAGs
[2024-03-09T09:34:20.540+0000] {logging_mixin.py:188} INFO - [2024-03-09T09:34:20.539+0000] {dag.py:3834} INFO - Setting next_dagrun for example_branch_operator to 2024-03-08 00:00:00+00:00, run_after=2024-03-09 00:00:00+00:00
[2024-03-09T09:34:20.581+0000] {processor.py:183} INFO - Processing /home/airflow/.local/lib/python3.8/site-packages/airflow/example_dags/example_branch_operator.py took 0.202 seconds
[2024-03-09T09:34:51.471+0000] {processor.py:161} INFO - Started process (PID=466) to work on /home/airflow/.local/lib/python3.8/site-packages/airflow/example_dags/example_branch_operator.py
[2024-03-09T09:34:51.473+0000] {processor.py:830} INFO - Processing file /home/airflow/.local/lib/python3.8/site-packages/airflow/example_dags/example_branch_operator.py for tasks to queue
[2024-03-09T09:34:51.478+0000] {logging_mixin.py:188} INFO - [2024-03-09T09:34:51.475+0000] {dagbag.py:540} INFO - Filling up the DagBag from /home/airflow/.local/lib/python3.8/site-packages/airflow/example_dags/example_branch_operator.py
[2024-03-09T09:34:51.513+0000] {processor.py:840} INFO - DAG(s) 'example_branch_operator' retrieved from /home/airflow/.local/lib/python3.8/site-packages/airflow/example_dags/example_branch_operator.py
[2024-03-09T09:34:51.565+0000] {logging_mixin.py:188} INFO - [2024-03-09T09:34:51.564+0000] {dag.py:3047} INFO - Sync 1 DAGs
[2024-03-09T09:34:51.624+0000] {logging_mixin.py:188} INFO - [2024-03-09T09:34:51.623+0000] {dag.py:3834} INFO - Setting next_dagrun for example_branch_operator to 2024-03-08 00:00:00+00:00, run_after=2024-03-09 00:00:00+00:00
[2024-03-09T09:34:51.663+0000] {processor.py:183} INFO - Processing /home/airflow/.local/lib/python3.8/site-packages/airflow/example_dags/example_branch_operator.py took 0.198 seconds
[2024-03-09T09:35:22.000+0000] {processor.py:161} INFO - Started process (PID=520) to work on /home/airflow/.local/lib/python3.8/site-packages/airflow/example_dags/example_branch_operator.py
[2024-03-09T09:35:22.002+0000] {processor.py:830} INFO - Processing file /home/airflow/.local/lib/python3.8/site-packages/airflow/example_dags/example_branch_operator.py for tasks to queue
[2024-03-09T09:35:22.008+0000] {logging_mixin.py:188} INFO - [2024-03-09T09:35:22.007+0000] {dagbag.py:540} INFO - Filling up the DagBag from /home/airflow/.local/lib/python3.8/site-packages/airflow/example_dags/example_branch_operator.py
[2024-03-09T09:35:22.054+0000] {processor.py:840} INFO - DAG(s) 'example_branch_operator' retrieved from /home/airflow/.local/lib/python3.8/site-packages/airflow/example_dags/example_branch_operator.py
[2024-03-09T09:35:22.117+0000] {logging_mixin.py:188} INFO - [2024-03-09T09:35:22.116+0000] {dag.py:3047} INFO - Sync 1 DAGs
[2024-03-09T09:35:22.163+0000] {logging_mixin.py:188} INFO - [2024-03-09T09:35:22.163+0000] {dag.py:3834} INFO - Setting next_dagrun for example_branch_operator to 2024-03-08 00:00:00+00:00, run_after=2024-03-09 00:00:00+00:00
[2024-03-09T09:35:22.202+0000] {processor.py:183} INFO - Processing /home/airflow/.local/lib/python3.8/site-packages/airflow/example_dags/example_branch_operator.py took 0.221 seconds
[2024-03-09T09:35:54.330+0000] {processor.py:161} INFO - Started process (PID=574) to work on /home/airflow/.local/lib/python3.8/site-packages/airflow/example_dags/example_branch_operator.py
[2024-03-09T09:35:54.334+0000] {processor.py:830} INFO - Processing file /home/airflow/.local/lib/python3.8/site-packages/airflow/example_dags/example_branch_operator.py for tasks to queue
[2024-03-09T09:35:54.339+0000] {logging_mixin.py:188} INFO - [2024-03-09T09:35:54.338+0000] {dagbag.py:540} INFO - Filling up the DagBag from /home/airflow/.local/lib/python3.8/site-packages/airflow/example_dags/example_branch_operator.py
[2024-03-09T09:35:54.417+0000] {processor.py:840} INFO - DAG(s) 'example_branch_operator' retrieved from /home/airflow/.local/lib/python3.8/site-packages/airflow/example_dags/example_branch_operator.py
[2024-03-09T09:35:54.541+0000] {logging_mixin.py:188} INFO - [2024-03-09T09:35:54.540+0000] {dag.py:3047} INFO - Sync 1 DAGs
[2024-03-09T09:35:54.596+0000] {logging_mixin.py:188} INFO - [2024-03-09T09:35:54.595+0000] {dag.py:3834} INFO - Setting next_dagrun for example_branch_operator to 2024-03-08 00:00:00+00:00, run_after=2024-03-09 00:00:00+00:00
[2024-03-09T09:35:54.638+0000] {processor.py:183} INFO - Processing /home/airflow/.local/lib/python3.8/site-packages/airflow/example_dags/example_branch_operator.py took 0.314 seconds
[2024-03-09T09:36:25.169+0000] {processor.py:161} INFO - Started process (PID=630) to work on /home/airflow/.local/lib/python3.8/site-packages/airflow/example_dags/example_branch_operator.py
[2024-03-09T09:36:25.171+0000] {processor.py:830} INFO - Processing file /home/airflow/.local/lib/python3.8/site-packages/airflow/example_dags/example_branch_operator.py for tasks to queue
[2024-03-09T09:36:25.176+0000] {logging_mixin.py:188} INFO - [2024-03-09T09:36:25.175+0000] {dagbag.py:540} INFO - Filling up the DagBag from /home/airflow/.local/lib/python3.8/site-packages/airflow/example_dags/example_branch_operator.py
[2024-03-09T09:36:25.211+0000] {processor.py:840} INFO - DAG(s) 'example_branch_operator' retrieved from /home/airflow/.local/lib/python3.8/site-packages/airflow/example_dags/example_branch_operator.py
[2024-03-09T09:36:25.262+0000] {logging_mixin.py:188} INFO - [2024-03-09T09:36:25.262+0000] {dag.py:3047} INFO - Sync 1 DAGs
[2024-03-09T09:36:25.305+0000] {logging_mixin.py:188} INFO - [2024-03-09T09:36:25.304+0000] {dag.py:3834} INFO - Setting next_dagrun for example_branch_operator to 2024-03-08 00:00:00+00:00, run_after=2024-03-09 00:00:00+00:00
[2024-03-09T09:36:25.341+0000] {processor.py:183} INFO - Processing /home/airflow/.local/lib/python3.8/site-packages/airflow/example_dags/example_branch_operator.py took 0.178 seconds
[2024-03-09T09:36:55.847+0000] {processor.py:161} INFO - Started process (PID=684) to work on /home/airflow/.local/lib/python3.8/site-packages/airflow/example_dags/example_branch_operator.py
[2024-03-09T09:36:55.849+0000] {processor.py:830} INFO - Processing file /home/airflow/.local/lib/python3.8/site-packages/airflow/example_dags/example_branch_operator.py for tasks to queue
[2024-03-09T09:36:55.853+0000] {logging_mixin.py:188} INFO - [2024-03-09T09:36:55.852+0000] {dagbag.py:540} INFO - Filling up the DagBag from /home/airflow/.local/lib/python3.8/site-packages/airflow/example_dags/example_branch_operator.py
[2024-03-09T09:36:55.879+0000] {processor.py:840} INFO - DAG(s) 'example_branch_operator' retrieved from /home/airflow/.local/lib/python3.8/site-packages/airflow/example_dags/example_branch_operator.py
[2024-03-09T09:36:55.916+0000] {logging_mixin.py:188} INFO - [2024-03-09T09:36:55.916+0000] {dag.py:3047} INFO - Sync 1 DAGs
[2024-03-09T09:36:55.954+0000] {logging_mixin.py:188} INFO - [2024-03-09T09:36:55.954+0000] {dag.py:3834} INFO - Setting next_dagrun for example_branch_operator to 2024-03-08 00:00:00+00:00, run_after=2024-03-09 00:00:00+00:00
[2024-03-09T09:36:55.984+0000] {processor.py:183} INFO - Processing /home/airflow/.local/lib/python3.8/site-packages/airflow/example_dags/example_branch_operator.py took 0.142 seconds
[2024-03-09T09:37:26.681+0000] {processor.py:161} INFO - Started process (PID=739) to work on /home/airflow/.local/lib/python3.8/site-packages/airflow/example_dags/example_branch_operator.py
[2024-03-09T09:37:26.684+0000] {processor.py:830} INFO - Processing file /home/airflow/.local/lib/python3.8/site-packages/airflow/example_dags/example_branch_operator.py for tasks to queue
[2024-03-09T09:37:26.688+0000] {logging_mixin.py:188} INFO - [2024-03-09T09:37:26.688+0000] {dagbag.py:540} INFO - Filling up the DagBag from /home/airflow/.local/lib/python3.8/site-packages/airflow/example_dags/example_branch_operator.py
[2024-03-09T09:37:26.783+0000] {processor.py:840} INFO - DAG(s) 'example_branch_operator' retrieved from /home/airflow/.local/lib/python3.8/site-packages/airflow/example_dags/example_branch_operator.py
[2024-03-09T09:37:26.912+0000] {logging_mixin.py:188} INFO - [2024-03-09T09:37:26.911+0000] {dag.py:3047} INFO - Sync 1 DAGs
[2024-03-09T09:37:27.035+0000] {logging_mixin.py:188} INFO - [2024-03-09T09:37:27.035+0000] {dag.py:3834} INFO - Setting next_dagrun for example_branch_operator to 2024-03-08 00:00:00+00:00, run_after=2024-03-09 00:00:00+00:00
[2024-03-09T09:37:27.111+0000] {processor.py:183} INFO - Processing /home/airflow/.local/lib/python3.8/site-packages/airflow/example_dags/example_branch_operator.py took 0.438 seconds
[2024-03-09T09:37:57.750+0000] {processor.py:161} INFO - Started process (PID=794) to work on /home/airflow/.local/lib/python3.8/site-packages/airflow/example_dags/example_branch_operator.py
[2024-03-09T09:37:57.751+0000] {processor.py:830} INFO - Processing file /home/airflow/.local/lib/python3.8/site-packages/airflow/example_dags/example_branch_operator.py for tasks to queue
[2024-03-09T09:37:57.754+0000] {logging_mixin.py:188} INFO - [2024-03-09T09:37:57.754+0000] {dagbag.py:540} INFO - Filling up the DagBag from /home/airflow/.local/lib/python3.8/site-packages/airflow/example_dags/example_branch_operator.py
[2024-03-09T09:37:57.781+0000] {processor.py:840} INFO - DAG(s) 'example_branch_operator' retrieved from /home/airflow/.local/lib/python3.8/site-packages/airflow/example_dags/example_branch_operator.py
[2024-03-09T09:37:57.825+0000] {logging_mixin.py:188} INFO - [2024-03-09T09:37:57.825+0000] {dag.py:3047} INFO - Sync 1 DAGs
[2024-03-09T09:37:57.862+0000] {logging_mixin.py:188} INFO - [2024-03-09T09:37:57.862+0000] {dag.py:3834} INFO - Setting next_dagrun for example_branch_operator to 2024-03-08 00:00:00+00:00, run_after=2024-03-09 00:00:00+00:00
[2024-03-09T09:37:57.894+0000] {processor.py:183} INFO - Processing /home/airflow/.local/lib/python3.8/site-packages/airflow/example_dags/example_branch_operator.py took 0.150 seconds
[2024-03-09T09:38:28.045+0000] {processor.py:161} INFO - Started process (PID=849) to work on /home/airflow/.local/lib/python3.8/site-packages/airflow/example_dags/example_branch_operator.py
[2024-03-09T09:38:28.046+0000] {processor.py:830} INFO - Processing file /home/airflow/.local/lib/python3.8/site-packages/airflow/example_dags/example_branch_operator.py for tasks to queue
[2024-03-09T09:38:28.050+0000] {logging_mixin.py:188} INFO - [2024-03-09T09:38:28.049+0000] {dagbag.py:540} INFO - Filling up the DagBag from /home/airflow/.local/lib/python3.8/site-packages/airflow/example_dags/example_branch_operator.py
[2024-03-09T09:38:28.098+0000] {processor.py:840} INFO - DAG(s) 'example_branch_operator' retrieved from /home/airflow/.local/lib/python3.8/site-packages/airflow/example_dags/example_branch_operator.py
[2024-03-09T09:38:28.158+0000] {logging_mixin.py:188} INFO - [2024-03-09T09:38:28.158+0000] {dag.py:3047} INFO - Sync 1 DAGs
[2024-03-09T09:38:28.196+0000] {logging_mixin.py:188} INFO - [2024-03-09T09:38:28.196+0000] {dag.py:3834} INFO - Setting next_dagrun for example_branch_operator to 2024-03-08 00:00:00+00:00, run_after=2024-03-09 00:00:00+00:00
[2024-03-09T09:38:28.224+0000] {processor.py:183} INFO - Processing /home/airflow/.local/lib/python3.8/site-packages/airflow/example_dags/example_branch_operator.py took 0.185 seconds
[2024-03-09T09:38:58.322+0000] {processor.py:161} INFO - Started process (PID=904) to work on /home/airflow/.local/lib/python3.8/site-packages/airflow/example_dags/example_branch_operator.py
[2024-03-09T09:38:58.325+0000] {processor.py:830} INFO - Processing file /home/airflow/.local/lib/python3.8/site-packages/airflow/example_dags/example_branch_operator.py for tasks to queue
[2024-03-09T09:38:58.328+0000] {logging_mixin.py:188} INFO - [2024-03-09T09:38:58.328+0000] {dagbag.py:540} INFO - Filling up the DagBag from /home/airflow/.local/lib/python3.8/site-packages/airflow/example_dags/example_branch_operator.py
[2024-03-09T09:38:58.370+0000] {processor.py:840} INFO - DAG(s) 'example_branch_operator' retrieved from /home/airflow/.local/lib/python3.8/site-packages/airflow/example_dags/example_branch_operator.py
[2024-03-09T09:38:58.441+0000] {logging_mixin.py:188} INFO - [2024-03-09T09:38:58.441+0000] {dag.py:3047} INFO - Sync 1 DAGs
[2024-03-09T09:38:58.485+0000] {logging_mixin.py:188} INFO - [2024-03-09T09:38:58.485+0000] {dag.py:3834} INFO - Setting next_dagrun for example_branch_operator to 2024-03-08 00:00:00+00:00, run_after=2024-03-09 00:00:00+00:00
[2024-03-09T09:38:58.511+0000] {processor.py:183} INFO - Processing /home/airflow/.local/lib/python3.8/site-packages/airflow/example_dags/example_branch_operator.py took 0.195 seconds
