[2024-03-09T09:31:13.689+0000] {processor.py:161} INFO - Started process (PID=75) to work on /home/airflow/.local/lib/python3.8/site-packages/airflow/example_dags/example_short_circuit_operator.py
[2024-03-09T09:31:13.691+0000] {processor.py:830} INFO - Processing file /home/airflow/.local/lib/python3.8/site-packages/airflow/example_dags/example_short_circuit_operator.py for tasks to queue
[2024-03-09T09:31:13.694+0000] {logging_mixin.py:188} INFO - [2024-03-09T09:31:13.694+0000] {dagbag.py:540} INFO - Filling up the DagBag from /home/airflow/.local/lib/python3.8/site-packages/airflow/example_dags/example_short_circuit_operator.py
[2024-03-09T09:31:13.711+0000] {processor.py:840} INFO - DAG(s) 'example_short_circuit_operator' retrieved from /home/airflow/.local/lib/python3.8/site-packages/airflow/example_dags/example_short_circuit_operator.py
[2024-03-09T09:31:13.977+0000] {logging_mixin.py:188} INFO - [2024-03-09T09:31:13.976+0000] {dag.py:3047} INFO - Sync 1 DAGs
[2024-03-09T09:31:14.040+0000] {logging_mixin.py:188} INFO - [2024-03-09T09:31:14.039+0000] {dag.py:3834} INFO - Setting next_dagrun for example_short_circuit_operator to 2024-03-08 00:00:00+00:00, run_after=2024-03-09 00:00:00+00:00
[2024-03-09T09:31:14.081+0000] {processor.py:183} INFO - Processing /home/airflow/.local/lib/python3.8/site-packages/airflow/example_dags/example_short_circuit_operator.py took 0.397 seconds
[2024-03-09T09:31:44.633+0000] {processor.py:161} INFO - Started process (PID=130) to work on /home/airflow/.local/lib/python3.8/site-packages/airflow/example_dags/example_short_circuit_operator.py
[2024-03-09T09:31:44.635+0000] {processor.py:830} INFO - Processing file /home/airflow/.local/lib/python3.8/site-packages/airflow/example_dags/example_short_circuit_operator.py for tasks to queue
[2024-03-09T09:31:44.638+0000] {logging_mixin.py:188} INFO - [2024-03-09T09:31:44.638+0000] {dagbag.py:540} INFO - Filling up the DagBag from /home/airflow/.local/lib/python3.8/site-packages/airflow/example_dags/example_short_circuit_operator.py
[2024-03-09T09:31:44.649+0000] {processor.py:840} INFO - DAG(s) 'example_short_circuit_operator' retrieved from /home/airflow/.local/lib/python3.8/site-packages/airflow/example_dags/example_short_circuit_operator.py
[2024-03-09T09:31:44.689+0000] {logging_mixin.py:188} INFO - [2024-03-09T09:31:44.688+0000] {dag.py:3047} INFO - Sync 1 DAGs
[2024-03-09T09:31:44.724+0000] {logging_mixin.py:188} INFO - [2024-03-09T09:31:44.724+0000] {dag.py:3834} INFO - Setting next_dagrun for example_short_circuit_operator to 2024-03-08 00:00:00+00:00, run_after=2024-03-09 00:00:00+00:00
[2024-03-09T09:31:44.750+0000] {processor.py:183} INFO - Processing /home/airflow/.local/lib/python3.8/site-packages/airflow/example_dags/example_short_circuit_operator.py took 0.122 seconds
[2024-03-09T09:32:15.192+0000] {processor.py:161} INFO - Started process (PID=189) to work on /home/airflow/.local/lib/python3.8/site-packages/airflow/example_dags/example_short_circuit_operator.py
[2024-03-09T09:32:15.194+0000] {processor.py:830} INFO - Processing file /home/airflow/.local/lib/python3.8/site-packages/airflow/example_dags/example_short_circuit_operator.py for tasks to queue
[2024-03-09T09:32:15.197+0000] {logging_mixin.py:188} INFO - [2024-03-09T09:32:15.196+0000] {dagbag.py:540} INFO - Filling up the DagBag from /home/airflow/.local/lib/python3.8/site-packages/airflow/example_dags/example_short_circuit_operator.py
[2024-03-09T09:32:15.217+0000] {processor.py:840} INFO - DAG(s) 'example_short_circuit_operator' retrieved from /home/airflow/.local/lib/python3.8/site-packages/airflow/example_dags/example_short_circuit_operator.py
[2024-03-09T09:32:15.255+0000] {logging_mixin.py:188} INFO - [2024-03-09T09:32:15.254+0000] {dag.py:3047} INFO - Sync 1 DAGs
[2024-03-09T09:32:15.287+0000] {logging_mixin.py:188} INFO - [2024-03-09T09:32:15.287+0000] {dag.py:3834} INFO - Setting next_dagrun for example_short_circuit_operator to 2024-03-08 00:00:00+00:00, run_after=2024-03-09 00:00:00+00:00
[2024-03-09T09:32:15.315+0000] {processor.py:183} INFO - Processing /home/airflow/.local/lib/python3.8/site-packages/airflow/example_dags/example_short_circuit_operator.py took 0.130 seconds
[2024-03-09T09:32:47.738+0000] {processor.py:161} INFO - Started process (PID=244) to work on /home/airflow/.local/lib/python3.8/site-packages/airflow/example_dags/example_short_circuit_operator.py
[2024-03-09T09:32:47.741+0000] {processor.py:830} INFO - Processing file /home/airflow/.local/lib/python3.8/site-packages/airflow/example_dags/example_short_circuit_operator.py for tasks to queue
[2024-03-09T09:32:47.744+0000] {logging_mixin.py:188} INFO - [2024-03-09T09:32:47.744+0000] {dagbag.py:540} INFO - Filling up the DagBag from /home/airflow/.local/lib/python3.8/site-packages/airflow/example_dags/example_short_circuit_operator.py
[2024-03-09T09:32:47.759+0000] {processor.py:840} INFO - DAG(s) 'example_short_circuit_operator' retrieved from /home/airflow/.local/lib/python3.8/site-packages/airflow/example_dags/example_short_circuit_operator.py
[2024-03-09T09:32:47.826+0000] {logging_mixin.py:188} INFO - [2024-03-09T09:32:47.825+0000] {dag.py:3047} INFO - Sync 1 DAGs
[2024-03-09T09:32:47.871+0000] {logging_mixin.py:188} INFO - [2024-03-09T09:32:47.870+0000] {dag.py:3834} INFO - Setting next_dagrun for example_short_circuit_operator to 2024-03-08 00:00:00+00:00, run_after=2024-03-09 00:00:00+00:00
[2024-03-09T09:32:47.961+0000] {processor.py:183} INFO - Processing /home/airflow/.local/lib/python3.8/site-packages/airflow/example_dags/example_short_circuit_operator.py took 0.227 seconds
[2024-03-09T09:33:18.039+0000] {processor.py:161} INFO - Started process (PID=299) to work on /home/airflow/.local/lib/python3.8/site-packages/airflow/example_dags/example_short_circuit_operator.py
[2024-03-09T09:33:18.041+0000] {processor.py:830} INFO - Processing file /home/airflow/.local/lib/python3.8/site-packages/airflow/example_dags/example_short_circuit_operator.py for tasks to queue
[2024-03-09T09:33:18.052+0000] {logging_mixin.py:188} INFO - [2024-03-09T09:33:18.051+0000] {dagbag.py:540} INFO - Filling up the DagBag from /home/airflow/.local/lib/python3.8/site-packages/airflow/example_dags/example_short_circuit_operator.py
[2024-03-09T09:33:18.074+0000] {processor.py:840} INFO - DAG(s) 'example_short_circuit_operator' retrieved from /home/airflow/.local/lib/python3.8/site-packages/airflow/example_dags/example_short_circuit_operator.py
[2024-03-09T09:33:18.152+0000] {logging_mixin.py:188} INFO - [2024-03-09T09:33:18.152+0000] {dag.py:3047} INFO - Sync 1 DAGs
[2024-03-09T09:33:18.251+0000] {logging_mixin.py:188} INFO - [2024-03-09T09:33:18.251+0000] {dag.py:3834} INFO - Setting next_dagrun for example_short_circuit_operator to 2024-03-08 00:00:00+00:00, run_after=2024-03-09 00:00:00+00:00
[2024-03-09T09:33:18.323+0000] {processor.py:183} INFO - Processing /home/airflow/.local/lib/python3.8/site-packages/airflow/example_dags/example_short_circuit_operator.py took 0.289 seconds
[2024-03-09T09:33:48.547+0000] {processor.py:161} INFO - Started process (PID=354) to work on /home/airflow/.local/lib/python3.8/site-packages/airflow/example_dags/example_short_circuit_operator.py
[2024-03-09T09:33:48.548+0000] {processor.py:830} INFO - Processing file /home/airflow/.local/lib/python3.8/site-packages/airflow/example_dags/example_short_circuit_operator.py for tasks to queue
[2024-03-09T09:33:48.552+0000] {logging_mixin.py:188} INFO - [2024-03-09T09:33:48.551+0000] {dagbag.py:540} INFO - Filling up the DagBag from /home/airflow/.local/lib/python3.8/site-packages/airflow/example_dags/example_short_circuit_operator.py
[2024-03-09T09:33:48.562+0000] {processor.py:840} INFO - DAG(s) 'example_short_circuit_operator' retrieved from /home/airflow/.local/lib/python3.8/site-packages/airflow/example_dags/example_short_circuit_operator.py
[2024-03-09T09:33:48.596+0000] {logging_mixin.py:188} INFO - [2024-03-09T09:33:48.596+0000] {dag.py:3047} INFO - Sync 1 DAGs
[2024-03-09T09:33:48.626+0000] {logging_mixin.py:188} INFO - [2024-03-09T09:33:48.625+0000] {dag.py:3834} INFO - Setting next_dagrun for example_short_circuit_operator to 2024-03-08 00:00:00+00:00, run_after=2024-03-09 00:00:00+00:00
[2024-03-09T09:33:48.654+0000] {processor.py:183} INFO - Processing /home/airflow/.local/lib/python3.8/site-packages/airflow/example_dags/example_short_circuit_operator.py took 0.111 seconds
[2024-03-09T09:34:19.881+0000] {processor.py:161} INFO - Started process (PID=409) to work on /home/airflow/.local/lib/python3.8/site-packages/airflow/example_dags/example_short_circuit_operator.py
[2024-03-09T09:34:19.883+0000] {processor.py:830} INFO - Processing file /home/airflow/.local/lib/python3.8/site-packages/airflow/example_dags/example_short_circuit_operator.py for tasks to queue
[2024-03-09T09:34:19.886+0000] {logging_mixin.py:188} INFO - [2024-03-09T09:34:19.886+0000] {dagbag.py:540} INFO - Filling up the DagBag from /home/airflow/.local/lib/python3.8/site-packages/airflow/example_dags/example_short_circuit_operator.py
[2024-03-09T09:34:19.900+0000] {processor.py:840} INFO - DAG(s) 'example_short_circuit_operator' retrieved from /home/airflow/.local/lib/python3.8/site-packages/airflow/example_dags/example_short_circuit_operator.py
[2024-03-09T09:34:19.983+0000] {logging_mixin.py:188} INFO - [2024-03-09T09:34:19.983+0000] {dag.py:3047} INFO - Sync 1 DAGs
[2024-03-09T09:34:20.205+0000] {logging_mixin.py:188} INFO - [2024-03-09T09:34:20.205+0000] {dag.py:3834} INFO - Setting next_dagrun for example_short_circuit_operator to 2024-03-08 00:00:00+00:00, run_after=2024-03-09 00:00:00+00:00
[2024-03-09T09:34:20.304+0000] {processor.py:183} INFO - Processing /home/airflow/.local/lib/python3.8/site-packages/airflow/example_dags/example_short_circuit_operator.py took 0.428 seconds
[2024-03-09T09:34:51.272+0000] {processor.py:161} INFO - Started process (PID=464) to work on /home/airflow/.local/lib/python3.8/site-packages/airflow/example_dags/example_short_circuit_operator.py
[2024-03-09T09:34:51.274+0000] {processor.py:830} INFO - Processing file /home/airflow/.local/lib/python3.8/site-packages/airflow/example_dags/example_short_circuit_operator.py for tasks to queue
[2024-03-09T09:34:51.278+0000] {logging_mixin.py:188} INFO - [2024-03-09T09:34:51.277+0000] {dagbag.py:540} INFO - Filling up the DagBag from /home/airflow/.local/lib/python3.8/site-packages/airflow/example_dags/example_short_circuit_operator.py
[2024-03-09T09:34:51.290+0000] {processor.py:840} INFO - DAG(s) 'example_short_circuit_operator' retrieved from /home/airflow/.local/lib/python3.8/site-packages/airflow/example_dags/example_short_circuit_operator.py
[2024-03-09T09:34:51.339+0000] {logging_mixin.py:188} INFO - [2024-03-09T09:34:51.338+0000] {dag.py:3047} INFO - Sync 1 DAGs
[2024-03-09T09:34:51.377+0000] {logging_mixin.py:188} INFO - [2024-03-09T09:34:51.376+0000] {dag.py:3834} INFO - Setting next_dagrun for example_short_circuit_operator to 2024-03-08 00:00:00+00:00, run_after=2024-03-09 00:00:00+00:00
[2024-03-09T09:34:51.414+0000] {processor.py:183} INFO - Processing /home/airflow/.local/lib/python3.8/site-packages/airflow/example_dags/example_short_circuit_operator.py took 0.149 seconds
[2024-03-09T09:35:21.689+0000] {processor.py:161} INFO - Started process (PID=518) to work on /home/airflow/.local/lib/python3.8/site-packages/airflow/example_dags/example_short_circuit_operator.py
[2024-03-09T09:35:21.691+0000] {processor.py:830} INFO - Processing file /home/airflow/.local/lib/python3.8/site-packages/airflow/example_dags/example_short_circuit_operator.py for tasks to queue
[2024-03-09T09:35:21.694+0000] {logging_mixin.py:188} INFO - [2024-03-09T09:35:21.694+0000] {dagbag.py:540} INFO - Filling up the DagBag from /home/airflow/.local/lib/python3.8/site-packages/airflow/example_dags/example_short_circuit_operator.py
[2024-03-09T09:35:21.707+0000] {processor.py:840} INFO - DAG(s) 'example_short_circuit_operator' retrieved from /home/airflow/.local/lib/python3.8/site-packages/airflow/example_dags/example_short_circuit_operator.py
[2024-03-09T09:35:21.768+0000] {logging_mixin.py:188} INFO - [2024-03-09T09:35:21.767+0000] {dag.py:3047} INFO - Sync 1 DAGs
[2024-03-09T09:35:21.818+0000] {logging_mixin.py:188} INFO - [2024-03-09T09:35:21.817+0000] {dag.py:3834} INFO - Setting next_dagrun for example_short_circuit_operator to 2024-03-08 00:00:00+00:00, run_after=2024-03-09 00:00:00+00:00
[2024-03-09T09:35:21.884+0000] {processor.py:183} INFO - Processing /home/airflow/.local/lib/python3.8/site-packages/airflow/example_dags/example_short_circuit_operator.py took 0.200 seconds
[2024-03-09T09:35:54.009+0000] {processor.py:161} INFO - Started process (PID=572) to work on /home/airflow/.local/lib/python3.8/site-packages/airflow/example_dags/example_short_circuit_operator.py
[2024-03-09T09:35:54.019+0000] {processor.py:830} INFO - Processing file /home/airflow/.local/lib/python3.8/site-packages/airflow/example_dags/example_short_circuit_operator.py for tasks to queue
[2024-03-09T09:35:54.025+0000] {logging_mixin.py:188} INFO - [2024-03-09T09:35:54.025+0000] {dagbag.py:540} INFO - Filling up the DagBag from /home/airflow/.local/lib/python3.8/site-packages/airflow/example_dags/example_short_circuit_operator.py
[2024-03-09T09:35:54.059+0000] {processor.py:840} INFO - DAG(s) 'example_short_circuit_operator' retrieved from /home/airflow/.local/lib/python3.8/site-packages/airflow/example_dags/example_short_circuit_operator.py
[2024-03-09T09:35:54.147+0000] {logging_mixin.py:188} INFO - [2024-03-09T09:35:54.146+0000] {dag.py:3047} INFO - Sync 1 DAGs
[2024-03-09T09:35:54.218+0000] {logging_mixin.py:188} INFO - [2024-03-09T09:35:54.214+0000] {dag.py:3834} INFO - Setting next_dagrun for example_short_circuit_operator to 2024-03-08 00:00:00+00:00, run_after=2024-03-09 00:00:00+00:00
[2024-03-09T09:35:54.302+0000] {processor.py:183} INFO - Processing /home/airflow/.local/lib/python3.8/site-packages/airflow/example_dags/example_short_circuit_operator.py took 0.316 seconds
[2024-03-09T09:36:24.999+0000] {processor.py:161} INFO - Started process (PID=627) to work on /home/airflow/.local/lib/python3.8/site-packages/airflow/example_dags/example_short_circuit_operator.py
[2024-03-09T09:36:25.001+0000] {processor.py:830} INFO - Processing file /home/airflow/.local/lib/python3.8/site-packages/airflow/example_dags/example_short_circuit_operator.py for tasks to queue
[2024-03-09T09:36:25.006+0000] {logging_mixin.py:188} INFO - [2024-03-09T09:36:25.005+0000] {dagbag.py:540} INFO - Filling up the DagBag from /home/airflow/.local/lib/python3.8/site-packages/airflow/example_dags/example_short_circuit_operator.py
[2024-03-09T09:36:25.024+0000] {processor.py:840} INFO - DAG(s) 'example_short_circuit_operator' retrieved from /home/airflow/.local/lib/python3.8/site-packages/airflow/example_dags/example_short_circuit_operator.py
[2024-03-09T09:36:25.065+0000] {logging_mixin.py:188} INFO - [2024-03-09T09:36:25.064+0000] {dag.py:3047} INFO - Sync 1 DAGs
[2024-03-09T09:36:25.100+0000] {logging_mixin.py:188} INFO - [2024-03-09T09:36:25.100+0000] {dag.py:3834} INFO - Setting next_dagrun for example_short_circuit_operator to 2024-03-08 00:00:00+00:00, run_after=2024-03-09 00:00:00+00:00
[2024-03-09T09:36:25.133+0000] {processor.py:183} INFO - Processing /home/airflow/.local/lib/python3.8/site-packages/airflow/example_dags/example_short_circuit_operator.py took 0.140 seconds
[2024-03-09T09:36:55.709+0000] {processor.py:161} INFO - Started process (PID=682) to work on /home/airflow/.local/lib/python3.8/site-packages/airflow/example_dags/example_short_circuit_operator.py
[2024-03-09T09:36:55.711+0000] {processor.py:830} INFO - Processing file /home/airflow/.local/lib/python3.8/site-packages/airflow/example_dags/example_short_circuit_operator.py for tasks to queue
[2024-03-09T09:36:55.713+0000] {logging_mixin.py:188} INFO - [2024-03-09T09:36:55.713+0000] {dagbag.py:540} INFO - Filling up the DagBag from /home/airflow/.local/lib/python3.8/site-packages/airflow/example_dags/example_short_circuit_operator.py
[2024-03-09T09:36:55.726+0000] {processor.py:840} INFO - DAG(s) 'example_short_circuit_operator' retrieved from /home/airflow/.local/lib/python3.8/site-packages/airflow/example_dags/example_short_circuit_operator.py
[2024-03-09T09:36:55.758+0000] {logging_mixin.py:188} INFO - [2024-03-09T09:36:55.758+0000] {dag.py:3047} INFO - Sync 1 DAGs
[2024-03-09T09:36:55.794+0000] {logging_mixin.py:188} INFO - [2024-03-09T09:36:55.793+0000] {dag.py:3834} INFO - Setting next_dagrun for example_short_circuit_operator to 2024-03-08 00:00:00+00:00, run_after=2024-03-09 00:00:00+00:00
[2024-03-09T09:36:55.826+0000] {processor.py:183} INFO - Processing /home/airflow/.local/lib/python3.8/site-packages/airflow/example_dags/example_short_circuit_operator.py took 0.121 seconds
[2024-03-09T09:37:26.213+0000] {processor.py:161} INFO - Started process (PID=737) to work on /home/airflow/.local/lib/python3.8/site-packages/airflow/example_dags/example_short_circuit_operator.py
[2024-03-09T09:37:26.215+0000] {processor.py:830} INFO - Processing file /home/airflow/.local/lib/python3.8/site-packages/airflow/example_dags/example_short_circuit_operator.py for tasks to queue
[2024-03-09T09:37:26.220+0000] {logging_mixin.py:188} INFO - [2024-03-09T09:37:26.220+0000] {dagbag.py:540} INFO - Filling up the DagBag from /home/airflow/.local/lib/python3.8/site-packages/airflow/example_dags/example_short_circuit_operator.py
[2024-03-09T09:37:26.240+0000] {processor.py:840} INFO - DAG(s) 'example_short_circuit_operator' retrieved from /home/airflow/.local/lib/python3.8/site-packages/airflow/example_dags/example_short_circuit_operator.py
[2024-03-09T09:37:26.300+0000] {logging_mixin.py:188} INFO - [2024-03-09T09:37:26.299+0000] {dag.py:3047} INFO - Sync 1 DAGs
[2024-03-09T09:37:26.432+0000] {logging_mixin.py:188} INFO - [2024-03-09T09:37:26.412+0000] {dag.py:3834} INFO - Setting next_dagrun for example_short_circuit_operator to 2024-03-08 00:00:00+00:00, run_after=2024-03-09 00:00:00+00:00
[2024-03-09T09:37:26.577+0000] {processor.py:183} INFO - Processing /home/airflow/.local/lib/python3.8/site-packages/airflow/example_dags/example_short_circuit_operator.py took 0.370 seconds
[2024-03-09T09:37:56.718+0000] {processor.py:161} INFO - Started process (PID=792) to work on /home/airflow/.local/lib/python3.8/site-packages/airflow/example_dags/example_short_circuit_operator.py
[2024-03-09T09:37:56.720+0000] {processor.py:830} INFO - Processing file /home/airflow/.local/lib/python3.8/site-packages/airflow/example_dags/example_short_circuit_operator.py for tasks to queue
[2024-03-09T09:37:56.725+0000] {logging_mixin.py:188} INFO - [2024-03-09T09:37:56.724+0000] {dagbag.py:540} INFO - Filling up the DagBag from /home/airflow/.local/lib/python3.8/site-packages/airflow/example_dags/example_short_circuit_operator.py
[2024-03-09T09:37:56.744+0000] {processor.py:840} INFO - DAG(s) 'example_short_circuit_operator' retrieved from /home/airflow/.local/lib/python3.8/site-packages/airflow/example_dags/example_short_circuit_operator.py
[2024-03-09T09:37:56.795+0000] {logging_mixin.py:188} INFO - [2024-03-09T09:37:56.794+0000] {dag.py:3047} INFO - Sync 1 DAGs
[2024-03-09T09:37:56.825+0000] {logging_mixin.py:188} INFO - [2024-03-09T09:37:56.825+0000] {dag.py:3834} INFO - Setting next_dagrun for example_short_circuit_operator to 2024-03-08 00:00:00+00:00, run_after=2024-03-09 00:00:00+00:00
[2024-03-09T09:37:56.854+0000] {processor.py:183} INFO - Processing /home/airflow/.local/lib/python3.8/site-packages/airflow/example_dags/example_short_circuit_operator.py took 0.141 seconds
[2024-03-09T09:38:26.899+0000] {processor.py:161} INFO - Started process (PID=847) to work on /home/airflow/.local/lib/python3.8/site-packages/airflow/example_dags/example_short_circuit_operator.py
[2024-03-09T09:38:26.901+0000] {processor.py:830} INFO - Processing file /home/airflow/.local/lib/python3.8/site-packages/airflow/example_dags/example_short_circuit_operator.py for tasks to queue
[2024-03-09T09:38:26.904+0000] {logging_mixin.py:188} INFO - [2024-03-09T09:38:26.903+0000] {dagbag.py:540} INFO - Filling up the DagBag from /home/airflow/.local/lib/python3.8/site-packages/airflow/example_dags/example_short_circuit_operator.py
[2024-03-09T09:38:26.913+0000] {processor.py:840} INFO - DAG(s) 'example_short_circuit_operator' retrieved from /home/airflow/.local/lib/python3.8/site-packages/airflow/example_dags/example_short_circuit_operator.py
[2024-03-09T09:38:26.948+0000] {logging_mixin.py:188} INFO - [2024-03-09T09:38:26.948+0000] {dag.py:3047} INFO - Sync 1 DAGs
[2024-03-09T09:38:26.976+0000] {logging_mixin.py:188} INFO - [2024-03-09T09:38:26.975+0000] {dag.py:3834} INFO - Setting next_dagrun for example_short_circuit_operator to 2024-03-08 00:00:00+00:00, run_after=2024-03-09 00:00:00+00:00
[2024-03-09T09:38:27.015+0000] {processor.py:183} INFO - Processing /home/airflow/.local/lib/python3.8/site-packages/airflow/example_dags/example_short_circuit_operator.py took 0.119 seconds
[2024-03-09T09:38:57.067+0000] {processor.py:161} INFO - Started process (PID=901) to work on /home/airflow/.local/lib/python3.8/site-packages/airflow/example_dags/example_short_circuit_operator.py
[2024-03-09T09:38:57.069+0000] {processor.py:830} INFO - Processing file /home/airflow/.local/lib/python3.8/site-packages/airflow/example_dags/example_short_circuit_operator.py for tasks to queue
[2024-03-09T09:38:57.072+0000] {logging_mixin.py:188} INFO - [2024-03-09T09:38:57.072+0000] {dagbag.py:540} INFO - Filling up the DagBag from /home/airflow/.local/lib/python3.8/site-packages/airflow/example_dags/example_short_circuit_operator.py
[2024-03-09T09:38:57.094+0000] {processor.py:840} INFO - DAG(s) 'example_short_circuit_operator' retrieved from /home/airflow/.local/lib/python3.8/site-packages/airflow/example_dags/example_short_circuit_operator.py
[2024-03-09T09:38:57.139+0000] {logging_mixin.py:188} INFO - [2024-03-09T09:38:57.139+0000] {dag.py:3047} INFO - Sync 1 DAGs
[2024-03-09T09:38:57.174+0000] {logging_mixin.py:188} INFO - [2024-03-09T09:38:57.174+0000] {dag.py:3834} INFO - Setting next_dagrun for example_short_circuit_operator to 2024-03-08 00:00:00+00:00, run_after=2024-03-09 00:00:00+00:00
[2024-03-09T09:38:57.214+0000] {processor.py:183} INFO - Processing /home/airflow/.local/lib/python3.8/site-packages/airflow/example_dags/example_short_circuit_operator.py took 0.154 seconds
