[2024-03-09T09:31:07.959+0000] {processor.py:161} INFO - Started process (PID=56) to work on /home/airflow/.local/lib/python3.8/site-packages/airflow/example_dags/example_task_group.py
[2024-03-09T09:31:07.960+0000] {processor.py:830} INFO - Processing file /home/airflow/.local/lib/python3.8/site-packages/airflow/example_dags/example_task_group.py for tasks to queue
[2024-03-09T09:31:07.965+0000] {logging_mixin.py:188} INFO - [2024-03-09T09:31:07.964+0000] {dagbag.py:540} INFO - Filling up the DagBag from /home/airflow/.local/lib/python3.8/site-packages/airflow/example_dags/example_task_group.py
[2024-03-09T09:31:07.994+0000] {processor.py:840} INFO - DAG(s) 'example_task_group' retrieved from /home/airflow/.local/lib/python3.8/site-packages/airflow/example_dags/example_task_group.py
[2024-03-09T09:31:08.442+0000] {logging_mixin.py:188} INFO - [2024-03-09T09:31:08.442+0000] {dag.py:3047} INFO - Sync 1 DAGs
[2024-03-09T09:31:08.506+0000] {logging_mixin.py:188} INFO - [2024-03-09T09:31:08.506+0000] {dag.py:3834} INFO - Setting next_dagrun for example_task_group to 2024-03-08 00:00:00+00:00, run_after=2024-03-09 00:00:00+00:00
[2024-03-09T09:31:08.559+0000] {processor.py:183} INFO - Processing /home/airflow/.local/lib/python3.8/site-packages/airflow/example_dags/example_task_group.py took 0.607 seconds
[2024-03-09T09:31:39.037+0000] {processor.py:161} INFO - Started process (PID=111) to work on /home/airflow/.local/lib/python3.8/site-packages/airflow/example_dags/example_task_group.py
[2024-03-09T09:31:39.039+0000] {processor.py:830} INFO - Processing file /home/airflow/.local/lib/python3.8/site-packages/airflow/example_dags/example_task_group.py for tasks to queue
[2024-03-09T09:31:39.043+0000] {logging_mixin.py:188} INFO - [2024-03-09T09:31:39.042+0000] {dagbag.py:540} INFO - Filling up the DagBag from /home/airflow/.local/lib/python3.8/site-packages/airflow/example_dags/example_task_group.py
[2024-03-09T09:31:39.056+0000] {processor.py:840} INFO - DAG(s) 'example_task_group' retrieved from /home/airflow/.local/lib/python3.8/site-packages/airflow/example_dags/example_task_group.py
[2024-03-09T09:31:39.095+0000] {logging_mixin.py:188} INFO - [2024-03-09T09:31:39.094+0000] {dag.py:3047} INFO - Sync 1 DAGs
[2024-03-09T09:31:39.165+0000] {logging_mixin.py:188} INFO - [2024-03-09T09:31:39.165+0000] {dag.py:3834} INFO - Setting next_dagrun for example_task_group to 2024-03-08 00:00:00+00:00, run_after=2024-03-09 00:00:00+00:00
[2024-03-09T09:31:39.255+0000] {processor.py:183} INFO - Processing /home/airflow/.local/lib/python3.8/site-packages/airflow/example_dags/example_task_group.py took 0.223 seconds
[2024-03-09T09:32:09.710+0000] {processor.py:161} INFO - Started process (PID=165) to work on /home/airflow/.local/lib/python3.8/site-packages/airflow/example_dags/example_task_group.py
[2024-03-09T09:32:09.713+0000] {processor.py:830} INFO - Processing file /home/airflow/.local/lib/python3.8/site-packages/airflow/example_dags/example_task_group.py for tasks to queue
[2024-03-09T09:32:09.716+0000] {logging_mixin.py:188} INFO - [2024-03-09T09:32:09.716+0000] {dagbag.py:540} INFO - Filling up the DagBag from /home/airflow/.local/lib/python3.8/site-packages/airflow/example_dags/example_task_group.py
[2024-03-09T09:32:09.733+0000] {processor.py:840} INFO - DAG(s) 'example_task_group' retrieved from /home/airflow/.local/lib/python3.8/site-packages/airflow/example_dags/example_task_group.py
[2024-03-09T09:32:09.783+0000] {logging_mixin.py:188} INFO - [2024-03-09T09:32:09.782+0000] {dag.py:3047} INFO - Sync 1 DAGs
[2024-03-09T09:32:09.916+0000] {logging_mixin.py:188} INFO - [2024-03-09T09:32:09.915+0000] {dag.py:3834} INFO - Setting next_dagrun for example_task_group to 2024-03-08 00:00:00+00:00, run_after=2024-03-09 00:00:00+00:00
[2024-03-09T09:32:09.946+0000] {processor.py:183} INFO - Processing /home/airflow/.local/lib/python3.8/site-packages/airflow/example_dags/example_task_group.py took 0.244 seconds
[2024-03-09T09:32:40.438+0000] {processor.py:161} INFO - Started process (PID=219) to work on /home/airflow/.local/lib/python3.8/site-packages/airflow/example_dags/example_task_group.py
[2024-03-09T09:32:40.464+0000] {processor.py:830} INFO - Processing file /home/airflow/.local/lib/python3.8/site-packages/airflow/example_dags/example_task_group.py for tasks to queue
[2024-03-09T09:32:40.503+0000] {logging_mixin.py:188} INFO - [2024-03-09T09:32:40.503+0000] {dagbag.py:540} INFO - Filling up the DagBag from /home/airflow/.local/lib/python3.8/site-packages/airflow/example_dags/example_task_group.py
[2024-03-09T09:32:40.579+0000] {processor.py:840} INFO - DAG(s) 'example_task_group' retrieved from /home/airflow/.local/lib/python3.8/site-packages/airflow/example_dags/example_task_group.py
[2024-03-09T09:32:40.655+0000] {logging_mixin.py:188} INFO - [2024-03-09T09:32:40.654+0000] {dag.py:3047} INFO - Sync 1 DAGs
[2024-03-09T09:32:40.749+0000] {logging_mixin.py:188} INFO - [2024-03-09T09:32:40.749+0000] {dag.py:3834} INFO - Setting next_dagrun for example_task_group to 2024-03-08 00:00:00+00:00, run_after=2024-03-09 00:00:00+00:00
[2024-03-09T09:32:40.945+0000] {processor.py:183} INFO - Processing /home/airflow/.local/lib/python3.8/site-packages/airflow/example_dags/example_task_group.py took 0.538 seconds
[2024-03-09T09:33:11.179+0000] {processor.py:161} INFO - Started process (PID=274) to work on /home/airflow/.local/lib/python3.8/site-packages/airflow/example_dags/example_task_group.py
[2024-03-09T09:33:11.182+0000] {processor.py:830} INFO - Processing file /home/airflow/.local/lib/python3.8/site-packages/airflow/example_dags/example_task_group.py for tasks to queue
[2024-03-09T09:33:11.185+0000] {logging_mixin.py:188} INFO - [2024-03-09T09:33:11.185+0000] {dagbag.py:540} INFO - Filling up the DagBag from /home/airflow/.local/lib/python3.8/site-packages/airflow/example_dags/example_task_group.py
[2024-03-09T09:33:11.199+0000] {processor.py:840} INFO - DAG(s) 'example_task_group' retrieved from /home/airflow/.local/lib/python3.8/site-packages/airflow/example_dags/example_task_group.py
[2024-03-09T09:33:11.233+0000] {logging_mixin.py:188} INFO - [2024-03-09T09:33:11.233+0000] {dag.py:3047} INFO - Sync 1 DAGs
[2024-03-09T09:33:11.272+0000] {logging_mixin.py:188} INFO - [2024-03-09T09:33:11.272+0000] {dag.py:3834} INFO - Setting next_dagrun for example_task_group to 2024-03-08 00:00:00+00:00, run_after=2024-03-09 00:00:00+00:00
[2024-03-09T09:33:11.309+0000] {processor.py:183} INFO - Processing /home/airflow/.local/lib/python3.8/site-packages/airflow/example_dags/example_task_group.py took 0.135 seconds
[2024-03-09T09:33:41.795+0000] {processor.py:161} INFO - Started process (PID=329) to work on /home/airflow/.local/lib/python3.8/site-packages/airflow/example_dags/example_task_group.py
[2024-03-09T09:33:41.796+0000] {processor.py:830} INFO - Processing file /home/airflow/.local/lib/python3.8/site-packages/airflow/example_dags/example_task_group.py for tasks to queue
[2024-03-09T09:33:41.799+0000] {logging_mixin.py:188} INFO - [2024-03-09T09:33:41.799+0000] {dagbag.py:540} INFO - Filling up the DagBag from /home/airflow/.local/lib/python3.8/site-packages/airflow/example_dags/example_task_group.py
[2024-03-09T09:33:41.811+0000] {processor.py:840} INFO - DAG(s) 'example_task_group' retrieved from /home/airflow/.local/lib/python3.8/site-packages/airflow/example_dags/example_task_group.py
[2024-03-09T09:33:41.841+0000] {logging_mixin.py:188} INFO - [2024-03-09T09:33:41.841+0000] {dag.py:3047} INFO - Sync 1 DAGs
[2024-03-09T09:33:41.873+0000] {logging_mixin.py:188} INFO - [2024-03-09T09:33:41.872+0000] {dag.py:3834} INFO - Setting next_dagrun for example_task_group to 2024-03-08 00:00:00+00:00, run_after=2024-03-09 00:00:00+00:00
[2024-03-09T09:33:41.903+0000] {processor.py:183} INFO - Processing /home/airflow/.local/lib/python3.8/site-packages/airflow/example_dags/example_task_group.py took 0.114 seconds
[2024-03-09T09:34:12.219+0000] {processor.py:161} INFO - Started process (PID=384) to work on /home/airflow/.local/lib/python3.8/site-packages/airflow/example_dags/example_task_group.py
[2024-03-09T09:34:12.225+0000] {processor.py:830} INFO - Processing file /home/airflow/.local/lib/python3.8/site-packages/airflow/example_dags/example_task_group.py for tasks to queue
[2024-03-09T09:34:12.230+0000] {logging_mixin.py:188} INFO - [2024-03-09T09:34:12.230+0000] {dagbag.py:540} INFO - Filling up the DagBag from /home/airflow/.local/lib/python3.8/site-packages/airflow/example_dags/example_task_group.py
[2024-03-09T09:34:12.245+0000] {processor.py:840} INFO - DAG(s) 'example_task_group' retrieved from /home/airflow/.local/lib/python3.8/site-packages/airflow/example_dags/example_task_group.py
[2024-03-09T09:34:12.300+0000] {logging_mixin.py:188} INFO - [2024-03-09T09:34:12.300+0000] {dag.py:3047} INFO - Sync 1 DAGs
[2024-03-09T09:34:12.335+0000] {logging_mixin.py:188} INFO - [2024-03-09T09:34:12.335+0000] {dag.py:3834} INFO - Setting next_dagrun for example_task_group to 2024-03-08 00:00:00+00:00, run_after=2024-03-09 00:00:00+00:00
[2024-03-09T09:34:12.364+0000] {processor.py:183} INFO - Processing /home/airflow/.local/lib/python3.8/site-packages/airflow/example_dags/example_task_group.py took 0.151 seconds
[2024-03-09T09:34:42.706+0000] {processor.py:161} INFO - Started process (PID=439) to work on /home/airflow/.local/lib/python3.8/site-packages/airflow/example_dags/example_task_group.py
[2024-03-09T09:34:42.708+0000] {processor.py:830} INFO - Processing file /home/airflow/.local/lib/python3.8/site-packages/airflow/example_dags/example_task_group.py for tasks to queue
[2024-03-09T09:34:42.711+0000] {logging_mixin.py:188} INFO - [2024-03-09T09:34:42.711+0000] {dagbag.py:540} INFO - Filling up the DagBag from /home/airflow/.local/lib/python3.8/site-packages/airflow/example_dags/example_task_group.py
[2024-03-09T09:34:42.723+0000] {processor.py:840} INFO - DAG(s) 'example_task_group' retrieved from /home/airflow/.local/lib/python3.8/site-packages/airflow/example_dags/example_task_group.py
[2024-03-09T09:34:42.761+0000] {logging_mixin.py:188} INFO - [2024-03-09T09:34:42.761+0000] {dag.py:3047} INFO - Sync 1 DAGs
[2024-03-09T09:34:42.796+0000] {logging_mixin.py:188} INFO - [2024-03-09T09:34:42.795+0000] {dag.py:3834} INFO - Setting next_dagrun for example_task_group to 2024-03-08 00:00:00+00:00, run_after=2024-03-09 00:00:00+00:00
[2024-03-09T09:34:42.828+0000] {processor.py:183} INFO - Processing /home/airflow/.local/lib/python3.8/site-packages/airflow/example_dags/example_task_group.py took 0.131 seconds
[2024-03-09T09:35:13.256+0000] {processor.py:161} INFO - Started process (PID=494) to work on /home/airflow/.local/lib/python3.8/site-packages/airflow/example_dags/example_task_group.py
[2024-03-09T09:35:13.271+0000] {processor.py:830} INFO - Processing file /home/airflow/.local/lib/python3.8/site-packages/airflow/example_dags/example_task_group.py for tasks to queue
[2024-03-09T09:35:13.286+0000] {logging_mixin.py:188} INFO - [2024-03-09T09:35:13.284+0000] {dagbag.py:540} INFO - Filling up the DagBag from /home/airflow/.local/lib/python3.8/site-packages/airflow/example_dags/example_task_group.py
[2024-03-09T09:35:13.314+0000] {processor.py:840} INFO - DAG(s) 'example_task_group' retrieved from /home/airflow/.local/lib/python3.8/site-packages/airflow/example_dags/example_task_group.py
[2024-03-09T09:35:13.382+0000] {logging_mixin.py:188} INFO - [2024-03-09T09:35:13.382+0000] {dag.py:3047} INFO - Sync 1 DAGs
[2024-03-09T09:35:13.418+0000] {logging_mixin.py:188} INFO - [2024-03-09T09:35:13.417+0000] {dag.py:3834} INFO - Setting next_dagrun for example_task_group to 2024-03-08 00:00:00+00:00, run_after=2024-03-09 00:00:00+00:00
[2024-03-09T09:35:13.485+0000] {processor.py:183} INFO - Processing /home/airflow/.local/lib/python3.8/site-packages/airflow/example_dags/example_task_group.py took 0.318 seconds
[2024-03-09T09:35:43.562+0000] {processor.py:161} INFO - Started process (PID=548) to work on /home/airflow/.local/lib/python3.8/site-packages/airflow/example_dags/example_task_group.py
[2024-03-09T09:35:43.564+0000] {processor.py:830} INFO - Processing file /home/airflow/.local/lib/python3.8/site-packages/airflow/example_dags/example_task_group.py for tasks to queue
[2024-03-09T09:35:43.568+0000] {logging_mixin.py:188} INFO - [2024-03-09T09:35:43.568+0000] {dagbag.py:540} INFO - Filling up the DagBag from /home/airflow/.local/lib/python3.8/site-packages/airflow/example_dags/example_task_group.py
[2024-03-09T09:35:43.583+0000] {processor.py:840} INFO - DAG(s) 'example_task_group' retrieved from /home/airflow/.local/lib/python3.8/site-packages/airflow/example_dags/example_task_group.py
[2024-03-09T09:35:43.637+0000] {logging_mixin.py:188} INFO - [2024-03-09T09:35:43.636+0000] {dag.py:3047} INFO - Sync 1 DAGs
[2024-03-09T09:35:43.674+0000] {logging_mixin.py:188} INFO - [2024-03-09T09:35:43.673+0000] {dag.py:3834} INFO - Setting next_dagrun for example_task_group to 2024-03-08 00:00:00+00:00, run_after=2024-03-09 00:00:00+00:00
[2024-03-09T09:35:43.703+0000] {processor.py:183} INFO - Processing /home/airflow/.local/lib/python3.8/site-packages/airflow/example_dags/example_task_group.py took 0.151 seconds
[2024-03-09T09:36:15.192+0000] {processor.py:161} INFO - Started process (PID=602) to work on /home/airflow/.local/lib/python3.8/site-packages/airflow/example_dags/example_task_group.py
[2024-03-09T09:36:15.194+0000] {processor.py:830} INFO - Processing file /home/airflow/.local/lib/python3.8/site-packages/airflow/example_dags/example_task_group.py for tasks to queue
[2024-03-09T09:36:15.197+0000] {logging_mixin.py:188} INFO - [2024-03-09T09:36:15.197+0000] {dagbag.py:540} INFO - Filling up the DagBag from /home/airflow/.local/lib/python3.8/site-packages/airflow/example_dags/example_task_group.py
[2024-03-09T09:36:15.210+0000] {processor.py:840} INFO - DAG(s) 'example_task_group' retrieved from /home/airflow/.local/lib/python3.8/site-packages/airflow/example_dags/example_task_group.py
[2024-03-09T09:36:15.261+0000] {logging_mixin.py:188} INFO - [2024-03-09T09:36:15.261+0000] {dag.py:3047} INFO - Sync 1 DAGs
[2024-03-09T09:36:15.300+0000] {logging_mixin.py:188} INFO - [2024-03-09T09:36:15.300+0000] {dag.py:3834} INFO - Setting next_dagrun for example_task_group to 2024-03-08 00:00:00+00:00, run_after=2024-03-09 00:00:00+00:00
[2024-03-09T09:36:15.338+0000] {processor.py:183} INFO - Processing /home/airflow/.local/lib/python3.8/site-packages/airflow/example_dags/example_task_group.py took 0.151 seconds
[2024-03-09T09:36:45.975+0000] {processor.py:161} INFO - Started process (PID=657) to work on /home/airflow/.local/lib/python3.8/site-packages/airflow/example_dags/example_task_group.py
[2024-03-09T09:36:45.978+0000] {processor.py:830} INFO - Processing file /home/airflow/.local/lib/python3.8/site-packages/airflow/example_dags/example_task_group.py for tasks to queue
[2024-03-09T09:36:45.981+0000] {logging_mixin.py:188} INFO - [2024-03-09T09:36:45.981+0000] {dagbag.py:540} INFO - Filling up the DagBag from /home/airflow/.local/lib/python3.8/site-packages/airflow/example_dags/example_task_group.py
[2024-03-09T09:36:45.992+0000] {processor.py:840} INFO - DAG(s) 'example_task_group' retrieved from /home/airflow/.local/lib/python3.8/site-packages/airflow/example_dags/example_task_group.py
[2024-03-09T09:36:46.034+0000] {logging_mixin.py:188} INFO - [2024-03-09T09:36:46.033+0000] {dag.py:3047} INFO - Sync 1 DAGs
[2024-03-09T09:36:46.079+0000] {logging_mixin.py:188} INFO - [2024-03-09T09:36:46.078+0000] {dag.py:3834} INFO - Setting next_dagrun for example_task_group to 2024-03-08 00:00:00+00:00, run_after=2024-03-09 00:00:00+00:00
[2024-03-09T09:36:46.107+0000] {processor.py:183} INFO - Processing /home/airflow/.local/lib/python3.8/site-packages/airflow/example_dags/example_task_group.py took 0.139 seconds
[2024-03-09T09:37:16.315+0000] {processor.py:161} INFO - Started process (PID=712) to work on /home/airflow/.local/lib/python3.8/site-packages/airflow/example_dags/example_task_group.py
[2024-03-09T09:37:16.316+0000] {processor.py:830} INFO - Processing file /home/airflow/.local/lib/python3.8/site-packages/airflow/example_dags/example_task_group.py for tasks to queue
[2024-03-09T09:37:16.319+0000] {logging_mixin.py:188} INFO - [2024-03-09T09:37:16.318+0000] {dagbag.py:540} INFO - Filling up the DagBag from /home/airflow/.local/lib/python3.8/site-packages/airflow/example_dags/example_task_group.py
[2024-03-09T09:37:16.330+0000] {processor.py:840} INFO - DAG(s) 'example_task_group' retrieved from /home/airflow/.local/lib/python3.8/site-packages/airflow/example_dags/example_task_group.py
[2024-03-09T09:37:16.365+0000] {logging_mixin.py:188} INFO - [2024-03-09T09:37:16.365+0000] {dag.py:3047} INFO - Sync 1 DAGs
[2024-03-09T09:37:16.405+0000] {logging_mixin.py:188} INFO - [2024-03-09T09:37:16.405+0000] {dag.py:3834} INFO - Setting next_dagrun for example_task_group to 2024-03-08 00:00:00+00:00, run_after=2024-03-09 00:00:00+00:00
[2024-03-09T09:37:16.438+0000] {processor.py:183} INFO - Processing /home/airflow/.local/lib/python3.8/site-packages/airflow/example_dags/example_task_group.py took 0.129 seconds
[2024-03-09T09:37:46.938+0000] {processor.py:161} INFO - Started process (PID=767) to work on /home/airflow/.local/lib/python3.8/site-packages/airflow/example_dags/example_task_group.py
[2024-03-09T09:37:46.943+0000] {processor.py:830} INFO - Processing file /home/airflow/.local/lib/python3.8/site-packages/airflow/example_dags/example_task_group.py for tasks to queue
[2024-03-09T09:37:46.955+0000] {logging_mixin.py:188} INFO - [2024-03-09T09:37:46.954+0000] {dagbag.py:540} INFO - Filling up the DagBag from /home/airflow/.local/lib/python3.8/site-packages/airflow/example_dags/example_task_group.py
[2024-03-09T09:37:46.972+0000] {processor.py:840} INFO - DAG(s) 'example_task_group' retrieved from /home/airflow/.local/lib/python3.8/site-packages/airflow/example_dags/example_task_group.py
[2024-03-09T09:37:47.078+0000] {logging_mixin.py:188} INFO - [2024-03-09T09:37:47.076+0000] {dag.py:3047} INFO - Sync 1 DAGs
[2024-03-09T09:37:47.131+0000] {logging_mixin.py:188} INFO - [2024-03-09T09:37:47.130+0000] {dag.py:3834} INFO - Setting next_dagrun for example_task_group to 2024-03-08 00:00:00+00:00, run_after=2024-03-09 00:00:00+00:00
[2024-03-09T09:37:47.386+0000] {processor.py:183} INFO - Processing /home/airflow/.local/lib/python3.8/site-packages/airflow/example_dags/example_task_group.py took 0.454 seconds
[2024-03-09T09:38:17.510+0000] {processor.py:161} INFO - Started process (PID=822) to work on /home/airflow/.local/lib/python3.8/site-packages/airflow/example_dags/example_task_group.py
[2024-03-09T09:38:17.514+0000] {processor.py:830} INFO - Processing file /home/airflow/.local/lib/python3.8/site-packages/airflow/example_dags/example_task_group.py for tasks to queue
[2024-03-09T09:38:17.522+0000] {logging_mixin.py:188} INFO - [2024-03-09T09:38:17.522+0000] {dagbag.py:540} INFO - Filling up the DagBag from /home/airflow/.local/lib/python3.8/site-packages/airflow/example_dags/example_task_group.py
[2024-03-09T09:38:17.572+0000] {processor.py:840} INFO - DAG(s) 'example_task_group' retrieved from /home/airflow/.local/lib/python3.8/site-packages/airflow/example_dags/example_task_group.py
[2024-03-09T09:38:17.725+0000] {logging_mixin.py:188} INFO - [2024-03-09T09:38:17.724+0000] {dag.py:3047} INFO - Sync 1 DAGs
[2024-03-09T09:38:17.771+0000] {logging_mixin.py:188} INFO - [2024-03-09T09:38:17.771+0000] {dag.py:3834} INFO - Setting next_dagrun for example_task_group to 2024-03-08 00:00:00+00:00, run_after=2024-03-09 00:00:00+00:00
[2024-03-09T09:38:17.807+0000] {processor.py:183} INFO - Processing /home/airflow/.local/lib/python3.8/site-packages/airflow/example_dags/example_task_group.py took 0.305 seconds
[2024-03-09T09:38:48.202+0000] {processor.py:161} INFO - Started process (PID=882) to work on /home/airflow/.local/lib/python3.8/site-packages/airflow/example_dags/example_task_group.py
[2024-03-09T09:38:48.203+0000] {processor.py:830} INFO - Processing file /home/airflow/.local/lib/python3.8/site-packages/airflow/example_dags/example_task_group.py for tasks to queue
[2024-03-09T09:38:48.206+0000] {logging_mixin.py:188} INFO - [2024-03-09T09:38:48.205+0000] {dagbag.py:540} INFO - Filling up the DagBag from /home/airflow/.local/lib/python3.8/site-packages/airflow/example_dags/example_task_group.py
[2024-03-09T09:38:48.215+0000] {processor.py:840} INFO - DAG(s) 'example_task_group' retrieved from /home/airflow/.local/lib/python3.8/site-packages/airflow/example_dags/example_task_group.py
[2024-03-09T09:38:48.249+0000] {logging_mixin.py:188} INFO - [2024-03-09T09:38:48.248+0000] {dag.py:3047} INFO - Sync 1 DAGs
[2024-03-09T09:38:48.283+0000] {logging_mixin.py:188} INFO - [2024-03-09T09:38:48.283+0000] {dag.py:3834} INFO - Setting next_dagrun for example_task_group to 2024-03-08 00:00:00+00:00, run_after=2024-03-09 00:00:00+00:00
[2024-03-09T09:38:48.315+0000] {processor.py:183} INFO - Processing /home/airflow/.local/lib/python3.8/site-packages/airflow/example_dags/example_task_group.py took 0.117 seconds
