[2024-03-09T09:31:14.113+0000] {processor.py:161} INFO - Started process (PID=76) to work on /home/airflow/.local/lib/python3.8/site-packages/airflow/example_dags/example_sensor_decorator.py
[2024-03-09T09:31:14.118+0000] {processor.py:830} INFO - Processing file /home/airflow/.local/lib/python3.8/site-packages/airflow/example_dags/example_sensor_decorator.py for tasks to queue
[2024-03-09T09:31:14.123+0000] {logging_mixin.py:188} INFO - [2024-03-09T09:31:14.123+0000] {dagbag.py:540} INFO - Filling up the DagBag from /home/airflow/.local/lib/python3.8/site-packages/airflow/example_dags/example_sensor_decorator.py
[2024-03-09T09:31:14.137+0000] {processor.py:840} INFO - DAG(s) 'example_sensor_decorator' retrieved from /home/airflow/.local/lib/python3.8/site-packages/airflow/example_dags/example_sensor_decorator.py
[2024-03-09T09:31:14.322+0000] {logging_mixin.py:188} INFO - [2024-03-09T09:31:14.322+0000] {dag.py:3047} INFO - Sync 1 DAGs
[2024-03-09T09:31:14.346+0000] {logging_mixin.py:188} INFO - [2024-03-09T09:31:14.345+0000] {dag.py:3834} INFO - Setting next_dagrun for example_sensor_decorator to None, run_after=None
[2024-03-09T09:31:14.381+0000] {processor.py:183} INFO - Processing /home/airflow/.local/lib/python3.8/site-packages/airflow/example_dags/example_sensor_decorator.py took 0.273 seconds
[2024-03-09T09:31:44.781+0000] {processor.py:161} INFO - Started process (PID=131) to work on /home/airflow/.local/lib/python3.8/site-packages/airflow/example_dags/example_sensor_decorator.py
[2024-03-09T09:31:44.783+0000] {processor.py:830} INFO - Processing file /home/airflow/.local/lib/python3.8/site-packages/airflow/example_dags/example_sensor_decorator.py for tasks to queue
[2024-03-09T09:31:44.785+0000] {logging_mixin.py:188} INFO - [2024-03-09T09:31:44.785+0000] {dagbag.py:540} INFO - Filling up the DagBag from /home/airflow/.local/lib/python3.8/site-packages/airflow/example_dags/example_sensor_decorator.py
[2024-03-09T09:31:44.794+0000] {processor.py:840} INFO - DAG(s) 'example_sensor_decorator' retrieved from /home/airflow/.local/lib/python3.8/site-packages/airflow/example_dags/example_sensor_decorator.py
[2024-03-09T09:31:44.826+0000] {logging_mixin.py:188} INFO - [2024-03-09T09:31:44.825+0000] {dag.py:3047} INFO - Sync 1 DAGs
[2024-03-09T09:31:44.853+0000] {logging_mixin.py:188} INFO - [2024-03-09T09:31:44.852+0000] {dag.py:3834} INFO - Setting next_dagrun for example_sensor_decorator to None, run_after=None
[2024-03-09T09:31:44.896+0000] {processor.py:183} INFO - Processing /home/airflow/.local/lib/python3.8/site-packages/airflow/example_dags/example_sensor_decorator.py took 0.121 seconds
[2024-03-09T09:32:15.344+0000] {processor.py:161} INFO - Started process (PID=190) to work on /home/airflow/.local/lib/python3.8/site-packages/airflow/example_dags/example_sensor_decorator.py
[2024-03-09T09:32:15.345+0000] {processor.py:830} INFO - Processing file /home/airflow/.local/lib/python3.8/site-packages/airflow/example_dags/example_sensor_decorator.py for tasks to queue
[2024-03-09T09:32:15.348+0000] {logging_mixin.py:188} INFO - [2024-03-09T09:32:15.348+0000] {dagbag.py:540} INFO - Filling up the DagBag from /home/airflow/.local/lib/python3.8/site-packages/airflow/example_dags/example_sensor_decorator.py
[2024-03-09T09:32:15.356+0000] {processor.py:840} INFO - DAG(s) 'example_sensor_decorator' retrieved from /home/airflow/.local/lib/python3.8/site-packages/airflow/example_dags/example_sensor_decorator.py
[2024-03-09T09:32:15.387+0000] {logging_mixin.py:188} INFO - [2024-03-09T09:32:15.387+0000] {dag.py:3047} INFO - Sync 1 DAGs
[2024-03-09T09:32:15.404+0000] {logging_mixin.py:188} INFO - [2024-03-09T09:32:15.404+0000] {dag.py:3834} INFO - Setting next_dagrun for example_sensor_decorator to None, run_after=None
[2024-03-09T09:32:15.433+0000] {processor.py:183} INFO - Processing /home/airflow/.local/lib/python3.8/site-packages/airflow/example_dags/example_sensor_decorator.py took 0.093 seconds
[2024-03-09T09:32:47.742+0000] {processor.py:161} INFO - Started process (PID=245) to work on /home/airflow/.local/lib/python3.8/site-packages/airflow/example_dags/example_sensor_decorator.py
[2024-03-09T09:32:47.745+0000] {processor.py:830} INFO - Processing file /home/airflow/.local/lib/python3.8/site-packages/airflow/example_dags/example_sensor_decorator.py for tasks to queue
[2024-03-09T09:32:47.748+0000] {logging_mixin.py:188} INFO - [2024-03-09T09:32:47.748+0000] {dagbag.py:540} INFO - Filling up the DagBag from /home/airflow/.local/lib/python3.8/site-packages/airflow/example_dags/example_sensor_decorator.py
[2024-03-09T09:32:47.758+0000] {processor.py:840} INFO - DAG(s) 'example_sensor_decorator' retrieved from /home/airflow/.local/lib/python3.8/site-packages/airflow/example_dags/example_sensor_decorator.py
[2024-03-09T09:32:47.797+0000] {logging_mixin.py:188} INFO - [2024-03-09T09:32:47.797+0000] {dag.py:3047} INFO - Sync 1 DAGs
[2024-03-09T09:32:47.826+0000] {logging_mixin.py:188} INFO - [2024-03-09T09:32:47.826+0000] {dag.py:3834} INFO - Setting next_dagrun for example_sensor_decorator to None, run_after=None
[2024-03-09T09:32:47.860+0000] {processor.py:183} INFO - Processing /home/airflow/.local/lib/python3.8/site-packages/airflow/example_dags/example_sensor_decorator.py took 0.124 seconds
[2024-03-09T09:33:18.053+0000] {processor.py:161} INFO - Started process (PID=300) to work on /home/airflow/.local/lib/python3.8/site-packages/airflow/example_dags/example_sensor_decorator.py
[2024-03-09T09:33:18.058+0000] {processor.py:830} INFO - Processing file /home/airflow/.local/lib/python3.8/site-packages/airflow/example_dags/example_sensor_decorator.py for tasks to queue
[2024-03-09T09:33:18.063+0000] {logging_mixin.py:188} INFO - [2024-03-09T09:33:18.062+0000] {dagbag.py:540} INFO - Filling up the DagBag from /home/airflow/.local/lib/python3.8/site-packages/airflow/example_dags/example_sensor_decorator.py
[2024-03-09T09:33:18.073+0000] {processor.py:840} INFO - DAG(s) 'example_sensor_decorator' retrieved from /home/airflow/.local/lib/python3.8/site-packages/airflow/example_dags/example_sensor_decorator.py
[2024-03-09T09:33:18.133+0000] {logging_mixin.py:188} INFO - [2024-03-09T09:33:18.133+0000] {dag.py:3047} INFO - Sync 1 DAGs
[2024-03-09T09:33:18.201+0000] {logging_mixin.py:188} INFO - [2024-03-09T09:33:18.200+0000] {dag.py:3834} INFO - Setting next_dagrun for example_sensor_decorator to None, run_after=None
[2024-03-09T09:33:18.254+0000] {processor.py:183} INFO - Processing /home/airflow/.local/lib/python3.8/site-packages/airflow/example_dags/example_sensor_decorator.py took 0.209 seconds
[2024-03-09T09:33:48.682+0000] {processor.py:161} INFO - Started process (PID=355) to work on /home/airflow/.local/lib/python3.8/site-packages/airflow/example_dags/example_sensor_decorator.py
[2024-03-09T09:33:48.685+0000] {processor.py:830} INFO - Processing file /home/airflow/.local/lib/python3.8/site-packages/airflow/example_dags/example_sensor_decorator.py for tasks to queue
[2024-03-09T09:33:48.688+0000] {logging_mixin.py:188} INFO - [2024-03-09T09:33:48.688+0000] {dagbag.py:540} INFO - Filling up the DagBag from /home/airflow/.local/lib/python3.8/site-packages/airflow/example_dags/example_sensor_decorator.py
[2024-03-09T09:33:48.697+0000] {processor.py:840} INFO - DAG(s) 'example_sensor_decorator' retrieved from /home/airflow/.local/lib/python3.8/site-packages/airflow/example_dags/example_sensor_decorator.py
[2024-03-09T09:33:48.727+0000] {logging_mixin.py:188} INFO - [2024-03-09T09:33:48.726+0000] {dag.py:3047} INFO - Sync 1 DAGs
[2024-03-09T09:33:48.743+0000] {logging_mixin.py:188} INFO - [2024-03-09T09:33:48.743+0000] {dag.py:3834} INFO - Setting next_dagrun for example_sensor_decorator to None, run_after=None
[2024-03-09T09:33:48.771+0000] {processor.py:183} INFO - Processing /home/airflow/.local/lib/python3.8/site-packages/airflow/example_dags/example_sensor_decorator.py took 0.093 seconds
[2024-03-09T09:34:20.375+0000] {processor.py:161} INFO - Started process (PID=410) to work on /home/airflow/.local/lib/python3.8/site-packages/airflow/example_dags/example_sensor_decorator.py
[2024-03-09T09:34:20.381+0000] {processor.py:830} INFO - Processing file /home/airflow/.local/lib/python3.8/site-packages/airflow/example_dags/example_sensor_decorator.py for tasks to queue
[2024-03-09T09:34:20.386+0000] {logging_mixin.py:188} INFO - [2024-03-09T09:34:20.385+0000] {dagbag.py:540} INFO - Filling up the DagBag from /home/airflow/.local/lib/python3.8/site-packages/airflow/example_dags/example_sensor_decorator.py
[2024-03-09T09:34:20.396+0000] {processor.py:840} INFO - DAG(s) 'example_sensor_decorator' retrieved from /home/airflow/.local/lib/python3.8/site-packages/airflow/example_dags/example_sensor_decorator.py
[2024-03-09T09:34:20.432+0000] {logging_mixin.py:188} INFO - [2024-03-09T09:34:20.431+0000] {dag.py:3047} INFO - Sync 1 DAGs
[2024-03-09T09:34:20.450+0000] {logging_mixin.py:188} INFO - [2024-03-09T09:34:20.449+0000] {dag.py:3834} INFO - Setting next_dagrun for example_sensor_decorator to None, run_after=None
[2024-03-09T09:34:20.500+0000] {processor.py:183} INFO - Processing /home/airflow/.local/lib/python3.8/site-packages/airflow/example_dags/example_sensor_decorator.py took 0.134 seconds
[2024-03-09T09:34:51.372+0000] {processor.py:161} INFO - Started process (PID=465) to work on /home/airflow/.local/lib/python3.8/site-packages/airflow/example_dags/example_sensor_decorator.py
[2024-03-09T09:34:51.374+0000] {processor.py:830} INFO - Processing file /home/airflow/.local/lib/python3.8/site-packages/airflow/example_dags/example_sensor_decorator.py for tasks to queue
[2024-03-09T09:34:51.378+0000] {logging_mixin.py:188} INFO - [2024-03-09T09:34:51.377+0000] {dagbag.py:540} INFO - Filling up the DagBag from /home/airflow/.local/lib/python3.8/site-packages/airflow/example_dags/example_sensor_decorator.py
[2024-03-09T09:34:51.390+0000] {processor.py:840} INFO - DAG(s) 'example_sensor_decorator' retrieved from /home/airflow/.local/lib/python3.8/site-packages/airflow/example_dags/example_sensor_decorator.py
[2024-03-09T09:34:51.431+0000] {logging_mixin.py:188} INFO - [2024-03-09T09:34:51.431+0000] {dag.py:3047} INFO - Sync 1 DAGs
[2024-03-09T09:34:51.462+0000] {logging_mixin.py:188} INFO - [2024-03-09T09:34:51.461+0000] {dag.py:3834} INFO - Setting next_dagrun for example_sensor_decorator to None, run_after=None
[2024-03-09T09:34:51.498+0000] {processor.py:183} INFO - Processing /home/airflow/.local/lib/python3.8/site-packages/airflow/example_dags/example_sensor_decorator.py took 0.133 seconds
[2024-03-09T09:35:21.946+0000] {processor.py:161} INFO - Started process (PID=519) to work on /home/airflow/.local/lib/python3.8/site-packages/airflow/example_dags/example_sensor_decorator.py
[2024-03-09T09:35:21.952+0000] {processor.py:830} INFO - Processing file /home/airflow/.local/lib/python3.8/site-packages/airflow/example_dags/example_sensor_decorator.py for tasks to queue
[2024-03-09T09:35:21.958+0000] {logging_mixin.py:188} INFO - [2024-03-09T09:35:21.957+0000] {dagbag.py:540} INFO - Filling up the DagBag from /home/airflow/.local/lib/python3.8/site-packages/airflow/example_dags/example_sensor_decorator.py
[2024-03-09T09:35:21.972+0000] {processor.py:840} INFO - DAG(s) 'example_sensor_decorator' retrieved from /home/airflow/.local/lib/python3.8/site-packages/airflow/example_dags/example_sensor_decorator.py
[2024-03-09T09:35:22.034+0000] {logging_mixin.py:188} INFO - [2024-03-09T09:35:22.033+0000] {dag.py:3047} INFO - Sync 1 DAGs
[2024-03-09T09:35:22.062+0000] {logging_mixin.py:188} INFO - [2024-03-09T09:35:22.061+0000] {dag.py:3834} INFO - Setting next_dagrun for example_sensor_decorator to None, run_after=None
[2024-03-09T09:35:22.102+0000] {processor.py:183} INFO - Processing /home/airflow/.local/lib/python3.8/site-packages/airflow/example_dags/example_sensor_decorator.py took 0.165 seconds
[2024-03-09T09:35:54.056+0000] {processor.py:161} INFO - Started process (PID=573) to work on /home/airflow/.local/lib/python3.8/site-packages/airflow/example_dags/example_sensor_decorator.py
[2024-03-09T09:35:54.059+0000] {processor.py:830} INFO - Processing file /home/airflow/.local/lib/python3.8/site-packages/airflow/example_dags/example_sensor_decorator.py for tasks to queue
[2024-03-09T09:35:54.066+0000] {logging_mixin.py:188} INFO - [2024-03-09T09:35:54.065+0000] {dagbag.py:540} INFO - Filling up the DagBag from /home/airflow/.local/lib/python3.8/site-packages/airflow/example_dags/example_sensor_decorator.py
[2024-03-09T09:35:54.092+0000] {processor.py:840} INFO - DAG(s) 'example_sensor_decorator' retrieved from /home/airflow/.local/lib/python3.8/site-packages/airflow/example_dags/example_sensor_decorator.py
[2024-03-09T09:35:54.143+0000] {logging_mixin.py:188} INFO - [2024-03-09T09:35:54.142+0000] {dag.py:3047} INFO - Sync 1 DAGs
[2024-03-09T09:35:54.190+0000] {logging_mixin.py:188} INFO - [2024-03-09T09:35:54.190+0000] {dag.py:3834} INFO - Setting next_dagrun for example_sensor_decorator to None, run_after=None
[2024-03-09T09:35:54.249+0000] {processor.py:183} INFO - Processing /home/airflow/.local/lib/python3.8/site-packages/airflow/example_dags/example_sensor_decorator.py took 0.207 seconds
[2024-03-09T09:36:25.008+0000] {processor.py:161} INFO - Started process (PID=628) to work on /home/airflow/.local/lib/python3.8/site-packages/airflow/example_dags/example_sensor_decorator.py
[2024-03-09T09:36:25.011+0000] {processor.py:830} INFO - Processing file /home/airflow/.local/lib/python3.8/site-packages/airflow/example_dags/example_sensor_decorator.py for tasks to queue
[2024-03-09T09:36:25.021+0000] {logging_mixin.py:188} INFO - [2024-03-09T09:36:25.021+0000] {dagbag.py:540} INFO - Filling up the DagBag from /home/airflow/.local/lib/python3.8/site-packages/airflow/example_dags/example_sensor_decorator.py
[2024-03-09T09:36:25.034+0000] {processor.py:840} INFO - DAG(s) 'example_sensor_decorator' retrieved from /home/airflow/.local/lib/python3.8/site-packages/airflow/example_dags/example_sensor_decorator.py
[2024-03-09T09:36:25.066+0000] {logging_mixin.py:188} INFO - [2024-03-09T09:36:25.066+0000] {dag.py:3047} INFO - Sync 1 DAGs
[2024-03-09T09:36:25.087+0000] {logging_mixin.py:188} INFO - [2024-03-09T09:36:25.087+0000] {dag.py:3834} INFO - Setting next_dagrun for example_sensor_decorator to None, run_after=None
[2024-03-09T09:36:25.113+0000] {processor.py:183} INFO - Processing /home/airflow/.local/lib/python3.8/site-packages/airflow/example_dags/example_sensor_decorator.py took 0.111 seconds
[2024-03-09T09:36:55.715+0000] {processor.py:161} INFO - Started process (PID=683) to work on /home/airflow/.local/lib/python3.8/site-packages/airflow/example_dags/example_sensor_decorator.py
[2024-03-09T09:36:55.716+0000] {processor.py:830} INFO - Processing file /home/airflow/.local/lib/python3.8/site-packages/airflow/example_dags/example_sensor_decorator.py for tasks to queue
[2024-03-09T09:36:55.720+0000] {logging_mixin.py:188} INFO - [2024-03-09T09:36:55.719+0000] {dagbag.py:540} INFO - Filling up the DagBag from /home/airflow/.local/lib/python3.8/site-packages/airflow/example_dags/example_sensor_decorator.py
[2024-03-09T09:36:55.730+0000] {processor.py:840} INFO - DAG(s) 'example_sensor_decorator' retrieved from /home/airflow/.local/lib/python3.8/site-packages/airflow/example_dags/example_sensor_decorator.py
[2024-03-09T09:36:55.756+0000] {logging_mixin.py:188} INFO - [2024-03-09T09:36:55.756+0000] {dag.py:3047} INFO - Sync 1 DAGs
[2024-03-09T09:36:55.774+0000] {logging_mixin.py:188} INFO - [2024-03-09T09:36:55.774+0000] {dag.py:3834} INFO - Setting next_dagrun for example_sensor_decorator to None, run_after=None
[2024-03-09T09:36:55.805+0000] {processor.py:183} INFO - Processing /home/airflow/.local/lib/python3.8/site-packages/airflow/example_dags/example_sensor_decorator.py took 0.095 seconds
[2024-03-09T09:37:26.671+0000] {processor.py:161} INFO - Started process (PID=738) to work on /home/airflow/.local/lib/python3.8/site-packages/airflow/example_dags/example_sensor_decorator.py
[2024-03-09T09:37:26.674+0000] {processor.py:830} INFO - Processing file /home/airflow/.local/lib/python3.8/site-packages/airflow/example_dags/example_sensor_decorator.py for tasks to queue
[2024-03-09T09:37:26.684+0000] {logging_mixin.py:188} INFO - [2024-03-09T09:37:26.684+0000] {dagbag.py:540} INFO - Filling up the DagBag from /home/airflow/.local/lib/python3.8/site-packages/airflow/example_dags/example_sensor_decorator.py
[2024-03-09T09:37:26.728+0000] {processor.py:840} INFO - DAG(s) 'example_sensor_decorator' retrieved from /home/airflow/.local/lib/python3.8/site-packages/airflow/example_dags/example_sensor_decorator.py
[2024-03-09T09:37:26.893+0000] {logging_mixin.py:188} INFO - [2024-03-09T09:37:26.893+0000] {dag.py:3047} INFO - Sync 1 DAGs
[2024-03-09T09:37:26.943+0000] {logging_mixin.py:188} INFO - [2024-03-09T09:37:26.943+0000] {dag.py:3834} INFO - Setting next_dagrun for example_sensor_decorator to None, run_after=None
[2024-03-09T09:37:27.023+0000] {processor.py:183} INFO - Processing /home/airflow/.local/lib/python3.8/site-packages/airflow/example_dags/example_sensor_decorator.py took 0.464 seconds
[2024-03-09T09:37:57.742+0000] {processor.py:161} INFO - Started process (PID=793) to work on /home/airflow/.local/lib/python3.8/site-packages/airflow/example_dags/example_sensor_decorator.py
[2024-03-09T09:37:57.743+0000] {processor.py:830} INFO - Processing file /home/airflow/.local/lib/python3.8/site-packages/airflow/example_dags/example_sensor_decorator.py for tasks to queue
[2024-03-09T09:37:57.747+0000] {logging_mixin.py:188} INFO - [2024-03-09T09:37:57.747+0000] {dagbag.py:540} INFO - Filling up the DagBag from /home/airflow/.local/lib/python3.8/site-packages/airflow/example_dags/example_sensor_decorator.py
[2024-03-09T09:37:57.757+0000] {processor.py:840} INFO - DAG(s) 'example_sensor_decorator' retrieved from /home/airflow/.local/lib/python3.8/site-packages/airflow/example_dags/example_sensor_decorator.py
[2024-03-09T09:37:57.789+0000] {logging_mixin.py:188} INFO - [2024-03-09T09:37:57.789+0000] {dag.py:3047} INFO - Sync 1 DAGs
[2024-03-09T09:37:57.807+0000] {logging_mixin.py:188} INFO - [2024-03-09T09:37:57.807+0000] {dag.py:3834} INFO - Setting next_dagrun for example_sensor_decorator to None, run_after=None
[2024-03-09T09:37:57.834+0000] {processor.py:183} INFO - Processing /home/airflow/.local/lib/python3.8/site-packages/airflow/example_dags/example_sensor_decorator.py took 0.097 seconds
[2024-03-09T09:38:27.912+0000] {processor.py:161} INFO - Started process (PID=848) to work on /home/airflow/.local/lib/python3.8/site-packages/airflow/example_dags/example_sensor_decorator.py
[2024-03-09T09:38:27.913+0000] {processor.py:830} INFO - Processing file /home/airflow/.local/lib/python3.8/site-packages/airflow/example_dags/example_sensor_decorator.py for tasks to queue
[2024-03-09T09:38:27.915+0000] {logging_mixin.py:188} INFO - [2024-03-09T09:38:27.915+0000] {dagbag.py:540} INFO - Filling up the DagBag from /home/airflow/.local/lib/python3.8/site-packages/airflow/example_dags/example_sensor_decorator.py
[2024-03-09T09:38:27.926+0000] {processor.py:840} INFO - DAG(s) 'example_sensor_decorator' retrieved from /home/airflow/.local/lib/python3.8/site-packages/airflow/example_dags/example_sensor_decorator.py
[2024-03-09T09:38:27.954+0000] {logging_mixin.py:188} INFO - [2024-03-09T09:38:27.954+0000] {dag.py:3047} INFO - Sync 1 DAGs
[2024-03-09T09:38:27.977+0000] {logging_mixin.py:188} INFO - [2024-03-09T09:38:27.977+0000] {dag.py:3834} INFO - Setting next_dagrun for example_sensor_decorator to None, run_after=None
[2024-03-09T09:38:28.006+0000] {processor.py:183} INFO - Processing /home/airflow/.local/lib/python3.8/site-packages/airflow/example_dags/example_sensor_decorator.py took 0.099 seconds
[2024-03-09T09:38:58.247+0000] {processor.py:161} INFO - Started process (PID=902) to work on /home/airflow/.local/lib/python3.8/site-packages/airflow/example_dags/example_sensor_decorator.py
[2024-03-09T09:38:58.252+0000] {processor.py:830} INFO - Processing file /home/airflow/.local/lib/python3.8/site-packages/airflow/example_dags/example_sensor_decorator.py for tasks to queue
[2024-03-09T09:38:58.255+0000] {logging_mixin.py:188} INFO - [2024-03-09T09:38:58.255+0000] {dagbag.py:540} INFO - Filling up the DagBag from /home/airflow/.local/lib/python3.8/site-packages/airflow/example_dags/example_sensor_decorator.py
[2024-03-09T09:38:58.268+0000] {processor.py:840} INFO - DAG(s) 'example_sensor_decorator' retrieved from /home/airflow/.local/lib/python3.8/site-packages/airflow/example_dags/example_sensor_decorator.py
[2024-03-09T09:38:58.299+0000] {logging_mixin.py:188} INFO - [2024-03-09T09:38:58.298+0000] {dag.py:3047} INFO - Sync 1 DAGs
[2024-03-09T09:38:58.327+0000] {logging_mixin.py:188} INFO - [2024-03-09T09:38:58.326+0000] {dag.py:3834} INFO - Setting next_dagrun for example_sensor_decorator to None, run_after=None
[2024-03-09T09:38:58.379+0000] {processor.py:183} INFO - Processing /home/airflow/.local/lib/python3.8/site-packages/airflow/example_dags/example_sensor_decorator.py took 0.139 seconds
