[2024-03-09T09:31:08.880+0000] {processor.py:161} INFO - Started process (PID=59) to work on /home/airflow/.local/lib/python3.8/site-packages/airflow/example_dags/tutorial_dag.py
[2024-03-09T09:31:08.882+0000] {processor.py:830} INFO - Processing file /home/airflow/.local/lib/python3.8/site-packages/airflow/example_dags/tutorial_dag.py for tasks to queue
[2024-03-09T09:31:08.890+0000] {logging_mixin.py:188} INFO - [2024-03-09T09:31:08.890+0000] {dagbag.py:540} INFO - Filling up the DagBag from /home/airflow/.local/lib/python3.8/site-packages/airflow/example_dags/tutorial_dag.py
[2024-03-09T09:31:08.909+0000] {processor.py:840} INFO - DAG(s) 'tutorial_dag' retrieved from /home/airflow/.local/lib/python3.8/site-packages/airflow/example_dags/tutorial_dag.py
[2024-03-09T09:31:09.707+0000] {logging_mixin.py:188} INFO - [2024-03-09T09:31:09.707+0000] {dag.py:3047} INFO - Sync 1 DAGs
[2024-03-09T09:31:09.735+0000] {logging_mixin.py:188} INFO - [2024-03-09T09:31:09.735+0000] {dag.py:3834} INFO - Setting next_dagrun for tutorial_dag to None, run_after=None
[2024-03-09T09:31:09.780+0000] {processor.py:183} INFO - Processing /home/airflow/.local/lib/python3.8/site-packages/airflow/example_dags/tutorial_dag.py took 0.908 seconds
[2024-03-09T09:31:39.889+0000] {processor.py:161} INFO - Started process (PID=114) to work on /home/airflow/.local/lib/python3.8/site-packages/airflow/example_dags/tutorial_dag.py
[2024-03-09T09:31:39.891+0000] {processor.py:830} INFO - Processing file /home/airflow/.local/lib/python3.8/site-packages/airflow/example_dags/tutorial_dag.py for tasks to queue
[2024-03-09T09:31:39.895+0000] {logging_mixin.py:188} INFO - [2024-03-09T09:31:39.894+0000] {dagbag.py:540} INFO - Filling up the DagBag from /home/airflow/.local/lib/python3.8/site-packages/airflow/example_dags/tutorial_dag.py
[2024-03-09T09:31:39.905+0000] {processor.py:840} INFO - DAG(s) 'tutorial_dag' retrieved from /home/airflow/.local/lib/python3.8/site-packages/airflow/example_dags/tutorial_dag.py
[2024-03-09T09:31:39.949+0000] {logging_mixin.py:188} INFO - [2024-03-09T09:31:39.949+0000] {dag.py:3047} INFO - Sync 1 DAGs
[2024-03-09T09:31:39.984+0000] {logging_mixin.py:188} INFO - [2024-03-09T09:31:39.983+0000] {dag.py:3834} INFO - Setting next_dagrun for tutorial_dag to None, run_after=None
[2024-03-09T09:31:40.094+0000] {processor.py:183} INFO - Processing /home/airflow/.local/lib/python3.8/site-packages/airflow/example_dags/tutorial_dag.py took 0.210 seconds
[2024-03-09T09:32:10.383+0000] {processor.py:161} INFO - Started process (PID=168) to work on /home/airflow/.local/lib/python3.8/site-packages/airflow/example_dags/tutorial_dag.py
[2024-03-09T09:32:10.385+0000] {processor.py:830} INFO - Processing file /home/airflow/.local/lib/python3.8/site-packages/airflow/example_dags/tutorial_dag.py for tasks to queue
[2024-03-09T09:32:10.388+0000] {logging_mixin.py:188} INFO - [2024-03-09T09:32:10.388+0000] {dagbag.py:540} INFO - Filling up the DagBag from /home/airflow/.local/lib/python3.8/site-packages/airflow/example_dags/tutorial_dag.py
[2024-03-09T09:32:10.396+0000] {processor.py:840} INFO - DAG(s) 'tutorial_dag' retrieved from /home/airflow/.local/lib/python3.8/site-packages/airflow/example_dags/tutorial_dag.py
[2024-03-09T09:32:10.429+0000] {logging_mixin.py:188} INFO - [2024-03-09T09:32:10.428+0000] {dag.py:3047} INFO - Sync 1 DAGs
[2024-03-09T09:32:10.455+0000] {logging_mixin.py:188} INFO - [2024-03-09T09:32:10.454+0000] {dag.py:3834} INFO - Setting next_dagrun for tutorial_dag to None, run_after=None
[2024-03-09T09:32:10.512+0000] {processor.py:183} INFO - Processing /home/airflow/.local/lib/python3.8/site-packages/airflow/example_dags/tutorial_dag.py took 0.135 seconds
[2024-03-09T09:32:41.356+0000] {processor.py:161} INFO - Started process (PID=222) to work on /home/airflow/.local/lib/python3.8/site-packages/airflow/example_dags/tutorial_dag.py
[2024-03-09T09:32:41.359+0000] {processor.py:830} INFO - Processing file /home/airflow/.local/lib/python3.8/site-packages/airflow/example_dags/tutorial_dag.py for tasks to queue
[2024-03-09T09:32:41.366+0000] {logging_mixin.py:188} INFO - [2024-03-09T09:32:41.365+0000] {dagbag.py:540} INFO - Filling up the DagBag from /home/airflow/.local/lib/python3.8/site-packages/airflow/example_dags/tutorial_dag.py
[2024-03-09T09:32:41.381+0000] {processor.py:840} INFO - DAG(s) 'tutorial_dag' retrieved from /home/airflow/.local/lib/python3.8/site-packages/airflow/example_dags/tutorial_dag.py
[2024-03-09T09:32:41.467+0000] {logging_mixin.py:188} INFO - [2024-03-09T09:32:41.464+0000] {dag.py:3047} INFO - Sync 1 DAGs
[2024-03-09T09:32:41.505+0000] {logging_mixin.py:188} INFO - [2024-03-09T09:32:41.504+0000] {dag.py:3834} INFO - Setting next_dagrun for tutorial_dag to None, run_after=None
[2024-03-09T09:32:41.603+0000] {processor.py:183} INFO - Processing /home/airflow/.local/lib/python3.8/site-packages/airflow/example_dags/tutorial_dag.py took 0.252 seconds
[2024-03-09T09:33:11.813+0000] {processor.py:161} INFO - Started process (PID=277) to work on /home/airflow/.local/lib/python3.8/site-packages/airflow/example_dags/tutorial_dag.py
[2024-03-09T09:33:11.814+0000] {processor.py:830} INFO - Processing file /home/airflow/.local/lib/python3.8/site-packages/airflow/example_dags/tutorial_dag.py for tasks to queue
[2024-03-09T09:33:11.817+0000] {logging_mixin.py:188} INFO - [2024-03-09T09:33:11.817+0000] {dagbag.py:540} INFO - Filling up the DagBag from /home/airflow/.local/lib/python3.8/site-packages/airflow/example_dags/tutorial_dag.py
[2024-03-09T09:33:11.826+0000] {processor.py:840} INFO - DAG(s) 'tutorial_dag' retrieved from /home/airflow/.local/lib/python3.8/site-packages/airflow/example_dags/tutorial_dag.py
[2024-03-09T09:33:11.863+0000] {logging_mixin.py:188} INFO - [2024-03-09T09:33:11.863+0000] {dag.py:3047} INFO - Sync 1 DAGs
[2024-03-09T09:33:11.884+0000] {logging_mixin.py:188} INFO - [2024-03-09T09:33:11.884+0000] {dag.py:3834} INFO - Setting next_dagrun for tutorial_dag to None, run_after=None
[2024-03-09T09:33:11.916+0000] {processor.py:183} INFO - Processing /home/airflow/.local/lib/python3.8/site-packages/airflow/example_dags/tutorial_dag.py took 0.108 seconds
[2024-03-09T09:33:42.256+0000] {processor.py:161} INFO - Started process (PID=332) to work on /home/airflow/.local/lib/python3.8/site-packages/airflow/example_dags/tutorial_dag.py
[2024-03-09T09:33:42.259+0000] {processor.py:830} INFO - Processing file /home/airflow/.local/lib/python3.8/site-packages/airflow/example_dags/tutorial_dag.py for tasks to queue
[2024-03-09T09:33:42.261+0000] {logging_mixin.py:188} INFO - [2024-03-09T09:33:42.261+0000] {dagbag.py:540} INFO - Filling up the DagBag from /home/airflow/.local/lib/python3.8/site-packages/airflow/example_dags/tutorial_dag.py
[2024-03-09T09:33:42.272+0000] {processor.py:840} INFO - DAG(s) 'tutorial_dag' retrieved from /home/airflow/.local/lib/python3.8/site-packages/airflow/example_dags/tutorial_dag.py
[2024-03-09T09:33:42.300+0000] {logging_mixin.py:188} INFO - [2024-03-09T09:33:42.299+0000] {dag.py:3047} INFO - Sync 1 DAGs
[2024-03-09T09:33:42.316+0000] {logging_mixin.py:188} INFO - [2024-03-09T09:33:42.316+0000] {dag.py:3834} INFO - Setting next_dagrun for tutorial_dag to None, run_after=None
[2024-03-09T09:33:42.345+0000] {processor.py:183} INFO - Processing /home/airflow/.local/lib/python3.8/site-packages/airflow/example_dags/tutorial_dag.py took 0.094 seconds
[2024-03-09T09:34:12.530+0000] {processor.py:161} INFO - Started process (PID=387) to work on /home/airflow/.local/lib/python3.8/site-packages/airflow/example_dags/tutorial_dag.py
[2024-03-09T09:34:12.532+0000] {processor.py:830} INFO - Processing file /home/airflow/.local/lib/python3.8/site-packages/airflow/example_dags/tutorial_dag.py for tasks to queue
[2024-03-09T09:34:12.537+0000] {logging_mixin.py:188} INFO - [2024-03-09T09:34:12.535+0000] {dagbag.py:540} INFO - Filling up the DagBag from /home/airflow/.local/lib/python3.8/site-packages/airflow/example_dags/tutorial_dag.py
[2024-03-09T09:34:12.557+0000] {processor.py:840} INFO - DAG(s) 'tutorial_dag' retrieved from /home/airflow/.local/lib/python3.8/site-packages/airflow/example_dags/tutorial_dag.py
[2024-03-09T09:34:12.594+0000] {logging_mixin.py:188} INFO - [2024-03-09T09:34:12.594+0000] {dag.py:3047} INFO - Sync 1 DAGs
[2024-03-09T09:34:12.647+0000] {logging_mixin.py:188} INFO - [2024-03-09T09:34:12.647+0000] {dag.py:3834} INFO - Setting next_dagrun for tutorial_dag to None, run_after=None
[2024-03-09T09:34:12.677+0000] {processor.py:183} INFO - Processing /home/airflow/.local/lib/python3.8/site-packages/airflow/example_dags/tutorial_dag.py took 0.154 seconds
[2024-03-09T09:34:43.045+0000] {processor.py:161} INFO - Started process (PID=442) to work on /home/airflow/.local/lib/python3.8/site-packages/airflow/example_dags/tutorial_dag.py
[2024-03-09T09:34:43.046+0000] {processor.py:830} INFO - Processing file /home/airflow/.local/lib/python3.8/site-packages/airflow/example_dags/tutorial_dag.py for tasks to queue
[2024-03-09T09:34:43.050+0000] {logging_mixin.py:188} INFO - [2024-03-09T09:34:43.049+0000] {dagbag.py:540} INFO - Filling up the DagBag from /home/airflow/.local/lib/python3.8/site-packages/airflow/example_dags/tutorial_dag.py
[2024-03-09T09:34:43.058+0000] {processor.py:840} INFO - DAG(s) 'tutorial_dag' retrieved from /home/airflow/.local/lib/python3.8/site-packages/airflow/example_dags/tutorial_dag.py
[2024-03-09T09:34:43.091+0000] {logging_mixin.py:188} INFO - [2024-03-09T09:34:43.090+0000] {dag.py:3047} INFO - Sync 1 DAGs
[2024-03-09T09:34:43.108+0000] {logging_mixin.py:188} INFO - [2024-03-09T09:34:43.107+0000] {dag.py:3834} INFO - Setting next_dagrun for tutorial_dag to None, run_after=None
[2024-03-09T09:34:43.140+0000] {processor.py:183} INFO - Processing /home/airflow/.local/lib/python3.8/site-packages/airflow/example_dags/tutorial_dag.py took 0.100 seconds
[2024-03-09T09:35:13.800+0000] {processor.py:161} INFO - Started process (PID=497) to work on /home/airflow/.local/lib/python3.8/site-packages/airflow/example_dags/tutorial_dag.py
[2024-03-09T09:35:13.802+0000] {processor.py:830} INFO - Processing file /home/airflow/.local/lib/python3.8/site-packages/airflow/example_dags/tutorial_dag.py for tasks to queue
[2024-03-09T09:35:13.806+0000] {logging_mixin.py:188} INFO - [2024-03-09T09:35:13.805+0000] {dagbag.py:540} INFO - Filling up the DagBag from /home/airflow/.local/lib/python3.8/site-packages/airflow/example_dags/tutorial_dag.py
[2024-03-09T09:35:13.820+0000] {processor.py:840} INFO - DAG(s) 'tutorial_dag' retrieved from /home/airflow/.local/lib/python3.8/site-packages/airflow/example_dags/tutorial_dag.py
[2024-03-09T09:35:13.968+0000] {logging_mixin.py:188} INFO - [2024-03-09T09:35:13.967+0000] {dag.py:3047} INFO - Sync 1 DAGs
[2024-03-09T09:35:13.998+0000] {logging_mixin.py:188} INFO - [2024-03-09T09:35:13.998+0000] {dag.py:3834} INFO - Setting next_dagrun for tutorial_dag to None, run_after=None
[2024-03-09T09:35:14.063+0000] {processor.py:183} INFO - Processing /home/airflow/.local/lib/python3.8/site-packages/airflow/example_dags/tutorial_dag.py took 0.270 seconds
[2024-03-09T09:35:44.959+0000] {processor.py:161} INFO - Started process (PID=551) to work on /home/airflow/.local/lib/python3.8/site-packages/airflow/example_dags/tutorial_dag.py
[2024-03-09T09:35:44.961+0000] {processor.py:830} INFO - Processing file /home/airflow/.local/lib/python3.8/site-packages/airflow/example_dags/tutorial_dag.py for tasks to queue
[2024-03-09T09:35:44.967+0000] {logging_mixin.py:188} INFO - [2024-03-09T09:35:44.966+0000] {dagbag.py:540} INFO - Filling up the DagBag from /home/airflow/.local/lib/python3.8/site-packages/airflow/example_dags/tutorial_dag.py
[2024-03-09T09:35:44.983+0000] {processor.py:840} INFO - DAG(s) 'tutorial_dag' retrieved from /home/airflow/.local/lib/python3.8/site-packages/airflow/example_dags/tutorial_dag.py
[2024-03-09T09:35:45.061+0000] {logging_mixin.py:188} INFO - [2024-03-09T09:35:45.061+0000] {dag.py:3047} INFO - Sync 1 DAGs
[2024-03-09T09:35:45.092+0000] {logging_mixin.py:188} INFO - [2024-03-09T09:35:45.091+0000] {dag.py:3834} INFO - Setting next_dagrun for tutorial_dag to None, run_after=None
[2024-03-09T09:35:45.151+0000] {processor.py:183} INFO - Processing /home/airflow/.local/lib/python3.8/site-packages/airflow/example_dags/tutorial_dag.py took 0.223 seconds
[2024-03-09T09:36:15.567+0000] {processor.py:161} INFO - Started process (PID=605) to work on /home/airflow/.local/lib/python3.8/site-packages/airflow/example_dags/tutorial_dag.py
[2024-03-09T09:36:15.569+0000] {processor.py:830} INFO - Processing file /home/airflow/.local/lib/python3.8/site-packages/airflow/example_dags/tutorial_dag.py for tasks to queue
[2024-03-09T09:36:15.574+0000] {logging_mixin.py:188} INFO - [2024-03-09T09:36:15.573+0000] {dagbag.py:540} INFO - Filling up the DagBag from /home/airflow/.local/lib/python3.8/site-packages/airflow/example_dags/tutorial_dag.py
[2024-03-09T09:36:15.583+0000] {processor.py:840} INFO - DAG(s) 'tutorial_dag' retrieved from /home/airflow/.local/lib/python3.8/site-packages/airflow/example_dags/tutorial_dag.py
[2024-03-09T09:36:15.619+0000] {logging_mixin.py:188} INFO - [2024-03-09T09:36:15.619+0000] {dag.py:3047} INFO - Sync 1 DAGs
[2024-03-09T09:36:15.645+0000] {logging_mixin.py:188} INFO - [2024-03-09T09:36:15.645+0000] {dag.py:3834} INFO - Setting next_dagrun for tutorial_dag to None, run_after=None
[2024-03-09T09:36:15.678+0000] {processor.py:183} INFO - Processing /home/airflow/.local/lib/python3.8/site-packages/airflow/example_dags/tutorial_dag.py took 0.116 seconds
[2024-03-09T09:36:46.228+0000] {processor.py:161} INFO - Started process (PID=660) to work on /home/airflow/.local/lib/python3.8/site-packages/airflow/example_dags/tutorial_dag.py
[2024-03-09T09:36:46.230+0000] {processor.py:830} INFO - Processing file /home/airflow/.local/lib/python3.8/site-packages/airflow/example_dags/tutorial_dag.py for tasks to queue
[2024-03-09T09:36:46.233+0000] {logging_mixin.py:188} INFO - [2024-03-09T09:36:46.233+0000] {dagbag.py:540} INFO - Filling up the DagBag from /home/airflow/.local/lib/python3.8/site-packages/airflow/example_dags/tutorial_dag.py
[2024-03-09T09:36:46.242+0000] {processor.py:840} INFO - DAG(s) 'tutorial_dag' retrieved from /home/airflow/.local/lib/python3.8/site-packages/airflow/example_dags/tutorial_dag.py
[2024-03-09T09:36:46.288+0000] {logging_mixin.py:188} INFO - [2024-03-09T09:36:46.287+0000] {dag.py:3047} INFO - Sync 1 DAGs
[2024-03-09T09:36:46.338+0000] {logging_mixin.py:188} INFO - [2024-03-09T09:36:46.326+0000] {dag.py:3834} INFO - Setting next_dagrun for tutorial_dag to None, run_after=None
[2024-03-09T09:36:46.389+0000] {processor.py:183} INFO - Processing /home/airflow/.local/lib/python3.8/site-packages/airflow/example_dags/tutorial_dag.py took 0.167 seconds
[2024-03-09T09:37:16.595+0000] {processor.py:161} INFO - Started process (PID=715) to work on /home/airflow/.local/lib/python3.8/site-packages/airflow/example_dags/tutorial_dag.py
[2024-03-09T09:37:16.607+0000] {processor.py:830} INFO - Processing file /home/airflow/.local/lib/python3.8/site-packages/airflow/example_dags/tutorial_dag.py for tasks to queue
[2024-03-09T09:37:16.639+0000] {logging_mixin.py:188} INFO - [2024-03-09T09:37:16.612+0000] {dagbag.py:540} INFO - Filling up the DagBag from /home/airflow/.local/lib/python3.8/site-packages/airflow/example_dags/tutorial_dag.py
[2024-03-09T09:37:16.698+0000] {processor.py:840} INFO - DAG(s) 'tutorial_dag' retrieved from /home/airflow/.local/lib/python3.8/site-packages/airflow/example_dags/tutorial_dag.py
[2024-03-09T09:37:16.787+0000] {logging_mixin.py:188} INFO - [2024-03-09T09:37:16.785+0000] {dag.py:3047} INFO - Sync 1 DAGs
[2024-03-09T09:37:16.836+0000] {logging_mixin.py:188} INFO - [2024-03-09T09:37:16.836+0000] {dag.py:3834} INFO - Setting next_dagrun for tutorial_dag to None, run_after=None
[2024-03-09T09:37:16.928+0000] {processor.py:183} INFO - Processing /home/airflow/.local/lib/python3.8/site-packages/airflow/example_dags/tutorial_dag.py took 0.346 seconds
[2024-03-09T09:37:47.754+0000] {processor.py:161} INFO - Started process (PID=776) to work on /home/airflow/.local/lib/python3.8/site-packages/airflow/example_dags/tutorial_dag.py
[2024-03-09T09:37:47.756+0000] {processor.py:830} INFO - Processing file /home/airflow/.local/lib/python3.8/site-packages/airflow/example_dags/tutorial_dag.py for tasks to queue
[2024-03-09T09:37:47.760+0000] {logging_mixin.py:188} INFO - [2024-03-09T09:37:47.759+0000] {dagbag.py:540} INFO - Filling up the DagBag from /home/airflow/.local/lib/python3.8/site-packages/airflow/example_dags/tutorial_dag.py
[2024-03-09T09:37:47.769+0000] {processor.py:840} INFO - DAG(s) 'tutorial_dag' retrieved from /home/airflow/.local/lib/python3.8/site-packages/airflow/example_dags/tutorial_dag.py
[2024-03-09T09:37:47.809+0000] {logging_mixin.py:188} INFO - [2024-03-09T09:37:47.808+0000] {dag.py:3047} INFO - Sync 1 DAGs
[2024-03-09T09:37:47.832+0000] {logging_mixin.py:188} INFO - [2024-03-09T09:37:47.832+0000] {dag.py:3834} INFO - Setting next_dagrun for tutorial_dag to None, run_after=None
[2024-03-09T09:37:47.860+0000] {processor.py:183} INFO - Processing /home/airflow/.local/lib/python3.8/site-packages/airflow/example_dags/tutorial_dag.py took 0.111 seconds
[2024-03-09T09:38:17.950+0000] {processor.py:161} INFO - Started process (PID=831) to work on /home/airflow/.local/lib/python3.8/site-packages/airflow/example_dags/tutorial_dag.py
[2024-03-09T09:38:17.951+0000] {processor.py:830} INFO - Processing file /home/airflow/.local/lib/python3.8/site-packages/airflow/example_dags/tutorial_dag.py for tasks to queue
[2024-03-09T09:38:17.954+0000] {logging_mixin.py:188} INFO - [2024-03-09T09:38:17.953+0000] {dagbag.py:540} INFO - Filling up the DagBag from /home/airflow/.local/lib/python3.8/site-packages/airflow/example_dags/tutorial_dag.py
[2024-03-09T09:38:17.963+0000] {processor.py:840} INFO - DAG(s) 'tutorial_dag' retrieved from /home/airflow/.local/lib/python3.8/site-packages/airflow/example_dags/tutorial_dag.py
[2024-03-09T09:38:17.997+0000] {logging_mixin.py:188} INFO - [2024-03-09T09:38:17.997+0000] {dag.py:3047} INFO - Sync 1 DAGs
[2024-03-09T09:38:18.019+0000] {logging_mixin.py:188} INFO - [2024-03-09T09:38:18.018+0000] {dag.py:3834} INFO - Setting next_dagrun for tutorial_dag to None, run_after=None
[2024-03-09T09:38:18.054+0000] {processor.py:183} INFO - Processing /home/airflow/.local/lib/python3.8/site-packages/airflow/example_dags/tutorial_dag.py took 0.109 seconds
[2024-03-09T09:38:48.487+0000] {processor.py:161} INFO - Started process (PID=885) to work on /home/airflow/.local/lib/python3.8/site-packages/airflow/example_dags/tutorial_dag.py
[2024-03-09T09:38:48.489+0000] {processor.py:830} INFO - Processing file /home/airflow/.local/lib/python3.8/site-packages/airflow/example_dags/tutorial_dag.py for tasks to queue
[2024-03-09T09:38:48.494+0000] {logging_mixin.py:188} INFO - [2024-03-09T09:38:48.493+0000] {dagbag.py:540} INFO - Filling up the DagBag from /home/airflow/.local/lib/python3.8/site-packages/airflow/example_dags/tutorial_dag.py
[2024-03-09T09:38:48.503+0000] {processor.py:840} INFO - DAG(s) 'tutorial_dag' retrieved from /home/airflow/.local/lib/python3.8/site-packages/airflow/example_dags/tutorial_dag.py
[2024-03-09T09:38:48.531+0000] {logging_mixin.py:188} INFO - [2024-03-09T09:38:48.531+0000] {dag.py:3047} INFO - Sync 1 DAGs
[2024-03-09T09:38:48.551+0000] {logging_mixin.py:188} INFO - [2024-03-09T09:38:48.550+0000] {dag.py:3834} INFO - Setting next_dagrun for tutorial_dag to None, run_after=None
[2024-03-09T09:38:48.578+0000] {processor.py:183} INFO - Processing /home/airflow/.local/lib/python3.8/site-packages/airflow/example_dags/tutorial_dag.py took 0.096 seconds
