[2024-03-10T23:56:46.514+0000] {taskinstance.py:1979} INFO - Dependencies all met for dep_context=non-requeueable deps ti=<TaskInstance: netflix_etl_dag.extract_data_task manual__2024-03-10T23:51:40.608186+00:00 [queued]>
[2024-03-10T23:56:46.528+0000] {taskinstance.py:1979} INFO - Dependencies all met for dep_context=requeueable deps ti=<TaskInstance: netflix_etl_dag.extract_data_task manual__2024-03-10T23:51:40.608186+00:00 [queued]>
[2024-03-10T23:56:46.529+0000] {taskinstance.py:2193} INFO - Starting attempt 3 of 3
[2024-03-10T23:56:46.548+0000] {taskinstance.py:2214} INFO - Executing <Task(PythonOperator): extract_data_task> on 2024-03-10 23:51:40.608186+00:00
[2024-03-10T23:56:46.558+0000] {standard_task_runner.py:60} INFO - Started process 1276 to run task
[2024-03-10T23:56:46.562+0000] {standard_task_runner.py:87} INFO - Running: ['***', 'tasks', 'run', 'netflix_etl_dag', 'extract_data_task', 'manual__2024-03-10T23:51:40.608186+00:00', '--job-id', '78', '--raw', '--subdir', 'DAGS_FOLDER/netflix_dag.py', '--cfg-path', '/tmp/tmpfw3avjb5']
[2024-03-10T23:56:46.566+0000] {standard_task_runner.py:88} INFO - Job 78: Subtask extract_data_task
[2024-03-10T23:56:46.683+0000] {task_command.py:423} INFO - Running <TaskInstance: netflix_etl_dag.extract_data_task manual__2024-03-10T23:51:40.608186+00:00 [running]> on host 472fedd09e2a
[2024-03-10T23:56:46.824+0000] {taskinstance.py:2510} INFO - Exporting env vars: AIRFLOW_CTX_DAG_EMAIL='anamsken60@gmail.com' AIRFLOW_CTX_DAG_OWNER='***' AIRFLOW_CTX_DAG_ID='netflix_etl_dag' AIRFLOW_CTX_TASK_ID='extract_data_task' AIRFLOW_CTX_EXECUTION_DATE='2024-03-10T23:51:40.608186+00:00' AIRFLOW_CTX_TRY_NUMBER='3' AIRFLOW_CTX_DAG_RUN_ID='manual__2024-03-10T23:51:40.608186+00:00'
[2024-03-10T23:58:35.388+0000] {logging_mixin.py:188} INFO - CSV file Netflix2024_20240310235835.csv saved successfully.
[2024-03-10T23:58:35.411+0000] {python.py:202} INFO - Done. Returned value was:         imdb_id  ...  title_date
0    tt21688772  ...  2024-03-10
1                ...  2024-03-10
2    tt27668559  ...  2024-03-10
3                ...  2024-03-09
4     tt9859630  ...  2024-03-09
..          ...  ...         ...
140              ...  2024-01-01
141   tt0978808  ...  2024-01-01
142              ...  2024-01-01
143  tt21742340  ...  2023-12-13
144  tt27790130  ...  2023-08-04

[145 rows x 8 columns]
[2024-03-10T23:58:36.012+0000] {taskinstance.py:1149} INFO - Marking task as SUCCESS. dag_id=netflix_etl_dag, task_id=extract_data_task, execution_date=20240310T235140, start_date=20240310T235646, end_date=20240310T235836
[2024-03-10T23:58:36.076+0000] {local_task_job_runner.py:234} INFO - Task exited with return code 0
[2024-03-10T23:58:36.154+0000] {taskinstance.py:3309} INFO - 0 downstream tasks scheduled from follow-on schedule check
