[2024-03-06T22:17:42.251+0000] {processor.py:161} INFO - Started process (PID=54) to work on /home/airflow/.local/lib/python3.8/site-packages/airflow/example_dags/example_setup_teardown.py
[2024-03-06T22:17:42.259+0000] {processor.py:830} INFO - Processing file /home/airflow/.local/lib/python3.8/site-packages/airflow/example_dags/example_setup_teardown.py for tasks to queue
[2024-03-06T22:17:42.268+0000] {logging_mixin.py:188} INFO - [2024-03-06T22:17:42.267+0000] {dagbag.py:540} INFO - Filling up the DagBag from /home/airflow/.local/lib/python3.8/site-packages/airflow/example_dags/example_setup_teardown.py
[2024-03-06T22:17:42.322+0000] {processor.py:840} INFO - DAG(s) 'example_setup_teardown' retrieved from /home/airflow/.local/lib/python3.8/site-packages/airflow/example_dags/example_setup_teardown.py
[2024-03-06T22:17:42.620+0000] {logging_mixin.py:188} INFO - [2024-03-06T22:17:42.620+0000] {dag.py:3047} INFO - Sync 1 DAGs
[2024-03-06T22:17:42.655+0000] {logging_mixin.py:188} INFO - [2024-03-06T22:17:42.654+0000] {dag.py:3834} INFO - Setting next_dagrun for example_setup_teardown to 2024-03-05 00:00:00+00:00, run_after=2024-03-06 00:00:00+00:00
[2024-03-06T22:17:42.690+0000] {processor.py:183} INFO - Processing /home/airflow/.local/lib/python3.8/site-packages/airflow/example_dags/example_setup_teardown.py took 0.456 seconds
[2024-03-06T22:18:12.927+0000] {processor.py:161} INFO - Started process (PID=109) to work on /home/airflow/.local/lib/python3.8/site-packages/airflow/example_dags/example_setup_teardown.py
[2024-03-06T22:18:12.935+0000] {processor.py:830} INFO - Processing file /home/airflow/.local/lib/python3.8/site-packages/airflow/example_dags/example_setup_teardown.py for tasks to queue
[2024-03-06T22:18:12.946+0000] {logging_mixin.py:188} INFO - [2024-03-06T22:18:12.946+0000] {dagbag.py:540} INFO - Filling up the DagBag from /home/airflow/.local/lib/python3.8/site-packages/airflow/example_dags/example_setup_teardown.py
[2024-03-06T22:18:12.965+0000] {processor.py:840} INFO - DAG(s) 'example_setup_teardown' retrieved from /home/airflow/.local/lib/python3.8/site-packages/airflow/example_dags/example_setup_teardown.py
[2024-03-06T22:18:13.017+0000] {logging_mixin.py:188} INFO - [2024-03-06T22:18:13.017+0000] {dag.py:3047} INFO - Sync 1 DAGs
[2024-03-06T22:18:13.105+0000] {logging_mixin.py:188} INFO - [2024-03-06T22:18:13.105+0000] {dag.py:3834} INFO - Setting next_dagrun for example_setup_teardown to 2024-03-05 00:00:00+00:00, run_after=2024-03-06 00:00:00+00:00
[2024-03-06T22:18:13.181+0000] {processor.py:183} INFO - Processing /home/airflow/.local/lib/python3.8/site-packages/airflow/example_dags/example_setup_teardown.py took 0.278 seconds
[2024-03-06T22:18:43.762+0000] {processor.py:161} INFO - Started process (PID=164) to work on /home/airflow/.local/lib/python3.8/site-packages/airflow/example_dags/example_setup_teardown.py
[2024-03-06T22:18:43.764+0000] {processor.py:830} INFO - Processing file /home/airflow/.local/lib/python3.8/site-packages/airflow/example_dags/example_setup_teardown.py for tasks to queue
[2024-03-06T22:18:43.767+0000] {logging_mixin.py:188} INFO - [2024-03-06T22:18:43.766+0000] {dagbag.py:540} INFO - Filling up the DagBag from /home/airflow/.local/lib/python3.8/site-packages/airflow/example_dags/example_setup_teardown.py
[2024-03-06T22:18:43.776+0000] {processor.py:840} INFO - DAG(s) 'example_setup_teardown' retrieved from /home/airflow/.local/lib/python3.8/site-packages/airflow/example_dags/example_setup_teardown.py
[2024-03-06T22:18:43.805+0000] {logging_mixin.py:188} INFO - [2024-03-06T22:18:43.805+0000] {dag.py:3047} INFO - Sync 1 DAGs
[2024-03-06T22:18:43.837+0000] {logging_mixin.py:188} INFO - [2024-03-06T22:18:43.836+0000] {dag.py:3834} INFO - Setting next_dagrun for example_setup_teardown to 2024-03-05 00:00:00+00:00, run_after=2024-03-06 00:00:00+00:00
[2024-03-06T22:18:43.864+0000] {processor.py:183} INFO - Processing /home/airflow/.local/lib/python3.8/site-packages/airflow/example_dags/example_setup_teardown.py took 0.107 seconds
[2024-03-06T22:19:14.008+0000] {processor.py:161} INFO - Started process (PID=219) to work on /home/airflow/.local/lib/python3.8/site-packages/airflow/example_dags/example_setup_teardown.py
[2024-03-06T22:19:14.012+0000] {processor.py:830} INFO - Processing file /home/airflow/.local/lib/python3.8/site-packages/airflow/example_dags/example_setup_teardown.py for tasks to queue
[2024-03-06T22:19:14.016+0000] {logging_mixin.py:188} INFO - [2024-03-06T22:19:14.015+0000] {dagbag.py:540} INFO - Filling up the DagBag from /home/airflow/.local/lib/python3.8/site-packages/airflow/example_dags/example_setup_teardown.py
[2024-03-06T22:19:14.026+0000] {processor.py:840} INFO - DAG(s) 'example_setup_teardown' retrieved from /home/airflow/.local/lib/python3.8/site-packages/airflow/example_dags/example_setup_teardown.py
[2024-03-06T22:19:14.055+0000] {logging_mixin.py:188} INFO - [2024-03-06T22:19:14.054+0000] {dag.py:3047} INFO - Sync 1 DAGs
[2024-03-06T22:19:14.084+0000] {logging_mixin.py:188} INFO - [2024-03-06T22:19:14.084+0000] {dag.py:3834} INFO - Setting next_dagrun for example_setup_teardown to 2024-03-05 00:00:00+00:00, run_after=2024-03-06 00:00:00+00:00
[2024-03-06T22:19:14.113+0000] {processor.py:183} INFO - Processing /home/airflow/.local/lib/python3.8/site-packages/airflow/example_dags/example_setup_teardown.py took 0.110 seconds
[2024-03-06T22:19:44.234+0000] {processor.py:161} INFO - Started process (PID=274) to work on /home/airflow/.local/lib/python3.8/site-packages/airflow/example_dags/example_setup_teardown.py
[2024-03-06T22:19:44.237+0000] {processor.py:830} INFO - Processing file /home/airflow/.local/lib/python3.8/site-packages/airflow/example_dags/example_setup_teardown.py for tasks to queue
[2024-03-06T22:19:44.242+0000] {logging_mixin.py:188} INFO - [2024-03-06T22:19:44.241+0000] {dagbag.py:540} INFO - Filling up the DagBag from /home/airflow/.local/lib/python3.8/site-packages/airflow/example_dags/example_setup_teardown.py
[2024-03-06T22:19:44.253+0000] {processor.py:840} INFO - DAG(s) 'example_setup_teardown' retrieved from /home/airflow/.local/lib/python3.8/site-packages/airflow/example_dags/example_setup_teardown.py
[2024-03-06T22:19:44.282+0000] {logging_mixin.py:188} INFO - [2024-03-06T22:19:44.281+0000] {dag.py:3047} INFO - Sync 1 DAGs
[2024-03-06T22:19:44.311+0000] {logging_mixin.py:188} INFO - [2024-03-06T22:19:44.311+0000] {dag.py:3834} INFO - Setting next_dagrun for example_setup_teardown to 2024-03-05 00:00:00+00:00, run_after=2024-03-06 00:00:00+00:00
[2024-03-06T22:19:44.339+0000] {processor.py:183} INFO - Processing /home/airflow/.local/lib/python3.8/site-packages/airflow/example_dags/example_setup_teardown.py took 0.111 seconds
[2024-03-06T22:20:14.461+0000] {processor.py:161} INFO - Started process (PID=329) to work on /home/airflow/.local/lib/python3.8/site-packages/airflow/example_dags/example_setup_teardown.py
[2024-03-06T22:20:14.463+0000] {processor.py:830} INFO - Processing file /home/airflow/.local/lib/python3.8/site-packages/airflow/example_dags/example_setup_teardown.py for tasks to queue
[2024-03-06T22:20:14.466+0000] {logging_mixin.py:188} INFO - [2024-03-06T22:20:14.466+0000] {dagbag.py:540} INFO - Filling up the DagBag from /home/airflow/.local/lib/python3.8/site-packages/airflow/example_dags/example_setup_teardown.py
[2024-03-06T22:20:14.476+0000] {processor.py:840} INFO - DAG(s) 'example_setup_teardown' retrieved from /home/airflow/.local/lib/python3.8/site-packages/airflow/example_dags/example_setup_teardown.py
[2024-03-06T22:20:14.505+0000] {logging_mixin.py:188} INFO - [2024-03-06T22:20:14.505+0000] {dag.py:3047} INFO - Sync 1 DAGs
[2024-03-06T22:20:14.536+0000] {logging_mixin.py:188} INFO - [2024-03-06T22:20:14.536+0000] {dag.py:3834} INFO - Setting next_dagrun for example_setup_teardown to 2024-03-05 00:00:00+00:00, run_after=2024-03-06 00:00:00+00:00
[2024-03-06T22:20:14.565+0000] {processor.py:183} INFO - Processing /home/airflow/.local/lib/python3.8/site-packages/airflow/example_dags/example_setup_teardown.py took 0.110 seconds
[2024-03-06T22:20:44.844+0000] {processor.py:161} INFO - Started process (PID=384) to work on /home/airflow/.local/lib/python3.8/site-packages/airflow/example_dags/example_setup_teardown.py
[2024-03-06T22:20:44.846+0000] {processor.py:830} INFO - Processing file /home/airflow/.local/lib/python3.8/site-packages/airflow/example_dags/example_setup_teardown.py for tasks to queue
[2024-03-06T22:20:44.849+0000] {logging_mixin.py:188} INFO - [2024-03-06T22:20:44.848+0000] {dagbag.py:540} INFO - Filling up the DagBag from /home/airflow/.local/lib/python3.8/site-packages/airflow/example_dags/example_setup_teardown.py
[2024-03-06T22:20:44.859+0000] {processor.py:840} INFO - DAG(s) 'example_setup_teardown' retrieved from /home/airflow/.local/lib/python3.8/site-packages/airflow/example_dags/example_setup_teardown.py
[2024-03-06T22:20:44.890+0000] {logging_mixin.py:188} INFO - [2024-03-06T22:20:44.890+0000] {dag.py:3047} INFO - Sync 1 DAGs
[2024-03-06T22:20:44.920+0000] {logging_mixin.py:188} INFO - [2024-03-06T22:20:44.920+0000] {dag.py:3834} INFO - Setting next_dagrun for example_setup_teardown to 2024-03-05 00:00:00+00:00, run_after=2024-03-06 00:00:00+00:00
[2024-03-06T22:20:44.948+0000] {processor.py:183} INFO - Processing /home/airflow/.local/lib/python3.8/site-packages/airflow/example_dags/example_setup_teardown.py took 0.108 seconds
[2024-03-06T22:21:15.088+0000] {processor.py:161} INFO - Started process (PID=439) to work on /home/airflow/.local/lib/python3.8/site-packages/airflow/example_dags/example_setup_teardown.py
[2024-03-06T22:21:15.090+0000] {processor.py:830} INFO - Processing file /home/airflow/.local/lib/python3.8/site-packages/airflow/example_dags/example_setup_teardown.py for tasks to queue
[2024-03-06T22:21:15.093+0000] {logging_mixin.py:188} INFO - [2024-03-06T22:21:15.092+0000] {dagbag.py:540} INFO - Filling up the DagBag from /home/airflow/.local/lib/python3.8/site-packages/airflow/example_dags/example_setup_teardown.py
[2024-03-06T22:21:15.104+0000] {processor.py:840} INFO - DAG(s) 'example_setup_teardown' retrieved from /home/airflow/.local/lib/python3.8/site-packages/airflow/example_dags/example_setup_teardown.py
[2024-03-06T22:21:15.137+0000] {logging_mixin.py:188} INFO - [2024-03-06T22:21:15.136+0000] {dag.py:3047} INFO - Sync 1 DAGs
[2024-03-06T22:21:15.175+0000] {logging_mixin.py:188} INFO - [2024-03-06T22:21:15.174+0000] {dag.py:3834} INFO - Setting next_dagrun for example_setup_teardown to 2024-03-05 00:00:00+00:00, run_after=2024-03-06 00:00:00+00:00
[2024-03-06T22:21:15.202+0000] {processor.py:183} INFO - Processing /home/airflow/.local/lib/python3.8/site-packages/airflow/example_dags/example_setup_teardown.py took 0.119 seconds
[2024-03-06T22:21:45.451+0000] {processor.py:161} INFO - Started process (PID=494) to work on /home/airflow/.local/lib/python3.8/site-packages/airflow/example_dags/example_setup_teardown.py
[2024-03-06T22:21:45.452+0000] {processor.py:830} INFO - Processing file /home/airflow/.local/lib/python3.8/site-packages/airflow/example_dags/example_setup_teardown.py for tasks to queue
[2024-03-06T22:21:45.455+0000] {logging_mixin.py:188} INFO - [2024-03-06T22:21:45.455+0000] {dagbag.py:540} INFO - Filling up the DagBag from /home/airflow/.local/lib/python3.8/site-packages/airflow/example_dags/example_setup_teardown.py
[2024-03-06T22:21:45.468+0000] {processor.py:840} INFO - DAG(s) 'example_setup_teardown' retrieved from /home/airflow/.local/lib/python3.8/site-packages/airflow/example_dags/example_setup_teardown.py
[2024-03-06T22:21:45.500+0000] {logging_mixin.py:188} INFO - [2024-03-06T22:21:45.499+0000] {dag.py:3047} INFO - Sync 1 DAGs
[2024-03-06T22:21:45.537+0000] {logging_mixin.py:188} INFO - [2024-03-06T22:21:45.537+0000] {dag.py:3834} INFO - Setting next_dagrun for example_setup_teardown to 2024-03-05 00:00:00+00:00, run_after=2024-03-06 00:00:00+00:00
[2024-03-06T22:21:45.567+0000] {processor.py:183} INFO - Processing /home/airflow/.local/lib/python3.8/site-packages/airflow/example_dags/example_setup_teardown.py took 0.121 seconds
[2024-03-06T22:22:15.700+0000] {processor.py:161} INFO - Started process (PID=548) to work on /home/airflow/.local/lib/python3.8/site-packages/airflow/example_dags/example_setup_teardown.py
[2024-03-06T22:22:15.701+0000] {processor.py:830} INFO - Processing file /home/airflow/.local/lib/python3.8/site-packages/airflow/example_dags/example_setup_teardown.py for tasks to queue
[2024-03-06T22:22:15.705+0000] {logging_mixin.py:188} INFO - [2024-03-06T22:22:15.704+0000] {dagbag.py:540} INFO - Filling up the DagBag from /home/airflow/.local/lib/python3.8/site-packages/airflow/example_dags/example_setup_teardown.py
[2024-03-06T22:22:15.716+0000] {processor.py:840} INFO - DAG(s) 'example_setup_teardown' retrieved from /home/airflow/.local/lib/python3.8/site-packages/airflow/example_dags/example_setup_teardown.py
[2024-03-06T22:22:15.743+0000] {logging_mixin.py:188} INFO - [2024-03-06T22:22:15.742+0000] {dag.py:3047} INFO - Sync 1 DAGs
[2024-03-06T22:22:15.774+0000] {logging_mixin.py:188} INFO - [2024-03-06T22:22:15.774+0000] {dag.py:3834} INFO - Setting next_dagrun for example_setup_teardown to 2024-03-05 00:00:00+00:00, run_after=2024-03-06 00:00:00+00:00
[2024-03-06T22:22:15.800+0000] {processor.py:183} INFO - Processing /home/airflow/.local/lib/python3.8/site-packages/airflow/example_dags/example_setup_teardown.py took 0.105 seconds
[2024-03-06T22:22:46.282+0000] {processor.py:161} INFO - Started process (PID=603) to work on /home/airflow/.local/lib/python3.8/site-packages/airflow/example_dags/example_setup_teardown.py
[2024-03-06T22:22:46.284+0000] {processor.py:830} INFO - Processing file /home/airflow/.local/lib/python3.8/site-packages/airflow/example_dags/example_setup_teardown.py for tasks to queue
[2024-03-06T22:22:46.288+0000] {logging_mixin.py:188} INFO - [2024-03-06T22:22:46.288+0000] {dagbag.py:540} INFO - Filling up the DagBag from /home/airflow/.local/lib/python3.8/site-packages/airflow/example_dags/example_setup_teardown.py
[2024-03-06T22:22:46.299+0000] {processor.py:840} INFO - DAG(s) 'example_setup_teardown' retrieved from /home/airflow/.local/lib/python3.8/site-packages/airflow/example_dags/example_setup_teardown.py
[2024-03-06T22:22:46.329+0000] {logging_mixin.py:188} INFO - [2024-03-06T22:22:46.329+0000] {dag.py:3047} INFO - Sync 1 DAGs
[2024-03-06T22:22:46.365+0000] {logging_mixin.py:188} INFO - [2024-03-06T22:22:46.365+0000] {dag.py:3834} INFO - Setting next_dagrun for example_setup_teardown to 2024-03-05 00:00:00+00:00, run_after=2024-03-06 00:00:00+00:00
[2024-03-06T22:22:46.392+0000] {processor.py:183} INFO - Processing /home/airflow/.local/lib/python3.8/site-packages/airflow/example_dags/example_setup_teardown.py took 0.114 seconds
[2024-03-06T22:23:16.738+0000] {processor.py:161} INFO - Started process (PID=658) to work on /home/airflow/.local/lib/python3.8/site-packages/airflow/example_dags/example_setup_teardown.py
[2024-03-06T22:23:16.739+0000] {processor.py:830} INFO - Processing file /home/airflow/.local/lib/python3.8/site-packages/airflow/example_dags/example_setup_teardown.py for tasks to queue
[2024-03-06T22:23:16.746+0000] {logging_mixin.py:188} INFO - [2024-03-06T22:23:16.745+0000] {dagbag.py:540} INFO - Filling up the DagBag from /home/airflow/.local/lib/python3.8/site-packages/airflow/example_dags/example_setup_teardown.py
[2024-03-06T22:23:16.754+0000] {processor.py:840} INFO - DAG(s) 'example_setup_teardown' retrieved from /home/airflow/.local/lib/python3.8/site-packages/airflow/example_dags/example_setup_teardown.py
[2024-03-06T22:23:16.783+0000] {logging_mixin.py:188} INFO - [2024-03-06T22:23:16.782+0000] {dag.py:3047} INFO - Sync 1 DAGs
[2024-03-06T22:23:16.813+0000] {logging_mixin.py:188} INFO - [2024-03-06T22:23:16.813+0000] {dag.py:3834} INFO - Setting next_dagrun for example_setup_teardown to 2024-03-05 00:00:00+00:00, run_after=2024-03-06 00:00:00+00:00
[2024-03-06T22:23:16.838+0000] {processor.py:183} INFO - Processing /home/airflow/.local/lib/python3.8/site-packages/airflow/example_dags/example_setup_teardown.py took 0.106 seconds
[2024-03-06T22:23:46.940+0000] {processor.py:161} INFO - Started process (PID=712) to work on /home/airflow/.local/lib/python3.8/site-packages/airflow/example_dags/example_setup_teardown.py
[2024-03-06T22:23:46.943+0000] {processor.py:830} INFO - Processing file /home/airflow/.local/lib/python3.8/site-packages/airflow/example_dags/example_setup_teardown.py for tasks to queue
[2024-03-06T22:23:46.946+0000] {logging_mixin.py:188} INFO - [2024-03-06T22:23:46.945+0000] {dagbag.py:540} INFO - Filling up the DagBag from /home/airflow/.local/lib/python3.8/site-packages/airflow/example_dags/example_setup_teardown.py
[2024-03-06T22:23:46.961+0000] {processor.py:840} INFO - DAG(s) 'example_setup_teardown' retrieved from /home/airflow/.local/lib/python3.8/site-packages/airflow/example_dags/example_setup_teardown.py
[2024-03-06T22:23:47.004+0000] {logging_mixin.py:188} INFO - [2024-03-06T22:23:47.004+0000] {dag.py:3047} INFO - Sync 1 DAGs
[2024-03-06T22:23:47.053+0000] {logging_mixin.py:188} INFO - [2024-03-06T22:23:47.051+0000] {dag.py:3834} INFO - Setting next_dagrun for example_setup_teardown to 2024-03-05 00:00:00+00:00, run_after=2024-03-06 00:00:00+00:00
[2024-03-06T22:23:47.087+0000] {processor.py:183} INFO - Processing /home/airflow/.local/lib/python3.8/site-packages/airflow/example_dags/example_setup_teardown.py took 0.152 seconds
[2024-03-06T22:24:17.242+0000] {processor.py:161} INFO - Started process (PID=767) to work on /home/airflow/.local/lib/python3.8/site-packages/airflow/example_dags/example_setup_teardown.py
[2024-03-06T22:24:17.244+0000] {processor.py:830} INFO - Processing file /home/airflow/.local/lib/python3.8/site-packages/airflow/example_dags/example_setup_teardown.py for tasks to queue
[2024-03-06T22:24:17.247+0000] {logging_mixin.py:188} INFO - [2024-03-06T22:24:17.246+0000] {dagbag.py:540} INFO - Filling up the DagBag from /home/airflow/.local/lib/python3.8/site-packages/airflow/example_dags/example_setup_teardown.py
[2024-03-06T22:24:17.256+0000] {processor.py:840} INFO - DAG(s) 'example_setup_teardown' retrieved from /home/airflow/.local/lib/python3.8/site-packages/airflow/example_dags/example_setup_teardown.py
[2024-03-06T22:24:17.285+0000] {logging_mixin.py:188} INFO - [2024-03-06T22:24:17.284+0000] {dag.py:3047} INFO - Sync 1 DAGs
[2024-03-06T22:24:17.312+0000] {logging_mixin.py:188} INFO - [2024-03-06T22:24:17.312+0000] {dag.py:3834} INFO - Setting next_dagrun for example_setup_teardown to 2024-03-05 00:00:00+00:00, run_after=2024-03-06 00:00:00+00:00
[2024-03-06T22:24:17.337+0000] {processor.py:183} INFO - Processing /home/airflow/.local/lib/python3.8/site-packages/airflow/example_dags/example_setup_teardown.py took 0.099 seconds
[2024-03-06T22:24:47.581+0000] {processor.py:161} INFO - Started process (PID=822) to work on /home/airflow/.local/lib/python3.8/site-packages/airflow/example_dags/example_setup_teardown.py
[2024-03-06T22:24:47.583+0000] {processor.py:830} INFO - Processing file /home/airflow/.local/lib/python3.8/site-packages/airflow/example_dags/example_setup_teardown.py for tasks to queue
[2024-03-06T22:24:47.586+0000] {logging_mixin.py:188} INFO - [2024-03-06T22:24:47.585+0000] {dagbag.py:540} INFO - Filling up the DagBag from /home/airflow/.local/lib/python3.8/site-packages/airflow/example_dags/example_setup_teardown.py
[2024-03-06T22:24:47.596+0000] {processor.py:840} INFO - DAG(s) 'example_setup_teardown' retrieved from /home/airflow/.local/lib/python3.8/site-packages/airflow/example_dags/example_setup_teardown.py
[2024-03-06T22:24:47.624+0000] {logging_mixin.py:188} INFO - [2024-03-06T22:24:47.624+0000] {dag.py:3047} INFO - Sync 1 DAGs
[2024-03-06T22:24:47.650+0000] {logging_mixin.py:188} INFO - [2024-03-06T22:24:47.650+0000] {dag.py:3834} INFO - Setting next_dagrun for example_setup_teardown to 2024-03-05 00:00:00+00:00, run_after=2024-03-06 00:00:00+00:00
[2024-03-06T22:24:47.674+0000] {processor.py:183} INFO - Processing /home/airflow/.local/lib/python3.8/site-packages/airflow/example_dags/example_setup_teardown.py took 0.099 seconds
[2024-03-06T22:25:18.043+0000] {processor.py:161} INFO - Started process (PID=877) to work on /home/airflow/.local/lib/python3.8/site-packages/airflow/example_dags/example_setup_teardown.py
[2024-03-06T22:25:18.045+0000] {processor.py:830} INFO - Processing file /home/airflow/.local/lib/python3.8/site-packages/airflow/example_dags/example_setup_teardown.py for tasks to queue
[2024-03-06T22:25:18.047+0000] {logging_mixin.py:188} INFO - [2024-03-06T22:25:18.047+0000] {dagbag.py:540} INFO - Filling up the DagBag from /home/airflow/.local/lib/python3.8/site-packages/airflow/example_dags/example_setup_teardown.py
[2024-03-06T22:25:18.057+0000] {processor.py:840} INFO - DAG(s) 'example_setup_teardown' retrieved from /home/airflow/.local/lib/python3.8/site-packages/airflow/example_dags/example_setup_teardown.py
[2024-03-06T22:25:18.086+0000] {logging_mixin.py:188} INFO - [2024-03-06T22:25:18.086+0000] {dag.py:3047} INFO - Sync 1 DAGs
[2024-03-06T22:25:18.120+0000] {logging_mixin.py:188} INFO - [2024-03-06T22:25:18.120+0000] {dag.py:3834} INFO - Setting next_dagrun for example_setup_teardown to 2024-03-05 00:00:00+00:00, run_after=2024-03-06 00:00:00+00:00
[2024-03-06T22:25:18.149+0000] {processor.py:183} INFO - Processing /home/airflow/.local/lib/python3.8/site-packages/airflow/example_dags/example_setup_teardown.py took 0.110 seconds
[2024-03-06T22:25:48.321+0000] {processor.py:161} INFO - Started process (PID=931) to work on /home/airflow/.local/lib/python3.8/site-packages/airflow/example_dags/example_setup_teardown.py
[2024-03-06T22:25:48.323+0000] {processor.py:830} INFO - Processing file /home/airflow/.local/lib/python3.8/site-packages/airflow/example_dags/example_setup_teardown.py for tasks to queue
[2024-03-06T22:25:48.327+0000] {logging_mixin.py:188} INFO - [2024-03-06T22:25:48.326+0000] {dagbag.py:540} INFO - Filling up the DagBag from /home/airflow/.local/lib/python3.8/site-packages/airflow/example_dags/example_setup_teardown.py
[2024-03-06T22:25:48.340+0000] {processor.py:840} INFO - DAG(s) 'example_setup_teardown' retrieved from /home/airflow/.local/lib/python3.8/site-packages/airflow/example_dags/example_setup_teardown.py
[2024-03-06T22:25:48.379+0000] {logging_mixin.py:188} INFO - [2024-03-06T22:25:48.379+0000] {dag.py:3047} INFO - Sync 1 DAGs
[2024-03-06T22:25:48.417+0000] {logging_mixin.py:188} INFO - [2024-03-06T22:25:48.417+0000] {dag.py:3834} INFO - Setting next_dagrun for example_setup_teardown to 2024-03-05 00:00:00+00:00, run_after=2024-03-06 00:00:00+00:00
[2024-03-06T22:25:48.445+0000] {processor.py:183} INFO - Processing /home/airflow/.local/lib/python3.8/site-packages/airflow/example_dags/example_setup_teardown.py took 0.129 seconds
[2024-03-06T22:26:18.890+0000] {processor.py:161} INFO - Started process (PID=986) to work on /home/airflow/.local/lib/python3.8/site-packages/airflow/example_dags/example_setup_teardown.py
[2024-03-06T22:26:18.894+0000] {processor.py:830} INFO - Processing file /home/airflow/.local/lib/python3.8/site-packages/airflow/example_dags/example_setup_teardown.py for tasks to queue
[2024-03-06T22:26:18.898+0000] {logging_mixin.py:188} INFO - [2024-03-06T22:26:18.897+0000] {dagbag.py:540} INFO - Filling up the DagBag from /home/airflow/.local/lib/python3.8/site-packages/airflow/example_dags/example_setup_teardown.py
[2024-03-06T22:26:18.910+0000] {processor.py:840} INFO - DAG(s) 'example_setup_teardown' retrieved from /home/airflow/.local/lib/python3.8/site-packages/airflow/example_dags/example_setup_teardown.py
[2024-03-06T22:26:18.944+0000] {logging_mixin.py:188} INFO - [2024-03-06T22:26:18.943+0000] {dag.py:3047} INFO - Sync 1 DAGs
[2024-03-06T22:26:18.976+0000] {logging_mixin.py:188} INFO - [2024-03-06T22:26:18.975+0000] {dag.py:3834} INFO - Setting next_dagrun for example_setup_teardown to 2024-03-05 00:00:00+00:00, run_after=2024-03-06 00:00:00+00:00
[2024-03-06T22:26:19.006+0000] {processor.py:183} INFO - Processing /home/airflow/.local/lib/python3.8/site-packages/airflow/example_dags/example_setup_teardown.py took 0.122 seconds
[2024-03-06T22:26:49.160+0000] {processor.py:161} INFO - Started process (PID=1041) to work on /home/airflow/.local/lib/python3.8/site-packages/airflow/example_dags/example_setup_teardown.py
[2024-03-06T22:26:49.162+0000] {processor.py:830} INFO - Processing file /home/airflow/.local/lib/python3.8/site-packages/airflow/example_dags/example_setup_teardown.py for tasks to queue
[2024-03-06T22:26:49.165+0000] {logging_mixin.py:188} INFO - [2024-03-06T22:26:49.164+0000] {dagbag.py:540} INFO - Filling up the DagBag from /home/airflow/.local/lib/python3.8/site-packages/airflow/example_dags/example_setup_teardown.py
[2024-03-06T22:26:49.173+0000] {processor.py:840} INFO - DAG(s) 'example_setup_teardown' retrieved from /home/airflow/.local/lib/python3.8/site-packages/airflow/example_dags/example_setup_teardown.py
[2024-03-06T22:26:49.204+0000] {logging_mixin.py:188} INFO - [2024-03-06T22:26:49.203+0000] {dag.py:3047} INFO - Sync 1 DAGs
[2024-03-06T22:26:49.232+0000] {logging_mixin.py:188} INFO - [2024-03-06T22:26:49.231+0000] {dag.py:3834} INFO - Setting next_dagrun for example_setup_teardown to 2024-03-05 00:00:00+00:00, run_after=2024-03-06 00:00:00+00:00
[2024-03-06T22:26:49.261+0000] {processor.py:183} INFO - Processing /home/airflow/.local/lib/python3.8/site-packages/airflow/example_dags/example_setup_teardown.py took 0.107 seconds
[2024-03-06T22:27:19.465+0000] {processor.py:161} INFO - Started process (PID=1096) to work on /home/airflow/.local/lib/python3.8/site-packages/airflow/example_dags/example_setup_teardown.py
[2024-03-06T22:27:19.466+0000] {processor.py:830} INFO - Processing file /home/airflow/.local/lib/python3.8/site-packages/airflow/example_dags/example_setup_teardown.py for tasks to queue
[2024-03-06T22:27:19.470+0000] {logging_mixin.py:188} INFO - [2024-03-06T22:27:19.469+0000] {dagbag.py:540} INFO - Filling up the DagBag from /home/airflow/.local/lib/python3.8/site-packages/airflow/example_dags/example_setup_teardown.py
[2024-03-06T22:27:19.480+0000] {processor.py:840} INFO - DAG(s) 'example_setup_teardown' retrieved from /home/airflow/.local/lib/python3.8/site-packages/airflow/example_dags/example_setup_teardown.py
[2024-03-06T22:27:19.509+0000] {logging_mixin.py:188} INFO - [2024-03-06T22:27:19.509+0000] {dag.py:3047} INFO - Sync 1 DAGs
[2024-03-06T22:27:19.536+0000] {logging_mixin.py:188} INFO - [2024-03-06T22:27:19.536+0000] {dag.py:3834} INFO - Setting next_dagrun for example_setup_teardown to 2024-03-05 00:00:00+00:00, run_after=2024-03-06 00:00:00+00:00
[2024-03-06T22:27:19.567+0000] {processor.py:183} INFO - Processing /home/airflow/.local/lib/python3.8/site-packages/airflow/example_dags/example_setup_teardown.py took 0.107 seconds
[2024-03-06T22:27:49.736+0000] {processor.py:161} INFO - Started process (PID=1151) to work on /home/airflow/.local/lib/python3.8/site-packages/airflow/example_dags/example_setup_teardown.py
[2024-03-06T22:27:49.738+0000] {processor.py:830} INFO - Processing file /home/airflow/.local/lib/python3.8/site-packages/airflow/example_dags/example_setup_teardown.py for tasks to queue
[2024-03-06T22:27:49.741+0000] {logging_mixin.py:188} INFO - [2024-03-06T22:27:49.741+0000] {dagbag.py:540} INFO - Filling up the DagBag from /home/airflow/.local/lib/python3.8/site-packages/airflow/example_dags/example_setup_teardown.py
[2024-03-06T22:27:49.750+0000] {processor.py:840} INFO - DAG(s) 'example_setup_teardown' retrieved from /home/airflow/.local/lib/python3.8/site-packages/airflow/example_dags/example_setup_teardown.py
[2024-03-06T22:27:49.779+0000] {logging_mixin.py:188} INFO - [2024-03-06T22:27:49.779+0000] {dag.py:3047} INFO - Sync 1 DAGs
[2024-03-06T22:27:49.811+0000] {logging_mixin.py:188} INFO - [2024-03-06T22:27:49.811+0000] {dag.py:3834} INFO - Setting next_dagrun for example_setup_teardown to 2024-03-05 00:00:00+00:00, run_after=2024-03-06 00:00:00+00:00
[2024-03-06T22:27:49.836+0000] {processor.py:183} INFO - Processing /home/airflow/.local/lib/python3.8/site-packages/airflow/example_dags/example_setup_teardown.py took 0.104 seconds
[2024-03-06T22:28:20.030+0000] {processor.py:161} INFO - Started process (PID=1206) to work on /home/airflow/.local/lib/python3.8/site-packages/airflow/example_dags/example_setup_teardown.py
[2024-03-06T22:28:20.031+0000] {processor.py:830} INFO - Processing file /home/airflow/.local/lib/python3.8/site-packages/airflow/example_dags/example_setup_teardown.py for tasks to queue
[2024-03-06T22:28:20.037+0000] {logging_mixin.py:188} INFO - [2024-03-06T22:28:20.036+0000] {dagbag.py:540} INFO - Filling up the DagBag from /home/airflow/.local/lib/python3.8/site-packages/airflow/example_dags/example_setup_teardown.py
[2024-03-06T22:28:20.048+0000] {processor.py:840} INFO - DAG(s) 'example_setup_teardown' retrieved from /home/airflow/.local/lib/python3.8/site-packages/airflow/example_dags/example_setup_teardown.py
[2024-03-06T22:28:20.074+0000] {logging_mixin.py:188} INFO - [2024-03-06T22:28:20.073+0000] {dag.py:3047} INFO - Sync 1 DAGs
[2024-03-06T22:28:20.131+0000] {logging_mixin.py:188} INFO - [2024-03-06T22:28:20.130+0000] {dag.py:3834} INFO - Setting next_dagrun for example_setup_teardown to 2024-03-05 00:00:00+00:00, run_after=2024-03-06 00:00:00+00:00
[2024-03-06T22:28:20.187+0000] {processor.py:183} INFO - Processing /home/airflow/.local/lib/python3.8/site-packages/airflow/example_dags/example_setup_teardown.py took 0.162 seconds
[2024-03-06T22:28:51.173+0000] {processor.py:161} INFO - Started process (PID=1261) to work on /home/airflow/.local/lib/python3.8/site-packages/airflow/example_dags/example_setup_teardown.py
[2024-03-06T22:28:51.174+0000] {processor.py:830} INFO - Processing file /home/airflow/.local/lib/python3.8/site-packages/airflow/example_dags/example_setup_teardown.py for tasks to queue
[2024-03-06T22:28:51.178+0000] {logging_mixin.py:188} INFO - [2024-03-06T22:28:51.178+0000] {dagbag.py:540} INFO - Filling up the DagBag from /home/airflow/.local/lib/python3.8/site-packages/airflow/example_dags/example_setup_teardown.py
[2024-03-06T22:28:51.196+0000] {processor.py:840} INFO - DAG(s) 'example_setup_teardown' retrieved from /home/airflow/.local/lib/python3.8/site-packages/airflow/example_dags/example_setup_teardown.py
[2024-03-06T22:28:51.269+0000] {logging_mixin.py:188} INFO - [2024-03-06T22:28:51.268+0000] {dag.py:3047} INFO - Sync 1 DAGs
[2024-03-06T22:28:51.309+0000] {logging_mixin.py:188} INFO - [2024-03-06T22:28:51.308+0000] {dag.py:3834} INFO - Setting next_dagrun for example_setup_teardown to 2024-03-05 00:00:00+00:00, run_after=2024-03-06 00:00:00+00:00
[2024-03-06T22:28:51.349+0000] {processor.py:183} INFO - Processing /home/airflow/.local/lib/python3.8/site-packages/airflow/example_dags/example_setup_teardown.py took 0.183 seconds
[2024-03-06T22:29:22.144+0000] {processor.py:161} INFO - Started process (PID=1316) to work on /home/airflow/.local/lib/python3.8/site-packages/airflow/example_dags/example_setup_teardown.py
[2024-03-06T22:29:22.146+0000] {processor.py:830} INFO - Processing file /home/airflow/.local/lib/python3.8/site-packages/airflow/example_dags/example_setup_teardown.py for tasks to queue
[2024-03-06T22:29:22.148+0000] {logging_mixin.py:188} INFO - [2024-03-06T22:29:22.147+0000] {dagbag.py:540} INFO - Filling up the DagBag from /home/airflow/.local/lib/python3.8/site-packages/airflow/example_dags/example_setup_teardown.py
[2024-03-06T22:29:22.157+0000] {processor.py:840} INFO - DAG(s) 'example_setup_teardown' retrieved from /home/airflow/.local/lib/python3.8/site-packages/airflow/example_dags/example_setup_teardown.py
[2024-03-06T22:29:22.186+0000] {logging_mixin.py:188} INFO - [2024-03-06T22:29:22.186+0000] {dag.py:3047} INFO - Sync 1 DAGs
[2024-03-06T22:29:22.221+0000] {logging_mixin.py:188} INFO - [2024-03-06T22:29:22.221+0000] {dag.py:3834} INFO - Setting next_dagrun for example_setup_teardown to 2024-03-05 00:00:00+00:00, run_after=2024-03-06 00:00:00+00:00
[2024-03-06T22:29:22.261+0000] {processor.py:183} INFO - Processing /home/airflow/.local/lib/python3.8/site-packages/airflow/example_dags/example_setup_teardown.py took 0.122 seconds
[2024-03-06T22:29:52.474+0000] {processor.py:161} INFO - Started process (PID=1371) to work on /home/airflow/.local/lib/python3.8/site-packages/airflow/example_dags/example_setup_teardown.py
[2024-03-06T22:29:52.476+0000] {processor.py:830} INFO - Processing file /home/airflow/.local/lib/python3.8/site-packages/airflow/example_dags/example_setup_teardown.py for tasks to queue
[2024-03-06T22:29:52.479+0000] {logging_mixin.py:188} INFO - [2024-03-06T22:29:52.479+0000] {dagbag.py:540} INFO - Filling up the DagBag from /home/airflow/.local/lib/python3.8/site-packages/airflow/example_dags/example_setup_teardown.py
[2024-03-06T22:29:52.488+0000] {processor.py:840} INFO - DAG(s) 'example_setup_teardown' retrieved from /home/airflow/.local/lib/python3.8/site-packages/airflow/example_dags/example_setup_teardown.py
[2024-03-06T22:29:52.518+0000] {logging_mixin.py:188} INFO - [2024-03-06T22:29:52.518+0000] {dag.py:3047} INFO - Sync 1 DAGs
[2024-03-06T22:29:52.547+0000] {logging_mixin.py:188} INFO - [2024-03-06T22:29:52.547+0000] {dag.py:3834} INFO - Setting next_dagrun for example_setup_teardown to 2024-03-05 00:00:00+00:00, run_after=2024-03-06 00:00:00+00:00
[2024-03-06T22:29:52.578+0000] {processor.py:183} INFO - Processing /home/airflow/.local/lib/python3.8/site-packages/airflow/example_dags/example_setup_teardown.py took 0.108 seconds
[2024-03-06T22:30:22.825+0000] {processor.py:161} INFO - Started process (PID=1425) to work on /home/airflow/.local/lib/python3.8/site-packages/airflow/example_dags/example_setup_teardown.py
[2024-03-06T22:30:22.834+0000] {processor.py:830} INFO - Processing file /home/airflow/.local/lib/python3.8/site-packages/airflow/example_dags/example_setup_teardown.py for tasks to queue
[2024-03-06T22:30:22.840+0000] {logging_mixin.py:188} INFO - [2024-03-06T22:30:22.840+0000] {dagbag.py:540} INFO - Filling up the DagBag from /home/airflow/.local/lib/python3.8/site-packages/airflow/example_dags/example_setup_teardown.py
[2024-03-06T22:30:22.856+0000] {processor.py:840} INFO - DAG(s) 'example_setup_teardown' retrieved from /home/airflow/.local/lib/python3.8/site-packages/airflow/example_dags/example_setup_teardown.py
[2024-03-06T22:30:22.907+0000] {logging_mixin.py:188} INFO - [2024-03-06T22:30:22.907+0000] {dag.py:3047} INFO - Sync 1 DAGs
[2024-03-06T22:30:22.961+0000] {logging_mixin.py:188} INFO - [2024-03-06T22:30:22.960+0000] {dag.py:3834} INFO - Setting next_dagrun for example_setup_teardown to 2024-03-05 00:00:00+00:00, run_after=2024-03-06 00:00:00+00:00
[2024-03-06T22:30:22.994+0000] {processor.py:183} INFO - Processing /home/airflow/.local/lib/python3.8/site-packages/airflow/example_dags/example_setup_teardown.py took 0.175 seconds
[2024-03-06T22:30:53.478+0000] {processor.py:161} INFO - Started process (PID=1480) to work on /home/airflow/.local/lib/python3.8/site-packages/airflow/example_dags/example_setup_teardown.py
[2024-03-06T22:30:53.480+0000] {processor.py:830} INFO - Processing file /home/airflow/.local/lib/python3.8/site-packages/airflow/example_dags/example_setup_teardown.py for tasks to queue
[2024-03-06T22:30:53.483+0000] {logging_mixin.py:188} INFO - [2024-03-06T22:30:53.482+0000] {dagbag.py:540} INFO - Filling up the DagBag from /home/airflow/.local/lib/python3.8/site-packages/airflow/example_dags/example_setup_teardown.py
[2024-03-06T22:30:53.494+0000] {processor.py:840} INFO - DAG(s) 'example_setup_teardown' retrieved from /home/airflow/.local/lib/python3.8/site-packages/airflow/example_dags/example_setup_teardown.py
[2024-03-06T22:30:53.524+0000] {logging_mixin.py:188} INFO - [2024-03-06T22:30:53.524+0000] {dag.py:3047} INFO - Sync 1 DAGs
[2024-03-06T22:30:53.555+0000] {logging_mixin.py:188} INFO - [2024-03-06T22:30:53.555+0000] {dag.py:3834} INFO - Setting next_dagrun for example_setup_teardown to 2024-03-05 00:00:00+00:00, run_after=2024-03-06 00:00:00+00:00
[2024-03-06T22:30:53.580+0000] {processor.py:183} INFO - Processing /home/airflow/.local/lib/python3.8/site-packages/airflow/example_dags/example_setup_teardown.py took 0.107 seconds
[2024-03-06T22:31:24.079+0000] {processor.py:161} INFO - Started process (PID=1535) to work on /home/airflow/.local/lib/python3.8/site-packages/airflow/example_dags/example_setup_teardown.py
[2024-03-06T22:31:24.081+0000] {processor.py:830} INFO - Processing file /home/airflow/.local/lib/python3.8/site-packages/airflow/example_dags/example_setup_teardown.py for tasks to queue
[2024-03-06T22:31:24.084+0000] {logging_mixin.py:188} INFO - [2024-03-06T22:31:24.084+0000] {dagbag.py:540} INFO - Filling up the DagBag from /home/airflow/.local/lib/python3.8/site-packages/airflow/example_dags/example_setup_teardown.py
[2024-03-06T22:31:24.096+0000] {processor.py:840} INFO - DAG(s) 'example_setup_teardown' retrieved from /home/airflow/.local/lib/python3.8/site-packages/airflow/example_dags/example_setup_teardown.py
[2024-03-06T22:31:24.128+0000] {logging_mixin.py:188} INFO - [2024-03-06T22:31:24.128+0000] {dag.py:3047} INFO - Sync 1 DAGs
[2024-03-06T22:31:24.163+0000] {logging_mixin.py:188} INFO - [2024-03-06T22:31:24.162+0000] {dag.py:3834} INFO - Setting next_dagrun for example_setup_teardown to 2024-03-05 00:00:00+00:00, run_after=2024-03-06 00:00:00+00:00
[2024-03-06T22:31:24.192+0000] {processor.py:183} INFO - Processing /home/airflow/.local/lib/python3.8/site-packages/airflow/example_dags/example_setup_teardown.py took 0.118 seconds
[2024-03-06T22:31:54.447+0000] {processor.py:161} INFO - Started process (PID=1590) to work on /home/airflow/.local/lib/python3.8/site-packages/airflow/example_dags/example_setup_teardown.py
[2024-03-06T22:31:54.538+0000] {processor.py:830} INFO - Processing file /home/airflow/.local/lib/python3.8/site-packages/airflow/example_dags/example_setup_teardown.py for tasks to queue
[2024-03-06T22:31:54.546+0000] {logging_mixin.py:188} INFO - [2024-03-06T22:31:54.546+0000] {dagbag.py:540} INFO - Filling up the DagBag from /home/airflow/.local/lib/python3.8/site-packages/airflow/example_dags/example_setup_teardown.py
[2024-03-06T22:31:54.565+0000] {processor.py:840} INFO - DAG(s) 'example_setup_teardown' retrieved from /home/airflow/.local/lib/python3.8/site-packages/airflow/example_dags/example_setup_teardown.py
[2024-03-06T22:31:54.617+0000] {logging_mixin.py:188} INFO - [2024-03-06T22:31:54.616+0000] {dag.py:3047} INFO - Sync 1 DAGs
[2024-03-06T22:31:54.650+0000] {logging_mixin.py:188} INFO - [2024-03-06T22:31:54.650+0000] {dag.py:3834} INFO - Setting next_dagrun for example_setup_teardown to 2024-03-05 00:00:00+00:00, run_after=2024-03-06 00:00:00+00:00
[2024-03-06T22:31:54.735+0000] {processor.py:183} INFO - Processing /home/airflow/.local/lib/python3.8/site-packages/airflow/example_dags/example_setup_teardown.py took 0.297 seconds
[2024-03-06T22:32:24.911+0000] {processor.py:161} INFO - Started process (PID=1644) to work on /home/airflow/.local/lib/python3.8/site-packages/airflow/example_dags/example_setup_teardown.py
[2024-03-06T22:32:24.913+0000] {processor.py:830} INFO - Processing file /home/airflow/.local/lib/python3.8/site-packages/airflow/example_dags/example_setup_teardown.py for tasks to queue
[2024-03-06T22:32:24.916+0000] {logging_mixin.py:188} INFO - [2024-03-06T22:32:24.915+0000] {dagbag.py:540} INFO - Filling up the DagBag from /home/airflow/.local/lib/python3.8/site-packages/airflow/example_dags/example_setup_teardown.py
[2024-03-06T22:32:24.925+0000] {processor.py:840} INFO - DAG(s) 'example_setup_teardown' retrieved from /home/airflow/.local/lib/python3.8/site-packages/airflow/example_dags/example_setup_teardown.py
[2024-03-06T22:32:24.953+0000] {logging_mixin.py:188} INFO - [2024-03-06T22:32:24.953+0000] {dag.py:3047} INFO - Sync 1 DAGs
[2024-03-06T22:32:24.983+0000] {logging_mixin.py:188} INFO - [2024-03-06T22:32:24.982+0000] {dag.py:3834} INFO - Setting next_dagrun for example_setup_teardown to 2024-03-05 00:00:00+00:00, run_after=2024-03-06 00:00:00+00:00
[2024-03-06T22:32:25.010+0000] {processor.py:183} INFO - Processing /home/airflow/.local/lib/python3.8/site-packages/airflow/example_dags/example_setup_teardown.py took 0.104 seconds
[2024-03-06T22:32:55.558+0000] {processor.py:161} INFO - Started process (PID=1699) to work on /home/airflow/.local/lib/python3.8/site-packages/airflow/example_dags/example_setup_teardown.py
[2024-03-06T22:32:55.560+0000] {processor.py:830} INFO - Processing file /home/airflow/.local/lib/python3.8/site-packages/airflow/example_dags/example_setup_teardown.py for tasks to queue
[2024-03-06T22:32:55.564+0000] {logging_mixin.py:188} INFO - [2024-03-06T22:32:55.563+0000] {dagbag.py:540} INFO - Filling up the DagBag from /home/airflow/.local/lib/python3.8/site-packages/airflow/example_dags/example_setup_teardown.py
[2024-03-06T22:32:55.586+0000] {processor.py:840} INFO - DAG(s) 'example_setup_teardown' retrieved from /home/airflow/.local/lib/python3.8/site-packages/airflow/example_dags/example_setup_teardown.py
[2024-03-06T22:32:55.706+0000] {logging_mixin.py:188} INFO - [2024-03-06T22:32:55.705+0000] {dag.py:3047} INFO - Sync 1 DAGs
[2024-03-06T22:32:55.740+0000] {logging_mixin.py:188} INFO - [2024-03-06T22:32:55.739+0000] {dag.py:3834} INFO - Setting next_dagrun for example_setup_teardown to 2024-03-05 00:00:00+00:00, run_after=2024-03-06 00:00:00+00:00
[2024-03-06T22:32:55.769+0000] {processor.py:183} INFO - Processing /home/airflow/.local/lib/python3.8/site-packages/airflow/example_dags/example_setup_teardown.py took 0.215 seconds
[2024-03-06T22:33:26.077+0000] {processor.py:161} INFO - Started process (PID=1754) to work on /home/airflow/.local/lib/python3.8/site-packages/airflow/example_dags/example_setup_teardown.py
[2024-03-06T22:33:26.079+0000] {processor.py:830} INFO - Processing file /home/airflow/.local/lib/python3.8/site-packages/airflow/example_dags/example_setup_teardown.py for tasks to queue
[2024-03-06T22:33:26.083+0000] {logging_mixin.py:188} INFO - [2024-03-06T22:33:26.083+0000] {dagbag.py:540} INFO - Filling up the DagBag from /home/airflow/.local/lib/python3.8/site-packages/airflow/example_dags/example_setup_teardown.py
[2024-03-06T22:33:26.092+0000] {processor.py:840} INFO - DAG(s) 'example_setup_teardown' retrieved from /home/airflow/.local/lib/python3.8/site-packages/airflow/example_dags/example_setup_teardown.py
[2024-03-06T22:33:26.123+0000] {logging_mixin.py:188} INFO - [2024-03-06T22:33:26.122+0000] {dag.py:3047} INFO - Sync 1 DAGs
[2024-03-06T22:33:26.155+0000] {logging_mixin.py:188} INFO - [2024-03-06T22:33:26.154+0000] {dag.py:3834} INFO - Setting next_dagrun for example_setup_teardown to 2024-03-05 00:00:00+00:00, run_after=2024-03-06 00:00:00+00:00
[2024-03-06T22:33:26.181+0000] {processor.py:183} INFO - Processing /home/airflow/.local/lib/python3.8/site-packages/airflow/example_dags/example_setup_teardown.py took 0.109 seconds
[2024-03-06T22:33:56.381+0000] {processor.py:161} INFO - Started process (PID=1809) to work on /home/airflow/.local/lib/python3.8/site-packages/airflow/example_dags/example_setup_teardown.py
[2024-03-06T22:33:56.383+0000] {processor.py:830} INFO - Processing file /home/airflow/.local/lib/python3.8/site-packages/airflow/example_dags/example_setup_teardown.py for tasks to queue
[2024-03-06T22:33:56.386+0000] {logging_mixin.py:188} INFO - [2024-03-06T22:33:56.385+0000] {dagbag.py:540} INFO - Filling up the DagBag from /home/airflow/.local/lib/python3.8/site-packages/airflow/example_dags/example_setup_teardown.py
[2024-03-06T22:33:56.395+0000] {processor.py:840} INFO - DAG(s) 'example_setup_teardown' retrieved from /home/airflow/.local/lib/python3.8/site-packages/airflow/example_dags/example_setup_teardown.py
[2024-03-06T22:33:56.426+0000] {logging_mixin.py:188} INFO - [2024-03-06T22:33:56.426+0000] {dag.py:3047} INFO - Sync 1 DAGs
[2024-03-06T22:33:56.464+0000] {logging_mixin.py:188} INFO - [2024-03-06T22:33:56.463+0000] {dag.py:3834} INFO - Setting next_dagrun for example_setup_teardown to 2024-03-05 00:00:00+00:00, run_after=2024-03-06 00:00:00+00:00
[2024-03-06T22:33:56.540+0000] {processor.py:183} INFO - Processing /home/airflow/.local/lib/python3.8/site-packages/airflow/example_dags/example_setup_teardown.py took 0.164 seconds
[2024-03-06T22:34:27.641+0000] {processor.py:161} INFO - Started process (PID=1864) to work on /home/airflow/.local/lib/python3.8/site-packages/airflow/example_dags/example_setup_teardown.py
[2024-03-06T22:34:27.645+0000] {processor.py:830} INFO - Processing file /home/airflow/.local/lib/python3.8/site-packages/airflow/example_dags/example_setup_teardown.py for tasks to queue
[2024-03-06T22:34:27.649+0000] {logging_mixin.py:188} INFO - [2024-03-06T22:34:27.648+0000] {dagbag.py:540} INFO - Filling up the DagBag from /home/airflow/.local/lib/python3.8/site-packages/airflow/example_dags/example_setup_teardown.py
[2024-03-06T22:34:27.661+0000] {processor.py:840} INFO - DAG(s) 'example_setup_teardown' retrieved from /home/airflow/.local/lib/python3.8/site-packages/airflow/example_dags/example_setup_teardown.py
[2024-03-06T22:34:27.702+0000] {logging_mixin.py:188} INFO - [2024-03-06T22:34:27.702+0000] {dag.py:3047} INFO - Sync 1 DAGs
[2024-03-06T22:34:27.747+0000] {logging_mixin.py:188} INFO - [2024-03-06T22:34:27.746+0000] {dag.py:3834} INFO - Setting next_dagrun for example_setup_teardown to 2024-03-05 00:00:00+00:00, run_after=2024-03-06 00:00:00+00:00
[2024-03-06T22:34:27.774+0000] {processor.py:183} INFO - Processing /home/airflow/.local/lib/python3.8/site-packages/airflow/example_dags/example_setup_teardown.py took 0.140 seconds
[2024-03-06T22:34:57.926+0000] {processor.py:161} INFO - Started process (PID=1919) to work on /home/airflow/.local/lib/python3.8/site-packages/airflow/example_dags/example_setup_teardown.py
[2024-03-06T22:34:57.930+0000] {processor.py:830} INFO - Processing file /home/airflow/.local/lib/python3.8/site-packages/airflow/example_dags/example_setup_teardown.py for tasks to queue
[2024-03-06T22:34:57.935+0000] {logging_mixin.py:188} INFO - [2024-03-06T22:34:57.935+0000] {dagbag.py:540} INFO - Filling up the DagBag from /home/airflow/.local/lib/python3.8/site-packages/airflow/example_dags/example_setup_teardown.py
[2024-03-06T22:34:57.949+0000] {processor.py:840} INFO - DAG(s) 'example_setup_teardown' retrieved from /home/airflow/.local/lib/python3.8/site-packages/airflow/example_dags/example_setup_teardown.py
[2024-03-06T22:34:57.997+0000] {logging_mixin.py:188} INFO - [2024-03-06T22:34:57.997+0000] {dag.py:3047} INFO - Sync 1 DAGs
[2024-03-06T22:34:58.046+0000] {logging_mixin.py:188} INFO - [2024-03-06T22:34:58.046+0000] {dag.py:3834} INFO - Setting next_dagrun for example_setup_teardown to 2024-03-05 00:00:00+00:00, run_after=2024-03-06 00:00:00+00:00
[2024-03-06T22:34:58.082+0000] {processor.py:183} INFO - Processing /home/airflow/.local/lib/python3.8/site-packages/airflow/example_dags/example_setup_teardown.py took 0.162 seconds
[2024-03-06T22:35:28.190+0000] {processor.py:161} INFO - Started process (PID=1974) to work on /home/airflow/.local/lib/python3.8/site-packages/airflow/example_dags/example_setup_teardown.py
[2024-03-06T22:35:28.193+0000] {processor.py:830} INFO - Processing file /home/airflow/.local/lib/python3.8/site-packages/airflow/example_dags/example_setup_teardown.py for tasks to queue
[2024-03-06T22:35:28.195+0000] {logging_mixin.py:188} INFO - [2024-03-06T22:35:28.195+0000] {dagbag.py:540} INFO - Filling up the DagBag from /home/airflow/.local/lib/python3.8/site-packages/airflow/example_dags/example_setup_teardown.py
[2024-03-06T22:35:28.206+0000] {processor.py:840} INFO - DAG(s) 'example_setup_teardown' retrieved from /home/airflow/.local/lib/python3.8/site-packages/airflow/example_dags/example_setup_teardown.py
[2024-03-06T22:35:28.237+0000] {logging_mixin.py:188} INFO - [2024-03-06T22:35:28.237+0000] {dag.py:3047} INFO - Sync 1 DAGs
[2024-03-06T22:35:28.267+0000] {logging_mixin.py:188} INFO - [2024-03-06T22:35:28.267+0000] {dag.py:3834} INFO - Setting next_dagrun for example_setup_teardown to 2024-03-05 00:00:00+00:00, run_after=2024-03-06 00:00:00+00:00
[2024-03-06T22:35:28.295+0000] {processor.py:183} INFO - Processing /home/airflow/.local/lib/python3.8/site-packages/airflow/example_dags/example_setup_teardown.py took 0.110 seconds
[2024-03-06T22:35:58.575+0000] {processor.py:161} INFO - Started process (PID=2029) to work on /home/airflow/.local/lib/python3.8/site-packages/airflow/example_dags/example_setup_teardown.py
[2024-03-06T22:35:58.576+0000] {processor.py:830} INFO - Processing file /home/airflow/.local/lib/python3.8/site-packages/airflow/example_dags/example_setup_teardown.py for tasks to queue
[2024-03-06T22:35:58.580+0000] {logging_mixin.py:188} INFO - [2024-03-06T22:35:58.579+0000] {dagbag.py:540} INFO - Filling up the DagBag from /home/airflow/.local/lib/python3.8/site-packages/airflow/example_dags/example_setup_teardown.py
[2024-03-06T22:35:58.588+0000] {processor.py:840} INFO - DAG(s) 'example_setup_teardown' retrieved from /home/airflow/.local/lib/python3.8/site-packages/airflow/example_dags/example_setup_teardown.py
[2024-03-06T22:35:58.614+0000] {logging_mixin.py:188} INFO - [2024-03-06T22:35:58.614+0000] {dag.py:3047} INFO - Sync 1 DAGs
[2024-03-06T22:35:58.641+0000] {logging_mixin.py:188} INFO - [2024-03-06T22:35:58.641+0000] {dag.py:3834} INFO - Setting next_dagrun for example_setup_teardown to 2024-03-05 00:00:00+00:00, run_after=2024-03-06 00:00:00+00:00
[2024-03-06T22:35:58.667+0000] {processor.py:183} INFO - Processing /home/airflow/.local/lib/python3.8/site-packages/airflow/example_dags/example_setup_teardown.py took 0.097 seconds
[2024-03-06T22:36:29.004+0000] {processor.py:161} INFO - Started process (PID=2084) to work on /home/airflow/.local/lib/python3.8/site-packages/airflow/example_dags/example_setup_teardown.py
[2024-03-06T22:36:29.006+0000] {processor.py:830} INFO - Processing file /home/airflow/.local/lib/python3.8/site-packages/airflow/example_dags/example_setup_teardown.py for tasks to queue
[2024-03-06T22:36:29.009+0000] {logging_mixin.py:188} INFO - [2024-03-06T22:36:29.008+0000] {dagbag.py:540} INFO - Filling up the DagBag from /home/airflow/.local/lib/python3.8/site-packages/airflow/example_dags/example_setup_teardown.py
[2024-03-06T22:36:29.017+0000] {processor.py:840} INFO - DAG(s) 'example_setup_teardown' retrieved from /home/airflow/.local/lib/python3.8/site-packages/airflow/example_dags/example_setup_teardown.py
[2024-03-06T22:36:29.046+0000] {logging_mixin.py:188} INFO - [2024-03-06T22:36:29.046+0000] {dag.py:3047} INFO - Sync 1 DAGs
[2024-03-06T22:36:29.075+0000] {logging_mixin.py:188} INFO - [2024-03-06T22:36:29.075+0000] {dag.py:3834} INFO - Setting next_dagrun for example_setup_teardown to 2024-03-05 00:00:00+00:00, run_after=2024-03-06 00:00:00+00:00
[2024-03-06T22:36:29.099+0000] {processor.py:183} INFO - Processing /home/airflow/.local/lib/python3.8/site-packages/airflow/example_dags/example_setup_teardown.py took 0.099 seconds
[2024-03-06T22:36:59.269+0000] {processor.py:161} INFO - Started process (PID=2139) to work on /home/airflow/.local/lib/python3.8/site-packages/airflow/example_dags/example_setup_teardown.py
[2024-03-06T22:36:59.270+0000] {processor.py:830} INFO - Processing file /home/airflow/.local/lib/python3.8/site-packages/airflow/example_dags/example_setup_teardown.py for tasks to queue
[2024-03-06T22:36:59.274+0000] {logging_mixin.py:188} INFO - [2024-03-06T22:36:59.274+0000] {dagbag.py:540} INFO - Filling up the DagBag from /home/airflow/.local/lib/python3.8/site-packages/airflow/example_dags/example_setup_teardown.py
[2024-03-06T22:36:59.284+0000] {processor.py:840} INFO - DAG(s) 'example_setup_teardown' retrieved from /home/airflow/.local/lib/python3.8/site-packages/airflow/example_dags/example_setup_teardown.py
[2024-03-06T22:36:59.316+0000] {logging_mixin.py:188} INFO - [2024-03-06T22:36:59.316+0000] {dag.py:3047} INFO - Sync 1 DAGs
[2024-03-06T22:36:59.350+0000] {logging_mixin.py:188} INFO - [2024-03-06T22:36:59.349+0000] {dag.py:3834} INFO - Setting next_dagrun for example_setup_teardown to 2024-03-05 00:00:00+00:00, run_after=2024-03-06 00:00:00+00:00
[2024-03-06T22:36:59.377+0000] {processor.py:183} INFO - Processing /home/airflow/.local/lib/python3.8/site-packages/airflow/example_dags/example_setup_teardown.py took 0.113 seconds
[2024-03-06T22:37:29.525+0000] {processor.py:161} INFO - Started process (PID=2194) to work on /home/airflow/.local/lib/python3.8/site-packages/airflow/example_dags/example_setup_teardown.py
[2024-03-06T22:37:29.527+0000] {processor.py:830} INFO - Processing file /home/airflow/.local/lib/python3.8/site-packages/airflow/example_dags/example_setup_teardown.py for tasks to queue
[2024-03-06T22:37:29.530+0000] {logging_mixin.py:188} INFO - [2024-03-06T22:37:29.530+0000] {dagbag.py:540} INFO - Filling up the DagBag from /home/airflow/.local/lib/python3.8/site-packages/airflow/example_dags/example_setup_teardown.py
[2024-03-06T22:37:29.543+0000] {processor.py:840} INFO - DAG(s) 'example_setup_teardown' retrieved from /home/airflow/.local/lib/python3.8/site-packages/airflow/example_dags/example_setup_teardown.py
[2024-03-06T22:37:29.571+0000] {logging_mixin.py:188} INFO - [2024-03-06T22:37:29.571+0000] {dag.py:3047} INFO - Sync 1 DAGs
[2024-03-06T22:37:29.601+0000] {logging_mixin.py:188} INFO - [2024-03-06T22:37:29.601+0000] {dag.py:3834} INFO - Setting next_dagrun for example_setup_teardown to 2024-03-05 00:00:00+00:00, run_after=2024-03-06 00:00:00+00:00
[2024-03-06T22:37:29.625+0000] {processor.py:183} INFO - Processing /home/airflow/.local/lib/python3.8/site-packages/airflow/example_dags/example_setup_teardown.py took 0.105 seconds
[2024-03-06T22:37:59.752+0000] {processor.py:161} INFO - Started process (PID=2249) to work on /home/airflow/.local/lib/python3.8/site-packages/airflow/example_dags/example_setup_teardown.py
[2024-03-06T22:37:59.753+0000] {processor.py:830} INFO - Processing file /home/airflow/.local/lib/python3.8/site-packages/airflow/example_dags/example_setup_teardown.py for tasks to queue
[2024-03-06T22:37:59.756+0000] {logging_mixin.py:188} INFO - [2024-03-06T22:37:59.756+0000] {dagbag.py:540} INFO - Filling up the DagBag from /home/airflow/.local/lib/python3.8/site-packages/airflow/example_dags/example_setup_teardown.py
[2024-03-06T22:37:59.767+0000] {processor.py:840} INFO - DAG(s) 'example_setup_teardown' retrieved from /home/airflow/.local/lib/python3.8/site-packages/airflow/example_dags/example_setup_teardown.py
[2024-03-06T22:37:59.798+0000] {logging_mixin.py:188} INFO - [2024-03-06T22:37:59.798+0000] {dag.py:3047} INFO - Sync 1 DAGs
[2024-03-06T22:37:59.832+0000] {logging_mixin.py:188} INFO - [2024-03-06T22:37:59.832+0000] {dag.py:3834} INFO - Setting next_dagrun for example_setup_teardown to 2024-03-05 00:00:00+00:00, run_after=2024-03-06 00:00:00+00:00
[2024-03-06T22:37:59.858+0000] {processor.py:183} INFO - Processing /home/airflow/.local/lib/python3.8/site-packages/airflow/example_dags/example_setup_teardown.py took 0.111 seconds
[2024-03-06T22:38:30.016+0000] {processor.py:161} INFO - Started process (PID=2304) to work on /home/airflow/.local/lib/python3.8/site-packages/airflow/example_dags/example_setup_teardown.py
[2024-03-06T22:38:30.017+0000] {processor.py:830} INFO - Processing file /home/airflow/.local/lib/python3.8/site-packages/airflow/example_dags/example_setup_teardown.py for tasks to queue
[2024-03-06T22:38:30.020+0000] {logging_mixin.py:188} INFO - [2024-03-06T22:38:30.020+0000] {dagbag.py:540} INFO - Filling up the DagBag from /home/airflow/.local/lib/python3.8/site-packages/airflow/example_dags/example_setup_teardown.py
[2024-03-06T22:38:30.029+0000] {processor.py:840} INFO - DAG(s) 'example_setup_teardown' retrieved from /home/airflow/.local/lib/python3.8/site-packages/airflow/example_dags/example_setup_teardown.py
[2024-03-06T22:38:30.054+0000] {logging_mixin.py:188} INFO - [2024-03-06T22:38:30.054+0000] {dag.py:3047} INFO - Sync 1 DAGs
[2024-03-06T22:38:30.083+0000] {logging_mixin.py:188} INFO - [2024-03-06T22:38:30.082+0000] {dag.py:3834} INFO - Setting next_dagrun for example_setup_teardown to 2024-03-05 00:00:00+00:00, run_after=2024-03-06 00:00:00+00:00
[2024-03-06T22:38:30.107+0000] {processor.py:183} INFO - Processing /home/airflow/.local/lib/python3.8/site-packages/airflow/example_dags/example_setup_teardown.py took 0.096 seconds
[2024-03-06T22:39:00.405+0000] {processor.py:161} INFO - Started process (PID=2358) to work on /home/airflow/.local/lib/python3.8/site-packages/airflow/example_dags/example_setup_teardown.py
[2024-03-06T22:39:00.407+0000] {processor.py:830} INFO - Processing file /home/airflow/.local/lib/python3.8/site-packages/airflow/example_dags/example_setup_teardown.py for tasks to queue
[2024-03-06T22:39:00.410+0000] {logging_mixin.py:188} INFO - [2024-03-06T22:39:00.409+0000] {dagbag.py:540} INFO - Filling up the DagBag from /home/airflow/.local/lib/python3.8/site-packages/airflow/example_dags/example_setup_teardown.py
[2024-03-06T22:39:00.423+0000] {processor.py:840} INFO - DAG(s) 'example_setup_teardown' retrieved from /home/airflow/.local/lib/python3.8/site-packages/airflow/example_dags/example_setup_teardown.py
[2024-03-06T22:39:00.454+0000] {logging_mixin.py:188} INFO - [2024-03-06T22:39:00.454+0000] {dag.py:3047} INFO - Sync 1 DAGs
[2024-03-06T22:39:00.489+0000] {logging_mixin.py:188} INFO - [2024-03-06T22:39:00.489+0000] {dag.py:3834} INFO - Setting next_dagrun for example_setup_teardown to 2024-03-05 00:00:00+00:00, run_after=2024-03-06 00:00:00+00:00
[2024-03-06T22:39:00.516+0000] {processor.py:183} INFO - Processing /home/airflow/.local/lib/python3.8/site-packages/airflow/example_dags/example_setup_teardown.py took 0.116 seconds
[2024-03-06T22:39:31.307+0000] {processor.py:161} INFO - Started process (PID=2412) to work on /home/airflow/.local/lib/python3.8/site-packages/airflow/example_dags/example_setup_teardown.py
[2024-03-06T22:39:31.309+0000] {processor.py:830} INFO - Processing file /home/airflow/.local/lib/python3.8/site-packages/airflow/example_dags/example_setup_teardown.py for tasks to queue
[2024-03-06T22:39:31.318+0000] {logging_mixin.py:188} INFO - [2024-03-06T22:39:31.317+0000] {dagbag.py:540} INFO - Filling up the DagBag from /home/airflow/.local/lib/python3.8/site-packages/airflow/example_dags/example_setup_teardown.py
[2024-03-06T22:39:31.338+0000] {processor.py:840} INFO - DAG(s) 'example_setup_teardown' retrieved from /home/airflow/.local/lib/python3.8/site-packages/airflow/example_dags/example_setup_teardown.py
[2024-03-06T22:39:31.379+0000] {logging_mixin.py:188} INFO - [2024-03-06T22:39:31.379+0000] {dag.py:3047} INFO - Sync 1 DAGs
[2024-03-06T22:39:31.417+0000] {logging_mixin.py:188} INFO - [2024-03-06T22:39:31.416+0000] {dag.py:3834} INFO - Setting next_dagrun for example_setup_teardown to 2024-03-05 00:00:00+00:00, run_after=2024-03-06 00:00:00+00:00
[2024-03-06T22:39:31.443+0000] {processor.py:183} INFO - Processing /home/airflow/.local/lib/python3.8/site-packages/airflow/example_dags/example_setup_teardown.py took 0.141 seconds
[2024-03-06T22:40:02.203+0000] {processor.py:161} INFO - Started process (PID=2473) to work on /home/airflow/.local/lib/python3.8/site-packages/airflow/example_dags/example_setup_teardown.py
[2024-03-06T22:40:02.205+0000] {processor.py:830} INFO - Processing file /home/airflow/.local/lib/python3.8/site-packages/airflow/example_dags/example_setup_teardown.py for tasks to queue
[2024-03-06T22:40:02.209+0000] {logging_mixin.py:188} INFO - [2024-03-06T22:40:02.208+0000] {dagbag.py:540} INFO - Filling up the DagBag from /home/airflow/.local/lib/python3.8/site-packages/airflow/example_dags/example_setup_teardown.py
[2024-03-06T22:40:02.220+0000] {processor.py:840} INFO - DAG(s) 'example_setup_teardown' retrieved from /home/airflow/.local/lib/python3.8/site-packages/airflow/example_dags/example_setup_teardown.py
[2024-03-06T22:40:02.256+0000] {logging_mixin.py:188} INFO - [2024-03-06T22:40:02.256+0000] {dag.py:3047} INFO - Sync 1 DAGs
[2024-03-06T22:40:02.290+0000] {logging_mixin.py:188} INFO - [2024-03-06T22:40:02.290+0000] {dag.py:3834} INFO - Setting next_dagrun for example_setup_teardown to 2024-03-05 00:00:00+00:00, run_after=2024-03-06 00:00:00+00:00
[2024-03-06T22:40:02.336+0000] {processor.py:183} INFO - Processing /home/airflow/.local/lib/python3.8/site-packages/airflow/example_dags/example_setup_teardown.py took 0.138 seconds
[2024-03-06T22:40:32.761+0000] {processor.py:161} INFO - Started process (PID=2528) to work on /home/airflow/.local/lib/python3.8/site-packages/airflow/example_dags/example_setup_teardown.py
[2024-03-06T22:40:32.763+0000] {processor.py:830} INFO - Processing file /home/airflow/.local/lib/python3.8/site-packages/airflow/example_dags/example_setup_teardown.py for tasks to queue
[2024-03-06T22:40:32.766+0000] {logging_mixin.py:188} INFO - [2024-03-06T22:40:32.766+0000] {dagbag.py:540} INFO - Filling up the DagBag from /home/airflow/.local/lib/python3.8/site-packages/airflow/example_dags/example_setup_teardown.py
[2024-03-06T22:40:32.775+0000] {processor.py:840} INFO - DAG(s) 'example_setup_teardown' retrieved from /home/airflow/.local/lib/python3.8/site-packages/airflow/example_dags/example_setup_teardown.py
[2024-03-06T22:40:32.802+0000] {logging_mixin.py:188} INFO - [2024-03-06T22:40:32.802+0000] {dag.py:3047} INFO - Sync 1 DAGs
[2024-03-06T22:40:32.831+0000] {logging_mixin.py:188} INFO - [2024-03-06T22:40:32.831+0000] {dag.py:3834} INFO - Setting next_dagrun for example_setup_teardown to 2024-03-05 00:00:00+00:00, run_after=2024-03-06 00:00:00+00:00
[2024-03-06T22:40:32.862+0000] {processor.py:183} INFO - Processing /home/airflow/.local/lib/python3.8/site-packages/airflow/example_dags/example_setup_teardown.py took 0.105 seconds
[2024-03-06T22:41:03.299+0000] {processor.py:161} INFO - Started process (PID=2583) to work on /home/airflow/.local/lib/python3.8/site-packages/airflow/example_dags/example_setup_teardown.py
[2024-03-06T22:41:03.300+0000] {processor.py:830} INFO - Processing file /home/airflow/.local/lib/python3.8/site-packages/airflow/example_dags/example_setup_teardown.py for tasks to queue
[2024-03-06T22:41:03.306+0000] {logging_mixin.py:188} INFO - [2024-03-06T22:41:03.303+0000] {dagbag.py:540} INFO - Filling up the DagBag from /home/airflow/.local/lib/python3.8/site-packages/airflow/example_dags/example_setup_teardown.py
[2024-03-06T22:41:03.323+0000] {processor.py:840} INFO - DAG(s) 'example_setup_teardown' retrieved from /home/airflow/.local/lib/python3.8/site-packages/airflow/example_dags/example_setup_teardown.py
[2024-03-06T22:41:03.398+0000] {logging_mixin.py:188} INFO - [2024-03-06T22:41:03.398+0000] {dag.py:3047} INFO - Sync 1 DAGs
[2024-03-06T22:41:03.426+0000] {logging_mixin.py:188} INFO - [2024-03-06T22:41:03.426+0000] {dag.py:3834} INFO - Setting next_dagrun for example_setup_teardown to 2024-03-05 00:00:00+00:00, run_after=2024-03-06 00:00:00+00:00
[2024-03-06T22:41:03.452+0000] {processor.py:183} INFO - Processing /home/airflow/.local/lib/python3.8/site-packages/airflow/example_dags/example_setup_teardown.py took 0.168 seconds
[2024-03-06T22:41:33.696+0000] {processor.py:161} INFO - Started process (PID=2638) to work on /home/airflow/.local/lib/python3.8/site-packages/airflow/example_dags/example_setup_teardown.py
[2024-03-06T22:41:33.697+0000] {processor.py:830} INFO - Processing file /home/airflow/.local/lib/python3.8/site-packages/airflow/example_dags/example_setup_teardown.py for tasks to queue
[2024-03-06T22:41:33.701+0000] {logging_mixin.py:188} INFO - [2024-03-06T22:41:33.700+0000] {dagbag.py:540} INFO - Filling up the DagBag from /home/airflow/.local/lib/python3.8/site-packages/airflow/example_dags/example_setup_teardown.py
[2024-03-06T22:41:33.717+0000] {processor.py:840} INFO - DAG(s) 'example_setup_teardown' retrieved from /home/airflow/.local/lib/python3.8/site-packages/airflow/example_dags/example_setup_teardown.py
[2024-03-06T22:41:33.747+0000] {logging_mixin.py:188} INFO - [2024-03-06T22:41:33.747+0000] {dag.py:3047} INFO - Sync 1 DAGs
[2024-03-06T22:41:33.778+0000] {logging_mixin.py:188} INFO - [2024-03-06T22:41:33.778+0000] {dag.py:3834} INFO - Setting next_dagrun for example_setup_teardown to 2024-03-05 00:00:00+00:00, run_after=2024-03-06 00:00:00+00:00
[2024-03-06T22:41:33.804+0000] {processor.py:183} INFO - Processing /home/airflow/.local/lib/python3.8/site-packages/airflow/example_dags/example_setup_teardown.py took 0.113 seconds
[2024-03-06T22:42:04.289+0000] {processor.py:161} INFO - Started process (PID=2693) to work on /home/airflow/.local/lib/python3.8/site-packages/airflow/example_dags/example_setup_teardown.py
[2024-03-06T22:42:04.295+0000] {processor.py:830} INFO - Processing file /home/airflow/.local/lib/python3.8/site-packages/airflow/example_dags/example_setup_teardown.py for tasks to queue
[2024-03-06T22:42:04.300+0000] {logging_mixin.py:188} INFO - [2024-03-06T22:42:04.299+0000] {dagbag.py:540} INFO - Filling up the DagBag from /home/airflow/.local/lib/python3.8/site-packages/airflow/example_dags/example_setup_teardown.py
[2024-03-06T22:42:04.334+0000] {processor.py:840} INFO - DAG(s) 'example_setup_teardown' retrieved from /home/airflow/.local/lib/python3.8/site-packages/airflow/example_dags/example_setup_teardown.py
[2024-03-06T22:42:04.468+0000] {logging_mixin.py:188} INFO - [2024-03-06T22:42:04.467+0000] {dag.py:3047} INFO - Sync 1 DAGs
[2024-03-06T22:42:04.546+0000] {logging_mixin.py:188} INFO - [2024-03-06T22:42:04.545+0000] {dag.py:3834} INFO - Setting next_dagrun for example_setup_teardown to 2024-03-05 00:00:00+00:00, run_after=2024-03-06 00:00:00+00:00
[2024-03-06T22:42:04.606+0000] {processor.py:183} INFO - Processing /home/airflow/.local/lib/python3.8/site-packages/airflow/example_dags/example_setup_teardown.py took 0.325 seconds
[2024-03-06T22:42:34.728+0000] {processor.py:161} INFO - Started process (PID=2747) to work on /home/airflow/.local/lib/python3.8/site-packages/airflow/example_dags/example_setup_teardown.py
[2024-03-06T22:42:34.729+0000] {processor.py:830} INFO - Processing file /home/airflow/.local/lib/python3.8/site-packages/airflow/example_dags/example_setup_teardown.py for tasks to queue
[2024-03-06T22:42:34.732+0000] {logging_mixin.py:188} INFO - [2024-03-06T22:42:34.731+0000] {dagbag.py:540} INFO - Filling up the DagBag from /home/airflow/.local/lib/python3.8/site-packages/airflow/example_dags/example_setup_teardown.py
[2024-03-06T22:42:34.740+0000] {processor.py:840} INFO - DAG(s) 'example_setup_teardown' retrieved from /home/airflow/.local/lib/python3.8/site-packages/airflow/example_dags/example_setup_teardown.py
[2024-03-06T22:42:34.767+0000] {logging_mixin.py:188} INFO - [2024-03-06T22:42:34.766+0000] {dag.py:3047} INFO - Sync 1 DAGs
[2024-03-06T22:42:34.794+0000] {logging_mixin.py:188} INFO - [2024-03-06T22:42:34.794+0000] {dag.py:3834} INFO - Setting next_dagrun for example_setup_teardown to 2024-03-05 00:00:00+00:00, run_after=2024-03-06 00:00:00+00:00
[2024-03-06T22:42:34.823+0000] {processor.py:183} INFO - Processing /home/airflow/.local/lib/python3.8/site-packages/airflow/example_dags/example_setup_teardown.py took 0.100 seconds
