[2024-03-06T22:17:33.725+0000] {processor.py:161} INFO - Started process (PID=38) to work on /home/airflow/.local/lib/python3.8/site-packages/airflow/example_dags/example_branch_labels.py
[2024-03-06T22:17:33.732+0000] {processor.py:830} INFO - Processing file /home/airflow/.local/lib/python3.8/site-packages/airflow/example_dags/example_branch_labels.py for tasks to queue
[2024-03-06T22:17:33.754+0000] {logging_mixin.py:188} INFO - [2024-03-06T22:17:33.748+0000] {dagbag.py:540} INFO - Filling up the DagBag from /home/airflow/.local/lib/python3.8/site-packages/airflow/example_dags/example_branch_labels.py
[2024-03-06T22:17:33.811+0000] {processor.py:840} INFO - DAG(s) 'example_branch_labels' retrieved from /home/airflow/.local/lib/python3.8/site-packages/airflow/example_dags/example_branch_labels.py
[2024-03-06T22:17:34.435+0000] {logging_mixin.py:188} INFO - [2024-03-06T22:17:34.428+0000] {dag.py:3047} INFO - Sync 1 DAGs
[2024-03-06T22:17:34.616+0000] {logging_mixin.py:188} INFO - [2024-03-06T22:17:34.615+0000] {dag.py:3834} INFO - Setting next_dagrun for example_branch_labels to 2024-03-05 00:00:00+00:00, run_after=2024-03-06 00:00:00+00:00
[2024-03-06T22:17:34.766+0000] {processor.py:183} INFO - Processing /home/airflow/.local/lib/python3.8/site-packages/airflow/example_dags/example_branch_labels.py took 1.082 seconds
[2024-03-06T22:18:05.037+0000] {processor.py:161} INFO - Started process (PID=93) to work on /home/airflow/.local/lib/python3.8/site-packages/airflow/example_dags/example_branch_labels.py
[2024-03-06T22:18:05.039+0000] {processor.py:830} INFO - Processing file /home/airflow/.local/lib/python3.8/site-packages/airflow/example_dags/example_branch_labels.py for tasks to queue
[2024-03-06T22:18:05.043+0000] {logging_mixin.py:188} INFO - [2024-03-06T22:18:05.042+0000] {dagbag.py:540} INFO - Filling up the DagBag from /home/airflow/.local/lib/python3.8/site-packages/airflow/example_dags/example_branch_labels.py
[2024-03-06T22:18:05.055+0000] {processor.py:840} INFO - DAG(s) 'example_branch_labels' retrieved from /home/airflow/.local/lib/python3.8/site-packages/airflow/example_dags/example_branch_labels.py
[2024-03-06T22:18:05.089+0000] {logging_mixin.py:188} INFO - [2024-03-06T22:18:05.089+0000] {dag.py:3047} INFO - Sync 1 DAGs
[2024-03-06T22:18:05.124+0000] {logging_mixin.py:188} INFO - [2024-03-06T22:18:05.123+0000] {dag.py:3834} INFO - Setting next_dagrun for example_branch_labels to 2024-03-05 00:00:00+00:00, run_after=2024-03-06 00:00:00+00:00
[2024-03-06T22:18:05.158+0000] {processor.py:183} INFO - Processing /home/airflow/.local/lib/python3.8/site-packages/airflow/example_dags/example_branch_labels.py took 0.126 seconds
[2024-03-06T22:18:35.194+0000] {processor.py:161} INFO - Started process (PID=148) to work on /home/airflow/.local/lib/python3.8/site-packages/airflow/example_dags/example_branch_labels.py
[2024-03-06T22:18:35.196+0000] {processor.py:830} INFO - Processing file /home/airflow/.local/lib/python3.8/site-packages/airflow/example_dags/example_branch_labels.py for tasks to queue
[2024-03-06T22:18:35.199+0000] {logging_mixin.py:188} INFO - [2024-03-06T22:18:35.198+0000] {dagbag.py:540} INFO - Filling up the DagBag from /home/airflow/.local/lib/python3.8/site-packages/airflow/example_dags/example_branch_labels.py
[2024-03-06T22:18:35.212+0000] {processor.py:840} INFO - DAG(s) 'example_branch_labels' retrieved from /home/airflow/.local/lib/python3.8/site-packages/airflow/example_dags/example_branch_labels.py
[2024-03-06T22:18:35.244+0000] {logging_mixin.py:188} INFO - [2024-03-06T22:18:35.244+0000] {dag.py:3047} INFO - Sync 1 DAGs
[2024-03-06T22:18:35.278+0000] {logging_mixin.py:188} INFO - [2024-03-06T22:18:35.278+0000] {dag.py:3834} INFO - Setting next_dagrun for example_branch_labels to 2024-03-05 00:00:00+00:00, run_after=2024-03-06 00:00:00+00:00
[2024-03-06T22:18:35.328+0000] {processor.py:183} INFO - Processing /home/airflow/.local/lib/python3.8/site-packages/airflow/example_dags/example_branch_labels.py took 0.139 seconds
[2024-03-06T22:19:05.871+0000] {processor.py:161} INFO - Started process (PID=203) to work on /home/airflow/.local/lib/python3.8/site-packages/airflow/example_dags/example_branch_labels.py
[2024-03-06T22:19:05.878+0000] {processor.py:830} INFO - Processing file /home/airflow/.local/lib/python3.8/site-packages/airflow/example_dags/example_branch_labels.py for tasks to queue
[2024-03-06T22:19:05.882+0000] {logging_mixin.py:188} INFO - [2024-03-06T22:19:05.881+0000] {dagbag.py:540} INFO - Filling up the DagBag from /home/airflow/.local/lib/python3.8/site-packages/airflow/example_dags/example_branch_labels.py
[2024-03-06T22:19:05.893+0000] {processor.py:840} INFO - DAG(s) 'example_branch_labels' retrieved from /home/airflow/.local/lib/python3.8/site-packages/airflow/example_dags/example_branch_labels.py
[2024-03-06T22:19:05.927+0000] {logging_mixin.py:188} INFO - [2024-03-06T22:19:05.927+0000] {dag.py:3047} INFO - Sync 1 DAGs
[2024-03-06T22:19:05.973+0000] {logging_mixin.py:188} INFO - [2024-03-06T22:19:05.972+0000] {dag.py:3834} INFO - Setting next_dagrun for example_branch_labels to 2024-03-05 00:00:00+00:00, run_after=2024-03-06 00:00:00+00:00
[2024-03-06T22:19:06.012+0000] {processor.py:183} INFO - Processing /home/airflow/.local/lib/python3.8/site-packages/airflow/example_dags/example_branch_labels.py took 0.149 seconds
[2024-03-06T22:19:36.120+0000] {processor.py:161} INFO - Started process (PID=258) to work on /home/airflow/.local/lib/python3.8/site-packages/airflow/example_dags/example_branch_labels.py
[2024-03-06T22:19:36.123+0000] {processor.py:830} INFO - Processing file /home/airflow/.local/lib/python3.8/site-packages/airflow/example_dags/example_branch_labels.py for tasks to queue
[2024-03-06T22:19:36.126+0000] {logging_mixin.py:188} INFO - [2024-03-06T22:19:36.126+0000] {dagbag.py:540} INFO - Filling up the DagBag from /home/airflow/.local/lib/python3.8/site-packages/airflow/example_dags/example_branch_labels.py
[2024-03-06T22:19:36.139+0000] {processor.py:840} INFO - DAG(s) 'example_branch_labels' retrieved from /home/airflow/.local/lib/python3.8/site-packages/airflow/example_dags/example_branch_labels.py
[2024-03-06T22:19:36.174+0000] {logging_mixin.py:188} INFO - [2024-03-06T22:19:36.174+0000] {dag.py:3047} INFO - Sync 1 DAGs
[2024-03-06T22:19:36.207+0000] {logging_mixin.py:188} INFO - [2024-03-06T22:19:36.207+0000] {dag.py:3834} INFO - Setting next_dagrun for example_branch_labels to 2024-03-05 00:00:00+00:00, run_after=2024-03-06 00:00:00+00:00
[2024-03-06T22:19:36.238+0000] {processor.py:183} INFO - Processing /home/airflow/.local/lib/python3.8/site-packages/airflow/example_dags/example_branch_labels.py took 0.123 seconds
[2024-03-06T22:20:07.186+0000] {processor.py:161} INFO - Started process (PID=313) to work on /home/airflow/.local/lib/python3.8/site-packages/airflow/example_dags/example_branch_labels.py
[2024-03-06T22:20:07.188+0000] {processor.py:830} INFO - Processing file /home/airflow/.local/lib/python3.8/site-packages/airflow/example_dags/example_branch_labels.py for tasks to queue
[2024-03-06T22:20:07.192+0000] {logging_mixin.py:188} INFO - [2024-03-06T22:20:07.191+0000] {dagbag.py:540} INFO - Filling up the DagBag from /home/airflow/.local/lib/python3.8/site-packages/airflow/example_dags/example_branch_labels.py
[2024-03-06T22:20:07.203+0000] {processor.py:840} INFO - DAG(s) 'example_branch_labels' retrieved from /home/airflow/.local/lib/python3.8/site-packages/airflow/example_dags/example_branch_labels.py
[2024-03-06T22:20:07.234+0000] {logging_mixin.py:188} INFO - [2024-03-06T22:20:07.234+0000] {dag.py:3047} INFO - Sync 1 DAGs
[2024-03-06T22:20:07.278+0000] {logging_mixin.py:188} INFO - [2024-03-06T22:20:07.277+0000] {dag.py:3834} INFO - Setting next_dagrun for example_branch_labels to 2024-03-05 00:00:00+00:00, run_after=2024-03-06 00:00:00+00:00
[2024-03-06T22:20:07.315+0000] {processor.py:183} INFO - Processing /home/airflow/.local/lib/python3.8/site-packages/airflow/example_dags/example_branch_labels.py took 0.134 seconds
[2024-03-06T22:20:37.452+0000] {processor.py:161} INFO - Started process (PID=368) to work on /home/airflow/.local/lib/python3.8/site-packages/airflow/example_dags/example_branch_labels.py
[2024-03-06T22:20:37.454+0000] {processor.py:830} INFO - Processing file /home/airflow/.local/lib/python3.8/site-packages/airflow/example_dags/example_branch_labels.py for tasks to queue
[2024-03-06T22:20:37.461+0000] {logging_mixin.py:188} INFO - [2024-03-06T22:20:37.461+0000] {dagbag.py:540} INFO - Filling up the DagBag from /home/airflow/.local/lib/python3.8/site-packages/airflow/example_dags/example_branch_labels.py
[2024-03-06T22:20:37.475+0000] {processor.py:840} INFO - DAG(s) 'example_branch_labels' retrieved from /home/airflow/.local/lib/python3.8/site-packages/airflow/example_dags/example_branch_labels.py
[2024-03-06T22:20:37.510+0000] {logging_mixin.py:188} INFO - [2024-03-06T22:20:37.510+0000] {dag.py:3047} INFO - Sync 1 DAGs
[2024-03-06T22:20:37.564+0000] {logging_mixin.py:188} INFO - [2024-03-06T22:20:37.564+0000] {dag.py:3834} INFO - Setting next_dagrun for example_branch_labels to 2024-03-05 00:00:00+00:00, run_after=2024-03-06 00:00:00+00:00
[2024-03-06T22:20:37.605+0000] {processor.py:183} INFO - Processing /home/airflow/.local/lib/python3.8/site-packages/airflow/example_dags/example_branch_labels.py took 0.158 seconds
[2024-03-06T22:21:07.687+0000] {processor.py:161} INFO - Started process (PID=423) to work on /home/airflow/.local/lib/python3.8/site-packages/airflow/example_dags/example_branch_labels.py
[2024-03-06T22:21:07.689+0000] {processor.py:830} INFO - Processing file /home/airflow/.local/lib/python3.8/site-packages/airflow/example_dags/example_branch_labels.py for tasks to queue
[2024-03-06T22:21:07.693+0000] {logging_mixin.py:188} INFO - [2024-03-06T22:21:07.692+0000] {dagbag.py:540} INFO - Filling up the DagBag from /home/airflow/.local/lib/python3.8/site-packages/airflow/example_dags/example_branch_labels.py
[2024-03-06T22:21:07.711+0000] {processor.py:840} INFO - DAG(s) 'example_branch_labels' retrieved from /home/airflow/.local/lib/python3.8/site-packages/airflow/example_dags/example_branch_labels.py
[2024-03-06T22:21:07.744+0000] {logging_mixin.py:188} INFO - [2024-03-06T22:21:07.743+0000] {dag.py:3047} INFO - Sync 1 DAGs
[2024-03-06T22:21:07.776+0000] {logging_mixin.py:188} INFO - [2024-03-06T22:21:07.776+0000] {dag.py:3834} INFO - Setting next_dagrun for example_branch_labels to 2024-03-05 00:00:00+00:00, run_after=2024-03-06 00:00:00+00:00
[2024-03-06T22:21:07.807+0000] {processor.py:183} INFO - Processing /home/airflow/.local/lib/python3.8/site-packages/airflow/example_dags/example_branch_labels.py took 0.127 seconds
[2024-03-06T22:21:38.111+0000] {processor.py:161} INFO - Started process (PID=478) to work on /home/airflow/.local/lib/python3.8/site-packages/airflow/example_dags/example_branch_labels.py
[2024-03-06T22:21:38.113+0000] {processor.py:830} INFO - Processing file /home/airflow/.local/lib/python3.8/site-packages/airflow/example_dags/example_branch_labels.py for tasks to queue
[2024-03-06T22:21:38.117+0000] {logging_mixin.py:188} INFO - [2024-03-06T22:21:38.116+0000] {dagbag.py:540} INFO - Filling up the DagBag from /home/airflow/.local/lib/python3.8/site-packages/airflow/example_dags/example_branch_labels.py
[2024-03-06T22:21:38.131+0000] {processor.py:840} INFO - DAG(s) 'example_branch_labels' retrieved from /home/airflow/.local/lib/python3.8/site-packages/airflow/example_dags/example_branch_labels.py
[2024-03-06T22:21:38.165+0000] {logging_mixin.py:188} INFO - [2024-03-06T22:21:38.165+0000] {dag.py:3047} INFO - Sync 1 DAGs
[2024-03-06T22:21:38.198+0000] {logging_mixin.py:188} INFO - [2024-03-06T22:21:38.198+0000] {dag.py:3834} INFO - Setting next_dagrun for example_branch_labels to 2024-03-05 00:00:00+00:00, run_after=2024-03-06 00:00:00+00:00
[2024-03-06T22:21:38.225+0000] {processor.py:183} INFO - Processing /home/airflow/.local/lib/python3.8/site-packages/airflow/example_dags/example_branch_labels.py took 0.119 seconds
[2024-03-06T22:22:09.208+0000] {processor.py:161} INFO - Started process (PID=532) to work on /home/airflow/.local/lib/python3.8/site-packages/airflow/example_dags/example_branch_labels.py
[2024-03-06T22:22:09.212+0000] {processor.py:830} INFO - Processing file /home/airflow/.local/lib/python3.8/site-packages/airflow/example_dags/example_branch_labels.py for tasks to queue
[2024-03-06T22:22:09.216+0000] {logging_mixin.py:188} INFO - [2024-03-06T22:22:09.216+0000] {dagbag.py:540} INFO - Filling up the DagBag from /home/airflow/.local/lib/python3.8/site-packages/airflow/example_dags/example_branch_labels.py
[2024-03-06T22:22:09.229+0000] {processor.py:840} INFO - DAG(s) 'example_branch_labels' retrieved from /home/airflow/.local/lib/python3.8/site-packages/airflow/example_dags/example_branch_labels.py
[2024-03-06T22:22:09.259+0000] {logging_mixin.py:188} INFO - [2024-03-06T22:22:09.259+0000] {dag.py:3047} INFO - Sync 1 DAGs
[2024-03-06T22:22:09.307+0000] {logging_mixin.py:188} INFO - [2024-03-06T22:22:09.307+0000] {dag.py:3834} INFO - Setting next_dagrun for example_branch_labels to 2024-03-05 00:00:00+00:00, run_after=2024-03-06 00:00:00+00:00
[2024-03-06T22:22:09.349+0000] {processor.py:183} INFO - Processing /home/airflow/.local/lib/python3.8/site-packages/airflow/example_dags/example_branch_labels.py took 0.149 seconds
[2024-03-06T22:22:39.384+0000] {processor.py:161} INFO - Started process (PID=587) to work on /home/airflow/.local/lib/python3.8/site-packages/airflow/example_dags/example_branch_labels.py
[2024-03-06T22:22:39.386+0000] {processor.py:830} INFO - Processing file /home/airflow/.local/lib/python3.8/site-packages/airflow/example_dags/example_branch_labels.py for tasks to queue
[2024-03-06T22:22:39.390+0000] {logging_mixin.py:188} INFO - [2024-03-06T22:22:39.389+0000] {dagbag.py:540} INFO - Filling up the DagBag from /home/airflow/.local/lib/python3.8/site-packages/airflow/example_dags/example_branch_labels.py
[2024-03-06T22:22:39.403+0000] {processor.py:840} INFO - DAG(s) 'example_branch_labels' retrieved from /home/airflow/.local/lib/python3.8/site-packages/airflow/example_dags/example_branch_labels.py
[2024-03-06T22:22:39.439+0000] {logging_mixin.py:188} INFO - [2024-03-06T22:22:39.439+0000] {dag.py:3047} INFO - Sync 1 DAGs
[2024-03-06T22:22:39.481+0000] {logging_mixin.py:188} INFO - [2024-03-06T22:22:39.480+0000] {dag.py:3834} INFO - Setting next_dagrun for example_branch_labels to 2024-03-05 00:00:00+00:00, run_after=2024-03-06 00:00:00+00:00
[2024-03-06T22:22:39.521+0000] {processor.py:183} INFO - Processing /home/airflow/.local/lib/python3.8/site-packages/airflow/example_dags/example_branch_labels.py took 0.143 seconds
[2024-03-06T22:23:10.035+0000] {processor.py:161} INFO - Started process (PID=642) to work on /home/airflow/.local/lib/python3.8/site-packages/airflow/example_dags/example_branch_labels.py
[2024-03-06T22:23:10.037+0000] {processor.py:830} INFO - Processing file /home/airflow/.local/lib/python3.8/site-packages/airflow/example_dags/example_branch_labels.py for tasks to queue
[2024-03-06T22:23:10.041+0000] {logging_mixin.py:188} INFO - [2024-03-06T22:23:10.040+0000] {dagbag.py:540} INFO - Filling up the DagBag from /home/airflow/.local/lib/python3.8/site-packages/airflow/example_dags/example_branch_labels.py
[2024-03-06T22:23:10.055+0000] {processor.py:840} INFO - DAG(s) 'example_branch_labels' retrieved from /home/airflow/.local/lib/python3.8/site-packages/airflow/example_dags/example_branch_labels.py
[2024-03-06T22:23:10.089+0000] {logging_mixin.py:188} INFO - [2024-03-06T22:23:10.088+0000] {dag.py:3047} INFO - Sync 1 DAGs
[2024-03-06T22:23:10.121+0000] {logging_mixin.py:188} INFO - [2024-03-06T22:23:10.121+0000] {dag.py:3834} INFO - Setting next_dagrun for example_branch_labels to 2024-03-05 00:00:00+00:00, run_after=2024-03-06 00:00:00+00:00
[2024-03-06T22:23:10.147+0000] {processor.py:183} INFO - Processing /home/airflow/.local/lib/python3.8/site-packages/airflow/example_dags/example_branch_labels.py took 0.118 seconds
[2024-03-06T22:23:40.453+0000] {processor.py:161} INFO - Started process (PID=696) to work on /home/airflow/.local/lib/python3.8/site-packages/airflow/example_dags/example_branch_labels.py
[2024-03-06T22:23:40.456+0000] {processor.py:830} INFO - Processing file /home/airflow/.local/lib/python3.8/site-packages/airflow/example_dags/example_branch_labels.py for tasks to queue
[2024-03-06T22:23:40.461+0000] {logging_mixin.py:188} INFO - [2024-03-06T22:23:40.461+0000] {dagbag.py:540} INFO - Filling up the DagBag from /home/airflow/.local/lib/python3.8/site-packages/airflow/example_dags/example_branch_labels.py
[2024-03-06T22:23:40.474+0000] {processor.py:840} INFO - DAG(s) 'example_branch_labels' retrieved from /home/airflow/.local/lib/python3.8/site-packages/airflow/example_dags/example_branch_labels.py
[2024-03-06T22:23:40.508+0000] {logging_mixin.py:188} INFO - [2024-03-06T22:23:40.508+0000] {dag.py:3047} INFO - Sync 1 DAGs
[2024-03-06T22:23:40.545+0000] {logging_mixin.py:188} INFO - [2024-03-06T22:23:40.545+0000] {dag.py:3834} INFO - Setting next_dagrun for example_branch_labels to 2024-03-05 00:00:00+00:00, run_after=2024-03-06 00:00:00+00:00
[2024-03-06T22:23:40.574+0000] {processor.py:183} INFO - Processing /home/airflow/.local/lib/python3.8/site-packages/airflow/example_dags/example_branch_labels.py took 0.126 seconds
[2024-03-06T22:24:10.715+0000] {processor.py:161} INFO - Started process (PID=751) to work on /home/airflow/.local/lib/python3.8/site-packages/airflow/example_dags/example_branch_labels.py
[2024-03-06T22:24:10.717+0000] {processor.py:830} INFO - Processing file /home/airflow/.local/lib/python3.8/site-packages/airflow/example_dags/example_branch_labels.py for tasks to queue
[2024-03-06T22:24:10.721+0000] {logging_mixin.py:188} INFO - [2024-03-06T22:24:10.720+0000] {dagbag.py:540} INFO - Filling up the DagBag from /home/airflow/.local/lib/python3.8/site-packages/airflow/example_dags/example_branch_labels.py
[2024-03-06T22:24:10.732+0000] {processor.py:840} INFO - DAG(s) 'example_branch_labels' retrieved from /home/airflow/.local/lib/python3.8/site-packages/airflow/example_dags/example_branch_labels.py
[2024-03-06T22:24:10.770+0000] {logging_mixin.py:188} INFO - [2024-03-06T22:24:10.770+0000] {dag.py:3047} INFO - Sync 1 DAGs
[2024-03-06T22:24:10.814+0000] {logging_mixin.py:188} INFO - [2024-03-06T22:24:10.814+0000] {dag.py:3834} INFO - Setting next_dagrun for example_branch_labels to 2024-03-05 00:00:00+00:00, run_after=2024-03-06 00:00:00+00:00
[2024-03-06T22:24:10.865+0000] {processor.py:183} INFO - Processing /home/airflow/.local/lib/python3.8/site-packages/airflow/example_dags/example_branch_labels.py took 0.155 seconds
[2024-03-06T22:24:41.314+0000] {processor.py:161} INFO - Started process (PID=806) to work on /home/airflow/.local/lib/python3.8/site-packages/airflow/example_dags/example_branch_labels.py
[2024-03-06T22:24:41.318+0000] {processor.py:830} INFO - Processing file /home/airflow/.local/lib/python3.8/site-packages/airflow/example_dags/example_branch_labels.py for tasks to queue
[2024-03-06T22:24:41.324+0000] {logging_mixin.py:188} INFO - [2024-03-06T22:24:41.323+0000] {dagbag.py:540} INFO - Filling up the DagBag from /home/airflow/.local/lib/python3.8/site-packages/airflow/example_dags/example_branch_labels.py
[2024-03-06T22:24:41.337+0000] {processor.py:840} INFO - DAG(s) 'example_branch_labels' retrieved from /home/airflow/.local/lib/python3.8/site-packages/airflow/example_dags/example_branch_labels.py
[2024-03-06T22:24:41.369+0000] {logging_mixin.py:188} INFO - [2024-03-06T22:24:41.369+0000] {dag.py:3047} INFO - Sync 1 DAGs
[2024-03-06T22:24:41.405+0000] {logging_mixin.py:188} INFO - [2024-03-06T22:24:41.405+0000] {dag.py:3834} INFO - Setting next_dagrun for example_branch_labels to 2024-03-05 00:00:00+00:00, run_after=2024-03-06 00:00:00+00:00
[2024-03-06T22:24:41.460+0000] {processor.py:183} INFO - Processing /home/airflow/.local/lib/python3.8/site-packages/airflow/example_dags/example_branch_labels.py took 0.153 seconds
[2024-03-06T22:25:11.677+0000] {processor.py:161} INFO - Started process (PID=861) to work on /home/airflow/.local/lib/python3.8/site-packages/airflow/example_dags/example_branch_labels.py
[2024-03-06T22:25:11.679+0000] {processor.py:830} INFO - Processing file /home/airflow/.local/lib/python3.8/site-packages/airflow/example_dags/example_branch_labels.py for tasks to queue
[2024-03-06T22:25:11.683+0000] {logging_mixin.py:188} INFO - [2024-03-06T22:25:11.683+0000] {dagbag.py:540} INFO - Filling up the DagBag from /home/airflow/.local/lib/python3.8/site-packages/airflow/example_dags/example_branch_labels.py
[2024-03-06T22:25:11.695+0000] {processor.py:840} INFO - DAG(s) 'example_branch_labels' retrieved from /home/airflow/.local/lib/python3.8/site-packages/airflow/example_dags/example_branch_labels.py
[2024-03-06T22:25:11.729+0000] {logging_mixin.py:188} INFO - [2024-03-06T22:25:11.727+0000] {dag.py:3047} INFO - Sync 1 DAGs
[2024-03-06T22:25:11.788+0000] {logging_mixin.py:188} INFO - [2024-03-06T22:25:11.788+0000] {dag.py:3834} INFO - Setting next_dagrun for example_branch_labels to 2024-03-05 00:00:00+00:00, run_after=2024-03-06 00:00:00+00:00
[2024-03-06T22:25:11.848+0000] {processor.py:183} INFO - Processing /home/airflow/.local/lib/python3.8/site-packages/airflow/example_dags/example_branch_labels.py took 0.176 seconds
[2024-03-06T22:25:42.276+0000] {processor.py:161} INFO - Started process (PID=915) to work on /home/airflow/.local/lib/python3.8/site-packages/airflow/example_dags/example_branch_labels.py
[2024-03-06T22:25:42.278+0000] {processor.py:830} INFO - Processing file /home/airflow/.local/lib/python3.8/site-packages/airflow/example_dags/example_branch_labels.py for tasks to queue
[2024-03-06T22:25:42.281+0000] {logging_mixin.py:188} INFO - [2024-03-06T22:25:42.281+0000] {dagbag.py:540} INFO - Filling up the DagBag from /home/airflow/.local/lib/python3.8/site-packages/airflow/example_dags/example_branch_labels.py
[2024-03-06T22:25:42.297+0000] {processor.py:840} INFO - DAG(s) 'example_branch_labels' retrieved from /home/airflow/.local/lib/python3.8/site-packages/airflow/example_dags/example_branch_labels.py
[2024-03-06T22:25:42.335+0000] {logging_mixin.py:188} INFO - [2024-03-06T22:25:42.335+0000] {dag.py:3047} INFO - Sync 1 DAGs
[2024-03-06T22:25:42.379+0000] {logging_mixin.py:188} INFO - [2024-03-06T22:25:42.378+0000] {dag.py:3834} INFO - Setting next_dagrun for example_branch_labels to 2024-03-05 00:00:00+00:00, run_after=2024-03-06 00:00:00+00:00
[2024-03-06T22:25:42.419+0000] {processor.py:183} INFO - Processing /home/airflow/.local/lib/python3.8/site-packages/airflow/example_dags/example_branch_labels.py took 0.148 seconds
[2024-03-06T22:26:12.557+0000] {processor.py:161} INFO - Started process (PID=970) to work on /home/airflow/.local/lib/python3.8/site-packages/airflow/example_dags/example_branch_labels.py
[2024-03-06T22:26:12.559+0000] {processor.py:830} INFO - Processing file /home/airflow/.local/lib/python3.8/site-packages/airflow/example_dags/example_branch_labels.py for tasks to queue
[2024-03-06T22:26:12.566+0000] {logging_mixin.py:188} INFO - [2024-03-06T22:26:12.565+0000] {dagbag.py:540} INFO - Filling up the DagBag from /home/airflow/.local/lib/python3.8/site-packages/airflow/example_dags/example_branch_labels.py
[2024-03-06T22:26:12.580+0000] {processor.py:840} INFO - DAG(s) 'example_branch_labels' retrieved from /home/airflow/.local/lib/python3.8/site-packages/airflow/example_dags/example_branch_labels.py
[2024-03-06T22:26:12.637+0000] {logging_mixin.py:188} INFO - [2024-03-06T22:26:12.637+0000] {dag.py:3047} INFO - Sync 1 DAGs
[2024-03-06T22:26:12.709+0000] {logging_mixin.py:188} INFO - [2024-03-06T22:26:12.709+0000] {dag.py:3834} INFO - Setting next_dagrun for example_branch_labels to 2024-03-05 00:00:00+00:00, run_after=2024-03-06 00:00:00+00:00
[2024-03-06T22:26:12.771+0000] {processor.py:183} INFO - Processing /home/airflow/.local/lib/python3.8/site-packages/airflow/example_dags/example_branch_labels.py took 0.220 seconds
[2024-03-06T22:26:42.859+0000] {processor.py:161} INFO - Started process (PID=1025) to work on /home/airflow/.local/lib/python3.8/site-packages/airflow/example_dags/example_branch_labels.py
[2024-03-06T22:26:42.861+0000] {processor.py:830} INFO - Processing file /home/airflow/.local/lib/python3.8/site-packages/airflow/example_dags/example_branch_labels.py for tasks to queue
[2024-03-06T22:26:42.865+0000] {logging_mixin.py:188} INFO - [2024-03-06T22:26:42.864+0000] {dagbag.py:540} INFO - Filling up the DagBag from /home/airflow/.local/lib/python3.8/site-packages/airflow/example_dags/example_branch_labels.py
[2024-03-06T22:26:42.876+0000] {processor.py:840} INFO - DAG(s) 'example_branch_labels' retrieved from /home/airflow/.local/lib/python3.8/site-packages/airflow/example_dags/example_branch_labels.py
[2024-03-06T22:26:42.911+0000] {logging_mixin.py:188} INFO - [2024-03-06T22:26:42.911+0000] {dag.py:3047} INFO - Sync 1 DAGs
[2024-03-06T22:26:42.946+0000] {logging_mixin.py:188} INFO - [2024-03-06T22:26:42.946+0000] {dag.py:3834} INFO - Setting next_dagrun for example_branch_labels to 2024-03-05 00:00:00+00:00, run_after=2024-03-06 00:00:00+00:00
[2024-03-06T22:26:42.972+0000] {processor.py:183} INFO - Processing /home/airflow/.local/lib/python3.8/site-packages/airflow/example_dags/example_branch_labels.py took 0.118 seconds
[2024-03-06T22:27:13.175+0000] {processor.py:161} INFO - Started process (PID=1080) to work on /home/airflow/.local/lib/python3.8/site-packages/airflow/example_dags/example_branch_labels.py
[2024-03-06T22:27:13.177+0000] {processor.py:830} INFO - Processing file /home/airflow/.local/lib/python3.8/site-packages/airflow/example_dags/example_branch_labels.py for tasks to queue
[2024-03-06T22:27:13.180+0000] {logging_mixin.py:188} INFO - [2024-03-06T22:27:13.180+0000] {dagbag.py:540} INFO - Filling up the DagBag from /home/airflow/.local/lib/python3.8/site-packages/airflow/example_dags/example_branch_labels.py
[2024-03-06T22:27:13.191+0000] {processor.py:840} INFO - DAG(s) 'example_branch_labels' retrieved from /home/airflow/.local/lib/python3.8/site-packages/airflow/example_dags/example_branch_labels.py
[2024-03-06T22:27:13.224+0000] {logging_mixin.py:188} INFO - [2024-03-06T22:27:13.223+0000] {dag.py:3047} INFO - Sync 1 DAGs
[2024-03-06T22:27:13.257+0000] {logging_mixin.py:188} INFO - [2024-03-06T22:27:13.256+0000] {dag.py:3834} INFO - Setting next_dagrun for example_branch_labels to 2024-03-05 00:00:00+00:00, run_after=2024-03-06 00:00:00+00:00
[2024-03-06T22:27:13.289+0000] {processor.py:183} INFO - Processing /home/airflow/.local/lib/python3.8/site-packages/airflow/example_dags/example_branch_labels.py took 0.118 seconds
[2024-03-06T22:27:44.184+0000] {processor.py:161} INFO - Started process (PID=1135) to work on /home/airflow/.local/lib/python3.8/site-packages/airflow/example_dags/example_branch_labels.py
[2024-03-06T22:27:44.187+0000] {processor.py:830} INFO - Processing file /home/airflow/.local/lib/python3.8/site-packages/airflow/example_dags/example_branch_labels.py for tasks to queue
[2024-03-06T22:27:44.193+0000] {logging_mixin.py:188} INFO - [2024-03-06T22:27:44.191+0000] {dagbag.py:540} INFO - Filling up the DagBag from /home/airflow/.local/lib/python3.8/site-packages/airflow/example_dags/example_branch_labels.py
[2024-03-06T22:27:44.211+0000] {processor.py:840} INFO - DAG(s) 'example_branch_labels' retrieved from /home/airflow/.local/lib/python3.8/site-packages/airflow/example_dags/example_branch_labels.py
[2024-03-06T22:27:44.270+0000] {logging_mixin.py:188} INFO - [2024-03-06T22:27:44.269+0000] {dag.py:3047} INFO - Sync 1 DAGs
[2024-03-06T22:27:44.319+0000] {logging_mixin.py:188} INFO - [2024-03-06T22:27:44.318+0000] {dag.py:3834} INFO - Setting next_dagrun for example_branch_labels to 2024-03-05 00:00:00+00:00, run_after=2024-03-06 00:00:00+00:00
[2024-03-06T22:27:44.354+0000] {processor.py:183} INFO - Processing /home/airflow/.local/lib/python3.8/site-packages/airflow/example_dags/example_branch_labels.py took 0.180 seconds
[2024-03-06T22:28:14.404+0000] {processor.py:161} INFO - Started process (PID=1190) to work on /home/airflow/.local/lib/python3.8/site-packages/airflow/example_dags/example_branch_labels.py
[2024-03-06T22:28:14.406+0000] {processor.py:830} INFO - Processing file /home/airflow/.local/lib/python3.8/site-packages/airflow/example_dags/example_branch_labels.py for tasks to queue
[2024-03-06T22:28:14.410+0000] {logging_mixin.py:188} INFO - [2024-03-06T22:28:14.409+0000] {dagbag.py:540} INFO - Filling up the DagBag from /home/airflow/.local/lib/python3.8/site-packages/airflow/example_dags/example_branch_labels.py
[2024-03-06T22:28:14.422+0000] {processor.py:840} INFO - DAG(s) 'example_branch_labels' retrieved from /home/airflow/.local/lib/python3.8/site-packages/airflow/example_dags/example_branch_labels.py
[2024-03-06T22:28:14.453+0000] {logging_mixin.py:188} INFO - [2024-03-06T22:28:14.453+0000] {dag.py:3047} INFO - Sync 1 DAGs
[2024-03-06T22:28:14.486+0000] {logging_mixin.py:188} INFO - [2024-03-06T22:28:14.485+0000] {dag.py:3834} INFO - Setting next_dagrun for example_branch_labels to 2024-03-05 00:00:00+00:00, run_after=2024-03-06 00:00:00+00:00
[2024-03-06T22:28:14.515+0000] {processor.py:183} INFO - Processing /home/airflow/.local/lib/python3.8/site-packages/airflow/example_dags/example_branch_labels.py took 0.117 seconds
[2024-03-06T22:28:44.614+0000] {processor.py:161} INFO - Started process (PID=1245) to work on /home/airflow/.local/lib/python3.8/site-packages/airflow/example_dags/example_branch_labels.py
[2024-03-06T22:28:44.616+0000] {processor.py:830} INFO - Processing file /home/airflow/.local/lib/python3.8/site-packages/airflow/example_dags/example_branch_labels.py for tasks to queue
[2024-03-06T22:28:44.620+0000] {logging_mixin.py:188} INFO - [2024-03-06T22:28:44.619+0000] {dagbag.py:540} INFO - Filling up the DagBag from /home/airflow/.local/lib/python3.8/site-packages/airflow/example_dags/example_branch_labels.py
[2024-03-06T22:28:44.632+0000] {processor.py:840} INFO - DAG(s) 'example_branch_labels' retrieved from /home/airflow/.local/lib/python3.8/site-packages/airflow/example_dags/example_branch_labels.py
[2024-03-06T22:28:44.707+0000] {logging_mixin.py:188} INFO - [2024-03-06T22:28:44.706+0000] {dag.py:3047} INFO - Sync 1 DAGs
[2024-03-06T22:28:44.752+0000] {logging_mixin.py:188} INFO - [2024-03-06T22:28:44.752+0000] {dag.py:3834} INFO - Setting next_dagrun for example_branch_labels to 2024-03-05 00:00:00+00:00, run_after=2024-03-06 00:00:00+00:00
[2024-03-06T22:28:44.781+0000] {processor.py:183} INFO - Processing /home/airflow/.local/lib/python3.8/site-packages/airflow/example_dags/example_branch_labels.py took 0.173 seconds
[2024-03-06T22:29:15.017+0000] {processor.py:161} INFO - Started process (PID=1300) to work on /home/airflow/.local/lib/python3.8/site-packages/airflow/example_dags/example_branch_labels.py
[2024-03-06T22:29:15.018+0000] {processor.py:830} INFO - Processing file /home/airflow/.local/lib/python3.8/site-packages/airflow/example_dags/example_branch_labels.py for tasks to queue
[2024-03-06T22:29:15.021+0000] {logging_mixin.py:188} INFO - [2024-03-06T22:29:15.021+0000] {dagbag.py:540} INFO - Filling up the DagBag from /home/airflow/.local/lib/python3.8/site-packages/airflow/example_dags/example_branch_labels.py
[2024-03-06T22:29:15.032+0000] {processor.py:840} INFO - DAG(s) 'example_branch_labels' retrieved from /home/airflow/.local/lib/python3.8/site-packages/airflow/example_dags/example_branch_labels.py
[2024-03-06T22:29:15.089+0000] {logging_mixin.py:188} INFO - [2024-03-06T22:29:15.088+0000] {dag.py:3047} INFO - Sync 1 DAGs
[2024-03-06T22:29:15.120+0000] {logging_mixin.py:188} INFO - [2024-03-06T22:29:15.119+0000] {dag.py:3834} INFO - Setting next_dagrun for example_branch_labels to 2024-03-05 00:00:00+00:00, run_after=2024-03-06 00:00:00+00:00
[2024-03-06T22:29:15.151+0000] {processor.py:183} INFO - Processing /home/airflow/.local/lib/python3.8/site-packages/airflow/example_dags/example_branch_labels.py took 0.139 seconds
[2024-03-06T22:29:45.201+0000] {processor.py:161} INFO - Started process (PID=1355) to work on /home/airflow/.local/lib/python3.8/site-packages/airflow/example_dags/example_branch_labels.py
[2024-03-06T22:29:45.203+0000] {processor.py:830} INFO - Processing file /home/airflow/.local/lib/python3.8/site-packages/airflow/example_dags/example_branch_labels.py for tasks to queue
[2024-03-06T22:29:45.207+0000] {logging_mixin.py:188} INFO - [2024-03-06T22:29:45.206+0000] {dagbag.py:540} INFO - Filling up the DagBag from /home/airflow/.local/lib/python3.8/site-packages/airflow/example_dags/example_branch_labels.py
[2024-03-06T22:29:45.220+0000] {processor.py:840} INFO - DAG(s) 'example_branch_labels' retrieved from /home/airflow/.local/lib/python3.8/site-packages/airflow/example_dags/example_branch_labels.py
[2024-03-06T22:29:45.251+0000] {logging_mixin.py:188} INFO - [2024-03-06T22:29:45.251+0000] {dag.py:3047} INFO - Sync 1 DAGs
[2024-03-06T22:29:45.285+0000] {logging_mixin.py:188} INFO - [2024-03-06T22:29:45.285+0000] {dag.py:3834} INFO - Setting next_dagrun for example_branch_labels to 2024-03-05 00:00:00+00:00, run_after=2024-03-06 00:00:00+00:00
[2024-03-06T22:29:45.315+0000] {processor.py:183} INFO - Processing /home/airflow/.local/lib/python3.8/site-packages/airflow/example_dags/example_branch_labels.py took 0.120 seconds
[2024-03-06T22:30:15.612+0000] {processor.py:161} INFO - Started process (PID=1409) to work on /home/airflow/.local/lib/python3.8/site-packages/airflow/example_dags/example_branch_labels.py
[2024-03-06T22:30:15.614+0000] {processor.py:830} INFO - Processing file /home/airflow/.local/lib/python3.8/site-packages/airflow/example_dags/example_branch_labels.py for tasks to queue
[2024-03-06T22:30:15.619+0000] {logging_mixin.py:188} INFO - [2024-03-06T22:30:15.617+0000] {dagbag.py:540} INFO - Filling up the DagBag from /home/airflow/.local/lib/python3.8/site-packages/airflow/example_dags/example_branch_labels.py
[2024-03-06T22:30:15.633+0000] {processor.py:840} INFO - DAG(s) 'example_branch_labels' retrieved from /home/airflow/.local/lib/python3.8/site-packages/airflow/example_dags/example_branch_labels.py
[2024-03-06T22:30:15.665+0000] {logging_mixin.py:188} INFO - [2024-03-06T22:30:15.664+0000] {dag.py:3047} INFO - Sync 1 DAGs
[2024-03-06T22:30:15.698+0000] {logging_mixin.py:188} INFO - [2024-03-06T22:30:15.698+0000] {dag.py:3834} INFO - Setting next_dagrun for example_branch_labels to 2024-03-05 00:00:00+00:00, run_after=2024-03-06 00:00:00+00:00
[2024-03-06T22:30:15.727+0000] {processor.py:183} INFO - Processing /home/airflow/.local/lib/python3.8/site-packages/airflow/example_dags/example_branch_labels.py took 0.120 seconds
[2024-03-06T22:30:46.063+0000] {processor.py:161} INFO - Started process (PID=1464) to work on /home/airflow/.local/lib/python3.8/site-packages/airflow/example_dags/example_branch_labels.py
[2024-03-06T22:30:46.065+0000] {processor.py:830} INFO - Processing file /home/airflow/.local/lib/python3.8/site-packages/airflow/example_dags/example_branch_labels.py for tasks to queue
[2024-03-06T22:30:46.068+0000] {logging_mixin.py:188} INFO - [2024-03-06T22:30:46.068+0000] {dagbag.py:540} INFO - Filling up the DagBag from /home/airflow/.local/lib/python3.8/site-packages/airflow/example_dags/example_branch_labels.py
[2024-03-06T22:30:46.084+0000] {processor.py:840} INFO - DAG(s) 'example_branch_labels' retrieved from /home/airflow/.local/lib/python3.8/site-packages/airflow/example_dags/example_branch_labels.py
[2024-03-06T22:30:46.119+0000] {logging_mixin.py:188} INFO - [2024-03-06T22:30:46.119+0000] {dag.py:3047} INFO - Sync 1 DAGs
[2024-03-06T22:30:46.156+0000] {logging_mixin.py:188} INFO - [2024-03-06T22:30:46.156+0000] {dag.py:3834} INFO - Setting next_dagrun for example_branch_labels to 2024-03-05 00:00:00+00:00, run_after=2024-03-06 00:00:00+00:00
[2024-03-06T22:30:46.186+0000] {processor.py:183} INFO - Processing /home/airflow/.local/lib/python3.8/site-packages/airflow/example_dags/example_branch_labels.py took 0.128 seconds
[2024-03-06T22:31:17.018+0000] {processor.py:161} INFO - Started process (PID=1519) to work on /home/airflow/.local/lib/python3.8/site-packages/airflow/example_dags/example_branch_labels.py
[2024-03-06T22:31:17.021+0000] {processor.py:830} INFO - Processing file /home/airflow/.local/lib/python3.8/site-packages/airflow/example_dags/example_branch_labels.py for tasks to queue
[2024-03-06T22:31:17.026+0000] {logging_mixin.py:188} INFO - [2024-03-06T22:31:17.025+0000] {dagbag.py:540} INFO - Filling up the DagBag from /home/airflow/.local/lib/python3.8/site-packages/airflow/example_dags/example_branch_labels.py
[2024-03-06T22:31:17.041+0000] {processor.py:840} INFO - DAG(s) 'example_branch_labels' retrieved from /home/airflow/.local/lib/python3.8/site-packages/airflow/example_dags/example_branch_labels.py
[2024-03-06T22:31:17.073+0000] {logging_mixin.py:188} INFO - [2024-03-06T22:31:17.073+0000] {dag.py:3047} INFO - Sync 1 DAGs
[2024-03-06T22:31:17.105+0000] {logging_mixin.py:188} INFO - [2024-03-06T22:31:17.104+0000] {dag.py:3834} INFO - Setting next_dagrun for example_branch_labels to 2024-03-05 00:00:00+00:00, run_after=2024-03-06 00:00:00+00:00
[2024-03-06T22:31:17.138+0000] {processor.py:183} INFO - Processing /home/airflow/.local/lib/python3.8/site-packages/airflow/example_dags/example_branch_labels.py took 0.127 seconds
[2024-03-06T22:31:47.335+0000] {processor.py:161} INFO - Started process (PID=1574) to work on /home/airflow/.local/lib/python3.8/site-packages/airflow/example_dags/example_branch_labels.py
[2024-03-06T22:31:47.339+0000] {processor.py:830} INFO - Processing file /home/airflow/.local/lib/python3.8/site-packages/airflow/example_dags/example_branch_labels.py for tasks to queue
[2024-03-06T22:31:47.343+0000] {logging_mixin.py:188} INFO - [2024-03-06T22:31:47.343+0000] {dagbag.py:540} INFO - Filling up the DagBag from /home/airflow/.local/lib/python3.8/site-packages/airflow/example_dags/example_branch_labels.py
[2024-03-06T22:31:47.355+0000] {processor.py:840} INFO - DAG(s) 'example_branch_labels' retrieved from /home/airflow/.local/lib/python3.8/site-packages/airflow/example_dags/example_branch_labels.py
[2024-03-06T22:31:47.387+0000] {logging_mixin.py:188} INFO - [2024-03-06T22:31:47.386+0000] {dag.py:3047} INFO - Sync 1 DAGs
[2024-03-06T22:31:47.418+0000] {logging_mixin.py:188} INFO - [2024-03-06T22:31:47.418+0000] {dag.py:3834} INFO - Setting next_dagrun for example_branch_labels to 2024-03-05 00:00:00+00:00, run_after=2024-03-06 00:00:00+00:00
[2024-03-06T22:31:47.448+0000] {processor.py:183} INFO - Processing /home/airflow/.local/lib/python3.8/site-packages/airflow/example_dags/example_branch_labels.py took 0.120 seconds
[2024-03-06T22:32:17.492+0000] {processor.py:161} INFO - Started process (PID=1628) to work on /home/airflow/.local/lib/python3.8/site-packages/airflow/example_dags/example_branch_labels.py
[2024-03-06T22:32:17.494+0000] {processor.py:830} INFO - Processing file /home/airflow/.local/lib/python3.8/site-packages/airflow/example_dags/example_branch_labels.py for tasks to queue
[2024-03-06T22:32:17.497+0000] {logging_mixin.py:188} INFO - [2024-03-06T22:32:17.496+0000] {dagbag.py:540} INFO - Filling up the DagBag from /home/airflow/.local/lib/python3.8/site-packages/airflow/example_dags/example_branch_labels.py
[2024-03-06T22:32:17.508+0000] {processor.py:840} INFO - DAG(s) 'example_branch_labels' retrieved from /home/airflow/.local/lib/python3.8/site-packages/airflow/example_dags/example_branch_labels.py
[2024-03-06T22:32:17.551+0000] {logging_mixin.py:188} INFO - [2024-03-06T22:32:17.551+0000] {dag.py:3047} INFO - Sync 1 DAGs
[2024-03-06T22:32:17.585+0000] {logging_mixin.py:188} INFO - [2024-03-06T22:32:17.585+0000] {dag.py:3834} INFO - Setting next_dagrun for example_branch_labels to 2024-03-05 00:00:00+00:00, run_after=2024-03-06 00:00:00+00:00
[2024-03-06T22:32:17.619+0000] {processor.py:183} INFO - Processing /home/airflow/.local/lib/python3.8/site-packages/airflow/example_dags/example_branch_labels.py took 0.131 seconds
[2024-03-06T22:32:48.261+0000] {processor.py:161} INFO - Started process (PID=1683) to work on /home/airflow/.local/lib/python3.8/site-packages/airflow/example_dags/example_branch_labels.py
[2024-03-06T22:32:48.263+0000] {processor.py:830} INFO - Processing file /home/airflow/.local/lib/python3.8/site-packages/airflow/example_dags/example_branch_labels.py for tasks to queue
[2024-03-06T22:32:48.266+0000] {logging_mixin.py:188} INFO - [2024-03-06T22:32:48.266+0000] {dagbag.py:540} INFO - Filling up the DagBag from /home/airflow/.local/lib/python3.8/site-packages/airflow/example_dags/example_branch_labels.py
[2024-03-06T22:32:48.280+0000] {processor.py:840} INFO - DAG(s) 'example_branch_labels' retrieved from /home/airflow/.local/lib/python3.8/site-packages/airflow/example_dags/example_branch_labels.py
[2024-03-06T22:32:48.312+0000] {logging_mixin.py:188} INFO - [2024-03-06T22:32:48.312+0000] {dag.py:3047} INFO - Sync 1 DAGs
[2024-03-06T22:32:48.348+0000] {logging_mixin.py:188} INFO - [2024-03-06T22:32:48.348+0000] {dag.py:3834} INFO - Setting next_dagrun for example_branch_labels to 2024-03-05 00:00:00+00:00, run_after=2024-03-06 00:00:00+00:00
[2024-03-06T22:32:48.380+0000] {processor.py:183} INFO - Processing /home/airflow/.local/lib/python3.8/site-packages/airflow/example_dags/example_branch_labels.py took 0.123 seconds
[2024-03-06T22:33:18.555+0000] {processor.py:161} INFO - Started process (PID=1738) to work on /home/airflow/.local/lib/python3.8/site-packages/airflow/example_dags/example_branch_labels.py
[2024-03-06T22:33:18.564+0000] {processor.py:830} INFO - Processing file /home/airflow/.local/lib/python3.8/site-packages/airflow/example_dags/example_branch_labels.py for tasks to queue
[2024-03-06T22:33:18.567+0000] {logging_mixin.py:188} INFO - [2024-03-06T22:33:18.566+0000] {dagbag.py:540} INFO - Filling up the DagBag from /home/airflow/.local/lib/python3.8/site-packages/airflow/example_dags/example_branch_labels.py
[2024-03-06T22:33:18.582+0000] {processor.py:840} INFO - DAG(s) 'example_branch_labels' retrieved from /home/airflow/.local/lib/python3.8/site-packages/airflow/example_dags/example_branch_labels.py
[2024-03-06T22:33:18.621+0000] {logging_mixin.py:188} INFO - [2024-03-06T22:33:18.620+0000] {dag.py:3047} INFO - Sync 1 DAGs
[2024-03-06T22:33:18.664+0000] {logging_mixin.py:188} INFO - [2024-03-06T22:33:18.663+0000] {dag.py:3834} INFO - Setting next_dagrun for example_branch_labels to 2024-03-05 00:00:00+00:00, run_after=2024-03-06 00:00:00+00:00
[2024-03-06T22:33:18.698+0000] {processor.py:183} INFO - Processing /home/airflow/.local/lib/python3.8/site-packages/airflow/example_dags/example_branch_labels.py took 0.149 seconds
[2024-03-06T22:33:48.863+0000] {processor.py:161} INFO - Started process (PID=1793) to work on /home/airflow/.local/lib/python3.8/site-packages/airflow/example_dags/example_branch_labels.py
[2024-03-06T22:33:48.865+0000] {processor.py:830} INFO - Processing file /home/airflow/.local/lib/python3.8/site-packages/airflow/example_dags/example_branch_labels.py for tasks to queue
[2024-03-06T22:33:48.869+0000] {logging_mixin.py:188} INFO - [2024-03-06T22:33:48.868+0000] {dagbag.py:540} INFO - Filling up the DagBag from /home/airflow/.local/lib/python3.8/site-packages/airflow/example_dags/example_branch_labels.py
[2024-03-06T22:33:48.882+0000] {processor.py:840} INFO - DAG(s) 'example_branch_labels' retrieved from /home/airflow/.local/lib/python3.8/site-packages/airflow/example_dags/example_branch_labels.py
[2024-03-06T22:33:48.911+0000] {logging_mixin.py:188} INFO - [2024-03-06T22:33:48.911+0000] {dag.py:3047} INFO - Sync 1 DAGs
[2024-03-06T22:33:48.942+0000] {logging_mixin.py:188} INFO - [2024-03-06T22:33:48.942+0000] {dag.py:3834} INFO - Setting next_dagrun for example_branch_labels to 2024-03-05 00:00:00+00:00, run_after=2024-03-06 00:00:00+00:00
[2024-03-06T22:33:48.970+0000] {processor.py:183} INFO - Processing /home/airflow/.local/lib/python3.8/site-packages/airflow/example_dags/example_branch_labels.py took 0.112 seconds
[2024-03-06T22:34:19.451+0000] {processor.py:161} INFO - Started process (PID=1846) to work on /home/airflow/.local/lib/python3.8/site-packages/airflow/example_dags/example_branch_labels.py
[2024-03-06T22:34:19.452+0000] {processor.py:830} INFO - Processing file /home/airflow/.local/lib/python3.8/site-packages/airflow/example_dags/example_branch_labels.py for tasks to queue
[2024-03-06T22:34:19.459+0000] {logging_mixin.py:188} INFO - [2024-03-06T22:34:19.458+0000] {dagbag.py:540} INFO - Filling up the DagBag from /home/airflow/.local/lib/python3.8/site-packages/airflow/example_dags/example_branch_labels.py
[2024-03-06T22:34:19.471+0000] {processor.py:840} INFO - DAG(s) 'example_branch_labels' retrieved from /home/airflow/.local/lib/python3.8/site-packages/airflow/example_dags/example_branch_labels.py
[2024-03-06T22:34:19.506+0000] {logging_mixin.py:188} INFO - [2024-03-06T22:34:19.505+0000] {dag.py:3047} INFO - Sync 1 DAGs
[2024-03-06T22:34:19.543+0000] {logging_mixin.py:188} INFO - [2024-03-06T22:34:19.542+0000] {dag.py:3834} INFO - Setting next_dagrun for example_branch_labels to 2024-03-05 00:00:00+00:00, run_after=2024-03-06 00:00:00+00:00
[2024-03-06T22:34:19.573+0000] {processor.py:183} INFO - Processing /home/airflow/.local/lib/python3.8/site-packages/airflow/example_dags/example_branch_labels.py took 0.128 seconds
[2024-03-06T22:34:49.756+0000] {processor.py:161} INFO - Started process (PID=1901) to work on /home/airflow/.local/lib/python3.8/site-packages/airflow/example_dags/example_branch_labels.py
[2024-03-06T22:34:49.758+0000] {processor.py:830} INFO - Processing file /home/airflow/.local/lib/python3.8/site-packages/airflow/example_dags/example_branch_labels.py for tasks to queue
[2024-03-06T22:34:49.762+0000] {logging_mixin.py:188} INFO - [2024-03-06T22:34:49.761+0000] {dagbag.py:540} INFO - Filling up the DagBag from /home/airflow/.local/lib/python3.8/site-packages/airflow/example_dags/example_branch_labels.py
[2024-03-06T22:34:49.774+0000] {processor.py:840} INFO - DAG(s) 'example_branch_labels' retrieved from /home/airflow/.local/lib/python3.8/site-packages/airflow/example_dags/example_branch_labels.py
[2024-03-06T22:34:49.838+0000] {logging_mixin.py:188} INFO - [2024-03-06T22:34:49.838+0000] {dag.py:3047} INFO - Sync 1 DAGs
[2024-03-06T22:34:49.910+0000] {logging_mixin.py:188} INFO - [2024-03-06T22:34:49.910+0000] {dag.py:3834} INFO - Setting next_dagrun for example_branch_labels to 2024-03-05 00:00:00+00:00, run_after=2024-03-06 00:00:00+00:00
[2024-03-06T22:34:49.939+0000] {processor.py:183} INFO - Processing /home/airflow/.local/lib/python3.8/site-packages/airflow/example_dags/example_branch_labels.py took 0.189 seconds
[2024-03-06T22:35:20.290+0000] {processor.py:161} INFO - Started process (PID=1956) to work on /home/airflow/.local/lib/python3.8/site-packages/airflow/example_dags/example_branch_labels.py
[2024-03-06T22:35:20.292+0000] {processor.py:830} INFO - Processing file /home/airflow/.local/lib/python3.8/site-packages/airflow/example_dags/example_branch_labels.py for tasks to queue
[2024-03-06T22:35:20.295+0000] {logging_mixin.py:188} INFO - [2024-03-06T22:35:20.294+0000] {dagbag.py:540} INFO - Filling up the DagBag from /home/airflow/.local/lib/python3.8/site-packages/airflow/example_dags/example_branch_labels.py
[2024-03-06T22:35:20.306+0000] {processor.py:840} INFO - DAG(s) 'example_branch_labels' retrieved from /home/airflow/.local/lib/python3.8/site-packages/airflow/example_dags/example_branch_labels.py
[2024-03-06T22:35:20.339+0000] {logging_mixin.py:188} INFO - [2024-03-06T22:35:20.339+0000] {dag.py:3047} INFO - Sync 1 DAGs
[2024-03-06T22:35:20.376+0000] {logging_mixin.py:188} INFO - [2024-03-06T22:35:20.376+0000] {dag.py:3834} INFO - Setting next_dagrun for example_branch_labels to 2024-03-05 00:00:00+00:00, run_after=2024-03-06 00:00:00+00:00
[2024-03-06T22:35:20.412+0000] {processor.py:183} INFO - Processing /home/airflow/.local/lib/python3.8/site-packages/airflow/example_dags/example_branch_labels.py took 0.127 seconds
[2024-03-06T22:35:50.862+0000] {processor.py:161} INFO - Started process (PID=2011) to work on /home/airflow/.local/lib/python3.8/site-packages/airflow/example_dags/example_branch_labels.py
[2024-03-06T22:35:50.865+0000] {processor.py:830} INFO - Processing file /home/airflow/.local/lib/python3.8/site-packages/airflow/example_dags/example_branch_labels.py for tasks to queue
[2024-03-06T22:35:50.869+0000] {logging_mixin.py:188} INFO - [2024-03-06T22:35:50.868+0000] {dagbag.py:540} INFO - Filling up the DagBag from /home/airflow/.local/lib/python3.8/site-packages/airflow/example_dags/example_branch_labels.py
[2024-03-06T22:35:50.883+0000] {processor.py:840} INFO - DAG(s) 'example_branch_labels' retrieved from /home/airflow/.local/lib/python3.8/site-packages/airflow/example_dags/example_branch_labels.py
[2024-03-06T22:35:50.916+0000] {logging_mixin.py:188} INFO - [2024-03-06T22:35:50.915+0000] {dag.py:3047} INFO - Sync 1 DAGs
[2024-03-06T22:35:50.949+0000] {logging_mixin.py:188} INFO - [2024-03-06T22:35:50.949+0000] {dag.py:3834} INFO - Setting next_dagrun for example_branch_labels to 2024-03-05 00:00:00+00:00, run_after=2024-03-06 00:00:00+00:00
[2024-03-06T22:35:50.978+0000] {processor.py:183} INFO - Processing /home/airflow/.local/lib/python3.8/site-packages/airflow/example_dags/example_branch_labels.py took 0.121 seconds
[2024-03-06T22:36:21.380+0000] {processor.py:161} INFO - Started process (PID=2066) to work on /home/airflow/.local/lib/python3.8/site-packages/airflow/example_dags/example_branch_labels.py
[2024-03-06T22:36:21.383+0000] {processor.py:830} INFO - Processing file /home/airflow/.local/lib/python3.8/site-packages/airflow/example_dags/example_branch_labels.py for tasks to queue
[2024-03-06T22:36:21.386+0000] {logging_mixin.py:188} INFO - [2024-03-06T22:36:21.386+0000] {dagbag.py:540} INFO - Filling up the DagBag from /home/airflow/.local/lib/python3.8/site-packages/airflow/example_dags/example_branch_labels.py
[2024-03-06T22:36:21.397+0000] {processor.py:840} INFO - DAG(s) 'example_branch_labels' retrieved from /home/airflow/.local/lib/python3.8/site-packages/airflow/example_dags/example_branch_labels.py
[2024-03-06T22:36:21.429+0000] {logging_mixin.py:188} INFO - [2024-03-06T22:36:21.429+0000] {dag.py:3047} INFO - Sync 1 DAGs
[2024-03-06T22:36:21.461+0000] {logging_mixin.py:188} INFO - [2024-03-06T22:36:21.460+0000] {dag.py:3834} INFO - Setting next_dagrun for example_branch_labels to 2024-03-05 00:00:00+00:00, run_after=2024-03-06 00:00:00+00:00
[2024-03-06T22:36:21.493+0000] {processor.py:183} INFO - Processing /home/airflow/.local/lib/python3.8/site-packages/airflow/example_dags/example_branch_labels.py took 0.118 seconds
[2024-03-06T22:36:52.179+0000] {processor.py:161} INFO - Started process (PID=2121) to work on /home/airflow/.local/lib/python3.8/site-packages/airflow/example_dags/example_branch_labels.py
[2024-03-06T22:36:52.182+0000] {processor.py:830} INFO - Processing file /home/airflow/.local/lib/python3.8/site-packages/airflow/example_dags/example_branch_labels.py for tasks to queue
[2024-03-06T22:36:52.186+0000] {logging_mixin.py:188} INFO - [2024-03-06T22:36:52.186+0000] {dagbag.py:540} INFO - Filling up the DagBag from /home/airflow/.local/lib/python3.8/site-packages/airflow/example_dags/example_branch_labels.py
[2024-03-06T22:36:52.201+0000] {processor.py:840} INFO - DAG(s) 'example_branch_labels' retrieved from /home/airflow/.local/lib/python3.8/site-packages/airflow/example_dags/example_branch_labels.py
[2024-03-06T22:36:52.234+0000] {logging_mixin.py:188} INFO - [2024-03-06T22:36:52.233+0000] {dag.py:3047} INFO - Sync 1 DAGs
[2024-03-06T22:36:52.265+0000] {logging_mixin.py:188} INFO - [2024-03-06T22:36:52.265+0000] {dag.py:3834} INFO - Setting next_dagrun for example_branch_labels to 2024-03-05 00:00:00+00:00, run_after=2024-03-06 00:00:00+00:00
[2024-03-06T22:36:52.295+0000] {processor.py:183} INFO - Processing /home/airflow/.local/lib/python3.8/site-packages/airflow/example_dags/example_branch_labels.py took 0.121 seconds
[2024-03-06T22:37:22.555+0000] {processor.py:161} INFO - Started process (PID=2176) to work on /home/airflow/.local/lib/python3.8/site-packages/airflow/example_dags/example_branch_labels.py
[2024-03-06T22:37:22.559+0000] {processor.py:830} INFO - Processing file /home/airflow/.local/lib/python3.8/site-packages/airflow/example_dags/example_branch_labels.py for tasks to queue
[2024-03-06T22:37:22.562+0000] {logging_mixin.py:188} INFO - [2024-03-06T22:37:22.562+0000] {dagbag.py:540} INFO - Filling up the DagBag from /home/airflow/.local/lib/python3.8/site-packages/airflow/example_dags/example_branch_labels.py
[2024-03-06T22:37:22.576+0000] {processor.py:840} INFO - DAG(s) 'example_branch_labels' retrieved from /home/airflow/.local/lib/python3.8/site-packages/airflow/example_dags/example_branch_labels.py
[2024-03-06T22:37:22.617+0000] {logging_mixin.py:188} INFO - [2024-03-06T22:37:22.617+0000] {dag.py:3047} INFO - Sync 1 DAGs
[2024-03-06T22:37:22.651+0000] {logging_mixin.py:188} INFO - [2024-03-06T22:37:22.651+0000] {dag.py:3834} INFO - Setting next_dagrun for example_branch_labels to 2024-03-05 00:00:00+00:00, run_after=2024-03-06 00:00:00+00:00
[2024-03-06T22:37:22.687+0000] {processor.py:183} INFO - Processing /home/airflow/.local/lib/python3.8/site-packages/airflow/example_dags/example_branch_labels.py took 0.138 seconds
[2024-03-06T22:37:52.795+0000] {processor.py:161} INFO - Started process (PID=2230) to work on /home/airflow/.local/lib/python3.8/site-packages/airflow/example_dags/example_branch_labels.py
[2024-03-06T22:37:52.797+0000] {processor.py:830} INFO - Processing file /home/airflow/.local/lib/python3.8/site-packages/airflow/example_dags/example_branch_labels.py for tasks to queue
[2024-03-06T22:37:52.801+0000] {logging_mixin.py:188} INFO - [2024-03-06T22:37:52.801+0000] {dagbag.py:540} INFO - Filling up the DagBag from /home/airflow/.local/lib/python3.8/site-packages/airflow/example_dags/example_branch_labels.py
[2024-03-06T22:37:52.813+0000] {processor.py:840} INFO - DAG(s) 'example_branch_labels' retrieved from /home/airflow/.local/lib/python3.8/site-packages/airflow/example_dags/example_branch_labels.py
[2024-03-06T22:37:52.845+0000] {logging_mixin.py:188} INFO - [2024-03-06T22:37:52.845+0000] {dag.py:3047} INFO - Sync 1 DAGs
[2024-03-06T22:37:52.883+0000] {logging_mixin.py:188} INFO - [2024-03-06T22:37:52.882+0000] {dag.py:3834} INFO - Setting next_dagrun for example_branch_labels to 2024-03-05 00:00:00+00:00, run_after=2024-03-06 00:00:00+00:00
[2024-03-06T22:37:52.927+0000] {processor.py:183} INFO - Processing /home/airflow/.local/lib/python3.8/site-packages/airflow/example_dags/example_branch_labels.py took 0.139 seconds
[2024-03-06T22:38:23.281+0000] {processor.py:161} INFO - Started process (PID=2285) to work on /home/airflow/.local/lib/python3.8/site-packages/airflow/example_dags/example_branch_labels.py
[2024-03-06T22:38:23.306+0000] {processor.py:830} INFO - Processing file /home/airflow/.local/lib/python3.8/site-packages/airflow/example_dags/example_branch_labels.py for tasks to queue
[2024-03-06T22:38:23.311+0000] {logging_mixin.py:188} INFO - [2024-03-06T22:38:23.311+0000] {dagbag.py:540} INFO - Filling up the DagBag from /home/airflow/.local/lib/python3.8/site-packages/airflow/example_dags/example_branch_labels.py
[2024-03-06T22:38:23.321+0000] {processor.py:840} INFO - DAG(s) 'example_branch_labels' retrieved from /home/airflow/.local/lib/python3.8/site-packages/airflow/example_dags/example_branch_labels.py
[2024-03-06T22:38:23.377+0000] {logging_mixin.py:188} INFO - [2024-03-06T22:38:23.377+0000] {dag.py:3047} INFO - Sync 1 DAGs
[2024-03-06T22:38:23.417+0000] {logging_mixin.py:188} INFO - [2024-03-06T22:38:23.417+0000] {dag.py:3834} INFO - Setting next_dagrun for example_branch_labels to 2024-03-05 00:00:00+00:00, run_after=2024-03-06 00:00:00+00:00
[2024-03-06T22:38:23.457+0000] {processor.py:183} INFO - Processing /home/airflow/.local/lib/python3.8/site-packages/airflow/example_dags/example_branch_labels.py took 0.185 seconds
[2024-03-06T22:38:54.402+0000] {processor.py:161} INFO - Started process (PID=2340) to work on /home/airflow/.local/lib/python3.8/site-packages/airflow/example_dags/example_branch_labels.py
[2024-03-06T22:38:54.403+0000] {processor.py:830} INFO - Processing file /home/airflow/.local/lib/python3.8/site-packages/airflow/example_dags/example_branch_labels.py for tasks to queue
[2024-03-06T22:38:54.406+0000] {logging_mixin.py:188} INFO - [2024-03-06T22:38:54.406+0000] {dagbag.py:540} INFO - Filling up the DagBag from /home/airflow/.local/lib/python3.8/site-packages/airflow/example_dags/example_branch_labels.py
[2024-03-06T22:38:54.422+0000] {processor.py:840} INFO - DAG(s) 'example_branch_labels' retrieved from /home/airflow/.local/lib/python3.8/site-packages/airflow/example_dags/example_branch_labels.py
[2024-03-06T22:38:54.465+0000] {logging_mixin.py:188} INFO - [2024-03-06T22:38:54.464+0000] {dag.py:3047} INFO - Sync 1 DAGs
[2024-03-06T22:38:54.511+0000] {logging_mixin.py:188} INFO - [2024-03-06T22:38:54.511+0000] {dag.py:3834} INFO - Setting next_dagrun for example_branch_labels to 2024-03-05 00:00:00+00:00, run_after=2024-03-06 00:00:00+00:00
[2024-03-06T22:38:54.544+0000] {processor.py:183} INFO - Processing /home/airflow/.local/lib/python3.8/site-packages/airflow/example_dags/example_branch_labels.py took 0.149 seconds
[2024-03-06T22:39:24.711+0000] {processor.py:161} INFO - Started process (PID=2395) to work on /home/airflow/.local/lib/python3.8/site-packages/airflow/example_dags/example_branch_labels.py
[2024-03-06T22:39:24.713+0000] {processor.py:830} INFO - Processing file /home/airflow/.local/lib/python3.8/site-packages/airflow/example_dags/example_branch_labels.py for tasks to queue
[2024-03-06T22:39:24.718+0000] {logging_mixin.py:188} INFO - [2024-03-06T22:39:24.717+0000] {dagbag.py:540} INFO - Filling up the DagBag from /home/airflow/.local/lib/python3.8/site-packages/airflow/example_dags/example_branch_labels.py
[2024-03-06T22:39:24.731+0000] {processor.py:840} INFO - DAG(s) 'example_branch_labels' retrieved from /home/airflow/.local/lib/python3.8/site-packages/airflow/example_dags/example_branch_labels.py
[2024-03-06T22:39:24.767+0000] {logging_mixin.py:188} INFO - [2024-03-06T22:39:24.766+0000] {dag.py:3047} INFO - Sync 1 DAGs
[2024-03-06T22:39:24.799+0000] {logging_mixin.py:188} INFO - [2024-03-06T22:39:24.799+0000] {dag.py:3834} INFO - Setting next_dagrun for example_branch_labels to 2024-03-05 00:00:00+00:00, run_after=2024-03-06 00:00:00+00:00
[2024-03-06T22:39:24.829+0000] {processor.py:183} INFO - Processing /home/airflow/.local/lib/python3.8/site-packages/airflow/example_dags/example_branch_labels.py took 0.123 seconds
[2024-03-06T22:39:55.029+0000] {processor.py:161} INFO - Started process (PID=2449) to work on /home/airflow/.local/lib/python3.8/site-packages/airflow/example_dags/example_branch_labels.py
[2024-03-06T22:39:55.031+0000] {processor.py:830} INFO - Processing file /home/airflow/.local/lib/python3.8/site-packages/airflow/example_dags/example_branch_labels.py for tasks to queue
[2024-03-06T22:39:55.035+0000] {logging_mixin.py:188} INFO - [2024-03-06T22:39:55.035+0000] {dagbag.py:540} INFO - Filling up the DagBag from /home/airflow/.local/lib/python3.8/site-packages/airflow/example_dags/example_branch_labels.py
[2024-03-06T22:39:55.048+0000] {processor.py:840} INFO - DAG(s) 'example_branch_labels' retrieved from /home/airflow/.local/lib/python3.8/site-packages/airflow/example_dags/example_branch_labels.py
[2024-03-06T22:39:55.080+0000] {logging_mixin.py:188} INFO - [2024-03-06T22:39:55.080+0000] {dag.py:3047} INFO - Sync 1 DAGs
[2024-03-06T22:39:55.116+0000] {logging_mixin.py:188} INFO - [2024-03-06T22:39:55.115+0000] {dag.py:3834} INFO - Setting next_dagrun for example_branch_labels to 2024-03-05 00:00:00+00:00, run_after=2024-03-06 00:00:00+00:00
[2024-03-06T22:39:55.147+0000] {processor.py:183} INFO - Processing /home/airflow/.local/lib/python3.8/site-packages/airflow/example_dags/example_branch_labels.py took 0.124 seconds
[2024-03-06T22:40:26.100+0000] {processor.py:161} INFO - Started process (PID=2505) to work on /home/airflow/.local/lib/python3.8/site-packages/airflow/example_dags/example_branch_labels.py
[2024-03-06T22:40:26.102+0000] {processor.py:830} INFO - Processing file /home/airflow/.local/lib/python3.8/site-packages/airflow/example_dags/example_branch_labels.py for tasks to queue
[2024-03-06T22:40:26.105+0000] {logging_mixin.py:188} INFO - [2024-03-06T22:40:26.105+0000] {dagbag.py:540} INFO - Filling up the DagBag from /home/airflow/.local/lib/python3.8/site-packages/airflow/example_dags/example_branch_labels.py
[2024-03-06T22:40:26.120+0000] {processor.py:840} INFO - DAG(s) 'example_branch_labels' retrieved from /home/airflow/.local/lib/python3.8/site-packages/airflow/example_dags/example_branch_labels.py
[2024-03-06T22:40:26.154+0000] {logging_mixin.py:188} INFO - [2024-03-06T22:40:26.153+0000] {dag.py:3047} INFO - Sync 1 DAGs
[2024-03-06T22:40:26.185+0000] {logging_mixin.py:188} INFO - [2024-03-06T22:40:26.185+0000] {dag.py:3834} INFO - Setting next_dagrun for example_branch_labels to 2024-03-05 00:00:00+00:00, run_after=2024-03-06 00:00:00+00:00
[2024-03-06T22:40:26.217+0000] {processor.py:183} INFO - Processing /home/airflow/.local/lib/python3.8/site-packages/airflow/example_dags/example_branch_labels.py took 0.124 seconds
[2024-03-06T22:40:56.682+0000] {processor.py:161} INFO - Started process (PID=2560) to work on /home/airflow/.local/lib/python3.8/site-packages/airflow/example_dags/example_branch_labels.py
[2024-03-06T22:40:56.683+0000] {processor.py:830} INFO - Processing file /home/airflow/.local/lib/python3.8/site-packages/airflow/example_dags/example_branch_labels.py for tasks to queue
[2024-03-06T22:40:56.689+0000] {logging_mixin.py:188} INFO - [2024-03-06T22:40:56.689+0000] {dagbag.py:540} INFO - Filling up the DagBag from /home/airflow/.local/lib/python3.8/site-packages/airflow/example_dags/example_branch_labels.py
[2024-03-06T22:40:56.703+0000] {processor.py:840} INFO - DAG(s) 'example_branch_labels' retrieved from /home/airflow/.local/lib/python3.8/site-packages/airflow/example_dags/example_branch_labels.py
[2024-03-06T22:40:56.736+0000] {logging_mixin.py:188} INFO - [2024-03-06T22:40:56.736+0000] {dag.py:3047} INFO - Sync 1 DAGs
[2024-03-06T22:40:56.772+0000] {logging_mixin.py:188} INFO - [2024-03-06T22:40:56.771+0000] {dag.py:3834} INFO - Setting next_dagrun for example_branch_labels to 2024-03-05 00:00:00+00:00, run_after=2024-03-06 00:00:00+00:00
[2024-03-06T22:40:56.801+0000] {processor.py:183} INFO - Processing /home/airflow/.local/lib/python3.8/site-packages/airflow/example_dags/example_branch_labels.py took 0.125 seconds
[2024-03-06T22:41:27.298+0000] {processor.py:161} INFO - Started process (PID=2615) to work on /home/airflow/.local/lib/python3.8/site-packages/airflow/example_dags/example_branch_labels.py
[2024-03-06T22:41:27.300+0000] {processor.py:830} INFO - Processing file /home/airflow/.local/lib/python3.8/site-packages/airflow/example_dags/example_branch_labels.py for tasks to queue
[2024-03-06T22:41:27.303+0000] {logging_mixin.py:188} INFO - [2024-03-06T22:41:27.302+0000] {dagbag.py:540} INFO - Filling up the DagBag from /home/airflow/.local/lib/python3.8/site-packages/airflow/example_dags/example_branch_labels.py
[2024-03-06T22:41:27.315+0000] {processor.py:840} INFO - DAG(s) 'example_branch_labels' retrieved from /home/airflow/.local/lib/python3.8/site-packages/airflow/example_dags/example_branch_labels.py
[2024-03-06T22:41:27.347+0000] {logging_mixin.py:188} INFO - [2024-03-06T22:41:27.347+0000] {dag.py:3047} INFO - Sync 1 DAGs
[2024-03-06T22:41:27.387+0000] {logging_mixin.py:188} INFO - [2024-03-06T22:41:27.386+0000] {dag.py:3834} INFO - Setting next_dagrun for example_branch_labels to 2024-03-05 00:00:00+00:00, run_after=2024-03-06 00:00:00+00:00
[2024-03-06T22:41:27.420+0000] {processor.py:183} INFO - Processing /home/airflow/.local/lib/python3.8/site-packages/airflow/example_dags/example_branch_labels.py took 0.127 seconds
[2024-03-06T22:41:57.918+0000] {processor.py:161} INFO - Started process (PID=2670) to work on /home/airflow/.local/lib/python3.8/site-packages/airflow/example_dags/example_branch_labels.py
[2024-03-06T22:41:57.921+0000] {processor.py:830} INFO - Processing file /home/airflow/.local/lib/python3.8/site-packages/airflow/example_dags/example_branch_labels.py for tasks to queue
[2024-03-06T22:41:57.928+0000] {logging_mixin.py:188} INFO - [2024-03-06T22:41:57.927+0000] {dagbag.py:540} INFO - Filling up the DagBag from /home/airflow/.local/lib/python3.8/site-packages/airflow/example_dags/example_branch_labels.py
[2024-03-06T22:41:57.947+0000] {processor.py:840} INFO - DAG(s) 'example_branch_labels' retrieved from /home/airflow/.local/lib/python3.8/site-packages/airflow/example_dags/example_branch_labels.py
[2024-03-06T22:41:57.989+0000] {logging_mixin.py:188} INFO - [2024-03-06T22:41:57.988+0000] {dag.py:3047} INFO - Sync 1 DAGs
[2024-03-06T22:41:58.031+0000] {logging_mixin.py:188} INFO - [2024-03-06T22:41:58.030+0000] {dag.py:3834} INFO - Setting next_dagrun for example_branch_labels to 2024-03-05 00:00:00+00:00, run_after=2024-03-06 00:00:00+00:00
[2024-03-06T22:41:58.060+0000] {processor.py:183} INFO - Processing /home/airflow/.local/lib/python3.8/site-packages/airflow/example_dags/example_branch_labels.py took 0.150 seconds
[2024-03-06T22:42:28.124+0000] {processor.py:161} INFO - Started process (PID=2725) to work on /home/airflow/.local/lib/python3.8/site-packages/airflow/example_dags/example_branch_labels.py
[2024-03-06T22:42:28.127+0000] {processor.py:830} INFO - Processing file /home/airflow/.local/lib/python3.8/site-packages/airflow/example_dags/example_branch_labels.py for tasks to queue
[2024-03-06T22:42:28.131+0000] {logging_mixin.py:188} INFO - [2024-03-06T22:42:28.130+0000] {dagbag.py:540} INFO - Filling up the DagBag from /home/airflow/.local/lib/python3.8/site-packages/airflow/example_dags/example_branch_labels.py
[2024-03-06T22:42:28.153+0000] {processor.py:840} INFO - DAG(s) 'example_branch_labels' retrieved from /home/airflow/.local/lib/python3.8/site-packages/airflow/example_dags/example_branch_labels.py
[2024-03-06T22:42:28.202+0000] {logging_mixin.py:188} INFO - [2024-03-06T22:42:28.202+0000] {dag.py:3047} INFO - Sync 1 DAGs
[2024-03-06T22:42:28.236+0000] {logging_mixin.py:188} INFO - [2024-03-06T22:42:28.236+0000] {dag.py:3834} INFO - Setting next_dagrun for example_branch_labels to 2024-03-05 00:00:00+00:00, run_after=2024-03-06 00:00:00+00:00
[2024-03-06T22:42:28.275+0000] {processor.py:183} INFO - Processing /home/airflow/.local/lib/python3.8/site-packages/airflow/example_dags/example_branch_labels.py took 0.160 seconds
