[2024-03-06T22:17:46.123+0000] {processor.py:161} INFO - Started process (PID=70) to work on /home/airflow/.local/lib/python3.8/site-packages/airflow/example_dags/example_branch_python_dop_operator_3.py
[2024-03-06T22:17:46.132+0000] {processor.py:830} INFO - Processing file /home/airflow/.local/lib/python3.8/site-packages/airflow/example_dags/example_branch_python_dop_operator_3.py for tasks to queue
[2024-03-06T22:17:46.137+0000] {logging_mixin.py:188} INFO - [2024-03-06T22:17:46.136+0000] {dagbag.py:540} INFO - Filling up the DagBag from /home/airflow/.local/lib/python3.8/site-packages/airflow/example_dags/example_branch_python_dop_operator_3.py
[2024-03-06T22:17:46.158+0000] {processor.py:840} INFO - DAG(s) 'example_branch_dop_operator_v3' retrieved from /home/airflow/.local/lib/python3.8/site-packages/airflow/example_dags/example_branch_python_dop_operator_3.py
[2024-03-06T22:17:46.372+0000] {logging_mixin.py:188} INFO - [2024-03-06T22:17:46.370+0000] {dag.py:3047} INFO - Sync 1 DAGs
[2024-03-06T22:17:46.427+0000] {logging_mixin.py:188} INFO - [2024-03-06T22:17:46.426+0000] {dag.py:3834} INFO - Setting next_dagrun for example_branch_dop_operator_v3 to 2024-03-06 22:16:00+00:00, run_after=2024-03-06 22:17:00+00:00
[2024-03-06T22:17:46.584+0000] {processor.py:183} INFO - Processing /home/airflow/.local/lib/python3.8/site-packages/airflow/example_dags/example_branch_python_dop_operator_3.py took 0.466 seconds
[2024-03-06T22:18:16.658+0000] {processor.py:161} INFO - Started process (PID=125) to work on /home/airflow/.local/lib/python3.8/site-packages/airflow/example_dags/example_branch_python_dop_operator_3.py
[2024-03-06T22:18:16.660+0000] {processor.py:830} INFO - Processing file /home/airflow/.local/lib/python3.8/site-packages/airflow/example_dags/example_branch_python_dop_operator_3.py for tasks to queue
[2024-03-06T22:18:16.664+0000] {logging_mixin.py:188} INFO - [2024-03-06T22:18:16.663+0000] {dagbag.py:540} INFO - Filling up the DagBag from /home/airflow/.local/lib/python3.8/site-packages/airflow/example_dags/example_branch_python_dop_operator_3.py
[2024-03-06T22:18:16.680+0000] {processor.py:840} INFO - DAG(s) 'example_branch_dop_operator_v3' retrieved from /home/airflow/.local/lib/python3.8/site-packages/airflow/example_dags/example_branch_python_dop_operator_3.py
[2024-03-06T22:18:16.711+0000] {logging_mixin.py:188} INFO - [2024-03-06T22:18:16.710+0000] {dag.py:3047} INFO - Sync 1 DAGs
[2024-03-06T22:18:16.756+0000] {logging_mixin.py:188} INFO - [2024-03-06T22:18:16.756+0000] {dag.py:3834} INFO - Setting next_dagrun for example_branch_dop_operator_v3 to 2024-03-06 22:17:00+00:00, run_after=2024-03-06 22:18:00+00:00
[2024-03-06T22:18:16.808+0000] {processor.py:183} INFO - Processing /home/airflow/.local/lib/python3.8/site-packages/airflow/example_dags/example_branch_python_dop_operator_3.py took 0.156 seconds
[2024-03-06T22:18:47.295+0000] {processor.py:161} INFO - Started process (PID=180) to work on /home/airflow/.local/lib/python3.8/site-packages/airflow/example_dags/example_branch_python_dop_operator_3.py
[2024-03-06T22:18:47.297+0000] {processor.py:830} INFO - Processing file /home/airflow/.local/lib/python3.8/site-packages/airflow/example_dags/example_branch_python_dop_operator_3.py for tasks to queue
[2024-03-06T22:18:47.301+0000] {logging_mixin.py:188} INFO - [2024-03-06T22:18:47.301+0000] {dagbag.py:540} INFO - Filling up the DagBag from /home/airflow/.local/lib/python3.8/site-packages/airflow/example_dags/example_branch_python_dop_operator_3.py
[2024-03-06T22:18:47.317+0000] {processor.py:840} INFO - DAG(s) 'example_branch_dop_operator_v3' retrieved from /home/airflow/.local/lib/python3.8/site-packages/airflow/example_dags/example_branch_python_dop_operator_3.py
[2024-03-06T22:18:47.354+0000] {logging_mixin.py:188} INFO - [2024-03-06T22:18:47.354+0000] {dag.py:3047} INFO - Sync 1 DAGs
[2024-03-06T22:18:47.404+0000] {logging_mixin.py:188} INFO - [2024-03-06T22:18:47.404+0000] {dag.py:3834} INFO - Setting next_dagrun for example_branch_dop_operator_v3 to 2024-03-06 22:17:00+00:00, run_after=2024-03-06 22:18:00+00:00
[2024-03-06T22:18:47.469+0000] {processor.py:183} INFO - Processing /home/airflow/.local/lib/python3.8/site-packages/airflow/example_dags/example_branch_python_dop_operator_3.py took 0.180 seconds
[2024-03-06T22:19:17.549+0000] {processor.py:161} INFO - Started process (PID=235) to work on /home/airflow/.local/lib/python3.8/site-packages/airflow/example_dags/example_branch_python_dop_operator_3.py
[2024-03-06T22:19:17.551+0000] {processor.py:830} INFO - Processing file /home/airflow/.local/lib/python3.8/site-packages/airflow/example_dags/example_branch_python_dop_operator_3.py for tasks to queue
[2024-03-06T22:19:17.554+0000] {logging_mixin.py:188} INFO - [2024-03-06T22:19:17.554+0000] {dagbag.py:540} INFO - Filling up the DagBag from /home/airflow/.local/lib/python3.8/site-packages/airflow/example_dags/example_branch_python_dop_operator_3.py
[2024-03-06T22:19:17.569+0000] {processor.py:840} INFO - DAG(s) 'example_branch_dop_operator_v3' retrieved from /home/airflow/.local/lib/python3.8/site-packages/airflow/example_dags/example_branch_python_dop_operator_3.py
[2024-03-06T22:19:17.603+0000] {logging_mixin.py:188} INFO - [2024-03-06T22:19:17.603+0000] {dag.py:3047} INFO - Sync 1 DAGs
[2024-03-06T22:19:17.648+0000] {logging_mixin.py:188} INFO - [2024-03-06T22:19:17.647+0000] {dag.py:3834} INFO - Setting next_dagrun for example_branch_dop_operator_v3 to 2024-03-06 22:18:00+00:00, run_after=2024-03-06 22:19:00+00:00
[2024-03-06T22:19:17.683+0000] {processor.py:183} INFO - Processing /home/airflow/.local/lib/python3.8/site-packages/airflow/example_dags/example_branch_python_dop_operator_3.py took 0.139 seconds
[2024-03-06T22:19:48.566+0000] {processor.py:161} INFO - Started process (PID=290) to work on /home/airflow/.local/lib/python3.8/site-packages/airflow/example_dags/example_branch_python_dop_operator_3.py
[2024-03-06T22:19:48.568+0000] {processor.py:830} INFO - Processing file /home/airflow/.local/lib/python3.8/site-packages/airflow/example_dags/example_branch_python_dop_operator_3.py for tasks to queue
[2024-03-06T22:19:48.571+0000] {logging_mixin.py:188} INFO - [2024-03-06T22:19:48.570+0000] {dagbag.py:540} INFO - Filling up the DagBag from /home/airflow/.local/lib/python3.8/site-packages/airflow/example_dags/example_branch_python_dop_operator_3.py
[2024-03-06T22:19:48.584+0000] {processor.py:840} INFO - DAG(s) 'example_branch_dop_operator_v3' retrieved from /home/airflow/.local/lib/python3.8/site-packages/airflow/example_dags/example_branch_python_dop_operator_3.py
[2024-03-06T22:19:48.617+0000] {logging_mixin.py:188} INFO - [2024-03-06T22:19:48.616+0000] {dag.py:3047} INFO - Sync 1 DAGs
[2024-03-06T22:19:48.654+0000] {logging_mixin.py:188} INFO - [2024-03-06T22:19:48.653+0000] {dag.py:3834} INFO - Setting next_dagrun for example_branch_dop_operator_v3 to 2024-03-06 22:18:00+00:00, run_after=2024-03-06 22:19:00+00:00
[2024-03-06T22:19:48.683+0000] {processor.py:183} INFO - Processing /home/airflow/.local/lib/python3.8/site-packages/airflow/example_dags/example_branch_python_dop_operator_3.py took 0.121 seconds
[2024-03-06T22:20:18.770+0000] {processor.py:161} INFO - Started process (PID=345) to work on /home/airflow/.local/lib/python3.8/site-packages/airflow/example_dags/example_branch_python_dop_operator_3.py
[2024-03-06T22:20:18.772+0000] {processor.py:830} INFO - Processing file /home/airflow/.local/lib/python3.8/site-packages/airflow/example_dags/example_branch_python_dop_operator_3.py for tasks to queue
[2024-03-06T22:20:18.774+0000] {logging_mixin.py:188} INFO - [2024-03-06T22:20:18.774+0000] {dagbag.py:540} INFO - Filling up the DagBag from /home/airflow/.local/lib/python3.8/site-packages/airflow/example_dags/example_branch_python_dop_operator_3.py
[2024-03-06T22:20:18.786+0000] {processor.py:840} INFO - DAG(s) 'example_branch_dop_operator_v3' retrieved from /home/airflow/.local/lib/python3.8/site-packages/airflow/example_dags/example_branch_python_dop_operator_3.py
[2024-03-06T22:20:18.814+0000] {logging_mixin.py:188} INFO - [2024-03-06T22:20:18.814+0000] {dag.py:3047} INFO - Sync 1 DAGs
[2024-03-06T22:20:18.851+0000] {logging_mixin.py:188} INFO - [2024-03-06T22:20:18.851+0000] {dag.py:3834} INFO - Setting next_dagrun for example_branch_dop_operator_v3 to 2024-03-06 22:19:00+00:00, run_after=2024-03-06 22:20:00+00:00
[2024-03-06T22:20:18.879+0000] {processor.py:183} INFO - Processing /home/airflow/.local/lib/python3.8/site-packages/airflow/example_dags/example_branch_python_dop_operator_3.py took 0.114 seconds
[2024-03-06T22:20:49.085+0000] {processor.py:161} INFO - Started process (PID=400) to work on /home/airflow/.local/lib/python3.8/site-packages/airflow/example_dags/example_branch_python_dop_operator_3.py
[2024-03-06T22:20:49.086+0000] {processor.py:830} INFO - Processing file /home/airflow/.local/lib/python3.8/site-packages/airflow/example_dags/example_branch_python_dop_operator_3.py for tasks to queue
[2024-03-06T22:20:49.089+0000] {logging_mixin.py:188} INFO - [2024-03-06T22:20:49.089+0000] {dagbag.py:540} INFO - Filling up the DagBag from /home/airflow/.local/lib/python3.8/site-packages/airflow/example_dags/example_branch_python_dop_operator_3.py
[2024-03-06T22:20:49.102+0000] {processor.py:840} INFO - DAG(s) 'example_branch_dop_operator_v3' retrieved from /home/airflow/.local/lib/python3.8/site-packages/airflow/example_dags/example_branch_python_dop_operator_3.py
[2024-03-06T22:20:49.133+0000] {logging_mixin.py:188} INFO - [2024-03-06T22:20:49.133+0000] {dag.py:3047} INFO - Sync 1 DAGs
[2024-03-06T22:20:49.168+0000] {logging_mixin.py:188} INFO - [2024-03-06T22:20:49.168+0000] {dag.py:3834} INFO - Setting next_dagrun for example_branch_dop_operator_v3 to 2024-03-06 22:19:00+00:00, run_after=2024-03-06 22:20:00+00:00
[2024-03-06T22:20:49.195+0000] {processor.py:183} INFO - Processing /home/airflow/.local/lib/python3.8/site-packages/airflow/example_dags/example_branch_python_dop_operator_3.py took 0.114 seconds
[2024-03-06T22:21:20.014+0000] {processor.py:161} INFO - Started process (PID=455) to work on /home/airflow/.local/lib/python3.8/site-packages/airflow/example_dags/example_branch_python_dop_operator_3.py
[2024-03-06T22:21:20.020+0000] {processor.py:830} INFO - Processing file /home/airflow/.local/lib/python3.8/site-packages/airflow/example_dags/example_branch_python_dop_operator_3.py for tasks to queue
[2024-03-06T22:21:20.054+0000] {logging_mixin.py:188} INFO - [2024-03-06T22:21:20.053+0000] {dagbag.py:540} INFO - Filling up the DagBag from /home/airflow/.local/lib/python3.8/site-packages/airflow/example_dags/example_branch_python_dop_operator_3.py
[2024-03-06T22:21:20.073+0000] {processor.py:840} INFO - DAG(s) 'example_branch_dop_operator_v3' retrieved from /home/airflow/.local/lib/python3.8/site-packages/airflow/example_dags/example_branch_python_dop_operator_3.py
[2024-03-06T22:21:20.126+0000] {logging_mixin.py:188} INFO - [2024-03-06T22:21:20.126+0000] {dag.py:3047} INFO - Sync 1 DAGs
[2024-03-06T22:21:20.287+0000] {logging_mixin.py:188} INFO - [2024-03-06T22:21:20.286+0000] {dag.py:3834} INFO - Setting next_dagrun for example_branch_dop_operator_v3 to 2024-03-06 22:20:00+00:00, run_after=2024-03-06 22:21:00+00:00
[2024-03-06T22:21:20.323+0000] {processor.py:183} INFO - Processing /home/airflow/.local/lib/python3.8/site-packages/airflow/example_dags/example_branch_python_dop_operator_3.py took 0.383 seconds
[2024-03-06T22:21:50.551+0000] {processor.py:161} INFO - Started process (PID=510) to work on /home/airflow/.local/lib/python3.8/site-packages/airflow/example_dags/example_branch_python_dop_operator_3.py
[2024-03-06T22:21:50.553+0000] {processor.py:830} INFO - Processing file /home/airflow/.local/lib/python3.8/site-packages/airflow/example_dags/example_branch_python_dop_operator_3.py for tasks to queue
[2024-03-06T22:21:50.555+0000] {logging_mixin.py:188} INFO - [2024-03-06T22:21:50.555+0000] {dagbag.py:540} INFO - Filling up the DagBag from /home/airflow/.local/lib/python3.8/site-packages/airflow/example_dags/example_branch_python_dop_operator_3.py
[2024-03-06T22:21:50.568+0000] {processor.py:840} INFO - DAG(s) 'example_branch_dop_operator_v3' retrieved from /home/airflow/.local/lib/python3.8/site-packages/airflow/example_dags/example_branch_python_dop_operator_3.py
[2024-03-06T22:21:50.595+0000] {logging_mixin.py:188} INFO - [2024-03-06T22:21:50.595+0000] {dag.py:3047} INFO - Sync 1 DAGs
[2024-03-06T22:21:50.628+0000] {logging_mixin.py:188} INFO - [2024-03-06T22:21:50.628+0000] {dag.py:3834} INFO - Setting next_dagrun for example_branch_dop_operator_v3 to 2024-03-06 22:20:00+00:00, run_after=2024-03-06 22:21:00+00:00
[2024-03-06T22:21:50.653+0000] {processor.py:183} INFO - Processing /home/airflow/.local/lib/python3.8/site-packages/airflow/example_dags/example_branch_python_dop_operator_3.py took 0.106 seconds
[2024-03-06T22:22:20.881+0000] {processor.py:161} INFO - Started process (PID=564) to work on /home/airflow/.local/lib/python3.8/site-packages/airflow/example_dags/example_branch_python_dop_operator_3.py
[2024-03-06T22:22:20.882+0000] {processor.py:830} INFO - Processing file /home/airflow/.local/lib/python3.8/site-packages/airflow/example_dags/example_branch_python_dop_operator_3.py for tasks to queue
[2024-03-06T22:22:20.885+0000] {logging_mixin.py:188} INFO - [2024-03-06T22:22:20.885+0000] {dagbag.py:540} INFO - Filling up the DagBag from /home/airflow/.local/lib/python3.8/site-packages/airflow/example_dags/example_branch_python_dop_operator_3.py
[2024-03-06T22:22:20.897+0000] {processor.py:840} INFO - DAG(s) 'example_branch_dop_operator_v3' retrieved from /home/airflow/.local/lib/python3.8/site-packages/airflow/example_dags/example_branch_python_dop_operator_3.py
[2024-03-06T22:22:20.922+0000] {logging_mixin.py:188} INFO - [2024-03-06T22:22:20.922+0000] {dag.py:3047} INFO - Sync 1 DAGs
[2024-03-06T22:22:20.955+0000] {logging_mixin.py:188} INFO - [2024-03-06T22:22:20.955+0000] {dag.py:3834} INFO - Setting next_dagrun for example_branch_dop_operator_v3 to 2024-03-06 22:21:00+00:00, run_after=2024-03-06 22:22:00+00:00
[2024-03-06T22:22:20.981+0000] {processor.py:183} INFO - Processing /home/airflow/.local/lib/python3.8/site-packages/airflow/example_dags/example_branch_python_dop_operator_3.py took 0.104 seconds
[2024-03-06T22:22:51.603+0000] {processor.py:161} INFO - Started process (PID=619) to work on /home/airflow/.local/lib/python3.8/site-packages/airflow/example_dags/example_branch_python_dop_operator_3.py
[2024-03-06T22:22:51.604+0000] {processor.py:830} INFO - Processing file /home/airflow/.local/lib/python3.8/site-packages/airflow/example_dags/example_branch_python_dop_operator_3.py for tasks to queue
[2024-03-06T22:22:51.607+0000] {logging_mixin.py:188} INFO - [2024-03-06T22:22:51.607+0000] {dagbag.py:540} INFO - Filling up the DagBag from /home/airflow/.local/lib/python3.8/site-packages/airflow/example_dags/example_branch_python_dop_operator_3.py
[2024-03-06T22:22:51.619+0000] {processor.py:840} INFO - DAG(s) 'example_branch_dop_operator_v3' retrieved from /home/airflow/.local/lib/python3.8/site-packages/airflow/example_dags/example_branch_python_dop_operator_3.py
[2024-03-06T22:22:51.644+0000] {logging_mixin.py:188} INFO - [2024-03-06T22:22:51.644+0000] {dag.py:3047} INFO - Sync 1 DAGs
[2024-03-06T22:22:51.677+0000] {logging_mixin.py:188} INFO - [2024-03-06T22:22:51.677+0000] {dag.py:3834} INFO - Setting next_dagrun for example_branch_dop_operator_v3 to 2024-03-06 22:21:00+00:00, run_after=2024-03-06 22:22:00+00:00
[2024-03-06T22:22:51.701+0000] {processor.py:183} INFO - Processing /home/airflow/.local/lib/python3.8/site-packages/airflow/example_dags/example_branch_python_dop_operator_3.py took 0.103 seconds
[2024-03-06T22:23:22.028+0000] {processor.py:161} INFO - Started process (PID=674) to work on /home/airflow/.local/lib/python3.8/site-packages/airflow/example_dags/example_branch_python_dop_operator_3.py
[2024-03-06T22:23:22.030+0000] {processor.py:830} INFO - Processing file /home/airflow/.local/lib/python3.8/site-packages/airflow/example_dags/example_branch_python_dop_operator_3.py for tasks to queue
[2024-03-06T22:23:22.032+0000] {logging_mixin.py:188} INFO - [2024-03-06T22:23:22.032+0000] {dagbag.py:540} INFO - Filling up the DagBag from /home/airflow/.local/lib/python3.8/site-packages/airflow/example_dags/example_branch_python_dop_operator_3.py
[2024-03-06T22:23:22.044+0000] {processor.py:840} INFO - DAG(s) 'example_branch_dop_operator_v3' retrieved from /home/airflow/.local/lib/python3.8/site-packages/airflow/example_dags/example_branch_python_dop_operator_3.py
[2024-03-06T22:23:22.073+0000] {logging_mixin.py:188} INFO - [2024-03-06T22:23:22.073+0000] {dag.py:3047} INFO - Sync 1 DAGs
[2024-03-06T22:23:22.107+0000] {logging_mixin.py:188} INFO - [2024-03-06T22:23:22.106+0000] {dag.py:3834} INFO - Setting next_dagrun for example_branch_dop_operator_v3 to 2024-03-06 22:22:00+00:00, run_after=2024-03-06 22:23:00+00:00
[2024-03-06T22:23:22.135+0000] {processor.py:183} INFO - Processing /home/airflow/.local/lib/python3.8/site-packages/airflow/example_dags/example_branch_python_dop_operator_3.py took 0.111 seconds
[2024-03-06T22:23:52.734+0000] {processor.py:161} INFO - Started process (PID=728) to work on /home/airflow/.local/lib/python3.8/site-packages/airflow/example_dags/example_branch_python_dop_operator_3.py
[2024-03-06T22:23:52.736+0000] {processor.py:830} INFO - Processing file /home/airflow/.local/lib/python3.8/site-packages/airflow/example_dags/example_branch_python_dop_operator_3.py for tasks to queue
[2024-03-06T22:23:52.738+0000] {logging_mixin.py:188} INFO - [2024-03-06T22:23:52.738+0000] {dagbag.py:540} INFO - Filling up the DagBag from /home/airflow/.local/lib/python3.8/site-packages/airflow/example_dags/example_branch_python_dop_operator_3.py
[2024-03-06T22:23:52.751+0000] {processor.py:840} INFO - DAG(s) 'example_branch_dop_operator_v3' retrieved from /home/airflow/.local/lib/python3.8/site-packages/airflow/example_dags/example_branch_python_dop_operator_3.py
[2024-03-06T22:23:52.784+0000] {logging_mixin.py:188} INFO - [2024-03-06T22:23:52.783+0000] {dag.py:3047} INFO - Sync 1 DAGs
[2024-03-06T22:23:52.827+0000] {logging_mixin.py:188} INFO - [2024-03-06T22:23:52.826+0000] {dag.py:3834} INFO - Setting next_dagrun for example_branch_dop_operator_v3 to 2024-03-06 22:22:00+00:00, run_after=2024-03-06 22:23:00+00:00
[2024-03-06T22:23:52.864+0000] {processor.py:183} INFO - Processing /home/airflow/.local/lib/python3.8/site-packages/airflow/example_dags/example_branch_python_dop_operator_3.py took 0.135 seconds
[2024-03-06T22:24:23.661+0000] {processor.py:161} INFO - Started process (PID=783) to work on /home/airflow/.local/lib/python3.8/site-packages/airflow/example_dags/example_branch_python_dop_operator_3.py
[2024-03-06T22:24:23.663+0000] {processor.py:830} INFO - Processing file /home/airflow/.local/lib/python3.8/site-packages/airflow/example_dags/example_branch_python_dop_operator_3.py for tasks to queue
[2024-03-06T22:24:23.666+0000] {logging_mixin.py:188} INFO - [2024-03-06T22:24:23.665+0000] {dagbag.py:540} INFO - Filling up the DagBag from /home/airflow/.local/lib/python3.8/site-packages/airflow/example_dags/example_branch_python_dop_operator_3.py
[2024-03-06T22:24:23.684+0000] {processor.py:840} INFO - DAG(s) 'example_branch_dop_operator_v3' retrieved from /home/airflow/.local/lib/python3.8/site-packages/airflow/example_dags/example_branch_python_dop_operator_3.py
[2024-03-06T22:24:23.718+0000] {logging_mixin.py:188} INFO - [2024-03-06T22:24:23.718+0000] {dag.py:3047} INFO - Sync 1 DAGs
[2024-03-06T22:24:23.761+0000] {logging_mixin.py:188} INFO - [2024-03-06T22:24:23.761+0000] {dag.py:3834} INFO - Setting next_dagrun for example_branch_dop_operator_v3 to 2024-03-06 22:23:00+00:00, run_after=2024-03-06 22:24:00+00:00
[2024-03-06T22:24:23.795+0000] {processor.py:183} INFO - Processing /home/airflow/.local/lib/python3.8/site-packages/airflow/example_dags/example_branch_python_dop_operator_3.py took 0.140 seconds
[2024-03-06T22:24:53.867+0000] {processor.py:161} INFO - Started process (PID=838) to work on /home/airflow/.local/lib/python3.8/site-packages/airflow/example_dags/example_branch_python_dop_operator_3.py
[2024-03-06T22:24:53.869+0000] {processor.py:830} INFO - Processing file /home/airflow/.local/lib/python3.8/site-packages/airflow/example_dags/example_branch_python_dop_operator_3.py for tasks to queue
[2024-03-06T22:24:53.872+0000] {logging_mixin.py:188} INFO - [2024-03-06T22:24:53.872+0000] {dagbag.py:540} INFO - Filling up the DagBag from /home/airflow/.local/lib/python3.8/site-packages/airflow/example_dags/example_branch_python_dop_operator_3.py
[2024-03-06T22:24:53.889+0000] {processor.py:840} INFO - DAG(s) 'example_branch_dop_operator_v3' retrieved from /home/airflow/.local/lib/python3.8/site-packages/airflow/example_dags/example_branch_python_dop_operator_3.py
[2024-03-06T22:24:53.923+0000] {logging_mixin.py:188} INFO - [2024-03-06T22:24:53.923+0000] {dag.py:3047} INFO - Sync 1 DAGs
[2024-03-06T22:24:53.963+0000] {logging_mixin.py:188} INFO - [2024-03-06T22:24:53.962+0000] {dag.py:3834} INFO - Setting next_dagrun for example_branch_dop_operator_v3 to 2024-03-06 22:23:00+00:00, run_after=2024-03-06 22:24:00+00:00
[2024-03-06T22:24:53.987+0000] {processor.py:183} INFO - Processing /home/airflow/.local/lib/python3.8/site-packages/airflow/example_dags/example_branch_python_dop_operator_3.py took 0.126 seconds
[2024-03-06T22:25:24.103+0000] {processor.py:161} INFO - Started process (PID=893) to work on /home/airflow/.local/lib/python3.8/site-packages/airflow/example_dags/example_branch_python_dop_operator_3.py
[2024-03-06T22:25:24.104+0000] {processor.py:830} INFO - Processing file /home/airflow/.local/lib/python3.8/site-packages/airflow/example_dags/example_branch_python_dop_operator_3.py for tasks to queue
[2024-03-06T22:25:24.107+0000] {logging_mixin.py:188} INFO - [2024-03-06T22:25:24.107+0000] {dagbag.py:540} INFO - Filling up the DagBag from /home/airflow/.local/lib/python3.8/site-packages/airflow/example_dags/example_branch_python_dop_operator_3.py
[2024-03-06T22:25:24.123+0000] {processor.py:840} INFO - DAG(s) 'example_branch_dop_operator_v3' retrieved from /home/airflow/.local/lib/python3.8/site-packages/airflow/example_dags/example_branch_python_dop_operator_3.py
[2024-03-06T22:25:24.148+0000] {logging_mixin.py:188} INFO - [2024-03-06T22:25:24.148+0000] {dag.py:3047} INFO - Sync 1 DAGs
[2024-03-06T22:25:24.187+0000] {logging_mixin.py:188} INFO - [2024-03-06T22:25:24.187+0000] {dag.py:3834} INFO - Setting next_dagrun for example_branch_dop_operator_v3 to 2024-03-06 22:24:00+00:00, run_after=2024-03-06 22:25:00+00:00
[2024-03-06T22:25:24.216+0000] {processor.py:183} INFO - Processing /home/airflow/.local/lib/python3.8/site-packages/airflow/example_dags/example_branch_python_dop_operator_3.py took 0.117 seconds
[2024-03-06T22:25:54.561+0000] {processor.py:161} INFO - Started process (PID=947) to work on /home/airflow/.local/lib/python3.8/site-packages/airflow/example_dags/example_branch_python_dop_operator_3.py
[2024-03-06T22:25:54.565+0000] {processor.py:830} INFO - Processing file /home/airflow/.local/lib/python3.8/site-packages/airflow/example_dags/example_branch_python_dop_operator_3.py for tasks to queue
[2024-03-06T22:25:54.568+0000] {logging_mixin.py:188} INFO - [2024-03-06T22:25:54.567+0000] {dagbag.py:540} INFO - Filling up the DagBag from /home/airflow/.local/lib/python3.8/site-packages/airflow/example_dags/example_branch_python_dop_operator_3.py
[2024-03-06T22:25:54.580+0000] {processor.py:840} INFO - DAG(s) 'example_branch_dop_operator_v3' retrieved from /home/airflow/.local/lib/python3.8/site-packages/airflow/example_dags/example_branch_python_dop_operator_3.py
[2024-03-06T22:25:54.609+0000] {logging_mixin.py:188} INFO - [2024-03-06T22:25:54.609+0000] {dag.py:3047} INFO - Sync 1 DAGs
[2024-03-06T22:25:54.648+0000] {logging_mixin.py:188} INFO - [2024-03-06T22:25:54.648+0000] {dag.py:3834} INFO - Setting next_dagrun for example_branch_dop_operator_v3 to 2024-03-06 22:24:00+00:00, run_after=2024-03-06 22:25:00+00:00
[2024-03-06T22:25:54.676+0000] {processor.py:183} INFO - Processing /home/airflow/.local/lib/python3.8/site-packages/airflow/example_dags/example_branch_python_dop_operator_3.py took 0.121 seconds
[2024-03-06T22:26:25.045+0000] {processor.py:161} INFO - Started process (PID=1002) to work on /home/airflow/.local/lib/python3.8/site-packages/airflow/example_dags/example_branch_python_dop_operator_3.py
[2024-03-06T22:26:25.047+0000] {processor.py:830} INFO - Processing file /home/airflow/.local/lib/python3.8/site-packages/airflow/example_dags/example_branch_python_dop_operator_3.py for tasks to queue
[2024-03-06T22:26:25.051+0000] {logging_mixin.py:188} INFO - [2024-03-06T22:26:25.050+0000] {dagbag.py:540} INFO - Filling up the DagBag from /home/airflow/.local/lib/python3.8/site-packages/airflow/example_dags/example_branch_python_dop_operator_3.py
[2024-03-06T22:26:25.064+0000] {processor.py:840} INFO - DAG(s) 'example_branch_dop_operator_v3' retrieved from /home/airflow/.local/lib/python3.8/site-packages/airflow/example_dags/example_branch_python_dop_operator_3.py
[2024-03-06T22:26:25.104+0000] {logging_mixin.py:188} INFO - [2024-03-06T22:26:25.103+0000] {dag.py:3047} INFO - Sync 1 DAGs
[2024-03-06T22:26:25.148+0000] {logging_mixin.py:188} INFO - [2024-03-06T22:26:25.147+0000] {dag.py:3834} INFO - Setting next_dagrun for example_branch_dop_operator_v3 to 2024-03-06 22:25:00+00:00, run_after=2024-03-06 22:26:00+00:00
[2024-03-06T22:26:25.176+0000] {processor.py:183} INFO - Processing /home/airflow/.local/lib/python3.8/site-packages/airflow/example_dags/example_branch_python_dop_operator_3.py took 0.136 seconds
[2024-03-06T22:26:55.341+0000] {processor.py:161} INFO - Started process (PID=1057) to work on /home/airflow/.local/lib/python3.8/site-packages/airflow/example_dags/example_branch_python_dop_operator_3.py
[2024-03-06T22:26:55.382+0000] {processor.py:830} INFO - Processing file /home/airflow/.local/lib/python3.8/site-packages/airflow/example_dags/example_branch_python_dop_operator_3.py for tasks to queue
[2024-03-06T22:26:55.392+0000] {logging_mixin.py:188} INFO - [2024-03-06T22:26:55.391+0000] {dagbag.py:540} INFO - Filling up the DagBag from /home/airflow/.local/lib/python3.8/site-packages/airflow/example_dags/example_branch_python_dop_operator_3.py
[2024-03-06T22:26:55.423+0000] {processor.py:840} INFO - DAG(s) 'example_branch_dop_operator_v3' retrieved from /home/airflow/.local/lib/python3.8/site-packages/airflow/example_dags/example_branch_python_dop_operator_3.py
[2024-03-06T22:26:55.451+0000] {logging_mixin.py:188} INFO - [2024-03-06T22:26:55.451+0000] {dag.py:3047} INFO - Sync 1 DAGs
[2024-03-06T22:26:55.491+0000] {logging_mixin.py:188} INFO - [2024-03-06T22:26:55.491+0000] {dag.py:3834} INFO - Setting next_dagrun for example_branch_dop_operator_v3 to 2024-03-06 22:25:00+00:00, run_after=2024-03-06 22:26:00+00:00
[2024-03-06T22:26:55.522+0000] {processor.py:183} INFO - Processing /home/airflow/.local/lib/python3.8/site-packages/airflow/example_dags/example_branch_python_dop_operator_3.py took 0.185 seconds
[2024-03-06T22:27:25.707+0000] {processor.py:161} INFO - Started process (PID=1112) to work on /home/airflow/.local/lib/python3.8/site-packages/airflow/example_dags/example_branch_python_dop_operator_3.py
[2024-03-06T22:27:25.713+0000] {processor.py:830} INFO - Processing file /home/airflow/.local/lib/python3.8/site-packages/airflow/example_dags/example_branch_python_dop_operator_3.py for tasks to queue
[2024-03-06T22:27:25.715+0000] {logging_mixin.py:188} INFO - [2024-03-06T22:27:25.715+0000] {dagbag.py:540} INFO - Filling up the DagBag from /home/airflow/.local/lib/python3.8/site-packages/airflow/example_dags/example_branch_python_dop_operator_3.py
[2024-03-06T22:27:25.730+0000] {processor.py:840} INFO - DAG(s) 'example_branch_dop_operator_v3' retrieved from /home/airflow/.local/lib/python3.8/site-packages/airflow/example_dags/example_branch_python_dop_operator_3.py
[2024-03-06T22:27:25.759+0000] {logging_mixin.py:188} INFO - [2024-03-06T22:27:25.759+0000] {dag.py:3047} INFO - Sync 1 DAGs
[2024-03-06T22:27:25.795+0000] {logging_mixin.py:188} INFO - [2024-03-06T22:27:25.794+0000] {dag.py:3834} INFO - Setting next_dagrun for example_branch_dop_operator_v3 to 2024-03-06 22:26:00+00:00, run_after=2024-03-06 22:27:00+00:00
[2024-03-06T22:27:25.819+0000] {processor.py:183} INFO - Processing /home/airflow/.local/lib/python3.8/site-packages/airflow/example_dags/example_branch_python_dop_operator_3.py took 0.116 seconds
[2024-03-06T22:27:55.971+0000] {processor.py:161} INFO - Started process (PID=1167) to work on /home/airflow/.local/lib/python3.8/site-packages/airflow/example_dags/example_branch_python_dop_operator_3.py
[2024-03-06T22:27:55.973+0000] {processor.py:830} INFO - Processing file /home/airflow/.local/lib/python3.8/site-packages/airflow/example_dags/example_branch_python_dop_operator_3.py for tasks to queue
[2024-03-06T22:27:55.975+0000] {logging_mixin.py:188} INFO - [2024-03-06T22:27:55.975+0000] {dagbag.py:540} INFO - Filling up the DagBag from /home/airflow/.local/lib/python3.8/site-packages/airflow/example_dags/example_branch_python_dop_operator_3.py
[2024-03-06T22:27:55.988+0000] {processor.py:840} INFO - DAG(s) 'example_branch_dop_operator_v3' retrieved from /home/airflow/.local/lib/python3.8/site-packages/airflow/example_dags/example_branch_python_dop_operator_3.py
[2024-03-06T22:27:56.014+0000] {logging_mixin.py:188} INFO - [2024-03-06T22:27:56.014+0000] {dag.py:3047} INFO - Sync 1 DAGs
[2024-03-06T22:27:56.047+0000] {logging_mixin.py:188} INFO - [2024-03-06T22:27:56.046+0000] {dag.py:3834} INFO - Setting next_dagrun for example_branch_dop_operator_v3 to 2024-03-06 22:26:00+00:00, run_after=2024-03-06 22:27:00+00:00
[2024-03-06T22:27:56.073+0000] {processor.py:183} INFO - Processing /home/airflow/.local/lib/python3.8/site-packages/airflow/example_dags/example_branch_python_dop_operator_3.py took 0.106 seconds
[2024-03-06T22:28:26.111+0000] {processor.py:161} INFO - Started process (PID=1222) to work on /home/airflow/.local/lib/python3.8/site-packages/airflow/example_dags/example_branch_python_dop_operator_3.py
[2024-03-06T22:28:26.112+0000] {processor.py:830} INFO - Processing file /home/airflow/.local/lib/python3.8/site-packages/airflow/example_dags/example_branch_python_dop_operator_3.py for tasks to queue
[2024-03-06T22:28:26.115+0000] {logging_mixin.py:188} INFO - [2024-03-06T22:28:26.114+0000] {dagbag.py:540} INFO - Filling up the DagBag from /home/airflow/.local/lib/python3.8/site-packages/airflow/example_dags/example_branch_python_dop_operator_3.py
[2024-03-06T22:28:26.129+0000] {processor.py:840} INFO - DAG(s) 'example_branch_dop_operator_v3' retrieved from /home/airflow/.local/lib/python3.8/site-packages/airflow/example_dags/example_branch_python_dop_operator_3.py
[2024-03-06T22:28:26.158+0000] {logging_mixin.py:188} INFO - [2024-03-06T22:28:26.158+0000] {dag.py:3047} INFO - Sync 1 DAGs
[2024-03-06T22:28:26.193+0000] {logging_mixin.py:188} INFO - [2024-03-06T22:28:26.192+0000] {dag.py:3834} INFO - Setting next_dagrun for example_branch_dop_operator_v3 to 2024-03-06 22:27:00+00:00, run_after=2024-03-06 22:28:00+00:00
[2024-03-06T22:28:26.218+0000] {processor.py:183} INFO - Processing /home/airflow/.local/lib/python3.8/site-packages/airflow/example_dags/example_branch_python_dop_operator_3.py took 0.111 seconds
[2024-03-06T22:28:56.594+0000] {processor.py:161} INFO - Started process (PID=1277) to work on /home/airflow/.local/lib/python3.8/site-packages/airflow/example_dags/example_branch_python_dop_operator_3.py
[2024-03-06T22:28:56.605+0000] {processor.py:830} INFO - Processing file /home/airflow/.local/lib/python3.8/site-packages/airflow/example_dags/example_branch_python_dop_operator_3.py for tasks to queue
[2024-03-06T22:28:56.611+0000] {logging_mixin.py:188} INFO - [2024-03-06T22:28:56.610+0000] {dagbag.py:540} INFO - Filling up the DagBag from /home/airflow/.local/lib/python3.8/site-packages/airflow/example_dags/example_branch_python_dop_operator_3.py
[2024-03-06T22:28:56.640+0000] {processor.py:840} INFO - DAG(s) 'example_branch_dop_operator_v3' retrieved from /home/airflow/.local/lib/python3.8/site-packages/airflow/example_dags/example_branch_python_dop_operator_3.py
[2024-03-06T22:28:56.667+0000] {logging_mixin.py:188} INFO - [2024-03-06T22:28:56.667+0000] {dag.py:3047} INFO - Sync 1 DAGs
[2024-03-06T22:28:56.701+0000] {logging_mixin.py:188} INFO - [2024-03-06T22:28:56.701+0000] {dag.py:3834} INFO - Setting next_dagrun for example_branch_dop_operator_v3 to 2024-03-06 22:27:00+00:00, run_after=2024-03-06 22:28:00+00:00
[2024-03-06T22:28:56.727+0000] {processor.py:183} INFO - Processing /home/airflow/.local/lib/python3.8/site-packages/airflow/example_dags/example_branch_python_dop_operator_3.py took 0.143 seconds
[2024-03-06T22:29:27.471+0000] {processor.py:161} INFO - Started process (PID=1332) to work on /home/airflow/.local/lib/python3.8/site-packages/airflow/example_dags/example_branch_python_dop_operator_3.py
[2024-03-06T22:29:27.472+0000] {processor.py:830} INFO - Processing file /home/airflow/.local/lib/python3.8/site-packages/airflow/example_dags/example_branch_python_dop_operator_3.py for tasks to queue
[2024-03-06T22:29:27.476+0000] {logging_mixin.py:188} INFO - [2024-03-06T22:29:27.476+0000] {dagbag.py:540} INFO - Filling up the DagBag from /home/airflow/.local/lib/python3.8/site-packages/airflow/example_dags/example_branch_python_dop_operator_3.py
[2024-03-06T22:29:27.488+0000] {processor.py:840} INFO - DAG(s) 'example_branch_dop_operator_v3' retrieved from /home/airflow/.local/lib/python3.8/site-packages/airflow/example_dags/example_branch_python_dop_operator_3.py
[2024-03-06T22:29:27.519+0000] {logging_mixin.py:188} INFO - [2024-03-06T22:29:27.518+0000] {dag.py:3047} INFO - Sync 1 DAGs
[2024-03-06T22:29:27.556+0000] {logging_mixin.py:188} INFO - [2024-03-06T22:29:27.555+0000] {dag.py:3834} INFO - Setting next_dagrun for example_branch_dop_operator_v3 to 2024-03-06 22:28:00+00:00, run_after=2024-03-06 22:29:00+00:00
[2024-03-06T22:29:27.582+0000] {processor.py:183} INFO - Processing /home/airflow/.local/lib/python3.8/site-packages/airflow/example_dags/example_branch_python_dop_operator_3.py took 0.116 seconds
[2024-03-06T22:29:58.266+0000] {processor.py:161} INFO - Started process (PID=1387) to work on /home/airflow/.local/lib/python3.8/site-packages/airflow/example_dags/example_branch_python_dop_operator_3.py
[2024-03-06T22:29:58.269+0000] {processor.py:830} INFO - Processing file /home/airflow/.local/lib/python3.8/site-packages/airflow/example_dags/example_branch_python_dop_operator_3.py for tasks to queue
[2024-03-06T22:29:58.272+0000] {logging_mixin.py:188} INFO - [2024-03-06T22:29:58.271+0000] {dagbag.py:540} INFO - Filling up the DagBag from /home/airflow/.local/lib/python3.8/site-packages/airflow/example_dags/example_branch_python_dop_operator_3.py
[2024-03-06T22:29:58.288+0000] {processor.py:840} INFO - DAG(s) 'example_branch_dop_operator_v3' retrieved from /home/airflow/.local/lib/python3.8/site-packages/airflow/example_dags/example_branch_python_dop_operator_3.py
[2024-03-06T22:29:58.322+0000] {logging_mixin.py:188} INFO - [2024-03-06T22:29:58.322+0000] {dag.py:3047} INFO - Sync 1 DAGs
[2024-03-06T22:29:58.379+0000] {logging_mixin.py:188} INFO - [2024-03-06T22:29:58.379+0000] {dag.py:3834} INFO - Setting next_dagrun for example_branch_dop_operator_v3 to 2024-03-06 22:28:00+00:00, run_after=2024-03-06 22:29:00+00:00
[2024-03-06T22:29:58.410+0000] {processor.py:183} INFO - Processing /home/airflow/.local/lib/python3.8/site-packages/airflow/example_dags/example_branch_python_dop_operator_3.py took 0.156 seconds
[2024-03-06T22:30:28.995+0000] {processor.py:161} INFO - Started process (PID=1441) to work on /home/airflow/.local/lib/python3.8/site-packages/airflow/example_dags/example_branch_python_dop_operator_3.py
[2024-03-06T22:30:28.997+0000] {processor.py:830} INFO - Processing file /home/airflow/.local/lib/python3.8/site-packages/airflow/example_dags/example_branch_python_dop_operator_3.py for tasks to queue
[2024-03-06T22:30:29.000+0000] {logging_mixin.py:188} INFO - [2024-03-06T22:30:28.999+0000] {dagbag.py:540} INFO - Filling up the DagBag from /home/airflow/.local/lib/python3.8/site-packages/airflow/example_dags/example_branch_python_dop_operator_3.py
[2024-03-06T22:30:29.013+0000] {processor.py:840} INFO - DAG(s) 'example_branch_dop_operator_v3' retrieved from /home/airflow/.local/lib/python3.8/site-packages/airflow/example_dags/example_branch_python_dop_operator_3.py
[2024-03-06T22:30:29.043+0000] {logging_mixin.py:188} INFO - [2024-03-06T22:30:29.043+0000] {dag.py:3047} INFO - Sync 1 DAGs
[2024-03-06T22:30:29.083+0000] {logging_mixin.py:188} INFO - [2024-03-06T22:30:29.083+0000] {dag.py:3834} INFO - Setting next_dagrun for example_branch_dop_operator_v3 to 2024-03-06 22:29:00+00:00, run_after=2024-03-06 22:30:00+00:00
[2024-03-06T22:30:29.115+0000] {processor.py:183} INFO - Processing /home/airflow/.local/lib/python3.8/site-packages/airflow/example_dags/example_branch_python_dop_operator_3.py took 0.124 seconds
[2024-03-06T22:30:59.587+0000] {processor.py:161} INFO - Started process (PID=1496) to work on /home/airflow/.local/lib/python3.8/site-packages/airflow/example_dags/example_branch_python_dop_operator_3.py
[2024-03-06T22:30:59.589+0000] {processor.py:830} INFO - Processing file /home/airflow/.local/lib/python3.8/site-packages/airflow/example_dags/example_branch_python_dop_operator_3.py for tasks to queue
[2024-03-06T22:30:59.592+0000] {logging_mixin.py:188} INFO - [2024-03-06T22:30:59.592+0000] {dagbag.py:540} INFO - Filling up the DagBag from /home/airflow/.local/lib/python3.8/site-packages/airflow/example_dags/example_branch_python_dop_operator_3.py
[2024-03-06T22:30:59.604+0000] {processor.py:840} INFO - DAG(s) 'example_branch_dop_operator_v3' retrieved from /home/airflow/.local/lib/python3.8/site-packages/airflow/example_dags/example_branch_python_dop_operator_3.py
[2024-03-06T22:30:59.636+0000] {logging_mixin.py:188} INFO - [2024-03-06T22:30:59.635+0000] {dag.py:3047} INFO - Sync 1 DAGs
[2024-03-06T22:30:59.677+0000] {logging_mixin.py:188} INFO - [2024-03-06T22:30:59.677+0000] {dag.py:3834} INFO - Setting next_dagrun for example_branch_dop_operator_v3 to 2024-03-06 22:29:00+00:00, run_after=2024-03-06 22:30:00+00:00
[2024-03-06T22:30:59.704+0000] {processor.py:183} INFO - Processing /home/airflow/.local/lib/python3.8/site-packages/airflow/example_dags/example_branch_python_dop_operator_3.py took 0.122 seconds
[2024-03-06T22:31:30.516+0000] {processor.py:161} INFO - Started process (PID=1557) to work on /home/airflow/.local/lib/python3.8/site-packages/airflow/example_dags/example_branch_python_dop_operator_3.py
[2024-03-06T22:31:30.518+0000] {processor.py:830} INFO - Processing file /home/airflow/.local/lib/python3.8/site-packages/airflow/example_dags/example_branch_python_dop_operator_3.py for tasks to queue
[2024-03-06T22:31:30.521+0000] {logging_mixin.py:188} INFO - [2024-03-06T22:31:30.521+0000] {dagbag.py:540} INFO - Filling up the DagBag from /home/airflow/.local/lib/python3.8/site-packages/airflow/example_dags/example_branch_python_dop_operator_3.py
[2024-03-06T22:31:30.543+0000] {processor.py:840} INFO - DAG(s) 'example_branch_dop_operator_v3' retrieved from /home/airflow/.local/lib/python3.8/site-packages/airflow/example_dags/example_branch_python_dop_operator_3.py
[2024-03-06T22:31:30.573+0000] {logging_mixin.py:188} INFO - [2024-03-06T22:31:30.572+0000] {dag.py:3047} INFO - Sync 1 DAGs
[2024-03-06T22:31:30.615+0000] {logging_mixin.py:188} INFO - [2024-03-06T22:31:30.615+0000] {dag.py:3834} INFO - Setting next_dagrun for example_branch_dop_operator_v3 to 2024-03-06 22:30:00+00:00, run_after=2024-03-06 22:31:00+00:00
[2024-03-06T22:31:30.646+0000] {processor.py:183} INFO - Processing /home/airflow/.local/lib/python3.8/site-packages/airflow/example_dags/example_branch_python_dop_operator_3.py took 0.134 seconds
[2024-03-06T22:32:00.768+0000] {processor.py:161} INFO - Started process (PID=1611) to work on /home/airflow/.local/lib/python3.8/site-packages/airflow/example_dags/example_branch_python_dop_operator_3.py
[2024-03-06T22:32:00.771+0000] {processor.py:830} INFO - Processing file /home/airflow/.local/lib/python3.8/site-packages/airflow/example_dags/example_branch_python_dop_operator_3.py for tasks to queue
[2024-03-06T22:32:00.774+0000] {logging_mixin.py:188} INFO - [2024-03-06T22:32:00.774+0000] {dagbag.py:540} INFO - Filling up the DagBag from /home/airflow/.local/lib/python3.8/site-packages/airflow/example_dags/example_branch_python_dop_operator_3.py
[2024-03-06T22:32:00.789+0000] {processor.py:840} INFO - DAG(s) 'example_branch_dop_operator_v3' retrieved from /home/airflow/.local/lib/python3.8/site-packages/airflow/example_dags/example_branch_python_dop_operator_3.py
[2024-03-06T22:32:00.815+0000] {logging_mixin.py:188} INFO - [2024-03-06T22:32:00.815+0000] {dag.py:3047} INFO - Sync 1 DAGs
[2024-03-06T22:32:00.855+0000] {logging_mixin.py:188} INFO - [2024-03-06T22:32:00.854+0000] {dag.py:3834} INFO - Setting next_dagrun for example_branch_dop_operator_v3 to 2024-03-06 22:31:00+00:00, run_after=2024-03-06 22:32:00+00:00
[2024-03-06T22:32:00.881+0000] {processor.py:183} INFO - Processing /home/airflow/.local/lib/python3.8/site-packages/airflow/example_dags/example_branch_python_dop_operator_3.py took 0.117 seconds
[2024-03-06T22:32:31.091+0000] {processor.py:161} INFO - Started process (PID=1666) to work on /home/airflow/.local/lib/python3.8/site-packages/airflow/example_dags/example_branch_python_dop_operator_3.py
[2024-03-06T22:32:31.093+0000] {processor.py:830} INFO - Processing file /home/airflow/.local/lib/python3.8/site-packages/airflow/example_dags/example_branch_python_dop_operator_3.py for tasks to queue
[2024-03-06T22:32:31.096+0000] {logging_mixin.py:188} INFO - [2024-03-06T22:32:31.095+0000] {dagbag.py:540} INFO - Filling up the DagBag from /home/airflow/.local/lib/python3.8/site-packages/airflow/example_dags/example_branch_python_dop_operator_3.py
[2024-03-06T22:32:31.108+0000] {processor.py:840} INFO - DAG(s) 'example_branch_dop_operator_v3' retrieved from /home/airflow/.local/lib/python3.8/site-packages/airflow/example_dags/example_branch_python_dop_operator_3.py
[2024-03-06T22:32:31.139+0000] {logging_mixin.py:188} INFO - [2024-03-06T22:32:31.139+0000] {dag.py:3047} INFO - Sync 1 DAGs
[2024-03-06T22:32:31.175+0000] {logging_mixin.py:188} INFO - [2024-03-06T22:32:31.175+0000] {dag.py:3834} INFO - Setting next_dagrun for example_branch_dop_operator_v3 to 2024-03-06 22:31:00+00:00, run_after=2024-03-06 22:32:00+00:00
[2024-03-06T22:32:31.203+0000] {processor.py:183} INFO - Processing /home/airflow/.local/lib/python3.8/site-packages/airflow/example_dags/example_branch_python_dop_operator_3.py took 0.119 seconds
[2024-03-06T22:33:01.455+0000] {processor.py:161} INFO - Started process (PID=1721) to work on /home/airflow/.local/lib/python3.8/site-packages/airflow/example_dags/example_branch_python_dop_operator_3.py
[2024-03-06T22:33:01.458+0000] {processor.py:830} INFO - Processing file /home/airflow/.local/lib/python3.8/site-packages/airflow/example_dags/example_branch_python_dop_operator_3.py for tasks to queue
[2024-03-06T22:33:01.460+0000] {logging_mixin.py:188} INFO - [2024-03-06T22:33:01.460+0000] {dagbag.py:540} INFO - Filling up the DagBag from /home/airflow/.local/lib/python3.8/site-packages/airflow/example_dags/example_branch_python_dop_operator_3.py
[2024-03-06T22:33:01.481+0000] {processor.py:840} INFO - DAG(s) 'example_branch_dop_operator_v3' retrieved from /home/airflow/.local/lib/python3.8/site-packages/airflow/example_dags/example_branch_python_dop_operator_3.py
[2024-03-06T22:33:01.512+0000] {logging_mixin.py:188} INFO - [2024-03-06T22:33:01.512+0000] {dag.py:3047} INFO - Sync 1 DAGs
[2024-03-06T22:33:01.563+0000] {logging_mixin.py:188} INFO - [2024-03-06T22:33:01.563+0000] {dag.py:3834} INFO - Setting next_dagrun for example_branch_dop_operator_v3 to 2024-03-06 22:32:00+00:00, run_after=2024-03-06 22:33:00+00:00
[2024-03-06T22:33:01.603+0000] {processor.py:183} INFO - Processing /home/airflow/.local/lib/python3.8/site-packages/airflow/example_dags/example_branch_python_dop_operator_3.py took 0.152 seconds
[2024-03-06T22:33:32.158+0000] {processor.py:161} INFO - Started process (PID=1776) to work on /home/airflow/.local/lib/python3.8/site-packages/airflow/example_dags/example_branch_python_dop_operator_3.py
[2024-03-06T22:33:32.160+0000] {processor.py:830} INFO - Processing file /home/airflow/.local/lib/python3.8/site-packages/airflow/example_dags/example_branch_python_dop_operator_3.py for tasks to queue
[2024-03-06T22:33:32.164+0000] {logging_mixin.py:188} INFO - [2024-03-06T22:33:32.163+0000] {dagbag.py:540} INFO - Filling up the DagBag from /home/airflow/.local/lib/python3.8/site-packages/airflow/example_dags/example_branch_python_dop_operator_3.py
[2024-03-06T22:33:32.180+0000] {processor.py:840} INFO - DAG(s) 'example_branch_dop_operator_v3' retrieved from /home/airflow/.local/lib/python3.8/site-packages/airflow/example_dags/example_branch_python_dop_operator_3.py
[2024-03-06T22:33:32.222+0000] {logging_mixin.py:188} INFO - [2024-03-06T22:33:32.222+0000] {dag.py:3047} INFO - Sync 1 DAGs
[2024-03-06T22:33:32.270+0000] {logging_mixin.py:188} INFO - [2024-03-06T22:33:32.270+0000] {dag.py:3834} INFO - Setting next_dagrun for example_branch_dop_operator_v3 to 2024-03-06 22:32:00+00:00, run_after=2024-03-06 22:33:00+00:00
[2024-03-06T22:33:32.301+0000] {processor.py:183} INFO - Processing /home/airflow/.local/lib/python3.8/site-packages/airflow/example_dags/example_branch_python_dop_operator_3.py took 0.147 seconds
[2024-03-06T22:34:02.477+0000] {processor.py:161} INFO - Started process (PID=1831) to work on /home/airflow/.local/lib/python3.8/site-packages/airflow/example_dags/example_branch_python_dop_operator_3.py
[2024-03-06T22:34:02.479+0000] {processor.py:830} INFO - Processing file /home/airflow/.local/lib/python3.8/site-packages/airflow/example_dags/example_branch_python_dop_operator_3.py for tasks to queue
[2024-03-06T22:34:02.482+0000] {logging_mixin.py:188} INFO - [2024-03-06T22:34:02.481+0000] {dagbag.py:540} INFO - Filling up the DagBag from /home/airflow/.local/lib/python3.8/site-packages/airflow/example_dags/example_branch_python_dop_operator_3.py
[2024-03-06T22:34:02.497+0000] {processor.py:840} INFO - DAG(s) 'example_branch_dop_operator_v3' retrieved from /home/airflow/.local/lib/python3.8/site-packages/airflow/example_dags/example_branch_python_dop_operator_3.py
[2024-03-06T22:34:02.527+0000] {logging_mixin.py:188} INFO - [2024-03-06T22:34:02.526+0000] {dag.py:3047} INFO - Sync 1 DAGs
[2024-03-06T22:34:02.579+0000] {logging_mixin.py:188} INFO - [2024-03-06T22:34:02.578+0000] {dag.py:3834} INFO - Setting next_dagrun for example_branch_dop_operator_v3 to 2024-03-06 22:33:00+00:00, run_after=2024-03-06 22:34:00+00:00
[2024-03-06T22:34:02.630+0000] {processor.py:183} INFO - Processing /home/airflow/.local/lib/python3.8/site-packages/airflow/example_dags/example_branch_python_dop_operator_3.py took 0.158 seconds
[2024-03-06T22:34:32.808+0000] {processor.py:161} INFO - Started process (PID=1886) to work on /home/airflow/.local/lib/python3.8/site-packages/airflow/example_dags/example_branch_python_dop_operator_3.py
[2024-03-06T22:34:32.810+0000] {processor.py:830} INFO - Processing file /home/airflow/.local/lib/python3.8/site-packages/airflow/example_dags/example_branch_python_dop_operator_3.py for tasks to queue
[2024-03-06T22:34:32.814+0000] {logging_mixin.py:188} INFO - [2024-03-06T22:34:32.813+0000] {dagbag.py:540} INFO - Filling up the DagBag from /home/airflow/.local/lib/python3.8/site-packages/airflow/example_dags/example_branch_python_dop_operator_3.py
[2024-03-06T22:34:32.833+0000] {processor.py:840} INFO - DAG(s) 'example_branch_dop_operator_v3' retrieved from /home/airflow/.local/lib/python3.8/site-packages/airflow/example_dags/example_branch_python_dop_operator_3.py
[2024-03-06T22:34:32.862+0000] {logging_mixin.py:188} INFO - [2024-03-06T22:34:32.861+0000] {dag.py:3047} INFO - Sync 1 DAGs
[2024-03-06T22:34:32.903+0000] {logging_mixin.py:188} INFO - [2024-03-06T22:34:32.903+0000] {dag.py:3834} INFO - Setting next_dagrun for example_branch_dop_operator_v3 to 2024-03-06 22:33:00+00:00, run_after=2024-03-06 22:34:00+00:00
[2024-03-06T22:34:32.950+0000] {processor.py:183} INFO - Processing /home/airflow/.local/lib/python3.8/site-packages/airflow/example_dags/example_branch_python_dop_operator_3.py took 0.146 seconds
[2024-03-06T22:35:03.429+0000] {processor.py:161} INFO - Started process (PID=1941) to work on /home/airflow/.local/lib/python3.8/site-packages/airflow/example_dags/example_branch_python_dop_operator_3.py
[2024-03-06T22:35:03.433+0000] {processor.py:830} INFO - Processing file /home/airflow/.local/lib/python3.8/site-packages/airflow/example_dags/example_branch_python_dop_operator_3.py for tasks to queue
[2024-03-06T22:35:03.436+0000] {logging_mixin.py:188} INFO - [2024-03-06T22:35:03.436+0000] {dagbag.py:540} INFO - Filling up the DagBag from /home/airflow/.local/lib/python3.8/site-packages/airflow/example_dags/example_branch_python_dop_operator_3.py
[2024-03-06T22:35:03.455+0000] {processor.py:840} INFO - DAG(s) 'example_branch_dop_operator_v3' retrieved from /home/airflow/.local/lib/python3.8/site-packages/airflow/example_dags/example_branch_python_dop_operator_3.py
[2024-03-06T22:35:03.488+0000] {logging_mixin.py:188} INFO - [2024-03-06T22:35:03.487+0000] {dag.py:3047} INFO - Sync 1 DAGs
[2024-03-06T22:35:03.536+0000] {logging_mixin.py:188} INFO - [2024-03-06T22:35:03.535+0000] {dag.py:3834} INFO - Setting next_dagrun for example_branch_dop_operator_v3 to 2024-03-06 22:34:00+00:00, run_after=2024-03-06 22:35:00+00:00
[2024-03-06T22:35:03.567+0000] {processor.py:183} INFO - Processing /home/airflow/.local/lib/python3.8/site-packages/airflow/example_dags/example_branch_python_dop_operator_3.py took 0.143 seconds
[2024-03-06T22:35:33.789+0000] {processor.py:161} INFO - Started process (PID=1996) to work on /home/airflow/.local/lib/python3.8/site-packages/airflow/example_dags/example_branch_python_dop_operator_3.py
[2024-03-06T22:35:33.790+0000] {processor.py:830} INFO - Processing file /home/airflow/.local/lib/python3.8/site-packages/airflow/example_dags/example_branch_python_dop_operator_3.py for tasks to queue
[2024-03-06T22:35:33.794+0000] {logging_mixin.py:188} INFO - [2024-03-06T22:35:33.794+0000] {dagbag.py:540} INFO - Filling up the DagBag from /home/airflow/.local/lib/python3.8/site-packages/airflow/example_dags/example_branch_python_dop_operator_3.py
[2024-03-06T22:35:33.811+0000] {processor.py:840} INFO - DAG(s) 'example_branch_dop_operator_v3' retrieved from /home/airflow/.local/lib/python3.8/site-packages/airflow/example_dags/example_branch_python_dop_operator_3.py
[2024-03-06T22:35:33.846+0000] {logging_mixin.py:188} INFO - [2024-03-06T22:35:33.845+0000] {dag.py:3047} INFO - Sync 1 DAGs
[2024-03-06T22:35:33.899+0000] {logging_mixin.py:188} INFO - [2024-03-06T22:35:33.899+0000] {dag.py:3834} INFO - Setting next_dagrun for example_branch_dop_operator_v3 to 2024-03-06 22:34:00+00:00, run_after=2024-03-06 22:35:00+00:00
[2024-03-06T22:35:33.941+0000] {processor.py:183} INFO - Processing /home/airflow/.local/lib/python3.8/site-packages/airflow/example_dags/example_branch_python_dop_operator_3.py took 0.161 seconds
[2024-03-06T22:36:04.830+0000] {processor.py:161} INFO - Started process (PID=2051) to work on /home/airflow/.local/lib/python3.8/site-packages/airflow/example_dags/example_branch_python_dop_operator_3.py
[2024-03-06T22:36:04.835+0000] {processor.py:830} INFO - Processing file /home/airflow/.local/lib/python3.8/site-packages/airflow/example_dags/example_branch_python_dop_operator_3.py for tasks to queue
[2024-03-06T22:36:04.837+0000] {logging_mixin.py:188} INFO - [2024-03-06T22:36:04.837+0000] {dagbag.py:540} INFO - Filling up the DagBag from /home/airflow/.local/lib/python3.8/site-packages/airflow/example_dags/example_branch_python_dop_operator_3.py
[2024-03-06T22:36:04.856+0000] {processor.py:840} INFO - DAG(s) 'example_branch_dop_operator_v3' retrieved from /home/airflow/.local/lib/python3.8/site-packages/airflow/example_dags/example_branch_python_dop_operator_3.py
[2024-03-06T22:36:04.896+0000] {logging_mixin.py:188} INFO - [2024-03-06T22:36:04.896+0000] {dag.py:3047} INFO - Sync 1 DAGs
[2024-03-06T22:36:04.939+0000] {logging_mixin.py:188} INFO - [2024-03-06T22:36:04.939+0000] {dag.py:3834} INFO - Setting next_dagrun for example_branch_dop_operator_v3 to 2024-03-06 22:35:00+00:00, run_after=2024-03-06 22:36:00+00:00
[2024-03-06T22:36:04.970+0000] {processor.py:183} INFO - Processing /home/airflow/.local/lib/python3.8/site-packages/airflow/example_dags/example_branch_python_dop_operator_3.py took 0.145 seconds
[2024-03-06T22:36:35.141+0000] {processor.py:161} INFO - Started process (PID=2106) to work on /home/airflow/.local/lib/python3.8/site-packages/airflow/example_dags/example_branch_python_dop_operator_3.py
[2024-03-06T22:36:35.144+0000] {processor.py:830} INFO - Processing file /home/airflow/.local/lib/python3.8/site-packages/airflow/example_dags/example_branch_python_dop_operator_3.py for tasks to queue
[2024-03-06T22:36:35.147+0000] {logging_mixin.py:188} INFO - [2024-03-06T22:36:35.147+0000] {dagbag.py:540} INFO - Filling up the DagBag from /home/airflow/.local/lib/python3.8/site-packages/airflow/example_dags/example_branch_python_dop_operator_3.py
[2024-03-06T22:36:35.162+0000] {processor.py:840} INFO - DAG(s) 'example_branch_dop_operator_v3' retrieved from /home/airflow/.local/lib/python3.8/site-packages/airflow/example_dags/example_branch_python_dop_operator_3.py
[2024-03-06T22:36:35.193+0000] {logging_mixin.py:188} INFO - [2024-03-06T22:36:35.192+0000] {dag.py:3047} INFO - Sync 1 DAGs
[2024-03-06T22:36:35.231+0000] {logging_mixin.py:188} INFO - [2024-03-06T22:36:35.230+0000] {dag.py:3834} INFO - Setting next_dagrun for example_branch_dop_operator_v3 to 2024-03-06 22:35:00+00:00, run_after=2024-03-06 22:36:00+00:00
[2024-03-06T22:36:35.261+0000] {processor.py:183} INFO - Processing /home/airflow/.local/lib/python3.8/site-packages/airflow/example_dags/example_branch_python_dop_operator_3.py took 0.126 seconds
[2024-03-06T22:37:05.519+0000] {processor.py:161} INFO - Started process (PID=2161) to work on /home/airflow/.local/lib/python3.8/site-packages/airflow/example_dags/example_branch_python_dop_operator_3.py
[2024-03-06T22:37:05.523+0000] {processor.py:830} INFO - Processing file /home/airflow/.local/lib/python3.8/site-packages/airflow/example_dags/example_branch_python_dop_operator_3.py for tasks to queue
[2024-03-06T22:37:05.526+0000] {logging_mixin.py:188} INFO - [2024-03-06T22:37:05.526+0000] {dagbag.py:540} INFO - Filling up the DagBag from /home/airflow/.local/lib/python3.8/site-packages/airflow/example_dags/example_branch_python_dop_operator_3.py
[2024-03-06T22:37:05.544+0000] {processor.py:840} INFO - DAG(s) 'example_branch_dop_operator_v3' retrieved from /home/airflow/.local/lib/python3.8/site-packages/airflow/example_dags/example_branch_python_dop_operator_3.py
[2024-03-06T22:37:05.576+0000] {logging_mixin.py:188} INFO - [2024-03-06T22:37:05.576+0000] {dag.py:3047} INFO - Sync 1 DAGs
[2024-03-06T22:37:05.617+0000] {logging_mixin.py:188} INFO - [2024-03-06T22:37:05.617+0000] {dag.py:3834} INFO - Setting next_dagrun for example_branch_dop_operator_v3 to 2024-03-06 22:36:00+00:00, run_after=2024-03-06 22:37:00+00:00
[2024-03-06T22:37:05.652+0000] {processor.py:183} INFO - Processing /home/airflow/.local/lib/python3.8/site-packages/airflow/example_dags/example_branch_python_dop_operator_3.py took 0.137 seconds
[2024-03-06T22:37:35.812+0000] {processor.py:161} INFO - Started process (PID=2216) to work on /home/airflow/.local/lib/python3.8/site-packages/airflow/example_dags/example_branch_python_dop_operator_3.py
[2024-03-06T22:37:35.814+0000] {processor.py:830} INFO - Processing file /home/airflow/.local/lib/python3.8/site-packages/airflow/example_dags/example_branch_python_dop_operator_3.py for tasks to queue
[2024-03-06T22:37:35.818+0000] {logging_mixin.py:188} INFO - [2024-03-06T22:37:35.817+0000] {dagbag.py:540} INFO - Filling up the DagBag from /home/airflow/.local/lib/python3.8/site-packages/airflow/example_dags/example_branch_python_dop_operator_3.py
[2024-03-06T22:37:35.837+0000] {processor.py:840} INFO - DAG(s) 'example_branch_dop_operator_v3' retrieved from /home/airflow/.local/lib/python3.8/site-packages/airflow/example_dags/example_branch_python_dop_operator_3.py
[2024-03-06T22:37:35.870+0000] {logging_mixin.py:188} INFO - [2024-03-06T22:37:35.869+0000] {dag.py:3047} INFO - Sync 1 DAGs
[2024-03-06T22:37:35.910+0000] {logging_mixin.py:188} INFO - [2024-03-06T22:37:35.909+0000] {dag.py:3834} INFO - Setting next_dagrun for example_branch_dop_operator_v3 to 2024-03-06 22:36:00+00:00, run_after=2024-03-06 22:37:00+00:00
[2024-03-06T22:37:35.943+0000] {processor.py:183} INFO - Processing /home/airflow/.local/lib/python3.8/site-packages/airflow/example_dags/example_branch_python_dop_operator_3.py took 0.137 seconds
[2024-03-06T22:38:06.144+0000] {processor.py:161} INFO - Started process (PID=2271) to work on /home/airflow/.local/lib/python3.8/site-packages/airflow/example_dags/example_branch_python_dop_operator_3.py
[2024-03-06T22:38:06.146+0000] {processor.py:830} INFO - Processing file /home/airflow/.local/lib/python3.8/site-packages/airflow/example_dags/example_branch_python_dop_operator_3.py for tasks to queue
[2024-03-06T22:38:06.150+0000] {logging_mixin.py:188} INFO - [2024-03-06T22:38:06.150+0000] {dagbag.py:540} INFO - Filling up the DagBag from /home/airflow/.local/lib/python3.8/site-packages/airflow/example_dags/example_branch_python_dop_operator_3.py
[2024-03-06T22:38:06.167+0000] {processor.py:840} INFO - DAG(s) 'example_branch_dop_operator_v3' retrieved from /home/airflow/.local/lib/python3.8/site-packages/airflow/example_dags/example_branch_python_dop_operator_3.py
[2024-03-06T22:38:06.195+0000] {logging_mixin.py:188} INFO - [2024-03-06T22:38:06.195+0000] {dag.py:3047} INFO - Sync 1 DAGs
[2024-03-06T22:38:06.234+0000] {logging_mixin.py:188} INFO - [2024-03-06T22:38:06.234+0000] {dag.py:3834} INFO - Setting next_dagrun for example_branch_dop_operator_v3 to 2024-03-06 22:37:00+00:00, run_after=2024-03-06 22:38:00+00:00
[2024-03-06T22:38:06.265+0000] {processor.py:183} INFO - Processing /home/airflow/.local/lib/python3.8/site-packages/airflow/example_dags/example_branch_python_dop_operator_3.py took 0.127 seconds
[2024-03-06T22:38:36.300+0000] {processor.py:161} INFO - Started process (PID=2326) to work on /home/airflow/.local/lib/python3.8/site-packages/airflow/example_dags/example_branch_python_dop_operator_3.py
[2024-03-06T22:38:36.301+0000] {processor.py:830} INFO - Processing file /home/airflow/.local/lib/python3.8/site-packages/airflow/example_dags/example_branch_python_dop_operator_3.py for tasks to queue
[2024-03-06T22:38:36.304+0000] {logging_mixin.py:188} INFO - [2024-03-06T22:38:36.304+0000] {dagbag.py:540} INFO - Filling up the DagBag from /home/airflow/.local/lib/python3.8/site-packages/airflow/example_dags/example_branch_python_dop_operator_3.py
[2024-03-06T22:38:36.318+0000] {processor.py:840} INFO - DAG(s) 'example_branch_dop_operator_v3' retrieved from /home/airflow/.local/lib/python3.8/site-packages/airflow/example_dags/example_branch_python_dop_operator_3.py
[2024-03-06T22:38:36.347+0000] {logging_mixin.py:188} INFO - [2024-03-06T22:38:36.347+0000] {dag.py:3047} INFO - Sync 1 DAGs
[2024-03-06T22:38:36.394+0000] {logging_mixin.py:188} INFO - [2024-03-06T22:38:36.394+0000] {dag.py:3834} INFO - Setting next_dagrun for example_branch_dop_operator_v3 to 2024-03-06 22:37:00+00:00, run_after=2024-03-06 22:38:00+00:00
[2024-03-06T22:38:36.425+0000] {processor.py:183} INFO - Processing /home/airflow/.local/lib/python3.8/site-packages/airflow/example_dags/example_branch_python_dop_operator_3.py took 0.132 seconds
[2024-03-06T22:39:06.696+0000] {processor.py:161} INFO - Started process (PID=2381) to work on /home/airflow/.local/lib/python3.8/site-packages/airflow/example_dags/example_branch_python_dop_operator_3.py
[2024-03-06T22:39:06.698+0000] {processor.py:830} INFO - Processing file /home/airflow/.local/lib/python3.8/site-packages/airflow/example_dags/example_branch_python_dop_operator_3.py for tasks to queue
[2024-03-06T22:39:06.701+0000] {logging_mixin.py:188} INFO - [2024-03-06T22:39:06.700+0000] {dagbag.py:540} INFO - Filling up the DagBag from /home/airflow/.local/lib/python3.8/site-packages/airflow/example_dags/example_branch_python_dop_operator_3.py
[2024-03-06T22:39:06.715+0000] {processor.py:840} INFO - DAG(s) 'example_branch_dop_operator_v3' retrieved from /home/airflow/.local/lib/python3.8/site-packages/airflow/example_dags/example_branch_python_dop_operator_3.py
[2024-03-06T22:39:06.744+0000] {logging_mixin.py:188} INFO - [2024-03-06T22:39:06.743+0000] {dag.py:3047} INFO - Sync 1 DAGs
[2024-03-06T22:39:06.783+0000] {logging_mixin.py:188} INFO - [2024-03-06T22:39:06.783+0000] {dag.py:3834} INFO - Setting next_dagrun for example_branch_dop_operator_v3 to 2024-03-06 22:38:00+00:00, run_after=2024-03-06 22:39:00+00:00
[2024-03-06T22:39:06.814+0000] {processor.py:183} INFO - Processing /home/airflow/.local/lib/python3.8/site-packages/airflow/example_dags/example_branch_python_dop_operator_3.py took 0.124 seconds
[2024-03-06T22:39:37.038+0000] {processor.py:161} INFO - Started process (PID=2435) to work on /home/airflow/.local/lib/python3.8/site-packages/airflow/example_dags/example_branch_python_dop_operator_3.py
[2024-03-06T22:39:37.039+0000] {processor.py:830} INFO - Processing file /home/airflow/.local/lib/python3.8/site-packages/airflow/example_dags/example_branch_python_dop_operator_3.py for tasks to queue
[2024-03-06T22:39:37.042+0000] {logging_mixin.py:188} INFO - [2024-03-06T22:39:37.042+0000] {dagbag.py:540} INFO - Filling up the DagBag from /home/airflow/.local/lib/python3.8/site-packages/airflow/example_dags/example_branch_python_dop_operator_3.py
[2024-03-06T22:39:37.055+0000] {processor.py:840} INFO - DAG(s) 'example_branch_dop_operator_v3' retrieved from /home/airflow/.local/lib/python3.8/site-packages/airflow/example_dags/example_branch_python_dop_operator_3.py
[2024-03-06T22:39:37.085+0000] {logging_mixin.py:188} INFO - [2024-03-06T22:39:37.085+0000] {dag.py:3047} INFO - Sync 1 DAGs
[2024-03-06T22:39:37.126+0000] {logging_mixin.py:188} INFO - [2024-03-06T22:39:37.126+0000] {dag.py:3834} INFO - Setting next_dagrun for example_branch_dop_operator_v3 to 2024-03-06 22:38:00+00:00, run_after=2024-03-06 22:39:00+00:00
[2024-03-06T22:39:37.155+0000] {processor.py:183} INFO - Processing /home/airflow/.local/lib/python3.8/site-packages/airflow/example_dags/example_branch_python_dop_operator_3.py took 0.122 seconds
[2024-03-06T22:40:07.942+0000] {processor.py:161} INFO - Started process (PID=2491) to work on /home/airflow/.local/lib/python3.8/site-packages/airflow/example_dags/example_branch_python_dop_operator_3.py
[2024-03-06T22:40:07.944+0000] {processor.py:830} INFO - Processing file /home/airflow/.local/lib/python3.8/site-packages/airflow/example_dags/example_branch_python_dop_operator_3.py for tasks to queue
[2024-03-06T22:40:07.948+0000] {logging_mixin.py:188} INFO - [2024-03-06T22:40:07.947+0000] {dagbag.py:540} INFO - Filling up the DagBag from /home/airflow/.local/lib/python3.8/site-packages/airflow/example_dags/example_branch_python_dop_operator_3.py
[2024-03-06T22:40:07.962+0000] {processor.py:840} INFO - DAG(s) 'example_branch_dop_operator_v3' retrieved from /home/airflow/.local/lib/python3.8/site-packages/airflow/example_dags/example_branch_python_dop_operator_3.py
[2024-03-06T22:40:07.992+0000] {logging_mixin.py:188} INFO - [2024-03-06T22:40:07.991+0000] {dag.py:3047} INFO - Sync 1 DAGs
[2024-03-06T22:40:08.031+0000] {logging_mixin.py:188} INFO - [2024-03-06T22:40:08.030+0000] {dag.py:3834} INFO - Setting next_dagrun for example_branch_dop_operator_v3 to 2024-03-06 22:39:00+00:00, run_after=2024-03-06 22:40:00+00:00
[2024-03-06T22:40:08.065+0000] {processor.py:183} INFO - Processing /home/airflow/.local/lib/python3.8/site-packages/airflow/example_dags/example_branch_python_dop_operator_3.py took 0.127 seconds
[2024-03-06T22:40:38.818+0000] {processor.py:161} INFO - Started process (PID=2546) to work on /home/airflow/.local/lib/python3.8/site-packages/airflow/example_dags/example_branch_python_dop_operator_3.py
[2024-03-06T22:40:38.822+0000] {processor.py:830} INFO - Processing file /home/airflow/.local/lib/python3.8/site-packages/airflow/example_dags/example_branch_python_dop_operator_3.py for tasks to queue
[2024-03-06T22:40:38.827+0000] {logging_mixin.py:188} INFO - [2024-03-06T22:40:38.827+0000] {dagbag.py:540} INFO - Filling up the DagBag from /home/airflow/.local/lib/python3.8/site-packages/airflow/example_dags/example_branch_python_dop_operator_3.py
[2024-03-06T22:40:38.840+0000] {processor.py:840} INFO - DAG(s) 'example_branch_dop_operator_v3' retrieved from /home/airflow/.local/lib/python3.8/site-packages/airflow/example_dags/example_branch_python_dop_operator_3.py
[2024-03-06T22:40:38.870+0000] {logging_mixin.py:188} INFO - [2024-03-06T22:40:38.870+0000] {dag.py:3047} INFO - Sync 1 DAGs
[2024-03-06T22:40:38.909+0000] {logging_mixin.py:188} INFO - [2024-03-06T22:40:38.908+0000] {dag.py:3834} INFO - Setting next_dagrun for example_branch_dop_operator_v3 to 2024-03-06 22:39:00+00:00, run_after=2024-03-06 22:40:00+00:00
[2024-03-06T22:40:38.937+0000] {processor.py:183} INFO - Processing /home/airflow/.local/lib/python3.8/site-packages/airflow/example_dags/example_branch_python_dop_operator_3.py took 0.125 seconds
[2024-03-06T22:41:09.065+0000] {processor.py:161} INFO - Started process (PID=2601) to work on /home/airflow/.local/lib/python3.8/site-packages/airflow/example_dags/example_branch_python_dop_operator_3.py
[2024-03-06T22:41:09.068+0000] {processor.py:830} INFO - Processing file /home/airflow/.local/lib/python3.8/site-packages/airflow/example_dags/example_branch_python_dop_operator_3.py for tasks to queue
[2024-03-06T22:41:09.074+0000] {logging_mixin.py:188} INFO - [2024-03-06T22:41:09.074+0000] {dagbag.py:540} INFO - Filling up the DagBag from /home/airflow/.local/lib/python3.8/site-packages/airflow/example_dags/example_branch_python_dop_operator_3.py
[2024-03-06T22:41:09.112+0000] {processor.py:840} INFO - DAG(s) 'example_branch_dop_operator_v3' retrieved from /home/airflow/.local/lib/python3.8/site-packages/airflow/example_dags/example_branch_python_dop_operator_3.py
[2024-03-06T22:41:09.152+0000] {logging_mixin.py:188} INFO - [2024-03-06T22:41:09.152+0000] {dag.py:3047} INFO - Sync 1 DAGs
[2024-03-06T22:41:09.221+0000] {logging_mixin.py:188} INFO - [2024-03-06T22:41:09.221+0000] {dag.py:3834} INFO - Setting next_dagrun for example_branch_dop_operator_v3 to 2024-03-06 22:40:00+00:00, run_after=2024-03-06 22:41:00+00:00
[2024-03-06T22:41:09.274+0000] {processor.py:183} INFO - Processing /home/airflow/.local/lib/python3.8/site-packages/airflow/example_dags/example_branch_python_dop_operator_3.py took 0.214 seconds
[2024-03-06T22:41:39.803+0000] {processor.py:161} INFO - Started process (PID=2656) to work on /home/airflow/.local/lib/python3.8/site-packages/airflow/example_dags/example_branch_python_dop_operator_3.py
[2024-03-06T22:41:39.805+0000] {processor.py:830} INFO - Processing file /home/airflow/.local/lib/python3.8/site-packages/airflow/example_dags/example_branch_python_dop_operator_3.py for tasks to queue
[2024-03-06T22:41:39.808+0000] {logging_mixin.py:188} INFO - [2024-03-06T22:41:39.807+0000] {dagbag.py:540} INFO - Filling up the DagBag from /home/airflow/.local/lib/python3.8/site-packages/airflow/example_dags/example_branch_python_dop_operator_3.py
[2024-03-06T22:41:39.823+0000] {processor.py:840} INFO - DAG(s) 'example_branch_dop_operator_v3' retrieved from /home/airflow/.local/lib/python3.8/site-packages/airflow/example_dags/example_branch_python_dop_operator_3.py
[2024-03-06T22:41:39.854+0000] {logging_mixin.py:188} INFO - [2024-03-06T22:41:39.853+0000] {dag.py:3047} INFO - Sync 1 DAGs
[2024-03-06T22:41:39.891+0000] {logging_mixin.py:188} INFO - [2024-03-06T22:41:39.891+0000] {dag.py:3834} INFO - Setting next_dagrun for example_branch_dop_operator_v3 to 2024-03-06 22:40:00+00:00, run_after=2024-03-06 22:41:00+00:00
[2024-03-06T22:41:39.923+0000] {processor.py:183} INFO - Processing /home/airflow/.local/lib/python3.8/site-packages/airflow/example_dags/example_branch_python_dop_operator_3.py took 0.127 seconds
[2024-03-06T22:42:10.050+0000] {processor.py:161} INFO - Started process (PID=2712) to work on /home/airflow/.local/lib/python3.8/site-packages/airflow/example_dags/example_branch_python_dop_operator_3.py
[2024-03-06T22:42:10.052+0000] {processor.py:830} INFO - Processing file /home/airflow/.local/lib/python3.8/site-packages/airflow/example_dags/example_branch_python_dop_operator_3.py for tasks to queue
[2024-03-06T22:42:10.055+0000] {logging_mixin.py:188} INFO - [2024-03-06T22:42:10.055+0000] {dagbag.py:540} INFO - Filling up the DagBag from /home/airflow/.local/lib/python3.8/site-packages/airflow/example_dags/example_branch_python_dop_operator_3.py
[2024-03-06T22:42:10.070+0000] {processor.py:840} INFO - DAG(s) 'example_branch_dop_operator_v3' retrieved from /home/airflow/.local/lib/python3.8/site-packages/airflow/example_dags/example_branch_python_dop_operator_3.py
[2024-03-06T22:42:10.103+0000] {logging_mixin.py:188} INFO - [2024-03-06T22:42:10.102+0000] {dag.py:3047} INFO - Sync 1 DAGs
[2024-03-06T22:42:10.156+0000] {logging_mixin.py:188} INFO - [2024-03-06T22:42:10.156+0000] {dag.py:3834} INFO - Setting next_dagrun for example_branch_dop_operator_v3 to 2024-03-06 22:41:00+00:00, run_after=2024-03-06 22:42:00+00:00
[2024-03-06T22:42:10.186+0000] {processor.py:183} INFO - Processing /home/airflow/.local/lib/python3.8/site-packages/airflow/example_dags/example_branch_python_dop_operator_3.py took 0.140 seconds
[2024-03-06T22:42:40.362+0000] {processor.py:161} INFO - Started process (PID=2765) to work on /home/airflow/.local/lib/python3.8/site-packages/airflow/example_dags/example_branch_python_dop_operator_3.py
[2024-03-06T22:42:40.363+0000] {processor.py:830} INFO - Processing file /home/airflow/.local/lib/python3.8/site-packages/airflow/example_dags/example_branch_python_dop_operator_3.py for tasks to queue
[2024-03-06T22:42:40.366+0000] {logging_mixin.py:188} INFO - [2024-03-06T22:42:40.366+0000] {dagbag.py:540} INFO - Filling up the DagBag from /home/airflow/.local/lib/python3.8/site-packages/airflow/example_dags/example_branch_python_dop_operator_3.py
[2024-03-06T22:42:40.379+0000] {processor.py:840} INFO - DAG(s) 'example_branch_dop_operator_v3' retrieved from /home/airflow/.local/lib/python3.8/site-packages/airflow/example_dags/example_branch_python_dop_operator_3.py
[2024-03-06T22:42:40.408+0000] {logging_mixin.py:188} INFO - [2024-03-06T22:42:40.408+0000] {dag.py:3047} INFO - Sync 1 DAGs
[2024-03-06T22:42:40.453+0000] {logging_mixin.py:188} INFO - [2024-03-06T22:42:40.453+0000] {dag.py:3834} INFO - Setting next_dagrun for example_branch_dop_operator_v3 to 2024-03-06 22:41:00+00:00, run_after=2024-03-06 22:42:00+00:00
[2024-03-06T22:42:40.481+0000] {processor.py:183} INFO - Processing /home/airflow/.local/lib/python3.8/site-packages/airflow/example_dags/example_branch_python_dop_operator_3.py took 0.124 seconds
