[2024-03-06T22:17:47.053+0000] {processor.py:161} INFO - Started process (PID=75) to work on /home/airflow/.local/lib/python3.8/site-packages/airflow/example_dags/example_short_circuit_operator.py
[2024-03-06T22:17:47.055+0000] {processor.py:830} INFO - Processing file /home/airflow/.local/lib/python3.8/site-packages/airflow/example_dags/example_short_circuit_operator.py for tasks to queue
[2024-03-06T22:17:47.059+0000] {logging_mixin.py:188} INFO - [2024-03-06T22:17:47.058+0000] {dagbag.py:540} INFO - Filling up the DagBag from /home/airflow/.local/lib/python3.8/site-packages/airflow/example_dags/example_short_circuit_operator.py
[2024-03-06T22:17:47.075+0000] {processor.py:840} INFO - DAG(s) 'example_short_circuit_operator' retrieved from /home/airflow/.local/lib/python3.8/site-packages/airflow/example_dags/example_short_circuit_operator.py
[2024-03-06T22:17:47.342+0000] {logging_mixin.py:188} INFO - [2024-03-06T22:17:47.341+0000] {dag.py:3047} INFO - Sync 1 DAGs
[2024-03-06T22:17:47.384+0000] {logging_mixin.py:188} INFO - [2024-03-06T22:17:47.384+0000] {dag.py:3834} INFO - Setting next_dagrun for example_short_circuit_operator to 2024-03-05 00:00:00+00:00, run_after=2024-03-06 00:00:00+00:00
[2024-03-06T22:17:47.428+0000] {processor.py:183} INFO - Processing /home/airflow/.local/lib/python3.8/site-packages/airflow/example_dags/example_short_circuit_operator.py took 0.382 seconds
[2024-03-06T22:18:18.125+0000] {processor.py:161} INFO - Started process (PID=130) to work on /home/airflow/.local/lib/python3.8/site-packages/airflow/example_dags/example_short_circuit_operator.py
[2024-03-06T22:18:18.130+0000] {processor.py:830} INFO - Processing file /home/airflow/.local/lib/python3.8/site-packages/airflow/example_dags/example_short_circuit_operator.py for tasks to queue
[2024-03-06T22:18:18.134+0000] {logging_mixin.py:188} INFO - [2024-03-06T22:18:18.133+0000] {dagbag.py:540} INFO - Filling up the DagBag from /home/airflow/.local/lib/python3.8/site-packages/airflow/example_dags/example_short_circuit_operator.py
[2024-03-06T22:18:18.146+0000] {processor.py:840} INFO - DAG(s) 'example_short_circuit_operator' retrieved from /home/airflow/.local/lib/python3.8/site-packages/airflow/example_dags/example_short_circuit_operator.py
[2024-03-06T22:18:18.190+0000] {logging_mixin.py:188} INFO - [2024-03-06T22:18:18.189+0000] {dag.py:3047} INFO - Sync 1 DAGs
[2024-03-06T22:18:18.232+0000] {logging_mixin.py:188} INFO - [2024-03-06T22:18:18.231+0000] {dag.py:3834} INFO - Setting next_dagrun for example_short_circuit_operator to 2024-03-05 00:00:00+00:00, run_after=2024-03-06 00:00:00+00:00
[2024-03-06T22:18:18.271+0000] {processor.py:183} INFO - Processing /home/airflow/.local/lib/python3.8/site-packages/airflow/example_dags/example_short_circuit_operator.py took 0.152 seconds
[2024-03-06T22:18:48.852+0000] {processor.py:161} INFO - Started process (PID=185) to work on /home/airflow/.local/lib/python3.8/site-packages/airflow/example_dags/example_short_circuit_operator.py
[2024-03-06T22:18:48.854+0000] {processor.py:830} INFO - Processing file /home/airflow/.local/lib/python3.8/site-packages/airflow/example_dags/example_short_circuit_operator.py for tasks to queue
[2024-03-06T22:18:48.857+0000] {logging_mixin.py:188} INFO - [2024-03-06T22:18:48.856+0000] {dagbag.py:540} INFO - Filling up the DagBag from /home/airflow/.local/lib/python3.8/site-packages/airflow/example_dags/example_short_circuit_operator.py
[2024-03-06T22:18:48.872+0000] {processor.py:840} INFO - DAG(s) 'example_short_circuit_operator' retrieved from /home/airflow/.local/lib/python3.8/site-packages/airflow/example_dags/example_short_circuit_operator.py
[2024-03-06T22:18:48.908+0000] {logging_mixin.py:188} INFO - [2024-03-06T22:18:48.908+0000] {dag.py:3047} INFO - Sync 1 DAGs
[2024-03-06T22:18:48.942+0000] {logging_mixin.py:188} INFO - [2024-03-06T22:18:48.941+0000] {dag.py:3834} INFO - Setting next_dagrun for example_short_circuit_operator to 2024-03-05 00:00:00+00:00, run_after=2024-03-06 00:00:00+00:00
[2024-03-06T22:18:48.970+0000] {processor.py:183} INFO - Processing /home/airflow/.local/lib/python3.8/site-packages/airflow/example_dags/example_short_circuit_operator.py took 0.123 seconds
[2024-03-06T22:19:19.125+0000] {processor.py:161} INFO - Started process (PID=240) to work on /home/airflow/.local/lib/python3.8/site-packages/airflow/example_dags/example_short_circuit_operator.py
[2024-03-06T22:19:19.134+0000] {processor.py:830} INFO - Processing file /home/airflow/.local/lib/python3.8/site-packages/airflow/example_dags/example_short_circuit_operator.py for tasks to queue
[2024-03-06T22:19:19.141+0000] {logging_mixin.py:188} INFO - [2024-03-06T22:19:19.140+0000] {dagbag.py:540} INFO - Filling up the DagBag from /home/airflow/.local/lib/python3.8/site-packages/airflow/example_dags/example_short_circuit_operator.py
[2024-03-06T22:19:19.177+0000] {processor.py:840} INFO - DAG(s) 'example_short_circuit_operator' retrieved from /home/airflow/.local/lib/python3.8/site-packages/airflow/example_dags/example_short_circuit_operator.py
[2024-03-06T22:19:19.234+0000] {logging_mixin.py:188} INFO - [2024-03-06T22:19:19.234+0000] {dag.py:3047} INFO - Sync 1 DAGs
[2024-03-06T22:19:19.287+0000] {logging_mixin.py:188} INFO - [2024-03-06T22:19:19.286+0000] {dag.py:3834} INFO - Setting next_dagrun for example_short_circuit_operator to 2024-03-05 00:00:00+00:00, run_after=2024-03-06 00:00:00+00:00
[2024-03-06T22:19:19.323+0000] {processor.py:183} INFO - Processing /home/airflow/.local/lib/python3.8/site-packages/airflow/example_dags/example_short_circuit_operator.py took 0.203 seconds
[2024-03-06T22:19:49.946+0000] {processor.py:161} INFO - Started process (PID=295) to work on /home/airflow/.local/lib/python3.8/site-packages/airflow/example_dags/example_short_circuit_operator.py
[2024-03-06T22:19:49.947+0000] {processor.py:830} INFO - Processing file /home/airflow/.local/lib/python3.8/site-packages/airflow/example_dags/example_short_circuit_operator.py for tasks to queue
[2024-03-06T22:19:49.949+0000] {logging_mixin.py:188} INFO - [2024-03-06T22:19:49.949+0000] {dagbag.py:540} INFO - Filling up the DagBag from /home/airflow/.local/lib/python3.8/site-packages/airflow/example_dags/example_short_circuit_operator.py
[2024-03-06T22:19:49.960+0000] {processor.py:840} INFO - DAG(s) 'example_short_circuit_operator' retrieved from /home/airflow/.local/lib/python3.8/site-packages/airflow/example_dags/example_short_circuit_operator.py
[2024-03-06T22:19:49.996+0000] {logging_mixin.py:188} INFO - [2024-03-06T22:19:49.995+0000] {dag.py:3047} INFO - Sync 1 DAGs
[2024-03-06T22:19:50.033+0000] {logging_mixin.py:188} INFO - [2024-03-06T22:19:50.033+0000] {dag.py:3834} INFO - Setting next_dagrun for example_short_circuit_operator to 2024-03-05 00:00:00+00:00, run_after=2024-03-06 00:00:00+00:00
[2024-03-06T22:19:50.067+0000] {processor.py:183} INFO - Processing /home/airflow/.local/lib/python3.8/site-packages/airflow/example_dags/example_short_circuit_operator.py took 0.125 seconds
[2024-03-06T22:20:20.194+0000] {processor.py:161} INFO - Started process (PID=350) to work on /home/airflow/.local/lib/python3.8/site-packages/airflow/example_dags/example_short_circuit_operator.py
[2024-03-06T22:20:20.195+0000] {processor.py:830} INFO - Processing file /home/airflow/.local/lib/python3.8/site-packages/airflow/example_dags/example_short_circuit_operator.py for tasks to queue
[2024-03-06T22:20:20.197+0000] {logging_mixin.py:188} INFO - [2024-03-06T22:20:20.197+0000] {dagbag.py:540} INFO - Filling up the DagBag from /home/airflow/.local/lib/python3.8/site-packages/airflow/example_dags/example_short_circuit_operator.py
[2024-03-06T22:20:20.211+0000] {processor.py:840} INFO - DAG(s) 'example_short_circuit_operator' retrieved from /home/airflow/.local/lib/python3.8/site-packages/airflow/example_dags/example_short_circuit_operator.py
[2024-03-06T22:20:20.258+0000] {logging_mixin.py:188} INFO - [2024-03-06T22:20:20.257+0000] {dag.py:3047} INFO - Sync 1 DAGs
[2024-03-06T22:20:20.304+0000] {logging_mixin.py:188} INFO - [2024-03-06T22:20:20.303+0000] {dag.py:3834} INFO - Setting next_dagrun for example_short_circuit_operator to 2024-03-05 00:00:00+00:00, run_after=2024-03-06 00:00:00+00:00
[2024-03-06T22:20:20.348+0000] {processor.py:183} INFO - Processing /home/airflow/.local/lib/python3.8/site-packages/airflow/example_dags/example_short_circuit_operator.py took 0.159 seconds
[2024-03-06T22:20:50.514+0000] {processor.py:161} INFO - Started process (PID=405) to work on /home/airflow/.local/lib/python3.8/site-packages/airflow/example_dags/example_short_circuit_operator.py
[2024-03-06T22:20:50.515+0000] {processor.py:830} INFO - Processing file /home/airflow/.local/lib/python3.8/site-packages/airflow/example_dags/example_short_circuit_operator.py for tasks to queue
[2024-03-06T22:20:50.519+0000] {logging_mixin.py:188} INFO - [2024-03-06T22:20:50.519+0000] {dagbag.py:540} INFO - Filling up the DagBag from /home/airflow/.local/lib/python3.8/site-packages/airflow/example_dags/example_short_circuit_operator.py
[2024-03-06T22:20:50.532+0000] {processor.py:840} INFO - DAG(s) 'example_short_circuit_operator' retrieved from /home/airflow/.local/lib/python3.8/site-packages/airflow/example_dags/example_short_circuit_operator.py
[2024-03-06T22:20:50.568+0000] {logging_mixin.py:188} INFO - [2024-03-06T22:20:50.567+0000] {dag.py:3047} INFO - Sync 1 DAGs
[2024-03-06T22:20:50.597+0000] {logging_mixin.py:188} INFO - [2024-03-06T22:20:50.597+0000] {dag.py:3834} INFO - Setting next_dagrun for example_short_circuit_operator to 2024-03-05 00:00:00+00:00, run_after=2024-03-06 00:00:00+00:00
[2024-03-06T22:20:50.628+0000] {processor.py:183} INFO - Processing /home/airflow/.local/lib/python3.8/site-packages/airflow/example_dags/example_short_circuit_operator.py took 0.120 seconds
[2024-03-06T22:21:20.938+0000] {processor.py:161} INFO - Started process (PID=460) to work on /home/airflow/.local/lib/python3.8/site-packages/airflow/example_dags/example_short_circuit_operator.py
[2024-03-06T22:21:20.940+0000] {processor.py:830} INFO - Processing file /home/airflow/.local/lib/python3.8/site-packages/airflow/example_dags/example_short_circuit_operator.py for tasks to queue
[2024-03-06T22:21:20.944+0000] {logging_mixin.py:188} INFO - [2024-03-06T22:21:20.943+0000] {dagbag.py:540} INFO - Filling up the DagBag from /home/airflow/.local/lib/python3.8/site-packages/airflow/example_dags/example_short_circuit_operator.py
[2024-03-06T22:21:20.956+0000] {processor.py:840} INFO - DAG(s) 'example_short_circuit_operator' retrieved from /home/airflow/.local/lib/python3.8/site-packages/airflow/example_dags/example_short_circuit_operator.py
[2024-03-06T22:21:21.001+0000] {logging_mixin.py:188} INFO - [2024-03-06T22:21:21.001+0000] {dag.py:3047} INFO - Sync 1 DAGs
[2024-03-06T22:21:21.053+0000] {logging_mixin.py:188} INFO - [2024-03-06T22:21:21.052+0000] {dag.py:3834} INFO - Setting next_dagrun for example_short_circuit_operator to 2024-03-05 00:00:00+00:00, run_after=2024-03-06 00:00:00+00:00
[2024-03-06T22:21:21.092+0000] {processor.py:183} INFO - Processing /home/airflow/.local/lib/python3.8/site-packages/airflow/example_dags/example_short_circuit_operator.py took 0.161 seconds
[2024-03-06T22:21:51.958+0000] {processor.py:161} INFO - Started process (PID=515) to work on /home/airflow/.local/lib/python3.8/site-packages/airflow/example_dags/example_short_circuit_operator.py
[2024-03-06T22:21:51.960+0000] {processor.py:830} INFO - Processing file /home/airflow/.local/lib/python3.8/site-packages/airflow/example_dags/example_short_circuit_operator.py for tasks to queue
[2024-03-06T22:21:51.965+0000] {logging_mixin.py:188} INFO - [2024-03-06T22:21:51.964+0000] {dagbag.py:540} INFO - Filling up the DagBag from /home/airflow/.local/lib/python3.8/site-packages/airflow/example_dags/example_short_circuit_operator.py
[2024-03-06T22:21:51.980+0000] {processor.py:840} INFO - DAG(s) 'example_short_circuit_operator' retrieved from /home/airflow/.local/lib/python3.8/site-packages/airflow/example_dags/example_short_circuit_operator.py
[2024-03-06T22:21:52.026+0000] {logging_mixin.py:188} INFO - [2024-03-06T22:21:52.025+0000] {dag.py:3047} INFO - Sync 1 DAGs
[2024-03-06T22:21:52.064+0000] {logging_mixin.py:188} INFO - [2024-03-06T22:21:52.064+0000] {dag.py:3834} INFO - Setting next_dagrun for example_short_circuit_operator to 2024-03-05 00:00:00+00:00, run_after=2024-03-06 00:00:00+00:00
[2024-03-06T22:21:52.090+0000] {processor.py:183} INFO - Processing /home/airflow/.local/lib/python3.8/site-packages/airflow/example_dags/example_short_circuit_operator.py took 0.138 seconds
[2024-03-06T22:22:22.313+0000] {processor.py:161} INFO - Started process (PID=569) to work on /home/airflow/.local/lib/python3.8/site-packages/airflow/example_dags/example_short_circuit_operator.py
[2024-03-06T22:22:22.316+0000] {processor.py:830} INFO - Processing file /home/airflow/.local/lib/python3.8/site-packages/airflow/example_dags/example_short_circuit_operator.py for tasks to queue
[2024-03-06T22:22:22.319+0000] {logging_mixin.py:188} INFO - [2024-03-06T22:22:22.318+0000] {dagbag.py:540} INFO - Filling up the DagBag from /home/airflow/.local/lib/python3.8/site-packages/airflow/example_dags/example_short_circuit_operator.py
[2024-03-06T22:22:22.332+0000] {processor.py:840} INFO - DAG(s) 'example_short_circuit_operator' retrieved from /home/airflow/.local/lib/python3.8/site-packages/airflow/example_dags/example_short_circuit_operator.py
[2024-03-06T22:22:22.371+0000] {logging_mixin.py:188} INFO - [2024-03-06T22:22:22.371+0000] {dag.py:3047} INFO - Sync 1 DAGs
[2024-03-06T22:22:22.479+0000] {logging_mixin.py:188} INFO - [2024-03-06T22:22:22.478+0000] {dag.py:3834} INFO - Setting next_dagrun for example_short_circuit_operator to 2024-03-05 00:00:00+00:00, run_after=2024-03-06 00:00:00+00:00
[2024-03-06T22:22:22.530+0000] {processor.py:183} INFO - Processing /home/airflow/.local/lib/python3.8/site-packages/airflow/example_dags/example_short_circuit_operator.py took 0.223 seconds
[2024-03-06T22:22:52.991+0000] {processor.py:161} INFO - Started process (PID=624) to work on /home/airflow/.local/lib/python3.8/site-packages/airflow/example_dags/example_short_circuit_operator.py
[2024-03-06T22:22:52.993+0000] {processor.py:830} INFO - Processing file /home/airflow/.local/lib/python3.8/site-packages/airflow/example_dags/example_short_circuit_operator.py for tasks to queue
[2024-03-06T22:22:52.997+0000] {logging_mixin.py:188} INFO - [2024-03-06T22:22:52.996+0000] {dagbag.py:540} INFO - Filling up the DagBag from /home/airflow/.local/lib/python3.8/site-packages/airflow/example_dags/example_short_circuit_operator.py
[2024-03-06T22:22:53.009+0000] {processor.py:840} INFO - DAG(s) 'example_short_circuit_operator' retrieved from /home/airflow/.local/lib/python3.8/site-packages/airflow/example_dags/example_short_circuit_operator.py
[2024-03-06T22:22:53.048+0000] {logging_mixin.py:188} INFO - [2024-03-06T22:22:53.048+0000] {dag.py:3047} INFO - Sync 1 DAGs
[2024-03-06T22:22:53.079+0000] {logging_mixin.py:188} INFO - [2024-03-06T22:22:53.078+0000] {dag.py:3834} INFO - Setting next_dagrun for example_short_circuit_operator to 2024-03-05 00:00:00+00:00, run_after=2024-03-06 00:00:00+00:00
[2024-03-06T22:22:53.107+0000] {processor.py:183} INFO - Processing /home/airflow/.local/lib/python3.8/site-packages/airflow/example_dags/example_short_circuit_operator.py took 0.120 seconds
[2024-03-06T22:23:23.413+0000] {processor.py:161} INFO - Started process (PID=679) to work on /home/airflow/.local/lib/python3.8/site-packages/airflow/example_dags/example_short_circuit_operator.py
[2024-03-06T22:23:23.415+0000] {processor.py:830} INFO - Processing file /home/airflow/.local/lib/python3.8/site-packages/airflow/example_dags/example_short_circuit_operator.py for tasks to queue
[2024-03-06T22:23:23.418+0000] {logging_mixin.py:188} INFO - [2024-03-06T22:23:23.417+0000] {dagbag.py:540} INFO - Filling up the DagBag from /home/airflow/.local/lib/python3.8/site-packages/airflow/example_dags/example_short_circuit_operator.py
[2024-03-06T22:23:23.429+0000] {processor.py:840} INFO - DAG(s) 'example_short_circuit_operator' retrieved from /home/airflow/.local/lib/python3.8/site-packages/airflow/example_dags/example_short_circuit_operator.py
[2024-03-06T22:23:23.472+0000] {logging_mixin.py:188} INFO - [2024-03-06T22:23:23.472+0000] {dag.py:3047} INFO - Sync 1 DAGs
[2024-03-06T22:23:23.514+0000] {logging_mixin.py:188} INFO - [2024-03-06T22:23:23.514+0000] {dag.py:3834} INFO - Setting next_dagrun for example_short_circuit_operator to 2024-03-05 00:00:00+00:00, run_after=2024-03-06 00:00:00+00:00
[2024-03-06T22:23:23.545+0000] {processor.py:183} INFO - Processing /home/airflow/.local/lib/python3.8/site-packages/airflow/example_dags/example_short_circuit_operator.py took 0.137 seconds
[2024-03-06T22:23:54.130+0000] {processor.py:161} INFO - Started process (PID=733) to work on /home/airflow/.local/lib/python3.8/site-packages/airflow/example_dags/example_short_circuit_operator.py
[2024-03-06T22:23:54.131+0000] {processor.py:830} INFO - Processing file /home/airflow/.local/lib/python3.8/site-packages/airflow/example_dags/example_short_circuit_operator.py for tasks to queue
[2024-03-06T22:23:54.135+0000] {logging_mixin.py:188} INFO - [2024-03-06T22:23:54.134+0000] {dagbag.py:540} INFO - Filling up the DagBag from /home/airflow/.local/lib/python3.8/site-packages/airflow/example_dags/example_short_circuit_operator.py
[2024-03-06T22:23:54.146+0000] {processor.py:840} INFO - DAG(s) 'example_short_circuit_operator' retrieved from /home/airflow/.local/lib/python3.8/site-packages/airflow/example_dags/example_short_circuit_operator.py
[2024-03-06T22:23:54.185+0000] {logging_mixin.py:188} INFO - [2024-03-06T22:23:54.184+0000] {dag.py:3047} INFO - Sync 1 DAGs
[2024-03-06T22:23:54.217+0000] {logging_mixin.py:188} INFO - [2024-03-06T22:23:54.216+0000] {dag.py:3834} INFO - Setting next_dagrun for example_short_circuit_operator to 2024-03-05 00:00:00+00:00, run_after=2024-03-06 00:00:00+00:00
[2024-03-06T22:23:54.242+0000] {processor.py:183} INFO - Processing /home/airflow/.local/lib/python3.8/site-packages/airflow/example_dags/example_short_circuit_operator.py took 0.117 seconds
[2024-03-06T22:24:25.100+0000] {processor.py:161} INFO - Started process (PID=788) to work on /home/airflow/.local/lib/python3.8/site-packages/airflow/example_dags/example_short_circuit_operator.py
[2024-03-06T22:24:25.104+0000] {processor.py:830} INFO - Processing file /home/airflow/.local/lib/python3.8/site-packages/airflow/example_dags/example_short_circuit_operator.py for tasks to queue
[2024-03-06T22:24:25.107+0000] {logging_mixin.py:188} INFO - [2024-03-06T22:24:25.107+0000] {dagbag.py:540} INFO - Filling up the DagBag from /home/airflow/.local/lib/python3.8/site-packages/airflow/example_dags/example_short_circuit_operator.py
[2024-03-06T22:24:25.123+0000] {processor.py:840} INFO - DAG(s) 'example_short_circuit_operator' retrieved from /home/airflow/.local/lib/python3.8/site-packages/airflow/example_dags/example_short_circuit_operator.py
[2024-03-06T22:24:25.159+0000] {logging_mixin.py:188} INFO - [2024-03-06T22:24:25.158+0000] {dag.py:3047} INFO - Sync 1 DAGs
[2024-03-06T22:24:25.191+0000] {logging_mixin.py:188} INFO - [2024-03-06T22:24:25.190+0000] {dag.py:3834} INFO - Setting next_dagrun for example_short_circuit_operator to 2024-03-05 00:00:00+00:00, run_after=2024-03-06 00:00:00+00:00
[2024-03-06T22:24:25.224+0000] {processor.py:183} INFO - Processing /home/airflow/.local/lib/python3.8/site-packages/airflow/example_dags/example_short_circuit_operator.py took 0.130 seconds
[2024-03-06T22:24:55.482+0000] {processor.py:161} INFO - Started process (PID=843) to work on /home/airflow/.local/lib/python3.8/site-packages/airflow/example_dags/example_short_circuit_operator.py
[2024-03-06T22:24:55.484+0000] {processor.py:830} INFO - Processing file /home/airflow/.local/lib/python3.8/site-packages/airflow/example_dags/example_short_circuit_operator.py for tasks to queue
[2024-03-06T22:24:55.487+0000] {logging_mixin.py:188} INFO - [2024-03-06T22:24:55.486+0000] {dagbag.py:540} INFO - Filling up the DagBag from /home/airflow/.local/lib/python3.8/site-packages/airflow/example_dags/example_short_circuit_operator.py
[2024-03-06T22:24:55.522+0000] {processor.py:840} INFO - DAG(s) 'example_short_circuit_operator' retrieved from /home/airflow/.local/lib/python3.8/site-packages/airflow/example_dags/example_short_circuit_operator.py
[2024-03-06T22:24:55.594+0000] {logging_mixin.py:188} INFO - [2024-03-06T22:24:55.593+0000] {dag.py:3047} INFO - Sync 1 DAGs
[2024-03-06T22:24:55.659+0000] {logging_mixin.py:188} INFO - [2024-03-06T22:24:55.659+0000] {dag.py:3834} INFO - Setting next_dagrun for example_short_circuit_operator to 2024-03-05 00:00:00+00:00, run_after=2024-03-06 00:00:00+00:00
[2024-03-06T22:24:55.696+0000] {processor.py:183} INFO - Processing /home/airflow/.local/lib/python3.8/site-packages/airflow/example_dags/example_short_circuit_operator.py took 0.221 seconds
[2024-03-06T22:25:26.414+0000] {processor.py:161} INFO - Started process (PID=898) to work on /home/airflow/.local/lib/python3.8/site-packages/airflow/example_dags/example_short_circuit_operator.py
[2024-03-06T22:25:26.416+0000] {processor.py:830} INFO - Processing file /home/airflow/.local/lib/python3.8/site-packages/airflow/example_dags/example_short_circuit_operator.py for tasks to queue
[2024-03-06T22:25:26.420+0000] {logging_mixin.py:188} INFO - [2024-03-06T22:25:26.418+0000] {dagbag.py:540} INFO - Filling up the DagBag from /home/airflow/.local/lib/python3.8/site-packages/airflow/example_dags/example_short_circuit_operator.py
[2024-03-06T22:25:26.536+0000] {processor.py:840} INFO - DAG(s) 'example_short_circuit_operator' retrieved from /home/airflow/.local/lib/python3.8/site-packages/airflow/example_dags/example_short_circuit_operator.py
[2024-03-06T22:25:26.597+0000] {logging_mixin.py:188} INFO - [2024-03-06T22:25:26.596+0000] {dag.py:3047} INFO - Sync 1 DAGs
[2024-03-06T22:25:26.653+0000] {logging_mixin.py:188} INFO - [2024-03-06T22:25:26.652+0000] {dag.py:3834} INFO - Setting next_dagrun for example_short_circuit_operator to 2024-03-05 00:00:00+00:00, run_after=2024-03-06 00:00:00+00:00
[2024-03-06T22:25:26.689+0000] {processor.py:183} INFO - Processing /home/airflow/.local/lib/python3.8/site-packages/airflow/example_dags/example_short_circuit_operator.py took 0.283 seconds
[2024-03-06T22:25:56.886+0000] {processor.py:161} INFO - Started process (PID=952) to work on /home/airflow/.local/lib/python3.8/site-packages/airflow/example_dags/example_short_circuit_operator.py
[2024-03-06T22:25:56.887+0000] {processor.py:830} INFO - Processing file /home/airflow/.local/lib/python3.8/site-packages/airflow/example_dags/example_short_circuit_operator.py for tasks to queue
[2024-03-06T22:25:56.890+0000] {logging_mixin.py:188} INFO - [2024-03-06T22:25:56.889+0000] {dagbag.py:540} INFO - Filling up the DagBag from /home/airflow/.local/lib/python3.8/site-packages/airflow/example_dags/example_short_circuit_operator.py
[2024-03-06T22:25:56.901+0000] {processor.py:840} INFO - DAG(s) 'example_short_circuit_operator' retrieved from /home/airflow/.local/lib/python3.8/site-packages/airflow/example_dags/example_short_circuit_operator.py
[2024-03-06T22:25:56.939+0000] {logging_mixin.py:188} INFO - [2024-03-06T22:25:56.939+0000] {dag.py:3047} INFO - Sync 1 DAGs
[2024-03-06T22:25:56.977+0000] {logging_mixin.py:188} INFO - [2024-03-06T22:25:56.976+0000] {dag.py:3834} INFO - Setting next_dagrun for example_short_circuit_operator to 2024-03-05 00:00:00+00:00, run_after=2024-03-06 00:00:00+00:00
[2024-03-06T22:25:57.009+0000] {processor.py:183} INFO - Processing /home/airflow/.local/lib/python3.8/site-packages/airflow/example_dags/example_short_circuit_operator.py took 0.129 seconds
[2024-03-06T22:26:27.367+0000] {processor.py:161} INFO - Started process (PID=1007) to work on /home/airflow/.local/lib/python3.8/site-packages/airflow/example_dags/example_short_circuit_operator.py
[2024-03-06T22:26:27.371+0000] {processor.py:830} INFO - Processing file /home/airflow/.local/lib/python3.8/site-packages/airflow/example_dags/example_short_circuit_operator.py for tasks to queue
[2024-03-06T22:26:27.375+0000] {logging_mixin.py:188} INFO - [2024-03-06T22:26:27.374+0000] {dagbag.py:540} INFO - Filling up the DagBag from /home/airflow/.local/lib/python3.8/site-packages/airflow/example_dags/example_short_circuit_operator.py
[2024-03-06T22:26:27.389+0000] {processor.py:840} INFO - DAG(s) 'example_short_circuit_operator' retrieved from /home/airflow/.local/lib/python3.8/site-packages/airflow/example_dags/example_short_circuit_operator.py
[2024-03-06T22:26:27.428+0000] {logging_mixin.py:188} INFO - [2024-03-06T22:26:27.427+0000] {dag.py:3047} INFO - Sync 1 DAGs
[2024-03-06T22:26:27.460+0000] {logging_mixin.py:188} INFO - [2024-03-06T22:26:27.460+0000] {dag.py:3834} INFO - Setting next_dagrun for example_short_circuit_operator to 2024-03-05 00:00:00+00:00, run_after=2024-03-06 00:00:00+00:00
[2024-03-06T22:26:27.487+0000] {processor.py:183} INFO - Processing /home/airflow/.local/lib/python3.8/site-packages/airflow/example_dags/example_short_circuit_operator.py took 0.125 seconds
[2024-03-06T22:26:57.798+0000] {processor.py:161} INFO - Started process (PID=1062) to work on /home/airflow/.local/lib/python3.8/site-packages/airflow/example_dags/example_short_circuit_operator.py
[2024-03-06T22:26:57.800+0000] {processor.py:830} INFO - Processing file /home/airflow/.local/lib/python3.8/site-packages/airflow/example_dags/example_short_circuit_operator.py for tasks to queue
[2024-03-06T22:26:57.803+0000] {logging_mixin.py:188} INFO - [2024-03-06T22:26:57.802+0000] {dagbag.py:540} INFO - Filling up the DagBag from /home/airflow/.local/lib/python3.8/site-packages/airflow/example_dags/example_short_circuit_operator.py
[2024-03-06T22:26:57.814+0000] {processor.py:840} INFO - DAG(s) 'example_short_circuit_operator' retrieved from /home/airflow/.local/lib/python3.8/site-packages/airflow/example_dags/example_short_circuit_operator.py
[2024-03-06T22:26:57.855+0000] {logging_mixin.py:188} INFO - [2024-03-06T22:26:57.855+0000] {dag.py:3047} INFO - Sync 1 DAGs
[2024-03-06T22:26:57.895+0000] {logging_mixin.py:188} INFO - [2024-03-06T22:26:57.894+0000] {dag.py:3834} INFO - Setting next_dagrun for example_short_circuit_operator to 2024-03-05 00:00:00+00:00, run_after=2024-03-06 00:00:00+00:00
[2024-03-06T22:26:57.926+0000] {processor.py:183} INFO - Processing /home/airflow/.local/lib/python3.8/site-packages/airflow/example_dags/example_short_circuit_operator.py took 0.133 seconds
[2024-03-06T22:27:28.014+0000] {processor.py:161} INFO - Started process (PID=1117) to work on /home/airflow/.local/lib/python3.8/site-packages/airflow/example_dags/example_short_circuit_operator.py
[2024-03-06T22:27:28.017+0000] {processor.py:830} INFO - Processing file /home/airflow/.local/lib/python3.8/site-packages/airflow/example_dags/example_short_circuit_operator.py for tasks to queue
[2024-03-06T22:27:28.020+0000] {logging_mixin.py:188} INFO - [2024-03-06T22:27:28.019+0000] {dagbag.py:540} INFO - Filling up the DagBag from /home/airflow/.local/lib/python3.8/site-packages/airflow/example_dags/example_short_circuit_operator.py
[2024-03-06T22:27:28.032+0000] {processor.py:840} INFO - DAG(s) 'example_short_circuit_operator' retrieved from /home/airflow/.local/lib/python3.8/site-packages/airflow/example_dags/example_short_circuit_operator.py
[2024-03-06T22:27:28.069+0000] {logging_mixin.py:188} INFO - [2024-03-06T22:27:28.069+0000] {dag.py:3047} INFO - Sync 1 DAGs
[2024-03-06T22:27:28.104+0000] {logging_mixin.py:188} INFO - [2024-03-06T22:27:28.104+0000] {dag.py:3834} INFO - Setting next_dagrun for example_short_circuit_operator to 2024-03-05 00:00:00+00:00, run_after=2024-03-06 00:00:00+00:00
[2024-03-06T22:27:28.132+0000] {processor.py:183} INFO - Processing /home/airflow/.local/lib/python3.8/site-packages/airflow/example_dags/example_short_circuit_operator.py took 0.122 seconds
[2024-03-06T22:27:58.374+0000] {processor.py:161} INFO - Started process (PID=1172) to work on /home/airflow/.local/lib/python3.8/site-packages/airflow/example_dags/example_short_circuit_operator.py
[2024-03-06T22:27:58.376+0000] {processor.py:830} INFO - Processing file /home/airflow/.local/lib/python3.8/site-packages/airflow/example_dags/example_short_circuit_operator.py for tasks to queue
[2024-03-06T22:27:58.379+0000] {logging_mixin.py:188} INFO - [2024-03-06T22:27:58.379+0000] {dagbag.py:540} INFO - Filling up the DagBag from /home/airflow/.local/lib/python3.8/site-packages/airflow/example_dags/example_short_circuit_operator.py
[2024-03-06T22:27:58.392+0000] {processor.py:840} INFO - DAG(s) 'example_short_circuit_operator' retrieved from /home/airflow/.local/lib/python3.8/site-packages/airflow/example_dags/example_short_circuit_operator.py
[2024-03-06T22:27:58.438+0000] {logging_mixin.py:188} INFO - [2024-03-06T22:27:58.437+0000] {dag.py:3047} INFO - Sync 1 DAGs
[2024-03-06T22:27:58.474+0000] {logging_mixin.py:188} INFO - [2024-03-06T22:27:58.474+0000] {dag.py:3834} INFO - Setting next_dagrun for example_short_circuit_operator to 2024-03-05 00:00:00+00:00, run_after=2024-03-06 00:00:00+00:00
[2024-03-06T22:27:58.503+0000] {processor.py:183} INFO - Processing /home/airflow/.local/lib/python3.8/site-packages/airflow/example_dags/example_short_circuit_operator.py took 0.133 seconds
[2024-03-06T22:28:28.659+0000] {processor.py:161} INFO - Started process (PID=1227) to work on /home/airflow/.local/lib/python3.8/site-packages/airflow/example_dags/example_short_circuit_operator.py
[2024-03-06T22:28:28.661+0000] {processor.py:830} INFO - Processing file /home/airflow/.local/lib/python3.8/site-packages/airflow/example_dags/example_short_circuit_operator.py for tasks to queue
[2024-03-06T22:28:28.663+0000] {logging_mixin.py:188} INFO - [2024-03-06T22:28:28.663+0000] {dagbag.py:540} INFO - Filling up the DagBag from /home/airflow/.local/lib/python3.8/site-packages/airflow/example_dags/example_short_circuit_operator.py
[2024-03-06T22:28:28.673+0000] {processor.py:840} INFO - DAG(s) 'example_short_circuit_operator' retrieved from /home/airflow/.local/lib/python3.8/site-packages/airflow/example_dags/example_short_circuit_operator.py
[2024-03-06T22:28:28.707+0000] {logging_mixin.py:188} INFO - [2024-03-06T22:28:28.707+0000] {dag.py:3047} INFO - Sync 1 DAGs
[2024-03-06T22:28:28.738+0000] {logging_mixin.py:188} INFO - [2024-03-06T22:28:28.737+0000] {dag.py:3834} INFO - Setting next_dagrun for example_short_circuit_operator to 2024-03-05 00:00:00+00:00, run_after=2024-03-06 00:00:00+00:00
[2024-03-06T22:28:28.781+0000] {processor.py:183} INFO - Processing /home/airflow/.local/lib/python3.8/site-packages/airflow/example_dags/example_short_circuit_operator.py took 0.126 seconds
[2024-03-06T22:28:59.018+0000] {processor.py:161} INFO - Started process (PID=1282) to work on /home/airflow/.local/lib/python3.8/site-packages/airflow/example_dags/example_short_circuit_operator.py
[2024-03-06T22:28:59.020+0000] {processor.py:830} INFO - Processing file /home/airflow/.local/lib/python3.8/site-packages/airflow/example_dags/example_short_circuit_operator.py for tasks to queue
[2024-03-06T22:28:59.023+0000] {logging_mixin.py:188} INFO - [2024-03-06T22:28:59.022+0000] {dagbag.py:540} INFO - Filling up the DagBag from /home/airflow/.local/lib/python3.8/site-packages/airflow/example_dags/example_short_circuit_operator.py
[2024-03-06T22:28:59.035+0000] {processor.py:840} INFO - DAG(s) 'example_short_circuit_operator' retrieved from /home/airflow/.local/lib/python3.8/site-packages/airflow/example_dags/example_short_circuit_operator.py
[2024-03-06T22:28:59.077+0000] {logging_mixin.py:188} INFO - [2024-03-06T22:28:59.076+0000] {dag.py:3047} INFO - Sync 1 DAGs
[2024-03-06T22:28:59.121+0000] {logging_mixin.py:188} INFO - [2024-03-06T22:28:59.121+0000] {dag.py:3834} INFO - Setting next_dagrun for example_short_circuit_operator to 2024-03-05 00:00:00+00:00, run_after=2024-03-06 00:00:00+00:00
[2024-03-06T22:28:59.160+0000] {processor.py:183} INFO - Processing /home/airflow/.local/lib/python3.8/site-packages/airflow/example_dags/example_short_circuit_operator.py took 0.147 seconds
[2024-03-06T22:29:29.790+0000] {processor.py:161} INFO - Started process (PID=1337) to work on /home/airflow/.local/lib/python3.8/site-packages/airflow/example_dags/example_short_circuit_operator.py
[2024-03-06T22:29:29.792+0000] {processor.py:830} INFO - Processing file /home/airflow/.local/lib/python3.8/site-packages/airflow/example_dags/example_short_circuit_operator.py for tasks to queue
[2024-03-06T22:29:29.795+0000] {logging_mixin.py:188} INFO - [2024-03-06T22:29:29.795+0000] {dagbag.py:540} INFO - Filling up the DagBag from /home/airflow/.local/lib/python3.8/site-packages/airflow/example_dags/example_short_circuit_operator.py
[2024-03-06T22:29:29.813+0000] {processor.py:840} INFO - DAG(s) 'example_short_circuit_operator' retrieved from /home/airflow/.local/lib/python3.8/site-packages/airflow/example_dags/example_short_circuit_operator.py
[2024-03-06T22:29:29.880+0000] {logging_mixin.py:188} INFO - [2024-03-06T22:29:29.879+0000] {dag.py:3047} INFO - Sync 1 DAGs
[2024-03-06T22:29:29.954+0000] {logging_mixin.py:188} INFO - [2024-03-06T22:29:29.953+0000] {dag.py:3834} INFO - Setting next_dagrun for example_short_circuit_operator to 2024-03-05 00:00:00+00:00, run_after=2024-03-06 00:00:00+00:00
[2024-03-06T22:29:29.986+0000] {processor.py:183} INFO - Processing /home/airflow/.local/lib/python3.8/site-packages/airflow/example_dags/example_short_circuit_operator.py took 0.203 seconds
[2024-03-06T22:30:00.613+0000] {processor.py:161} INFO - Started process (PID=1397) to work on /home/airflow/.local/lib/python3.8/site-packages/airflow/example_dags/example_short_circuit_operator.py
[2024-03-06T22:30:00.615+0000] {processor.py:830} INFO - Processing file /home/airflow/.local/lib/python3.8/site-packages/airflow/example_dags/example_short_circuit_operator.py for tasks to queue
[2024-03-06T22:30:00.618+0000] {logging_mixin.py:188} INFO - [2024-03-06T22:30:00.617+0000] {dagbag.py:540} INFO - Filling up the DagBag from /home/airflow/.local/lib/python3.8/site-packages/airflow/example_dags/example_short_circuit_operator.py
[2024-03-06T22:30:00.634+0000] {processor.py:840} INFO - DAG(s) 'example_short_circuit_operator' retrieved from /home/airflow/.local/lib/python3.8/site-packages/airflow/example_dags/example_short_circuit_operator.py
[2024-03-06T22:30:00.669+0000] {logging_mixin.py:188} INFO - [2024-03-06T22:30:00.669+0000] {dag.py:3047} INFO - Sync 1 DAGs
[2024-03-06T22:30:00.704+0000] {logging_mixin.py:188} INFO - [2024-03-06T22:30:00.704+0000] {dag.py:3834} INFO - Setting next_dagrun for example_short_circuit_operator to 2024-03-05 00:00:00+00:00, run_after=2024-03-06 00:00:00+00:00
[2024-03-06T22:30:00.732+0000] {processor.py:183} INFO - Processing /home/airflow/.local/lib/python3.8/site-packages/airflow/example_dags/example_short_circuit_operator.py took 0.124 seconds
[2024-03-06T22:30:31.575+0000] {processor.py:161} INFO - Started process (PID=1452) to work on /home/airflow/.local/lib/python3.8/site-packages/airflow/example_dags/example_short_circuit_operator.py
[2024-03-06T22:30:31.578+0000] {processor.py:830} INFO - Processing file /home/airflow/.local/lib/python3.8/site-packages/airflow/example_dags/example_short_circuit_operator.py for tasks to queue
[2024-03-06T22:30:31.582+0000] {logging_mixin.py:188} INFO - [2024-03-06T22:30:31.580+0000] {dagbag.py:540} INFO - Filling up the DagBag from /home/airflow/.local/lib/python3.8/site-packages/airflow/example_dags/example_short_circuit_operator.py
[2024-03-06T22:30:31.599+0000] {processor.py:840} INFO - DAG(s) 'example_short_circuit_operator' retrieved from /home/airflow/.local/lib/python3.8/site-packages/airflow/example_dags/example_short_circuit_operator.py
[2024-03-06T22:30:31.664+0000] {logging_mixin.py:188} INFO - [2024-03-06T22:30:31.664+0000] {dag.py:3047} INFO - Sync 1 DAGs
[2024-03-06T22:30:31.708+0000] {logging_mixin.py:188} INFO - [2024-03-06T22:30:31.707+0000] {dag.py:3834} INFO - Setting next_dagrun for example_short_circuit_operator to 2024-03-05 00:00:00+00:00, run_after=2024-03-06 00:00:00+00:00
[2024-03-06T22:30:31.746+0000] {processor.py:183} INFO - Processing /home/airflow/.local/lib/python3.8/site-packages/airflow/example_dags/example_short_circuit_operator.py took 0.180 seconds
[2024-03-06T22:31:01.890+0000] {processor.py:161} INFO - Started process (PID=1507) to work on /home/airflow/.local/lib/python3.8/site-packages/airflow/example_dags/example_short_circuit_operator.py
[2024-03-06T22:31:01.892+0000] {processor.py:830} INFO - Processing file /home/airflow/.local/lib/python3.8/site-packages/airflow/example_dags/example_short_circuit_operator.py for tasks to queue
[2024-03-06T22:31:01.896+0000] {logging_mixin.py:188} INFO - [2024-03-06T22:31:01.895+0000] {dagbag.py:540} INFO - Filling up the DagBag from /home/airflow/.local/lib/python3.8/site-packages/airflow/example_dags/example_short_circuit_operator.py
[2024-03-06T22:31:01.907+0000] {processor.py:840} INFO - DAG(s) 'example_short_circuit_operator' retrieved from /home/airflow/.local/lib/python3.8/site-packages/airflow/example_dags/example_short_circuit_operator.py
[2024-03-06T22:31:01.945+0000] {logging_mixin.py:188} INFO - [2024-03-06T22:31:01.944+0000] {dag.py:3047} INFO - Sync 1 DAGs
[2024-03-06T22:31:01.975+0000] {logging_mixin.py:188} INFO - [2024-03-06T22:31:01.975+0000] {dag.py:3834} INFO - Setting next_dagrun for example_short_circuit_operator to 2024-03-05 00:00:00+00:00, run_after=2024-03-06 00:00:00+00:00
[2024-03-06T22:31:02.001+0000] {processor.py:183} INFO - Processing /home/airflow/.local/lib/python3.8/site-packages/airflow/example_dags/example_short_circuit_operator.py took 0.117 seconds
[2024-03-06T22:31:32.846+0000] {processor.py:161} INFO - Started process (PID=1562) to work on /home/airflow/.local/lib/python3.8/site-packages/airflow/example_dags/example_short_circuit_operator.py
[2024-03-06T22:31:32.849+0000] {processor.py:830} INFO - Processing file /home/airflow/.local/lib/python3.8/site-packages/airflow/example_dags/example_short_circuit_operator.py for tasks to queue
[2024-03-06T22:31:32.853+0000] {logging_mixin.py:188} INFO - [2024-03-06T22:31:32.852+0000] {dagbag.py:540} INFO - Filling up the DagBag from /home/airflow/.local/lib/python3.8/site-packages/airflow/example_dags/example_short_circuit_operator.py
[2024-03-06T22:31:32.867+0000] {processor.py:840} INFO - DAG(s) 'example_short_circuit_operator' retrieved from /home/airflow/.local/lib/python3.8/site-packages/airflow/example_dags/example_short_circuit_operator.py
[2024-03-06T22:31:32.964+0000] {logging_mixin.py:188} INFO - [2024-03-06T22:31:32.964+0000] {dag.py:3047} INFO - Sync 1 DAGs
[2024-03-06T22:31:33.052+0000] {logging_mixin.py:188} INFO - [2024-03-06T22:31:33.052+0000] {dag.py:3834} INFO - Setting next_dagrun for example_short_circuit_operator to 2024-03-05 00:00:00+00:00, run_after=2024-03-06 00:00:00+00:00
[2024-03-06T22:31:33.084+0000] {processor.py:183} INFO - Processing /home/airflow/.local/lib/python3.8/site-packages/airflow/example_dags/example_short_circuit_operator.py took 0.244 seconds
[2024-03-06T22:32:03.259+0000] {processor.py:161} INFO - Started process (PID=1616) to work on /home/airflow/.local/lib/python3.8/site-packages/airflow/example_dags/example_short_circuit_operator.py
[2024-03-06T22:32:03.261+0000] {processor.py:830} INFO - Processing file /home/airflow/.local/lib/python3.8/site-packages/airflow/example_dags/example_short_circuit_operator.py for tasks to queue
[2024-03-06T22:32:03.264+0000] {logging_mixin.py:188} INFO - [2024-03-06T22:32:03.263+0000] {dagbag.py:540} INFO - Filling up the DagBag from /home/airflow/.local/lib/python3.8/site-packages/airflow/example_dags/example_short_circuit_operator.py
[2024-03-06T22:32:03.284+0000] {processor.py:840} INFO - DAG(s) 'example_short_circuit_operator' retrieved from /home/airflow/.local/lib/python3.8/site-packages/airflow/example_dags/example_short_circuit_operator.py
[2024-03-06T22:32:03.328+0000] {logging_mixin.py:188} INFO - [2024-03-06T22:32:03.328+0000] {dag.py:3047} INFO - Sync 1 DAGs
[2024-03-06T22:32:03.361+0000] {logging_mixin.py:188} INFO - [2024-03-06T22:32:03.360+0000] {dag.py:3834} INFO - Setting next_dagrun for example_short_circuit_operator to 2024-03-05 00:00:00+00:00, run_after=2024-03-06 00:00:00+00:00
[2024-03-06T22:32:03.388+0000] {processor.py:183} INFO - Processing /home/airflow/.local/lib/python3.8/site-packages/airflow/example_dags/example_short_circuit_operator.py took 0.134 seconds
[2024-03-06T22:32:33.533+0000] {processor.py:161} INFO - Started process (PID=1671) to work on /home/airflow/.local/lib/python3.8/site-packages/airflow/example_dags/example_short_circuit_operator.py
[2024-03-06T22:32:33.537+0000] {processor.py:830} INFO - Processing file /home/airflow/.local/lib/python3.8/site-packages/airflow/example_dags/example_short_circuit_operator.py for tasks to queue
[2024-03-06T22:32:33.547+0000] {logging_mixin.py:188} INFO - [2024-03-06T22:32:33.546+0000] {dagbag.py:540} INFO - Filling up the DagBag from /home/airflow/.local/lib/python3.8/site-packages/airflow/example_dags/example_short_circuit_operator.py
[2024-03-06T22:32:33.567+0000] {processor.py:840} INFO - DAG(s) 'example_short_circuit_operator' retrieved from /home/airflow/.local/lib/python3.8/site-packages/airflow/example_dags/example_short_circuit_operator.py
[2024-03-06T22:32:33.623+0000] {logging_mixin.py:188} INFO - [2024-03-06T22:32:33.622+0000] {dag.py:3047} INFO - Sync 1 DAGs
[2024-03-06T22:32:33.666+0000] {logging_mixin.py:188} INFO - [2024-03-06T22:32:33.666+0000] {dag.py:3834} INFO - Setting next_dagrun for example_short_circuit_operator to 2024-03-05 00:00:00+00:00, run_after=2024-03-06 00:00:00+00:00
[2024-03-06T22:32:33.697+0000] {processor.py:183} INFO - Processing /home/airflow/.local/lib/python3.8/site-packages/airflow/example_dags/example_short_circuit_operator.py took 0.171 seconds
[2024-03-06T22:33:03.800+0000] {processor.py:161} INFO - Started process (PID=1726) to work on /home/airflow/.local/lib/python3.8/site-packages/airflow/example_dags/example_short_circuit_operator.py
[2024-03-06T22:33:03.802+0000] {processor.py:830} INFO - Processing file /home/airflow/.local/lib/python3.8/site-packages/airflow/example_dags/example_short_circuit_operator.py for tasks to queue
[2024-03-06T22:33:03.805+0000] {logging_mixin.py:188} INFO - [2024-03-06T22:33:03.805+0000] {dagbag.py:540} INFO - Filling up the DagBag from /home/airflow/.local/lib/python3.8/site-packages/airflow/example_dags/example_short_circuit_operator.py
[2024-03-06T22:33:03.817+0000] {processor.py:840} INFO - DAG(s) 'example_short_circuit_operator' retrieved from /home/airflow/.local/lib/python3.8/site-packages/airflow/example_dags/example_short_circuit_operator.py
[2024-03-06T22:33:03.859+0000] {logging_mixin.py:188} INFO - [2024-03-06T22:33:03.859+0000] {dag.py:3047} INFO - Sync 1 DAGs
[2024-03-06T22:33:03.900+0000] {logging_mixin.py:188} INFO - [2024-03-06T22:33:03.900+0000] {dag.py:3834} INFO - Setting next_dagrun for example_short_circuit_operator to 2024-03-05 00:00:00+00:00, run_after=2024-03-06 00:00:00+00:00
[2024-03-06T22:33:03.945+0000] {processor.py:183} INFO - Processing /home/airflow/.local/lib/python3.8/site-packages/airflow/example_dags/example_short_circuit_operator.py took 0.150 seconds
[2024-03-06T22:33:34.610+0000] {processor.py:161} INFO - Started process (PID=1781) to work on /home/airflow/.local/lib/python3.8/site-packages/airflow/example_dags/example_short_circuit_operator.py
[2024-03-06T22:33:34.612+0000] {processor.py:830} INFO - Processing file /home/airflow/.local/lib/python3.8/site-packages/airflow/example_dags/example_short_circuit_operator.py for tasks to queue
[2024-03-06T22:33:34.616+0000] {logging_mixin.py:188} INFO - [2024-03-06T22:33:34.616+0000] {dagbag.py:540} INFO - Filling up the DagBag from /home/airflow/.local/lib/python3.8/site-packages/airflow/example_dags/example_short_circuit_operator.py
[2024-03-06T22:33:34.628+0000] {processor.py:840} INFO - DAG(s) 'example_short_circuit_operator' retrieved from /home/airflow/.local/lib/python3.8/site-packages/airflow/example_dags/example_short_circuit_operator.py
[2024-03-06T22:33:34.663+0000] {logging_mixin.py:188} INFO - [2024-03-06T22:33:34.663+0000] {dag.py:3047} INFO - Sync 1 DAGs
[2024-03-06T22:33:34.724+0000] {logging_mixin.py:188} INFO - [2024-03-06T22:33:34.724+0000] {dag.py:3834} INFO - Setting next_dagrun for example_short_circuit_operator to 2024-03-05 00:00:00+00:00, run_after=2024-03-06 00:00:00+00:00
[2024-03-06T22:33:34.767+0000] {processor.py:183} INFO - Processing /home/airflow/.local/lib/python3.8/site-packages/airflow/example_dags/example_short_circuit_operator.py took 0.162 seconds
[2024-03-06T22:34:04.907+0000] {processor.py:161} INFO - Started process (PID=1836) to work on /home/airflow/.local/lib/python3.8/site-packages/airflow/example_dags/example_short_circuit_operator.py
[2024-03-06T22:34:04.908+0000] {processor.py:830} INFO - Processing file /home/airflow/.local/lib/python3.8/site-packages/airflow/example_dags/example_short_circuit_operator.py for tasks to queue
[2024-03-06T22:34:04.912+0000] {logging_mixin.py:188} INFO - [2024-03-06T22:34:04.912+0000] {dagbag.py:540} INFO - Filling up the DagBag from /home/airflow/.local/lib/python3.8/site-packages/airflow/example_dags/example_short_circuit_operator.py
[2024-03-06T22:34:04.922+0000] {processor.py:840} INFO - DAG(s) 'example_short_circuit_operator' retrieved from /home/airflow/.local/lib/python3.8/site-packages/airflow/example_dags/example_short_circuit_operator.py
[2024-03-06T22:34:04.962+0000] {logging_mixin.py:188} INFO - [2024-03-06T22:34:04.961+0000] {dag.py:3047} INFO - Sync 1 DAGs
[2024-03-06T22:34:04.999+0000] {logging_mixin.py:188} INFO - [2024-03-06T22:34:04.998+0000] {dag.py:3834} INFO - Setting next_dagrun for example_short_circuit_operator to 2024-03-05 00:00:00+00:00, run_after=2024-03-06 00:00:00+00:00
[2024-03-06T22:34:05.023+0000] {processor.py:183} INFO - Processing /home/airflow/.local/lib/python3.8/site-packages/airflow/example_dags/example_short_circuit_operator.py took 0.121 seconds
[2024-03-06T22:34:35.128+0000] {processor.py:161} INFO - Started process (PID=1891) to work on /home/airflow/.local/lib/python3.8/site-packages/airflow/example_dags/example_short_circuit_operator.py
[2024-03-06T22:34:35.131+0000] {processor.py:830} INFO - Processing file /home/airflow/.local/lib/python3.8/site-packages/airflow/example_dags/example_short_circuit_operator.py for tasks to queue
[2024-03-06T22:34:35.134+0000] {logging_mixin.py:188} INFO - [2024-03-06T22:34:35.133+0000] {dagbag.py:540} INFO - Filling up the DagBag from /home/airflow/.local/lib/python3.8/site-packages/airflow/example_dags/example_short_circuit_operator.py
[2024-03-06T22:34:35.148+0000] {processor.py:840} INFO - DAG(s) 'example_short_circuit_operator' retrieved from /home/airflow/.local/lib/python3.8/site-packages/airflow/example_dags/example_short_circuit_operator.py
[2024-03-06T22:34:35.182+0000] {logging_mixin.py:188} INFO - [2024-03-06T22:34:35.182+0000] {dag.py:3047} INFO - Sync 1 DAGs
[2024-03-06T22:34:35.213+0000] {logging_mixin.py:188} INFO - [2024-03-06T22:34:35.213+0000] {dag.py:3834} INFO - Setting next_dagrun for example_short_circuit_operator to 2024-03-05 00:00:00+00:00, run_after=2024-03-06 00:00:00+00:00
[2024-03-06T22:34:35.238+0000] {processor.py:183} INFO - Processing /home/airflow/.local/lib/python3.8/site-packages/airflow/example_dags/example_short_circuit_operator.py took 0.118 seconds
[2024-03-06T22:35:05.753+0000] {processor.py:161} INFO - Started process (PID=1946) to work on /home/airflow/.local/lib/python3.8/site-packages/airflow/example_dags/example_short_circuit_operator.py
[2024-03-06T22:35:05.755+0000] {processor.py:830} INFO - Processing file /home/airflow/.local/lib/python3.8/site-packages/airflow/example_dags/example_short_circuit_operator.py for tasks to queue
[2024-03-06T22:35:05.758+0000] {logging_mixin.py:188} INFO - [2024-03-06T22:35:05.757+0000] {dagbag.py:540} INFO - Filling up the DagBag from /home/airflow/.local/lib/python3.8/site-packages/airflow/example_dags/example_short_circuit_operator.py
[2024-03-06T22:35:05.770+0000] {processor.py:840} INFO - DAG(s) 'example_short_circuit_operator' retrieved from /home/airflow/.local/lib/python3.8/site-packages/airflow/example_dags/example_short_circuit_operator.py
[2024-03-06T22:35:05.804+0000] {logging_mixin.py:188} INFO - [2024-03-06T22:35:05.804+0000] {dag.py:3047} INFO - Sync 1 DAGs
[2024-03-06T22:35:05.842+0000] {logging_mixin.py:188} INFO - [2024-03-06T22:35:05.842+0000] {dag.py:3834} INFO - Setting next_dagrun for example_short_circuit_operator to 2024-03-05 00:00:00+00:00, run_after=2024-03-06 00:00:00+00:00
[2024-03-06T22:35:05.874+0000] {processor.py:183} INFO - Processing /home/airflow/.local/lib/python3.8/site-packages/airflow/example_dags/example_short_circuit_operator.py took 0.126 seconds
[2024-03-06T22:35:36.169+0000] {processor.py:161} INFO - Started process (PID=2001) to work on /home/airflow/.local/lib/python3.8/site-packages/airflow/example_dags/example_short_circuit_operator.py
[2024-03-06T22:35:36.171+0000] {processor.py:830} INFO - Processing file /home/airflow/.local/lib/python3.8/site-packages/airflow/example_dags/example_short_circuit_operator.py for tasks to queue
[2024-03-06T22:35:36.174+0000] {logging_mixin.py:188} INFO - [2024-03-06T22:35:36.174+0000] {dagbag.py:540} INFO - Filling up the DagBag from /home/airflow/.local/lib/python3.8/site-packages/airflow/example_dags/example_short_circuit_operator.py
[2024-03-06T22:35:36.185+0000] {processor.py:840} INFO - DAG(s) 'example_short_circuit_operator' retrieved from /home/airflow/.local/lib/python3.8/site-packages/airflow/example_dags/example_short_circuit_operator.py
[2024-03-06T22:35:36.228+0000] {logging_mixin.py:188} INFO - [2024-03-06T22:35:36.227+0000] {dag.py:3047} INFO - Sync 1 DAGs
[2024-03-06T22:35:36.265+0000] {logging_mixin.py:188} INFO - [2024-03-06T22:35:36.265+0000] {dag.py:3834} INFO - Setting next_dagrun for example_short_circuit_operator to 2024-03-05 00:00:00+00:00, run_after=2024-03-06 00:00:00+00:00
[2024-03-06T22:35:36.297+0000] {processor.py:183} INFO - Processing /home/airflow/.local/lib/python3.8/site-packages/airflow/example_dags/example_short_circuit_operator.py took 0.133 seconds
[2024-03-06T22:36:07.189+0000] {processor.py:161} INFO - Started process (PID=2056) to work on /home/airflow/.local/lib/python3.8/site-packages/airflow/example_dags/example_short_circuit_operator.py
[2024-03-06T22:36:07.191+0000] {processor.py:830} INFO - Processing file /home/airflow/.local/lib/python3.8/site-packages/airflow/example_dags/example_short_circuit_operator.py for tasks to queue
[2024-03-06T22:36:07.195+0000] {logging_mixin.py:188} INFO - [2024-03-06T22:36:07.194+0000] {dagbag.py:540} INFO - Filling up the DagBag from /home/airflow/.local/lib/python3.8/site-packages/airflow/example_dags/example_short_circuit_operator.py
[2024-03-06T22:36:07.207+0000] {processor.py:840} INFO - DAG(s) 'example_short_circuit_operator' retrieved from /home/airflow/.local/lib/python3.8/site-packages/airflow/example_dags/example_short_circuit_operator.py
[2024-03-06T22:36:07.257+0000] {logging_mixin.py:188} INFO - [2024-03-06T22:36:07.257+0000] {dag.py:3047} INFO - Sync 1 DAGs
[2024-03-06T22:36:07.332+0000] {logging_mixin.py:188} INFO - [2024-03-06T22:36:07.331+0000] {dag.py:3834} INFO - Setting next_dagrun for example_short_circuit_operator to 2024-03-05 00:00:00+00:00, run_after=2024-03-06 00:00:00+00:00
[2024-03-06T22:36:07.364+0000] {processor.py:183} INFO - Processing /home/airflow/.local/lib/python3.8/site-packages/airflow/example_dags/example_short_circuit_operator.py took 0.181 seconds
[2024-03-06T22:36:37.446+0000] {processor.py:161} INFO - Started process (PID=2111) to work on /home/airflow/.local/lib/python3.8/site-packages/airflow/example_dags/example_short_circuit_operator.py
[2024-03-06T22:36:37.447+0000] {processor.py:830} INFO - Processing file /home/airflow/.local/lib/python3.8/site-packages/airflow/example_dags/example_short_circuit_operator.py for tasks to queue
[2024-03-06T22:36:37.451+0000] {logging_mixin.py:188} INFO - [2024-03-06T22:36:37.451+0000] {dagbag.py:540} INFO - Filling up the DagBag from /home/airflow/.local/lib/python3.8/site-packages/airflow/example_dags/example_short_circuit_operator.py
[2024-03-06T22:36:37.467+0000] {processor.py:840} INFO - DAG(s) 'example_short_circuit_operator' retrieved from /home/airflow/.local/lib/python3.8/site-packages/airflow/example_dags/example_short_circuit_operator.py
[2024-03-06T22:36:37.502+0000] {logging_mixin.py:188} INFO - [2024-03-06T22:36:37.502+0000] {dag.py:3047} INFO - Sync 1 DAGs
[2024-03-06T22:36:37.553+0000] {logging_mixin.py:188} INFO - [2024-03-06T22:36:37.552+0000] {dag.py:3834} INFO - Setting next_dagrun for example_short_circuit_operator to 2024-03-05 00:00:00+00:00, run_after=2024-03-06 00:00:00+00:00
[2024-03-06T22:36:37.587+0000] {processor.py:183} INFO - Processing /home/airflow/.local/lib/python3.8/site-packages/airflow/example_dags/example_short_circuit_operator.py took 0.146 seconds
[2024-03-06T22:37:07.829+0000] {processor.py:161} INFO - Started process (PID=2166) to work on /home/airflow/.local/lib/python3.8/site-packages/airflow/example_dags/example_short_circuit_operator.py
[2024-03-06T22:37:07.832+0000] {processor.py:830} INFO - Processing file /home/airflow/.local/lib/python3.8/site-packages/airflow/example_dags/example_short_circuit_operator.py for tasks to queue
[2024-03-06T22:37:07.835+0000] {logging_mixin.py:188} INFO - [2024-03-06T22:37:07.834+0000] {dagbag.py:540} INFO - Filling up the DagBag from /home/airflow/.local/lib/python3.8/site-packages/airflow/example_dags/example_short_circuit_operator.py
[2024-03-06T22:37:07.847+0000] {processor.py:840} INFO - DAG(s) 'example_short_circuit_operator' retrieved from /home/airflow/.local/lib/python3.8/site-packages/airflow/example_dags/example_short_circuit_operator.py
[2024-03-06T22:37:07.890+0000] {logging_mixin.py:188} INFO - [2024-03-06T22:37:07.890+0000] {dag.py:3047} INFO - Sync 1 DAGs
[2024-03-06T22:37:07.928+0000] {logging_mixin.py:188} INFO - [2024-03-06T22:37:07.928+0000] {dag.py:3834} INFO - Setting next_dagrun for example_short_circuit_operator to 2024-03-05 00:00:00+00:00, run_after=2024-03-06 00:00:00+00:00
[2024-03-06T22:37:07.954+0000] {processor.py:183} INFO - Processing /home/airflow/.local/lib/python3.8/site-packages/airflow/example_dags/example_short_circuit_operator.py took 0.131 seconds
[2024-03-06T22:37:38.163+0000] {processor.py:161} INFO - Started process (PID=2221) to work on /home/airflow/.local/lib/python3.8/site-packages/airflow/example_dags/example_short_circuit_operator.py
[2024-03-06T22:37:38.167+0000] {processor.py:830} INFO - Processing file /home/airflow/.local/lib/python3.8/site-packages/airflow/example_dags/example_short_circuit_operator.py for tasks to queue
[2024-03-06T22:37:38.171+0000] {logging_mixin.py:188} INFO - [2024-03-06T22:37:38.170+0000] {dagbag.py:540} INFO - Filling up the DagBag from /home/airflow/.local/lib/python3.8/site-packages/airflow/example_dags/example_short_circuit_operator.py
[2024-03-06T22:37:38.184+0000] {processor.py:840} INFO - DAG(s) 'example_short_circuit_operator' retrieved from /home/airflow/.local/lib/python3.8/site-packages/airflow/example_dags/example_short_circuit_operator.py
[2024-03-06T22:37:38.221+0000] {logging_mixin.py:188} INFO - [2024-03-06T22:37:38.220+0000] {dag.py:3047} INFO - Sync 1 DAGs
[2024-03-06T22:37:38.255+0000] {logging_mixin.py:188} INFO - [2024-03-06T22:37:38.255+0000] {dag.py:3834} INFO - Setting next_dagrun for example_short_circuit_operator to 2024-03-05 00:00:00+00:00, run_after=2024-03-06 00:00:00+00:00
[2024-03-06T22:37:38.282+0000] {processor.py:183} INFO - Processing /home/airflow/.local/lib/python3.8/site-packages/airflow/example_dags/example_short_circuit_operator.py took 0.125 seconds
[2024-03-06T22:38:08.457+0000] {processor.py:161} INFO - Started process (PID=2276) to work on /home/airflow/.local/lib/python3.8/site-packages/airflow/example_dags/example_short_circuit_operator.py
[2024-03-06T22:38:08.459+0000] {processor.py:830} INFO - Processing file /home/airflow/.local/lib/python3.8/site-packages/airflow/example_dags/example_short_circuit_operator.py for tasks to queue
[2024-03-06T22:38:08.463+0000] {logging_mixin.py:188} INFO - [2024-03-06T22:38:08.463+0000] {dagbag.py:540} INFO - Filling up the DagBag from /home/airflow/.local/lib/python3.8/site-packages/airflow/example_dags/example_short_circuit_operator.py
[2024-03-06T22:38:08.477+0000] {processor.py:840} INFO - DAG(s) 'example_short_circuit_operator' retrieved from /home/airflow/.local/lib/python3.8/site-packages/airflow/example_dags/example_short_circuit_operator.py
[2024-03-06T22:38:08.520+0000] {logging_mixin.py:188} INFO - [2024-03-06T22:38:08.520+0000] {dag.py:3047} INFO - Sync 1 DAGs
[2024-03-06T22:38:08.565+0000] {logging_mixin.py:188} INFO - [2024-03-06T22:38:08.565+0000] {dag.py:3834} INFO - Setting next_dagrun for example_short_circuit_operator to 2024-03-05 00:00:00+00:00, run_after=2024-03-06 00:00:00+00:00
[2024-03-06T22:38:08.600+0000] {processor.py:183} INFO - Processing /home/airflow/.local/lib/python3.8/site-packages/airflow/example_dags/example_short_circuit_operator.py took 0.148 seconds
[2024-03-06T22:38:38.793+0000] {processor.py:161} INFO - Started process (PID=2331) to work on /home/airflow/.local/lib/python3.8/site-packages/airflow/example_dags/example_short_circuit_operator.py
[2024-03-06T22:38:38.794+0000] {processor.py:830} INFO - Processing file /home/airflow/.local/lib/python3.8/site-packages/airflow/example_dags/example_short_circuit_operator.py for tasks to queue
[2024-03-06T22:38:38.797+0000] {logging_mixin.py:188} INFO - [2024-03-06T22:38:38.796+0000] {dagbag.py:540} INFO - Filling up the DagBag from /home/airflow/.local/lib/python3.8/site-packages/airflow/example_dags/example_short_circuit_operator.py
[2024-03-06T22:38:38.808+0000] {processor.py:840} INFO - DAG(s) 'example_short_circuit_operator' retrieved from /home/airflow/.local/lib/python3.8/site-packages/airflow/example_dags/example_short_circuit_operator.py
[2024-03-06T22:38:38.855+0000] {logging_mixin.py:188} INFO - [2024-03-06T22:38:38.854+0000] {dag.py:3047} INFO - Sync 1 DAGs
[2024-03-06T22:38:38.887+0000] {logging_mixin.py:188} INFO - [2024-03-06T22:38:38.886+0000] {dag.py:3834} INFO - Setting next_dagrun for example_short_circuit_operator to 2024-03-05 00:00:00+00:00, run_after=2024-03-06 00:00:00+00:00
[2024-03-06T22:38:38.918+0000] {processor.py:183} INFO - Processing /home/airflow/.local/lib/python3.8/site-packages/airflow/example_dags/example_short_circuit_operator.py took 0.131 seconds
[2024-03-06T22:39:08.998+0000] {processor.py:161} INFO - Started process (PID=2386) to work on /home/airflow/.local/lib/python3.8/site-packages/airflow/example_dags/example_short_circuit_operator.py
[2024-03-06T22:39:09.003+0000] {processor.py:830} INFO - Processing file /home/airflow/.local/lib/python3.8/site-packages/airflow/example_dags/example_short_circuit_operator.py for tasks to queue
[2024-03-06T22:39:09.008+0000] {logging_mixin.py:188} INFO - [2024-03-06T22:39:09.007+0000] {dagbag.py:540} INFO - Filling up the DagBag from /home/airflow/.local/lib/python3.8/site-packages/airflow/example_dags/example_short_circuit_operator.py
[2024-03-06T22:39:09.026+0000] {processor.py:840} INFO - DAG(s) 'example_short_circuit_operator' retrieved from /home/airflow/.local/lib/python3.8/site-packages/airflow/example_dags/example_short_circuit_operator.py
[2024-03-06T22:39:09.067+0000] {logging_mixin.py:188} INFO - [2024-03-06T22:39:09.067+0000] {dag.py:3047} INFO - Sync 1 DAGs
[2024-03-06T22:39:09.106+0000] {logging_mixin.py:188} INFO - [2024-03-06T22:39:09.106+0000] {dag.py:3834} INFO - Setting next_dagrun for example_short_circuit_operator to 2024-03-05 00:00:00+00:00, run_after=2024-03-06 00:00:00+00:00
[2024-03-06T22:39:09.141+0000] {processor.py:183} INFO - Processing /home/airflow/.local/lib/python3.8/site-packages/airflow/example_dags/example_short_circuit_operator.py took 0.148 seconds
[2024-03-06T22:39:39.341+0000] {processor.py:161} INFO - Started process (PID=2440) to work on /home/airflow/.local/lib/python3.8/site-packages/airflow/example_dags/example_short_circuit_operator.py
[2024-03-06T22:39:39.344+0000] {processor.py:830} INFO - Processing file /home/airflow/.local/lib/python3.8/site-packages/airflow/example_dags/example_short_circuit_operator.py for tasks to queue
[2024-03-06T22:39:39.348+0000] {logging_mixin.py:188} INFO - [2024-03-06T22:39:39.347+0000] {dagbag.py:540} INFO - Filling up the DagBag from /home/airflow/.local/lib/python3.8/site-packages/airflow/example_dags/example_short_circuit_operator.py
[2024-03-06T22:39:39.358+0000] {processor.py:840} INFO - DAG(s) 'example_short_circuit_operator' retrieved from /home/airflow/.local/lib/python3.8/site-packages/airflow/example_dags/example_short_circuit_operator.py
[2024-03-06T22:39:39.391+0000] {logging_mixin.py:188} INFO - [2024-03-06T22:39:39.391+0000] {dag.py:3047} INFO - Sync 1 DAGs
[2024-03-06T22:39:39.425+0000] {logging_mixin.py:188} INFO - [2024-03-06T22:39:39.425+0000] {dag.py:3834} INFO - Setting next_dagrun for example_short_circuit_operator to 2024-03-05 00:00:00+00:00, run_after=2024-03-06 00:00:00+00:00
[2024-03-06T22:39:39.469+0000] {processor.py:183} INFO - Processing /home/airflow/.local/lib/python3.8/site-packages/airflow/example_dags/example_short_circuit_operator.py took 0.132 seconds
[2024-03-06T22:40:10.270+0000] {processor.py:161} INFO - Started process (PID=2496) to work on /home/airflow/.local/lib/python3.8/site-packages/airflow/example_dags/example_short_circuit_operator.py
[2024-03-06T22:40:10.273+0000] {processor.py:830} INFO - Processing file /home/airflow/.local/lib/python3.8/site-packages/airflow/example_dags/example_short_circuit_operator.py for tasks to queue
[2024-03-06T22:40:10.277+0000] {logging_mixin.py:188} INFO - [2024-03-06T22:40:10.277+0000] {dagbag.py:540} INFO - Filling up the DagBag from /home/airflow/.local/lib/python3.8/site-packages/airflow/example_dags/example_short_circuit_operator.py
[2024-03-06T22:40:10.292+0000] {processor.py:840} INFO - DAG(s) 'example_short_circuit_operator' retrieved from /home/airflow/.local/lib/python3.8/site-packages/airflow/example_dags/example_short_circuit_operator.py
[2024-03-06T22:40:10.337+0000] {logging_mixin.py:188} INFO - [2024-03-06T22:40:10.336+0000] {dag.py:3047} INFO - Sync 1 DAGs
[2024-03-06T22:40:10.372+0000] {logging_mixin.py:188} INFO - [2024-03-06T22:40:10.372+0000] {dag.py:3834} INFO - Setting next_dagrun for example_short_circuit_operator to 2024-03-05 00:00:00+00:00, run_after=2024-03-06 00:00:00+00:00
[2024-03-06T22:40:10.406+0000] {processor.py:183} INFO - Processing /home/airflow/.local/lib/python3.8/site-packages/airflow/example_dags/example_short_circuit_operator.py took 0.142 seconds
[2024-03-06T22:40:41.124+0000] {processor.py:161} INFO - Started process (PID=2551) to work on /home/airflow/.local/lib/python3.8/site-packages/airflow/example_dags/example_short_circuit_operator.py
[2024-03-06T22:40:41.126+0000] {processor.py:830} INFO - Processing file /home/airflow/.local/lib/python3.8/site-packages/airflow/example_dags/example_short_circuit_operator.py for tasks to queue
[2024-03-06T22:40:41.130+0000] {logging_mixin.py:188} INFO - [2024-03-06T22:40:41.130+0000] {dagbag.py:540} INFO - Filling up the DagBag from /home/airflow/.local/lib/python3.8/site-packages/airflow/example_dags/example_short_circuit_operator.py
[2024-03-06T22:40:41.142+0000] {processor.py:840} INFO - DAG(s) 'example_short_circuit_operator' retrieved from /home/airflow/.local/lib/python3.8/site-packages/airflow/example_dags/example_short_circuit_operator.py
[2024-03-06T22:40:41.188+0000] {logging_mixin.py:188} INFO - [2024-03-06T22:40:41.188+0000] {dag.py:3047} INFO - Sync 1 DAGs
[2024-03-06T22:40:41.219+0000] {logging_mixin.py:188} INFO - [2024-03-06T22:40:41.219+0000] {dag.py:3834} INFO - Setting next_dagrun for example_short_circuit_operator to 2024-03-05 00:00:00+00:00, run_after=2024-03-06 00:00:00+00:00
[2024-03-06T22:40:41.247+0000] {processor.py:183} INFO - Processing /home/airflow/.local/lib/python3.8/site-packages/airflow/example_dags/example_short_circuit_operator.py took 0.131 seconds
[2024-03-06T22:41:11.577+0000] {processor.py:161} INFO - Started process (PID=2606) to work on /home/airflow/.local/lib/python3.8/site-packages/airflow/example_dags/example_short_circuit_operator.py
[2024-03-06T22:41:11.579+0000] {processor.py:830} INFO - Processing file /home/airflow/.local/lib/python3.8/site-packages/airflow/example_dags/example_short_circuit_operator.py for tasks to queue
[2024-03-06T22:41:11.583+0000] {logging_mixin.py:188} INFO - [2024-03-06T22:41:11.582+0000] {dagbag.py:540} INFO - Filling up the DagBag from /home/airflow/.local/lib/python3.8/site-packages/airflow/example_dags/example_short_circuit_operator.py
[2024-03-06T22:41:11.605+0000] {processor.py:840} INFO - DAG(s) 'example_short_circuit_operator' retrieved from /home/airflow/.local/lib/python3.8/site-packages/airflow/example_dags/example_short_circuit_operator.py
[2024-03-06T22:41:11.663+0000] {logging_mixin.py:188} INFO - [2024-03-06T22:41:11.662+0000] {dag.py:3047} INFO - Sync 1 DAGs
[2024-03-06T22:41:11.711+0000] {logging_mixin.py:188} INFO - [2024-03-06T22:41:11.711+0000] {dag.py:3834} INFO - Setting next_dagrun for example_short_circuit_operator to 2024-03-05 00:00:00+00:00, run_after=2024-03-06 00:00:00+00:00
[2024-03-06T22:41:11.747+0000] {processor.py:183} INFO - Processing /home/airflow/.local/lib/python3.8/site-packages/airflow/example_dags/example_short_circuit_operator.py took 0.177 seconds
[2024-03-06T22:41:42.130+0000] {processor.py:161} INFO - Started process (PID=2661) to work on /home/airflow/.local/lib/python3.8/site-packages/airflow/example_dags/example_short_circuit_operator.py
[2024-03-06T22:41:42.132+0000] {processor.py:830} INFO - Processing file /home/airflow/.local/lib/python3.8/site-packages/airflow/example_dags/example_short_circuit_operator.py for tasks to queue
[2024-03-06T22:41:42.136+0000] {logging_mixin.py:188} INFO - [2024-03-06T22:41:42.135+0000] {dagbag.py:540} INFO - Filling up the DagBag from /home/airflow/.local/lib/python3.8/site-packages/airflow/example_dags/example_short_circuit_operator.py
[2024-03-06T22:41:42.150+0000] {processor.py:840} INFO - DAG(s) 'example_short_circuit_operator' retrieved from /home/airflow/.local/lib/python3.8/site-packages/airflow/example_dags/example_short_circuit_operator.py
[2024-03-06T22:41:42.200+0000] {logging_mixin.py:188} INFO - [2024-03-06T22:41:42.200+0000] {dag.py:3047} INFO - Sync 1 DAGs
[2024-03-06T22:41:42.244+0000] {logging_mixin.py:188} INFO - [2024-03-06T22:41:42.244+0000] {dag.py:3834} INFO - Setting next_dagrun for example_short_circuit_operator to 2024-03-05 00:00:00+00:00, run_after=2024-03-06 00:00:00+00:00
[2024-03-06T22:41:42.285+0000] {processor.py:183} INFO - Processing /home/airflow/.local/lib/python3.8/site-packages/airflow/example_dags/example_short_circuit_operator.py took 0.161 seconds
[2024-03-06T22:42:12.771+0000] {processor.py:161} INFO - Started process (PID=2716) to work on /home/airflow/.local/lib/python3.8/site-packages/airflow/example_dags/example_short_circuit_operator.py
[2024-03-06T22:42:12.807+0000] {processor.py:830} INFO - Processing file /home/airflow/.local/lib/python3.8/site-packages/airflow/example_dags/example_short_circuit_operator.py for tasks to queue
[2024-03-06T22:42:12.861+0000] {logging_mixin.py:188} INFO - [2024-03-06T22:42:12.818+0000] {dagbag.py:540} INFO - Filling up the DagBag from /home/airflow/.local/lib/python3.8/site-packages/airflow/example_dags/example_short_circuit_operator.py
[2024-03-06T22:42:12.893+0000] {processor.py:840} INFO - DAG(s) 'example_short_circuit_operator' retrieved from /home/airflow/.local/lib/python3.8/site-packages/airflow/example_dags/example_short_circuit_operator.py
[2024-03-06T22:42:13.165+0000] {logging_mixin.py:188} INFO - [2024-03-06T22:42:13.165+0000] {dag.py:3047} INFO - Sync 1 DAGs
[2024-03-06T22:42:13.383+0000] {logging_mixin.py:188} INFO - [2024-03-06T22:42:13.383+0000] {dag.py:3834} INFO - Setting next_dagrun for example_short_circuit_operator to 2024-03-05 00:00:00+00:00, run_after=2024-03-06 00:00:00+00:00
[2024-03-06T22:42:13.422+0000] {processor.py:183} INFO - Processing /home/airflow/.local/lib/python3.8/site-packages/airflow/example_dags/example_short_circuit_operator.py took 0.664 seconds
[2024-03-06T22:42:43.717+0000] {processor.py:161} INFO - Started process (PID=2770) to work on /home/airflow/.local/lib/python3.8/site-packages/airflow/example_dags/example_short_circuit_operator.py
[2024-03-06T22:42:43.719+0000] {processor.py:830} INFO - Processing file /home/airflow/.local/lib/python3.8/site-packages/airflow/example_dags/example_short_circuit_operator.py for tasks to queue
[2024-03-06T22:42:43.723+0000] {logging_mixin.py:188} INFO - [2024-03-06T22:42:43.722+0000] {dagbag.py:540} INFO - Filling up the DagBag from /home/airflow/.local/lib/python3.8/site-packages/airflow/example_dags/example_short_circuit_operator.py
[2024-03-06T22:42:43.734+0000] {processor.py:840} INFO - DAG(s) 'example_short_circuit_operator' retrieved from /home/airflow/.local/lib/python3.8/site-packages/airflow/example_dags/example_short_circuit_operator.py
[2024-03-06T22:42:43.767+0000] {logging_mixin.py:188} INFO - [2024-03-06T22:42:43.767+0000] {dag.py:3047} INFO - Sync 1 DAGs
[2024-03-06T22:42:43.800+0000] {logging_mixin.py:188} INFO - [2024-03-06T22:42:43.799+0000] {dag.py:3834} INFO - Setting next_dagrun for example_short_circuit_operator to 2024-03-05 00:00:00+00:00, run_after=2024-03-06 00:00:00+00:00
[2024-03-06T22:42:43.850+0000] {processor.py:183} INFO - Processing /home/airflow/.local/lib/python3.8/site-packages/airflow/example_dags/example_short_circuit_operator.py took 0.137 seconds
