[2024-03-06T22:17:44.878+0000] {processor.py:161} INFO - Started process (PID=66) to work on /home/airflow/.local/lib/python3.8/site-packages/airflow/example_dags/example_external_task_marker_dag.py
[2024-03-06T22:17:44.881+0000] {processor.py:830} INFO - Processing file /home/airflow/.local/lib/python3.8/site-packages/airflow/example_dags/example_external_task_marker_dag.py for tasks to queue
[2024-03-06T22:17:44.886+0000] {logging_mixin.py:188} INFO - [2024-03-06T22:17:44.886+0000] {dagbag.py:540} INFO - Filling up the DagBag from /home/airflow/.local/lib/python3.8/site-packages/airflow/example_dags/example_external_task_marker_dag.py
[2024-03-06T22:17:44.899+0000] {processor.py:840} INFO - DAG(s) 'example_external_task_marker_child', 'example_external_task_marker_parent' retrieved from /home/airflow/.local/lib/python3.8/site-packages/airflow/example_dags/example_external_task_marker_dag.py
[2024-03-06T22:17:45.132+0000] {logging_mixin.py:188} INFO - [2024-03-06T22:17:45.132+0000] {dag.py:3047} INFO - Sync 2 DAGs
[2024-03-06T22:17:45.159+0000] {logging_mixin.py:188} INFO - [2024-03-06T22:17:45.158+0000] {dag.py:3834} INFO - Setting next_dagrun for example_external_task_marker_child to None, run_after=None
[2024-03-06T22:17:45.168+0000] {logging_mixin.py:188} INFO - [2024-03-06T22:17:45.167+0000] {dag.py:3834} INFO - Setting next_dagrun for example_external_task_marker_parent to None, run_after=None
[2024-03-06T22:17:45.208+0000] {processor.py:183} INFO - Processing /home/airflow/.local/lib/python3.8/site-packages/airflow/example_dags/example_external_task_marker_dag.py took 0.335 seconds
[2024-03-06T22:18:15.275+0000] {processor.py:161} INFO - Started process (PID=121) to work on /home/airflow/.local/lib/python3.8/site-packages/airflow/example_dags/example_external_task_marker_dag.py
[2024-03-06T22:18:15.277+0000] {processor.py:830} INFO - Processing file /home/airflow/.local/lib/python3.8/site-packages/airflow/example_dags/example_external_task_marker_dag.py for tasks to queue
[2024-03-06T22:18:15.279+0000] {logging_mixin.py:188} INFO - [2024-03-06T22:18:15.279+0000] {dagbag.py:540} INFO - Filling up the DagBag from /home/airflow/.local/lib/python3.8/site-packages/airflow/example_dags/example_external_task_marker_dag.py
[2024-03-06T22:18:15.288+0000] {processor.py:840} INFO - DAG(s) 'example_external_task_marker_parent', 'example_external_task_marker_child' retrieved from /home/airflow/.local/lib/python3.8/site-packages/airflow/example_dags/example_external_task_marker_dag.py
[2024-03-06T22:18:15.352+0000] {logging_mixin.py:188} INFO - [2024-03-06T22:18:15.351+0000] {dag.py:3047} INFO - Sync 2 DAGs
[2024-03-06T22:18:15.370+0000] {logging_mixin.py:188} INFO - [2024-03-06T22:18:15.370+0000] {dag.py:3834} INFO - Setting next_dagrun for example_external_task_marker_child to None, run_after=None
[2024-03-06T22:18:15.378+0000] {logging_mixin.py:188} INFO - [2024-03-06T22:18:15.378+0000] {dag.py:3834} INFO - Setting next_dagrun for example_external_task_marker_parent to None, run_after=None
[2024-03-06T22:18:15.411+0000] {processor.py:183} INFO - Processing /home/airflow/.local/lib/python3.8/site-packages/airflow/example_dags/example_external_task_marker_dag.py took 0.141 seconds
[2024-03-06T22:18:46.953+0000] {processor.py:161} INFO - Started process (PID=176) to work on /home/airflow/.local/lib/python3.8/site-packages/airflow/example_dags/example_external_task_marker_dag.py
[2024-03-06T22:18:46.955+0000] {processor.py:830} INFO - Processing file /home/airflow/.local/lib/python3.8/site-packages/airflow/example_dags/example_external_task_marker_dag.py for tasks to queue
[2024-03-06T22:18:46.959+0000] {logging_mixin.py:188} INFO - [2024-03-06T22:18:46.958+0000] {dagbag.py:540} INFO - Filling up the DagBag from /home/airflow/.local/lib/python3.8/site-packages/airflow/example_dags/example_external_task_marker_dag.py
[2024-03-06T22:18:46.970+0000] {processor.py:840} INFO - DAG(s) 'example_external_task_marker_child', 'example_external_task_marker_parent' retrieved from /home/airflow/.local/lib/python3.8/site-packages/airflow/example_dags/example_external_task_marker_dag.py
[2024-03-06T22:18:47.015+0000] {logging_mixin.py:188} INFO - [2024-03-06T22:18:47.014+0000] {dag.py:3047} INFO - Sync 2 DAGs
[2024-03-06T22:18:47.038+0000] {logging_mixin.py:188} INFO - [2024-03-06T22:18:47.038+0000] {dag.py:3834} INFO - Setting next_dagrun for example_external_task_marker_child to None, run_after=None
[2024-03-06T22:18:47.049+0000] {logging_mixin.py:188} INFO - [2024-03-06T22:18:47.048+0000] {dag.py:3834} INFO - Setting next_dagrun for example_external_task_marker_parent to None, run_after=None
[2024-03-06T22:18:47.082+0000] {processor.py:183} INFO - Processing /home/airflow/.local/lib/python3.8/site-packages/airflow/example_dags/example_external_task_marker_dag.py took 0.134 seconds
[2024-03-06T22:19:17.226+0000] {processor.py:161} INFO - Started process (PID=231) to work on /home/airflow/.local/lib/python3.8/site-packages/airflow/example_dags/example_external_task_marker_dag.py
[2024-03-06T22:19:17.228+0000] {processor.py:830} INFO - Processing file /home/airflow/.local/lib/python3.8/site-packages/airflow/example_dags/example_external_task_marker_dag.py for tasks to queue
[2024-03-06T22:19:17.234+0000] {logging_mixin.py:188} INFO - [2024-03-06T22:19:17.234+0000] {dagbag.py:540} INFO - Filling up the DagBag from /home/airflow/.local/lib/python3.8/site-packages/airflow/example_dags/example_external_task_marker_dag.py
[2024-03-06T22:19:17.246+0000] {processor.py:840} INFO - DAG(s) 'example_external_task_marker_child', 'example_external_task_marker_parent' retrieved from /home/airflow/.local/lib/python3.8/site-packages/airflow/example_dags/example_external_task_marker_dag.py
[2024-03-06T22:19:17.288+0000] {logging_mixin.py:188} INFO - [2024-03-06T22:19:17.288+0000] {dag.py:3047} INFO - Sync 2 DAGs
[2024-03-06T22:19:17.316+0000] {logging_mixin.py:188} INFO - [2024-03-06T22:19:17.315+0000] {dag.py:3834} INFO - Setting next_dagrun for example_external_task_marker_child to None, run_after=None
[2024-03-06T22:19:17.321+0000] {logging_mixin.py:188} INFO - [2024-03-06T22:19:17.320+0000] {dag.py:3834} INFO - Setting next_dagrun for example_external_task_marker_parent to None, run_after=None
[2024-03-06T22:19:17.352+0000] {processor.py:183} INFO - Processing /home/airflow/.local/lib/python3.8/site-packages/airflow/example_dags/example_external_task_marker_dag.py took 0.132 seconds
[2024-03-06T22:19:48.175+0000] {processor.py:161} INFO - Started process (PID=286) to work on /home/airflow/.local/lib/python3.8/site-packages/airflow/example_dags/example_external_task_marker_dag.py
[2024-03-06T22:19:48.177+0000] {processor.py:830} INFO - Processing file /home/airflow/.local/lib/python3.8/site-packages/airflow/example_dags/example_external_task_marker_dag.py for tasks to queue
[2024-03-06T22:19:48.181+0000] {logging_mixin.py:188} INFO - [2024-03-06T22:19:48.181+0000] {dagbag.py:540} INFO - Filling up the DagBag from /home/airflow/.local/lib/python3.8/site-packages/airflow/example_dags/example_external_task_marker_dag.py
[2024-03-06T22:19:48.195+0000] {processor.py:840} INFO - DAG(s) 'example_external_task_marker_child', 'example_external_task_marker_parent' retrieved from /home/airflow/.local/lib/python3.8/site-packages/airflow/example_dags/example_external_task_marker_dag.py
[2024-03-06T22:19:48.245+0000] {logging_mixin.py:188} INFO - [2024-03-06T22:19:48.244+0000] {dag.py:3047} INFO - Sync 2 DAGs
[2024-03-06T22:19:48.284+0000] {logging_mixin.py:188} INFO - [2024-03-06T22:19:48.283+0000] {dag.py:3834} INFO - Setting next_dagrun for example_external_task_marker_child to None, run_after=None
[2024-03-06T22:19:48.291+0000] {logging_mixin.py:188} INFO - [2024-03-06T22:19:48.291+0000] {dag.py:3834} INFO - Setting next_dagrun for example_external_task_marker_parent to None, run_after=None
[2024-03-06T22:19:48.316+0000] {processor.py:183} INFO - Processing /home/airflow/.local/lib/python3.8/site-packages/airflow/example_dags/example_external_task_marker_dag.py took 0.150 seconds
[2024-03-06T22:20:18.437+0000] {processor.py:161} INFO - Started process (PID=341) to work on /home/airflow/.local/lib/python3.8/site-packages/airflow/example_dags/example_external_task_marker_dag.py
[2024-03-06T22:20:18.439+0000] {processor.py:830} INFO - Processing file /home/airflow/.local/lib/python3.8/site-packages/airflow/example_dags/example_external_task_marker_dag.py for tasks to queue
[2024-03-06T22:20:18.442+0000] {logging_mixin.py:188} INFO - [2024-03-06T22:20:18.441+0000] {dagbag.py:540} INFO - Filling up the DagBag from /home/airflow/.local/lib/python3.8/site-packages/airflow/example_dags/example_external_task_marker_dag.py
[2024-03-06T22:20:18.450+0000] {processor.py:840} INFO - DAG(s) 'example_external_task_marker_parent', 'example_external_task_marker_child' retrieved from /home/airflow/.local/lib/python3.8/site-packages/airflow/example_dags/example_external_task_marker_dag.py
[2024-03-06T22:20:18.493+0000] {logging_mixin.py:188} INFO - [2024-03-06T22:20:18.493+0000] {dag.py:3047} INFO - Sync 2 DAGs
[2024-03-06T22:20:18.523+0000] {logging_mixin.py:188} INFO - [2024-03-06T22:20:18.523+0000] {dag.py:3834} INFO - Setting next_dagrun for example_external_task_marker_child to None, run_after=None
[2024-03-06T22:20:18.540+0000] {logging_mixin.py:188} INFO - [2024-03-06T22:20:18.540+0000] {dag.py:3834} INFO - Setting next_dagrun for example_external_task_marker_parent to None, run_after=None
[2024-03-06T22:20:18.576+0000] {processor.py:183} INFO - Processing /home/airflow/.local/lib/python3.8/site-packages/airflow/example_dags/example_external_task_marker_dag.py took 0.143 seconds
[2024-03-06T22:20:48.679+0000] {processor.py:161} INFO - Started process (PID=396) to work on /home/airflow/.local/lib/python3.8/site-packages/airflow/example_dags/example_external_task_marker_dag.py
[2024-03-06T22:20:48.680+0000] {processor.py:830} INFO - Processing file /home/airflow/.local/lib/python3.8/site-packages/airflow/example_dags/example_external_task_marker_dag.py for tasks to queue
[2024-03-06T22:20:48.683+0000] {logging_mixin.py:188} INFO - [2024-03-06T22:20:48.683+0000] {dagbag.py:540} INFO - Filling up the DagBag from /home/airflow/.local/lib/python3.8/site-packages/airflow/example_dags/example_external_task_marker_dag.py
[2024-03-06T22:20:48.692+0000] {processor.py:840} INFO - DAG(s) 'example_external_task_marker_child', 'example_external_task_marker_parent' retrieved from /home/airflow/.local/lib/python3.8/site-packages/airflow/example_dags/example_external_task_marker_dag.py
[2024-03-06T22:20:48.732+0000] {logging_mixin.py:188} INFO - [2024-03-06T22:20:48.732+0000] {dag.py:3047} INFO - Sync 2 DAGs
[2024-03-06T22:20:48.755+0000] {logging_mixin.py:188} INFO - [2024-03-06T22:20:48.755+0000] {dag.py:3834} INFO - Setting next_dagrun for example_external_task_marker_child to None, run_after=None
[2024-03-06T22:20:48.761+0000] {logging_mixin.py:188} INFO - [2024-03-06T22:20:48.761+0000] {dag.py:3834} INFO - Setting next_dagrun for example_external_task_marker_parent to None, run_after=None
[2024-03-06T22:20:48.785+0000] {processor.py:183} INFO - Processing /home/airflow/.local/lib/python3.8/site-packages/airflow/example_dags/example_external_task_marker_dag.py took 0.112 seconds
[2024-03-06T22:21:19.270+0000] {processor.py:161} INFO - Started process (PID=451) to work on /home/airflow/.local/lib/python3.8/site-packages/airflow/example_dags/example_external_task_marker_dag.py
[2024-03-06T22:21:19.272+0000] {processor.py:830} INFO - Processing file /home/airflow/.local/lib/python3.8/site-packages/airflow/example_dags/example_external_task_marker_dag.py for tasks to queue
[2024-03-06T22:21:19.279+0000] {logging_mixin.py:188} INFO - [2024-03-06T22:21:19.278+0000] {dagbag.py:540} INFO - Filling up the DagBag from /home/airflow/.local/lib/python3.8/site-packages/airflow/example_dags/example_external_task_marker_dag.py
[2024-03-06T22:21:19.288+0000] {processor.py:840} INFO - DAG(s) 'example_external_task_marker_child', 'example_external_task_marker_parent' retrieved from /home/airflow/.local/lib/python3.8/site-packages/airflow/example_dags/example_external_task_marker_dag.py
[2024-03-06T22:21:19.330+0000] {logging_mixin.py:188} INFO - [2024-03-06T22:21:19.329+0000] {dag.py:3047} INFO - Sync 2 DAGs
[2024-03-06T22:21:19.348+0000] {logging_mixin.py:188} INFO - [2024-03-06T22:21:19.348+0000] {dag.py:3834} INFO - Setting next_dagrun for example_external_task_marker_child to None, run_after=None
[2024-03-06T22:21:19.357+0000] {logging_mixin.py:188} INFO - [2024-03-06T22:21:19.357+0000] {dag.py:3834} INFO - Setting next_dagrun for example_external_task_marker_parent to None, run_after=None
[2024-03-06T22:21:19.601+0000] {processor.py:183} INFO - Processing /home/airflow/.local/lib/python3.8/site-packages/airflow/example_dags/example_external_task_marker_dag.py took 0.337 seconds
[2024-03-06T22:21:50.186+0000] {processor.py:161} INFO - Started process (PID=506) to work on /home/airflow/.local/lib/python3.8/site-packages/airflow/example_dags/example_external_task_marker_dag.py
[2024-03-06T22:21:50.188+0000] {processor.py:830} INFO - Processing file /home/airflow/.local/lib/python3.8/site-packages/airflow/example_dags/example_external_task_marker_dag.py for tasks to queue
[2024-03-06T22:21:50.191+0000] {logging_mixin.py:188} INFO - [2024-03-06T22:21:50.191+0000] {dagbag.py:540} INFO - Filling up the DagBag from /home/airflow/.local/lib/python3.8/site-packages/airflow/example_dags/example_external_task_marker_dag.py
[2024-03-06T22:21:50.200+0000] {processor.py:840} INFO - DAG(s) 'example_external_task_marker_parent', 'example_external_task_marker_child' retrieved from /home/airflow/.local/lib/python3.8/site-packages/airflow/example_dags/example_external_task_marker_dag.py
[2024-03-06T22:21:50.235+0000] {logging_mixin.py:188} INFO - [2024-03-06T22:21:50.235+0000] {dag.py:3047} INFO - Sync 2 DAGs
[2024-03-06T22:21:50.253+0000] {logging_mixin.py:188} INFO - [2024-03-06T22:21:50.253+0000] {dag.py:3834} INFO - Setting next_dagrun for example_external_task_marker_child to None, run_after=None
[2024-03-06T22:21:50.259+0000] {logging_mixin.py:188} INFO - [2024-03-06T22:21:50.259+0000] {dag.py:3834} INFO - Setting next_dagrun for example_external_task_marker_parent to None, run_after=None
[2024-03-06T22:21:50.285+0000] {processor.py:183} INFO - Processing /home/airflow/.local/lib/python3.8/site-packages/airflow/example_dags/example_external_task_marker_dag.py took 0.103 seconds
[2024-03-06T22:22:20.489+0000] {processor.py:161} INFO - Started process (PID=560) to work on /home/airflow/.local/lib/python3.8/site-packages/airflow/example_dags/example_external_task_marker_dag.py
[2024-03-06T22:22:20.491+0000] {processor.py:830} INFO - Processing file /home/airflow/.local/lib/python3.8/site-packages/airflow/example_dags/example_external_task_marker_dag.py for tasks to queue
[2024-03-06T22:22:20.494+0000] {logging_mixin.py:188} INFO - [2024-03-06T22:22:20.493+0000] {dagbag.py:540} INFO - Filling up the DagBag from /home/airflow/.local/lib/python3.8/site-packages/airflow/example_dags/example_external_task_marker_dag.py
[2024-03-06T22:22:20.502+0000] {processor.py:840} INFO - DAG(s) 'example_external_task_marker_child', 'example_external_task_marker_parent' retrieved from /home/airflow/.local/lib/python3.8/site-packages/airflow/example_dags/example_external_task_marker_dag.py
[2024-03-06T22:22:20.540+0000] {logging_mixin.py:188} INFO - [2024-03-06T22:22:20.540+0000] {dag.py:3047} INFO - Sync 2 DAGs
[2024-03-06T22:22:20.561+0000] {logging_mixin.py:188} INFO - [2024-03-06T22:22:20.560+0000] {dag.py:3834} INFO - Setting next_dagrun for example_external_task_marker_child to None, run_after=None
[2024-03-06T22:22:20.569+0000] {logging_mixin.py:188} INFO - [2024-03-06T22:22:20.569+0000] {dag.py:3834} INFO - Setting next_dagrun for example_external_task_marker_parent to None, run_after=None
[2024-03-06T22:22:20.593+0000] {processor.py:183} INFO - Processing /home/airflow/.local/lib/python3.8/site-packages/airflow/example_dags/example_external_task_marker_dag.py took 0.109 seconds
[2024-03-06T22:22:51.346+0000] {processor.py:161} INFO - Started process (PID=615) to work on /home/airflow/.local/lib/python3.8/site-packages/airflow/example_dags/example_external_task_marker_dag.py
[2024-03-06T22:22:51.348+0000] {processor.py:830} INFO - Processing file /home/airflow/.local/lib/python3.8/site-packages/airflow/example_dags/example_external_task_marker_dag.py for tasks to queue
[2024-03-06T22:22:51.351+0000] {logging_mixin.py:188} INFO - [2024-03-06T22:22:51.351+0000] {dagbag.py:540} INFO - Filling up the DagBag from /home/airflow/.local/lib/python3.8/site-packages/airflow/example_dags/example_external_task_marker_dag.py
[2024-03-06T22:22:51.360+0000] {processor.py:840} INFO - DAG(s) 'example_external_task_marker_child', 'example_external_task_marker_parent' retrieved from /home/airflow/.local/lib/python3.8/site-packages/airflow/example_dags/example_external_task_marker_dag.py
[2024-03-06T22:22:51.399+0000] {logging_mixin.py:188} INFO - [2024-03-06T22:22:51.398+0000] {dag.py:3047} INFO - Sync 2 DAGs
[2024-03-06T22:22:51.418+0000] {logging_mixin.py:188} INFO - [2024-03-06T22:22:51.417+0000] {dag.py:3834} INFO - Setting next_dagrun for example_external_task_marker_child to None, run_after=None
[2024-03-06T22:22:51.422+0000] {logging_mixin.py:188} INFO - [2024-03-06T22:22:51.422+0000] {dag.py:3834} INFO - Setting next_dagrun for example_external_task_marker_parent to None, run_after=None
[2024-03-06T22:22:51.445+0000] {processor.py:183} INFO - Processing /home/airflow/.local/lib/python3.8/site-packages/airflow/example_dags/example_external_task_marker_dag.py took 0.105 seconds
[2024-03-06T22:23:21.711+0000] {processor.py:161} INFO - Started process (PID=670) to work on /home/airflow/.local/lib/python3.8/site-packages/airflow/example_dags/example_external_task_marker_dag.py
[2024-03-06T22:23:21.714+0000] {processor.py:830} INFO - Processing file /home/airflow/.local/lib/python3.8/site-packages/airflow/example_dags/example_external_task_marker_dag.py for tasks to queue
[2024-03-06T22:23:21.718+0000] {logging_mixin.py:188} INFO - [2024-03-06T22:23:21.717+0000] {dagbag.py:540} INFO - Filling up the DagBag from /home/airflow/.local/lib/python3.8/site-packages/airflow/example_dags/example_external_task_marker_dag.py
[2024-03-06T22:23:21.726+0000] {processor.py:840} INFO - DAG(s) 'example_external_task_marker_child', 'example_external_task_marker_parent' retrieved from /home/airflow/.local/lib/python3.8/site-packages/airflow/example_dags/example_external_task_marker_dag.py
[2024-03-06T22:23:21.762+0000] {logging_mixin.py:188} INFO - [2024-03-06T22:23:21.762+0000] {dag.py:3047} INFO - Sync 2 DAGs
[2024-03-06T22:23:21.785+0000] {logging_mixin.py:188} INFO - [2024-03-06T22:23:21.785+0000] {dag.py:3834} INFO - Setting next_dagrun for example_external_task_marker_child to None, run_after=None
[2024-03-06T22:23:21.790+0000] {logging_mixin.py:188} INFO - [2024-03-06T22:23:21.790+0000] {dag.py:3834} INFO - Setting next_dagrun for example_external_task_marker_parent to None, run_after=None
[2024-03-06T22:23:21.820+0000] {processor.py:183} INFO - Processing /home/airflow/.local/lib/python3.8/site-packages/airflow/example_dags/example_external_task_marker_dag.py took 0.114 seconds
[2024-03-06T22:23:52.335+0000] {processor.py:161} INFO - Started process (PID=724) to work on /home/airflow/.local/lib/python3.8/site-packages/airflow/example_dags/example_external_task_marker_dag.py
[2024-03-06T22:23:52.336+0000] {processor.py:830} INFO - Processing file /home/airflow/.local/lib/python3.8/site-packages/airflow/example_dags/example_external_task_marker_dag.py for tasks to queue
[2024-03-06T22:23:52.340+0000] {logging_mixin.py:188} INFO - [2024-03-06T22:23:52.340+0000] {dagbag.py:540} INFO - Filling up the DagBag from /home/airflow/.local/lib/python3.8/site-packages/airflow/example_dags/example_external_task_marker_dag.py
[2024-03-06T22:23:52.350+0000] {processor.py:840} INFO - DAG(s) 'example_external_task_marker_child', 'example_external_task_marker_parent' retrieved from /home/airflow/.local/lib/python3.8/site-packages/airflow/example_dags/example_external_task_marker_dag.py
[2024-03-06T22:23:52.385+0000] {logging_mixin.py:188} INFO - [2024-03-06T22:23:52.385+0000] {dag.py:3047} INFO - Sync 2 DAGs
[2024-03-06T22:23:52.401+0000] {logging_mixin.py:188} INFO - [2024-03-06T22:23:52.401+0000] {dag.py:3834} INFO - Setting next_dagrun for example_external_task_marker_child to None, run_after=None
[2024-03-06T22:23:52.408+0000] {logging_mixin.py:188} INFO - [2024-03-06T22:23:52.408+0000] {dag.py:3834} INFO - Setting next_dagrun for example_external_task_marker_parent to None, run_after=None
[2024-03-06T22:23:52.437+0000] {processor.py:183} INFO - Processing /home/airflow/.local/lib/python3.8/site-packages/airflow/example_dags/example_external_task_marker_dag.py took 0.106 seconds
[2024-03-06T22:24:23.367+0000] {processor.py:161} INFO - Started process (PID=779) to work on /home/airflow/.local/lib/python3.8/site-packages/airflow/example_dags/example_external_task_marker_dag.py
[2024-03-06T22:24:23.370+0000] {processor.py:830} INFO - Processing file /home/airflow/.local/lib/python3.8/site-packages/airflow/example_dags/example_external_task_marker_dag.py for tasks to queue
[2024-03-06T22:24:23.373+0000] {logging_mixin.py:188} INFO - [2024-03-06T22:24:23.373+0000] {dagbag.py:540} INFO - Filling up the DagBag from /home/airflow/.local/lib/python3.8/site-packages/airflow/example_dags/example_external_task_marker_dag.py
[2024-03-06T22:24:23.382+0000] {processor.py:840} INFO - DAG(s) 'example_external_task_marker_parent', 'example_external_task_marker_child' retrieved from /home/airflow/.local/lib/python3.8/site-packages/airflow/example_dags/example_external_task_marker_dag.py
[2024-03-06T22:24:23.423+0000] {logging_mixin.py:188} INFO - [2024-03-06T22:24:23.423+0000] {dag.py:3047} INFO - Sync 2 DAGs
[2024-03-06T22:24:23.441+0000] {logging_mixin.py:188} INFO - [2024-03-06T22:24:23.441+0000] {dag.py:3834} INFO - Setting next_dagrun for example_external_task_marker_child to None, run_after=None
[2024-03-06T22:24:23.448+0000] {logging_mixin.py:188} INFO - [2024-03-06T22:24:23.447+0000] {dag.py:3834} INFO - Setting next_dagrun for example_external_task_marker_parent to None, run_after=None
[2024-03-06T22:24:23.480+0000] {processor.py:183} INFO - Processing /home/airflow/.local/lib/python3.8/site-packages/airflow/example_dags/example_external_task_marker_dag.py took 0.117 seconds
[2024-03-06T22:24:53.561+0000] {processor.py:161} INFO - Started process (PID=834) to work on /home/airflow/.local/lib/python3.8/site-packages/airflow/example_dags/example_external_task_marker_dag.py
[2024-03-06T22:24:53.563+0000] {processor.py:830} INFO - Processing file /home/airflow/.local/lib/python3.8/site-packages/airflow/example_dags/example_external_task_marker_dag.py for tasks to queue
[2024-03-06T22:24:53.565+0000] {logging_mixin.py:188} INFO - [2024-03-06T22:24:53.565+0000] {dagbag.py:540} INFO - Filling up the DagBag from /home/airflow/.local/lib/python3.8/site-packages/airflow/example_dags/example_external_task_marker_dag.py
[2024-03-06T22:24:53.575+0000] {processor.py:840} INFO - DAG(s) 'example_external_task_marker_parent', 'example_external_task_marker_child' retrieved from /home/airflow/.local/lib/python3.8/site-packages/airflow/example_dags/example_external_task_marker_dag.py
[2024-03-06T22:24:53.616+0000] {logging_mixin.py:188} INFO - [2024-03-06T22:24:53.616+0000] {dag.py:3047} INFO - Sync 2 DAGs
[2024-03-06T22:24:53.642+0000] {logging_mixin.py:188} INFO - [2024-03-06T22:24:53.639+0000] {dag.py:3834} INFO - Setting next_dagrun for example_external_task_marker_child to None, run_after=None
[2024-03-06T22:24:53.652+0000] {logging_mixin.py:188} INFO - [2024-03-06T22:24:53.652+0000] {dag.py:3834} INFO - Setting next_dagrun for example_external_task_marker_parent to None, run_after=None
[2024-03-06T22:24:53.679+0000] {processor.py:183} INFO - Processing /home/airflow/.local/lib/python3.8/site-packages/airflow/example_dags/example_external_task_marker_dag.py took 0.124 seconds
[2024-03-06T22:25:23.830+0000] {processor.py:161} INFO - Started process (PID=889) to work on /home/airflow/.local/lib/python3.8/site-packages/airflow/example_dags/example_external_task_marker_dag.py
[2024-03-06T22:25:23.834+0000] {processor.py:830} INFO - Processing file /home/airflow/.local/lib/python3.8/site-packages/airflow/example_dags/example_external_task_marker_dag.py for tasks to queue
[2024-03-06T22:25:23.839+0000] {logging_mixin.py:188} INFO - [2024-03-06T22:25:23.839+0000] {dagbag.py:540} INFO - Filling up the DagBag from /home/airflow/.local/lib/python3.8/site-packages/airflow/example_dags/example_external_task_marker_dag.py
[2024-03-06T22:25:23.849+0000] {processor.py:840} INFO - DAG(s) 'example_external_task_marker_child', 'example_external_task_marker_parent' retrieved from /home/airflow/.local/lib/python3.8/site-packages/airflow/example_dags/example_external_task_marker_dag.py
[2024-03-06T22:25:23.884+0000] {logging_mixin.py:188} INFO - [2024-03-06T22:25:23.884+0000] {dag.py:3047} INFO - Sync 2 DAGs
[2024-03-06T22:25:23.902+0000] {logging_mixin.py:188} INFO - [2024-03-06T22:25:23.902+0000] {dag.py:3834} INFO - Setting next_dagrun for example_external_task_marker_child to None, run_after=None
[2024-03-06T22:25:23.908+0000] {logging_mixin.py:188} INFO - [2024-03-06T22:25:23.908+0000] {dag.py:3834} INFO - Setting next_dagrun for example_external_task_marker_parent to None, run_after=None
[2024-03-06T22:25:23.934+0000] {processor.py:183} INFO - Processing /home/airflow/.local/lib/python3.8/site-packages/airflow/example_dags/example_external_task_marker_dag.py took 0.108 seconds
[2024-03-06T22:25:54.179+0000] {processor.py:161} INFO - Started process (PID=943) to work on /home/airflow/.local/lib/python3.8/site-packages/airflow/example_dags/example_external_task_marker_dag.py
[2024-03-06T22:25:54.180+0000] {processor.py:830} INFO - Processing file /home/airflow/.local/lib/python3.8/site-packages/airflow/example_dags/example_external_task_marker_dag.py for tasks to queue
[2024-03-06T22:25:54.183+0000] {logging_mixin.py:188} INFO - [2024-03-06T22:25:54.183+0000] {dagbag.py:540} INFO - Filling up the DagBag from /home/airflow/.local/lib/python3.8/site-packages/airflow/example_dags/example_external_task_marker_dag.py
[2024-03-06T22:25:54.191+0000] {processor.py:840} INFO - DAG(s) 'example_external_task_marker_child', 'example_external_task_marker_parent' retrieved from /home/airflow/.local/lib/python3.8/site-packages/airflow/example_dags/example_external_task_marker_dag.py
[2024-03-06T22:25:54.224+0000] {logging_mixin.py:188} INFO - [2024-03-06T22:25:54.224+0000] {dag.py:3047} INFO - Sync 2 DAGs
[2024-03-06T22:25:54.241+0000] {logging_mixin.py:188} INFO - [2024-03-06T22:25:54.241+0000] {dag.py:3834} INFO - Setting next_dagrun for example_external_task_marker_child to None, run_after=None
[2024-03-06T22:25:54.246+0000] {logging_mixin.py:188} INFO - [2024-03-06T22:25:54.246+0000] {dag.py:3834} INFO - Setting next_dagrun for example_external_task_marker_parent to None, run_after=None
[2024-03-06T22:25:54.272+0000] {processor.py:183} INFO - Processing /home/airflow/.local/lib/python3.8/site-packages/airflow/example_dags/example_external_task_marker_dag.py took 0.097 seconds
[2024-03-06T22:26:24.589+0000] {processor.py:161} INFO - Started process (PID=998) to work on /home/airflow/.local/lib/python3.8/site-packages/airflow/example_dags/example_external_task_marker_dag.py
[2024-03-06T22:26:24.591+0000] {processor.py:830} INFO - Processing file /home/airflow/.local/lib/python3.8/site-packages/airflow/example_dags/example_external_task_marker_dag.py for tasks to queue
[2024-03-06T22:26:24.596+0000] {logging_mixin.py:188} INFO - [2024-03-06T22:26:24.595+0000] {dagbag.py:540} INFO - Filling up the DagBag from /home/airflow/.local/lib/python3.8/site-packages/airflow/example_dags/example_external_task_marker_dag.py
[2024-03-06T22:26:24.603+0000] {processor.py:840} INFO - DAG(s) 'example_external_task_marker_child', 'example_external_task_marker_parent' retrieved from /home/airflow/.local/lib/python3.8/site-packages/airflow/example_dags/example_external_task_marker_dag.py
[2024-03-06T22:26:24.639+0000] {logging_mixin.py:188} INFO - [2024-03-06T22:26:24.638+0000] {dag.py:3047} INFO - Sync 2 DAGs
[2024-03-06T22:26:24.660+0000] {logging_mixin.py:188} INFO - [2024-03-06T22:26:24.660+0000] {dag.py:3834} INFO - Setting next_dagrun for example_external_task_marker_child to None, run_after=None
[2024-03-06T22:26:24.665+0000] {logging_mixin.py:188} INFO - [2024-03-06T22:26:24.664+0000] {dag.py:3834} INFO - Setting next_dagrun for example_external_task_marker_parent to None, run_after=None
[2024-03-06T22:26:24.692+0000] {processor.py:183} INFO - Processing /home/airflow/.local/lib/python3.8/site-packages/airflow/example_dags/example_external_task_marker_dag.py took 0.108 seconds
[2024-03-06T22:26:55.098+0000] {processor.py:161} INFO - Started process (PID=1053) to work on /home/airflow/.local/lib/python3.8/site-packages/airflow/example_dags/example_external_task_marker_dag.py
[2024-03-06T22:26:55.100+0000] {processor.py:830} INFO - Processing file /home/airflow/.local/lib/python3.8/site-packages/airflow/example_dags/example_external_task_marker_dag.py for tasks to queue
[2024-03-06T22:26:55.102+0000] {logging_mixin.py:188} INFO - [2024-03-06T22:26:55.102+0000] {dagbag.py:540} INFO - Filling up the DagBag from /home/airflow/.local/lib/python3.8/site-packages/airflow/example_dags/example_external_task_marker_dag.py
[2024-03-06T22:26:55.111+0000] {processor.py:840} INFO - DAG(s) 'example_external_task_marker_child', 'example_external_task_marker_parent' retrieved from /home/airflow/.local/lib/python3.8/site-packages/airflow/example_dags/example_external_task_marker_dag.py
[2024-03-06T22:26:55.147+0000] {logging_mixin.py:188} INFO - [2024-03-06T22:26:55.147+0000] {dag.py:3047} INFO - Sync 2 DAGs
[2024-03-06T22:26:55.165+0000] {logging_mixin.py:188} INFO - [2024-03-06T22:26:55.164+0000] {dag.py:3834} INFO - Setting next_dagrun for example_external_task_marker_child to None, run_after=None
[2024-03-06T22:26:55.170+0000] {logging_mixin.py:188} INFO - [2024-03-06T22:26:55.170+0000] {dag.py:3834} INFO - Setting next_dagrun for example_external_task_marker_parent to None, run_after=None
[2024-03-06T22:26:55.194+0000] {processor.py:183} INFO - Processing /home/airflow/.local/lib/python3.8/site-packages/airflow/example_dags/example_external_task_marker_dag.py took 0.101 seconds
[2024-03-06T22:27:25.295+0000] {processor.py:161} INFO - Started process (PID=1108) to work on /home/airflow/.local/lib/python3.8/site-packages/airflow/example_dags/example_external_task_marker_dag.py
[2024-03-06T22:27:25.297+0000] {processor.py:830} INFO - Processing file /home/airflow/.local/lib/python3.8/site-packages/airflow/example_dags/example_external_task_marker_dag.py for tasks to queue
[2024-03-06T22:27:25.304+0000] {logging_mixin.py:188} INFO - [2024-03-06T22:27:25.304+0000] {dagbag.py:540} INFO - Filling up the DagBag from /home/airflow/.local/lib/python3.8/site-packages/airflow/example_dags/example_external_task_marker_dag.py
[2024-03-06T22:27:25.313+0000] {processor.py:840} INFO - DAG(s) 'example_external_task_marker_child', 'example_external_task_marker_parent' retrieved from /home/airflow/.local/lib/python3.8/site-packages/airflow/example_dags/example_external_task_marker_dag.py
[2024-03-06T22:27:25.354+0000] {logging_mixin.py:188} INFO - [2024-03-06T22:27:25.354+0000] {dag.py:3047} INFO - Sync 2 DAGs
[2024-03-06T22:27:25.373+0000] {logging_mixin.py:188} INFO - [2024-03-06T22:27:25.372+0000] {dag.py:3834} INFO - Setting next_dagrun for example_external_task_marker_child to None, run_after=None
[2024-03-06T22:27:25.380+0000] {logging_mixin.py:188} INFO - [2024-03-06T22:27:25.379+0000] {dag.py:3834} INFO - Setting next_dagrun for example_external_task_marker_parent to None, run_after=None
[2024-03-06T22:27:25.419+0000] {processor.py:183} INFO - Processing /home/airflow/.local/lib/python3.8/site-packages/airflow/example_dags/example_external_task_marker_dag.py took 0.129 seconds
[2024-03-06T22:27:55.621+0000] {processor.py:161} INFO - Started process (PID=1163) to work on /home/airflow/.local/lib/python3.8/site-packages/airflow/example_dags/example_external_task_marker_dag.py
[2024-03-06T22:27:55.623+0000] {processor.py:830} INFO - Processing file /home/airflow/.local/lib/python3.8/site-packages/airflow/example_dags/example_external_task_marker_dag.py for tasks to queue
[2024-03-06T22:27:55.626+0000] {logging_mixin.py:188} INFO - [2024-03-06T22:27:55.625+0000] {dagbag.py:540} INFO - Filling up the DagBag from /home/airflow/.local/lib/python3.8/site-packages/airflow/example_dags/example_external_task_marker_dag.py
[2024-03-06T22:27:55.634+0000] {processor.py:840} INFO - DAG(s) 'example_external_task_marker_parent', 'example_external_task_marker_child' retrieved from /home/airflow/.local/lib/python3.8/site-packages/airflow/example_dags/example_external_task_marker_dag.py
[2024-03-06T22:27:55.667+0000] {logging_mixin.py:188} INFO - [2024-03-06T22:27:55.667+0000] {dag.py:3047} INFO - Sync 2 DAGs
[2024-03-06T22:27:55.683+0000] {logging_mixin.py:188} INFO - [2024-03-06T22:27:55.683+0000] {dag.py:3834} INFO - Setting next_dagrun for example_external_task_marker_child to None, run_after=None
[2024-03-06T22:27:55.689+0000] {logging_mixin.py:188} INFO - [2024-03-06T22:27:55.688+0000] {dag.py:3834} INFO - Setting next_dagrun for example_external_task_marker_parent to None, run_after=None
[2024-03-06T22:27:55.712+0000] {processor.py:183} INFO - Processing /home/airflow/.local/lib/python3.8/site-packages/airflow/example_dags/example_external_task_marker_dag.py took 0.095 seconds
[2024-03-06T22:28:25.742+0000] {processor.py:161} INFO - Started process (PID=1217) to work on /home/airflow/.local/lib/python3.8/site-packages/airflow/example_dags/example_external_task_marker_dag.py
[2024-03-06T22:28:25.744+0000] {processor.py:830} INFO - Processing file /home/airflow/.local/lib/python3.8/site-packages/airflow/example_dags/example_external_task_marker_dag.py for tasks to queue
[2024-03-06T22:28:25.747+0000] {logging_mixin.py:188} INFO - [2024-03-06T22:28:25.747+0000] {dagbag.py:540} INFO - Filling up the DagBag from /home/airflow/.local/lib/python3.8/site-packages/airflow/example_dags/example_external_task_marker_dag.py
[2024-03-06T22:28:25.754+0000] {processor.py:840} INFO - DAG(s) 'example_external_task_marker_child', 'example_external_task_marker_parent' retrieved from /home/airflow/.local/lib/python3.8/site-packages/airflow/example_dags/example_external_task_marker_dag.py
[2024-03-06T22:28:25.789+0000] {logging_mixin.py:188} INFO - [2024-03-06T22:28:25.789+0000] {dag.py:3047} INFO - Sync 2 DAGs
[2024-03-06T22:28:25.810+0000] {logging_mixin.py:188} INFO - [2024-03-06T22:28:25.810+0000] {dag.py:3834} INFO - Setting next_dagrun for example_external_task_marker_child to None, run_after=None
[2024-03-06T22:28:25.817+0000] {logging_mixin.py:188} INFO - [2024-03-06T22:28:25.817+0000] {dag.py:3834} INFO - Setting next_dagrun for example_external_task_marker_parent to None, run_after=None
[2024-03-06T22:28:25.851+0000] {processor.py:183} INFO - Processing /home/airflow/.local/lib/python3.8/site-packages/airflow/example_dags/example_external_task_marker_dag.py took 0.113 seconds
[2024-03-06T22:28:56.134+0000] {processor.py:161} INFO - Started process (PID=1273) to work on /home/airflow/.local/lib/python3.8/site-packages/airflow/example_dags/example_external_task_marker_dag.py
[2024-03-06T22:28:56.138+0000] {processor.py:830} INFO - Processing file /home/airflow/.local/lib/python3.8/site-packages/airflow/example_dags/example_external_task_marker_dag.py for tasks to queue
[2024-03-06T22:28:56.142+0000] {logging_mixin.py:188} INFO - [2024-03-06T22:28:56.141+0000] {dagbag.py:540} INFO - Filling up the DagBag from /home/airflow/.local/lib/python3.8/site-packages/airflow/example_dags/example_external_task_marker_dag.py
[2024-03-06T22:28:56.150+0000] {processor.py:840} INFO - DAG(s) 'example_external_task_marker_parent', 'example_external_task_marker_child' retrieved from /home/airflow/.local/lib/python3.8/site-packages/airflow/example_dags/example_external_task_marker_dag.py
[2024-03-06T22:28:56.182+0000] {logging_mixin.py:188} INFO - [2024-03-06T22:28:56.182+0000] {dag.py:3047} INFO - Sync 2 DAGs
[2024-03-06T22:28:56.201+0000] {logging_mixin.py:188} INFO - [2024-03-06T22:28:56.201+0000] {dag.py:3834} INFO - Setting next_dagrun for example_external_task_marker_child to None, run_after=None
[2024-03-06T22:28:56.206+0000] {logging_mixin.py:188} INFO - [2024-03-06T22:28:56.206+0000] {dag.py:3834} INFO - Setting next_dagrun for example_external_task_marker_parent to None, run_after=None
[2024-03-06T22:28:56.231+0000] {processor.py:183} INFO - Processing /home/airflow/.local/lib/python3.8/site-packages/airflow/example_dags/example_external_task_marker_dag.py took 0.101 seconds
[2024-03-06T22:29:27.107+0000] {processor.py:161} INFO - Started process (PID=1328) to work on /home/airflow/.local/lib/python3.8/site-packages/airflow/example_dags/example_external_task_marker_dag.py
[2024-03-06T22:29:27.109+0000] {processor.py:830} INFO - Processing file /home/airflow/.local/lib/python3.8/site-packages/airflow/example_dags/example_external_task_marker_dag.py for tasks to queue
[2024-03-06T22:29:27.111+0000] {logging_mixin.py:188} INFO - [2024-03-06T22:29:27.111+0000] {dagbag.py:540} INFO - Filling up the DagBag from /home/airflow/.local/lib/python3.8/site-packages/airflow/example_dags/example_external_task_marker_dag.py
[2024-03-06T22:29:27.119+0000] {processor.py:840} INFO - DAG(s) 'example_external_task_marker_parent', 'example_external_task_marker_child' retrieved from /home/airflow/.local/lib/python3.8/site-packages/airflow/example_dags/example_external_task_marker_dag.py
[2024-03-06T22:29:27.154+0000] {logging_mixin.py:188} INFO - [2024-03-06T22:29:27.154+0000] {dag.py:3047} INFO - Sync 2 DAGs
[2024-03-06T22:29:27.171+0000] {logging_mixin.py:188} INFO - [2024-03-06T22:29:27.171+0000] {dag.py:3834} INFO - Setting next_dagrun for example_external_task_marker_child to None, run_after=None
[2024-03-06T22:29:27.176+0000] {logging_mixin.py:188} INFO - [2024-03-06T22:29:27.176+0000] {dag.py:3834} INFO - Setting next_dagrun for example_external_task_marker_parent to None, run_after=None
[2024-03-06T22:29:27.205+0000] {processor.py:183} INFO - Processing /home/airflow/.local/lib/python3.8/site-packages/airflow/example_dags/example_external_task_marker_dag.py took 0.102 seconds
[2024-03-06T22:29:57.714+0000] {processor.py:161} INFO - Started process (PID=1383) to work on /home/airflow/.local/lib/python3.8/site-packages/airflow/example_dags/example_external_task_marker_dag.py
[2024-03-06T22:29:57.716+0000] {processor.py:830} INFO - Processing file /home/airflow/.local/lib/python3.8/site-packages/airflow/example_dags/example_external_task_marker_dag.py for tasks to queue
[2024-03-06T22:29:57.718+0000] {logging_mixin.py:188} INFO - [2024-03-06T22:29:57.718+0000] {dagbag.py:540} INFO - Filling up the DagBag from /home/airflow/.local/lib/python3.8/site-packages/airflow/example_dags/example_external_task_marker_dag.py
[2024-03-06T22:29:57.728+0000] {processor.py:840} INFO - DAG(s) 'example_external_task_marker_parent', 'example_external_task_marker_child' retrieved from /home/airflow/.local/lib/python3.8/site-packages/airflow/example_dags/example_external_task_marker_dag.py
[2024-03-06T22:29:57.772+0000] {logging_mixin.py:188} INFO - [2024-03-06T22:29:57.771+0000] {dag.py:3047} INFO - Sync 2 DAGs
[2024-03-06T22:29:57.824+0000] {logging_mixin.py:188} INFO - [2024-03-06T22:29:57.820+0000] {dag.py:3834} INFO - Setting next_dagrun for example_external_task_marker_child to None, run_after=None
[2024-03-06T22:29:57.836+0000] {logging_mixin.py:188} INFO - [2024-03-06T22:29:57.835+0000] {dag.py:3834} INFO - Setting next_dagrun for example_external_task_marker_parent to None, run_after=None
[2024-03-06T22:29:57.874+0000] {processor.py:183} INFO - Processing /home/airflow/.local/lib/python3.8/site-packages/airflow/example_dags/example_external_task_marker_dag.py took 0.170 seconds
[2024-03-06T22:30:28.719+0000] {processor.py:161} INFO - Started process (PID=1437) to work on /home/airflow/.local/lib/python3.8/site-packages/airflow/example_dags/example_external_task_marker_dag.py
[2024-03-06T22:30:28.722+0000] {processor.py:830} INFO - Processing file /home/airflow/.local/lib/python3.8/site-packages/airflow/example_dags/example_external_task_marker_dag.py for tasks to queue
[2024-03-06T22:30:28.726+0000] {logging_mixin.py:188} INFO - [2024-03-06T22:30:28.725+0000] {dagbag.py:540} INFO - Filling up the DagBag from /home/airflow/.local/lib/python3.8/site-packages/airflow/example_dags/example_external_task_marker_dag.py
[2024-03-06T22:30:28.736+0000] {processor.py:840} INFO - DAG(s) 'example_external_task_marker_child', 'example_external_task_marker_parent' retrieved from /home/airflow/.local/lib/python3.8/site-packages/airflow/example_dags/example_external_task_marker_dag.py
[2024-03-06T22:30:28.781+0000] {logging_mixin.py:188} INFO - [2024-03-06T22:30:28.780+0000] {dag.py:3047} INFO - Sync 2 DAGs
[2024-03-06T22:30:28.801+0000] {logging_mixin.py:188} INFO - [2024-03-06T22:30:28.800+0000] {dag.py:3834} INFO - Setting next_dagrun for example_external_task_marker_child to None, run_after=None
[2024-03-06T22:30:28.806+0000] {logging_mixin.py:188} INFO - [2024-03-06T22:30:28.806+0000] {dag.py:3834} INFO - Setting next_dagrun for example_external_task_marker_parent to None, run_after=None
[2024-03-06T22:30:28.834+0000] {processor.py:183} INFO - Processing /home/airflow/.local/lib/python3.8/site-packages/airflow/example_dags/example_external_task_marker_dag.py took 0.121 seconds
[2024-03-06T22:30:59.298+0000] {processor.py:161} INFO - Started process (PID=1492) to work on /home/airflow/.local/lib/python3.8/site-packages/airflow/example_dags/example_external_task_marker_dag.py
[2024-03-06T22:30:59.300+0000] {processor.py:830} INFO - Processing file /home/airflow/.local/lib/python3.8/site-packages/airflow/example_dags/example_external_task_marker_dag.py for tasks to queue
[2024-03-06T22:30:59.304+0000] {logging_mixin.py:188} INFO - [2024-03-06T22:30:59.303+0000] {dagbag.py:540} INFO - Filling up the DagBag from /home/airflow/.local/lib/python3.8/site-packages/airflow/example_dags/example_external_task_marker_dag.py
[2024-03-06T22:30:59.314+0000] {processor.py:840} INFO - DAG(s) 'example_external_task_marker_child', 'example_external_task_marker_parent' retrieved from /home/airflow/.local/lib/python3.8/site-packages/airflow/example_dags/example_external_task_marker_dag.py
[2024-03-06T22:30:59.349+0000] {logging_mixin.py:188} INFO - [2024-03-06T22:30:59.349+0000] {dag.py:3047} INFO - Sync 2 DAGs
[2024-03-06T22:30:59.367+0000] {logging_mixin.py:188} INFO - [2024-03-06T22:30:59.367+0000] {dag.py:3834} INFO - Setting next_dagrun for example_external_task_marker_child to None, run_after=None
[2024-03-06T22:30:59.374+0000] {logging_mixin.py:188} INFO - [2024-03-06T22:30:59.374+0000] {dag.py:3834} INFO - Setting next_dagrun for example_external_task_marker_parent to None, run_after=None
[2024-03-06T22:30:59.404+0000] {processor.py:183} INFO - Processing /home/airflow/.local/lib/python3.8/site-packages/airflow/example_dags/example_external_task_marker_dag.py took 0.111 seconds
[2024-03-06T22:31:30.044+0000] {processor.py:161} INFO - Started process (PID=1547) to work on /home/airflow/.local/lib/python3.8/site-packages/airflow/example_dags/example_external_task_marker_dag.py
[2024-03-06T22:31:30.047+0000] {processor.py:830} INFO - Processing file /home/airflow/.local/lib/python3.8/site-packages/airflow/example_dags/example_external_task_marker_dag.py for tasks to queue
[2024-03-06T22:31:30.052+0000] {logging_mixin.py:188} INFO - [2024-03-06T22:31:30.051+0000] {dagbag.py:540} INFO - Filling up the DagBag from /home/airflow/.local/lib/python3.8/site-packages/airflow/example_dags/example_external_task_marker_dag.py
[2024-03-06T22:31:30.062+0000] {processor.py:840} INFO - DAG(s) 'example_external_task_marker_child', 'example_external_task_marker_parent' retrieved from /home/airflow/.local/lib/python3.8/site-packages/airflow/example_dags/example_external_task_marker_dag.py
[2024-03-06T22:31:30.106+0000] {logging_mixin.py:188} INFO - [2024-03-06T22:31:30.105+0000] {dag.py:3047} INFO - Sync 2 DAGs
[2024-03-06T22:31:30.143+0000] {logging_mixin.py:188} INFO - [2024-03-06T22:31:30.143+0000] {dag.py:3834} INFO - Setting next_dagrun for example_external_task_marker_child to None, run_after=None
[2024-03-06T22:31:30.149+0000] {logging_mixin.py:188} INFO - [2024-03-06T22:31:30.149+0000] {dag.py:3834} INFO - Setting next_dagrun for example_external_task_marker_parent to None, run_after=None
[2024-03-06T22:31:30.188+0000] {processor.py:183} INFO - Processing /home/airflow/.local/lib/python3.8/site-packages/airflow/example_dags/example_external_task_marker_dag.py took 0.150 seconds
[2024-03-06T22:32:00.346+0000] {processor.py:161} INFO - Started process (PID=1602) to work on /home/airflow/.local/lib/python3.8/site-packages/airflow/example_dags/example_external_task_marker_dag.py
[2024-03-06T22:32:00.347+0000] {processor.py:830} INFO - Processing file /home/airflow/.local/lib/python3.8/site-packages/airflow/example_dags/example_external_task_marker_dag.py for tasks to queue
[2024-03-06T22:32:00.351+0000] {logging_mixin.py:188} INFO - [2024-03-06T22:32:00.351+0000] {dagbag.py:540} INFO - Filling up the DagBag from /home/airflow/.local/lib/python3.8/site-packages/airflow/example_dags/example_external_task_marker_dag.py
[2024-03-06T22:32:00.406+0000] {processor.py:840} INFO - DAG(s) 'example_external_task_marker_parent', 'example_external_task_marker_child' retrieved from /home/airflow/.local/lib/python3.8/site-packages/airflow/example_dags/example_external_task_marker_dag.py
[2024-03-06T22:32:00.533+0000] {logging_mixin.py:188} INFO - [2024-03-06T22:32:00.533+0000] {dag.py:3047} INFO - Sync 2 DAGs
[2024-03-06T22:32:00.574+0000] {logging_mixin.py:188} INFO - [2024-03-06T22:32:00.574+0000] {dag.py:3834} INFO - Setting next_dagrun for example_external_task_marker_child to None, run_after=None
[2024-03-06T22:32:00.581+0000] {logging_mixin.py:188} INFO - [2024-03-06T22:32:00.581+0000] {dag.py:3834} INFO - Setting next_dagrun for example_external_task_marker_parent to None, run_after=None
[2024-03-06T22:32:00.613+0000] {processor.py:183} INFO - Processing /home/airflow/.local/lib/python3.8/site-packages/airflow/example_dags/example_external_task_marker_dag.py took 0.273 seconds
[2024-03-06T22:32:30.745+0000] {processor.py:161} INFO - Started process (PID=1662) to work on /home/airflow/.local/lib/python3.8/site-packages/airflow/example_dags/example_external_task_marker_dag.py
[2024-03-06T22:32:30.747+0000] {processor.py:830} INFO - Processing file /home/airflow/.local/lib/python3.8/site-packages/airflow/example_dags/example_external_task_marker_dag.py for tasks to queue
[2024-03-06T22:32:30.752+0000] {logging_mixin.py:188} INFO - [2024-03-06T22:32:30.751+0000] {dagbag.py:540} INFO - Filling up the DagBag from /home/airflow/.local/lib/python3.8/site-packages/airflow/example_dags/example_external_task_marker_dag.py
[2024-03-06T22:32:30.766+0000] {processor.py:840} INFO - DAG(s) 'example_external_task_marker_parent', 'example_external_task_marker_child' retrieved from /home/airflow/.local/lib/python3.8/site-packages/airflow/example_dags/example_external_task_marker_dag.py
[2024-03-06T22:32:30.808+0000] {logging_mixin.py:188} INFO - [2024-03-06T22:32:30.808+0000] {dag.py:3047} INFO - Sync 2 DAGs
[2024-03-06T22:32:30.829+0000] {logging_mixin.py:188} INFO - [2024-03-06T22:32:30.829+0000] {dag.py:3834} INFO - Setting next_dagrun for example_external_task_marker_child to None, run_after=None
[2024-03-06T22:32:30.839+0000] {logging_mixin.py:188} INFO - [2024-03-06T22:32:30.838+0000] {dag.py:3834} INFO - Setting next_dagrun for example_external_task_marker_parent to None, run_after=None
[2024-03-06T22:32:30.892+0000] {processor.py:183} INFO - Processing /home/airflow/.local/lib/python3.8/site-packages/airflow/example_dags/example_external_task_marker_dag.py took 0.154 seconds
[2024-03-06T22:33:01.157+0000] {processor.py:161} INFO - Started process (PID=1717) to work on /home/airflow/.local/lib/python3.8/site-packages/airflow/example_dags/example_external_task_marker_dag.py
[2024-03-06T22:33:01.158+0000] {processor.py:830} INFO - Processing file /home/airflow/.local/lib/python3.8/site-packages/airflow/example_dags/example_external_task_marker_dag.py for tasks to queue
[2024-03-06T22:33:01.161+0000] {logging_mixin.py:188} INFO - [2024-03-06T22:33:01.161+0000] {dagbag.py:540} INFO - Filling up the DagBag from /home/airflow/.local/lib/python3.8/site-packages/airflow/example_dags/example_external_task_marker_dag.py
[2024-03-06T22:33:01.172+0000] {processor.py:840} INFO - DAG(s) 'example_external_task_marker_parent', 'example_external_task_marker_child' retrieved from /home/airflow/.local/lib/python3.8/site-packages/airflow/example_dags/example_external_task_marker_dag.py
[2024-03-06T22:33:01.211+0000] {logging_mixin.py:188} INFO - [2024-03-06T22:33:01.211+0000] {dag.py:3047} INFO - Sync 2 DAGs
[2024-03-06T22:33:01.238+0000] {logging_mixin.py:188} INFO - [2024-03-06T22:33:01.237+0000] {dag.py:3834} INFO - Setting next_dagrun for example_external_task_marker_child to None, run_after=None
[2024-03-06T22:33:01.244+0000] {logging_mixin.py:188} INFO - [2024-03-06T22:33:01.244+0000] {dag.py:3834} INFO - Setting next_dagrun for example_external_task_marker_parent to None, run_after=None
[2024-03-06T22:33:01.274+0000] {processor.py:183} INFO - Processing /home/airflow/.local/lib/python3.8/site-packages/airflow/example_dags/example_external_task_marker_dag.py took 0.122 seconds
[2024-03-06T22:33:31.871+0000] {processor.py:161} INFO - Started process (PID=1772) to work on /home/airflow/.local/lib/python3.8/site-packages/airflow/example_dags/example_external_task_marker_dag.py
[2024-03-06T22:33:31.873+0000] {processor.py:830} INFO - Processing file /home/airflow/.local/lib/python3.8/site-packages/airflow/example_dags/example_external_task_marker_dag.py for tasks to queue
[2024-03-06T22:33:31.876+0000] {logging_mixin.py:188} INFO - [2024-03-06T22:33:31.876+0000] {dagbag.py:540} INFO - Filling up the DagBag from /home/airflow/.local/lib/python3.8/site-packages/airflow/example_dags/example_external_task_marker_dag.py
[2024-03-06T22:33:31.886+0000] {processor.py:840} INFO - DAG(s) 'example_external_task_marker_parent', 'example_external_task_marker_child' retrieved from /home/airflow/.local/lib/python3.8/site-packages/airflow/example_dags/example_external_task_marker_dag.py
[2024-03-06T22:33:31.926+0000] {logging_mixin.py:188} INFO - [2024-03-06T22:33:31.925+0000] {dag.py:3047} INFO - Sync 2 DAGs
[2024-03-06T22:33:31.945+0000] {logging_mixin.py:188} INFO - [2024-03-06T22:33:31.945+0000] {dag.py:3834} INFO - Setting next_dagrun for example_external_task_marker_child to None, run_after=None
[2024-03-06T22:33:31.952+0000] {logging_mixin.py:188} INFO - [2024-03-06T22:33:31.952+0000] {dag.py:3834} INFO - Setting next_dagrun for example_external_task_marker_parent to None, run_after=None
[2024-03-06T22:33:31.983+0000] {processor.py:183} INFO - Processing /home/airflow/.local/lib/python3.8/site-packages/airflow/example_dags/example_external_task_marker_dag.py took 0.117 seconds
[2024-03-06T22:34:02.187+0000] {processor.py:161} INFO - Started process (PID=1827) to work on /home/airflow/.local/lib/python3.8/site-packages/airflow/example_dags/example_external_task_marker_dag.py
[2024-03-06T22:34:02.190+0000] {processor.py:830} INFO - Processing file /home/airflow/.local/lib/python3.8/site-packages/airflow/example_dags/example_external_task_marker_dag.py for tasks to queue
[2024-03-06T22:34:02.193+0000] {logging_mixin.py:188} INFO - [2024-03-06T22:34:02.193+0000] {dagbag.py:540} INFO - Filling up the DagBag from /home/airflow/.local/lib/python3.8/site-packages/airflow/example_dags/example_external_task_marker_dag.py
[2024-03-06T22:34:02.202+0000] {processor.py:840} INFO - DAG(s) 'example_external_task_marker_child', 'example_external_task_marker_parent' retrieved from /home/airflow/.local/lib/python3.8/site-packages/airflow/example_dags/example_external_task_marker_dag.py
[2024-03-06T22:34:02.240+0000] {logging_mixin.py:188} INFO - [2024-03-06T22:34:02.240+0000] {dag.py:3047} INFO - Sync 2 DAGs
[2024-03-06T22:34:02.258+0000] {logging_mixin.py:188} INFO - [2024-03-06T22:34:02.258+0000] {dag.py:3834} INFO - Setting next_dagrun for example_external_task_marker_child to None, run_after=None
[2024-03-06T22:34:02.265+0000] {logging_mixin.py:188} INFO - [2024-03-06T22:34:02.264+0000] {dag.py:3834} INFO - Setting next_dagrun for example_external_task_marker_parent to None, run_after=None
[2024-03-06T22:34:02.293+0000] {processor.py:183} INFO - Processing /home/airflow/.local/lib/python3.8/site-packages/airflow/example_dags/example_external_task_marker_dag.py took 0.112 seconds
[2024-03-06T22:34:32.494+0000] {processor.py:161} INFO - Started process (PID=1882) to work on /home/airflow/.local/lib/python3.8/site-packages/airflow/example_dags/example_external_task_marker_dag.py
[2024-03-06T22:34:32.496+0000] {processor.py:830} INFO - Processing file /home/airflow/.local/lib/python3.8/site-packages/airflow/example_dags/example_external_task_marker_dag.py for tasks to queue
[2024-03-06T22:34:32.499+0000] {logging_mixin.py:188} INFO - [2024-03-06T22:34:32.499+0000] {dagbag.py:540} INFO - Filling up the DagBag from /home/airflow/.local/lib/python3.8/site-packages/airflow/example_dags/example_external_task_marker_dag.py
[2024-03-06T22:34:32.509+0000] {processor.py:840} INFO - DAG(s) 'example_external_task_marker_parent', 'example_external_task_marker_child' retrieved from /home/airflow/.local/lib/python3.8/site-packages/airflow/example_dags/example_external_task_marker_dag.py
[2024-03-06T22:34:32.558+0000] {logging_mixin.py:188} INFO - [2024-03-06T22:34:32.557+0000] {dag.py:3047} INFO - Sync 2 DAGs
[2024-03-06T22:34:32.581+0000] {logging_mixin.py:188} INFO - [2024-03-06T22:34:32.581+0000] {dag.py:3834} INFO - Setting next_dagrun for example_external_task_marker_child to None, run_after=None
[2024-03-06T22:34:32.589+0000] {logging_mixin.py:188} INFO - [2024-03-06T22:34:32.589+0000] {dag.py:3834} INFO - Setting next_dagrun for example_external_task_marker_parent to None, run_after=None
[2024-03-06T22:34:32.624+0000] {processor.py:183} INFO - Processing /home/airflow/.local/lib/python3.8/site-packages/airflow/example_dags/example_external_task_marker_dag.py took 0.136 seconds
[2024-03-06T22:35:03.094+0000] {processor.py:161} INFO - Started process (PID=1937) to work on /home/airflow/.local/lib/python3.8/site-packages/airflow/example_dags/example_external_task_marker_dag.py
[2024-03-06T22:35:03.115+0000] {processor.py:830} INFO - Processing file /home/airflow/.local/lib/python3.8/site-packages/airflow/example_dags/example_external_task_marker_dag.py for tasks to queue
[2024-03-06T22:35:03.146+0000] {logging_mixin.py:188} INFO - [2024-03-06T22:35:03.145+0000] {dagbag.py:540} INFO - Filling up the DagBag from /home/airflow/.local/lib/python3.8/site-packages/airflow/example_dags/example_external_task_marker_dag.py
[2024-03-06T22:35:03.175+0000] {processor.py:840} INFO - DAG(s) 'example_external_task_marker_child', 'example_external_task_marker_parent' retrieved from /home/airflow/.local/lib/python3.8/site-packages/airflow/example_dags/example_external_task_marker_dag.py
[2024-03-06T22:35:03.213+0000] {logging_mixin.py:188} INFO - [2024-03-06T22:35:03.212+0000] {dag.py:3047} INFO - Sync 2 DAGs
[2024-03-06T22:35:03.237+0000] {logging_mixin.py:188} INFO - [2024-03-06T22:35:03.237+0000] {dag.py:3834} INFO - Setting next_dagrun for example_external_task_marker_child to None, run_after=None
[2024-03-06T22:35:03.244+0000] {logging_mixin.py:188} INFO - [2024-03-06T22:35:03.244+0000] {dag.py:3834} INFO - Setting next_dagrun for example_external_task_marker_parent to None, run_after=None
[2024-03-06T22:35:03.271+0000] {processor.py:183} INFO - Processing /home/airflow/.local/lib/python3.8/site-packages/airflow/example_dags/example_external_task_marker_dag.py took 0.182 seconds
[2024-03-06T22:35:33.316+0000] {processor.py:161} INFO - Started process (PID=1992) to work on /home/airflow/.local/lib/python3.8/site-packages/airflow/example_dags/example_external_task_marker_dag.py
[2024-03-06T22:35:33.318+0000] {processor.py:830} INFO - Processing file /home/airflow/.local/lib/python3.8/site-packages/airflow/example_dags/example_external_task_marker_dag.py for tasks to queue
[2024-03-06T22:35:33.320+0000] {logging_mixin.py:188} INFO - [2024-03-06T22:35:33.320+0000] {dagbag.py:540} INFO - Filling up the DagBag from /home/airflow/.local/lib/python3.8/site-packages/airflow/example_dags/example_external_task_marker_dag.py
[2024-03-06T22:35:33.331+0000] {processor.py:840} INFO - DAG(s) 'example_external_task_marker_child', 'example_external_task_marker_parent' retrieved from /home/airflow/.local/lib/python3.8/site-packages/airflow/example_dags/example_external_task_marker_dag.py
[2024-03-06T22:35:33.376+0000] {logging_mixin.py:188} INFO - [2024-03-06T22:35:33.375+0000] {dag.py:3047} INFO - Sync 2 DAGs
[2024-03-06T22:35:33.404+0000] {logging_mixin.py:188} INFO - [2024-03-06T22:35:33.404+0000] {dag.py:3834} INFO - Setting next_dagrun for example_external_task_marker_child to None, run_after=None
[2024-03-06T22:35:33.412+0000] {logging_mixin.py:188} INFO - [2024-03-06T22:35:33.411+0000] {dag.py:3834} INFO - Setting next_dagrun for example_external_task_marker_parent to None, run_after=None
[2024-03-06T22:35:33.448+0000] {processor.py:183} INFO - Processing /home/airflow/.local/lib/python3.8/site-packages/airflow/example_dags/example_external_task_marker_dag.py took 0.137 seconds
[2024-03-06T22:36:03.531+0000] {processor.py:161} INFO - Started process (PID=2047) to work on /home/airflow/.local/lib/python3.8/site-packages/airflow/example_dags/example_external_task_marker_dag.py
[2024-03-06T22:36:03.533+0000] {processor.py:830} INFO - Processing file /home/airflow/.local/lib/python3.8/site-packages/airflow/example_dags/example_external_task_marker_dag.py for tasks to queue
[2024-03-06T22:36:03.537+0000] {logging_mixin.py:188} INFO - [2024-03-06T22:36:03.536+0000] {dagbag.py:540} INFO - Filling up the DagBag from /home/airflow/.local/lib/python3.8/site-packages/airflow/example_dags/example_external_task_marker_dag.py
[2024-03-06T22:36:03.547+0000] {processor.py:840} INFO - DAG(s) 'example_external_task_marker_child', 'example_external_task_marker_parent' retrieved from /home/airflow/.local/lib/python3.8/site-packages/airflow/example_dags/example_external_task_marker_dag.py
[2024-03-06T22:36:03.582+0000] {logging_mixin.py:188} INFO - [2024-03-06T22:36:03.582+0000] {dag.py:3047} INFO - Sync 2 DAGs
[2024-03-06T22:36:03.601+0000] {logging_mixin.py:188} INFO - [2024-03-06T22:36:03.601+0000] {dag.py:3834} INFO - Setting next_dagrun for example_external_task_marker_child to None, run_after=None
[2024-03-06T22:36:03.607+0000] {logging_mixin.py:188} INFO - [2024-03-06T22:36:03.606+0000] {dag.py:3834} INFO - Setting next_dagrun for example_external_task_marker_parent to None, run_after=None
[2024-03-06T22:36:03.637+0000] {processor.py:183} INFO - Processing /home/airflow/.local/lib/python3.8/site-packages/airflow/example_dags/example_external_task_marker_dag.py took 0.112 seconds
[2024-03-06T22:36:33.850+0000] {processor.py:161} INFO - Started process (PID=2102) to work on /home/airflow/.local/lib/python3.8/site-packages/airflow/example_dags/example_external_task_marker_dag.py
[2024-03-06T22:36:33.853+0000] {processor.py:830} INFO - Processing file /home/airflow/.local/lib/python3.8/site-packages/airflow/example_dags/example_external_task_marker_dag.py for tasks to queue
[2024-03-06T22:36:33.856+0000] {logging_mixin.py:188} INFO - [2024-03-06T22:36:33.856+0000] {dagbag.py:540} INFO - Filling up the DagBag from /home/airflow/.local/lib/python3.8/site-packages/airflow/example_dags/example_external_task_marker_dag.py
[2024-03-06T22:36:33.866+0000] {processor.py:840} INFO - DAG(s) 'example_external_task_marker_parent', 'example_external_task_marker_child' retrieved from /home/airflow/.local/lib/python3.8/site-packages/airflow/example_dags/example_external_task_marker_dag.py
[2024-03-06T22:36:33.905+0000] {logging_mixin.py:188} INFO - [2024-03-06T22:36:33.905+0000] {dag.py:3047} INFO - Sync 2 DAGs
[2024-03-06T22:36:33.927+0000] {logging_mixin.py:188} INFO - [2024-03-06T22:36:33.927+0000] {dag.py:3834} INFO - Setting next_dagrun for example_external_task_marker_child to None, run_after=None
[2024-03-06T22:36:33.932+0000] {logging_mixin.py:188} INFO - [2024-03-06T22:36:33.932+0000] {dag.py:3834} INFO - Setting next_dagrun for example_external_task_marker_parent to None, run_after=None
[2024-03-06T22:36:33.961+0000] {processor.py:183} INFO - Processing /home/airflow/.local/lib/python3.8/site-packages/airflow/example_dags/example_external_task_marker_dag.py took 0.116 seconds
[2024-03-06T22:37:04.237+0000] {processor.py:161} INFO - Started process (PID=2157) to work on /home/airflow/.local/lib/python3.8/site-packages/airflow/example_dags/example_external_task_marker_dag.py
[2024-03-06T22:37:04.239+0000] {processor.py:830} INFO - Processing file /home/airflow/.local/lib/python3.8/site-packages/airflow/example_dags/example_external_task_marker_dag.py for tasks to queue
[2024-03-06T22:37:04.242+0000] {logging_mixin.py:188} INFO - [2024-03-06T22:37:04.242+0000] {dagbag.py:540} INFO - Filling up the DagBag from /home/airflow/.local/lib/python3.8/site-packages/airflow/example_dags/example_external_task_marker_dag.py
[2024-03-06T22:37:04.252+0000] {processor.py:840} INFO - DAG(s) 'example_external_task_marker_parent', 'example_external_task_marker_child' retrieved from /home/airflow/.local/lib/python3.8/site-packages/airflow/example_dags/example_external_task_marker_dag.py
[2024-03-06T22:37:04.289+0000] {logging_mixin.py:188} INFO - [2024-03-06T22:37:04.288+0000] {dag.py:3047} INFO - Sync 2 DAGs
[2024-03-06T22:37:04.308+0000] {logging_mixin.py:188} INFO - [2024-03-06T22:37:04.307+0000] {dag.py:3834} INFO - Setting next_dagrun for example_external_task_marker_child to None, run_after=None
[2024-03-06T22:37:04.313+0000] {logging_mixin.py:188} INFO - [2024-03-06T22:37:04.313+0000] {dag.py:3834} INFO - Setting next_dagrun for example_external_task_marker_parent to None, run_after=None
[2024-03-06T22:37:04.340+0000] {processor.py:183} INFO - Processing /home/airflow/.local/lib/python3.8/site-packages/airflow/example_dags/example_external_task_marker_dag.py took 0.109 seconds
[2024-03-06T22:37:34.482+0000] {processor.py:161} INFO - Started process (PID=2212) to work on /home/airflow/.local/lib/python3.8/site-packages/airflow/example_dags/example_external_task_marker_dag.py
[2024-03-06T22:37:34.483+0000] {processor.py:830} INFO - Processing file /home/airflow/.local/lib/python3.8/site-packages/airflow/example_dags/example_external_task_marker_dag.py for tasks to queue
[2024-03-06T22:37:34.486+0000] {logging_mixin.py:188} INFO - [2024-03-06T22:37:34.485+0000] {dagbag.py:540} INFO - Filling up the DagBag from /home/airflow/.local/lib/python3.8/site-packages/airflow/example_dags/example_external_task_marker_dag.py
[2024-03-06T22:37:34.497+0000] {processor.py:840} INFO - DAG(s) 'example_external_task_marker_parent', 'example_external_task_marker_child' retrieved from /home/airflow/.local/lib/python3.8/site-packages/airflow/example_dags/example_external_task_marker_dag.py
[2024-03-06T22:37:34.537+0000] {logging_mixin.py:188} INFO - [2024-03-06T22:37:34.537+0000] {dag.py:3047} INFO - Sync 2 DAGs
[2024-03-06T22:37:34.557+0000] {logging_mixin.py:188} INFO - [2024-03-06T22:37:34.556+0000] {dag.py:3834} INFO - Setting next_dagrun for example_external_task_marker_child to None, run_after=None
[2024-03-06T22:37:34.562+0000] {logging_mixin.py:188} INFO - [2024-03-06T22:37:34.562+0000] {dag.py:3834} INFO - Setting next_dagrun for example_external_task_marker_parent to None, run_after=None
[2024-03-06T22:37:34.591+0000] {processor.py:183} INFO - Processing /home/airflow/.local/lib/python3.8/site-packages/airflow/example_dags/example_external_task_marker_dag.py took 0.115 seconds
[2024-03-06T22:38:04.860+0000] {processor.py:161} INFO - Started process (PID=2267) to work on /home/airflow/.local/lib/python3.8/site-packages/airflow/example_dags/example_external_task_marker_dag.py
[2024-03-06T22:38:04.862+0000] {processor.py:830} INFO - Processing file /home/airflow/.local/lib/python3.8/site-packages/airflow/example_dags/example_external_task_marker_dag.py for tasks to queue
[2024-03-06T22:38:04.865+0000] {logging_mixin.py:188} INFO - [2024-03-06T22:38:04.864+0000] {dagbag.py:540} INFO - Filling up the DagBag from /home/airflow/.local/lib/python3.8/site-packages/airflow/example_dags/example_external_task_marker_dag.py
[2024-03-06T22:38:04.875+0000] {processor.py:840} INFO - DAG(s) 'example_external_task_marker_child', 'example_external_task_marker_parent' retrieved from /home/airflow/.local/lib/python3.8/site-packages/airflow/example_dags/example_external_task_marker_dag.py
[2024-03-06T22:38:04.912+0000] {logging_mixin.py:188} INFO - [2024-03-06T22:38:04.912+0000] {dag.py:3047} INFO - Sync 2 DAGs
[2024-03-06T22:38:04.930+0000] {logging_mixin.py:188} INFO - [2024-03-06T22:38:04.930+0000] {dag.py:3834} INFO - Setting next_dagrun for example_external_task_marker_child to None, run_after=None
[2024-03-06T22:38:04.935+0000] {logging_mixin.py:188} INFO - [2024-03-06T22:38:04.935+0000] {dag.py:3834} INFO - Setting next_dagrun for example_external_task_marker_parent to None, run_after=None
[2024-03-06T22:38:04.964+0000] {processor.py:183} INFO - Processing /home/airflow/.local/lib/python3.8/site-packages/airflow/example_dags/example_external_task_marker_dag.py took 0.110 seconds
[2024-03-06T22:38:35.110+0000] {processor.py:161} INFO - Started process (PID=2322) to work on /home/airflow/.local/lib/python3.8/site-packages/airflow/example_dags/example_external_task_marker_dag.py
[2024-03-06T22:38:35.112+0000] {processor.py:830} INFO - Processing file /home/airflow/.local/lib/python3.8/site-packages/airflow/example_dags/example_external_task_marker_dag.py for tasks to queue
[2024-03-06T22:38:35.115+0000] {logging_mixin.py:188} INFO - [2024-03-06T22:38:35.114+0000] {dagbag.py:540} INFO - Filling up the DagBag from /home/airflow/.local/lib/python3.8/site-packages/airflow/example_dags/example_external_task_marker_dag.py
[2024-03-06T22:38:35.127+0000] {processor.py:840} INFO - DAG(s) 'example_external_task_marker_parent', 'example_external_task_marker_child' retrieved from /home/airflow/.local/lib/python3.8/site-packages/airflow/example_dags/example_external_task_marker_dag.py
[2024-03-06T22:38:35.166+0000] {logging_mixin.py:188} INFO - [2024-03-06T22:38:35.165+0000] {dag.py:3047} INFO - Sync 2 DAGs
[2024-03-06T22:38:35.189+0000] {logging_mixin.py:188} INFO - [2024-03-06T22:38:35.189+0000] {dag.py:3834} INFO - Setting next_dagrun for example_external_task_marker_child to None, run_after=None
[2024-03-06T22:38:35.196+0000] {logging_mixin.py:188} INFO - [2024-03-06T22:38:35.195+0000] {dag.py:3834} INFO - Setting next_dagrun for example_external_task_marker_parent to None, run_after=None
[2024-03-06T22:38:35.225+0000] {processor.py:183} INFO - Processing /home/airflow/.local/lib/python3.8/site-packages/airflow/example_dags/example_external_task_marker_dag.py took 0.121 seconds
[2024-03-06T22:39:05.397+0000] {processor.py:161} INFO - Started process (PID=2377) to work on /home/airflow/.local/lib/python3.8/site-packages/airflow/example_dags/example_external_task_marker_dag.py
[2024-03-06T22:39:05.399+0000] {processor.py:830} INFO - Processing file /home/airflow/.local/lib/python3.8/site-packages/airflow/example_dags/example_external_task_marker_dag.py for tasks to queue
[2024-03-06T22:39:05.403+0000] {logging_mixin.py:188} INFO - [2024-03-06T22:39:05.402+0000] {dagbag.py:540} INFO - Filling up the DagBag from /home/airflow/.local/lib/python3.8/site-packages/airflow/example_dags/example_external_task_marker_dag.py
[2024-03-06T22:39:05.411+0000] {processor.py:840} INFO - DAG(s) 'example_external_task_marker_parent', 'example_external_task_marker_child' retrieved from /home/airflow/.local/lib/python3.8/site-packages/airflow/example_dags/example_external_task_marker_dag.py
[2024-03-06T22:39:05.458+0000] {logging_mixin.py:188} INFO - [2024-03-06T22:39:05.457+0000] {dag.py:3047} INFO - Sync 2 DAGs
[2024-03-06T22:39:05.476+0000] {logging_mixin.py:188} INFO - [2024-03-06T22:39:05.476+0000] {dag.py:3834} INFO - Setting next_dagrun for example_external_task_marker_child to None, run_after=None
[2024-03-06T22:39:05.482+0000] {logging_mixin.py:188} INFO - [2024-03-06T22:39:05.482+0000] {dag.py:3834} INFO - Setting next_dagrun for example_external_task_marker_parent to None, run_after=None
[2024-03-06T22:39:05.512+0000] {processor.py:183} INFO - Processing /home/airflow/.local/lib/python3.8/site-packages/airflow/example_dags/example_external_task_marker_dag.py took 0.120 seconds
[2024-03-06T22:39:35.872+0000] {processor.py:161} INFO - Started process (PID=2431) to work on /home/airflow/.local/lib/python3.8/site-packages/airflow/example_dags/example_external_task_marker_dag.py
[2024-03-06T22:39:35.874+0000] {processor.py:830} INFO - Processing file /home/airflow/.local/lib/python3.8/site-packages/airflow/example_dags/example_external_task_marker_dag.py for tasks to queue
[2024-03-06T22:39:35.878+0000] {logging_mixin.py:188} INFO - [2024-03-06T22:39:35.877+0000] {dagbag.py:540} INFO - Filling up the DagBag from /home/airflow/.local/lib/python3.8/site-packages/airflow/example_dags/example_external_task_marker_dag.py
[2024-03-06T22:39:35.887+0000] {processor.py:840} INFO - DAG(s) 'example_external_task_marker_child', 'example_external_task_marker_parent' retrieved from /home/airflow/.local/lib/python3.8/site-packages/airflow/example_dags/example_external_task_marker_dag.py
[2024-03-06T22:39:35.923+0000] {logging_mixin.py:188} INFO - [2024-03-06T22:39:35.923+0000] {dag.py:3047} INFO - Sync 2 DAGs
[2024-03-06T22:39:35.942+0000] {logging_mixin.py:188} INFO - [2024-03-06T22:39:35.941+0000] {dag.py:3834} INFO - Setting next_dagrun for example_external_task_marker_child to None, run_after=None
[2024-03-06T22:39:35.948+0000] {logging_mixin.py:188} INFO - [2024-03-06T22:39:35.948+0000] {dag.py:3834} INFO - Setting next_dagrun for example_external_task_marker_parent to None, run_after=None
[2024-03-06T22:39:35.979+0000] {processor.py:183} INFO - Processing /home/airflow/.local/lib/python3.8/site-packages/airflow/example_dags/example_external_task_marker_dag.py took 0.112 seconds
[2024-03-06T22:40:06.761+0000] {processor.py:161} INFO - Started process (PID=2487) to work on /home/airflow/.local/lib/python3.8/site-packages/airflow/example_dags/example_external_task_marker_dag.py
[2024-03-06T22:40:06.763+0000] {processor.py:830} INFO - Processing file /home/airflow/.local/lib/python3.8/site-packages/airflow/example_dags/example_external_task_marker_dag.py for tasks to queue
[2024-03-06T22:40:06.767+0000] {logging_mixin.py:188} INFO - [2024-03-06T22:40:06.766+0000] {dagbag.py:540} INFO - Filling up the DagBag from /home/airflow/.local/lib/python3.8/site-packages/airflow/example_dags/example_external_task_marker_dag.py
[2024-03-06T22:40:06.776+0000] {processor.py:840} INFO - DAG(s) 'example_external_task_marker_parent', 'example_external_task_marker_child' retrieved from /home/airflow/.local/lib/python3.8/site-packages/airflow/example_dags/example_external_task_marker_dag.py
[2024-03-06T22:40:06.814+0000] {logging_mixin.py:188} INFO - [2024-03-06T22:40:06.813+0000] {dag.py:3047} INFO - Sync 2 DAGs
[2024-03-06T22:40:06.835+0000] {logging_mixin.py:188} INFO - [2024-03-06T22:40:06.834+0000] {dag.py:3834} INFO - Setting next_dagrun for example_external_task_marker_child to None, run_after=None
[2024-03-06T22:40:06.842+0000] {logging_mixin.py:188} INFO - [2024-03-06T22:40:06.841+0000] {dag.py:3834} INFO - Setting next_dagrun for example_external_task_marker_parent to None, run_after=None
[2024-03-06T22:40:06.872+0000] {processor.py:183} INFO - Processing /home/airflow/.local/lib/python3.8/site-packages/airflow/example_dags/example_external_task_marker_dag.py took 0.116 seconds
[2024-03-06T22:40:37.457+0000] {processor.py:161} INFO - Started process (PID=2542) to work on /home/airflow/.local/lib/python3.8/site-packages/airflow/example_dags/example_external_task_marker_dag.py
[2024-03-06T22:40:37.461+0000] {processor.py:830} INFO - Processing file /home/airflow/.local/lib/python3.8/site-packages/airflow/example_dags/example_external_task_marker_dag.py for tasks to queue
[2024-03-06T22:40:37.473+0000] {logging_mixin.py:188} INFO - [2024-03-06T22:40:37.473+0000] {dagbag.py:540} INFO - Filling up the DagBag from /home/airflow/.local/lib/python3.8/site-packages/airflow/example_dags/example_external_task_marker_dag.py
[2024-03-06T22:40:37.492+0000] {processor.py:840} INFO - DAG(s) 'example_external_task_marker_child', 'example_external_task_marker_parent' retrieved from /home/airflow/.local/lib/python3.8/site-packages/airflow/example_dags/example_external_task_marker_dag.py
[2024-03-06T22:40:37.547+0000] {logging_mixin.py:188} INFO - [2024-03-06T22:40:37.547+0000] {dag.py:3047} INFO - Sync 2 DAGs
[2024-03-06T22:40:37.573+0000] {logging_mixin.py:188} INFO - [2024-03-06T22:40:37.573+0000] {dag.py:3834} INFO - Setting next_dagrun for example_external_task_marker_child to None, run_after=None
[2024-03-06T22:40:37.581+0000] {logging_mixin.py:188} INFO - [2024-03-06T22:40:37.580+0000] {dag.py:3834} INFO - Setting next_dagrun for example_external_task_marker_parent to None, run_after=None
[2024-03-06T22:40:37.609+0000] {processor.py:183} INFO - Processing /home/airflow/.local/lib/python3.8/site-packages/airflow/example_dags/example_external_task_marker_dag.py took 0.158 seconds
[2024-03-06T22:41:07.879+0000] {processor.py:161} INFO - Started process (PID=2597) to work on /home/airflow/.local/lib/python3.8/site-packages/airflow/example_dags/example_external_task_marker_dag.py
[2024-03-06T22:41:07.881+0000] {processor.py:830} INFO - Processing file /home/airflow/.local/lib/python3.8/site-packages/airflow/example_dags/example_external_task_marker_dag.py for tasks to queue
[2024-03-06T22:41:07.884+0000] {logging_mixin.py:188} INFO - [2024-03-06T22:41:07.883+0000] {dagbag.py:540} INFO - Filling up the DagBag from /home/airflow/.local/lib/python3.8/site-packages/airflow/example_dags/example_external_task_marker_dag.py
[2024-03-06T22:41:07.893+0000] {processor.py:840} INFO - DAG(s) 'example_external_task_marker_parent', 'example_external_task_marker_child' retrieved from /home/airflow/.local/lib/python3.8/site-packages/airflow/example_dags/example_external_task_marker_dag.py
[2024-03-06T22:41:07.928+0000] {logging_mixin.py:188} INFO - [2024-03-06T22:41:07.928+0000] {dag.py:3047} INFO - Sync 2 DAGs
[2024-03-06T22:41:07.946+0000] {logging_mixin.py:188} INFO - [2024-03-06T22:41:07.946+0000] {dag.py:3834} INFO - Setting next_dagrun for example_external_task_marker_child to None, run_after=None
[2024-03-06T22:41:07.954+0000] {logging_mixin.py:188} INFO - [2024-03-06T22:41:07.953+0000] {dag.py:3834} INFO - Setting next_dagrun for example_external_task_marker_parent to None, run_after=None
[2024-03-06T22:41:07.983+0000] {processor.py:183} INFO - Processing /home/airflow/.local/lib/python3.8/site-packages/airflow/example_dags/example_external_task_marker_dag.py took 0.109 seconds
[2024-03-06T22:41:38.551+0000] {processor.py:161} INFO - Started process (PID=2652) to work on /home/airflow/.local/lib/python3.8/site-packages/airflow/example_dags/example_external_task_marker_dag.py
[2024-03-06T22:41:38.554+0000] {processor.py:830} INFO - Processing file /home/airflow/.local/lib/python3.8/site-packages/airflow/example_dags/example_external_task_marker_dag.py for tasks to queue
[2024-03-06T22:41:38.557+0000] {logging_mixin.py:188} INFO - [2024-03-06T22:41:38.556+0000] {dagbag.py:540} INFO - Filling up the DagBag from /home/airflow/.local/lib/python3.8/site-packages/airflow/example_dags/example_external_task_marker_dag.py
[2024-03-06T22:41:38.566+0000] {processor.py:840} INFO - DAG(s) 'example_external_task_marker_child', 'example_external_task_marker_parent' retrieved from /home/airflow/.local/lib/python3.8/site-packages/airflow/example_dags/example_external_task_marker_dag.py
[2024-03-06T22:41:38.604+0000] {logging_mixin.py:188} INFO - [2024-03-06T22:41:38.604+0000] {dag.py:3047} INFO - Sync 2 DAGs
[2024-03-06T22:41:38.623+0000] {logging_mixin.py:188} INFO - [2024-03-06T22:41:38.623+0000] {dag.py:3834} INFO - Setting next_dagrun for example_external_task_marker_child to None, run_after=None
[2024-03-06T22:41:38.628+0000] {logging_mixin.py:188} INFO - [2024-03-06T22:41:38.628+0000] {dag.py:3834} INFO - Setting next_dagrun for example_external_task_marker_parent to None, run_after=None
[2024-03-06T22:41:38.714+0000] {processor.py:183} INFO - Processing /home/airflow/.local/lib/python3.8/site-packages/airflow/example_dags/example_external_task_marker_dag.py took 0.169 seconds
[2024-03-06T22:42:09.272+0000] {processor.py:161} INFO - Started process (PID=2706) to work on /home/airflow/.local/lib/python3.8/site-packages/airflow/example_dags/example_external_task_marker_dag.py
[2024-03-06T22:42:09.274+0000] {processor.py:830} INFO - Processing file /home/airflow/.local/lib/python3.8/site-packages/airflow/example_dags/example_external_task_marker_dag.py for tasks to queue
[2024-03-06T22:42:09.278+0000] {logging_mixin.py:188} INFO - [2024-03-06T22:42:09.277+0000] {dagbag.py:540} INFO - Filling up the DagBag from /home/airflow/.local/lib/python3.8/site-packages/airflow/example_dags/example_external_task_marker_dag.py
[2024-03-06T22:42:09.291+0000] {processor.py:840} INFO - DAG(s) 'example_external_task_marker_child', 'example_external_task_marker_parent' retrieved from /home/airflow/.local/lib/python3.8/site-packages/airflow/example_dags/example_external_task_marker_dag.py
[2024-03-06T22:42:09.326+0000] {logging_mixin.py:188} INFO - [2024-03-06T22:42:09.326+0000] {dag.py:3047} INFO - Sync 2 DAGs
[2024-03-06T22:42:09.352+0000] {logging_mixin.py:188} INFO - [2024-03-06T22:42:09.352+0000] {dag.py:3834} INFO - Setting next_dagrun for example_external_task_marker_child to None, run_after=None
[2024-03-06T22:42:09.359+0000] {logging_mixin.py:188} INFO - [2024-03-06T22:42:09.359+0000] {dag.py:3834} INFO - Setting next_dagrun for example_external_task_marker_parent to None, run_after=None
[2024-03-06T22:42:09.400+0000] {processor.py:183} INFO - Processing /home/airflow/.local/lib/python3.8/site-packages/airflow/example_dags/example_external_task_marker_dag.py took 0.132 seconds
[2024-03-06T22:42:39.827+0000] {processor.py:161} INFO - Started process (PID=2759) to work on /home/airflow/.local/lib/python3.8/site-packages/airflow/example_dags/example_external_task_marker_dag.py
[2024-03-06T22:42:39.829+0000] {processor.py:830} INFO - Processing file /home/airflow/.local/lib/python3.8/site-packages/airflow/example_dags/example_external_task_marker_dag.py for tasks to queue
[2024-03-06T22:42:39.833+0000] {logging_mixin.py:188} INFO - [2024-03-06T22:42:39.832+0000] {dagbag.py:540} INFO - Filling up the DagBag from /home/airflow/.local/lib/python3.8/site-packages/airflow/example_dags/example_external_task_marker_dag.py
[2024-03-06T22:42:39.842+0000] {processor.py:840} INFO - DAG(s) 'example_external_task_marker_parent', 'example_external_task_marker_child' retrieved from /home/airflow/.local/lib/python3.8/site-packages/airflow/example_dags/example_external_task_marker_dag.py
[2024-03-06T22:42:39.886+0000] {logging_mixin.py:188} INFO - [2024-03-06T22:42:39.885+0000] {dag.py:3047} INFO - Sync 2 DAGs
[2024-03-06T22:42:39.914+0000] {logging_mixin.py:188} INFO - [2024-03-06T22:42:39.914+0000] {dag.py:3834} INFO - Setting next_dagrun for example_external_task_marker_child to None, run_after=None
[2024-03-06T22:42:39.920+0000] {logging_mixin.py:188} INFO - [2024-03-06T22:42:39.920+0000] {dag.py:3834} INFO - Setting next_dagrun for example_external_task_marker_parent to None, run_after=None
[2024-03-06T22:42:39.955+0000] {processor.py:183} INFO - Processing /home/airflow/.local/lib/python3.8/site-packages/airflow/example_dags/example_external_task_marker_dag.py took 0.132 seconds
