[2024-03-06T22:17:47.411+0000] {processor.py:161} INFO - Started process (PID=76) to work on /home/airflow/.local/lib/python3.8/site-packages/airflow/example_dags/example_sensor_decorator.py
[2024-03-06T22:17:47.415+0000] {processor.py:830} INFO - Processing file /home/airflow/.local/lib/python3.8/site-packages/airflow/example_dags/example_sensor_decorator.py for tasks to queue
[2024-03-06T22:17:47.419+0000] {logging_mixin.py:188} INFO - [2024-03-06T22:17:47.418+0000] {dagbag.py:540} INFO - Filling up the DagBag from /home/airflow/.local/lib/python3.8/site-packages/airflow/example_dags/example_sensor_decorator.py
[2024-03-06T22:17:47.433+0000] {processor.py:840} INFO - DAG(s) 'example_sensor_decorator' retrieved from /home/airflow/.local/lib/python3.8/site-packages/airflow/example_dags/example_sensor_decorator.py
[2024-03-06T22:17:47.634+0000] {logging_mixin.py:188} INFO - [2024-03-06T22:17:47.633+0000] {dag.py:3047} INFO - Sync 1 DAGs
[2024-03-06T22:17:47.651+0000] {logging_mixin.py:188} INFO - [2024-03-06T22:17:47.650+0000] {dag.py:3834} INFO - Setting next_dagrun for example_sensor_decorator to None, run_after=None
[2024-03-06T22:17:47.684+0000] {processor.py:183} INFO - Processing /home/airflow/.local/lib/python3.8/site-packages/airflow/example_dags/example_sensor_decorator.py took 0.280 seconds
[2024-03-06T22:18:18.133+0000] {processor.py:161} INFO - Started process (PID=131) to work on /home/airflow/.local/lib/python3.8/site-packages/airflow/example_dags/example_sensor_decorator.py
[2024-03-06T22:18:18.135+0000] {processor.py:830} INFO - Processing file /home/airflow/.local/lib/python3.8/site-packages/airflow/example_dags/example_sensor_decorator.py for tasks to queue
[2024-03-06T22:18:18.137+0000] {logging_mixin.py:188} INFO - [2024-03-06T22:18:18.137+0000] {dagbag.py:540} INFO - Filling up the DagBag from /home/airflow/.local/lib/python3.8/site-packages/airflow/example_dags/example_sensor_decorator.py
[2024-03-06T22:18:18.145+0000] {processor.py:840} INFO - DAG(s) 'example_sensor_decorator' retrieved from /home/airflow/.local/lib/python3.8/site-packages/airflow/example_dags/example_sensor_decorator.py
[2024-03-06T22:18:18.181+0000] {logging_mixin.py:188} INFO - [2024-03-06T22:18:18.180+0000] {dag.py:3047} INFO - Sync 1 DAGs
[2024-03-06T22:18:18.204+0000] {logging_mixin.py:188} INFO - [2024-03-06T22:18:18.203+0000] {dag.py:3834} INFO - Setting next_dagrun for example_sensor_decorator to None, run_after=None
[2024-03-06T22:18:18.235+0000] {processor.py:183} INFO - Processing /home/airflow/.local/lib/python3.8/site-packages/airflow/example_dags/example_sensor_decorator.py took 0.107 seconds
[2024-03-06T22:18:48.859+0000] {processor.py:161} INFO - Started process (PID=186) to work on /home/airflow/.local/lib/python3.8/site-packages/airflow/example_dags/example_sensor_decorator.py
[2024-03-06T22:18:48.862+0000] {processor.py:830} INFO - Processing file /home/airflow/.local/lib/python3.8/site-packages/airflow/example_dags/example_sensor_decorator.py for tasks to queue
[2024-03-06T22:18:48.866+0000] {logging_mixin.py:188} INFO - [2024-03-06T22:18:48.865+0000] {dagbag.py:540} INFO - Filling up the DagBag from /home/airflow/.local/lib/python3.8/site-packages/airflow/example_dags/example_sensor_decorator.py
[2024-03-06T22:18:48.878+0000] {processor.py:840} INFO - DAG(s) 'example_sensor_decorator' retrieved from /home/airflow/.local/lib/python3.8/site-packages/airflow/example_dags/example_sensor_decorator.py
[2024-03-06T22:18:48.906+0000] {logging_mixin.py:188} INFO - [2024-03-06T22:18:48.906+0000] {dag.py:3047} INFO - Sync 1 DAGs
[2024-03-06T22:18:48.928+0000] {logging_mixin.py:188} INFO - [2024-03-06T22:18:48.928+0000] {dag.py:3834} INFO - Setting next_dagrun for example_sensor_decorator to None, run_after=None
[2024-03-06T22:18:48.955+0000] {processor.py:183} INFO - Processing /home/airflow/.local/lib/python3.8/site-packages/airflow/example_dags/example_sensor_decorator.py took 0.100 seconds
[2024-03-06T22:19:19.150+0000] {processor.py:161} INFO - Started process (PID=241) to work on /home/airflow/.local/lib/python3.8/site-packages/airflow/example_dags/example_sensor_decorator.py
[2024-03-06T22:19:19.175+0000] {processor.py:830} INFO - Processing file /home/airflow/.local/lib/python3.8/site-packages/airflow/example_dags/example_sensor_decorator.py for tasks to queue
[2024-03-06T22:19:19.180+0000] {logging_mixin.py:188} INFO - [2024-03-06T22:19:19.180+0000] {dagbag.py:540} INFO - Filling up the DagBag from /home/airflow/.local/lib/python3.8/site-packages/airflow/example_dags/example_sensor_decorator.py
[2024-03-06T22:19:19.199+0000] {processor.py:840} INFO - DAG(s) 'example_sensor_decorator' retrieved from /home/airflow/.local/lib/python3.8/site-packages/airflow/example_dags/example_sensor_decorator.py
[2024-03-06T22:19:19.240+0000] {logging_mixin.py:188} INFO - [2024-03-06T22:19:19.240+0000] {dag.py:3047} INFO - Sync 1 DAGs
[2024-03-06T22:19:19.268+0000] {logging_mixin.py:188} INFO - [2024-03-06T22:19:19.268+0000] {dag.py:3834} INFO - Setting next_dagrun for example_sensor_decorator to None, run_after=None
[2024-03-06T22:19:19.326+0000] {processor.py:183} INFO - Processing /home/airflow/.local/lib/python3.8/site-packages/airflow/example_dags/example_sensor_decorator.py took 0.181 seconds
[2024-03-06T22:19:49.949+0000] {processor.py:161} INFO - Started process (PID=296) to work on /home/airflow/.local/lib/python3.8/site-packages/airflow/example_dags/example_sensor_decorator.py
[2024-03-06T22:19:49.951+0000] {processor.py:830} INFO - Processing file /home/airflow/.local/lib/python3.8/site-packages/airflow/example_dags/example_sensor_decorator.py for tasks to queue
[2024-03-06T22:19:49.953+0000] {logging_mixin.py:188} INFO - [2024-03-06T22:19:49.953+0000] {dagbag.py:540} INFO - Filling up the DagBag from /home/airflow/.local/lib/python3.8/site-packages/airflow/example_dags/example_sensor_decorator.py
[2024-03-06T22:19:49.962+0000] {processor.py:840} INFO - DAG(s) 'example_sensor_decorator' retrieved from /home/airflow/.local/lib/python3.8/site-packages/airflow/example_dags/example_sensor_decorator.py
[2024-03-06T22:19:49.992+0000] {logging_mixin.py:188} INFO - [2024-03-06T22:19:49.991+0000] {dag.py:3047} INFO - Sync 1 DAGs
[2024-03-06T22:19:50.010+0000] {logging_mixin.py:188} INFO - [2024-03-06T22:19:50.009+0000] {dag.py:3834} INFO - Setting next_dagrun for example_sensor_decorator to None, run_after=None
[2024-03-06T22:19:50.044+0000] {processor.py:183} INFO - Processing /home/airflow/.local/lib/python3.8/site-packages/airflow/example_dags/example_sensor_decorator.py took 0.098 seconds
[2024-03-06T22:20:20.200+0000] {processor.py:161} INFO - Started process (PID=351) to work on /home/airflow/.local/lib/python3.8/site-packages/airflow/example_dags/example_sensor_decorator.py
[2024-03-06T22:20:20.201+0000] {processor.py:830} INFO - Processing file /home/airflow/.local/lib/python3.8/site-packages/airflow/example_dags/example_sensor_decorator.py for tasks to queue
[2024-03-06T22:20:20.204+0000] {logging_mixin.py:188} INFO - [2024-03-06T22:20:20.204+0000] {dagbag.py:540} INFO - Filling up the DagBag from /home/airflow/.local/lib/python3.8/site-packages/airflow/example_dags/example_sensor_decorator.py
[2024-03-06T22:20:20.215+0000] {processor.py:840} INFO - DAG(s) 'example_sensor_decorator' retrieved from /home/airflow/.local/lib/python3.8/site-packages/airflow/example_dags/example_sensor_decorator.py
[2024-03-06T22:20:20.251+0000] {logging_mixin.py:188} INFO - [2024-03-06T22:20:20.251+0000] {dag.py:3047} INFO - Sync 1 DAGs
[2024-03-06T22:20:20.275+0000] {logging_mixin.py:188} INFO - [2024-03-06T22:20:20.275+0000] {dag.py:3834} INFO - Setting next_dagrun for example_sensor_decorator to None, run_after=None
[2024-03-06T22:20:20.322+0000] {processor.py:183} INFO - Processing /home/airflow/.local/lib/python3.8/site-packages/airflow/example_dags/example_sensor_decorator.py took 0.127 seconds
[2024-03-06T22:20:50.527+0000] {processor.py:161} INFO - Started process (PID=406) to work on /home/airflow/.local/lib/python3.8/site-packages/airflow/example_dags/example_sensor_decorator.py
[2024-03-06T22:20:50.530+0000] {processor.py:830} INFO - Processing file /home/airflow/.local/lib/python3.8/site-packages/airflow/example_dags/example_sensor_decorator.py for tasks to queue
[2024-03-06T22:20:50.532+0000] {logging_mixin.py:188} INFO - [2024-03-06T22:20:50.532+0000] {dagbag.py:540} INFO - Filling up the DagBag from /home/airflow/.local/lib/python3.8/site-packages/airflow/example_dags/example_sensor_decorator.py
[2024-03-06T22:20:50.541+0000] {processor.py:840} INFO - DAG(s) 'example_sensor_decorator' retrieved from /home/airflow/.local/lib/python3.8/site-packages/airflow/example_dags/example_sensor_decorator.py
[2024-03-06T22:20:50.570+0000] {logging_mixin.py:188} INFO - [2024-03-06T22:20:50.570+0000] {dag.py:3047} INFO - Sync 1 DAGs
[2024-03-06T22:20:50.587+0000] {logging_mixin.py:188} INFO - [2024-03-06T22:20:50.586+0000] {dag.py:3834} INFO - Setting next_dagrun for example_sensor_decorator to None, run_after=None
[2024-03-06T22:20:50.615+0000] {processor.py:183} INFO - Processing /home/airflow/.local/lib/python3.8/site-packages/airflow/example_dags/example_sensor_decorator.py took 0.094 seconds
[2024-03-06T22:21:21.124+0000] {processor.py:161} INFO - Started process (PID=461) to work on /home/airflow/.local/lib/python3.8/site-packages/airflow/example_dags/example_sensor_decorator.py
[2024-03-06T22:21:21.125+0000] {processor.py:830} INFO - Processing file /home/airflow/.local/lib/python3.8/site-packages/airflow/example_dags/example_sensor_decorator.py for tasks to queue
[2024-03-06T22:21:21.129+0000] {logging_mixin.py:188} INFO - [2024-03-06T22:21:21.129+0000] {dagbag.py:540} INFO - Filling up the DagBag from /home/airflow/.local/lib/python3.8/site-packages/airflow/example_dags/example_sensor_decorator.py
[2024-03-06T22:21:21.141+0000] {processor.py:840} INFO - DAG(s) 'example_sensor_decorator' retrieved from /home/airflow/.local/lib/python3.8/site-packages/airflow/example_dags/example_sensor_decorator.py
[2024-03-06T22:21:21.180+0000] {logging_mixin.py:188} INFO - [2024-03-06T22:21:21.180+0000] {dag.py:3047} INFO - Sync 1 DAGs
[2024-03-06T22:21:21.201+0000] {logging_mixin.py:188} INFO - [2024-03-06T22:21:21.201+0000] {dag.py:3834} INFO - Setting next_dagrun for example_sensor_decorator to None, run_after=None
[2024-03-06T22:21:21.235+0000] {processor.py:183} INFO - Processing /home/airflow/.local/lib/python3.8/site-packages/airflow/example_dags/example_sensor_decorator.py took 0.118 seconds
[2024-03-06T22:21:52.014+0000] {processor.py:161} INFO - Started process (PID=516) to work on /home/airflow/.local/lib/python3.8/site-packages/airflow/example_dags/example_sensor_decorator.py
[2024-03-06T22:21:52.016+0000] {processor.py:830} INFO - Processing file /home/airflow/.local/lib/python3.8/site-packages/airflow/example_dags/example_sensor_decorator.py for tasks to queue
[2024-03-06T22:21:52.020+0000] {logging_mixin.py:188} INFO - [2024-03-06T22:21:52.020+0000] {dagbag.py:540} INFO - Filling up the DagBag from /home/airflow/.local/lib/python3.8/site-packages/airflow/example_dags/example_sensor_decorator.py
[2024-03-06T22:21:52.029+0000] {processor.py:840} INFO - DAG(s) 'example_sensor_decorator' retrieved from /home/airflow/.local/lib/python3.8/site-packages/airflow/example_dags/example_sensor_decorator.py
[2024-03-06T22:21:52.062+0000] {logging_mixin.py:188} INFO - [2024-03-06T22:21:52.062+0000] {dag.py:3047} INFO - Sync 1 DAGs
[2024-03-06T22:21:52.081+0000] {logging_mixin.py:188} INFO - [2024-03-06T22:21:52.080+0000] {dag.py:3834} INFO - Setting next_dagrun for example_sensor_decorator to None, run_after=None
[2024-03-06T22:21:52.111+0000] {processor.py:183} INFO - Processing /home/airflow/.local/lib/python3.8/site-packages/airflow/example_dags/example_sensor_decorator.py took 0.102 seconds
[2024-03-06T22:22:22.362+0000] {processor.py:161} INFO - Started process (PID=570) to work on /home/airflow/.local/lib/python3.8/site-packages/airflow/example_dags/example_sensor_decorator.py
[2024-03-06T22:22:22.363+0000] {processor.py:830} INFO - Processing file /home/airflow/.local/lib/python3.8/site-packages/airflow/example_dags/example_sensor_decorator.py for tasks to queue
[2024-03-06T22:22:22.366+0000] {logging_mixin.py:188} INFO - [2024-03-06T22:22:22.366+0000] {dagbag.py:540} INFO - Filling up the DagBag from /home/airflow/.local/lib/python3.8/site-packages/airflow/example_dags/example_sensor_decorator.py
[2024-03-06T22:22:22.375+0000] {processor.py:840} INFO - DAG(s) 'example_sensor_decorator' retrieved from /home/airflow/.local/lib/python3.8/site-packages/airflow/example_dags/example_sensor_decorator.py
[2024-03-06T22:22:22.439+0000] {logging_mixin.py:188} INFO - [2024-03-06T22:22:22.439+0000] {dag.py:3047} INFO - Sync 1 DAGs
[2024-03-06T22:22:22.497+0000] {logging_mixin.py:188} INFO - [2024-03-06T22:22:22.494+0000] {dag.py:3834} INFO - Setting next_dagrun for example_sensor_decorator to None, run_after=None
[2024-03-06T22:22:22.537+0000] {processor.py:183} INFO - Processing /home/airflow/.local/lib/python3.8/site-packages/airflow/example_dags/example_sensor_decorator.py took 0.180 seconds
[2024-03-06T22:22:53.045+0000] {processor.py:161} INFO - Started process (PID=625) to work on /home/airflow/.local/lib/python3.8/site-packages/airflow/example_dags/example_sensor_decorator.py
[2024-03-06T22:22:53.047+0000] {processor.py:830} INFO - Processing file /home/airflow/.local/lib/python3.8/site-packages/airflow/example_dags/example_sensor_decorator.py for tasks to queue
[2024-03-06T22:22:53.049+0000] {logging_mixin.py:188} INFO - [2024-03-06T22:22:53.049+0000] {dagbag.py:540} INFO - Filling up the DagBag from /home/airflow/.local/lib/python3.8/site-packages/airflow/example_dags/example_sensor_decorator.py
[2024-03-06T22:22:53.059+0000] {processor.py:840} INFO - DAG(s) 'example_sensor_decorator' retrieved from /home/airflow/.local/lib/python3.8/site-packages/airflow/example_dags/example_sensor_decorator.py
[2024-03-06T22:22:53.086+0000] {logging_mixin.py:188} INFO - [2024-03-06T22:22:53.086+0000] {dag.py:3047} INFO - Sync 1 DAGs
[2024-03-06T22:22:53.103+0000] {logging_mixin.py:188} INFO - [2024-03-06T22:22:53.102+0000] {dag.py:3834} INFO - Setting next_dagrun for example_sensor_decorator to None, run_after=None
[2024-03-06T22:22:53.130+0000] {processor.py:183} INFO - Processing /home/airflow/.local/lib/python3.8/site-packages/airflow/example_dags/example_sensor_decorator.py took 0.090 seconds
[2024-03-06T22:23:23.495+0000] {processor.py:161} INFO - Started process (PID=680) to work on /home/airflow/.local/lib/python3.8/site-packages/airflow/example_dags/example_sensor_decorator.py
[2024-03-06T22:23:23.497+0000] {processor.py:830} INFO - Processing file /home/airflow/.local/lib/python3.8/site-packages/airflow/example_dags/example_sensor_decorator.py for tasks to queue
[2024-03-06T22:23:23.500+0000] {logging_mixin.py:188} INFO - [2024-03-06T22:23:23.500+0000] {dagbag.py:540} INFO - Filling up the DagBag from /home/airflow/.local/lib/python3.8/site-packages/airflow/example_dags/example_sensor_decorator.py
[2024-03-06T22:23:23.510+0000] {processor.py:840} INFO - DAG(s) 'example_sensor_decorator' retrieved from /home/airflow/.local/lib/python3.8/site-packages/airflow/example_dags/example_sensor_decorator.py
[2024-03-06T22:23:23.546+0000] {logging_mixin.py:188} INFO - [2024-03-06T22:23:23.546+0000] {dag.py:3047} INFO - Sync 1 DAGs
[2024-03-06T22:23:23.566+0000] {logging_mixin.py:188} INFO - [2024-03-06T22:23:23.566+0000] {dag.py:3834} INFO - Setting next_dagrun for example_sensor_decorator to None, run_after=None
[2024-03-06T22:23:23.597+0000] {processor.py:183} INFO - Processing /home/airflow/.local/lib/python3.8/site-packages/airflow/example_dags/example_sensor_decorator.py took 0.107 seconds
[2024-03-06T22:23:54.173+0000] {processor.py:161} INFO - Started process (PID=734) to work on /home/airflow/.local/lib/python3.8/site-packages/airflow/example_dags/example_sensor_decorator.py
[2024-03-06T22:23:54.174+0000] {processor.py:830} INFO - Processing file /home/airflow/.local/lib/python3.8/site-packages/airflow/example_dags/example_sensor_decorator.py for tasks to queue
[2024-03-06T22:23:54.177+0000] {logging_mixin.py:188} INFO - [2024-03-06T22:23:54.177+0000] {dagbag.py:540} INFO - Filling up the DagBag from /home/airflow/.local/lib/python3.8/site-packages/airflow/example_dags/example_sensor_decorator.py
[2024-03-06T22:23:54.186+0000] {processor.py:840} INFO - DAG(s) 'example_sensor_decorator' retrieved from /home/airflow/.local/lib/python3.8/site-packages/airflow/example_dags/example_sensor_decorator.py
[2024-03-06T22:23:54.213+0000] {logging_mixin.py:188} INFO - [2024-03-06T22:23:54.212+0000] {dag.py:3047} INFO - Sync 1 DAGs
[2024-03-06T22:23:54.230+0000] {logging_mixin.py:188} INFO - [2024-03-06T22:23:54.229+0000] {dag.py:3834} INFO - Setting next_dagrun for example_sensor_decorator to None, run_after=None
[2024-03-06T22:23:54.256+0000] {processor.py:183} INFO - Processing /home/airflow/.local/lib/python3.8/site-packages/airflow/example_dags/example_sensor_decorator.py took 0.087 seconds
[2024-03-06T22:24:25.166+0000] {processor.py:161} INFO - Started process (PID=789) to work on /home/airflow/.local/lib/python3.8/site-packages/airflow/example_dags/example_sensor_decorator.py
[2024-03-06T22:24:25.167+0000] {processor.py:830} INFO - Processing file /home/airflow/.local/lib/python3.8/site-packages/airflow/example_dags/example_sensor_decorator.py for tasks to queue
[2024-03-06T22:24:25.170+0000] {logging_mixin.py:188} INFO - [2024-03-06T22:24:25.170+0000] {dagbag.py:540} INFO - Filling up the DagBag from /home/airflow/.local/lib/python3.8/site-packages/airflow/example_dags/example_sensor_decorator.py
[2024-03-06T22:24:25.178+0000] {processor.py:840} INFO - DAG(s) 'example_sensor_decorator' retrieved from /home/airflow/.local/lib/python3.8/site-packages/airflow/example_dags/example_sensor_decorator.py
[2024-03-06T22:24:25.210+0000] {logging_mixin.py:188} INFO - [2024-03-06T22:24:25.210+0000] {dag.py:3047} INFO - Sync 1 DAGs
[2024-03-06T22:24:25.230+0000] {logging_mixin.py:188} INFO - [2024-03-06T22:24:25.229+0000] {dag.py:3834} INFO - Setting next_dagrun for example_sensor_decorator to None, run_after=None
[2024-03-06T22:24:25.256+0000] {processor.py:183} INFO - Processing /home/airflow/.local/lib/python3.8/site-packages/airflow/example_dags/example_sensor_decorator.py took 0.095 seconds
[2024-03-06T22:24:55.618+0000] {processor.py:161} INFO - Started process (PID=844) to work on /home/airflow/.local/lib/python3.8/site-packages/airflow/example_dags/example_sensor_decorator.py
[2024-03-06T22:24:55.624+0000] {processor.py:830} INFO - Processing file /home/airflow/.local/lib/python3.8/site-packages/airflow/example_dags/example_sensor_decorator.py for tasks to queue
[2024-03-06T22:24:55.629+0000] {logging_mixin.py:188} INFO - [2024-03-06T22:24:55.628+0000] {dagbag.py:540} INFO - Filling up the DagBag from /home/airflow/.local/lib/python3.8/site-packages/airflow/example_dags/example_sensor_decorator.py
[2024-03-06T22:24:55.642+0000] {processor.py:840} INFO - DAG(s) 'example_sensor_decorator' retrieved from /home/airflow/.local/lib/python3.8/site-packages/airflow/example_dags/example_sensor_decorator.py
[2024-03-06T22:24:55.689+0000] {logging_mixin.py:188} INFO - [2024-03-06T22:24:55.688+0000] {dag.py:3047} INFO - Sync 1 DAGs
[2024-03-06T22:24:55.720+0000] {logging_mixin.py:188} INFO - [2024-03-06T22:24:55.720+0000] {dag.py:3834} INFO - Setting next_dagrun for example_sensor_decorator to None, run_after=None
[2024-03-06T22:24:55.760+0000] {processor.py:183} INFO - Processing /home/airflow/.local/lib/python3.8/site-packages/airflow/example_dags/example_sensor_decorator.py took 0.150 seconds
[2024-03-06T22:25:26.594+0000] {processor.py:161} INFO - Started process (PID=899) to work on /home/airflow/.local/lib/python3.8/site-packages/airflow/example_dags/example_sensor_decorator.py
[2024-03-06T22:25:26.596+0000] {processor.py:830} INFO - Processing file /home/airflow/.local/lib/python3.8/site-packages/airflow/example_dags/example_sensor_decorator.py for tasks to queue
[2024-03-06T22:25:26.619+0000] {logging_mixin.py:188} INFO - [2024-03-06T22:25:26.618+0000] {dagbag.py:540} INFO - Filling up the DagBag from /home/airflow/.local/lib/python3.8/site-packages/airflow/example_dags/example_sensor_decorator.py
[2024-03-06T22:25:26.630+0000] {processor.py:840} INFO - DAG(s) 'example_sensor_decorator' retrieved from /home/airflow/.local/lib/python3.8/site-packages/airflow/example_dags/example_sensor_decorator.py
[2024-03-06T22:25:26.663+0000] {logging_mixin.py:188} INFO - [2024-03-06T22:25:26.663+0000] {dag.py:3047} INFO - Sync 1 DAGs
[2024-03-06T22:25:26.681+0000] {logging_mixin.py:188} INFO - [2024-03-06T22:25:26.681+0000] {dag.py:3834} INFO - Setting next_dagrun for example_sensor_decorator to None, run_after=None
[2024-03-06T22:25:26.714+0000] {processor.py:183} INFO - Processing /home/airflow/.local/lib/python3.8/site-packages/airflow/example_dags/example_sensor_decorator.py took 0.124 seconds
[2024-03-06T22:25:56.934+0000] {processor.py:161} INFO - Started process (PID=953) to work on /home/airflow/.local/lib/python3.8/site-packages/airflow/example_dags/example_sensor_decorator.py
[2024-03-06T22:25:56.936+0000] {processor.py:830} INFO - Processing file /home/airflow/.local/lib/python3.8/site-packages/airflow/example_dags/example_sensor_decorator.py for tasks to queue
[2024-03-06T22:25:56.938+0000] {logging_mixin.py:188} INFO - [2024-03-06T22:25:56.938+0000] {dagbag.py:540} INFO - Filling up the DagBag from /home/airflow/.local/lib/python3.8/site-packages/airflow/example_dags/example_sensor_decorator.py
[2024-03-06T22:25:56.947+0000] {processor.py:840} INFO - DAG(s) 'example_sensor_decorator' retrieved from /home/airflow/.local/lib/python3.8/site-packages/airflow/example_dags/example_sensor_decorator.py
[2024-03-06T22:25:56.981+0000] {logging_mixin.py:188} INFO - [2024-03-06T22:25:56.980+0000] {dag.py:3047} INFO - Sync 1 DAGs
[2024-03-06T22:25:56.998+0000] {logging_mixin.py:188} INFO - [2024-03-06T22:25:56.998+0000] {dag.py:3834} INFO - Setting next_dagrun for example_sensor_decorator to None, run_after=None
[2024-03-06T22:25:57.035+0000] {processor.py:183} INFO - Processing /home/airflow/.local/lib/python3.8/site-packages/airflow/example_dags/example_sensor_decorator.py took 0.106 seconds
[2024-03-06T22:26:27.426+0000] {processor.py:161} INFO - Started process (PID=1008) to work on /home/airflow/.local/lib/python3.8/site-packages/airflow/example_dags/example_sensor_decorator.py
[2024-03-06T22:26:27.428+0000] {processor.py:830} INFO - Processing file /home/airflow/.local/lib/python3.8/site-packages/airflow/example_dags/example_sensor_decorator.py for tasks to queue
[2024-03-06T22:26:27.431+0000] {logging_mixin.py:188} INFO - [2024-03-06T22:26:27.430+0000] {dagbag.py:540} INFO - Filling up the DagBag from /home/airflow/.local/lib/python3.8/site-packages/airflow/example_dags/example_sensor_decorator.py
[2024-03-06T22:26:27.440+0000] {processor.py:840} INFO - DAG(s) 'example_sensor_decorator' retrieved from /home/airflow/.local/lib/python3.8/site-packages/airflow/example_dags/example_sensor_decorator.py
[2024-03-06T22:26:27.468+0000] {logging_mixin.py:188} INFO - [2024-03-06T22:26:27.467+0000] {dag.py:3047} INFO - Sync 1 DAGs
[2024-03-06T22:26:27.489+0000] {logging_mixin.py:188} INFO - [2024-03-06T22:26:27.489+0000] {dag.py:3834} INFO - Setting next_dagrun for example_sensor_decorator to None, run_after=None
[2024-03-06T22:26:27.517+0000] {processor.py:183} INFO - Processing /home/airflow/.local/lib/python3.8/site-packages/airflow/example_dags/example_sensor_decorator.py took 0.095 seconds
[2024-03-06T22:26:57.857+0000] {processor.py:161} INFO - Started process (PID=1063) to work on /home/airflow/.local/lib/python3.8/site-packages/airflow/example_dags/example_sensor_decorator.py
[2024-03-06T22:26:57.859+0000] {processor.py:830} INFO - Processing file /home/airflow/.local/lib/python3.8/site-packages/airflow/example_dags/example_sensor_decorator.py for tasks to queue
[2024-03-06T22:26:57.861+0000] {logging_mixin.py:188} INFO - [2024-03-06T22:26:57.861+0000] {dagbag.py:540} INFO - Filling up the DagBag from /home/airflow/.local/lib/python3.8/site-packages/airflow/example_dags/example_sensor_decorator.py
[2024-03-06T22:26:57.871+0000] {processor.py:840} INFO - DAG(s) 'example_sensor_decorator' retrieved from /home/airflow/.local/lib/python3.8/site-packages/airflow/example_dags/example_sensor_decorator.py
[2024-03-06T22:26:57.902+0000] {logging_mixin.py:188} INFO - [2024-03-06T22:26:57.902+0000] {dag.py:3047} INFO - Sync 1 DAGs
[2024-03-06T22:26:57.921+0000] {logging_mixin.py:188} INFO - [2024-03-06T22:26:57.920+0000] {dag.py:3834} INFO - Setting next_dagrun for example_sensor_decorator to None, run_after=None
[2024-03-06T22:26:57.952+0000] {processor.py:183} INFO - Processing /home/airflow/.local/lib/python3.8/site-packages/airflow/example_dags/example_sensor_decorator.py took 0.099 seconds
[2024-03-06T22:27:28.081+0000] {processor.py:161} INFO - Started process (PID=1118) to work on /home/airflow/.local/lib/python3.8/site-packages/airflow/example_dags/example_sensor_decorator.py
[2024-03-06T22:27:28.083+0000] {processor.py:830} INFO - Processing file /home/airflow/.local/lib/python3.8/site-packages/airflow/example_dags/example_sensor_decorator.py for tasks to queue
[2024-03-06T22:27:28.087+0000] {logging_mixin.py:188} INFO - [2024-03-06T22:27:28.086+0000] {dagbag.py:540} INFO - Filling up the DagBag from /home/airflow/.local/lib/python3.8/site-packages/airflow/example_dags/example_sensor_decorator.py
[2024-03-06T22:27:28.095+0000] {processor.py:840} INFO - DAG(s) 'example_sensor_decorator' retrieved from /home/airflow/.local/lib/python3.8/site-packages/airflow/example_dags/example_sensor_decorator.py
[2024-03-06T22:27:28.126+0000] {logging_mixin.py:188} INFO - [2024-03-06T22:27:28.126+0000] {dag.py:3047} INFO - Sync 1 DAGs
[2024-03-06T22:27:28.148+0000] {logging_mixin.py:188} INFO - [2024-03-06T22:27:28.148+0000] {dag.py:3834} INFO - Setting next_dagrun for example_sensor_decorator to None, run_after=None
[2024-03-06T22:27:28.175+0000] {processor.py:183} INFO - Processing /home/airflow/.local/lib/python3.8/site-packages/airflow/example_dags/example_sensor_decorator.py took 0.099 seconds
[2024-03-06T22:27:58.436+0000] {processor.py:161} INFO - Started process (PID=1173) to work on /home/airflow/.local/lib/python3.8/site-packages/airflow/example_dags/example_sensor_decorator.py
[2024-03-06T22:27:58.438+0000] {processor.py:830} INFO - Processing file /home/airflow/.local/lib/python3.8/site-packages/airflow/example_dags/example_sensor_decorator.py for tasks to queue
[2024-03-06T22:27:58.443+0000] {logging_mixin.py:188} INFO - [2024-03-06T22:27:58.442+0000] {dagbag.py:540} INFO - Filling up the DagBag from /home/airflow/.local/lib/python3.8/site-packages/airflow/example_dags/example_sensor_decorator.py
[2024-03-06T22:27:58.453+0000] {processor.py:840} INFO - DAG(s) 'example_sensor_decorator' retrieved from /home/airflow/.local/lib/python3.8/site-packages/airflow/example_dags/example_sensor_decorator.py
[2024-03-06T22:27:58.488+0000] {logging_mixin.py:188} INFO - [2024-03-06T22:27:58.487+0000] {dag.py:3047} INFO - Sync 1 DAGs
[2024-03-06T22:27:58.507+0000] {logging_mixin.py:188} INFO - [2024-03-06T22:27:58.507+0000] {dag.py:3834} INFO - Setting next_dagrun for example_sensor_decorator to None, run_after=None
[2024-03-06T22:27:58.537+0000] {processor.py:183} INFO - Processing /home/airflow/.local/lib/python3.8/site-packages/airflow/example_dags/example_sensor_decorator.py took 0.106 seconds
[2024-03-06T22:28:28.663+0000] {processor.py:161} INFO - Started process (PID=1228) to work on /home/airflow/.local/lib/python3.8/site-packages/airflow/example_dags/example_sensor_decorator.py
[2024-03-06T22:28:28.666+0000] {processor.py:830} INFO - Processing file /home/airflow/.local/lib/python3.8/site-packages/airflow/example_dags/example_sensor_decorator.py for tasks to queue
[2024-03-06T22:28:28.668+0000] {logging_mixin.py:188} INFO - [2024-03-06T22:28:28.668+0000] {dagbag.py:540} INFO - Filling up the DagBag from /home/airflow/.local/lib/python3.8/site-packages/airflow/example_dags/example_sensor_decorator.py
[2024-03-06T22:28:28.676+0000] {processor.py:840} INFO - DAG(s) 'example_sensor_decorator' retrieved from /home/airflow/.local/lib/python3.8/site-packages/airflow/example_dags/example_sensor_decorator.py
[2024-03-06T22:28:28.702+0000] {logging_mixin.py:188} INFO - [2024-03-06T22:28:28.701+0000] {dag.py:3047} INFO - Sync 1 DAGs
[2024-03-06T22:28:28.718+0000] {logging_mixin.py:188} INFO - [2024-03-06T22:28:28.718+0000] {dag.py:3834} INFO - Setting next_dagrun for example_sensor_decorator to None, run_after=None
[2024-03-06T22:28:28.750+0000] {processor.py:183} INFO - Processing /home/airflow/.local/lib/python3.8/site-packages/airflow/example_dags/example_sensor_decorator.py took 0.091 seconds
[2024-03-06T22:28:59.068+0000] {processor.py:161} INFO - Started process (PID=1283) to work on /home/airflow/.local/lib/python3.8/site-packages/airflow/example_dags/example_sensor_decorator.py
[2024-03-06T22:28:59.070+0000] {processor.py:830} INFO - Processing file /home/airflow/.local/lib/python3.8/site-packages/airflow/example_dags/example_sensor_decorator.py for tasks to queue
[2024-03-06T22:28:59.073+0000] {logging_mixin.py:188} INFO - [2024-03-06T22:28:59.072+0000] {dagbag.py:540} INFO - Filling up the DagBag from /home/airflow/.local/lib/python3.8/site-packages/airflow/example_dags/example_sensor_decorator.py
[2024-03-06T22:28:59.084+0000] {processor.py:840} INFO - DAG(s) 'example_sensor_decorator' retrieved from /home/airflow/.local/lib/python3.8/site-packages/airflow/example_dags/example_sensor_decorator.py
[2024-03-06T22:28:59.129+0000] {logging_mixin.py:188} INFO - [2024-03-06T22:28:59.128+0000] {dag.py:3047} INFO - Sync 1 DAGs
[2024-03-06T22:28:59.152+0000] {logging_mixin.py:188} INFO - [2024-03-06T22:28:59.152+0000] {dag.py:3834} INFO - Setting next_dagrun for example_sensor_decorator to None, run_after=None
[2024-03-06T22:28:59.189+0000] {processor.py:183} INFO - Processing /home/airflow/.local/lib/python3.8/site-packages/airflow/example_dags/example_sensor_decorator.py took 0.126 seconds
[2024-03-06T22:29:29.921+0000] {processor.py:161} INFO - Started process (PID=1344) to work on /home/airflow/.local/lib/python3.8/site-packages/airflow/example_dags/example_sensor_decorator.py
[2024-03-06T22:29:29.923+0000] {processor.py:830} INFO - Processing file /home/airflow/.local/lib/python3.8/site-packages/airflow/example_dags/example_sensor_decorator.py for tasks to queue
[2024-03-06T22:29:29.930+0000] {logging_mixin.py:188} INFO - [2024-03-06T22:29:29.929+0000] {dagbag.py:540} INFO - Filling up the DagBag from /home/airflow/.local/lib/python3.8/site-packages/airflow/example_dags/example_sensor_decorator.py
[2024-03-06T22:29:29.943+0000] {processor.py:840} INFO - DAG(s) 'example_sensor_decorator' retrieved from /home/airflow/.local/lib/python3.8/site-packages/airflow/example_dags/example_sensor_decorator.py
[2024-03-06T22:29:29.982+0000] {logging_mixin.py:188} INFO - [2024-03-06T22:29:29.982+0000] {dag.py:3047} INFO - Sync 1 DAGs
[2024-03-06T22:29:30.000+0000] {logging_mixin.py:188} INFO - [2024-03-06T22:29:30.000+0000] {dag.py:3834} INFO - Setting next_dagrun for example_sensor_decorator to None, run_after=None
[2024-03-06T22:29:30.041+0000] {processor.py:183} INFO - Processing /home/airflow/.local/lib/python3.8/site-packages/airflow/example_dags/example_sensor_decorator.py took 0.126 seconds
[2024-03-06T22:30:00.654+0000] {processor.py:161} INFO - Started process (PID=1398) to work on /home/airflow/.local/lib/python3.8/site-packages/airflow/example_dags/example_sensor_decorator.py
[2024-03-06T22:30:00.656+0000] {processor.py:830} INFO - Processing file /home/airflow/.local/lib/python3.8/site-packages/airflow/example_dags/example_sensor_decorator.py for tasks to queue
[2024-03-06T22:30:00.659+0000] {logging_mixin.py:188} INFO - [2024-03-06T22:30:00.658+0000] {dagbag.py:540} INFO - Filling up the DagBag from /home/airflow/.local/lib/python3.8/site-packages/airflow/example_dags/example_sensor_decorator.py
[2024-03-06T22:30:00.667+0000] {processor.py:840} INFO - DAG(s) 'example_sensor_decorator' retrieved from /home/airflow/.local/lib/python3.8/site-packages/airflow/example_dags/example_sensor_decorator.py
[2024-03-06T22:30:00.697+0000] {logging_mixin.py:188} INFO - [2024-03-06T22:30:00.697+0000] {dag.py:3047} INFO - Sync 1 DAGs
[2024-03-06T22:30:00.715+0000] {logging_mixin.py:188} INFO - [2024-03-06T22:30:00.715+0000] {dag.py:3834} INFO - Setting next_dagrun for example_sensor_decorator to None, run_after=None
[2024-03-06T22:30:00.744+0000] {processor.py:183} INFO - Processing /home/airflow/.local/lib/python3.8/site-packages/airflow/example_dags/example_sensor_decorator.py took 0.094 seconds
[2024-03-06T22:30:31.640+0000] {processor.py:161} INFO - Started process (PID=1453) to work on /home/airflow/.local/lib/python3.8/site-packages/airflow/example_dags/example_sensor_decorator.py
[2024-03-06T22:30:31.645+0000] {processor.py:830} INFO - Processing file /home/airflow/.local/lib/python3.8/site-packages/airflow/example_dags/example_sensor_decorator.py for tasks to queue
[2024-03-06T22:30:31.648+0000] {logging_mixin.py:188} INFO - [2024-03-06T22:30:31.648+0000] {dagbag.py:540} INFO - Filling up the DagBag from /home/airflow/.local/lib/python3.8/site-packages/airflow/example_dags/example_sensor_decorator.py
[2024-03-06T22:30:31.659+0000] {processor.py:840} INFO - DAG(s) 'example_sensor_decorator' retrieved from /home/airflow/.local/lib/python3.8/site-packages/airflow/example_dags/example_sensor_decorator.py
[2024-03-06T22:30:31.691+0000] {logging_mixin.py:188} INFO - [2024-03-06T22:30:31.691+0000] {dag.py:3047} INFO - Sync 1 DAGs
[2024-03-06T22:30:31.717+0000] {logging_mixin.py:188} INFO - [2024-03-06T22:30:31.717+0000] {dag.py:3834} INFO - Setting next_dagrun for example_sensor_decorator to None, run_after=None
[2024-03-06T22:30:31.756+0000] {processor.py:183} INFO - Processing /home/airflow/.local/lib/python3.8/site-packages/airflow/example_dags/example_sensor_decorator.py took 0.126 seconds
[2024-03-06T22:31:01.942+0000] {processor.py:161} INFO - Started process (PID=1508) to work on /home/airflow/.local/lib/python3.8/site-packages/airflow/example_dags/example_sensor_decorator.py
[2024-03-06T22:31:01.944+0000] {processor.py:830} INFO - Processing file /home/airflow/.local/lib/python3.8/site-packages/airflow/example_dags/example_sensor_decorator.py for tasks to queue
[2024-03-06T22:31:01.947+0000] {logging_mixin.py:188} INFO - [2024-03-06T22:31:01.946+0000] {dagbag.py:540} INFO - Filling up the DagBag from /home/airflow/.local/lib/python3.8/site-packages/airflow/example_dags/example_sensor_decorator.py
[2024-03-06T22:31:01.955+0000] {processor.py:840} INFO - DAG(s) 'example_sensor_decorator' retrieved from /home/airflow/.local/lib/python3.8/site-packages/airflow/example_dags/example_sensor_decorator.py
[2024-03-06T22:31:01.983+0000] {logging_mixin.py:188} INFO - [2024-03-06T22:31:01.983+0000] {dag.py:3047} INFO - Sync 1 DAGs
[2024-03-06T22:31:02.001+0000] {logging_mixin.py:188} INFO - [2024-03-06T22:31:02.000+0000] {dag.py:3834} INFO - Setting next_dagrun for example_sensor_decorator to None, run_after=None
[2024-03-06T22:31:02.029+0000] {processor.py:183} INFO - Processing /home/airflow/.local/lib/python3.8/site-packages/airflow/example_dags/example_sensor_decorator.py took 0.092 seconds
[2024-03-06T22:31:32.971+0000] {processor.py:161} INFO - Started process (PID=1563) to work on /home/airflow/.local/lib/python3.8/site-packages/airflow/example_dags/example_sensor_decorator.py
[2024-03-06T22:31:32.974+0000] {processor.py:830} INFO - Processing file /home/airflow/.local/lib/python3.8/site-packages/airflow/example_dags/example_sensor_decorator.py for tasks to queue
[2024-03-06T22:31:32.977+0000] {logging_mixin.py:188} INFO - [2024-03-06T22:31:32.977+0000] {dagbag.py:540} INFO - Filling up the DagBag from /home/airflow/.local/lib/python3.8/site-packages/airflow/example_dags/example_sensor_decorator.py
[2024-03-06T22:31:32.992+0000] {processor.py:840} INFO - DAG(s) 'example_sensor_decorator' retrieved from /home/airflow/.local/lib/python3.8/site-packages/airflow/example_dags/example_sensor_decorator.py
[2024-03-06T22:31:33.062+0000] {logging_mixin.py:188} INFO - [2024-03-06T22:31:33.062+0000] {dag.py:3047} INFO - Sync 1 DAGs
[2024-03-06T22:31:33.086+0000] {logging_mixin.py:188} INFO - [2024-03-06T22:31:33.085+0000] {dag.py:3834} INFO - Setting next_dagrun for example_sensor_decorator to None, run_after=None
[2024-03-06T22:31:33.119+0000] {processor.py:183} INFO - Processing /home/airflow/.local/lib/python3.8/site-packages/airflow/example_dags/example_sensor_decorator.py took 0.155 seconds
[2024-03-06T22:32:03.317+0000] {processor.py:161} INFO - Started process (PID=1617) to work on /home/airflow/.local/lib/python3.8/site-packages/airflow/example_dags/example_sensor_decorator.py
[2024-03-06T22:32:03.318+0000] {processor.py:830} INFO - Processing file /home/airflow/.local/lib/python3.8/site-packages/airflow/example_dags/example_sensor_decorator.py for tasks to queue
[2024-03-06T22:32:03.322+0000] {logging_mixin.py:188} INFO - [2024-03-06T22:32:03.322+0000] {dagbag.py:540} INFO - Filling up the DagBag from /home/airflow/.local/lib/python3.8/site-packages/airflow/example_dags/example_sensor_decorator.py
[2024-03-06T22:32:03.332+0000] {processor.py:840} INFO - DAG(s) 'example_sensor_decorator' retrieved from /home/airflow/.local/lib/python3.8/site-packages/airflow/example_dags/example_sensor_decorator.py
[2024-03-06T22:32:03.359+0000] {logging_mixin.py:188} INFO - [2024-03-06T22:32:03.359+0000] {dag.py:3047} INFO - Sync 1 DAGs
[2024-03-06T22:32:03.378+0000] {logging_mixin.py:188} INFO - [2024-03-06T22:32:03.377+0000] {dag.py:3834} INFO - Setting next_dagrun for example_sensor_decorator to None, run_after=None
[2024-03-06T22:32:03.406+0000] {processor.py:183} INFO - Processing /home/airflow/.local/lib/python3.8/site-packages/airflow/example_dags/example_sensor_decorator.py took 0.094 seconds
[2024-03-06T22:32:33.623+0000] {processor.py:161} INFO - Started process (PID=1672) to work on /home/airflow/.local/lib/python3.8/site-packages/airflow/example_dags/example_sensor_decorator.py
[2024-03-06T22:32:33.633+0000] {processor.py:830} INFO - Processing file /home/airflow/.local/lib/python3.8/site-packages/airflow/example_dags/example_sensor_decorator.py for tasks to queue
[2024-03-06T22:32:33.637+0000] {logging_mixin.py:188} INFO - [2024-03-06T22:32:33.637+0000] {dagbag.py:540} INFO - Filling up the DagBag from /home/airflow/.local/lib/python3.8/site-packages/airflow/example_dags/example_sensor_decorator.py
[2024-03-06T22:32:33.649+0000] {processor.py:840} INFO - DAG(s) 'example_sensor_decorator' retrieved from /home/airflow/.local/lib/python3.8/site-packages/airflow/example_dags/example_sensor_decorator.py
[2024-03-06T22:32:33.678+0000] {logging_mixin.py:188} INFO - [2024-03-06T22:32:33.678+0000] {dag.py:3047} INFO - Sync 1 DAGs
[2024-03-06T22:32:33.701+0000] {logging_mixin.py:188} INFO - [2024-03-06T22:32:33.701+0000] {dag.py:3834} INFO - Setting next_dagrun for example_sensor_decorator to None, run_after=None
[2024-03-06T22:32:33.739+0000] {processor.py:183} INFO - Processing /home/airflow/.local/lib/python3.8/site-packages/airflow/example_dags/example_sensor_decorator.py took 0.121 seconds
[2024-03-06T22:33:03.848+0000] {processor.py:161} INFO - Started process (PID=1727) to work on /home/airflow/.local/lib/python3.8/site-packages/airflow/example_dags/example_sensor_decorator.py
[2024-03-06T22:33:03.850+0000] {processor.py:830} INFO - Processing file /home/airflow/.local/lib/python3.8/site-packages/airflow/example_dags/example_sensor_decorator.py for tasks to queue
[2024-03-06T22:33:03.852+0000] {logging_mixin.py:188} INFO - [2024-03-06T22:33:03.852+0000] {dagbag.py:540} INFO - Filling up the DagBag from /home/airflow/.local/lib/python3.8/site-packages/airflow/example_dags/example_sensor_decorator.py
[2024-03-06T22:33:03.862+0000] {processor.py:840} INFO - DAG(s) 'example_sensor_decorator' retrieved from /home/airflow/.local/lib/python3.8/site-packages/airflow/example_dags/example_sensor_decorator.py
[2024-03-06T22:33:03.913+0000] {logging_mixin.py:188} INFO - [2024-03-06T22:33:03.913+0000] {dag.py:3047} INFO - Sync 1 DAGs
[2024-03-06T22:33:03.942+0000] {logging_mixin.py:188} INFO - [2024-03-06T22:33:03.942+0000] {dag.py:3834} INFO - Setting next_dagrun for example_sensor_decorator to None, run_after=None
[2024-03-06T22:33:03.983+0000] {processor.py:183} INFO - Processing /home/airflow/.local/lib/python3.8/site-packages/airflow/example_dags/example_sensor_decorator.py took 0.140 seconds
[2024-03-06T22:33:34.663+0000] {processor.py:161} INFO - Started process (PID=1782) to work on /home/airflow/.local/lib/python3.8/site-packages/airflow/example_dags/example_sensor_decorator.py
[2024-03-06T22:33:34.664+0000] {processor.py:830} INFO - Processing file /home/airflow/.local/lib/python3.8/site-packages/airflow/example_dags/example_sensor_decorator.py for tasks to queue
[2024-03-06T22:33:34.668+0000] {logging_mixin.py:188} INFO - [2024-03-06T22:33:34.667+0000] {dagbag.py:540} INFO - Filling up the DagBag from /home/airflow/.local/lib/python3.8/site-packages/airflow/example_dags/example_sensor_decorator.py
[2024-03-06T22:33:34.676+0000] {processor.py:840} INFO - DAG(s) 'example_sensor_decorator' retrieved from /home/airflow/.local/lib/python3.8/site-packages/airflow/example_dags/example_sensor_decorator.py
[2024-03-06T22:33:34.760+0000] {logging_mixin.py:188} INFO - [2024-03-06T22:33:34.760+0000] {dag.py:3047} INFO - Sync 1 DAGs
[2024-03-06T22:33:34.780+0000] {logging_mixin.py:188} INFO - [2024-03-06T22:33:34.780+0000] {dag.py:3834} INFO - Setting next_dagrun for example_sensor_decorator to None, run_after=None
[2024-03-06T22:33:34.810+0000] {processor.py:183} INFO - Processing /home/airflow/.local/lib/python3.8/site-packages/airflow/example_dags/example_sensor_decorator.py took 0.151 seconds
[2024-03-06T22:34:04.949+0000] {processor.py:161} INFO - Started process (PID=1837) to work on /home/airflow/.local/lib/python3.8/site-packages/airflow/example_dags/example_sensor_decorator.py
[2024-03-06T22:34:04.951+0000] {processor.py:830} INFO - Processing file /home/airflow/.local/lib/python3.8/site-packages/airflow/example_dags/example_sensor_decorator.py for tasks to queue
[2024-03-06T22:34:04.953+0000] {logging_mixin.py:188} INFO - [2024-03-06T22:34:04.953+0000] {dagbag.py:540} INFO - Filling up the DagBag from /home/airflow/.local/lib/python3.8/site-packages/airflow/example_dags/example_sensor_decorator.py
[2024-03-06T22:34:04.964+0000] {processor.py:840} INFO - DAG(s) 'example_sensor_decorator' retrieved from /home/airflow/.local/lib/python3.8/site-packages/airflow/example_dags/example_sensor_decorator.py
[2024-03-06T22:34:04.998+0000] {logging_mixin.py:188} INFO - [2024-03-06T22:34:04.998+0000] {dag.py:3047} INFO - Sync 1 DAGs
[2024-03-06T22:34:05.018+0000] {logging_mixin.py:188} INFO - [2024-03-06T22:34:05.017+0000] {dag.py:3834} INFO - Setting next_dagrun for example_sensor_decorator to None, run_after=None
[2024-03-06T22:34:05.054+0000] {processor.py:183} INFO - Processing /home/airflow/.local/lib/python3.8/site-packages/airflow/example_dags/example_sensor_decorator.py took 0.110 seconds
[2024-03-06T22:34:35.174+0000] {processor.py:161} INFO - Started process (PID=1892) to work on /home/airflow/.local/lib/python3.8/site-packages/airflow/example_dags/example_sensor_decorator.py
[2024-03-06T22:34:35.176+0000] {processor.py:830} INFO - Processing file /home/airflow/.local/lib/python3.8/site-packages/airflow/example_dags/example_sensor_decorator.py for tasks to queue
[2024-03-06T22:34:35.179+0000] {logging_mixin.py:188} INFO - [2024-03-06T22:34:35.179+0000] {dagbag.py:540} INFO - Filling up the DagBag from /home/airflow/.local/lib/python3.8/site-packages/airflow/example_dags/example_sensor_decorator.py
[2024-03-06T22:34:35.187+0000] {processor.py:840} INFO - DAG(s) 'example_sensor_decorator' retrieved from /home/airflow/.local/lib/python3.8/site-packages/airflow/example_dags/example_sensor_decorator.py
[2024-03-06T22:34:35.215+0000] {logging_mixin.py:188} INFO - [2024-03-06T22:34:35.215+0000] {dag.py:3047} INFO - Sync 1 DAGs
[2024-03-06T22:34:35.232+0000] {logging_mixin.py:188} INFO - [2024-03-06T22:34:35.232+0000] {dag.py:3834} INFO - Setting next_dagrun for example_sensor_decorator to None, run_after=None
[2024-03-06T22:34:35.260+0000] {processor.py:183} INFO - Processing /home/airflow/.local/lib/python3.8/site-packages/airflow/example_dags/example_sensor_decorator.py took 0.091 seconds
[2024-03-06T22:35:05.795+0000] {processor.py:161} INFO - Started process (PID=1947) to work on /home/airflow/.local/lib/python3.8/site-packages/airflow/example_dags/example_sensor_decorator.py
[2024-03-06T22:35:05.797+0000] {processor.py:830} INFO - Processing file /home/airflow/.local/lib/python3.8/site-packages/airflow/example_dags/example_sensor_decorator.py for tasks to queue
[2024-03-06T22:35:05.799+0000] {logging_mixin.py:188} INFO - [2024-03-06T22:35:05.799+0000] {dagbag.py:540} INFO - Filling up the DagBag from /home/airflow/.local/lib/python3.8/site-packages/airflow/example_dags/example_sensor_decorator.py
[2024-03-06T22:35:05.808+0000] {processor.py:840} INFO - DAG(s) 'example_sensor_decorator' retrieved from /home/airflow/.local/lib/python3.8/site-packages/airflow/example_dags/example_sensor_decorator.py
[2024-03-06T22:35:05.836+0000] {logging_mixin.py:188} INFO - [2024-03-06T22:35:05.836+0000] {dag.py:3047} INFO - Sync 1 DAGs
[2024-03-06T22:35:05.852+0000] {logging_mixin.py:188} INFO - [2024-03-06T22:35:05.852+0000] {dag.py:3834} INFO - Setting next_dagrun for example_sensor_decorator to None, run_after=None
[2024-03-06T22:35:05.885+0000] {processor.py:183} INFO - Processing /home/airflow/.local/lib/python3.8/site-packages/airflow/example_dags/example_sensor_decorator.py took 0.094 seconds
[2024-03-06T22:35:36.223+0000] {processor.py:161} INFO - Started process (PID=2002) to work on /home/airflow/.local/lib/python3.8/site-packages/airflow/example_dags/example_sensor_decorator.py
[2024-03-06T22:35:36.225+0000] {processor.py:830} INFO - Processing file /home/airflow/.local/lib/python3.8/site-packages/airflow/example_dags/example_sensor_decorator.py for tasks to queue
[2024-03-06T22:35:36.228+0000] {logging_mixin.py:188} INFO - [2024-03-06T22:35:36.228+0000] {dagbag.py:540} INFO - Filling up the DagBag from /home/airflow/.local/lib/python3.8/site-packages/airflow/example_dags/example_sensor_decorator.py
[2024-03-06T22:35:36.237+0000] {processor.py:840} INFO - DAG(s) 'example_sensor_decorator' retrieved from /home/airflow/.local/lib/python3.8/site-packages/airflow/example_dags/example_sensor_decorator.py
[2024-03-06T22:35:36.272+0000] {logging_mixin.py:188} INFO - [2024-03-06T22:35:36.271+0000] {dag.py:3047} INFO - Sync 1 DAGs
[2024-03-06T22:35:36.290+0000] {logging_mixin.py:188} INFO - [2024-03-06T22:35:36.290+0000] {dag.py:3834} INFO - Setting next_dagrun for example_sensor_decorator to None, run_after=None
[2024-03-06T22:35:36.316+0000] {processor.py:183} INFO - Processing /home/airflow/.local/lib/python3.8/site-packages/airflow/example_dags/example_sensor_decorator.py took 0.099 seconds
[2024-03-06T22:36:07.269+0000] {processor.py:161} INFO - Started process (PID=2057) to work on /home/airflow/.local/lib/python3.8/site-packages/airflow/example_dags/example_sensor_decorator.py
[2024-03-06T22:36:07.274+0000] {processor.py:830} INFO - Processing file /home/airflow/.local/lib/python3.8/site-packages/airflow/example_dags/example_sensor_decorator.py for tasks to queue
[2024-03-06T22:36:07.287+0000] {logging_mixin.py:188} INFO - [2024-03-06T22:36:07.287+0000] {dagbag.py:540} INFO - Filling up the DagBag from /home/airflow/.local/lib/python3.8/site-packages/airflow/example_dags/example_sensor_decorator.py
[2024-03-06T22:36:07.314+0000] {processor.py:840} INFO - DAG(s) 'example_sensor_decorator' retrieved from /home/airflow/.local/lib/python3.8/site-packages/airflow/example_dags/example_sensor_decorator.py
[2024-03-06T22:36:07.349+0000] {logging_mixin.py:188} INFO - [2024-03-06T22:36:07.349+0000] {dag.py:3047} INFO - Sync 1 DAGs
[2024-03-06T22:36:07.375+0000] {logging_mixin.py:188} INFO - [2024-03-06T22:36:07.375+0000] {dag.py:3834} INFO - Setting next_dagrun for example_sensor_decorator to None, run_after=None
[2024-03-06T22:36:07.414+0000] {processor.py:183} INFO - Processing /home/airflow/.local/lib/python3.8/site-packages/airflow/example_dags/example_sensor_decorator.py took 0.152 seconds
[2024-03-06T22:36:37.488+0000] {processor.py:161} INFO - Started process (PID=2112) to work on /home/airflow/.local/lib/python3.8/site-packages/airflow/example_dags/example_sensor_decorator.py
[2024-03-06T22:36:37.490+0000] {processor.py:830} INFO - Processing file /home/airflow/.local/lib/python3.8/site-packages/airflow/example_dags/example_sensor_decorator.py for tasks to queue
[2024-03-06T22:36:37.493+0000] {logging_mixin.py:188} INFO - [2024-03-06T22:36:37.492+0000] {dagbag.py:540} INFO - Filling up the DagBag from /home/airflow/.local/lib/python3.8/site-packages/airflow/example_dags/example_sensor_decorator.py
[2024-03-06T22:36:37.502+0000] {processor.py:840} INFO - DAG(s) 'example_sensor_decorator' retrieved from /home/airflow/.local/lib/python3.8/site-packages/airflow/example_dags/example_sensor_decorator.py
[2024-03-06T22:36:37.547+0000] {logging_mixin.py:188} INFO - [2024-03-06T22:36:37.547+0000] {dag.py:3047} INFO - Sync 1 DAGs
[2024-03-06T22:36:37.575+0000] {logging_mixin.py:188} INFO - [2024-03-06T22:36:37.575+0000] {dag.py:3834} INFO - Setting next_dagrun for example_sensor_decorator to None, run_after=None
[2024-03-06T22:36:37.610+0000] {processor.py:183} INFO - Processing /home/airflow/.local/lib/python3.8/site-packages/airflow/example_dags/example_sensor_decorator.py took 0.127 seconds
[2024-03-06T22:37:07.885+0000] {processor.py:161} INFO - Started process (PID=2167) to work on /home/airflow/.local/lib/python3.8/site-packages/airflow/example_dags/example_sensor_decorator.py
[2024-03-06T22:37:07.886+0000] {processor.py:830} INFO - Processing file /home/airflow/.local/lib/python3.8/site-packages/airflow/example_dags/example_sensor_decorator.py for tasks to queue
[2024-03-06T22:37:07.889+0000] {logging_mixin.py:188} INFO - [2024-03-06T22:37:07.888+0000] {dagbag.py:540} INFO - Filling up the DagBag from /home/airflow/.local/lib/python3.8/site-packages/airflow/example_dags/example_sensor_decorator.py
[2024-03-06T22:37:07.897+0000] {processor.py:840} INFO - DAG(s) 'example_sensor_decorator' retrieved from /home/airflow/.local/lib/python3.8/site-packages/airflow/example_dags/example_sensor_decorator.py
[2024-03-06T22:37:07.929+0000] {logging_mixin.py:188} INFO - [2024-03-06T22:37:07.929+0000] {dag.py:3047} INFO - Sync 1 DAGs
[2024-03-06T22:37:07.947+0000] {logging_mixin.py:188} INFO - [2024-03-06T22:37:07.946+0000] {dag.py:3834} INFO - Setting next_dagrun for example_sensor_decorator to None, run_after=None
[2024-03-06T22:37:07.977+0000] {processor.py:183} INFO - Processing /home/airflow/.local/lib/python3.8/site-packages/airflow/example_dags/example_sensor_decorator.py took 0.096 seconds
[2024-03-06T22:37:38.212+0000] {processor.py:161} INFO - Started process (PID=2222) to work on /home/airflow/.local/lib/python3.8/site-packages/airflow/example_dags/example_sensor_decorator.py
[2024-03-06T22:37:38.214+0000] {processor.py:830} INFO - Processing file /home/airflow/.local/lib/python3.8/site-packages/airflow/example_dags/example_sensor_decorator.py for tasks to queue
[2024-03-06T22:37:38.216+0000] {logging_mixin.py:188} INFO - [2024-03-06T22:37:38.216+0000] {dagbag.py:540} INFO - Filling up the DagBag from /home/airflow/.local/lib/python3.8/site-packages/airflow/example_dags/example_sensor_decorator.py
[2024-03-06T22:37:38.225+0000] {processor.py:840} INFO - DAG(s) 'example_sensor_decorator' retrieved from /home/airflow/.local/lib/python3.8/site-packages/airflow/example_dags/example_sensor_decorator.py
[2024-03-06T22:37:38.252+0000] {logging_mixin.py:188} INFO - [2024-03-06T22:37:38.251+0000] {dag.py:3047} INFO - Sync 1 DAGs
[2024-03-06T22:37:38.269+0000] {logging_mixin.py:188} INFO - [2024-03-06T22:37:38.269+0000] {dag.py:3834} INFO - Setting next_dagrun for example_sensor_decorator to None, run_after=None
[2024-03-06T22:37:38.296+0000] {processor.py:183} INFO - Processing /home/airflow/.local/lib/python3.8/site-packages/airflow/example_dags/example_sensor_decorator.py took 0.088 seconds
[2024-03-06T22:38:08.504+0000] {processor.py:161} INFO - Started process (PID=2277) to work on /home/airflow/.local/lib/python3.8/site-packages/airflow/example_dags/example_sensor_decorator.py
[2024-03-06T22:38:08.506+0000] {processor.py:830} INFO - Processing file /home/airflow/.local/lib/python3.8/site-packages/airflow/example_dags/example_sensor_decorator.py for tasks to queue
[2024-03-06T22:38:08.510+0000] {logging_mixin.py:188} INFO - [2024-03-06T22:38:08.509+0000] {dagbag.py:540} INFO - Filling up the DagBag from /home/airflow/.local/lib/python3.8/site-packages/airflow/example_dags/example_sensor_decorator.py
[2024-03-06T22:38:08.520+0000] {processor.py:840} INFO - DAG(s) 'example_sensor_decorator' retrieved from /home/airflow/.local/lib/python3.8/site-packages/airflow/example_dags/example_sensor_decorator.py
[2024-03-06T22:38:08.551+0000] {logging_mixin.py:188} INFO - [2024-03-06T22:38:08.551+0000] {dag.py:3047} INFO - Sync 1 DAGs
[2024-03-06T22:38:08.571+0000] {logging_mixin.py:188} INFO - [2024-03-06T22:38:08.570+0000] {dag.py:3834} INFO - Setting next_dagrun for example_sensor_decorator to None, run_after=None
[2024-03-06T22:38:08.604+0000] {processor.py:183} INFO - Processing /home/airflow/.local/lib/python3.8/site-packages/airflow/example_dags/example_sensor_decorator.py took 0.104 seconds
[2024-03-06T22:38:38.797+0000] {processor.py:161} INFO - Started process (PID=2332) to work on /home/airflow/.local/lib/python3.8/site-packages/airflow/example_dags/example_sensor_decorator.py
[2024-03-06T22:38:38.799+0000] {processor.py:830} INFO - Processing file /home/airflow/.local/lib/python3.8/site-packages/airflow/example_dags/example_sensor_decorator.py for tasks to queue
[2024-03-06T22:38:38.802+0000] {logging_mixin.py:188} INFO - [2024-03-06T22:38:38.801+0000] {dagbag.py:540} INFO - Filling up the DagBag from /home/airflow/.local/lib/python3.8/site-packages/airflow/example_dags/example_sensor_decorator.py
[2024-03-06T22:38:38.810+0000] {processor.py:840} INFO - DAG(s) 'example_sensor_decorator' retrieved from /home/airflow/.local/lib/python3.8/site-packages/airflow/example_dags/example_sensor_decorator.py
[2024-03-06T22:38:38.849+0000] {logging_mixin.py:188} INFO - [2024-03-06T22:38:38.848+0000] {dag.py:3047} INFO - Sync 1 DAGs
[2024-03-06T22:38:38.866+0000] {logging_mixin.py:188} INFO - [2024-03-06T22:38:38.866+0000] {dag.py:3834} INFO - Setting next_dagrun for example_sensor_decorator to None, run_after=None
[2024-03-06T22:38:38.895+0000] {processor.py:183} INFO - Processing /home/airflow/.local/lib/python3.8/site-packages/airflow/example_dags/example_sensor_decorator.py took 0.103 seconds
[2024-03-06T22:39:09.067+0000] {processor.py:161} INFO - Started process (PID=2387) to work on /home/airflow/.local/lib/python3.8/site-packages/airflow/example_dags/example_sensor_decorator.py
[2024-03-06T22:39:09.069+0000] {processor.py:830} INFO - Processing file /home/airflow/.local/lib/python3.8/site-packages/airflow/example_dags/example_sensor_decorator.py for tasks to queue
[2024-03-06T22:39:09.072+0000] {logging_mixin.py:188} INFO - [2024-03-06T22:39:09.071+0000] {dagbag.py:540} INFO - Filling up the DagBag from /home/airflow/.local/lib/python3.8/site-packages/airflow/example_dags/example_sensor_decorator.py
[2024-03-06T22:39:09.081+0000] {processor.py:840} INFO - DAG(s) 'example_sensor_decorator' retrieved from /home/airflow/.local/lib/python3.8/site-packages/airflow/example_dags/example_sensor_decorator.py
[2024-03-06T22:39:09.108+0000] {logging_mixin.py:188} INFO - [2024-03-06T22:39:09.108+0000] {dag.py:3047} INFO - Sync 1 DAGs
[2024-03-06T22:39:09.130+0000] {logging_mixin.py:188} INFO - [2024-03-06T22:39:09.130+0000] {dag.py:3834} INFO - Setting next_dagrun for example_sensor_decorator to None, run_after=None
[2024-03-06T22:39:09.159+0000] {processor.py:183} INFO - Processing /home/airflow/.local/lib/python3.8/site-packages/airflow/example_dags/example_sensor_decorator.py took 0.098 seconds
[2024-03-06T22:39:39.386+0000] {processor.py:161} INFO - Started process (PID=2441) to work on /home/airflow/.local/lib/python3.8/site-packages/airflow/example_dags/example_sensor_decorator.py
[2024-03-06T22:39:39.388+0000] {processor.py:830} INFO - Processing file /home/airflow/.local/lib/python3.8/site-packages/airflow/example_dags/example_sensor_decorator.py for tasks to queue
[2024-03-06T22:39:39.390+0000] {logging_mixin.py:188} INFO - [2024-03-06T22:39:39.390+0000] {dagbag.py:540} INFO - Filling up the DagBag from /home/airflow/.local/lib/python3.8/site-packages/airflow/example_dags/example_sensor_decorator.py
[2024-03-06T22:39:39.399+0000] {processor.py:840} INFO - DAG(s) 'example_sensor_decorator' retrieved from /home/airflow/.local/lib/python3.8/site-packages/airflow/example_dags/example_sensor_decorator.py
[2024-03-06T22:39:39.426+0000] {logging_mixin.py:188} INFO - [2024-03-06T22:39:39.426+0000] {dag.py:3047} INFO - Sync 1 DAGs
[2024-03-06T22:39:39.444+0000] {logging_mixin.py:188} INFO - [2024-03-06T22:39:39.444+0000] {dag.py:3834} INFO - Setting next_dagrun for example_sensor_decorator to None, run_after=None
[2024-03-06T22:39:39.490+0000] {processor.py:183} INFO - Processing /home/airflow/.local/lib/python3.8/site-packages/airflow/example_dags/example_sensor_decorator.py took 0.109 seconds
[2024-03-06T22:40:10.318+0000] {processor.py:161} INFO - Started process (PID=2497) to work on /home/airflow/.local/lib/python3.8/site-packages/airflow/example_dags/example_sensor_decorator.py
[2024-03-06T22:40:10.320+0000] {processor.py:830} INFO - Processing file /home/airflow/.local/lib/python3.8/site-packages/airflow/example_dags/example_sensor_decorator.py for tasks to queue
[2024-03-06T22:40:10.323+0000] {logging_mixin.py:188} INFO - [2024-03-06T22:40:10.322+0000] {dagbag.py:540} INFO - Filling up the DagBag from /home/airflow/.local/lib/python3.8/site-packages/airflow/example_dags/example_sensor_decorator.py
[2024-03-06T22:40:10.331+0000] {processor.py:840} INFO - DAG(s) 'example_sensor_decorator' retrieved from /home/airflow/.local/lib/python3.8/site-packages/airflow/example_dags/example_sensor_decorator.py
[2024-03-06T22:40:10.361+0000] {logging_mixin.py:188} INFO - [2024-03-06T22:40:10.361+0000] {dag.py:3047} INFO - Sync 1 DAGs
[2024-03-06T22:40:10.381+0000] {logging_mixin.py:188} INFO - [2024-03-06T22:40:10.381+0000] {dag.py:3834} INFO - Setting next_dagrun for example_sensor_decorator to None, run_after=None
[2024-03-06T22:40:10.411+0000] {processor.py:183} INFO - Processing /home/airflow/.local/lib/python3.8/site-packages/airflow/example_dags/example_sensor_decorator.py took 0.099 seconds
[2024-03-06T22:40:41.189+0000] {processor.py:161} INFO - Started process (PID=2552) to work on /home/airflow/.local/lib/python3.8/site-packages/airflow/example_dags/example_sensor_decorator.py
[2024-03-06T22:40:41.190+0000] {processor.py:830} INFO - Processing file /home/airflow/.local/lib/python3.8/site-packages/airflow/example_dags/example_sensor_decorator.py for tasks to queue
[2024-03-06T22:40:41.192+0000] {logging_mixin.py:188} INFO - [2024-03-06T22:40:41.192+0000] {dagbag.py:540} INFO - Filling up the DagBag from /home/airflow/.local/lib/python3.8/site-packages/airflow/example_dags/example_sensor_decorator.py
[2024-03-06T22:40:41.201+0000] {processor.py:840} INFO - DAG(s) 'example_sensor_decorator' retrieved from /home/airflow/.local/lib/python3.8/site-packages/airflow/example_dags/example_sensor_decorator.py
[2024-03-06T22:40:41.228+0000] {logging_mixin.py:188} INFO - [2024-03-06T22:40:41.227+0000] {dag.py:3047} INFO - Sync 1 DAGs
[2024-03-06T22:40:41.244+0000] {logging_mixin.py:188} INFO - [2024-03-06T22:40:41.243+0000] {dag.py:3834} INFO - Setting next_dagrun for example_sensor_decorator to None, run_after=None
[2024-03-06T22:40:41.272+0000] {processor.py:183} INFO - Processing /home/airflow/.local/lib/python3.8/site-packages/airflow/example_dags/example_sensor_decorator.py took 0.089 seconds
[2024-03-06T22:41:11.656+0000] {processor.py:161} INFO - Started process (PID=2607) to work on /home/airflow/.local/lib/python3.8/site-packages/airflow/example_dags/example_sensor_decorator.py
[2024-03-06T22:41:11.658+0000] {processor.py:830} INFO - Processing file /home/airflow/.local/lib/python3.8/site-packages/airflow/example_dags/example_sensor_decorator.py for tasks to queue
[2024-03-06T22:41:11.661+0000] {logging_mixin.py:188} INFO - [2024-03-06T22:41:11.661+0000] {dagbag.py:540} INFO - Filling up the DagBag from /home/airflow/.local/lib/python3.8/site-packages/airflow/example_dags/example_sensor_decorator.py
[2024-03-06T22:41:11.677+0000] {processor.py:840} INFO - DAG(s) 'example_sensor_decorator' retrieved from /home/airflow/.local/lib/python3.8/site-packages/airflow/example_dags/example_sensor_decorator.py
[2024-03-06T22:41:11.719+0000] {logging_mixin.py:188} INFO - [2024-03-06T22:41:11.718+0000] {dag.py:3047} INFO - Sync 1 DAGs
[2024-03-06T22:41:11.745+0000] {logging_mixin.py:188} INFO - [2024-03-06T22:41:11.745+0000] {dag.py:3834} INFO - Setting next_dagrun for example_sensor_decorator to None, run_after=None
[2024-03-06T22:41:11.796+0000] {processor.py:183} INFO - Processing /home/airflow/.local/lib/python3.8/site-packages/airflow/example_dags/example_sensor_decorator.py took 0.146 seconds
[2024-03-06T22:41:42.203+0000] {processor.py:161} INFO - Started process (PID=2662) to work on /home/airflow/.local/lib/python3.8/site-packages/airflow/example_dags/example_sensor_decorator.py
[2024-03-06T22:41:42.215+0000] {processor.py:830} INFO - Processing file /home/airflow/.local/lib/python3.8/site-packages/airflow/example_dags/example_sensor_decorator.py for tasks to queue
[2024-03-06T22:41:42.219+0000] {logging_mixin.py:188} INFO - [2024-03-06T22:41:42.219+0000] {dagbag.py:540} INFO - Filling up the DagBag from /home/airflow/.local/lib/python3.8/site-packages/airflow/example_dags/example_sensor_decorator.py
[2024-03-06T22:41:42.233+0000] {processor.py:840} INFO - DAG(s) 'example_sensor_decorator' retrieved from /home/airflow/.local/lib/python3.8/site-packages/airflow/example_dags/example_sensor_decorator.py
[2024-03-06T22:41:42.280+0000] {logging_mixin.py:188} INFO - [2024-03-06T22:41:42.279+0000] {dag.py:3047} INFO - Sync 1 DAGs
[2024-03-06T22:41:42.303+0000] {logging_mixin.py:188} INFO - [2024-03-06T22:41:42.302+0000] {dag.py:3834} INFO - Setting next_dagrun for example_sensor_decorator to None, run_after=None
[2024-03-06T22:41:42.342+0000] {processor.py:183} INFO - Processing /home/airflow/.local/lib/python3.8/site-packages/airflow/example_dags/example_sensor_decorator.py took 0.147 seconds
[2024-03-06T22:42:13.061+0000] {processor.py:161} INFO - Started process (PID=2717) to work on /home/airflow/.local/lib/python3.8/site-packages/airflow/example_dags/example_sensor_decorator.py
[2024-03-06T22:42:13.098+0000] {processor.py:830} INFO - Processing file /home/airflow/.local/lib/python3.8/site-packages/airflow/example_dags/example_sensor_decorator.py for tasks to queue
[2024-03-06T22:42:13.109+0000] {logging_mixin.py:188} INFO - [2024-03-06T22:42:13.108+0000] {dagbag.py:540} INFO - Filling up the DagBag from /home/airflow/.local/lib/python3.8/site-packages/airflow/example_dags/example_sensor_decorator.py
[2024-03-06T22:42:13.136+0000] {processor.py:840} INFO - DAG(s) 'example_sensor_decorator' retrieved from /home/airflow/.local/lib/python3.8/site-packages/airflow/example_dags/example_sensor_decorator.py
[2024-03-06T22:42:13.201+0000] {logging_mixin.py:188} INFO - [2024-03-06T22:42:13.200+0000] {dag.py:3047} INFO - Sync 1 DAGs
[2024-03-06T22:42:13.357+0000] {logging_mixin.py:188} INFO - [2024-03-06T22:42:13.357+0000] {dag.py:3834} INFO - Setting next_dagrun for example_sensor_decorator to None, run_after=None
[2024-03-06T22:42:13.445+0000] {processor.py:183} INFO - Processing /home/airflow/.local/lib/python3.8/site-packages/airflow/example_dags/example_sensor_decorator.py took 0.413 seconds
[2024-03-06T22:42:43.907+0000] {processor.py:161} INFO - Started process (PID=2771) to work on /home/airflow/.local/lib/python3.8/site-packages/airflow/example_dags/example_sensor_decorator.py
[2024-03-06T22:42:43.909+0000] {processor.py:830} INFO - Processing file /home/airflow/.local/lib/python3.8/site-packages/airflow/example_dags/example_sensor_decorator.py for tasks to queue
[2024-03-06T22:42:43.913+0000] {logging_mixin.py:188} INFO - [2024-03-06T22:42:43.913+0000] {dagbag.py:540} INFO - Filling up the DagBag from /home/airflow/.local/lib/python3.8/site-packages/airflow/example_dags/example_sensor_decorator.py
[2024-03-06T22:42:43.927+0000] {processor.py:840} INFO - DAG(s) 'example_sensor_decorator' retrieved from /home/airflow/.local/lib/python3.8/site-packages/airflow/example_dags/example_sensor_decorator.py
[2024-03-06T22:42:43.986+0000] {logging_mixin.py:188} INFO - [2024-03-06T22:42:43.986+0000] {dag.py:3047} INFO - Sync 1 DAGs
[2024-03-06T22:42:44.015+0000] {logging_mixin.py:188} INFO - [2024-03-06T22:42:44.015+0000] {dag.py:3834} INFO - Setting next_dagrun for example_sensor_decorator to None, run_after=None
[2024-03-06T22:42:44.063+0000] {processor.py:183} INFO - Processing /home/airflow/.local/lib/python3.8/site-packages/airflow/example_dags/example_sensor_decorator.py took 0.164 seconds
