[2024-03-06T22:17:43.228+0000] {processor.py:161} INFO - Started process (PID=58) to work on /home/airflow/.local/lib/python3.8/site-packages/airflow/example_dags/example_dynamic_task_mapping_with_no_taskflow_operators.py
[2024-03-06T22:17:43.230+0000] {processor.py:830} INFO - Processing file /home/airflow/.local/lib/python3.8/site-packages/airflow/example_dags/example_dynamic_task_mapping_with_no_taskflow_operators.py for tasks to queue
[2024-03-06T22:17:43.236+0000] {logging_mixin.py:188} INFO - [2024-03-06T22:17:43.235+0000] {dagbag.py:540} INFO - Filling up the DagBag from /home/airflow/.local/lib/python3.8/site-packages/airflow/example_dags/example_dynamic_task_mapping_with_no_taskflow_operators.py
[2024-03-06T22:17:43.249+0000] {processor.py:840} INFO - DAG(s) 'example_dynamic_task_mapping_with_no_taskflow_operators' retrieved from /home/airflow/.local/lib/python3.8/site-packages/airflow/example_dags/example_dynamic_task_mapping_with_no_taskflow_operators.py
[2024-03-06T22:17:43.509+0000] {logging_mixin.py:188} INFO - [2024-03-06T22:17:43.508+0000] {dag.py:3047} INFO - Sync 1 DAGs
[2024-03-06T22:17:43.558+0000] {logging_mixin.py:188} INFO - [2024-03-06T22:17:43.558+0000] {dag.py:3834} INFO - Setting next_dagrun for example_dynamic_task_mapping_with_no_taskflow_operators to 2024-03-05 00:00:00+00:00, run_after=2024-03-06 00:00:00+00:00
[2024-03-06T22:17:43.592+0000] {processor.py:183} INFO - Processing /home/airflow/.local/lib/python3.8/site-packages/airflow/example_dags/example_dynamic_task_mapping_with_no_taskflow_operators.py took 0.372 seconds
[2024-03-06T22:18:14.305+0000] {processor.py:161} INFO - Started process (PID=113) to work on /home/airflow/.local/lib/python3.8/site-packages/airflow/example_dags/example_dynamic_task_mapping_with_no_taskflow_operators.py
[2024-03-06T22:18:14.307+0000] {processor.py:830} INFO - Processing file /home/airflow/.local/lib/python3.8/site-packages/airflow/example_dags/example_dynamic_task_mapping_with_no_taskflow_operators.py for tasks to queue
[2024-03-06T22:18:14.309+0000] {logging_mixin.py:188} INFO - [2024-03-06T22:18:14.309+0000] {dagbag.py:540} INFO - Filling up the DagBag from /home/airflow/.local/lib/python3.8/site-packages/airflow/example_dags/example_dynamic_task_mapping_with_no_taskflow_operators.py
[2024-03-06T22:18:14.319+0000] {processor.py:840} INFO - DAG(s) 'example_dynamic_task_mapping_with_no_taskflow_operators' retrieved from /home/airflow/.local/lib/python3.8/site-packages/airflow/example_dags/example_dynamic_task_mapping_with_no_taskflow_operators.py
[2024-03-06T22:18:14.366+0000] {logging_mixin.py:188} INFO - [2024-03-06T22:18:14.366+0000] {dag.py:3047} INFO - Sync 1 DAGs
[2024-03-06T22:18:14.399+0000] {logging_mixin.py:188} INFO - [2024-03-06T22:18:14.399+0000] {dag.py:3834} INFO - Setting next_dagrun for example_dynamic_task_mapping_with_no_taskflow_operators to 2024-03-05 00:00:00+00:00, run_after=2024-03-06 00:00:00+00:00
[2024-03-06T22:18:14.483+0000] {processor.py:183} INFO - Processing /home/airflow/.local/lib/python3.8/site-packages/airflow/example_dags/example_dynamic_task_mapping_with_no_taskflow_operators.py took 0.183 seconds
[2024-03-06T22:18:45.092+0000] {processor.py:161} INFO - Started process (PID=168) to work on /home/airflow/.local/lib/python3.8/site-packages/airflow/example_dags/example_dynamic_task_mapping_with_no_taskflow_operators.py
[2024-03-06T22:18:45.094+0000] {processor.py:830} INFO - Processing file /home/airflow/.local/lib/python3.8/site-packages/airflow/example_dags/example_dynamic_task_mapping_with_no_taskflow_operators.py for tasks to queue
[2024-03-06T22:18:45.097+0000] {logging_mixin.py:188} INFO - [2024-03-06T22:18:45.097+0000] {dagbag.py:540} INFO - Filling up the DagBag from /home/airflow/.local/lib/python3.8/site-packages/airflow/example_dags/example_dynamic_task_mapping_with_no_taskflow_operators.py
[2024-03-06T22:18:45.108+0000] {processor.py:840} INFO - DAG(s) 'example_dynamic_task_mapping_with_no_taskflow_operators' retrieved from /home/airflow/.local/lib/python3.8/site-packages/airflow/example_dags/example_dynamic_task_mapping_with_no_taskflow_operators.py
[2024-03-06T22:18:45.152+0000] {logging_mixin.py:188} INFO - [2024-03-06T22:18:45.151+0000] {dag.py:3047} INFO - Sync 1 DAGs
[2024-03-06T22:18:45.196+0000] {logging_mixin.py:188} INFO - [2024-03-06T22:18:45.195+0000] {dag.py:3834} INFO - Setting next_dagrun for example_dynamic_task_mapping_with_no_taskflow_operators to 2024-03-05 00:00:00+00:00, run_after=2024-03-06 00:00:00+00:00
[2024-03-06T22:18:45.232+0000] {processor.py:183} INFO - Processing /home/airflow/.local/lib/python3.8/site-packages/airflow/example_dags/example_dynamic_task_mapping_with_no_taskflow_operators.py took 0.145 seconds
[2024-03-06T22:19:15.305+0000] {processor.py:161} INFO - Started process (PID=223) to work on /home/airflow/.local/lib/python3.8/site-packages/airflow/example_dags/example_dynamic_task_mapping_with_no_taskflow_operators.py
[2024-03-06T22:19:15.307+0000] {processor.py:830} INFO - Processing file /home/airflow/.local/lib/python3.8/site-packages/airflow/example_dags/example_dynamic_task_mapping_with_no_taskflow_operators.py for tasks to queue
[2024-03-06T22:19:15.310+0000] {logging_mixin.py:188} INFO - [2024-03-06T22:19:15.310+0000] {dagbag.py:540} INFO - Filling up the DagBag from /home/airflow/.local/lib/python3.8/site-packages/airflow/example_dags/example_dynamic_task_mapping_with_no_taskflow_operators.py
[2024-03-06T22:19:15.320+0000] {processor.py:840} INFO - DAG(s) 'example_dynamic_task_mapping_with_no_taskflow_operators' retrieved from /home/airflow/.local/lib/python3.8/site-packages/airflow/example_dags/example_dynamic_task_mapping_with_no_taskflow_operators.py
[2024-03-06T22:19:15.350+0000] {logging_mixin.py:188} INFO - [2024-03-06T22:19:15.350+0000] {dag.py:3047} INFO - Sync 1 DAGs
[2024-03-06T22:19:15.382+0000] {logging_mixin.py:188} INFO - [2024-03-06T22:19:15.382+0000] {dag.py:3834} INFO - Setting next_dagrun for example_dynamic_task_mapping_with_no_taskflow_operators to 2024-03-05 00:00:00+00:00, run_after=2024-03-06 00:00:00+00:00
[2024-03-06T22:19:15.412+0000] {processor.py:183} INFO - Processing /home/airflow/.local/lib/python3.8/site-packages/airflow/example_dags/example_dynamic_task_mapping_with_no_taskflow_operators.py took 0.111 seconds
[2024-03-06T22:19:45.514+0000] {processor.py:161} INFO - Started process (PID=278) to work on /home/airflow/.local/lib/python3.8/site-packages/airflow/example_dags/example_dynamic_task_mapping_with_no_taskflow_operators.py
[2024-03-06T22:19:45.524+0000] {processor.py:830} INFO - Processing file /home/airflow/.local/lib/python3.8/site-packages/airflow/example_dags/example_dynamic_task_mapping_with_no_taskflow_operators.py for tasks to queue
[2024-03-06T22:19:45.533+0000] {logging_mixin.py:188} INFO - [2024-03-06T22:19:45.532+0000] {dagbag.py:540} INFO - Filling up the DagBag from /home/airflow/.local/lib/python3.8/site-packages/airflow/example_dags/example_dynamic_task_mapping_with_no_taskflow_operators.py
[2024-03-06T22:19:45.548+0000] {processor.py:840} INFO - DAG(s) 'example_dynamic_task_mapping_with_no_taskflow_operators' retrieved from /home/airflow/.local/lib/python3.8/site-packages/airflow/example_dags/example_dynamic_task_mapping_with_no_taskflow_operators.py
[2024-03-06T22:19:45.589+0000] {logging_mixin.py:188} INFO - [2024-03-06T22:19:45.589+0000] {dag.py:3047} INFO - Sync 1 DAGs
[2024-03-06T22:19:45.625+0000] {logging_mixin.py:188} INFO - [2024-03-06T22:19:45.624+0000] {dag.py:3834} INFO - Setting next_dagrun for example_dynamic_task_mapping_with_no_taskflow_operators to 2024-03-05 00:00:00+00:00, run_after=2024-03-06 00:00:00+00:00
[2024-03-06T22:19:45.658+0000] {processor.py:183} INFO - Processing /home/airflow/.local/lib/python3.8/site-packages/airflow/example_dags/example_dynamic_task_mapping_with_no_taskflow_operators.py took 0.151 seconds
[2024-03-06T22:20:15.746+0000] {processor.py:161} INFO - Started process (PID=333) to work on /home/airflow/.local/lib/python3.8/site-packages/airflow/example_dags/example_dynamic_task_mapping_with_no_taskflow_operators.py
[2024-03-06T22:20:15.748+0000] {processor.py:830} INFO - Processing file /home/airflow/.local/lib/python3.8/site-packages/airflow/example_dags/example_dynamic_task_mapping_with_no_taskflow_operators.py for tasks to queue
[2024-03-06T22:20:15.752+0000] {logging_mixin.py:188} INFO - [2024-03-06T22:20:15.751+0000] {dagbag.py:540} INFO - Filling up the DagBag from /home/airflow/.local/lib/python3.8/site-packages/airflow/example_dags/example_dynamic_task_mapping_with_no_taskflow_operators.py
[2024-03-06T22:20:15.761+0000] {processor.py:840} INFO - DAG(s) 'example_dynamic_task_mapping_with_no_taskflow_operators' retrieved from /home/airflow/.local/lib/python3.8/site-packages/airflow/example_dags/example_dynamic_task_mapping_with_no_taskflow_operators.py
[2024-03-06T22:20:15.798+0000] {logging_mixin.py:188} INFO - [2024-03-06T22:20:15.797+0000] {dag.py:3047} INFO - Sync 1 DAGs
[2024-03-06T22:20:15.850+0000] {logging_mixin.py:188} INFO - [2024-03-06T22:20:15.850+0000] {dag.py:3834} INFO - Setting next_dagrun for example_dynamic_task_mapping_with_no_taskflow_operators to 2024-03-05 00:00:00+00:00, run_after=2024-03-06 00:00:00+00:00
[2024-03-06T22:20:15.895+0000] {processor.py:183} INFO - Processing /home/airflow/.local/lib/python3.8/site-packages/airflow/example_dags/example_dynamic_task_mapping_with_no_taskflow_operators.py took 0.153 seconds
[2024-03-06T22:20:46.137+0000] {processor.py:161} INFO - Started process (PID=388) to work on /home/airflow/.local/lib/python3.8/site-packages/airflow/example_dags/example_dynamic_task_mapping_with_no_taskflow_operators.py
[2024-03-06T22:20:46.140+0000] {processor.py:830} INFO - Processing file /home/airflow/.local/lib/python3.8/site-packages/airflow/example_dags/example_dynamic_task_mapping_with_no_taskflow_operators.py for tasks to queue
[2024-03-06T22:20:46.144+0000] {logging_mixin.py:188} INFO - [2024-03-06T22:20:46.143+0000] {dagbag.py:540} INFO - Filling up the DagBag from /home/airflow/.local/lib/python3.8/site-packages/airflow/example_dags/example_dynamic_task_mapping_with_no_taskflow_operators.py
[2024-03-06T22:20:46.155+0000] {processor.py:840} INFO - DAG(s) 'example_dynamic_task_mapping_with_no_taskflow_operators' retrieved from /home/airflow/.local/lib/python3.8/site-packages/airflow/example_dags/example_dynamic_task_mapping_with_no_taskflow_operators.py
[2024-03-06T22:20:46.203+0000] {logging_mixin.py:188} INFO - [2024-03-06T22:20:46.202+0000] {dag.py:3047} INFO - Sync 1 DAGs
[2024-03-06T22:20:46.240+0000] {logging_mixin.py:188} INFO - [2024-03-06T22:20:46.240+0000] {dag.py:3834} INFO - Setting next_dagrun for example_dynamic_task_mapping_with_no_taskflow_operators to 2024-03-05 00:00:00+00:00, run_after=2024-03-06 00:00:00+00:00
[2024-03-06T22:20:46.270+0000] {processor.py:183} INFO - Processing /home/airflow/.local/lib/python3.8/site-packages/airflow/example_dags/example_dynamic_task_mapping_with_no_taskflow_operators.py took 0.139 seconds
[2024-03-06T22:21:16.451+0000] {processor.py:161} INFO - Started process (PID=443) to work on /home/airflow/.local/lib/python3.8/site-packages/airflow/example_dags/example_dynamic_task_mapping_with_no_taskflow_operators.py
[2024-03-06T22:21:16.460+0000] {processor.py:830} INFO - Processing file /home/airflow/.local/lib/python3.8/site-packages/airflow/example_dags/example_dynamic_task_mapping_with_no_taskflow_operators.py for tasks to queue
[2024-03-06T22:21:16.472+0000] {logging_mixin.py:188} INFO - [2024-03-06T22:21:16.471+0000] {dagbag.py:540} INFO - Filling up the DagBag from /home/airflow/.local/lib/python3.8/site-packages/airflow/example_dags/example_dynamic_task_mapping_with_no_taskflow_operators.py
[2024-03-06T22:21:16.498+0000] {processor.py:840} INFO - DAG(s) 'example_dynamic_task_mapping_with_no_taskflow_operators' retrieved from /home/airflow/.local/lib/python3.8/site-packages/airflow/example_dags/example_dynamic_task_mapping_with_no_taskflow_operators.py
[2024-03-06T22:21:16.674+0000] {logging_mixin.py:188} INFO - [2024-03-06T22:21:16.673+0000] {dag.py:3047} INFO - Sync 1 DAGs
[2024-03-06T22:21:16.723+0000] {logging_mixin.py:188} INFO - [2024-03-06T22:21:16.723+0000] {dag.py:3834} INFO - Setting next_dagrun for example_dynamic_task_mapping_with_no_taskflow_operators to 2024-03-05 00:00:00+00:00, run_after=2024-03-06 00:00:00+00:00
[2024-03-06T22:21:16.754+0000] {processor.py:183} INFO - Processing /home/airflow/.local/lib/python3.8/site-packages/airflow/example_dags/example_dynamic_task_mapping_with_no_taskflow_operators.py took 0.310 seconds
[2024-03-06T22:21:47.633+0000] {processor.py:161} INFO - Started process (PID=498) to work on /home/airflow/.local/lib/python3.8/site-packages/airflow/example_dags/example_dynamic_task_mapping_with_no_taskflow_operators.py
[2024-03-06T22:21:47.635+0000] {processor.py:830} INFO - Processing file /home/airflow/.local/lib/python3.8/site-packages/airflow/example_dags/example_dynamic_task_mapping_with_no_taskflow_operators.py for tasks to queue
[2024-03-06T22:21:47.638+0000] {logging_mixin.py:188} INFO - [2024-03-06T22:21:47.638+0000] {dagbag.py:540} INFO - Filling up the DagBag from /home/airflow/.local/lib/python3.8/site-packages/airflow/example_dags/example_dynamic_task_mapping_with_no_taskflow_operators.py
[2024-03-06T22:21:47.648+0000] {processor.py:840} INFO - DAG(s) 'example_dynamic_task_mapping_with_no_taskflow_operators' retrieved from /home/airflow/.local/lib/python3.8/site-packages/airflow/example_dags/example_dynamic_task_mapping_with_no_taskflow_operators.py
[2024-03-06T22:21:47.678+0000] {logging_mixin.py:188} INFO - [2024-03-06T22:21:47.678+0000] {dag.py:3047} INFO - Sync 1 DAGs
[2024-03-06T22:21:47.711+0000] {logging_mixin.py:188} INFO - [2024-03-06T22:21:47.711+0000] {dag.py:3834} INFO - Setting next_dagrun for example_dynamic_task_mapping_with_no_taskflow_operators to 2024-03-05 00:00:00+00:00, run_after=2024-03-06 00:00:00+00:00
[2024-03-06T22:21:47.742+0000] {processor.py:183} INFO - Processing /home/airflow/.local/lib/python3.8/site-packages/airflow/example_dags/example_dynamic_task_mapping_with_no_taskflow_operators.py took 0.114 seconds
[2024-03-06T22:22:17.981+0000] {processor.py:161} INFO - Started process (PID=552) to work on /home/airflow/.local/lib/python3.8/site-packages/airflow/example_dags/example_dynamic_task_mapping_with_no_taskflow_operators.py
[2024-03-06T22:22:17.984+0000] {processor.py:830} INFO - Processing file /home/airflow/.local/lib/python3.8/site-packages/airflow/example_dags/example_dynamic_task_mapping_with_no_taskflow_operators.py for tasks to queue
[2024-03-06T22:22:17.992+0000] {logging_mixin.py:188} INFO - [2024-03-06T22:22:17.991+0000] {dagbag.py:540} INFO - Filling up the DagBag from /home/airflow/.local/lib/python3.8/site-packages/airflow/example_dags/example_dynamic_task_mapping_with_no_taskflow_operators.py
[2024-03-06T22:22:18.003+0000] {processor.py:840} INFO - DAG(s) 'example_dynamic_task_mapping_with_no_taskflow_operators' retrieved from /home/airflow/.local/lib/python3.8/site-packages/airflow/example_dags/example_dynamic_task_mapping_with_no_taskflow_operators.py
[2024-03-06T22:22:18.034+0000] {logging_mixin.py:188} INFO - [2024-03-06T22:22:18.034+0000] {dag.py:3047} INFO - Sync 1 DAGs
[2024-03-06T22:22:18.068+0000] {logging_mixin.py:188} INFO - [2024-03-06T22:22:18.068+0000] {dag.py:3834} INFO - Setting next_dagrun for example_dynamic_task_mapping_with_no_taskflow_operators to 2024-03-05 00:00:00+00:00, run_after=2024-03-06 00:00:00+00:00
[2024-03-06T22:22:18.102+0000] {processor.py:183} INFO - Processing /home/airflow/.local/lib/python3.8/site-packages/airflow/example_dags/example_dynamic_task_mapping_with_no_taskflow_operators.py took 0.127 seconds
[2024-03-06T22:22:48.686+0000] {processor.py:161} INFO - Started process (PID=607) to work on /home/airflow/.local/lib/python3.8/site-packages/airflow/example_dags/example_dynamic_task_mapping_with_no_taskflow_operators.py
[2024-03-06T22:22:48.692+0000] {processor.py:830} INFO - Processing file /home/airflow/.local/lib/python3.8/site-packages/airflow/example_dags/example_dynamic_task_mapping_with_no_taskflow_operators.py for tasks to queue
[2024-03-06T22:22:48.696+0000] {logging_mixin.py:188} INFO - [2024-03-06T22:22:48.696+0000] {dagbag.py:540} INFO - Filling up the DagBag from /home/airflow/.local/lib/python3.8/site-packages/airflow/example_dags/example_dynamic_task_mapping_with_no_taskflow_operators.py
[2024-03-06T22:22:48.711+0000] {processor.py:840} INFO - DAG(s) 'example_dynamic_task_mapping_with_no_taskflow_operators' retrieved from /home/airflow/.local/lib/python3.8/site-packages/airflow/example_dags/example_dynamic_task_mapping_with_no_taskflow_operators.py
[2024-03-06T22:22:48.746+0000] {logging_mixin.py:188} INFO - [2024-03-06T22:22:48.746+0000] {dag.py:3047} INFO - Sync 1 DAGs
[2024-03-06T22:22:48.778+0000] {logging_mixin.py:188} INFO - [2024-03-06T22:22:48.778+0000] {dag.py:3834} INFO - Setting next_dagrun for example_dynamic_task_mapping_with_no_taskflow_operators to 2024-03-05 00:00:00+00:00, run_after=2024-03-06 00:00:00+00:00
[2024-03-06T22:22:48.811+0000] {processor.py:183} INFO - Processing /home/airflow/.local/lib/python3.8/site-packages/airflow/example_dags/example_dynamic_task_mapping_with_no_taskflow_operators.py took 0.133 seconds
[2024-03-06T22:23:19.013+0000] {processor.py:161} INFO - Started process (PID=662) to work on /home/airflow/.local/lib/python3.8/site-packages/airflow/example_dags/example_dynamic_task_mapping_with_no_taskflow_operators.py
[2024-03-06T22:23:19.016+0000] {processor.py:830} INFO - Processing file /home/airflow/.local/lib/python3.8/site-packages/airflow/example_dags/example_dynamic_task_mapping_with_no_taskflow_operators.py for tasks to queue
[2024-03-06T22:23:19.020+0000] {logging_mixin.py:188} INFO - [2024-03-06T22:23:19.020+0000] {dagbag.py:540} INFO - Filling up the DagBag from /home/airflow/.local/lib/python3.8/site-packages/airflow/example_dags/example_dynamic_task_mapping_with_no_taskflow_operators.py
[2024-03-06T22:23:19.033+0000] {processor.py:840} INFO - DAG(s) 'example_dynamic_task_mapping_with_no_taskflow_operators' retrieved from /home/airflow/.local/lib/python3.8/site-packages/airflow/example_dags/example_dynamic_task_mapping_with_no_taskflow_operators.py
[2024-03-06T22:23:19.069+0000] {logging_mixin.py:188} INFO - [2024-03-06T22:23:19.069+0000] {dag.py:3047} INFO - Sync 1 DAGs
[2024-03-06T22:23:19.111+0000] {logging_mixin.py:188} INFO - [2024-03-06T22:23:19.110+0000] {dag.py:3834} INFO - Setting next_dagrun for example_dynamic_task_mapping_with_no_taskflow_operators to 2024-03-05 00:00:00+00:00, run_after=2024-03-06 00:00:00+00:00
[2024-03-06T22:23:19.144+0000] {processor.py:183} INFO - Processing /home/airflow/.local/lib/python3.8/site-packages/airflow/example_dags/example_dynamic_task_mapping_with_no_taskflow_operators.py took 0.137 seconds
[2024-03-06T22:23:49.746+0000] {processor.py:161} INFO - Started process (PID=716) to work on /home/airflow/.local/lib/python3.8/site-packages/airflow/example_dags/example_dynamic_task_mapping_with_no_taskflow_operators.py
[2024-03-06T22:23:49.747+0000] {processor.py:830} INFO - Processing file /home/airflow/.local/lib/python3.8/site-packages/airflow/example_dags/example_dynamic_task_mapping_with_no_taskflow_operators.py for tasks to queue
[2024-03-06T22:23:49.753+0000] {logging_mixin.py:188} INFO - [2024-03-06T22:23:49.752+0000] {dagbag.py:540} INFO - Filling up the DagBag from /home/airflow/.local/lib/python3.8/site-packages/airflow/example_dags/example_dynamic_task_mapping_with_no_taskflow_operators.py
[2024-03-06T22:23:49.763+0000] {processor.py:840} INFO - DAG(s) 'example_dynamic_task_mapping_with_no_taskflow_operators' retrieved from /home/airflow/.local/lib/python3.8/site-packages/airflow/example_dags/example_dynamic_task_mapping_with_no_taskflow_operators.py
[2024-03-06T22:23:49.799+0000] {logging_mixin.py:188} INFO - [2024-03-06T22:23:49.798+0000] {dag.py:3047} INFO - Sync 1 DAGs
[2024-03-06T22:23:49.848+0000] {logging_mixin.py:188} INFO - [2024-03-06T22:23:49.848+0000] {dag.py:3834} INFO - Setting next_dagrun for example_dynamic_task_mapping_with_no_taskflow_operators to 2024-03-05 00:00:00+00:00, run_after=2024-03-06 00:00:00+00:00
[2024-03-06T22:23:49.911+0000] {processor.py:183} INFO - Processing /home/airflow/.local/lib/python3.8/site-packages/airflow/example_dags/example_dynamic_task_mapping_with_no_taskflow_operators.py took 0.171 seconds
[2024-03-06T22:24:20.480+0000] {processor.py:161} INFO - Started process (PID=771) to work on /home/airflow/.local/lib/python3.8/site-packages/airflow/example_dags/example_dynamic_task_mapping_with_no_taskflow_operators.py
[2024-03-06T22:24:20.481+0000] {processor.py:830} INFO - Processing file /home/airflow/.local/lib/python3.8/site-packages/airflow/example_dags/example_dynamic_task_mapping_with_no_taskflow_operators.py for tasks to queue
[2024-03-06T22:24:20.488+0000] {logging_mixin.py:188} INFO - [2024-03-06T22:24:20.487+0000] {dagbag.py:540} INFO - Filling up the DagBag from /home/airflow/.local/lib/python3.8/site-packages/airflow/example_dags/example_dynamic_task_mapping_with_no_taskflow_operators.py
[2024-03-06T22:24:20.498+0000] {processor.py:840} INFO - DAG(s) 'example_dynamic_task_mapping_with_no_taskflow_operators' retrieved from /home/airflow/.local/lib/python3.8/site-packages/airflow/example_dags/example_dynamic_task_mapping_with_no_taskflow_operators.py
[2024-03-06T22:24:20.535+0000] {logging_mixin.py:188} INFO - [2024-03-06T22:24:20.535+0000] {dag.py:3047} INFO - Sync 1 DAGs
[2024-03-06T22:24:20.582+0000] {logging_mixin.py:188} INFO - [2024-03-06T22:24:20.580+0000] {dag.py:3834} INFO - Setting next_dagrun for example_dynamic_task_mapping_with_no_taskflow_operators to 2024-03-05 00:00:00+00:00, run_after=2024-03-06 00:00:00+00:00
[2024-03-06T22:24:20.645+0000] {processor.py:183} INFO - Processing /home/airflow/.local/lib/python3.8/site-packages/airflow/example_dags/example_dynamic_task_mapping_with_no_taskflow_operators.py took 0.171 seconds
[2024-03-06T22:24:50.857+0000] {processor.py:161} INFO - Started process (PID=826) to work on /home/airflow/.local/lib/python3.8/site-packages/airflow/example_dags/example_dynamic_task_mapping_with_no_taskflow_operators.py
[2024-03-06T22:24:50.860+0000] {processor.py:830} INFO - Processing file /home/airflow/.local/lib/python3.8/site-packages/airflow/example_dags/example_dynamic_task_mapping_with_no_taskflow_operators.py for tasks to queue
[2024-03-06T22:24:50.864+0000] {logging_mixin.py:188} INFO - [2024-03-06T22:24:50.863+0000] {dagbag.py:540} INFO - Filling up the DagBag from /home/airflow/.local/lib/python3.8/site-packages/airflow/example_dags/example_dynamic_task_mapping_with_no_taskflow_operators.py
[2024-03-06T22:24:50.875+0000] {processor.py:840} INFO - DAG(s) 'example_dynamic_task_mapping_with_no_taskflow_operators' retrieved from /home/airflow/.local/lib/python3.8/site-packages/airflow/example_dags/example_dynamic_task_mapping_with_no_taskflow_operators.py
[2024-03-06T22:24:50.906+0000] {logging_mixin.py:188} INFO - [2024-03-06T22:24:50.905+0000] {dag.py:3047} INFO - Sync 1 DAGs
[2024-03-06T22:24:50.941+0000] {logging_mixin.py:188} INFO - [2024-03-06T22:24:50.941+0000] {dag.py:3834} INFO - Setting next_dagrun for example_dynamic_task_mapping_with_no_taskflow_operators to 2024-03-05 00:00:00+00:00, run_after=2024-03-06 00:00:00+00:00
[2024-03-06T22:24:50.980+0000] {processor.py:183} INFO - Processing /home/airflow/.local/lib/python3.8/site-packages/airflow/example_dags/example_dynamic_task_mapping_with_no_taskflow_operators.py took 0.128 seconds
[2024-03-06T22:25:21.216+0000] {processor.py:161} INFO - Started process (PID=881) to work on /home/airflow/.local/lib/python3.8/site-packages/airflow/example_dags/example_dynamic_task_mapping_with_no_taskflow_operators.py
[2024-03-06T22:25:21.218+0000] {processor.py:830} INFO - Processing file /home/airflow/.local/lib/python3.8/site-packages/airflow/example_dags/example_dynamic_task_mapping_with_no_taskflow_operators.py for tasks to queue
[2024-03-06T22:25:21.222+0000] {logging_mixin.py:188} INFO - [2024-03-06T22:25:21.221+0000] {dagbag.py:540} INFO - Filling up the DagBag from /home/airflow/.local/lib/python3.8/site-packages/airflow/example_dags/example_dynamic_task_mapping_with_no_taskflow_operators.py
[2024-03-06T22:25:21.230+0000] {processor.py:840} INFO - DAG(s) 'example_dynamic_task_mapping_with_no_taskflow_operators' retrieved from /home/airflow/.local/lib/python3.8/site-packages/airflow/example_dags/example_dynamic_task_mapping_with_no_taskflow_operators.py
[2024-03-06T22:25:21.258+0000] {logging_mixin.py:188} INFO - [2024-03-06T22:25:21.258+0000] {dag.py:3047} INFO - Sync 1 DAGs
[2024-03-06T22:25:21.288+0000] {logging_mixin.py:188} INFO - [2024-03-06T22:25:21.288+0000] {dag.py:3834} INFO - Setting next_dagrun for example_dynamic_task_mapping_with_no_taskflow_operators to 2024-03-05 00:00:00+00:00, run_after=2024-03-06 00:00:00+00:00
[2024-03-06T22:25:21.319+0000] {processor.py:183} INFO - Processing /home/airflow/.local/lib/python3.8/site-packages/airflow/example_dags/example_dynamic_task_mapping_with_no_taskflow_operators.py took 0.108 seconds
[2024-03-06T22:25:51.576+0000] {processor.py:161} INFO - Started process (PID=935) to work on /home/airflow/.local/lib/python3.8/site-packages/airflow/example_dags/example_dynamic_task_mapping_with_no_taskflow_operators.py
[2024-03-06T22:25:51.578+0000] {processor.py:830} INFO - Processing file /home/airflow/.local/lib/python3.8/site-packages/airflow/example_dags/example_dynamic_task_mapping_with_no_taskflow_operators.py for tasks to queue
[2024-03-06T22:25:51.582+0000] {logging_mixin.py:188} INFO - [2024-03-06T22:25:51.581+0000] {dagbag.py:540} INFO - Filling up the DagBag from /home/airflow/.local/lib/python3.8/site-packages/airflow/example_dags/example_dynamic_task_mapping_with_no_taskflow_operators.py
[2024-03-06T22:25:51.592+0000] {processor.py:840} INFO - DAG(s) 'example_dynamic_task_mapping_with_no_taskflow_operators' retrieved from /home/airflow/.local/lib/python3.8/site-packages/airflow/example_dags/example_dynamic_task_mapping_with_no_taskflow_operators.py
[2024-03-06T22:25:51.627+0000] {logging_mixin.py:188} INFO - [2024-03-06T22:25:51.627+0000] {dag.py:3047} INFO - Sync 1 DAGs
[2024-03-06T22:25:51.659+0000] {logging_mixin.py:188} INFO - [2024-03-06T22:25:51.659+0000] {dag.py:3834} INFO - Setting next_dagrun for example_dynamic_task_mapping_with_no_taskflow_operators to 2024-03-05 00:00:00+00:00, run_after=2024-03-06 00:00:00+00:00
[2024-03-06T22:25:51.688+0000] {processor.py:183} INFO - Processing /home/airflow/.local/lib/python3.8/site-packages/airflow/example_dags/example_dynamic_task_mapping_with_no_taskflow_operators.py took 0.117 seconds
[2024-03-06T22:26:22.188+0000] {processor.py:161} INFO - Started process (PID=990) to work on /home/airflow/.local/lib/python3.8/site-packages/airflow/example_dags/example_dynamic_task_mapping_with_no_taskflow_operators.py
[2024-03-06T22:26:22.190+0000] {processor.py:830} INFO - Processing file /home/airflow/.local/lib/python3.8/site-packages/airflow/example_dags/example_dynamic_task_mapping_with_no_taskflow_operators.py for tasks to queue
[2024-03-06T22:26:22.194+0000] {logging_mixin.py:188} INFO - [2024-03-06T22:26:22.193+0000] {dagbag.py:540} INFO - Filling up the DagBag from /home/airflow/.local/lib/python3.8/site-packages/airflow/example_dags/example_dynamic_task_mapping_with_no_taskflow_operators.py
[2024-03-06T22:26:22.203+0000] {processor.py:840} INFO - DAG(s) 'example_dynamic_task_mapping_with_no_taskflow_operators' retrieved from /home/airflow/.local/lib/python3.8/site-packages/airflow/example_dags/example_dynamic_task_mapping_with_no_taskflow_operators.py
[2024-03-06T22:26:22.235+0000] {logging_mixin.py:188} INFO - [2024-03-06T22:26:22.234+0000] {dag.py:3047} INFO - Sync 1 DAGs
[2024-03-06T22:26:22.269+0000] {logging_mixin.py:188} INFO - [2024-03-06T22:26:22.268+0000] {dag.py:3834} INFO - Setting next_dagrun for example_dynamic_task_mapping_with_no_taskflow_operators to 2024-03-05 00:00:00+00:00, run_after=2024-03-06 00:00:00+00:00
[2024-03-06T22:26:22.302+0000] {processor.py:183} INFO - Processing /home/airflow/.local/lib/python3.8/site-packages/airflow/example_dags/example_dynamic_task_mapping_with_no_taskflow_operators.py took 0.120 seconds
[2024-03-06T22:26:52.439+0000] {processor.py:161} INFO - Started process (PID=1045) to work on /home/airflow/.local/lib/python3.8/site-packages/airflow/example_dags/example_dynamic_task_mapping_with_no_taskflow_operators.py
[2024-03-06T22:26:52.441+0000] {processor.py:830} INFO - Processing file /home/airflow/.local/lib/python3.8/site-packages/airflow/example_dags/example_dynamic_task_mapping_with_no_taskflow_operators.py for tasks to queue
[2024-03-06T22:26:52.444+0000] {logging_mixin.py:188} INFO - [2024-03-06T22:26:52.443+0000] {dagbag.py:540} INFO - Filling up the DagBag from /home/airflow/.local/lib/python3.8/site-packages/airflow/example_dags/example_dynamic_task_mapping_with_no_taskflow_operators.py
[2024-03-06T22:26:52.453+0000] {processor.py:840} INFO - DAG(s) 'example_dynamic_task_mapping_with_no_taskflow_operators' retrieved from /home/airflow/.local/lib/python3.8/site-packages/airflow/example_dags/example_dynamic_task_mapping_with_no_taskflow_operators.py
[2024-03-06T22:26:52.482+0000] {logging_mixin.py:188} INFO - [2024-03-06T22:26:52.482+0000] {dag.py:3047} INFO - Sync 1 DAGs
[2024-03-06T22:26:52.516+0000] {logging_mixin.py:188} INFO - [2024-03-06T22:26:52.516+0000] {dag.py:3834} INFO - Setting next_dagrun for example_dynamic_task_mapping_with_no_taskflow_operators to 2024-03-05 00:00:00+00:00, run_after=2024-03-06 00:00:00+00:00
[2024-03-06T22:26:52.550+0000] {processor.py:183} INFO - Processing /home/airflow/.local/lib/python3.8/site-packages/airflow/example_dags/example_dynamic_task_mapping_with_no_taskflow_operators.py took 0.117 seconds
[2024-03-06T22:27:22.690+0000] {processor.py:161} INFO - Started process (PID=1100) to work on /home/airflow/.local/lib/python3.8/site-packages/airflow/example_dags/example_dynamic_task_mapping_with_no_taskflow_operators.py
[2024-03-06T22:27:22.694+0000] {processor.py:830} INFO - Processing file /home/airflow/.local/lib/python3.8/site-packages/airflow/example_dags/example_dynamic_task_mapping_with_no_taskflow_operators.py for tasks to queue
[2024-03-06T22:27:22.699+0000] {logging_mixin.py:188} INFO - [2024-03-06T22:27:22.699+0000] {dagbag.py:540} INFO - Filling up the DagBag from /home/airflow/.local/lib/python3.8/site-packages/airflow/example_dags/example_dynamic_task_mapping_with_no_taskflow_operators.py
[2024-03-06T22:27:22.708+0000] {processor.py:840} INFO - DAG(s) 'example_dynamic_task_mapping_with_no_taskflow_operators' retrieved from /home/airflow/.local/lib/python3.8/site-packages/airflow/example_dags/example_dynamic_task_mapping_with_no_taskflow_operators.py
[2024-03-06T22:27:22.737+0000] {logging_mixin.py:188} INFO - [2024-03-06T22:27:22.736+0000] {dag.py:3047} INFO - Sync 1 DAGs
[2024-03-06T22:27:22.766+0000] {logging_mixin.py:188} INFO - [2024-03-06T22:27:22.766+0000] {dag.py:3834} INFO - Setting next_dagrun for example_dynamic_task_mapping_with_no_taskflow_operators to 2024-03-05 00:00:00+00:00, run_after=2024-03-06 00:00:00+00:00
[2024-03-06T22:27:22.796+0000] {processor.py:183} INFO - Processing /home/airflow/.local/lib/python3.8/site-packages/airflow/example_dags/example_dynamic_task_mapping_with_no_taskflow_operators.py took 0.111 seconds
[2024-03-06T22:27:52.975+0000] {processor.py:161} INFO - Started process (PID=1155) to work on /home/airflow/.local/lib/python3.8/site-packages/airflow/example_dags/example_dynamic_task_mapping_with_no_taskflow_operators.py
[2024-03-06T22:27:52.977+0000] {processor.py:830} INFO - Processing file /home/airflow/.local/lib/python3.8/site-packages/airflow/example_dags/example_dynamic_task_mapping_with_no_taskflow_operators.py for tasks to queue
[2024-03-06T22:27:52.980+0000] {logging_mixin.py:188} INFO - [2024-03-06T22:27:52.979+0000] {dagbag.py:540} INFO - Filling up the DagBag from /home/airflow/.local/lib/python3.8/site-packages/airflow/example_dags/example_dynamic_task_mapping_with_no_taskflow_operators.py
[2024-03-06T22:27:52.989+0000] {processor.py:840} INFO - DAG(s) 'example_dynamic_task_mapping_with_no_taskflow_operators' retrieved from /home/airflow/.local/lib/python3.8/site-packages/airflow/example_dags/example_dynamic_task_mapping_with_no_taskflow_operators.py
[2024-03-06T22:27:53.019+0000] {logging_mixin.py:188} INFO - [2024-03-06T22:27:53.019+0000] {dag.py:3047} INFO - Sync 1 DAGs
[2024-03-06T22:27:53.058+0000] {logging_mixin.py:188} INFO - [2024-03-06T22:27:53.058+0000] {dag.py:3834} INFO - Setting next_dagrun for example_dynamic_task_mapping_with_no_taskflow_operators to 2024-03-05 00:00:00+00:00, run_after=2024-03-06 00:00:00+00:00
[2024-03-06T22:27:53.089+0000] {processor.py:183} INFO - Processing /home/airflow/.local/lib/python3.8/site-packages/airflow/example_dags/example_dynamic_task_mapping_with_no_taskflow_operators.py took 0.120 seconds
[2024-03-06T22:28:23.245+0000] {processor.py:161} INFO - Started process (PID=1210) to work on /home/airflow/.local/lib/python3.8/site-packages/airflow/example_dags/example_dynamic_task_mapping_with_no_taskflow_operators.py
[2024-03-06T22:28:23.247+0000] {processor.py:830} INFO - Processing file /home/airflow/.local/lib/python3.8/site-packages/airflow/example_dags/example_dynamic_task_mapping_with_no_taskflow_operators.py for tasks to queue
[2024-03-06T22:28:23.250+0000] {logging_mixin.py:188} INFO - [2024-03-06T22:28:23.250+0000] {dagbag.py:540} INFO - Filling up the DagBag from /home/airflow/.local/lib/python3.8/site-packages/airflow/example_dags/example_dynamic_task_mapping_with_no_taskflow_operators.py
[2024-03-06T22:28:23.260+0000] {processor.py:840} INFO - DAG(s) 'example_dynamic_task_mapping_with_no_taskflow_operators' retrieved from /home/airflow/.local/lib/python3.8/site-packages/airflow/example_dags/example_dynamic_task_mapping_with_no_taskflow_operators.py
[2024-03-06T22:28:23.291+0000] {logging_mixin.py:188} INFO - [2024-03-06T22:28:23.291+0000] {dag.py:3047} INFO - Sync 1 DAGs
[2024-03-06T22:28:23.323+0000] {logging_mixin.py:188} INFO - [2024-03-06T22:28:23.323+0000] {dag.py:3834} INFO - Setting next_dagrun for example_dynamic_task_mapping_with_no_taskflow_operators to 2024-03-05 00:00:00+00:00, run_after=2024-03-06 00:00:00+00:00
[2024-03-06T22:28:23.354+0000] {processor.py:183} INFO - Processing /home/airflow/.local/lib/python3.8/site-packages/airflow/example_dags/example_dynamic_task_mapping_with_no_taskflow_operators.py took 0.114 seconds
[2024-03-06T22:28:53.644+0000] {processor.py:161} INFO - Started process (PID=1265) to work on /home/airflow/.local/lib/python3.8/site-packages/airflow/example_dags/example_dynamic_task_mapping_with_no_taskflow_operators.py
[2024-03-06T22:28:53.646+0000] {processor.py:830} INFO - Processing file /home/airflow/.local/lib/python3.8/site-packages/airflow/example_dags/example_dynamic_task_mapping_with_no_taskflow_operators.py for tasks to queue
[2024-03-06T22:28:53.649+0000] {logging_mixin.py:188} INFO - [2024-03-06T22:28:53.649+0000] {dagbag.py:540} INFO - Filling up the DagBag from /home/airflow/.local/lib/python3.8/site-packages/airflow/example_dags/example_dynamic_task_mapping_with_no_taskflow_operators.py
[2024-03-06T22:28:53.658+0000] {processor.py:840} INFO - DAG(s) 'example_dynamic_task_mapping_with_no_taskflow_operators' retrieved from /home/airflow/.local/lib/python3.8/site-packages/airflow/example_dags/example_dynamic_task_mapping_with_no_taskflow_operators.py
[2024-03-06T22:28:53.688+0000] {logging_mixin.py:188} INFO - [2024-03-06T22:28:53.688+0000] {dag.py:3047} INFO - Sync 1 DAGs
[2024-03-06T22:28:53.720+0000] {logging_mixin.py:188} INFO - [2024-03-06T22:28:53.720+0000] {dag.py:3834} INFO - Setting next_dagrun for example_dynamic_task_mapping_with_no_taskflow_operators to 2024-03-05 00:00:00+00:00, run_after=2024-03-06 00:00:00+00:00
[2024-03-06T22:28:53.748+0000] {processor.py:183} INFO - Processing /home/airflow/.local/lib/python3.8/site-packages/airflow/example_dags/example_dynamic_task_mapping_with_no_taskflow_operators.py took 0.109 seconds
[2024-03-06T22:29:24.521+0000] {processor.py:161} INFO - Started process (PID=1320) to work on /home/airflow/.local/lib/python3.8/site-packages/airflow/example_dags/example_dynamic_task_mapping_with_no_taskflow_operators.py
[2024-03-06T22:29:24.526+0000] {processor.py:830} INFO - Processing file /home/airflow/.local/lib/python3.8/site-packages/airflow/example_dags/example_dynamic_task_mapping_with_no_taskflow_operators.py for tasks to queue
[2024-03-06T22:29:24.533+0000] {logging_mixin.py:188} INFO - [2024-03-06T22:29:24.532+0000] {dagbag.py:540} INFO - Filling up the DagBag from /home/airflow/.local/lib/python3.8/site-packages/airflow/example_dags/example_dynamic_task_mapping_with_no_taskflow_operators.py
[2024-03-06T22:29:24.559+0000] {processor.py:840} INFO - DAG(s) 'example_dynamic_task_mapping_with_no_taskflow_operators' retrieved from /home/airflow/.local/lib/python3.8/site-packages/airflow/example_dags/example_dynamic_task_mapping_with_no_taskflow_operators.py
[2024-03-06T22:29:24.599+0000] {logging_mixin.py:188} INFO - [2024-03-06T22:29:24.598+0000] {dag.py:3047} INFO - Sync 1 DAGs
[2024-03-06T22:29:24.691+0000] {logging_mixin.py:188} INFO - [2024-03-06T22:29:24.690+0000] {dag.py:3834} INFO - Setting next_dagrun for example_dynamic_task_mapping_with_no_taskflow_operators to 2024-03-05 00:00:00+00:00, run_after=2024-03-06 00:00:00+00:00
[2024-03-06T22:29:24.732+0000] {processor.py:183} INFO - Processing /home/airflow/.local/lib/python3.8/site-packages/airflow/example_dags/example_dynamic_task_mapping_with_no_taskflow_operators.py took 0.216 seconds
[2024-03-06T22:29:54.864+0000] {processor.py:161} INFO - Started process (PID=1376) to work on /home/airflow/.local/lib/python3.8/site-packages/airflow/example_dags/example_dynamic_task_mapping_with_no_taskflow_operators.py
[2024-03-06T22:29:54.865+0000] {processor.py:830} INFO - Processing file /home/airflow/.local/lib/python3.8/site-packages/airflow/example_dags/example_dynamic_task_mapping_with_no_taskflow_operators.py for tasks to queue
[2024-03-06T22:29:54.868+0000] {logging_mixin.py:188} INFO - [2024-03-06T22:29:54.868+0000] {dagbag.py:540} INFO - Filling up the DagBag from /home/airflow/.local/lib/python3.8/site-packages/airflow/example_dags/example_dynamic_task_mapping_with_no_taskflow_operators.py
[2024-03-06T22:29:54.877+0000] {processor.py:840} INFO - DAG(s) 'example_dynamic_task_mapping_with_no_taskflow_operators' retrieved from /home/airflow/.local/lib/python3.8/site-packages/airflow/example_dags/example_dynamic_task_mapping_with_no_taskflow_operators.py
[2024-03-06T22:29:54.905+0000] {logging_mixin.py:188} INFO - [2024-03-06T22:29:54.904+0000] {dag.py:3047} INFO - Sync 1 DAGs
[2024-03-06T22:29:54.950+0000] {logging_mixin.py:188} INFO - [2024-03-06T22:29:54.950+0000] {dag.py:3834} INFO - Setting next_dagrun for example_dynamic_task_mapping_with_no_taskflow_operators to 2024-03-05 00:00:00+00:00, run_after=2024-03-06 00:00:00+00:00
[2024-03-06T22:29:54.984+0000] {processor.py:183} INFO - Processing /home/airflow/.local/lib/python3.8/site-packages/airflow/example_dags/example_dynamic_task_mapping_with_no_taskflow_operators.py took 0.125 seconds
[2024-03-06T22:30:25.165+0000] {processor.py:161} INFO - Started process (PID=1429) to work on /home/airflow/.local/lib/python3.8/site-packages/airflow/example_dags/example_dynamic_task_mapping_with_no_taskflow_operators.py
[2024-03-06T22:30:25.167+0000] {processor.py:830} INFO - Processing file /home/airflow/.local/lib/python3.8/site-packages/airflow/example_dags/example_dynamic_task_mapping_with_no_taskflow_operators.py for tasks to queue
[2024-03-06T22:30:25.170+0000] {logging_mixin.py:188} INFO - [2024-03-06T22:30:25.170+0000] {dagbag.py:540} INFO - Filling up the DagBag from /home/airflow/.local/lib/python3.8/site-packages/airflow/example_dags/example_dynamic_task_mapping_with_no_taskflow_operators.py
[2024-03-06T22:30:25.180+0000] {processor.py:840} INFO - DAG(s) 'example_dynamic_task_mapping_with_no_taskflow_operators' retrieved from /home/airflow/.local/lib/python3.8/site-packages/airflow/example_dags/example_dynamic_task_mapping_with_no_taskflow_operators.py
[2024-03-06T22:30:25.209+0000] {logging_mixin.py:188} INFO - [2024-03-06T22:30:25.209+0000] {dag.py:3047} INFO - Sync 1 DAGs
[2024-03-06T22:30:25.273+0000] {logging_mixin.py:188} INFO - [2024-03-06T22:30:25.272+0000] {dag.py:3834} INFO - Setting next_dagrun for example_dynamic_task_mapping_with_no_taskflow_operators to 2024-03-05 00:00:00+00:00, run_after=2024-03-06 00:00:00+00:00
[2024-03-06T22:30:25.311+0000] {processor.py:183} INFO - Processing /home/airflow/.local/lib/python3.8/site-packages/airflow/example_dags/example_dynamic_task_mapping_with_no_taskflow_operators.py took 0.151 seconds
[2024-03-06T22:30:55.755+0000] {processor.py:161} INFO - Started process (PID=1484) to work on /home/airflow/.local/lib/python3.8/site-packages/airflow/example_dags/example_dynamic_task_mapping_with_no_taskflow_operators.py
[2024-03-06T22:30:55.757+0000] {processor.py:830} INFO - Processing file /home/airflow/.local/lib/python3.8/site-packages/airflow/example_dags/example_dynamic_task_mapping_with_no_taskflow_operators.py for tasks to queue
[2024-03-06T22:30:55.762+0000] {logging_mixin.py:188} INFO - [2024-03-06T22:30:55.761+0000] {dagbag.py:540} INFO - Filling up the DagBag from /home/airflow/.local/lib/python3.8/site-packages/airflow/example_dags/example_dynamic_task_mapping_with_no_taskflow_operators.py
[2024-03-06T22:30:55.773+0000] {processor.py:840} INFO - DAG(s) 'example_dynamic_task_mapping_with_no_taskflow_operators' retrieved from /home/airflow/.local/lib/python3.8/site-packages/airflow/example_dags/example_dynamic_task_mapping_with_no_taskflow_operators.py
[2024-03-06T22:30:55.803+0000] {logging_mixin.py:188} INFO - [2024-03-06T22:30:55.803+0000] {dag.py:3047} INFO - Sync 1 DAGs
[2024-03-06T22:30:55.839+0000] {logging_mixin.py:188} INFO - [2024-03-06T22:30:55.839+0000] {dag.py:3834} INFO - Setting next_dagrun for example_dynamic_task_mapping_with_no_taskflow_operators to 2024-03-05 00:00:00+00:00, run_after=2024-03-06 00:00:00+00:00
[2024-03-06T22:30:55.876+0000] {processor.py:183} INFO - Processing /home/airflow/.local/lib/python3.8/site-packages/airflow/example_dags/example_dynamic_task_mapping_with_no_taskflow_operators.py took 0.127 seconds
[2024-03-06T22:31:26.395+0000] {processor.py:161} INFO - Started process (PID=1539) to work on /home/airflow/.local/lib/python3.8/site-packages/airflow/example_dags/example_dynamic_task_mapping_with_no_taskflow_operators.py
[2024-03-06T22:31:26.403+0000] {processor.py:830} INFO - Processing file /home/airflow/.local/lib/python3.8/site-packages/airflow/example_dags/example_dynamic_task_mapping_with_no_taskflow_operators.py for tasks to queue
[2024-03-06T22:31:26.406+0000] {logging_mixin.py:188} INFO - [2024-03-06T22:31:26.406+0000] {dagbag.py:540} INFO - Filling up the DagBag from /home/airflow/.local/lib/python3.8/site-packages/airflow/example_dags/example_dynamic_task_mapping_with_no_taskflow_operators.py
[2024-03-06T22:31:26.418+0000] {processor.py:840} INFO - DAG(s) 'example_dynamic_task_mapping_with_no_taskflow_operators' retrieved from /home/airflow/.local/lib/python3.8/site-packages/airflow/example_dags/example_dynamic_task_mapping_with_no_taskflow_operators.py
[2024-03-06T22:31:26.471+0000] {logging_mixin.py:188} INFO - [2024-03-06T22:31:26.470+0000] {dag.py:3047} INFO - Sync 1 DAGs
[2024-03-06T22:31:26.557+0000] {logging_mixin.py:188} INFO - [2024-03-06T22:31:26.557+0000] {dag.py:3834} INFO - Setting next_dagrun for example_dynamic_task_mapping_with_no_taskflow_operators to 2024-03-05 00:00:00+00:00, run_after=2024-03-06 00:00:00+00:00
[2024-03-06T22:31:26.633+0000] {processor.py:183} INFO - Processing /home/airflow/.local/lib/python3.8/site-packages/airflow/example_dags/example_dynamic_task_mapping_with_no_taskflow_operators.py took 0.243 seconds
[2024-03-06T22:31:56.798+0000] {processor.py:161} INFO - Started process (PID=1594) to work on /home/airflow/.local/lib/python3.8/site-packages/airflow/example_dags/example_dynamic_task_mapping_with_no_taskflow_operators.py
[2024-03-06T22:31:56.800+0000] {processor.py:830} INFO - Processing file /home/airflow/.local/lib/python3.8/site-packages/airflow/example_dags/example_dynamic_task_mapping_with_no_taskflow_operators.py for tasks to queue
[2024-03-06T22:31:56.803+0000] {logging_mixin.py:188} INFO - [2024-03-06T22:31:56.803+0000] {dagbag.py:540} INFO - Filling up the DagBag from /home/airflow/.local/lib/python3.8/site-packages/airflow/example_dags/example_dynamic_task_mapping_with_no_taskflow_operators.py
[2024-03-06T22:31:56.812+0000] {processor.py:840} INFO - DAG(s) 'example_dynamic_task_mapping_with_no_taskflow_operators' retrieved from /home/airflow/.local/lib/python3.8/site-packages/airflow/example_dags/example_dynamic_task_mapping_with_no_taskflow_operators.py
[2024-03-06T22:31:56.845+0000] {logging_mixin.py:188} INFO - [2024-03-06T22:31:56.844+0000] {dag.py:3047} INFO - Sync 1 DAGs
[2024-03-06T22:31:56.878+0000] {logging_mixin.py:188} INFO - [2024-03-06T22:31:56.878+0000] {dag.py:3834} INFO - Setting next_dagrun for example_dynamic_task_mapping_with_no_taskflow_operators to 2024-03-05 00:00:00+00:00, run_after=2024-03-06 00:00:00+00:00
[2024-03-06T22:31:56.911+0000] {processor.py:183} INFO - Processing /home/airflow/.local/lib/python3.8/site-packages/airflow/example_dags/example_dynamic_task_mapping_with_no_taskflow_operators.py took 0.118 seconds
[2024-03-06T22:32:27.216+0000] {processor.py:161} INFO - Started process (PID=1648) to work on /home/airflow/.local/lib/python3.8/site-packages/airflow/example_dags/example_dynamic_task_mapping_with_no_taskflow_operators.py
[2024-03-06T22:32:27.219+0000] {processor.py:830} INFO - Processing file /home/airflow/.local/lib/python3.8/site-packages/airflow/example_dags/example_dynamic_task_mapping_with_no_taskflow_operators.py for tasks to queue
[2024-03-06T22:32:27.229+0000] {logging_mixin.py:188} INFO - [2024-03-06T22:32:27.228+0000] {dagbag.py:540} INFO - Filling up the DagBag from /home/airflow/.local/lib/python3.8/site-packages/airflow/example_dags/example_dynamic_task_mapping_with_no_taskflow_operators.py
[2024-03-06T22:32:27.245+0000] {processor.py:840} INFO - DAG(s) 'example_dynamic_task_mapping_with_no_taskflow_operators' retrieved from /home/airflow/.local/lib/python3.8/site-packages/airflow/example_dags/example_dynamic_task_mapping_with_no_taskflow_operators.py
[2024-03-06T22:32:27.278+0000] {logging_mixin.py:188} INFO - [2024-03-06T22:32:27.278+0000] {dag.py:3047} INFO - Sync 1 DAGs
[2024-03-06T22:32:27.311+0000] {logging_mixin.py:188} INFO - [2024-03-06T22:32:27.311+0000] {dag.py:3834} INFO - Setting next_dagrun for example_dynamic_task_mapping_with_no_taskflow_operators to 2024-03-05 00:00:00+00:00, run_after=2024-03-06 00:00:00+00:00
[2024-03-06T22:32:27.343+0000] {processor.py:183} INFO - Processing /home/airflow/.local/lib/python3.8/site-packages/airflow/example_dags/example_dynamic_task_mapping_with_no_taskflow_operators.py took 0.135 seconds
[2024-03-06T22:32:57.623+0000] {processor.py:161} INFO - Started process (PID=1703) to work on /home/airflow/.local/lib/python3.8/site-packages/airflow/example_dags/example_dynamic_task_mapping_with_no_taskflow_operators.py
[2024-03-06T22:32:57.624+0000] {processor.py:830} INFO - Processing file /home/airflow/.local/lib/python3.8/site-packages/airflow/example_dags/example_dynamic_task_mapping_with_no_taskflow_operators.py for tasks to queue
[2024-03-06T22:32:57.628+0000] {logging_mixin.py:188} INFO - [2024-03-06T22:32:57.627+0000] {dagbag.py:540} INFO - Filling up the DagBag from /home/airflow/.local/lib/python3.8/site-packages/airflow/example_dags/example_dynamic_task_mapping_with_no_taskflow_operators.py
[2024-03-06T22:32:57.637+0000] {processor.py:840} INFO - DAG(s) 'example_dynamic_task_mapping_with_no_taskflow_operators' retrieved from /home/airflow/.local/lib/python3.8/site-packages/airflow/example_dags/example_dynamic_task_mapping_with_no_taskflow_operators.py
[2024-03-06T22:32:57.668+0000] {logging_mixin.py:188} INFO - [2024-03-06T22:32:57.667+0000] {dag.py:3047} INFO - Sync 1 DAGs
[2024-03-06T22:32:57.701+0000] {logging_mixin.py:188} INFO - [2024-03-06T22:32:57.700+0000] {dag.py:3834} INFO - Setting next_dagrun for example_dynamic_task_mapping_with_no_taskflow_operators to 2024-03-05 00:00:00+00:00, run_after=2024-03-06 00:00:00+00:00
[2024-03-06T22:32:57.732+0000] {processor.py:183} INFO - Processing /home/airflow/.local/lib/python3.8/site-packages/airflow/example_dags/example_dynamic_task_mapping_with_no_taskflow_operators.py took 0.116 seconds
[2024-03-06T22:33:28.263+0000] {processor.py:161} INFO - Started process (PID=1758) to work on /home/airflow/.local/lib/python3.8/site-packages/airflow/example_dags/example_dynamic_task_mapping_with_no_taskflow_operators.py
[2024-03-06T22:33:28.267+0000] {processor.py:830} INFO - Processing file /home/airflow/.local/lib/python3.8/site-packages/airflow/example_dags/example_dynamic_task_mapping_with_no_taskflow_operators.py for tasks to queue
[2024-03-06T22:33:28.271+0000] {logging_mixin.py:188} INFO - [2024-03-06T22:33:28.270+0000] {dagbag.py:540} INFO - Filling up the DagBag from /home/airflow/.local/lib/python3.8/site-packages/airflow/example_dags/example_dynamic_task_mapping_with_no_taskflow_operators.py
[2024-03-06T22:33:28.281+0000] {processor.py:840} INFO - DAG(s) 'example_dynamic_task_mapping_with_no_taskflow_operators' retrieved from /home/airflow/.local/lib/python3.8/site-packages/airflow/example_dags/example_dynamic_task_mapping_with_no_taskflow_operators.py
[2024-03-06T22:33:28.310+0000] {logging_mixin.py:188} INFO - [2024-03-06T22:33:28.310+0000] {dag.py:3047} INFO - Sync 1 DAGs
[2024-03-06T22:33:28.341+0000] {logging_mixin.py:188} INFO - [2024-03-06T22:33:28.341+0000] {dag.py:3834} INFO - Setting next_dagrun for example_dynamic_task_mapping_with_no_taskflow_operators to 2024-03-05 00:00:00+00:00, run_after=2024-03-06 00:00:00+00:00
[2024-03-06T22:33:28.372+0000] {processor.py:183} INFO - Processing /home/airflow/.local/lib/python3.8/site-packages/airflow/example_dags/example_dynamic_task_mapping_with_no_taskflow_operators.py took 0.116 seconds
[2024-03-06T22:33:58.655+0000] {processor.py:161} INFO - Started process (PID=1813) to work on /home/airflow/.local/lib/python3.8/site-packages/airflow/example_dags/example_dynamic_task_mapping_with_no_taskflow_operators.py
[2024-03-06T22:33:58.657+0000] {processor.py:830} INFO - Processing file /home/airflow/.local/lib/python3.8/site-packages/airflow/example_dags/example_dynamic_task_mapping_with_no_taskflow_operators.py for tasks to queue
[2024-03-06T22:33:58.660+0000] {logging_mixin.py:188} INFO - [2024-03-06T22:33:58.660+0000] {dagbag.py:540} INFO - Filling up the DagBag from /home/airflow/.local/lib/python3.8/site-packages/airflow/example_dags/example_dynamic_task_mapping_with_no_taskflow_operators.py
[2024-03-06T22:33:58.670+0000] {processor.py:840} INFO - DAG(s) 'example_dynamic_task_mapping_with_no_taskflow_operators' retrieved from /home/airflow/.local/lib/python3.8/site-packages/airflow/example_dags/example_dynamic_task_mapping_with_no_taskflow_operators.py
[2024-03-06T22:33:58.700+0000] {logging_mixin.py:188} INFO - [2024-03-06T22:33:58.700+0000] {dag.py:3047} INFO - Sync 1 DAGs
[2024-03-06T22:33:58.734+0000] {logging_mixin.py:188} INFO - [2024-03-06T22:33:58.733+0000] {dag.py:3834} INFO - Setting next_dagrun for example_dynamic_task_mapping_with_no_taskflow_operators to 2024-03-05 00:00:00+00:00, run_after=2024-03-06 00:00:00+00:00
[2024-03-06T22:33:58.764+0000] {processor.py:183} INFO - Processing /home/airflow/.local/lib/python3.8/site-packages/airflow/example_dags/example_dynamic_task_mapping_with_no_taskflow_operators.py took 0.116 seconds
[2024-03-06T22:34:28.974+0000] {processor.py:161} INFO - Started process (PID=1868) to work on /home/airflow/.local/lib/python3.8/site-packages/airflow/example_dags/example_dynamic_task_mapping_with_no_taskflow_operators.py
[2024-03-06T22:34:28.976+0000] {processor.py:830} INFO - Processing file /home/airflow/.local/lib/python3.8/site-packages/airflow/example_dags/example_dynamic_task_mapping_with_no_taskflow_operators.py for tasks to queue
[2024-03-06T22:34:28.980+0000] {logging_mixin.py:188} INFO - [2024-03-06T22:34:28.979+0000] {dagbag.py:540} INFO - Filling up the DagBag from /home/airflow/.local/lib/python3.8/site-packages/airflow/example_dags/example_dynamic_task_mapping_with_no_taskflow_operators.py
[2024-03-06T22:34:28.989+0000] {processor.py:840} INFO - DAG(s) 'example_dynamic_task_mapping_with_no_taskflow_operators' retrieved from /home/airflow/.local/lib/python3.8/site-packages/airflow/example_dags/example_dynamic_task_mapping_with_no_taskflow_operators.py
[2024-03-06T22:34:29.018+0000] {logging_mixin.py:188} INFO - [2024-03-06T22:34:29.018+0000] {dag.py:3047} INFO - Sync 1 DAGs
[2024-03-06T22:34:29.049+0000] {logging_mixin.py:188} INFO - [2024-03-06T22:34:29.049+0000] {dag.py:3834} INFO - Setting next_dagrun for example_dynamic_task_mapping_with_no_taskflow_operators to 2024-03-05 00:00:00+00:00, run_after=2024-03-06 00:00:00+00:00
[2024-03-06T22:34:29.081+0000] {processor.py:183} INFO - Processing /home/airflow/.local/lib/python3.8/site-packages/airflow/example_dags/example_dynamic_task_mapping_with_no_taskflow_operators.py took 0.111 seconds
[2024-03-06T22:34:59.198+0000] {processor.py:161} INFO - Started process (PID=1923) to work on /home/airflow/.local/lib/python3.8/site-packages/airflow/example_dags/example_dynamic_task_mapping_with_no_taskflow_operators.py
[2024-03-06T22:34:59.199+0000] {processor.py:830} INFO - Processing file /home/airflow/.local/lib/python3.8/site-packages/airflow/example_dags/example_dynamic_task_mapping_with_no_taskflow_operators.py for tasks to queue
[2024-03-06T22:34:59.207+0000] {logging_mixin.py:188} INFO - [2024-03-06T22:34:59.207+0000] {dagbag.py:540} INFO - Filling up the DagBag from /home/airflow/.local/lib/python3.8/site-packages/airflow/example_dags/example_dynamic_task_mapping_with_no_taskflow_operators.py
[2024-03-06T22:34:59.218+0000] {processor.py:840} INFO - DAG(s) 'example_dynamic_task_mapping_with_no_taskflow_operators' retrieved from /home/airflow/.local/lib/python3.8/site-packages/airflow/example_dags/example_dynamic_task_mapping_with_no_taskflow_operators.py
[2024-03-06T22:34:59.257+0000] {logging_mixin.py:188} INFO - [2024-03-06T22:34:59.257+0000] {dag.py:3047} INFO - Sync 1 DAGs
[2024-03-06T22:34:59.302+0000] {logging_mixin.py:188} INFO - [2024-03-06T22:34:59.300+0000] {dag.py:3834} INFO - Setting next_dagrun for example_dynamic_task_mapping_with_no_taskflow_operators to 2024-03-05 00:00:00+00:00, run_after=2024-03-06 00:00:00+00:00
[2024-03-06T22:34:59.341+0000] {processor.py:183} INFO - Processing /home/airflow/.local/lib/python3.8/site-packages/airflow/example_dags/example_dynamic_task_mapping_with_no_taskflow_operators.py took 0.149 seconds
[2024-03-06T22:35:29.587+0000] {processor.py:161} INFO - Started process (PID=1979) to work on /home/airflow/.local/lib/python3.8/site-packages/airflow/example_dags/example_dynamic_task_mapping_with_no_taskflow_operators.py
[2024-03-06T22:35:29.588+0000] {processor.py:830} INFO - Processing file /home/airflow/.local/lib/python3.8/site-packages/airflow/example_dags/example_dynamic_task_mapping_with_no_taskflow_operators.py for tasks to queue
[2024-03-06T22:35:29.591+0000] {logging_mixin.py:188} INFO - [2024-03-06T22:35:29.590+0000] {dagbag.py:540} INFO - Filling up the DagBag from /home/airflow/.local/lib/python3.8/site-packages/airflow/example_dags/example_dynamic_task_mapping_with_no_taskflow_operators.py
[2024-03-06T22:35:29.599+0000] {processor.py:840} INFO - DAG(s) 'example_dynamic_task_mapping_with_no_taskflow_operators' retrieved from /home/airflow/.local/lib/python3.8/site-packages/airflow/example_dags/example_dynamic_task_mapping_with_no_taskflow_operators.py
[2024-03-06T22:35:29.627+0000] {logging_mixin.py:188} INFO - [2024-03-06T22:35:29.627+0000] {dag.py:3047} INFO - Sync 1 DAGs
[2024-03-06T22:35:29.657+0000] {logging_mixin.py:188} INFO - [2024-03-06T22:35:29.657+0000] {dag.py:3834} INFO - Setting next_dagrun for example_dynamic_task_mapping_with_no_taskflow_operators to 2024-03-05 00:00:00+00:00, run_after=2024-03-06 00:00:00+00:00
[2024-03-06T22:35:29.686+0000] {processor.py:183} INFO - Processing /home/airflow/.local/lib/python3.8/site-packages/airflow/example_dags/example_dynamic_task_mapping_with_no_taskflow_operators.py took 0.103 seconds
[2024-03-06T22:35:59.968+0000] {processor.py:161} INFO - Started process (PID=2034) to work on /home/airflow/.local/lib/python3.8/site-packages/airflow/example_dags/example_dynamic_task_mapping_with_no_taskflow_operators.py
[2024-03-06T22:35:59.970+0000] {processor.py:830} INFO - Processing file /home/airflow/.local/lib/python3.8/site-packages/airflow/example_dags/example_dynamic_task_mapping_with_no_taskflow_operators.py for tasks to queue
[2024-03-06T22:35:59.974+0000] {logging_mixin.py:188} INFO - [2024-03-06T22:35:59.973+0000] {dagbag.py:540} INFO - Filling up the DagBag from /home/airflow/.local/lib/python3.8/site-packages/airflow/example_dags/example_dynamic_task_mapping_with_no_taskflow_operators.py
[2024-03-06T22:35:59.983+0000] {processor.py:840} INFO - DAG(s) 'example_dynamic_task_mapping_with_no_taskflow_operators' retrieved from /home/airflow/.local/lib/python3.8/site-packages/airflow/example_dags/example_dynamic_task_mapping_with_no_taskflow_operators.py
[2024-03-06T22:36:00.018+0000] {logging_mixin.py:188} INFO - [2024-03-06T22:36:00.017+0000] {dag.py:3047} INFO - Sync 1 DAGs
[2024-03-06T22:36:00.055+0000] {logging_mixin.py:188} INFO - [2024-03-06T22:36:00.055+0000] {dag.py:3834} INFO - Setting next_dagrun for example_dynamic_task_mapping_with_no_taskflow_operators to 2024-03-05 00:00:00+00:00, run_after=2024-03-06 00:00:00+00:00
[2024-03-06T22:36:00.085+0000] {processor.py:183} INFO - Processing /home/airflow/.local/lib/python3.8/site-packages/airflow/example_dags/example_dynamic_task_mapping_with_no_taskflow_operators.py took 0.122 seconds
[2024-03-06T22:36:30.280+0000] {processor.py:161} INFO - Started process (PID=2088) to work on /home/airflow/.local/lib/python3.8/site-packages/airflow/example_dags/example_dynamic_task_mapping_with_no_taskflow_operators.py
[2024-03-06T22:36:30.281+0000] {processor.py:830} INFO - Processing file /home/airflow/.local/lib/python3.8/site-packages/airflow/example_dags/example_dynamic_task_mapping_with_no_taskflow_operators.py for tasks to queue
[2024-03-06T22:36:30.285+0000] {logging_mixin.py:188} INFO - [2024-03-06T22:36:30.284+0000] {dagbag.py:540} INFO - Filling up the DagBag from /home/airflow/.local/lib/python3.8/site-packages/airflow/example_dags/example_dynamic_task_mapping_with_no_taskflow_operators.py
[2024-03-06T22:36:30.294+0000] {processor.py:840} INFO - DAG(s) 'example_dynamic_task_mapping_with_no_taskflow_operators' retrieved from /home/airflow/.local/lib/python3.8/site-packages/airflow/example_dags/example_dynamic_task_mapping_with_no_taskflow_operators.py
[2024-03-06T22:36:30.324+0000] {logging_mixin.py:188} INFO - [2024-03-06T22:36:30.324+0000] {dag.py:3047} INFO - Sync 1 DAGs
[2024-03-06T22:36:30.355+0000] {logging_mixin.py:188} INFO - [2024-03-06T22:36:30.355+0000] {dag.py:3834} INFO - Setting next_dagrun for example_dynamic_task_mapping_with_no_taskflow_operators to 2024-03-05 00:00:00+00:00, run_after=2024-03-06 00:00:00+00:00
[2024-03-06T22:36:30.386+0000] {processor.py:183} INFO - Processing /home/airflow/.local/lib/python3.8/site-packages/airflow/example_dags/example_dynamic_task_mapping_with_no_taskflow_operators.py took 0.112 seconds
[2024-03-06T22:37:00.634+0000] {processor.py:161} INFO - Started process (PID=2143) to work on /home/airflow/.local/lib/python3.8/site-packages/airflow/example_dags/example_dynamic_task_mapping_with_no_taskflow_operators.py
[2024-03-06T22:37:00.636+0000] {processor.py:830} INFO - Processing file /home/airflow/.local/lib/python3.8/site-packages/airflow/example_dags/example_dynamic_task_mapping_with_no_taskflow_operators.py for tasks to queue
[2024-03-06T22:37:00.639+0000] {logging_mixin.py:188} INFO - [2024-03-06T22:37:00.639+0000] {dagbag.py:540} INFO - Filling up the DagBag from /home/airflow/.local/lib/python3.8/site-packages/airflow/example_dags/example_dynamic_task_mapping_with_no_taskflow_operators.py
[2024-03-06T22:37:00.647+0000] {processor.py:840} INFO - DAG(s) 'example_dynamic_task_mapping_with_no_taskflow_operators' retrieved from /home/airflow/.local/lib/python3.8/site-packages/airflow/example_dags/example_dynamic_task_mapping_with_no_taskflow_operators.py
[2024-03-06T22:37:00.676+0000] {logging_mixin.py:188} INFO - [2024-03-06T22:37:00.676+0000] {dag.py:3047} INFO - Sync 1 DAGs
[2024-03-06T22:37:00.704+0000] {logging_mixin.py:188} INFO - [2024-03-06T22:37:00.704+0000] {dag.py:3834} INFO - Setting next_dagrun for example_dynamic_task_mapping_with_no_taskflow_operators to 2024-03-05 00:00:00+00:00, run_after=2024-03-06 00:00:00+00:00
[2024-03-06T22:37:00.750+0000] {processor.py:183} INFO - Processing /home/airflow/.local/lib/python3.8/site-packages/airflow/example_dags/example_dynamic_task_mapping_with_no_taskflow_operators.py took 0.121 seconds
[2024-03-06T22:37:30.823+0000] {processor.py:161} INFO - Started process (PID=2198) to work on /home/airflow/.local/lib/python3.8/site-packages/airflow/example_dags/example_dynamic_task_mapping_with_no_taskflow_operators.py
[2024-03-06T22:37:30.825+0000] {processor.py:830} INFO - Processing file /home/airflow/.local/lib/python3.8/site-packages/airflow/example_dags/example_dynamic_task_mapping_with_no_taskflow_operators.py for tasks to queue
[2024-03-06T22:37:30.828+0000] {logging_mixin.py:188} INFO - [2024-03-06T22:37:30.827+0000] {dagbag.py:540} INFO - Filling up the DagBag from /home/airflow/.local/lib/python3.8/site-packages/airflow/example_dags/example_dynamic_task_mapping_with_no_taskflow_operators.py
[2024-03-06T22:37:30.837+0000] {processor.py:840} INFO - DAG(s) 'example_dynamic_task_mapping_with_no_taskflow_operators' retrieved from /home/airflow/.local/lib/python3.8/site-packages/airflow/example_dags/example_dynamic_task_mapping_with_no_taskflow_operators.py
[2024-03-06T22:37:30.878+0000] {logging_mixin.py:188} INFO - [2024-03-06T22:37:30.877+0000] {dag.py:3047} INFO - Sync 1 DAGs
[2024-03-06T22:37:30.929+0000] {logging_mixin.py:188} INFO - [2024-03-06T22:37:30.928+0000] {dag.py:3834} INFO - Setting next_dagrun for example_dynamic_task_mapping_with_no_taskflow_operators to 2024-03-05 00:00:00+00:00, run_after=2024-03-06 00:00:00+00:00
[2024-03-06T22:37:30.956+0000] {processor.py:183} INFO - Processing /home/airflow/.local/lib/python3.8/site-packages/airflow/example_dags/example_dynamic_task_mapping_with_no_taskflow_operators.py took 0.138 seconds
[2024-03-06T22:38:01.078+0000] {processor.py:161} INFO - Started process (PID=2253) to work on /home/airflow/.local/lib/python3.8/site-packages/airflow/example_dags/example_dynamic_task_mapping_with_no_taskflow_operators.py
[2024-03-06T22:38:01.081+0000] {processor.py:830} INFO - Processing file /home/airflow/.local/lib/python3.8/site-packages/airflow/example_dags/example_dynamic_task_mapping_with_no_taskflow_operators.py for tasks to queue
[2024-03-06T22:38:01.086+0000] {logging_mixin.py:188} INFO - [2024-03-06T22:38:01.085+0000] {dagbag.py:540} INFO - Filling up the DagBag from /home/airflow/.local/lib/python3.8/site-packages/airflow/example_dags/example_dynamic_task_mapping_with_no_taskflow_operators.py
[2024-03-06T22:38:01.098+0000] {processor.py:840} INFO - DAG(s) 'example_dynamic_task_mapping_with_no_taskflow_operators' retrieved from /home/airflow/.local/lib/python3.8/site-packages/airflow/example_dags/example_dynamic_task_mapping_with_no_taskflow_operators.py
[2024-03-06T22:38:01.130+0000] {logging_mixin.py:188} INFO - [2024-03-06T22:38:01.130+0000] {dag.py:3047} INFO - Sync 1 DAGs
[2024-03-06T22:38:01.158+0000] {logging_mixin.py:188} INFO - [2024-03-06T22:38:01.157+0000] {dag.py:3834} INFO - Setting next_dagrun for example_dynamic_task_mapping_with_no_taskflow_operators to 2024-03-05 00:00:00+00:00, run_after=2024-03-06 00:00:00+00:00
[2024-03-06T22:38:01.190+0000] {processor.py:183} INFO - Processing /home/airflow/.local/lib/python3.8/site-packages/airflow/example_dags/example_dynamic_task_mapping_with_no_taskflow_operators.py took 0.117 seconds
[2024-03-06T22:38:31.330+0000] {processor.py:161} INFO - Started process (PID=2308) to work on /home/airflow/.local/lib/python3.8/site-packages/airflow/example_dags/example_dynamic_task_mapping_with_no_taskflow_operators.py
[2024-03-06T22:38:31.336+0000] {processor.py:830} INFO - Processing file /home/airflow/.local/lib/python3.8/site-packages/airflow/example_dags/example_dynamic_task_mapping_with_no_taskflow_operators.py for tasks to queue
[2024-03-06T22:38:31.346+0000] {logging_mixin.py:188} INFO - [2024-03-06T22:38:31.345+0000] {dagbag.py:540} INFO - Filling up the DagBag from /home/airflow/.local/lib/python3.8/site-packages/airflow/example_dags/example_dynamic_task_mapping_with_no_taskflow_operators.py
[2024-03-06T22:38:31.356+0000] {processor.py:840} INFO - DAG(s) 'example_dynamic_task_mapping_with_no_taskflow_operators' retrieved from /home/airflow/.local/lib/python3.8/site-packages/airflow/example_dags/example_dynamic_task_mapping_with_no_taskflow_operators.py
[2024-03-06T22:38:31.433+0000] {logging_mixin.py:188} INFO - [2024-03-06T22:38:31.432+0000] {dag.py:3047} INFO - Sync 1 DAGs
[2024-03-06T22:38:31.492+0000] {logging_mixin.py:188} INFO - [2024-03-06T22:38:31.492+0000] {dag.py:3834} INFO - Setting next_dagrun for example_dynamic_task_mapping_with_no_taskflow_operators to 2024-03-05 00:00:00+00:00, run_after=2024-03-06 00:00:00+00:00
[2024-03-06T22:38:31.554+0000] {processor.py:183} INFO - Processing /home/airflow/.local/lib/python3.8/site-packages/airflow/example_dags/example_dynamic_task_mapping_with_no_taskflow_operators.py took 0.231 seconds
[2024-03-06T22:39:01.891+0000] {processor.py:161} INFO - Started process (PID=2369) to work on /home/airflow/.local/lib/python3.8/site-packages/airflow/example_dags/example_dynamic_task_mapping_with_no_taskflow_operators.py
[2024-03-06T22:39:01.893+0000] {processor.py:830} INFO - Processing file /home/airflow/.local/lib/python3.8/site-packages/airflow/example_dags/example_dynamic_task_mapping_with_no_taskflow_operators.py for tasks to queue
[2024-03-06T22:39:01.896+0000] {logging_mixin.py:188} INFO - [2024-03-06T22:39:01.896+0000] {dagbag.py:540} INFO - Filling up the DagBag from /home/airflow/.local/lib/python3.8/site-packages/airflow/example_dags/example_dynamic_task_mapping_with_no_taskflow_operators.py
[2024-03-06T22:39:01.905+0000] {processor.py:840} INFO - DAG(s) 'example_dynamic_task_mapping_with_no_taskflow_operators' retrieved from /home/airflow/.local/lib/python3.8/site-packages/airflow/example_dags/example_dynamic_task_mapping_with_no_taskflow_operators.py
[2024-03-06T22:39:01.938+0000] {logging_mixin.py:188} INFO - [2024-03-06T22:39:01.938+0000] {dag.py:3047} INFO - Sync 1 DAGs
[2024-03-06T22:39:01.974+0000] {logging_mixin.py:188} INFO - [2024-03-06T22:39:01.973+0000] {dag.py:3834} INFO - Setting next_dagrun for example_dynamic_task_mapping_with_no_taskflow_operators to 2024-03-05 00:00:00+00:00, run_after=2024-03-06 00:00:00+00:00
[2024-03-06T22:39:02.001+0000] {processor.py:183} INFO - Processing /home/airflow/.local/lib/python3.8/site-packages/airflow/example_dags/example_dynamic_task_mapping_with_no_taskflow_operators.py took 0.115 seconds
[2024-03-06T22:39:32.299+0000] {processor.py:161} INFO - Started process (PID=2423) to work on /home/airflow/.local/lib/python3.8/site-packages/airflow/example_dags/example_dynamic_task_mapping_with_no_taskflow_operators.py
[2024-03-06T22:39:32.300+0000] {processor.py:830} INFO - Processing file /home/airflow/.local/lib/python3.8/site-packages/airflow/example_dags/example_dynamic_task_mapping_with_no_taskflow_operators.py for tasks to queue
[2024-03-06T22:39:32.303+0000] {logging_mixin.py:188} INFO - [2024-03-06T22:39:32.302+0000] {dagbag.py:540} INFO - Filling up the DagBag from /home/airflow/.local/lib/python3.8/site-packages/airflow/example_dags/example_dynamic_task_mapping_with_no_taskflow_operators.py
[2024-03-06T22:39:32.310+0000] {processor.py:840} INFO - DAG(s) 'example_dynamic_task_mapping_with_no_taskflow_operators' retrieved from /home/airflow/.local/lib/python3.8/site-packages/airflow/example_dags/example_dynamic_task_mapping_with_no_taskflow_operators.py
[2024-03-06T22:39:32.335+0000] {logging_mixin.py:188} INFO - [2024-03-06T22:39:32.335+0000] {dag.py:3047} INFO - Sync 1 DAGs
[2024-03-06T22:39:32.362+0000] {logging_mixin.py:188} INFO - [2024-03-06T22:39:32.362+0000] {dag.py:3834} INFO - Setting next_dagrun for example_dynamic_task_mapping_with_no_taskflow_operators to 2024-03-05 00:00:00+00:00, run_after=2024-03-06 00:00:00+00:00
[2024-03-06T22:39:32.388+0000] {processor.py:183} INFO - Processing /home/airflow/.local/lib/python3.8/site-packages/airflow/example_dags/example_dynamic_task_mapping_with_no_taskflow_operators.py took 0.094 seconds
[2024-03-06T22:40:03.012+0000] {processor.py:161} INFO - Started process (PID=2479) to work on /home/airflow/.local/lib/python3.8/site-packages/airflow/example_dags/example_dynamic_task_mapping_with_no_taskflow_operators.py
[2024-03-06T22:40:03.014+0000] {processor.py:830} INFO - Processing file /home/airflow/.local/lib/python3.8/site-packages/airflow/example_dags/example_dynamic_task_mapping_with_no_taskflow_operators.py for tasks to queue
[2024-03-06T22:40:03.020+0000] {logging_mixin.py:188} INFO - [2024-03-06T22:40:03.019+0000] {dagbag.py:540} INFO - Filling up the DagBag from /home/airflow/.local/lib/python3.8/site-packages/airflow/example_dags/example_dynamic_task_mapping_with_no_taskflow_operators.py
[2024-03-06T22:40:03.031+0000] {processor.py:840} INFO - DAG(s) 'example_dynamic_task_mapping_with_no_taskflow_operators' retrieved from /home/airflow/.local/lib/python3.8/site-packages/airflow/example_dags/example_dynamic_task_mapping_with_no_taskflow_operators.py
[2024-03-06T22:40:03.064+0000] {logging_mixin.py:188} INFO - [2024-03-06T22:40:03.064+0000] {dag.py:3047} INFO - Sync 1 DAGs
[2024-03-06T22:40:03.112+0000] {logging_mixin.py:188} INFO - [2024-03-06T22:40:03.111+0000] {dag.py:3834} INFO - Setting next_dagrun for example_dynamic_task_mapping_with_no_taskflow_operators to 2024-03-05 00:00:00+00:00, run_after=2024-03-06 00:00:00+00:00
[2024-03-06T22:40:03.190+0000] {processor.py:183} INFO - Processing /home/airflow/.local/lib/python3.8/site-packages/airflow/example_dags/example_dynamic_task_mapping_with_no_taskflow_operators.py took 0.183 seconds
[2024-03-06T22:40:34.069+0000] {processor.py:161} INFO - Started process (PID=2532) to work on /home/airflow/.local/lib/python3.8/site-packages/airflow/example_dags/example_dynamic_task_mapping_with_no_taskflow_operators.py
[2024-03-06T22:40:34.072+0000] {processor.py:830} INFO - Processing file /home/airflow/.local/lib/python3.8/site-packages/airflow/example_dags/example_dynamic_task_mapping_with_no_taskflow_operators.py for tasks to queue
[2024-03-06T22:40:34.075+0000] {logging_mixin.py:188} INFO - [2024-03-06T22:40:34.074+0000] {dagbag.py:540} INFO - Filling up the DagBag from /home/airflow/.local/lib/python3.8/site-packages/airflow/example_dags/example_dynamic_task_mapping_with_no_taskflow_operators.py
[2024-03-06T22:40:34.086+0000] {processor.py:840} INFO - DAG(s) 'example_dynamic_task_mapping_with_no_taskflow_operators' retrieved from /home/airflow/.local/lib/python3.8/site-packages/airflow/example_dags/example_dynamic_task_mapping_with_no_taskflow_operators.py
[2024-03-06T22:40:34.115+0000] {logging_mixin.py:188} INFO - [2024-03-06T22:40:34.115+0000] {dag.py:3047} INFO - Sync 1 DAGs
[2024-03-06T22:40:34.149+0000] {logging_mixin.py:188} INFO - [2024-03-06T22:40:34.148+0000] {dag.py:3834} INFO - Setting next_dagrun for example_dynamic_task_mapping_with_no_taskflow_operators to 2024-03-05 00:00:00+00:00, run_after=2024-03-06 00:00:00+00:00
[2024-03-06T22:40:34.181+0000] {processor.py:183} INFO - Processing /home/airflow/.local/lib/python3.8/site-packages/airflow/example_dags/example_dynamic_task_mapping_with_no_taskflow_operators.py took 0.118 seconds
[2024-03-06T22:41:04.626+0000] {processor.py:161} INFO - Started process (PID=2587) to work on /home/airflow/.local/lib/python3.8/site-packages/airflow/example_dags/example_dynamic_task_mapping_with_no_taskflow_operators.py
[2024-03-06T22:41:04.628+0000] {processor.py:830} INFO - Processing file /home/airflow/.local/lib/python3.8/site-packages/airflow/example_dags/example_dynamic_task_mapping_with_no_taskflow_operators.py for tasks to queue
[2024-03-06T22:41:04.630+0000] {logging_mixin.py:188} INFO - [2024-03-06T22:41:04.630+0000] {dagbag.py:540} INFO - Filling up the DagBag from /home/airflow/.local/lib/python3.8/site-packages/airflow/example_dags/example_dynamic_task_mapping_with_no_taskflow_operators.py
[2024-03-06T22:41:04.643+0000] {processor.py:840} INFO - DAG(s) 'example_dynamic_task_mapping_with_no_taskflow_operators' retrieved from /home/airflow/.local/lib/python3.8/site-packages/airflow/example_dags/example_dynamic_task_mapping_with_no_taskflow_operators.py
[2024-03-06T22:41:04.723+0000] {logging_mixin.py:188} INFO - [2024-03-06T22:41:04.722+0000] {dag.py:3047} INFO - Sync 1 DAGs
[2024-03-06T22:41:04.762+0000] {logging_mixin.py:188} INFO - [2024-03-06T22:41:04.762+0000] {dag.py:3834} INFO - Setting next_dagrun for example_dynamic_task_mapping_with_no_taskflow_operators to 2024-03-05 00:00:00+00:00, run_after=2024-03-06 00:00:00+00:00
[2024-03-06T22:41:04.792+0000] {processor.py:183} INFO - Processing /home/airflow/.local/lib/python3.8/site-packages/airflow/example_dags/example_dynamic_task_mapping_with_no_taskflow_operators.py took 0.174 seconds
[2024-03-06T22:41:35.001+0000] {processor.py:161} INFO - Started process (PID=2642) to work on /home/airflow/.local/lib/python3.8/site-packages/airflow/example_dags/example_dynamic_task_mapping_with_no_taskflow_operators.py
[2024-03-06T22:41:35.003+0000] {processor.py:830} INFO - Processing file /home/airflow/.local/lib/python3.8/site-packages/airflow/example_dags/example_dynamic_task_mapping_with_no_taskflow_operators.py for tasks to queue
[2024-03-06T22:41:35.006+0000] {logging_mixin.py:188} INFO - [2024-03-06T22:41:35.005+0000] {dagbag.py:540} INFO - Filling up the DagBag from /home/airflow/.local/lib/python3.8/site-packages/airflow/example_dags/example_dynamic_task_mapping_with_no_taskflow_operators.py
[2024-03-06T22:41:35.015+0000] {processor.py:840} INFO - DAG(s) 'example_dynamic_task_mapping_with_no_taskflow_operators' retrieved from /home/airflow/.local/lib/python3.8/site-packages/airflow/example_dags/example_dynamic_task_mapping_with_no_taskflow_operators.py
[2024-03-06T22:41:35.047+0000] {logging_mixin.py:188} INFO - [2024-03-06T22:41:35.046+0000] {dag.py:3047} INFO - Sync 1 DAGs
[2024-03-06T22:41:35.085+0000] {logging_mixin.py:188} INFO - [2024-03-06T22:41:35.085+0000] {dag.py:3834} INFO - Setting next_dagrun for example_dynamic_task_mapping_with_no_taskflow_operators to 2024-03-05 00:00:00+00:00, run_after=2024-03-06 00:00:00+00:00
[2024-03-06T22:41:35.115+0000] {processor.py:183} INFO - Processing /home/airflow/.local/lib/python3.8/site-packages/airflow/example_dags/example_dynamic_task_mapping_with_no_taskflow_operators.py took 0.121 seconds
[2024-03-06T22:42:05.517+0000] {processor.py:161} INFO - Started process (PID=2697) to work on /home/airflow/.local/lib/python3.8/site-packages/airflow/example_dags/example_dynamic_task_mapping_with_no_taskflow_operators.py
[2024-03-06T22:42:05.545+0000] {processor.py:830} INFO - Processing file /home/airflow/.local/lib/python3.8/site-packages/airflow/example_dags/example_dynamic_task_mapping_with_no_taskflow_operators.py for tasks to queue
[2024-03-06T22:42:05.554+0000] {logging_mixin.py:188} INFO - [2024-03-06T22:42:05.553+0000] {dagbag.py:540} INFO - Filling up the DagBag from /home/airflow/.local/lib/python3.8/site-packages/airflow/example_dags/example_dynamic_task_mapping_with_no_taskflow_operators.py
[2024-03-06T22:42:05.582+0000] {processor.py:840} INFO - DAG(s) 'example_dynamic_task_mapping_with_no_taskflow_operators' retrieved from /home/airflow/.local/lib/python3.8/site-packages/airflow/example_dags/example_dynamic_task_mapping_with_no_taskflow_operators.py
[2024-03-06T22:42:05.840+0000] {logging_mixin.py:188} INFO - [2024-03-06T22:42:05.839+0000] {dag.py:3047} INFO - Sync 1 DAGs
[2024-03-06T22:42:05.892+0000] {logging_mixin.py:188} INFO - [2024-03-06T22:42:05.891+0000] {dag.py:3834} INFO - Setting next_dagrun for example_dynamic_task_mapping_with_no_taskflow_operators to 2024-03-05 00:00:00+00:00, run_after=2024-03-06 00:00:00+00:00
[2024-03-06T22:42:05.939+0000] {processor.py:183} INFO - Processing /home/airflow/.local/lib/python3.8/site-packages/airflow/example_dags/example_dynamic_task_mapping_with_no_taskflow_operators.py took 0.532 seconds
[2024-03-06T22:42:36.031+0000] {processor.py:161} INFO - Started process (PID=2751) to work on /home/airflow/.local/lib/python3.8/site-packages/airflow/example_dags/example_dynamic_task_mapping_with_no_taskflow_operators.py
[2024-03-06T22:42:36.033+0000] {processor.py:830} INFO - Processing file /home/airflow/.local/lib/python3.8/site-packages/airflow/example_dags/example_dynamic_task_mapping_with_no_taskflow_operators.py for tasks to queue
[2024-03-06T22:42:36.037+0000] {logging_mixin.py:188} INFO - [2024-03-06T22:42:36.036+0000] {dagbag.py:540} INFO - Filling up the DagBag from /home/airflow/.local/lib/python3.8/site-packages/airflow/example_dags/example_dynamic_task_mapping_with_no_taskflow_operators.py
[2024-03-06T22:42:36.048+0000] {processor.py:840} INFO - DAG(s) 'example_dynamic_task_mapping_with_no_taskflow_operators' retrieved from /home/airflow/.local/lib/python3.8/site-packages/airflow/example_dags/example_dynamic_task_mapping_with_no_taskflow_operators.py
[2024-03-06T22:42:36.093+0000] {logging_mixin.py:188} INFO - [2024-03-06T22:42:36.092+0000] {dag.py:3047} INFO - Sync 1 DAGs
[2024-03-06T22:42:36.138+0000] {logging_mixin.py:188} INFO - [2024-03-06T22:42:36.138+0000] {dag.py:3834} INFO - Setting next_dagrun for example_dynamic_task_mapping_with_no_taskflow_operators to 2024-03-05 00:00:00+00:00, run_after=2024-03-06 00:00:00+00:00
[2024-03-06T22:42:36.164+0000] {processor.py:183} INFO - Processing /home/airflow/.local/lib/python3.8/site-packages/airflow/example_dags/example_dynamic_task_mapping_with_no_taskflow_operators.py took 0.138 seconds
