[2024-03-06T22:17:44.754+0000] {processor.py:161} INFO - Started process (PID=65) to work on /home/airflow/.local/lib/python3.8/site-packages/airflow/example_dags/example_nested_branch_dag.py
[2024-03-06T22:17:44.756+0000] {processor.py:830} INFO - Processing file /home/airflow/.local/lib/python3.8/site-packages/airflow/example_dags/example_nested_branch_dag.py for tasks to queue
[2024-03-06T22:17:44.759+0000] {logging_mixin.py:188} INFO - [2024-03-06T22:17:44.758+0000] {dagbag.py:540} INFO - Filling up the DagBag from /home/airflow/.local/lib/python3.8/site-packages/airflow/example_dags/example_nested_branch_dag.py
[2024-03-06T22:17:44.791+0000] {processor.py:840} INFO - DAG(s) 'example_nested_branch_dag' retrieved from /home/airflow/.local/lib/python3.8/site-packages/airflow/example_dags/example_nested_branch_dag.py
[2024-03-06T22:17:44.983+0000] {logging_mixin.py:188} INFO - [2024-03-06T22:17:44.983+0000] {dag.py:3047} INFO - Sync 1 DAGs
[2024-03-06T22:17:45.022+0000] {logging_mixin.py:188} INFO - [2024-03-06T22:17:45.021+0000] {dag.py:3834} INFO - Setting next_dagrun for example_nested_branch_dag to 2024-03-05 00:00:00+00:00, run_after=2024-03-06 00:00:00+00:00
[2024-03-06T22:17:45.066+0000] {processor.py:183} INFO - Processing /home/airflow/.local/lib/python3.8/site-packages/airflow/example_dags/example_nested_branch_dag.py took 0.320 seconds
[2024-03-06T22:18:15.142+0000] {processor.py:161} INFO - Started process (PID=120) to work on /home/airflow/.local/lib/python3.8/site-packages/airflow/example_dags/example_nested_branch_dag.py
[2024-03-06T22:18:15.144+0000] {processor.py:830} INFO - Processing file /home/airflow/.local/lib/python3.8/site-packages/airflow/example_dags/example_nested_branch_dag.py for tasks to queue
[2024-03-06T22:18:15.147+0000] {logging_mixin.py:188} INFO - [2024-03-06T22:18:15.147+0000] {dagbag.py:540} INFO - Filling up the DagBag from /home/airflow/.local/lib/python3.8/site-packages/airflow/example_dags/example_nested_branch_dag.py
[2024-03-06T22:18:15.162+0000] {processor.py:840} INFO - DAG(s) 'example_nested_branch_dag' retrieved from /home/airflow/.local/lib/python3.8/site-packages/airflow/example_dags/example_nested_branch_dag.py
[2024-03-06T22:18:15.196+0000] {logging_mixin.py:188} INFO - [2024-03-06T22:18:15.196+0000] {dag.py:3047} INFO - Sync 1 DAGs
[2024-03-06T22:18:15.225+0000] {logging_mixin.py:188} INFO - [2024-03-06T22:18:15.225+0000] {dag.py:3834} INFO - Setting next_dagrun for example_nested_branch_dag to 2024-03-05 00:00:00+00:00, run_after=2024-03-06 00:00:00+00:00
[2024-03-06T22:18:15.250+0000] {processor.py:183} INFO - Processing /home/airflow/.local/lib/python3.8/site-packages/airflow/example_dags/example_nested_branch_dag.py took 0.113 seconds
[2024-03-06T22:18:46.900+0000] {processor.py:161} INFO - Started process (PID=175) to work on /home/airflow/.local/lib/python3.8/site-packages/airflow/example_dags/example_nested_branch_dag.py
[2024-03-06T22:18:46.902+0000] {processor.py:830} INFO - Processing file /home/airflow/.local/lib/python3.8/site-packages/airflow/example_dags/example_nested_branch_dag.py for tasks to queue
[2024-03-06T22:18:46.906+0000] {logging_mixin.py:188} INFO - [2024-03-06T22:18:46.905+0000] {dagbag.py:540} INFO - Filling up the DagBag from /home/airflow/.local/lib/python3.8/site-packages/airflow/example_dags/example_nested_branch_dag.py
[2024-03-06T22:18:46.930+0000] {processor.py:840} INFO - DAG(s) 'example_nested_branch_dag' retrieved from /home/airflow/.local/lib/python3.8/site-packages/airflow/example_dags/example_nested_branch_dag.py
[2024-03-06T22:18:46.971+0000] {logging_mixin.py:188} INFO - [2024-03-06T22:18:46.971+0000] {dag.py:3047} INFO - Sync 1 DAGs
[2024-03-06T22:18:47.009+0000] {logging_mixin.py:188} INFO - [2024-03-06T22:18:47.009+0000] {dag.py:3834} INFO - Setting next_dagrun for example_nested_branch_dag to 2024-03-05 00:00:00+00:00, run_after=2024-03-06 00:00:00+00:00
[2024-03-06T22:18:47.042+0000] {processor.py:183} INFO - Processing /home/airflow/.local/lib/python3.8/site-packages/airflow/example_dags/example_nested_branch_dag.py took 0.147 seconds
[2024-03-06T22:19:17.127+0000] {processor.py:161} INFO - Started process (PID=230) to work on /home/airflow/.local/lib/python3.8/site-packages/airflow/example_dags/example_nested_branch_dag.py
[2024-03-06T22:19:17.129+0000] {processor.py:830} INFO - Processing file /home/airflow/.local/lib/python3.8/site-packages/airflow/example_dags/example_nested_branch_dag.py for tasks to queue
[2024-03-06T22:19:17.132+0000] {logging_mixin.py:188} INFO - [2024-03-06T22:19:17.132+0000] {dagbag.py:540} INFO - Filling up the DagBag from /home/airflow/.local/lib/python3.8/site-packages/airflow/example_dags/example_nested_branch_dag.py
[2024-03-06T22:19:17.151+0000] {processor.py:840} INFO - DAG(s) 'example_nested_branch_dag' retrieved from /home/airflow/.local/lib/python3.8/site-packages/airflow/example_dags/example_nested_branch_dag.py
[2024-03-06T22:19:17.194+0000] {logging_mixin.py:188} INFO - [2024-03-06T22:19:17.193+0000] {dag.py:3047} INFO - Sync 1 DAGs
[2024-03-06T22:19:17.240+0000] {logging_mixin.py:188} INFO - [2024-03-06T22:19:17.239+0000] {dag.py:3834} INFO - Setting next_dagrun for example_nested_branch_dag to 2024-03-05 00:00:00+00:00, run_after=2024-03-06 00:00:00+00:00
[2024-03-06T22:19:17.278+0000] {processor.py:183} INFO - Processing /home/airflow/.local/lib/python3.8/site-packages/airflow/example_dags/example_nested_branch_dag.py took 0.156 seconds
[2024-03-06T22:19:48.029+0000] {processor.py:161} INFO - Started process (PID=285) to work on /home/airflow/.local/lib/python3.8/site-packages/airflow/example_dags/example_nested_branch_dag.py
[2024-03-06T22:19:48.031+0000] {processor.py:830} INFO - Processing file /home/airflow/.local/lib/python3.8/site-packages/airflow/example_dags/example_nested_branch_dag.py for tasks to queue
[2024-03-06T22:19:48.033+0000] {logging_mixin.py:188} INFO - [2024-03-06T22:19:48.033+0000] {dagbag.py:540} INFO - Filling up the DagBag from /home/airflow/.local/lib/python3.8/site-packages/airflow/example_dags/example_nested_branch_dag.py
[2024-03-06T22:19:48.046+0000] {processor.py:840} INFO - DAG(s) 'example_nested_branch_dag' retrieved from /home/airflow/.local/lib/python3.8/site-packages/airflow/example_dags/example_nested_branch_dag.py
[2024-03-06T22:19:48.080+0000] {logging_mixin.py:188} INFO - [2024-03-06T22:19:48.079+0000] {dag.py:3047} INFO - Sync 1 DAGs
[2024-03-06T22:19:48.108+0000] {logging_mixin.py:188} INFO - [2024-03-06T22:19:48.108+0000] {dag.py:3834} INFO - Setting next_dagrun for example_nested_branch_dag to 2024-03-05 00:00:00+00:00, run_after=2024-03-06 00:00:00+00:00
[2024-03-06T22:19:48.134+0000] {processor.py:183} INFO - Processing /home/airflow/.local/lib/python3.8/site-packages/airflow/example_dags/example_nested_branch_dag.py took 0.110 seconds
[2024-03-06T22:20:18.304+0000] {processor.py:161} INFO - Started process (PID=340) to work on /home/airflow/.local/lib/python3.8/site-packages/airflow/example_dags/example_nested_branch_dag.py
[2024-03-06T22:20:18.306+0000] {processor.py:830} INFO - Processing file /home/airflow/.local/lib/python3.8/site-packages/airflow/example_dags/example_nested_branch_dag.py for tasks to queue
[2024-03-06T22:20:18.309+0000] {logging_mixin.py:188} INFO - [2024-03-06T22:20:18.308+0000] {dagbag.py:540} INFO - Filling up the DagBag from /home/airflow/.local/lib/python3.8/site-packages/airflow/example_dags/example_nested_branch_dag.py
[2024-03-06T22:20:18.326+0000] {processor.py:840} INFO - DAG(s) 'example_nested_branch_dag' retrieved from /home/airflow/.local/lib/python3.8/site-packages/airflow/example_dags/example_nested_branch_dag.py
[2024-03-06T22:20:18.355+0000] {logging_mixin.py:188} INFO - [2024-03-06T22:20:18.355+0000] {dag.py:3047} INFO - Sync 1 DAGs
[2024-03-06T22:20:18.385+0000] {logging_mixin.py:188} INFO - [2024-03-06T22:20:18.385+0000] {dag.py:3834} INFO - Setting next_dagrun for example_nested_branch_dag to 2024-03-05 00:00:00+00:00, run_after=2024-03-06 00:00:00+00:00
[2024-03-06T22:20:18.410+0000] {processor.py:183} INFO - Processing /home/airflow/.local/lib/python3.8/site-packages/airflow/example_dags/example_nested_branch_dag.py took 0.110 seconds
[2024-03-06T22:20:48.652+0000] {processor.py:161} INFO - Started process (PID=395) to work on /home/airflow/.local/lib/python3.8/site-packages/airflow/example_dags/example_nested_branch_dag.py
[2024-03-06T22:20:48.654+0000] {processor.py:830} INFO - Processing file /home/airflow/.local/lib/python3.8/site-packages/airflow/example_dags/example_nested_branch_dag.py for tasks to queue
[2024-03-06T22:20:48.657+0000] {logging_mixin.py:188} INFO - [2024-03-06T22:20:48.656+0000] {dagbag.py:540} INFO - Filling up the DagBag from /home/airflow/.local/lib/python3.8/site-packages/airflow/example_dags/example_nested_branch_dag.py
[2024-03-06T22:20:48.676+0000] {processor.py:840} INFO - DAG(s) 'example_nested_branch_dag' retrieved from /home/airflow/.local/lib/python3.8/site-packages/airflow/example_dags/example_nested_branch_dag.py
[2024-03-06T22:20:48.721+0000] {logging_mixin.py:188} INFO - [2024-03-06T22:20:48.721+0000] {dag.py:3047} INFO - Sync 1 DAGs
[2024-03-06T22:20:48.763+0000] {logging_mixin.py:188} INFO - [2024-03-06T22:20:48.762+0000] {dag.py:3834} INFO - Setting next_dagrun for example_nested_branch_dag to 2024-03-05 00:00:00+00:00, run_after=2024-03-06 00:00:00+00:00
[2024-03-06T22:20:48.790+0000] {processor.py:183} INFO - Processing /home/airflow/.local/lib/python3.8/site-packages/airflow/example_dags/example_nested_branch_dag.py took 0.142 seconds
[2024-03-06T22:21:19.111+0000] {processor.py:161} INFO - Started process (PID=450) to work on /home/airflow/.local/lib/python3.8/site-packages/airflow/example_dags/example_nested_branch_dag.py
[2024-03-06T22:21:19.113+0000] {processor.py:830} INFO - Processing file /home/airflow/.local/lib/python3.8/site-packages/airflow/example_dags/example_nested_branch_dag.py for tasks to queue
[2024-03-06T22:21:19.116+0000] {logging_mixin.py:188} INFO - [2024-03-06T22:21:19.116+0000] {dagbag.py:540} INFO - Filling up the DagBag from /home/airflow/.local/lib/python3.8/site-packages/airflow/example_dags/example_nested_branch_dag.py
[2024-03-06T22:21:19.131+0000] {processor.py:840} INFO - DAG(s) 'example_nested_branch_dag' retrieved from /home/airflow/.local/lib/python3.8/site-packages/airflow/example_dags/example_nested_branch_dag.py
[2024-03-06T22:21:19.161+0000] {logging_mixin.py:188} INFO - [2024-03-06T22:21:19.160+0000] {dag.py:3047} INFO - Sync 1 DAGs
[2024-03-06T22:21:19.192+0000] {logging_mixin.py:188} INFO - [2024-03-06T22:21:19.192+0000] {dag.py:3834} INFO - Setting next_dagrun for example_nested_branch_dag to 2024-03-05 00:00:00+00:00, run_after=2024-03-06 00:00:00+00:00
[2024-03-06T22:21:19.241+0000] {processor.py:183} INFO - Processing /home/airflow/.local/lib/python3.8/site-packages/airflow/example_dags/example_nested_branch_dag.py took 0.135 seconds
[2024-03-06T22:21:50.171+0000] {processor.py:161} INFO - Started process (PID=505) to work on /home/airflow/.local/lib/python3.8/site-packages/airflow/example_dags/example_nested_branch_dag.py
[2024-03-06T22:21:50.173+0000] {processor.py:830} INFO - Processing file /home/airflow/.local/lib/python3.8/site-packages/airflow/example_dags/example_nested_branch_dag.py for tasks to queue
[2024-03-06T22:21:50.177+0000] {logging_mixin.py:188} INFO - [2024-03-06T22:21:50.177+0000] {dagbag.py:540} INFO - Filling up the DagBag from /home/airflow/.local/lib/python3.8/site-packages/airflow/example_dags/example_nested_branch_dag.py
[2024-03-06T22:21:50.193+0000] {processor.py:840} INFO - DAG(s) 'example_nested_branch_dag' retrieved from /home/airflow/.local/lib/python3.8/site-packages/airflow/example_dags/example_nested_branch_dag.py
[2024-03-06T22:21:50.228+0000] {logging_mixin.py:188} INFO - [2024-03-06T22:21:50.228+0000] {dag.py:3047} INFO - Sync 1 DAGs
[2024-03-06T22:21:50.257+0000] {logging_mixin.py:188} INFO - [2024-03-06T22:21:50.257+0000] {dag.py:3834} INFO - Setting next_dagrun for example_nested_branch_dag to 2024-03-05 00:00:00+00:00, run_after=2024-03-06 00:00:00+00:00
[2024-03-06T22:21:50.285+0000] {processor.py:183} INFO - Processing /home/airflow/.local/lib/python3.8/site-packages/airflow/example_dags/example_nested_branch_dag.py took 0.118 seconds
[2024-03-06T22:22:20.471+0000] {processor.py:161} INFO - Started process (PID=559) to work on /home/airflow/.local/lib/python3.8/site-packages/airflow/example_dags/example_nested_branch_dag.py
[2024-03-06T22:22:20.473+0000] {processor.py:830} INFO - Processing file /home/airflow/.local/lib/python3.8/site-packages/airflow/example_dags/example_nested_branch_dag.py for tasks to queue
[2024-03-06T22:22:20.478+0000] {logging_mixin.py:188} INFO - [2024-03-06T22:22:20.478+0000] {dagbag.py:540} INFO - Filling up the DagBag from /home/airflow/.local/lib/python3.8/site-packages/airflow/example_dags/example_nested_branch_dag.py
[2024-03-06T22:22:20.494+0000] {processor.py:840} INFO - DAG(s) 'example_nested_branch_dag' retrieved from /home/airflow/.local/lib/python3.8/site-packages/airflow/example_dags/example_nested_branch_dag.py
[2024-03-06T22:22:20.531+0000] {logging_mixin.py:188} INFO - [2024-03-06T22:22:20.531+0000] {dag.py:3047} INFO - Sync 1 DAGs
[2024-03-06T22:22:20.563+0000] {logging_mixin.py:188} INFO - [2024-03-06T22:22:20.562+0000] {dag.py:3834} INFO - Setting next_dagrun for example_nested_branch_dag to 2024-03-05 00:00:00+00:00, run_after=2024-03-06 00:00:00+00:00
[2024-03-06T22:22:20.591+0000] {processor.py:183} INFO - Processing /home/airflow/.local/lib/python3.8/site-packages/airflow/example_dags/example_nested_branch_dag.py took 0.124 seconds
[2024-03-06T22:22:51.201+0000] {processor.py:161} INFO - Started process (PID=614) to work on /home/airflow/.local/lib/python3.8/site-packages/airflow/example_dags/example_nested_branch_dag.py
[2024-03-06T22:22:51.202+0000] {processor.py:830} INFO - Processing file /home/airflow/.local/lib/python3.8/site-packages/airflow/example_dags/example_nested_branch_dag.py for tasks to queue
[2024-03-06T22:22:51.206+0000] {logging_mixin.py:188} INFO - [2024-03-06T22:22:51.205+0000] {dagbag.py:540} INFO - Filling up the DagBag from /home/airflow/.local/lib/python3.8/site-packages/airflow/example_dags/example_nested_branch_dag.py
[2024-03-06T22:22:51.223+0000] {processor.py:840} INFO - DAG(s) 'example_nested_branch_dag' retrieved from /home/airflow/.local/lib/python3.8/site-packages/airflow/example_dags/example_nested_branch_dag.py
[2024-03-06T22:22:51.253+0000] {logging_mixin.py:188} INFO - [2024-03-06T22:22:51.252+0000] {dag.py:3047} INFO - Sync 1 DAGs
[2024-03-06T22:22:51.285+0000] {logging_mixin.py:188} INFO - [2024-03-06T22:22:51.284+0000] {dag.py:3834} INFO - Setting next_dagrun for example_nested_branch_dag to 2024-03-05 00:00:00+00:00, run_after=2024-03-06 00:00:00+00:00
[2024-03-06T22:22:51.312+0000] {processor.py:183} INFO - Processing /home/airflow/.local/lib/python3.8/site-packages/airflow/example_dags/example_nested_branch_dag.py took 0.114 seconds
[2024-03-06T22:23:21.586+0000] {processor.py:161} INFO - Started process (PID=669) to work on /home/airflow/.local/lib/python3.8/site-packages/airflow/example_dags/example_nested_branch_dag.py
[2024-03-06T22:23:21.588+0000] {processor.py:830} INFO - Processing file /home/airflow/.local/lib/python3.8/site-packages/airflow/example_dags/example_nested_branch_dag.py for tasks to queue
[2024-03-06T22:23:21.590+0000] {logging_mixin.py:188} INFO - [2024-03-06T22:23:21.590+0000] {dagbag.py:540} INFO - Filling up the DagBag from /home/airflow/.local/lib/python3.8/site-packages/airflow/example_dags/example_nested_branch_dag.py
[2024-03-06T22:23:21.604+0000] {processor.py:840} INFO - DAG(s) 'example_nested_branch_dag' retrieved from /home/airflow/.local/lib/python3.8/site-packages/airflow/example_dags/example_nested_branch_dag.py
[2024-03-06T22:23:21.637+0000] {logging_mixin.py:188} INFO - [2024-03-06T22:23:21.637+0000] {dag.py:3047} INFO - Sync 1 DAGs
[2024-03-06T22:23:21.672+0000] {logging_mixin.py:188} INFO - [2024-03-06T22:23:21.671+0000] {dag.py:3834} INFO - Setting next_dagrun for example_nested_branch_dag to 2024-03-05 00:00:00+00:00, run_after=2024-03-06 00:00:00+00:00
[2024-03-06T22:23:21.697+0000] {processor.py:183} INFO - Processing /home/airflow/.local/lib/python3.8/site-packages/airflow/example_dags/example_nested_branch_dag.py took 0.116 seconds
[2024-03-06T22:23:52.312+0000] {processor.py:161} INFO - Started process (PID=723) to work on /home/airflow/.local/lib/python3.8/site-packages/airflow/example_dags/example_nested_branch_dag.py
[2024-03-06T22:23:52.314+0000] {processor.py:830} INFO - Processing file /home/airflow/.local/lib/python3.8/site-packages/airflow/example_dags/example_nested_branch_dag.py for tasks to queue
[2024-03-06T22:23:52.317+0000] {logging_mixin.py:188} INFO - [2024-03-06T22:23:52.317+0000] {dagbag.py:540} INFO - Filling up the DagBag from /home/airflow/.local/lib/python3.8/site-packages/airflow/example_dags/example_nested_branch_dag.py
[2024-03-06T22:23:52.333+0000] {processor.py:840} INFO - DAG(s) 'example_nested_branch_dag' retrieved from /home/airflow/.local/lib/python3.8/site-packages/airflow/example_dags/example_nested_branch_dag.py
[2024-03-06T22:23:52.366+0000] {logging_mixin.py:188} INFO - [2024-03-06T22:23:52.365+0000] {dag.py:3047} INFO - Sync 1 DAGs
[2024-03-06T22:23:52.396+0000] {logging_mixin.py:188} INFO - [2024-03-06T22:23:52.396+0000] {dag.py:3834} INFO - Setting next_dagrun for example_nested_branch_dag to 2024-03-05 00:00:00+00:00, run_after=2024-03-06 00:00:00+00:00
[2024-03-06T22:23:52.425+0000] {processor.py:183} INFO - Processing /home/airflow/.local/lib/python3.8/site-packages/airflow/example_dags/example_nested_branch_dag.py took 0.119 seconds
[2024-03-06T22:24:23.222+0000] {processor.py:161} INFO - Started process (PID=778) to work on /home/airflow/.local/lib/python3.8/site-packages/airflow/example_dags/example_nested_branch_dag.py
[2024-03-06T22:24:23.223+0000] {processor.py:830} INFO - Processing file /home/airflow/.local/lib/python3.8/site-packages/airflow/example_dags/example_nested_branch_dag.py for tasks to queue
[2024-03-06T22:24:23.226+0000] {logging_mixin.py:188} INFO - [2024-03-06T22:24:23.225+0000] {dagbag.py:540} INFO - Filling up the DagBag from /home/airflow/.local/lib/python3.8/site-packages/airflow/example_dags/example_nested_branch_dag.py
[2024-03-06T22:24:23.238+0000] {processor.py:840} INFO - DAG(s) 'example_nested_branch_dag' retrieved from /home/airflow/.local/lib/python3.8/site-packages/airflow/example_dags/example_nested_branch_dag.py
[2024-03-06T22:24:23.274+0000] {logging_mixin.py:188} INFO - [2024-03-06T22:24:23.274+0000] {dag.py:3047} INFO - Sync 1 DAGs
[2024-03-06T22:24:23.304+0000] {logging_mixin.py:188} INFO - [2024-03-06T22:24:23.304+0000] {dag.py:3834} INFO - Setting next_dagrun for example_nested_branch_dag to 2024-03-05 00:00:00+00:00, run_after=2024-03-06 00:00:00+00:00
[2024-03-06T22:24:23.334+0000] {processor.py:183} INFO - Processing /home/airflow/.local/lib/python3.8/site-packages/airflow/example_dags/example_nested_branch_dag.py took 0.116 seconds
[2024-03-06T22:24:53.485+0000] {processor.py:161} INFO - Started process (PID=833) to work on /home/airflow/.local/lib/python3.8/site-packages/airflow/example_dags/example_nested_branch_dag.py
[2024-03-06T22:24:53.487+0000] {processor.py:830} INFO - Processing file /home/airflow/.local/lib/python3.8/site-packages/airflow/example_dags/example_nested_branch_dag.py for tasks to queue
[2024-03-06T22:24:53.490+0000] {logging_mixin.py:188} INFO - [2024-03-06T22:24:53.490+0000] {dagbag.py:540} INFO - Filling up the DagBag from /home/airflow/.local/lib/python3.8/site-packages/airflow/example_dags/example_nested_branch_dag.py
[2024-03-06T22:24:53.508+0000] {processor.py:840} INFO - DAG(s) 'example_nested_branch_dag' retrieved from /home/airflow/.local/lib/python3.8/site-packages/airflow/example_dags/example_nested_branch_dag.py
[2024-03-06T22:24:53.549+0000] {logging_mixin.py:188} INFO - [2024-03-06T22:24:53.549+0000] {dag.py:3047} INFO - Sync 1 DAGs
[2024-03-06T22:24:53.589+0000] {logging_mixin.py:188} INFO - [2024-03-06T22:24:53.589+0000] {dag.py:3834} INFO - Setting next_dagrun for example_nested_branch_dag to 2024-03-05 00:00:00+00:00, run_after=2024-03-06 00:00:00+00:00
[2024-03-06T22:24:53.621+0000] {processor.py:183} INFO - Processing /home/airflow/.local/lib/python3.8/site-packages/airflow/example_dags/example_nested_branch_dag.py took 0.142 seconds
[2024-03-06T22:25:23.667+0000] {processor.py:161} INFO - Started process (PID=888) to work on /home/airflow/.local/lib/python3.8/site-packages/airflow/example_dags/example_nested_branch_dag.py
[2024-03-06T22:25:23.668+0000] {processor.py:830} INFO - Processing file /home/airflow/.local/lib/python3.8/site-packages/airflow/example_dags/example_nested_branch_dag.py for tasks to queue
[2024-03-06T22:25:23.672+0000] {logging_mixin.py:188} INFO - [2024-03-06T22:25:23.672+0000] {dagbag.py:540} INFO - Filling up the DagBag from /home/airflow/.local/lib/python3.8/site-packages/airflow/example_dags/example_nested_branch_dag.py
[2024-03-06T22:25:23.690+0000] {processor.py:840} INFO - DAG(s) 'example_nested_branch_dag' retrieved from /home/airflow/.local/lib/python3.8/site-packages/airflow/example_dags/example_nested_branch_dag.py
[2024-03-06T22:25:23.726+0000] {logging_mixin.py:188} INFO - [2024-03-06T22:25:23.726+0000] {dag.py:3047} INFO - Sync 1 DAGs
[2024-03-06T22:25:23.772+0000] {logging_mixin.py:188} INFO - [2024-03-06T22:25:23.771+0000] {dag.py:3834} INFO - Setting next_dagrun for example_nested_branch_dag to 2024-03-05 00:00:00+00:00, run_after=2024-03-06 00:00:00+00:00
[2024-03-06T22:25:23.800+0000] {processor.py:183} INFO - Processing /home/airflow/.local/lib/python3.8/site-packages/airflow/example_dags/example_nested_branch_dag.py took 0.139 seconds
[2024-03-06T22:25:53.997+0000] {processor.py:161} INFO - Started process (PID=942) to work on /home/airflow/.local/lib/python3.8/site-packages/airflow/example_dags/example_nested_branch_dag.py
[2024-03-06T22:25:53.999+0000] {processor.py:830} INFO - Processing file /home/airflow/.local/lib/python3.8/site-packages/airflow/example_dags/example_nested_branch_dag.py for tasks to queue
[2024-03-06T22:25:54.010+0000] {logging_mixin.py:188} INFO - [2024-03-06T22:25:54.009+0000] {dagbag.py:540} INFO - Filling up the DagBag from /home/airflow/.local/lib/python3.8/site-packages/airflow/example_dags/example_nested_branch_dag.py
[2024-03-06T22:25:54.041+0000] {processor.py:840} INFO - DAG(s) 'example_nested_branch_dag' retrieved from /home/airflow/.local/lib/python3.8/site-packages/airflow/example_dags/example_nested_branch_dag.py
[2024-03-06T22:25:54.082+0000] {logging_mixin.py:188} INFO - [2024-03-06T22:25:54.081+0000] {dag.py:3047} INFO - Sync 1 DAGs
[2024-03-06T22:25:54.121+0000] {logging_mixin.py:188} INFO - [2024-03-06T22:25:54.120+0000] {dag.py:3834} INFO - Setting next_dagrun for example_nested_branch_dag to 2024-03-05 00:00:00+00:00, run_after=2024-03-06 00:00:00+00:00
[2024-03-06T22:25:54.149+0000] {processor.py:183} INFO - Processing /home/airflow/.local/lib/python3.8/site-packages/airflow/example_dags/example_nested_branch_dag.py took 0.157 seconds
[2024-03-06T22:26:24.563+0000] {processor.py:161} INFO - Started process (PID=997) to work on /home/airflow/.local/lib/python3.8/site-packages/airflow/example_dags/example_nested_branch_dag.py
[2024-03-06T22:26:24.566+0000] {processor.py:830} INFO - Processing file /home/airflow/.local/lib/python3.8/site-packages/airflow/example_dags/example_nested_branch_dag.py for tasks to queue
[2024-03-06T22:26:24.569+0000] {logging_mixin.py:188} INFO - [2024-03-06T22:26:24.568+0000] {dagbag.py:540} INFO - Filling up the DagBag from /home/airflow/.local/lib/python3.8/site-packages/airflow/example_dags/example_nested_branch_dag.py
[2024-03-06T22:26:24.587+0000] {processor.py:840} INFO - DAG(s) 'example_nested_branch_dag' retrieved from /home/airflow/.local/lib/python3.8/site-packages/airflow/example_dags/example_nested_branch_dag.py
[2024-03-06T22:26:24.618+0000] {logging_mixin.py:188} INFO - [2024-03-06T22:26:24.618+0000] {dag.py:3047} INFO - Sync 1 DAGs
[2024-03-06T22:26:24.659+0000] {logging_mixin.py:188} INFO - [2024-03-06T22:26:24.659+0000] {dag.py:3834} INFO - Setting next_dagrun for example_nested_branch_dag to 2024-03-05 00:00:00+00:00, run_after=2024-03-06 00:00:00+00:00
[2024-03-06T22:26:24.689+0000] {processor.py:183} INFO - Processing /home/airflow/.local/lib/python3.8/site-packages/airflow/example_dags/example_nested_branch_dag.py took 0.130 seconds
[2024-03-06T22:26:54.971+0000] {processor.py:161} INFO - Started process (PID=1052) to work on /home/airflow/.local/lib/python3.8/site-packages/airflow/example_dags/example_nested_branch_dag.py
[2024-03-06T22:26:54.972+0000] {processor.py:830} INFO - Processing file /home/airflow/.local/lib/python3.8/site-packages/airflow/example_dags/example_nested_branch_dag.py for tasks to queue
[2024-03-06T22:26:54.975+0000] {logging_mixin.py:188} INFO - [2024-03-06T22:26:54.974+0000] {dagbag.py:540} INFO - Filling up the DagBag from /home/airflow/.local/lib/python3.8/site-packages/airflow/example_dags/example_nested_branch_dag.py
[2024-03-06T22:26:54.989+0000] {processor.py:840} INFO - DAG(s) 'example_nested_branch_dag' retrieved from /home/airflow/.local/lib/python3.8/site-packages/airflow/example_dags/example_nested_branch_dag.py
[2024-03-06T22:26:55.019+0000] {logging_mixin.py:188} INFO - [2024-03-06T22:26:55.019+0000] {dag.py:3047} INFO - Sync 1 DAGs
[2024-03-06T22:26:55.050+0000] {logging_mixin.py:188} INFO - [2024-03-06T22:26:55.050+0000] {dag.py:3834} INFO - Setting next_dagrun for example_nested_branch_dag to 2024-03-05 00:00:00+00:00, run_after=2024-03-06 00:00:00+00:00
[2024-03-06T22:26:55.075+0000] {processor.py:183} INFO - Processing /home/airflow/.local/lib/python3.8/site-packages/airflow/example_dags/example_nested_branch_dag.py took 0.108 seconds
[2024-03-06T22:27:25.286+0000] {processor.py:161} INFO - Started process (PID=1107) to work on /home/airflow/.local/lib/python3.8/site-packages/airflow/example_dags/example_nested_branch_dag.py
[2024-03-06T22:27:25.288+0000] {processor.py:830} INFO - Processing file /home/airflow/.local/lib/python3.8/site-packages/airflow/example_dags/example_nested_branch_dag.py for tasks to queue
[2024-03-06T22:27:25.291+0000] {logging_mixin.py:188} INFO - [2024-03-06T22:27:25.291+0000] {dagbag.py:540} INFO - Filling up the DagBag from /home/airflow/.local/lib/python3.8/site-packages/airflow/example_dags/example_nested_branch_dag.py
[2024-03-06T22:27:25.307+0000] {processor.py:840} INFO - DAG(s) 'example_nested_branch_dag' retrieved from /home/airflow/.local/lib/python3.8/site-packages/airflow/example_dags/example_nested_branch_dag.py
[2024-03-06T22:27:25.340+0000] {logging_mixin.py:188} INFO - [2024-03-06T22:27:25.340+0000] {dag.py:3047} INFO - Sync 1 DAGs
[2024-03-06T22:27:25.375+0000] {logging_mixin.py:188} INFO - [2024-03-06T22:27:25.374+0000] {dag.py:3834} INFO - Setting next_dagrun for example_nested_branch_dag to 2024-03-05 00:00:00+00:00, run_after=2024-03-06 00:00:00+00:00
[2024-03-06T22:27:25.409+0000] {processor.py:183} INFO - Processing /home/airflow/.local/lib/python3.8/site-packages/airflow/example_dags/example_nested_branch_dag.py took 0.129 seconds
[2024-03-06T22:27:55.610+0000] {processor.py:161} INFO - Started process (PID=1162) to work on /home/airflow/.local/lib/python3.8/site-packages/airflow/example_dags/example_nested_branch_dag.py
[2024-03-06T22:27:55.611+0000] {processor.py:830} INFO - Processing file /home/airflow/.local/lib/python3.8/site-packages/airflow/example_dags/example_nested_branch_dag.py for tasks to queue
[2024-03-06T22:27:55.613+0000] {logging_mixin.py:188} INFO - [2024-03-06T22:27:55.613+0000] {dagbag.py:540} INFO - Filling up the DagBag from /home/airflow/.local/lib/python3.8/site-packages/airflow/example_dags/example_nested_branch_dag.py
[2024-03-06T22:27:55.628+0000] {processor.py:840} INFO - DAG(s) 'example_nested_branch_dag' retrieved from /home/airflow/.local/lib/python3.8/site-packages/airflow/example_dags/example_nested_branch_dag.py
[2024-03-06T22:27:55.658+0000] {logging_mixin.py:188} INFO - [2024-03-06T22:27:55.658+0000] {dag.py:3047} INFO - Sync 1 DAGs
[2024-03-06T22:27:55.689+0000] {logging_mixin.py:188} INFO - [2024-03-06T22:27:55.688+0000] {dag.py:3834} INFO - Setting next_dagrun for example_nested_branch_dag to 2024-03-05 00:00:00+00:00, run_after=2024-03-06 00:00:00+00:00
[2024-03-06T22:27:55.714+0000] {processor.py:183} INFO - Processing /home/airflow/.local/lib/python3.8/site-packages/airflow/example_dags/example_nested_branch_dag.py took 0.110 seconds
[2024-03-06T22:28:25.823+0000] {processor.py:161} INFO - Started process (PID=1218) to work on /home/airflow/.local/lib/python3.8/site-packages/airflow/example_dags/example_nested_branch_dag.py
[2024-03-06T22:28:25.825+0000] {processor.py:830} INFO - Processing file /home/airflow/.local/lib/python3.8/site-packages/airflow/example_dags/example_nested_branch_dag.py for tasks to queue
[2024-03-06T22:28:25.829+0000] {logging_mixin.py:188} INFO - [2024-03-06T22:28:25.829+0000] {dagbag.py:540} INFO - Filling up the DagBag from /home/airflow/.local/lib/python3.8/site-packages/airflow/example_dags/example_nested_branch_dag.py
[2024-03-06T22:28:25.846+0000] {processor.py:840} INFO - DAG(s) 'example_nested_branch_dag' retrieved from /home/airflow/.local/lib/python3.8/site-packages/airflow/example_dags/example_nested_branch_dag.py
[2024-03-06T22:28:25.885+0000] {logging_mixin.py:188} INFO - [2024-03-06T22:28:25.884+0000] {dag.py:3047} INFO - Sync 1 DAGs
[2024-03-06T22:28:25.920+0000] {logging_mixin.py:188} INFO - [2024-03-06T22:28:25.919+0000] {dag.py:3834} INFO - Setting next_dagrun for example_nested_branch_dag to 2024-03-05 00:00:00+00:00, run_after=2024-03-06 00:00:00+00:00
[2024-03-06T22:28:25.949+0000] {processor.py:183} INFO - Processing /home/airflow/.local/lib/python3.8/site-packages/airflow/example_dags/example_nested_branch_dag.py took 0.131 seconds
[2024-03-06T22:28:56.121+0000] {processor.py:161} INFO - Started process (PID=1272) to work on /home/airflow/.local/lib/python3.8/site-packages/airflow/example_dags/example_nested_branch_dag.py
[2024-03-06T22:28:56.123+0000] {processor.py:830} INFO - Processing file /home/airflow/.local/lib/python3.8/site-packages/airflow/example_dags/example_nested_branch_dag.py for tasks to queue
[2024-03-06T22:28:56.126+0000] {logging_mixin.py:188} INFO - [2024-03-06T22:28:56.125+0000] {dagbag.py:540} INFO - Filling up the DagBag from /home/airflow/.local/lib/python3.8/site-packages/airflow/example_dags/example_nested_branch_dag.py
[2024-03-06T22:28:56.141+0000] {processor.py:840} INFO - DAG(s) 'example_nested_branch_dag' retrieved from /home/airflow/.local/lib/python3.8/site-packages/airflow/example_dags/example_nested_branch_dag.py
[2024-03-06T22:28:56.171+0000] {logging_mixin.py:188} INFO - [2024-03-06T22:28:56.170+0000] {dag.py:3047} INFO - Sync 1 DAGs
[2024-03-06T22:28:56.204+0000] {logging_mixin.py:188} INFO - [2024-03-06T22:28:56.203+0000] {dag.py:3834} INFO - Setting next_dagrun for example_nested_branch_dag to 2024-03-05 00:00:00+00:00, run_after=2024-03-06 00:00:00+00:00
[2024-03-06T22:28:56.231+0000] {processor.py:183} INFO - Processing /home/airflow/.local/lib/python3.8/site-packages/airflow/example_dags/example_nested_branch_dag.py took 0.114 seconds
[2024-03-06T22:29:27.091+0000] {processor.py:161} INFO - Started process (PID=1327) to work on /home/airflow/.local/lib/python3.8/site-packages/airflow/example_dags/example_nested_branch_dag.py
[2024-03-06T22:29:27.095+0000] {processor.py:830} INFO - Processing file /home/airflow/.local/lib/python3.8/site-packages/airflow/example_dags/example_nested_branch_dag.py for tasks to queue
[2024-03-06T22:29:27.099+0000] {logging_mixin.py:188} INFO - [2024-03-06T22:29:27.099+0000] {dagbag.py:540} INFO - Filling up the DagBag from /home/airflow/.local/lib/python3.8/site-packages/airflow/example_dags/example_nested_branch_dag.py
[2024-03-06T22:29:27.112+0000] {processor.py:840} INFO - DAG(s) 'example_nested_branch_dag' retrieved from /home/airflow/.local/lib/python3.8/site-packages/airflow/example_dags/example_nested_branch_dag.py
[2024-03-06T22:29:27.150+0000] {logging_mixin.py:188} INFO - [2024-03-06T22:29:27.149+0000] {dag.py:3047} INFO - Sync 1 DAGs
[2024-03-06T22:29:27.184+0000] {logging_mixin.py:188} INFO - [2024-03-06T22:29:27.183+0000] {dag.py:3834} INFO - Setting next_dagrun for example_nested_branch_dag to 2024-03-05 00:00:00+00:00, run_after=2024-03-06 00:00:00+00:00
[2024-03-06T22:29:27.210+0000] {processor.py:183} INFO - Processing /home/airflow/.local/lib/python3.8/site-packages/airflow/example_dags/example_nested_branch_dag.py took 0.124 seconds
[2024-03-06T22:29:57.517+0000] {processor.py:161} INFO - Started process (PID=1382) to work on /home/airflow/.local/lib/python3.8/site-packages/airflow/example_dags/example_nested_branch_dag.py
[2024-03-06T22:29:57.520+0000] {processor.py:830} INFO - Processing file /home/airflow/.local/lib/python3.8/site-packages/airflow/example_dags/example_nested_branch_dag.py for tasks to queue
[2024-03-06T22:29:57.523+0000] {logging_mixin.py:188} INFO - [2024-03-06T22:29:57.522+0000] {dagbag.py:540} INFO - Filling up the DagBag from /home/airflow/.local/lib/python3.8/site-packages/airflow/example_dags/example_nested_branch_dag.py
[2024-03-06T22:29:57.546+0000] {processor.py:840} INFO - DAG(s) 'example_nested_branch_dag' retrieved from /home/airflow/.local/lib/python3.8/site-packages/airflow/example_dags/example_nested_branch_dag.py
[2024-03-06T22:29:57.587+0000] {logging_mixin.py:188} INFO - [2024-03-06T22:29:57.586+0000] {dag.py:3047} INFO - Sync 1 DAGs
[2024-03-06T22:29:57.629+0000] {logging_mixin.py:188} INFO - [2024-03-06T22:29:57.629+0000] {dag.py:3834} INFO - Setting next_dagrun for example_nested_branch_dag to 2024-03-05 00:00:00+00:00, run_after=2024-03-06 00:00:00+00:00
[2024-03-06T22:29:57.666+0000] {processor.py:183} INFO - Processing /home/airflow/.local/lib/python3.8/site-packages/airflow/example_dags/example_nested_branch_dag.py took 0.156 seconds
[2024-03-06T22:30:27.695+0000] {processor.py:161} INFO - Started process (PID=1436) to work on /home/airflow/.local/lib/python3.8/site-packages/airflow/example_dags/example_nested_branch_dag.py
[2024-03-06T22:30:27.696+0000] {processor.py:830} INFO - Processing file /home/airflow/.local/lib/python3.8/site-packages/airflow/example_dags/example_nested_branch_dag.py for tasks to queue
[2024-03-06T22:30:27.700+0000] {logging_mixin.py:188} INFO - [2024-03-06T22:30:27.699+0000] {dagbag.py:540} INFO - Filling up the DagBag from /home/airflow/.local/lib/python3.8/site-packages/airflow/example_dags/example_nested_branch_dag.py
[2024-03-06T22:30:27.714+0000] {processor.py:840} INFO - DAG(s) 'example_nested_branch_dag' retrieved from /home/airflow/.local/lib/python3.8/site-packages/airflow/example_dags/example_nested_branch_dag.py
[2024-03-06T22:30:27.742+0000] {logging_mixin.py:188} INFO - [2024-03-06T22:30:27.742+0000] {dag.py:3047} INFO - Sync 1 DAGs
[2024-03-06T22:30:27.770+0000] {logging_mixin.py:188} INFO - [2024-03-06T22:30:27.770+0000] {dag.py:3834} INFO - Setting next_dagrun for example_nested_branch_dag to 2024-03-05 00:00:00+00:00, run_after=2024-03-06 00:00:00+00:00
[2024-03-06T22:30:27.796+0000] {processor.py:183} INFO - Processing /home/airflow/.local/lib/python3.8/site-packages/airflow/example_dags/example_nested_branch_dag.py took 0.106 seconds
[2024-03-06T22:30:58.274+0000] {processor.py:161} INFO - Started process (PID=1491) to work on /home/airflow/.local/lib/python3.8/site-packages/airflow/example_dags/example_nested_branch_dag.py
[2024-03-06T22:30:58.276+0000] {processor.py:830} INFO - Processing file /home/airflow/.local/lib/python3.8/site-packages/airflow/example_dags/example_nested_branch_dag.py for tasks to queue
[2024-03-06T22:30:58.279+0000] {logging_mixin.py:188} INFO - [2024-03-06T22:30:58.278+0000] {dagbag.py:540} INFO - Filling up the DagBag from /home/airflow/.local/lib/python3.8/site-packages/airflow/example_dags/example_nested_branch_dag.py
[2024-03-06T22:30:58.293+0000] {processor.py:840} INFO - DAG(s) 'example_nested_branch_dag' retrieved from /home/airflow/.local/lib/python3.8/site-packages/airflow/example_dags/example_nested_branch_dag.py
[2024-03-06T22:30:58.322+0000] {logging_mixin.py:188} INFO - [2024-03-06T22:30:58.322+0000] {dag.py:3047} INFO - Sync 1 DAGs
[2024-03-06T22:30:58.350+0000] {logging_mixin.py:188} INFO - [2024-03-06T22:30:58.350+0000] {dag.py:3834} INFO - Setting next_dagrun for example_nested_branch_dag to 2024-03-05 00:00:00+00:00, run_after=2024-03-06 00:00:00+00:00
[2024-03-06T22:30:58.382+0000] {processor.py:183} INFO - Processing /home/airflow/.local/lib/python3.8/site-packages/airflow/example_dags/example_nested_branch_dag.py took 0.113 seconds
[2024-03-06T22:31:29.035+0000] {processor.py:161} INFO - Started process (PID=1546) to work on /home/airflow/.local/lib/python3.8/site-packages/airflow/example_dags/example_nested_branch_dag.py
[2024-03-06T22:31:29.038+0000] {processor.py:830} INFO - Processing file /home/airflow/.local/lib/python3.8/site-packages/airflow/example_dags/example_nested_branch_dag.py for tasks to queue
[2024-03-06T22:31:29.041+0000] {logging_mixin.py:188} INFO - [2024-03-06T22:31:29.040+0000] {dagbag.py:540} INFO - Filling up the DagBag from /home/airflow/.local/lib/python3.8/site-packages/airflow/example_dags/example_nested_branch_dag.py
[2024-03-06T22:31:29.053+0000] {processor.py:840} INFO - DAG(s) 'example_nested_branch_dag' retrieved from /home/airflow/.local/lib/python3.8/site-packages/airflow/example_dags/example_nested_branch_dag.py
[2024-03-06T22:31:29.084+0000] {logging_mixin.py:188} INFO - [2024-03-06T22:31:29.083+0000] {dag.py:3047} INFO - Sync 1 DAGs
[2024-03-06T22:31:29.112+0000] {logging_mixin.py:188} INFO - [2024-03-06T22:31:29.112+0000] {dag.py:3834} INFO - Setting next_dagrun for example_nested_branch_dag to 2024-03-05 00:00:00+00:00, run_after=2024-03-06 00:00:00+00:00
[2024-03-06T22:31:29.141+0000] {processor.py:183} INFO - Processing /home/airflow/.local/lib/python3.8/site-packages/airflow/example_dags/example_nested_branch_dag.py took 0.110 seconds
[2024-03-06T22:31:59.311+0000] {processor.py:161} INFO - Started process (PID=1601) to work on /home/airflow/.local/lib/python3.8/site-packages/airflow/example_dags/example_nested_branch_dag.py
[2024-03-06T22:31:59.312+0000] {processor.py:830} INFO - Processing file /home/airflow/.local/lib/python3.8/site-packages/airflow/example_dags/example_nested_branch_dag.py for tasks to queue
[2024-03-06T22:31:59.315+0000] {logging_mixin.py:188} INFO - [2024-03-06T22:31:59.314+0000] {dagbag.py:540} INFO - Filling up the DagBag from /home/airflow/.local/lib/python3.8/site-packages/airflow/example_dags/example_nested_branch_dag.py
[2024-03-06T22:31:59.328+0000] {processor.py:840} INFO - DAG(s) 'example_nested_branch_dag' retrieved from /home/airflow/.local/lib/python3.8/site-packages/airflow/example_dags/example_nested_branch_dag.py
[2024-03-06T22:31:59.356+0000] {logging_mixin.py:188} INFO - [2024-03-06T22:31:59.356+0000] {dag.py:3047} INFO - Sync 1 DAGs
[2024-03-06T22:31:59.385+0000] {logging_mixin.py:188} INFO - [2024-03-06T22:31:59.384+0000] {dag.py:3834} INFO - Setting next_dagrun for example_nested_branch_dag to 2024-03-05 00:00:00+00:00, run_after=2024-03-06 00:00:00+00:00
[2024-03-06T22:31:59.412+0000] {processor.py:183} INFO - Processing /home/airflow/.local/lib/python3.8/site-packages/airflow/example_dags/example_nested_branch_dag.py took 0.106 seconds
[2024-03-06T22:32:29.731+0000] {processor.py:161} INFO - Started process (PID=1655) to work on /home/airflow/.local/lib/python3.8/site-packages/airflow/example_dags/example_nested_branch_dag.py
[2024-03-06T22:32:29.733+0000] {processor.py:830} INFO - Processing file /home/airflow/.local/lib/python3.8/site-packages/airflow/example_dags/example_nested_branch_dag.py for tasks to queue
[2024-03-06T22:32:29.736+0000] {logging_mixin.py:188} INFO - [2024-03-06T22:32:29.735+0000] {dagbag.py:540} INFO - Filling up the DagBag from /home/airflow/.local/lib/python3.8/site-packages/airflow/example_dags/example_nested_branch_dag.py
[2024-03-06T22:32:29.755+0000] {processor.py:840} INFO - DAG(s) 'example_nested_branch_dag' retrieved from /home/airflow/.local/lib/python3.8/site-packages/airflow/example_dags/example_nested_branch_dag.py
[2024-03-06T22:32:29.790+0000] {logging_mixin.py:188} INFO - [2024-03-06T22:32:29.790+0000] {dag.py:3047} INFO - Sync 1 DAGs
[2024-03-06T22:32:29.818+0000] {logging_mixin.py:188} INFO - [2024-03-06T22:32:29.818+0000] {dag.py:3834} INFO - Setting next_dagrun for example_nested_branch_dag to 2024-03-05 00:00:00+00:00, run_after=2024-03-06 00:00:00+00:00
[2024-03-06T22:32:29.847+0000] {processor.py:183} INFO - Processing /home/airflow/.local/lib/python3.8/site-packages/airflow/example_dags/example_nested_branch_dag.py took 0.121 seconds
[2024-03-06T22:33:00.145+0000] {processor.py:161} INFO - Started process (PID=1710) to work on /home/airflow/.local/lib/python3.8/site-packages/airflow/example_dags/example_nested_branch_dag.py
[2024-03-06T22:33:00.146+0000] {processor.py:830} INFO - Processing file /home/airflow/.local/lib/python3.8/site-packages/airflow/example_dags/example_nested_branch_dag.py for tasks to queue
[2024-03-06T22:33:00.148+0000] {logging_mixin.py:188} INFO - [2024-03-06T22:33:00.148+0000] {dagbag.py:540} INFO - Filling up the DagBag from /home/airflow/.local/lib/python3.8/site-packages/airflow/example_dags/example_nested_branch_dag.py
[2024-03-06T22:33:00.162+0000] {processor.py:840} INFO - DAG(s) 'example_nested_branch_dag' retrieved from /home/airflow/.local/lib/python3.8/site-packages/airflow/example_dags/example_nested_branch_dag.py
[2024-03-06T22:33:00.191+0000] {logging_mixin.py:188} INFO - [2024-03-06T22:33:00.190+0000] {dag.py:3047} INFO - Sync 1 DAGs
[2024-03-06T22:33:00.220+0000] {logging_mixin.py:188} INFO - [2024-03-06T22:33:00.219+0000] {dag.py:3834} INFO - Setting next_dagrun for example_nested_branch_dag to 2024-03-05 00:00:00+00:00, run_after=2024-03-06 00:00:00+00:00
[2024-03-06T22:33:00.245+0000] {processor.py:183} INFO - Processing /home/airflow/.local/lib/python3.8/site-packages/airflow/example_dags/example_nested_branch_dag.py took 0.105 seconds
[2024-03-06T22:33:30.857+0000] {processor.py:161} INFO - Started process (PID=1771) to work on /home/airflow/.local/lib/python3.8/site-packages/airflow/example_dags/example_nested_branch_dag.py
[2024-03-06T22:33:30.859+0000] {processor.py:830} INFO - Processing file /home/airflow/.local/lib/python3.8/site-packages/airflow/example_dags/example_nested_branch_dag.py for tasks to queue
[2024-03-06T22:33:30.861+0000] {logging_mixin.py:188} INFO - [2024-03-06T22:33:30.861+0000] {dagbag.py:540} INFO - Filling up the DagBag from /home/airflow/.local/lib/python3.8/site-packages/airflow/example_dags/example_nested_branch_dag.py
[2024-03-06T22:33:30.876+0000] {processor.py:840} INFO - DAG(s) 'example_nested_branch_dag' retrieved from /home/airflow/.local/lib/python3.8/site-packages/airflow/example_dags/example_nested_branch_dag.py
[2024-03-06T22:33:30.905+0000] {logging_mixin.py:188} INFO - [2024-03-06T22:33:30.905+0000] {dag.py:3047} INFO - Sync 1 DAGs
[2024-03-06T22:33:30.934+0000] {logging_mixin.py:188} INFO - [2024-03-06T22:33:30.933+0000] {dag.py:3834} INFO - Setting next_dagrun for example_nested_branch_dag to 2024-03-05 00:00:00+00:00, run_after=2024-03-06 00:00:00+00:00
[2024-03-06T22:33:30.959+0000] {processor.py:183} INFO - Processing /home/airflow/.local/lib/python3.8/site-packages/airflow/example_dags/example_nested_branch_dag.py took 0.107 seconds
[2024-03-06T22:34:01.108+0000] {processor.py:161} INFO - Started process (PID=1826) to work on /home/airflow/.local/lib/python3.8/site-packages/airflow/example_dags/example_nested_branch_dag.py
[2024-03-06T22:34:01.110+0000] {processor.py:830} INFO - Processing file /home/airflow/.local/lib/python3.8/site-packages/airflow/example_dags/example_nested_branch_dag.py for tasks to queue
[2024-03-06T22:34:01.112+0000] {logging_mixin.py:188} INFO - [2024-03-06T22:34:01.112+0000] {dagbag.py:540} INFO - Filling up the DagBag from /home/airflow/.local/lib/python3.8/site-packages/airflow/example_dags/example_nested_branch_dag.py
[2024-03-06T22:34:01.130+0000] {processor.py:840} INFO - DAG(s) 'example_nested_branch_dag' retrieved from /home/airflow/.local/lib/python3.8/site-packages/airflow/example_dags/example_nested_branch_dag.py
[2024-03-06T22:34:01.162+0000] {logging_mixin.py:188} INFO - [2024-03-06T22:34:01.162+0000] {dag.py:3047} INFO - Sync 1 DAGs
[2024-03-06T22:34:01.192+0000] {logging_mixin.py:188} INFO - [2024-03-06T22:34:01.192+0000] {dag.py:3834} INFO - Setting next_dagrun for example_nested_branch_dag to 2024-03-05 00:00:00+00:00, run_after=2024-03-06 00:00:00+00:00
[2024-03-06T22:34:01.217+0000] {processor.py:183} INFO - Processing /home/airflow/.local/lib/python3.8/site-packages/airflow/example_dags/example_nested_branch_dag.py took 0.114 seconds
[2024-03-06T22:34:31.461+0000] {processor.py:161} INFO - Started process (PID=1881) to work on /home/airflow/.local/lib/python3.8/site-packages/airflow/example_dags/example_nested_branch_dag.py
[2024-03-06T22:34:31.463+0000] {processor.py:830} INFO - Processing file /home/airflow/.local/lib/python3.8/site-packages/airflow/example_dags/example_nested_branch_dag.py for tasks to queue
[2024-03-06T22:34:31.466+0000] {logging_mixin.py:188} INFO - [2024-03-06T22:34:31.465+0000] {dagbag.py:540} INFO - Filling up the DagBag from /home/airflow/.local/lib/python3.8/site-packages/airflow/example_dags/example_nested_branch_dag.py
[2024-03-06T22:34:31.481+0000] {processor.py:840} INFO - DAG(s) 'example_nested_branch_dag' retrieved from /home/airflow/.local/lib/python3.8/site-packages/airflow/example_dags/example_nested_branch_dag.py
[2024-03-06T22:34:31.510+0000] {logging_mixin.py:188} INFO - [2024-03-06T22:34:31.510+0000] {dag.py:3047} INFO - Sync 1 DAGs
[2024-03-06T22:34:31.541+0000] {logging_mixin.py:188} INFO - [2024-03-06T22:34:31.541+0000] {dag.py:3834} INFO - Setting next_dagrun for example_nested_branch_dag to 2024-03-05 00:00:00+00:00, run_after=2024-03-06 00:00:00+00:00
[2024-03-06T22:34:31.567+0000] {processor.py:183} INFO - Processing /home/airflow/.local/lib/python3.8/site-packages/airflow/example_dags/example_nested_branch_dag.py took 0.110 seconds
[2024-03-06T22:35:02.066+0000] {processor.py:161} INFO - Started process (PID=1936) to work on /home/airflow/.local/lib/python3.8/site-packages/airflow/example_dags/example_nested_branch_dag.py
[2024-03-06T22:35:02.068+0000] {processor.py:830} INFO - Processing file /home/airflow/.local/lib/python3.8/site-packages/airflow/example_dags/example_nested_branch_dag.py for tasks to queue
[2024-03-06T22:35:02.072+0000] {logging_mixin.py:188} INFO - [2024-03-06T22:35:02.072+0000] {dagbag.py:540} INFO - Filling up the DagBag from /home/airflow/.local/lib/python3.8/site-packages/airflow/example_dags/example_nested_branch_dag.py
[2024-03-06T22:35:02.090+0000] {processor.py:840} INFO - DAG(s) 'example_nested_branch_dag' retrieved from /home/airflow/.local/lib/python3.8/site-packages/airflow/example_dags/example_nested_branch_dag.py
[2024-03-06T22:35:02.136+0000] {logging_mixin.py:188} INFO - [2024-03-06T22:35:02.136+0000] {dag.py:3047} INFO - Sync 1 DAGs
[2024-03-06T22:35:02.176+0000] {logging_mixin.py:188} INFO - [2024-03-06T22:35:02.175+0000] {dag.py:3834} INFO - Setting next_dagrun for example_nested_branch_dag to 2024-03-05 00:00:00+00:00, run_after=2024-03-06 00:00:00+00:00
[2024-03-06T22:35:02.210+0000] {processor.py:183} INFO - Processing /home/airflow/.local/lib/python3.8/site-packages/airflow/example_dags/example_nested_branch_dag.py took 0.151 seconds
[2024-03-06T22:35:32.249+0000] {processor.py:161} INFO - Started process (PID=1991) to work on /home/airflow/.local/lib/python3.8/site-packages/airflow/example_dags/example_nested_branch_dag.py
[2024-03-06T22:35:32.250+0000] {processor.py:830} INFO - Processing file /home/airflow/.local/lib/python3.8/site-packages/airflow/example_dags/example_nested_branch_dag.py for tasks to queue
[2024-03-06T22:35:32.254+0000] {logging_mixin.py:188} INFO - [2024-03-06T22:35:32.254+0000] {dagbag.py:540} INFO - Filling up the DagBag from /home/airflow/.local/lib/python3.8/site-packages/airflow/example_dags/example_nested_branch_dag.py
[2024-03-06T22:35:32.271+0000] {processor.py:840} INFO - DAG(s) 'example_nested_branch_dag' retrieved from /home/airflow/.local/lib/python3.8/site-packages/airflow/example_dags/example_nested_branch_dag.py
[2024-03-06T22:35:32.310+0000] {logging_mixin.py:188} INFO - [2024-03-06T22:35:32.309+0000] {dag.py:3047} INFO - Sync 1 DAGs
[2024-03-06T22:35:32.356+0000] {logging_mixin.py:188} INFO - [2024-03-06T22:35:32.356+0000] {dag.py:3834} INFO - Setting next_dagrun for example_nested_branch_dag to 2024-03-05 00:00:00+00:00, run_after=2024-03-06 00:00:00+00:00
[2024-03-06T22:35:32.413+0000] {processor.py:183} INFO - Processing /home/airflow/.local/lib/python3.8/site-packages/airflow/example_dags/example_nested_branch_dag.py took 0.169 seconds
[2024-03-06T22:36:02.519+0000] {processor.py:161} INFO - Started process (PID=2046) to work on /home/airflow/.local/lib/python3.8/site-packages/airflow/example_dags/example_nested_branch_dag.py
[2024-03-06T22:36:02.521+0000] {processor.py:830} INFO - Processing file /home/airflow/.local/lib/python3.8/site-packages/airflow/example_dags/example_nested_branch_dag.py for tasks to queue
[2024-03-06T22:36:02.524+0000] {logging_mixin.py:188} INFO - [2024-03-06T22:36:02.523+0000] {dagbag.py:540} INFO - Filling up the DagBag from /home/airflow/.local/lib/python3.8/site-packages/airflow/example_dags/example_nested_branch_dag.py
[2024-03-06T22:36:02.541+0000] {processor.py:840} INFO - DAG(s) 'example_nested_branch_dag' retrieved from /home/airflow/.local/lib/python3.8/site-packages/airflow/example_dags/example_nested_branch_dag.py
[2024-03-06T22:36:02.578+0000] {logging_mixin.py:188} INFO - [2024-03-06T22:36:02.577+0000] {dag.py:3047} INFO - Sync 1 DAGs
[2024-03-06T22:36:02.606+0000] {logging_mixin.py:188} INFO - [2024-03-06T22:36:02.606+0000] {dag.py:3834} INFO - Setting next_dagrun for example_nested_branch_dag to 2024-03-05 00:00:00+00:00, run_after=2024-03-06 00:00:00+00:00
[2024-03-06T22:36:02.631+0000] {processor.py:183} INFO - Processing /home/airflow/.local/lib/python3.8/site-packages/airflow/example_dags/example_nested_branch_dag.py took 0.118 seconds
[2024-03-06T22:36:32.828+0000] {processor.py:161} INFO - Started process (PID=2101) to work on /home/airflow/.local/lib/python3.8/site-packages/airflow/example_dags/example_nested_branch_dag.py
[2024-03-06T22:36:32.830+0000] {processor.py:830} INFO - Processing file /home/airflow/.local/lib/python3.8/site-packages/airflow/example_dags/example_nested_branch_dag.py for tasks to queue
[2024-03-06T22:36:32.833+0000] {logging_mixin.py:188} INFO - [2024-03-06T22:36:32.832+0000] {dagbag.py:540} INFO - Filling up the DagBag from /home/airflow/.local/lib/python3.8/site-packages/airflow/example_dags/example_nested_branch_dag.py
[2024-03-06T22:36:32.846+0000] {processor.py:840} INFO - DAG(s) 'example_nested_branch_dag' retrieved from /home/airflow/.local/lib/python3.8/site-packages/airflow/example_dags/example_nested_branch_dag.py
[2024-03-06T22:36:32.875+0000] {logging_mixin.py:188} INFO - [2024-03-06T22:36:32.874+0000] {dag.py:3047} INFO - Sync 1 DAGs
[2024-03-06T22:36:32.903+0000] {logging_mixin.py:188} INFO - [2024-03-06T22:36:32.903+0000] {dag.py:3834} INFO - Setting next_dagrun for example_nested_branch_dag to 2024-03-05 00:00:00+00:00, run_after=2024-03-06 00:00:00+00:00
[2024-03-06T22:36:32.927+0000] {processor.py:183} INFO - Processing /home/airflow/.local/lib/python3.8/site-packages/airflow/example_dags/example_nested_branch_dag.py took 0.103 seconds
[2024-03-06T22:37:03.182+0000] {processor.py:161} INFO - Started process (PID=2156) to work on /home/airflow/.local/lib/python3.8/site-packages/airflow/example_dags/example_nested_branch_dag.py
[2024-03-06T22:37:03.184+0000] {processor.py:830} INFO - Processing file /home/airflow/.local/lib/python3.8/site-packages/airflow/example_dags/example_nested_branch_dag.py for tasks to queue
[2024-03-06T22:37:03.195+0000] {logging_mixin.py:188} INFO - [2024-03-06T22:37:03.194+0000] {dagbag.py:540} INFO - Filling up the DagBag from /home/airflow/.local/lib/python3.8/site-packages/airflow/example_dags/example_nested_branch_dag.py
[2024-03-06T22:37:03.258+0000] {processor.py:840} INFO - DAG(s) 'example_nested_branch_dag' retrieved from /home/airflow/.local/lib/python3.8/site-packages/airflow/example_dags/example_nested_branch_dag.py
[2024-03-06T22:37:03.300+0000] {logging_mixin.py:188} INFO - [2024-03-06T22:37:03.300+0000] {dag.py:3047} INFO - Sync 1 DAGs
[2024-03-06T22:37:03.329+0000] {logging_mixin.py:188} INFO - [2024-03-06T22:37:03.329+0000] {dag.py:3834} INFO - Setting next_dagrun for example_nested_branch_dag to 2024-03-05 00:00:00+00:00, run_after=2024-03-06 00:00:00+00:00
[2024-03-06T22:37:03.358+0000] {processor.py:183} INFO - Processing /home/airflow/.local/lib/python3.8/site-packages/airflow/example_dags/example_nested_branch_dag.py took 0.185 seconds
[2024-03-06T22:37:33.471+0000] {processor.py:161} INFO - Started process (PID=2211) to work on /home/airflow/.local/lib/python3.8/site-packages/airflow/example_dags/example_nested_branch_dag.py
[2024-03-06T22:37:33.472+0000] {processor.py:830} INFO - Processing file /home/airflow/.local/lib/python3.8/site-packages/airflow/example_dags/example_nested_branch_dag.py for tasks to queue
[2024-03-06T22:37:33.476+0000] {logging_mixin.py:188} INFO - [2024-03-06T22:37:33.475+0000] {dagbag.py:540} INFO - Filling up the DagBag from /home/airflow/.local/lib/python3.8/site-packages/airflow/example_dags/example_nested_branch_dag.py
[2024-03-06T22:37:33.491+0000] {processor.py:840} INFO - DAG(s) 'example_nested_branch_dag' retrieved from /home/airflow/.local/lib/python3.8/site-packages/airflow/example_dags/example_nested_branch_dag.py
[2024-03-06T22:37:33.524+0000] {logging_mixin.py:188} INFO - [2024-03-06T22:37:33.524+0000] {dag.py:3047} INFO - Sync 1 DAGs
[2024-03-06T22:37:33.558+0000] {logging_mixin.py:188} INFO - [2024-03-06T22:37:33.558+0000] {dag.py:3834} INFO - Setting next_dagrun for example_nested_branch_dag to 2024-03-05 00:00:00+00:00, run_after=2024-03-06 00:00:00+00:00
[2024-03-06T22:37:33.588+0000] {processor.py:183} INFO - Processing /home/airflow/.local/lib/python3.8/site-packages/airflow/example_dags/example_nested_branch_dag.py took 0.123 seconds
[2024-03-06T22:38:03.793+0000] {processor.py:161} INFO - Started process (PID=2266) to work on /home/airflow/.local/lib/python3.8/site-packages/airflow/example_dags/example_nested_branch_dag.py
[2024-03-06T22:38:03.795+0000] {processor.py:830} INFO - Processing file /home/airflow/.local/lib/python3.8/site-packages/airflow/example_dags/example_nested_branch_dag.py for tasks to queue
[2024-03-06T22:38:03.798+0000] {logging_mixin.py:188} INFO - [2024-03-06T22:38:03.797+0000] {dagbag.py:540} INFO - Filling up the DagBag from /home/airflow/.local/lib/python3.8/site-packages/airflow/example_dags/example_nested_branch_dag.py
[2024-03-06T22:38:03.812+0000] {processor.py:840} INFO - DAG(s) 'example_nested_branch_dag' retrieved from /home/airflow/.local/lib/python3.8/site-packages/airflow/example_dags/example_nested_branch_dag.py
[2024-03-06T22:38:03.845+0000] {logging_mixin.py:188} INFO - [2024-03-06T22:38:03.845+0000] {dag.py:3047} INFO - Sync 1 DAGs
[2024-03-06T22:38:03.874+0000] {logging_mixin.py:188} INFO - [2024-03-06T22:38:03.874+0000] {dag.py:3834} INFO - Setting next_dagrun for example_nested_branch_dag to 2024-03-05 00:00:00+00:00, run_after=2024-03-06 00:00:00+00:00
[2024-03-06T22:38:03.901+0000] {processor.py:183} INFO - Processing /home/airflow/.local/lib/python3.8/site-packages/airflow/example_dags/example_nested_branch_dag.py took 0.114 seconds
[2024-03-06T22:38:34.029+0000] {processor.py:161} INFO - Started process (PID=2321) to work on /home/airflow/.local/lib/python3.8/site-packages/airflow/example_dags/example_nested_branch_dag.py
[2024-03-06T22:38:34.031+0000] {processor.py:830} INFO - Processing file /home/airflow/.local/lib/python3.8/site-packages/airflow/example_dags/example_nested_branch_dag.py for tasks to queue
[2024-03-06T22:38:34.034+0000] {logging_mixin.py:188} INFO - [2024-03-06T22:38:34.033+0000] {dagbag.py:540} INFO - Filling up the DagBag from /home/airflow/.local/lib/python3.8/site-packages/airflow/example_dags/example_nested_branch_dag.py
[2024-03-06T22:38:34.049+0000] {processor.py:840} INFO - DAG(s) 'example_nested_branch_dag' retrieved from /home/airflow/.local/lib/python3.8/site-packages/airflow/example_dags/example_nested_branch_dag.py
[2024-03-06T22:38:34.090+0000] {logging_mixin.py:188} INFO - [2024-03-06T22:38:34.089+0000] {dag.py:3047} INFO - Sync 1 DAGs
[2024-03-06T22:38:34.127+0000] {logging_mixin.py:188} INFO - [2024-03-06T22:38:34.126+0000] {dag.py:3834} INFO - Setting next_dagrun for example_nested_branch_dag to 2024-03-05 00:00:00+00:00, run_after=2024-03-06 00:00:00+00:00
[2024-03-06T22:38:34.153+0000] {processor.py:183} INFO - Processing /home/airflow/.local/lib/python3.8/site-packages/airflow/example_dags/example_nested_branch_dag.py took 0.128 seconds
[2024-03-06T22:39:04.210+0000] {processor.py:161} INFO - Started process (PID=2376) to work on /home/airflow/.local/lib/python3.8/site-packages/airflow/example_dags/example_nested_branch_dag.py
[2024-03-06T22:39:04.212+0000] {processor.py:830} INFO - Processing file /home/airflow/.local/lib/python3.8/site-packages/airflow/example_dags/example_nested_branch_dag.py for tasks to queue
[2024-03-06T22:39:04.215+0000] {logging_mixin.py:188} INFO - [2024-03-06T22:39:04.214+0000] {dagbag.py:540} INFO - Filling up the DagBag from /home/airflow/.local/lib/python3.8/site-packages/airflow/example_dags/example_nested_branch_dag.py
[2024-03-06T22:39:04.232+0000] {processor.py:840} INFO - DAG(s) 'example_nested_branch_dag' retrieved from /home/airflow/.local/lib/python3.8/site-packages/airflow/example_dags/example_nested_branch_dag.py
[2024-03-06T22:39:04.268+0000] {logging_mixin.py:188} INFO - [2024-03-06T22:39:04.267+0000] {dag.py:3047} INFO - Sync 1 DAGs
[2024-03-06T22:39:04.303+0000] {logging_mixin.py:188} INFO - [2024-03-06T22:39:04.303+0000] {dag.py:3834} INFO - Setting next_dagrun for example_nested_branch_dag to 2024-03-05 00:00:00+00:00, run_after=2024-03-06 00:00:00+00:00
[2024-03-06T22:39:04.332+0000] {processor.py:183} INFO - Processing /home/airflow/.local/lib/python3.8/site-packages/airflow/example_dags/example_nested_branch_dag.py took 0.128 seconds
[2024-03-06T22:39:34.853+0000] {processor.py:161} INFO - Started process (PID=2430) to work on /home/airflow/.local/lib/python3.8/site-packages/airflow/example_dags/example_nested_branch_dag.py
[2024-03-06T22:39:34.855+0000] {processor.py:830} INFO - Processing file /home/airflow/.local/lib/python3.8/site-packages/airflow/example_dags/example_nested_branch_dag.py for tasks to queue
[2024-03-06T22:39:34.858+0000] {logging_mixin.py:188} INFO - [2024-03-06T22:39:34.858+0000] {dagbag.py:540} INFO - Filling up the DagBag from /home/airflow/.local/lib/python3.8/site-packages/airflow/example_dags/example_nested_branch_dag.py
[2024-03-06T22:39:34.870+0000] {processor.py:840} INFO - DAG(s) 'example_nested_branch_dag' retrieved from /home/airflow/.local/lib/python3.8/site-packages/airflow/example_dags/example_nested_branch_dag.py
[2024-03-06T22:39:34.902+0000] {logging_mixin.py:188} INFO - [2024-03-06T22:39:34.902+0000] {dag.py:3047} INFO - Sync 1 DAGs
[2024-03-06T22:39:34.933+0000] {logging_mixin.py:188} INFO - [2024-03-06T22:39:34.933+0000] {dag.py:3834} INFO - Setting next_dagrun for example_nested_branch_dag to 2024-03-05 00:00:00+00:00, run_after=2024-03-06 00:00:00+00:00
[2024-03-06T22:39:34.962+0000] {processor.py:183} INFO - Processing /home/airflow/.local/lib/python3.8/site-packages/airflow/example_dags/example_nested_branch_dag.py took 0.112 seconds
[2024-03-06T22:40:05.733+0000] {processor.py:161} INFO - Started process (PID=2486) to work on /home/airflow/.local/lib/python3.8/site-packages/airflow/example_dags/example_nested_branch_dag.py
[2024-03-06T22:40:05.735+0000] {processor.py:830} INFO - Processing file /home/airflow/.local/lib/python3.8/site-packages/airflow/example_dags/example_nested_branch_dag.py for tasks to queue
[2024-03-06T22:40:05.738+0000] {logging_mixin.py:188} INFO - [2024-03-06T22:40:05.738+0000] {dagbag.py:540} INFO - Filling up the DagBag from /home/airflow/.local/lib/python3.8/site-packages/airflow/example_dags/example_nested_branch_dag.py
[2024-03-06T22:40:05.752+0000] {processor.py:840} INFO - DAG(s) 'example_nested_branch_dag' retrieved from /home/airflow/.local/lib/python3.8/site-packages/airflow/example_dags/example_nested_branch_dag.py
[2024-03-06T22:40:05.779+0000] {logging_mixin.py:188} INFO - [2024-03-06T22:40:05.779+0000] {dag.py:3047} INFO - Sync 1 DAGs
[2024-03-06T22:40:05.808+0000] {logging_mixin.py:188} INFO - [2024-03-06T22:40:05.808+0000] {dag.py:3834} INFO - Setting next_dagrun for example_nested_branch_dag to 2024-03-05 00:00:00+00:00, run_after=2024-03-06 00:00:00+00:00
[2024-03-06T22:40:05.834+0000] {processor.py:183} INFO - Processing /home/airflow/.local/lib/python3.8/site-packages/airflow/example_dags/example_nested_branch_dag.py took 0.105 seconds
[2024-03-06T22:40:36.411+0000] {processor.py:161} INFO - Started process (PID=2541) to work on /home/airflow/.local/lib/python3.8/site-packages/airflow/example_dags/example_nested_branch_dag.py
[2024-03-06T22:40:36.412+0000] {processor.py:830} INFO - Processing file /home/airflow/.local/lib/python3.8/site-packages/airflow/example_dags/example_nested_branch_dag.py for tasks to queue
[2024-03-06T22:40:36.416+0000] {logging_mixin.py:188} INFO - [2024-03-06T22:40:36.415+0000] {dagbag.py:540} INFO - Filling up the DagBag from /home/airflow/.local/lib/python3.8/site-packages/airflow/example_dags/example_nested_branch_dag.py
[2024-03-06T22:40:36.433+0000] {processor.py:840} INFO - DAG(s) 'example_nested_branch_dag' retrieved from /home/airflow/.local/lib/python3.8/site-packages/airflow/example_dags/example_nested_branch_dag.py
[2024-03-06T22:40:36.602+0000] {logging_mixin.py:188} INFO - [2024-03-06T22:40:36.602+0000] {dag.py:3047} INFO - Sync 1 DAGs
[2024-03-06T22:40:36.654+0000] {logging_mixin.py:188} INFO - [2024-03-06T22:40:36.653+0000] {dag.py:3834} INFO - Setting next_dagrun for example_nested_branch_dag to 2024-03-05 00:00:00+00:00, run_after=2024-03-06 00:00:00+00:00
[2024-03-06T22:40:36.689+0000] {processor.py:183} INFO - Processing /home/airflow/.local/lib/python3.8/site-packages/airflow/example_dags/example_nested_branch_dag.py took 0.283 seconds
[2024-03-06T22:41:06.849+0000] {processor.py:161} INFO - Started process (PID=2596) to work on /home/airflow/.local/lib/python3.8/site-packages/airflow/example_dags/example_nested_branch_dag.py
[2024-03-06T22:41:06.852+0000] {processor.py:830} INFO - Processing file /home/airflow/.local/lib/python3.8/site-packages/airflow/example_dags/example_nested_branch_dag.py for tasks to queue
[2024-03-06T22:41:06.855+0000] {logging_mixin.py:188} INFO - [2024-03-06T22:41:06.854+0000] {dagbag.py:540} INFO - Filling up the DagBag from /home/airflow/.local/lib/python3.8/site-packages/airflow/example_dags/example_nested_branch_dag.py
[2024-03-06T22:41:06.868+0000] {processor.py:840} INFO - DAG(s) 'example_nested_branch_dag' retrieved from /home/airflow/.local/lib/python3.8/site-packages/airflow/example_dags/example_nested_branch_dag.py
[2024-03-06T22:41:06.898+0000] {logging_mixin.py:188} INFO - [2024-03-06T22:41:06.898+0000] {dag.py:3047} INFO - Sync 1 DAGs
[2024-03-06T22:41:06.926+0000] {logging_mixin.py:188} INFO - [2024-03-06T22:41:06.925+0000] {dag.py:3834} INFO - Setting next_dagrun for example_nested_branch_dag to 2024-03-05 00:00:00+00:00, run_after=2024-03-06 00:00:00+00:00
[2024-03-06T22:41:06.949+0000] {processor.py:183} INFO - Processing /home/airflow/.local/lib/python3.8/site-packages/airflow/example_dags/example_nested_branch_dag.py took 0.104 seconds
[2024-03-06T22:41:37.397+0000] {processor.py:161} INFO - Started process (PID=2649) to work on /home/airflow/.local/lib/python3.8/site-packages/airflow/example_dags/example_nested_branch_dag.py
[2024-03-06T22:41:37.399+0000] {processor.py:830} INFO - Processing file /home/airflow/.local/lib/python3.8/site-packages/airflow/example_dags/example_nested_branch_dag.py for tasks to queue
[2024-03-06T22:41:37.402+0000] {logging_mixin.py:188} INFO - [2024-03-06T22:41:37.401+0000] {dagbag.py:540} INFO - Filling up the DagBag from /home/airflow/.local/lib/python3.8/site-packages/airflow/example_dags/example_nested_branch_dag.py
[2024-03-06T22:41:37.417+0000] {processor.py:840} INFO - DAG(s) 'example_nested_branch_dag' retrieved from /home/airflow/.local/lib/python3.8/site-packages/airflow/example_dags/example_nested_branch_dag.py
[2024-03-06T22:41:37.450+0000] {logging_mixin.py:188} INFO - [2024-03-06T22:41:37.449+0000] {dag.py:3047} INFO - Sync 1 DAGs
[2024-03-06T22:41:37.485+0000] {logging_mixin.py:188} INFO - [2024-03-06T22:41:37.485+0000] {dag.py:3834} INFO - Setting next_dagrun for example_nested_branch_dag to 2024-03-05 00:00:00+00:00, run_after=2024-03-06 00:00:00+00:00
[2024-03-06T22:41:37.514+0000] {processor.py:183} INFO - Processing /home/airflow/.local/lib/python3.8/site-packages/airflow/example_dags/example_nested_branch_dag.py took 0.121 seconds
[2024-03-06T22:42:08.954+0000] {processor.py:161} INFO - Started process (PID=2704) to work on /home/airflow/.local/lib/python3.8/site-packages/airflow/example_dags/example_nested_branch_dag.py
[2024-03-06T22:42:08.956+0000] {processor.py:830} INFO - Processing file /home/airflow/.local/lib/python3.8/site-packages/airflow/example_dags/example_nested_branch_dag.py for tasks to queue
[2024-03-06T22:42:08.960+0000] {logging_mixin.py:188} INFO - [2024-03-06T22:42:08.959+0000] {dagbag.py:540} INFO - Filling up the DagBag from /home/airflow/.local/lib/python3.8/site-packages/airflow/example_dags/example_nested_branch_dag.py
[2024-03-06T22:42:09.000+0000] {processor.py:840} INFO - DAG(s) 'example_nested_branch_dag' retrieved from /home/airflow/.local/lib/python3.8/site-packages/airflow/example_dags/example_nested_branch_dag.py
[2024-03-06T22:42:09.099+0000] {logging_mixin.py:188} INFO - [2024-03-06T22:42:09.098+0000] {dag.py:3047} INFO - Sync 1 DAGs
[2024-03-06T22:42:09.184+0000] {logging_mixin.py:188} INFO - [2024-03-06T22:42:09.183+0000] {dag.py:3834} INFO - Setting next_dagrun for example_nested_branch_dag to 2024-03-05 00:00:00+00:00, run_after=2024-03-06 00:00:00+00:00
[2024-03-06T22:42:09.241+0000] {processor.py:183} INFO - Processing /home/airflow/.local/lib/python3.8/site-packages/airflow/example_dags/example_nested_branch_dag.py took 0.296 seconds
[2024-03-06T22:42:39.779+0000] {processor.py:161} INFO - Started process (PID=2758) to work on /home/airflow/.local/lib/python3.8/site-packages/airflow/example_dags/example_nested_branch_dag.py
[2024-03-06T22:42:39.781+0000] {processor.py:830} INFO - Processing file /home/airflow/.local/lib/python3.8/site-packages/airflow/example_dags/example_nested_branch_dag.py for tasks to queue
[2024-03-06T22:42:39.785+0000] {logging_mixin.py:188} INFO - [2024-03-06T22:42:39.784+0000] {dagbag.py:540} INFO - Filling up the DagBag from /home/airflow/.local/lib/python3.8/site-packages/airflow/example_dags/example_nested_branch_dag.py
[2024-03-06T22:42:39.802+0000] {processor.py:840} INFO - DAG(s) 'example_nested_branch_dag' retrieved from /home/airflow/.local/lib/python3.8/site-packages/airflow/example_dags/example_nested_branch_dag.py
[2024-03-06T22:42:39.838+0000] {logging_mixin.py:188} INFO - [2024-03-06T22:42:39.838+0000] {dag.py:3047} INFO - Sync 1 DAGs
[2024-03-06T22:42:39.878+0000] {logging_mixin.py:188} INFO - [2024-03-06T22:42:39.878+0000] {dag.py:3834} INFO - Setting next_dagrun for example_nested_branch_dag to 2024-03-05 00:00:00+00:00, run_after=2024-03-06 00:00:00+00:00
[2024-03-06T22:42:39.920+0000] {processor.py:183} INFO - Processing /home/airflow/.local/lib/python3.8/site-packages/airflow/example_dags/example_nested_branch_dag.py took 0.149 seconds
