[2024-03-06T22:17:38.611+0000] {processor.py:161} INFO - Started process (PID=46) to work on /home/airflow/.local/lib/python3.8/site-packages/airflow/example_dags/example_complex.py
[2024-03-06T22:17:38.626+0000] {processor.py:830} INFO - Processing file /home/airflow/.local/lib/python3.8/site-packages/airflow/example_dags/example_complex.py for tasks to queue
[2024-03-06T22:17:38.653+0000] {logging_mixin.py:188} INFO - [2024-03-06T22:17:38.652+0000] {dagbag.py:540} INFO - Filling up the DagBag from /home/airflow/.local/lib/python3.8/site-packages/airflow/example_dags/example_complex.py
[2024-03-06T22:17:38.755+0000] {processor.py:840} INFO - DAG(s) 'example_complex' retrieved from /home/airflow/.local/lib/python3.8/site-packages/airflow/example_dags/example_complex.py
[2024-03-06T22:17:39.479+0000] {logging_mixin.py:188} INFO - [2024-03-06T22:17:39.478+0000] {dag.py:3047} INFO - Sync 1 DAGs
[2024-03-06T22:17:39.511+0000] {logging_mixin.py:188} INFO - [2024-03-06T22:17:39.511+0000] {dag.py:3834} INFO - Setting next_dagrun for example_complex to None, run_after=None
[2024-03-06T22:17:39.603+0000] {processor.py:183} INFO - Processing /home/airflow/.local/lib/python3.8/site-packages/airflow/example_dags/example_complex.py took 1.017 seconds
[2024-03-06T22:18:10.232+0000] {processor.py:161} INFO - Started process (PID=101) to work on /home/airflow/.local/lib/python3.8/site-packages/airflow/example_dags/example_complex.py
[2024-03-06T22:18:10.245+0000] {processor.py:830} INFO - Processing file /home/airflow/.local/lib/python3.8/site-packages/airflow/example_dags/example_complex.py for tasks to queue
[2024-03-06T22:18:10.259+0000] {logging_mixin.py:188} INFO - [2024-03-06T22:18:10.258+0000] {dagbag.py:540} INFO - Filling up the DagBag from /home/airflow/.local/lib/python3.8/site-packages/airflow/example_dags/example_complex.py
[2024-03-06T22:18:10.308+0000] {processor.py:840} INFO - DAG(s) 'example_complex' retrieved from /home/airflow/.local/lib/python3.8/site-packages/airflow/example_dags/example_complex.py
[2024-03-06T22:18:10.434+0000] {logging_mixin.py:188} INFO - [2024-03-06T22:18:10.434+0000] {dag.py:3047} INFO - Sync 1 DAGs
[2024-03-06T22:18:10.482+0000] {logging_mixin.py:188} INFO - [2024-03-06T22:18:10.482+0000] {dag.py:3834} INFO - Setting next_dagrun for example_complex to None, run_after=None
[2024-03-06T22:18:10.550+0000] {processor.py:183} INFO - Processing /home/airflow/.local/lib/python3.8/site-packages/airflow/example_dags/example_complex.py took 0.340 seconds
[2024-03-06T22:18:41.094+0000] {processor.py:161} INFO - Started process (PID=156) to work on /home/airflow/.local/lib/python3.8/site-packages/airflow/example_dags/example_complex.py
[2024-03-06T22:18:41.095+0000] {processor.py:830} INFO - Processing file /home/airflow/.local/lib/python3.8/site-packages/airflow/example_dags/example_complex.py for tasks to queue
[2024-03-06T22:18:41.098+0000] {logging_mixin.py:188} INFO - [2024-03-06T22:18:41.098+0000] {dagbag.py:540} INFO - Filling up the DagBag from /home/airflow/.local/lib/python3.8/site-packages/airflow/example_dags/example_complex.py
[2024-03-06T22:18:41.116+0000] {processor.py:840} INFO - DAG(s) 'example_complex' retrieved from /home/airflow/.local/lib/python3.8/site-packages/airflow/example_dags/example_complex.py
[2024-03-06T22:18:41.166+0000] {logging_mixin.py:188} INFO - [2024-03-06T22:18:41.166+0000] {dag.py:3047} INFO - Sync 1 DAGs
[2024-03-06T22:18:41.184+0000] {logging_mixin.py:188} INFO - [2024-03-06T22:18:41.183+0000] {dag.py:3834} INFO - Setting next_dagrun for example_complex to None, run_after=None
[2024-03-06T22:18:41.215+0000] {processor.py:183} INFO - Processing /home/airflow/.local/lib/python3.8/site-packages/airflow/example_dags/example_complex.py took 0.127 seconds
[2024-03-06T22:19:11.417+0000] {processor.py:161} INFO - Started process (PID=211) to work on /home/airflow/.local/lib/python3.8/site-packages/airflow/example_dags/example_complex.py
[2024-03-06T22:19:11.419+0000] {processor.py:830} INFO - Processing file /home/airflow/.local/lib/python3.8/site-packages/airflow/example_dags/example_complex.py for tasks to queue
[2024-03-06T22:19:11.422+0000] {logging_mixin.py:188} INFO - [2024-03-06T22:19:11.422+0000] {dagbag.py:540} INFO - Filling up the DagBag from /home/airflow/.local/lib/python3.8/site-packages/airflow/example_dags/example_complex.py
[2024-03-06T22:19:11.440+0000] {processor.py:840} INFO - DAG(s) 'example_complex' retrieved from /home/airflow/.local/lib/python3.8/site-packages/airflow/example_dags/example_complex.py
[2024-03-06T22:19:11.484+0000] {logging_mixin.py:188} INFO - [2024-03-06T22:19:11.484+0000] {dag.py:3047} INFO - Sync 1 DAGs
[2024-03-06T22:19:11.503+0000] {logging_mixin.py:188} INFO - [2024-03-06T22:19:11.502+0000] {dag.py:3834} INFO - Setting next_dagrun for example_complex to None, run_after=None
[2024-03-06T22:19:11.535+0000] {processor.py:183} INFO - Processing /home/airflow/.local/lib/python3.8/site-packages/airflow/example_dags/example_complex.py took 0.123 seconds
[2024-03-06T22:19:41.634+0000] {processor.py:161} INFO - Started process (PID=266) to work on /home/airflow/.local/lib/python3.8/site-packages/airflow/example_dags/example_complex.py
[2024-03-06T22:19:41.636+0000] {processor.py:830} INFO - Processing file /home/airflow/.local/lib/python3.8/site-packages/airflow/example_dags/example_complex.py for tasks to queue
[2024-03-06T22:19:41.639+0000] {logging_mixin.py:188} INFO - [2024-03-06T22:19:41.639+0000] {dagbag.py:540} INFO - Filling up the DagBag from /home/airflow/.local/lib/python3.8/site-packages/airflow/example_dags/example_complex.py
[2024-03-06T22:19:41.658+0000] {processor.py:840} INFO - DAG(s) 'example_complex' retrieved from /home/airflow/.local/lib/python3.8/site-packages/airflow/example_dags/example_complex.py
[2024-03-06T22:19:41.704+0000] {logging_mixin.py:188} INFO - [2024-03-06T22:19:41.704+0000] {dag.py:3047} INFO - Sync 1 DAGs
[2024-03-06T22:19:41.722+0000] {logging_mixin.py:188} INFO - [2024-03-06T22:19:41.721+0000] {dag.py:3834} INFO - Setting next_dagrun for example_complex to None, run_after=None
[2024-03-06T22:19:41.751+0000] {processor.py:183} INFO - Processing /home/airflow/.local/lib/python3.8/site-packages/airflow/example_dags/example_complex.py took 0.123 seconds
[2024-03-06T22:20:11.865+0000] {processor.py:161} INFO - Started process (PID=321) to work on /home/airflow/.local/lib/python3.8/site-packages/airflow/example_dags/example_complex.py
[2024-03-06T22:20:11.868+0000] {processor.py:830} INFO - Processing file /home/airflow/.local/lib/python3.8/site-packages/airflow/example_dags/example_complex.py for tasks to queue
[2024-03-06T22:20:11.872+0000] {logging_mixin.py:188} INFO - [2024-03-06T22:20:11.872+0000] {dagbag.py:540} INFO - Filling up the DagBag from /home/airflow/.local/lib/python3.8/site-packages/airflow/example_dags/example_complex.py
[2024-03-06T22:20:11.895+0000] {processor.py:840} INFO - DAG(s) 'example_complex' retrieved from /home/airflow/.local/lib/python3.8/site-packages/airflow/example_dags/example_complex.py
[2024-03-06T22:20:11.959+0000] {logging_mixin.py:188} INFO - [2024-03-06T22:20:11.958+0000] {dag.py:3047} INFO - Sync 1 DAGs
[2024-03-06T22:20:11.982+0000] {logging_mixin.py:188} INFO - [2024-03-06T22:20:11.982+0000] {dag.py:3834} INFO - Setting next_dagrun for example_complex to None, run_after=None
[2024-03-06T22:20:12.016+0000] {processor.py:183} INFO - Processing /home/airflow/.local/lib/python3.8/site-packages/airflow/example_dags/example_complex.py took 0.161 seconds
[2024-03-06T22:20:42.209+0000] {processor.py:161} INFO - Started process (PID=376) to work on /home/airflow/.local/lib/python3.8/site-packages/airflow/example_dags/example_complex.py
[2024-03-06T22:20:42.211+0000] {processor.py:830} INFO - Processing file /home/airflow/.local/lib/python3.8/site-packages/airflow/example_dags/example_complex.py for tasks to queue
[2024-03-06T22:20:42.214+0000] {logging_mixin.py:188} INFO - [2024-03-06T22:20:42.214+0000] {dagbag.py:540} INFO - Filling up the DagBag from /home/airflow/.local/lib/python3.8/site-packages/airflow/example_dags/example_complex.py
[2024-03-06T22:20:42.232+0000] {processor.py:840} INFO - DAG(s) 'example_complex' retrieved from /home/airflow/.local/lib/python3.8/site-packages/airflow/example_dags/example_complex.py
[2024-03-06T22:20:42.279+0000] {logging_mixin.py:188} INFO - [2024-03-06T22:20:42.279+0000] {dag.py:3047} INFO - Sync 1 DAGs
[2024-03-06T22:20:42.297+0000] {logging_mixin.py:188} INFO - [2024-03-06T22:20:42.295+0000] {dag.py:3834} INFO - Setting next_dagrun for example_complex to None, run_after=None
[2024-03-06T22:20:42.331+0000] {processor.py:183} INFO - Processing /home/airflow/.local/lib/python3.8/site-packages/airflow/example_dags/example_complex.py took 0.127 seconds
[2024-03-06T22:21:12.499+0000] {processor.py:161} INFO - Started process (PID=431) to work on /home/airflow/.local/lib/python3.8/site-packages/airflow/example_dags/example_complex.py
[2024-03-06T22:21:12.500+0000] {processor.py:830} INFO - Processing file /home/airflow/.local/lib/python3.8/site-packages/airflow/example_dags/example_complex.py for tasks to queue
[2024-03-06T22:21:12.503+0000] {logging_mixin.py:188} INFO - [2024-03-06T22:21:12.503+0000] {dagbag.py:540} INFO - Filling up the DagBag from /home/airflow/.local/lib/python3.8/site-packages/airflow/example_dags/example_complex.py
[2024-03-06T22:21:12.520+0000] {processor.py:840} INFO - DAG(s) 'example_complex' retrieved from /home/airflow/.local/lib/python3.8/site-packages/airflow/example_dags/example_complex.py
[2024-03-06T22:21:12.569+0000] {logging_mixin.py:188} INFO - [2024-03-06T22:21:12.569+0000] {dag.py:3047} INFO - Sync 1 DAGs
[2024-03-06T22:21:12.586+0000] {logging_mixin.py:188} INFO - [2024-03-06T22:21:12.586+0000] {dag.py:3834} INFO - Setting next_dagrun for example_complex to None, run_after=None
[2024-03-06T22:21:12.615+0000] {processor.py:183} INFO - Processing /home/airflow/.local/lib/python3.8/site-packages/airflow/example_dags/example_complex.py took 0.122 seconds
[2024-03-06T22:21:42.797+0000] {processor.py:161} INFO - Started process (PID=486) to work on /home/airflow/.local/lib/python3.8/site-packages/airflow/example_dags/example_complex.py
[2024-03-06T22:21:42.798+0000] {processor.py:830} INFO - Processing file /home/airflow/.local/lib/python3.8/site-packages/airflow/example_dags/example_complex.py for tasks to queue
[2024-03-06T22:21:42.801+0000] {logging_mixin.py:188} INFO - [2024-03-06T22:21:42.801+0000] {dagbag.py:540} INFO - Filling up the DagBag from /home/airflow/.local/lib/python3.8/site-packages/airflow/example_dags/example_complex.py
[2024-03-06T22:21:42.820+0000] {processor.py:840} INFO - DAG(s) 'example_complex' retrieved from /home/airflow/.local/lib/python3.8/site-packages/airflow/example_dags/example_complex.py
[2024-03-06T22:21:42.865+0000] {logging_mixin.py:188} INFO - [2024-03-06T22:21:42.864+0000] {dag.py:3047} INFO - Sync 1 DAGs
[2024-03-06T22:21:42.881+0000] {logging_mixin.py:188} INFO - [2024-03-06T22:21:42.881+0000] {dag.py:3834} INFO - Setting next_dagrun for example_complex to None, run_after=None
[2024-03-06T22:21:42.912+0000] {processor.py:183} INFO - Processing /home/airflow/.local/lib/python3.8/site-packages/airflow/example_dags/example_complex.py took 0.122 seconds
[2024-03-06T22:22:13.109+0000] {processor.py:161} INFO - Started process (PID=540) to work on /home/airflow/.local/lib/python3.8/site-packages/airflow/example_dags/example_complex.py
[2024-03-06T22:22:13.113+0000] {processor.py:830} INFO - Processing file /home/airflow/.local/lib/python3.8/site-packages/airflow/example_dags/example_complex.py for tasks to queue
[2024-03-06T22:22:13.121+0000] {logging_mixin.py:188} INFO - [2024-03-06T22:22:13.120+0000] {dagbag.py:540} INFO - Filling up the DagBag from /home/airflow/.local/lib/python3.8/site-packages/airflow/example_dags/example_complex.py
[2024-03-06T22:22:13.140+0000] {processor.py:840} INFO - DAG(s) 'example_complex' retrieved from /home/airflow/.local/lib/python3.8/site-packages/airflow/example_dags/example_complex.py
[2024-03-06T22:22:13.183+0000] {logging_mixin.py:188} INFO - [2024-03-06T22:22:13.183+0000] {dag.py:3047} INFO - Sync 1 DAGs
[2024-03-06T22:22:13.200+0000] {logging_mixin.py:188} INFO - [2024-03-06T22:22:13.199+0000] {dag.py:3834} INFO - Setting next_dagrun for example_complex to None, run_after=None
[2024-03-06T22:22:13.227+0000] {processor.py:183} INFO - Processing /home/airflow/.local/lib/python3.8/site-packages/airflow/example_dags/example_complex.py took 0.125 seconds
[2024-03-06T22:22:43.613+0000] {processor.py:161} INFO - Started process (PID=595) to work on /home/airflow/.local/lib/python3.8/site-packages/airflow/example_dags/example_complex.py
[2024-03-06T22:22:43.617+0000] {processor.py:830} INFO - Processing file /home/airflow/.local/lib/python3.8/site-packages/airflow/example_dags/example_complex.py for tasks to queue
[2024-03-06T22:22:43.621+0000] {logging_mixin.py:188} INFO - [2024-03-06T22:22:43.620+0000] {dagbag.py:540} INFO - Filling up the DagBag from /home/airflow/.local/lib/python3.8/site-packages/airflow/example_dags/example_complex.py
[2024-03-06T22:22:43.639+0000] {processor.py:840} INFO - DAG(s) 'example_complex' retrieved from /home/airflow/.local/lib/python3.8/site-packages/airflow/example_dags/example_complex.py
[2024-03-06T22:22:43.694+0000] {logging_mixin.py:188} INFO - [2024-03-06T22:22:43.693+0000] {dag.py:3047} INFO - Sync 1 DAGs
[2024-03-06T22:22:43.713+0000] {logging_mixin.py:188} INFO - [2024-03-06T22:22:43.713+0000] {dag.py:3834} INFO - Setting next_dagrun for example_complex to None, run_after=None
[2024-03-06T22:22:43.747+0000] {processor.py:183} INFO - Processing /home/airflow/.local/lib/python3.8/site-packages/airflow/example_dags/example_complex.py took 0.139 seconds
[2024-03-06T22:23:13.808+0000] {processor.py:161} INFO - Started process (PID=650) to work on /home/airflow/.local/lib/python3.8/site-packages/airflow/example_dags/example_complex.py
[2024-03-06T22:23:13.810+0000] {processor.py:830} INFO - Processing file /home/airflow/.local/lib/python3.8/site-packages/airflow/example_dags/example_complex.py for tasks to queue
[2024-03-06T22:23:13.814+0000] {logging_mixin.py:188} INFO - [2024-03-06T22:23:13.813+0000] {dagbag.py:540} INFO - Filling up the DagBag from /home/airflow/.local/lib/python3.8/site-packages/airflow/example_dags/example_complex.py
[2024-03-06T22:23:13.840+0000] {processor.py:840} INFO - DAG(s) 'example_complex' retrieved from /home/airflow/.local/lib/python3.8/site-packages/airflow/example_dags/example_complex.py
[2024-03-06T22:23:13.902+0000] {logging_mixin.py:188} INFO - [2024-03-06T22:23:13.902+0000] {dag.py:3047} INFO - Sync 1 DAGs
[2024-03-06T22:23:13.927+0000] {logging_mixin.py:188} INFO - [2024-03-06T22:23:13.926+0000] {dag.py:3834} INFO - Setting next_dagrun for example_complex to None, run_after=None
[2024-03-06T22:23:13.963+0000] {processor.py:183} INFO - Processing /home/airflow/.local/lib/python3.8/site-packages/airflow/example_dags/example_complex.py took 0.161 seconds
[2024-03-06T22:23:44.094+0000] {processor.py:161} INFO - Started process (PID=704) to work on /home/airflow/.local/lib/python3.8/site-packages/airflow/example_dags/example_complex.py
[2024-03-06T22:23:44.096+0000] {processor.py:830} INFO - Processing file /home/airflow/.local/lib/python3.8/site-packages/airflow/example_dags/example_complex.py for tasks to queue
[2024-03-06T22:23:44.099+0000] {logging_mixin.py:188} INFO - [2024-03-06T22:23:44.099+0000] {dagbag.py:540} INFO - Filling up the DagBag from /home/airflow/.local/lib/python3.8/site-packages/airflow/example_dags/example_complex.py
[2024-03-06T22:23:44.119+0000] {processor.py:840} INFO - DAG(s) 'example_complex' retrieved from /home/airflow/.local/lib/python3.8/site-packages/airflow/example_dags/example_complex.py
[2024-03-06T22:23:44.165+0000] {logging_mixin.py:188} INFO - [2024-03-06T22:23:44.165+0000] {dag.py:3047} INFO - Sync 1 DAGs
[2024-03-06T22:23:44.182+0000] {logging_mixin.py:188} INFO - [2024-03-06T22:23:44.182+0000] {dag.py:3834} INFO - Setting next_dagrun for example_complex to None, run_after=None
[2024-03-06T22:23:44.235+0000] {processor.py:183} INFO - Processing /home/airflow/.local/lib/python3.8/site-packages/airflow/example_dags/example_complex.py took 0.147 seconds
[2024-03-06T22:24:14.583+0000] {processor.py:161} INFO - Started process (PID=759) to work on /home/airflow/.local/lib/python3.8/site-packages/airflow/example_dags/example_complex.py
[2024-03-06T22:24:14.584+0000] {processor.py:830} INFO - Processing file /home/airflow/.local/lib/python3.8/site-packages/airflow/example_dags/example_complex.py for tasks to queue
[2024-03-06T22:24:14.588+0000] {logging_mixin.py:188} INFO - [2024-03-06T22:24:14.587+0000] {dagbag.py:540} INFO - Filling up the DagBag from /home/airflow/.local/lib/python3.8/site-packages/airflow/example_dags/example_complex.py
[2024-03-06T22:24:14.604+0000] {processor.py:840} INFO - DAG(s) 'example_complex' retrieved from /home/airflow/.local/lib/python3.8/site-packages/airflow/example_dags/example_complex.py
[2024-03-06T22:24:14.687+0000] {logging_mixin.py:188} INFO - [2024-03-06T22:24:14.686+0000] {dag.py:3047} INFO - Sync 1 DAGs
[2024-03-06T22:24:14.723+0000] {logging_mixin.py:188} INFO - [2024-03-06T22:24:14.722+0000] {dag.py:3834} INFO - Setting next_dagrun for example_complex to None, run_after=None
[2024-03-06T22:24:14.754+0000] {processor.py:183} INFO - Processing /home/airflow/.local/lib/python3.8/site-packages/airflow/example_dags/example_complex.py took 0.177 seconds
[2024-03-06T22:24:44.973+0000] {processor.py:161} INFO - Started process (PID=814) to work on /home/airflow/.local/lib/python3.8/site-packages/airflow/example_dags/example_complex.py
[2024-03-06T22:24:44.975+0000] {processor.py:830} INFO - Processing file /home/airflow/.local/lib/python3.8/site-packages/airflow/example_dags/example_complex.py for tasks to queue
[2024-03-06T22:24:44.978+0000] {logging_mixin.py:188} INFO - [2024-03-06T22:24:44.978+0000] {dagbag.py:540} INFO - Filling up the DagBag from /home/airflow/.local/lib/python3.8/site-packages/airflow/example_dags/example_complex.py
[2024-03-06T22:24:44.997+0000] {processor.py:840} INFO - DAG(s) 'example_complex' retrieved from /home/airflow/.local/lib/python3.8/site-packages/airflow/example_dags/example_complex.py
[2024-03-06T22:24:45.042+0000] {logging_mixin.py:188} INFO - [2024-03-06T22:24:45.041+0000] {dag.py:3047} INFO - Sync 1 DAGs
[2024-03-06T22:24:45.059+0000] {logging_mixin.py:188} INFO - [2024-03-06T22:24:45.058+0000] {dag.py:3834} INFO - Setting next_dagrun for example_complex to None, run_after=None
[2024-03-06T22:24:45.088+0000] {processor.py:183} INFO - Processing /home/airflow/.local/lib/python3.8/site-packages/airflow/example_dags/example_complex.py took 0.120 seconds
[2024-03-06T22:25:15.423+0000] {processor.py:161} INFO - Started process (PID=869) to work on /home/airflow/.local/lib/python3.8/site-packages/airflow/example_dags/example_complex.py
[2024-03-06T22:25:15.425+0000] {processor.py:830} INFO - Processing file /home/airflow/.local/lib/python3.8/site-packages/airflow/example_dags/example_complex.py for tasks to queue
[2024-03-06T22:25:15.430+0000] {logging_mixin.py:188} INFO - [2024-03-06T22:25:15.429+0000] {dagbag.py:540} INFO - Filling up the DagBag from /home/airflow/.local/lib/python3.8/site-packages/airflow/example_dags/example_complex.py
[2024-03-06T22:25:15.458+0000] {processor.py:840} INFO - DAG(s) 'example_complex' retrieved from /home/airflow/.local/lib/python3.8/site-packages/airflow/example_dags/example_complex.py
[2024-03-06T22:25:15.506+0000] {logging_mixin.py:188} INFO - [2024-03-06T22:25:15.506+0000] {dag.py:3047} INFO - Sync 1 DAGs
[2024-03-06T22:25:15.527+0000] {logging_mixin.py:188} INFO - [2024-03-06T22:25:15.527+0000] {dag.py:3834} INFO - Setting next_dagrun for example_complex to None, run_after=None
[2024-03-06T22:25:15.556+0000] {processor.py:183} INFO - Processing /home/airflow/.local/lib/python3.8/site-packages/airflow/example_dags/example_complex.py took 0.138 seconds
[2024-03-06T22:25:46.121+0000] {processor.py:161} INFO - Started process (PID=923) to work on /home/airflow/.local/lib/python3.8/site-packages/airflow/example_dags/example_complex.py
[2024-03-06T22:25:46.123+0000] {processor.py:830} INFO - Processing file /home/airflow/.local/lib/python3.8/site-packages/airflow/example_dags/example_complex.py for tasks to queue
[2024-03-06T22:25:46.128+0000] {logging_mixin.py:188} INFO - [2024-03-06T22:25:46.127+0000] {dagbag.py:540} INFO - Filling up the DagBag from /home/airflow/.local/lib/python3.8/site-packages/airflow/example_dags/example_complex.py
[2024-03-06T22:25:46.149+0000] {processor.py:840} INFO - DAG(s) 'example_complex' retrieved from /home/airflow/.local/lib/python3.8/site-packages/airflow/example_dags/example_complex.py
[2024-03-06T22:25:46.204+0000] {logging_mixin.py:188} INFO - [2024-03-06T22:25:46.203+0000] {dag.py:3047} INFO - Sync 1 DAGs
[2024-03-06T22:25:46.230+0000] {logging_mixin.py:188} INFO - [2024-03-06T22:25:46.229+0000] {dag.py:3834} INFO - Setting next_dagrun for example_complex to None, run_after=None
[2024-03-06T22:25:46.263+0000] {processor.py:183} INFO - Processing /home/airflow/.local/lib/python3.8/site-packages/airflow/example_dags/example_complex.py took 0.148 seconds
[2024-03-06T22:26:16.314+0000] {processor.py:161} INFO - Started process (PID=978) to work on /home/airflow/.local/lib/python3.8/site-packages/airflow/example_dags/example_complex.py
[2024-03-06T22:26:16.317+0000] {processor.py:830} INFO - Processing file /home/airflow/.local/lib/python3.8/site-packages/airflow/example_dags/example_complex.py for tasks to queue
[2024-03-06T22:26:16.319+0000] {logging_mixin.py:188} INFO - [2024-03-06T22:26:16.319+0000] {dagbag.py:540} INFO - Filling up the DagBag from /home/airflow/.local/lib/python3.8/site-packages/airflow/example_dags/example_complex.py
[2024-03-06T22:26:16.343+0000] {processor.py:840} INFO - DAG(s) 'example_complex' retrieved from /home/airflow/.local/lib/python3.8/site-packages/airflow/example_dags/example_complex.py
[2024-03-06T22:26:16.399+0000] {logging_mixin.py:188} INFO - [2024-03-06T22:26:16.399+0000] {dag.py:3047} INFO - Sync 1 DAGs
[2024-03-06T22:26:16.419+0000] {logging_mixin.py:188} INFO - [2024-03-06T22:26:16.419+0000] {dag.py:3834} INFO - Setting next_dagrun for example_complex to None, run_after=None
[2024-03-06T22:26:16.453+0000] {processor.py:183} INFO - Processing /home/airflow/.local/lib/python3.8/site-packages/airflow/example_dags/example_complex.py took 0.143 seconds
[2024-03-06T22:26:46.616+0000] {processor.py:161} INFO - Started process (PID=1033) to work on /home/airflow/.local/lib/python3.8/site-packages/airflow/example_dags/example_complex.py
[2024-03-06T22:26:46.620+0000] {processor.py:830} INFO - Processing file /home/airflow/.local/lib/python3.8/site-packages/airflow/example_dags/example_complex.py for tasks to queue
[2024-03-06T22:26:46.637+0000] {logging_mixin.py:188} INFO - [2024-03-06T22:26:46.636+0000] {dagbag.py:540} INFO - Filling up the DagBag from /home/airflow/.local/lib/python3.8/site-packages/airflow/example_dags/example_complex.py
[2024-03-06T22:26:46.664+0000] {processor.py:840} INFO - DAG(s) 'example_complex' retrieved from /home/airflow/.local/lib/python3.8/site-packages/airflow/example_dags/example_complex.py
[2024-03-06T22:26:46.713+0000] {logging_mixin.py:188} INFO - [2024-03-06T22:26:46.712+0000] {dag.py:3047} INFO - Sync 1 DAGs
[2024-03-06T22:26:46.731+0000] {logging_mixin.py:188} INFO - [2024-03-06T22:26:46.730+0000] {dag.py:3834} INFO - Setting next_dagrun for example_complex to None, run_after=None
[2024-03-06T22:26:46.759+0000] {processor.py:183} INFO - Processing /home/airflow/.local/lib/python3.8/site-packages/airflow/example_dags/example_complex.py took 0.149 seconds
[2024-03-06T22:27:16.817+0000] {processor.py:161} INFO - Started process (PID=1088) to work on /home/airflow/.local/lib/python3.8/site-packages/airflow/example_dags/example_complex.py
[2024-03-06T22:27:16.820+0000] {processor.py:830} INFO - Processing file /home/airflow/.local/lib/python3.8/site-packages/airflow/example_dags/example_complex.py for tasks to queue
[2024-03-06T22:27:16.824+0000] {logging_mixin.py:188} INFO - [2024-03-06T22:27:16.823+0000] {dagbag.py:540} INFO - Filling up the DagBag from /home/airflow/.local/lib/python3.8/site-packages/airflow/example_dags/example_complex.py
[2024-03-06T22:27:16.842+0000] {processor.py:840} INFO - DAG(s) 'example_complex' retrieved from /home/airflow/.local/lib/python3.8/site-packages/airflow/example_dags/example_complex.py
[2024-03-06T22:27:16.888+0000] {logging_mixin.py:188} INFO - [2024-03-06T22:27:16.887+0000] {dag.py:3047} INFO - Sync 1 DAGs
[2024-03-06T22:27:16.907+0000] {logging_mixin.py:188} INFO - [2024-03-06T22:27:16.906+0000] {dag.py:3834} INFO - Setting next_dagrun for example_complex to None, run_after=None
[2024-03-06T22:27:16.940+0000] {processor.py:183} INFO - Processing /home/airflow/.local/lib/python3.8/site-packages/airflow/example_dags/example_complex.py took 0.147 seconds
[2024-03-06T22:27:47.034+0000] {processor.py:161} INFO - Started process (PID=1143) to work on /home/airflow/.local/lib/python3.8/site-packages/airflow/example_dags/example_complex.py
[2024-03-06T22:27:47.036+0000] {processor.py:830} INFO - Processing file /home/airflow/.local/lib/python3.8/site-packages/airflow/example_dags/example_complex.py for tasks to queue
[2024-03-06T22:27:47.039+0000] {logging_mixin.py:188} INFO - [2024-03-06T22:27:47.039+0000] {dagbag.py:540} INFO - Filling up the DagBag from /home/airflow/.local/lib/python3.8/site-packages/airflow/example_dags/example_complex.py
[2024-03-06T22:27:47.057+0000] {processor.py:840} INFO - DAG(s) 'example_complex' retrieved from /home/airflow/.local/lib/python3.8/site-packages/airflow/example_dags/example_complex.py
[2024-03-06T22:27:47.123+0000] {logging_mixin.py:188} INFO - [2024-03-06T22:27:47.123+0000] {dag.py:3047} INFO - Sync 1 DAGs
[2024-03-06T22:27:47.155+0000] {logging_mixin.py:188} INFO - [2024-03-06T22:27:47.155+0000] {dag.py:3834} INFO - Setting next_dagrun for example_complex to None, run_after=None
[2024-03-06T22:27:47.210+0000] {processor.py:183} INFO - Processing /home/airflow/.local/lib/python3.8/site-packages/airflow/example_dags/example_complex.py took 0.180 seconds
[2024-03-06T22:28:17.442+0000] {processor.py:161} INFO - Started process (PID=1198) to work on /home/airflow/.local/lib/python3.8/site-packages/airflow/example_dags/example_complex.py
[2024-03-06T22:28:17.445+0000] {processor.py:830} INFO - Processing file /home/airflow/.local/lib/python3.8/site-packages/airflow/example_dags/example_complex.py for tasks to queue
[2024-03-06T22:28:17.448+0000] {logging_mixin.py:188} INFO - [2024-03-06T22:28:17.448+0000] {dagbag.py:540} INFO - Filling up the DagBag from /home/airflow/.local/lib/python3.8/site-packages/airflow/example_dags/example_complex.py
[2024-03-06T22:28:17.473+0000] {processor.py:840} INFO - DAG(s) 'example_complex' retrieved from /home/airflow/.local/lib/python3.8/site-packages/airflow/example_dags/example_complex.py
[2024-03-06T22:28:17.552+0000] {logging_mixin.py:188} INFO - [2024-03-06T22:28:17.552+0000] {dag.py:3047} INFO - Sync 1 DAGs
[2024-03-06T22:28:17.577+0000] {logging_mixin.py:188} INFO - [2024-03-06T22:28:17.577+0000] {dag.py:3834} INFO - Setting next_dagrun for example_complex to None, run_after=None
[2024-03-06T22:28:17.616+0000] {processor.py:183} INFO - Processing /home/airflow/.local/lib/python3.8/site-packages/airflow/example_dags/example_complex.py took 0.179 seconds
[2024-03-06T22:28:48.416+0000] {processor.py:161} INFO - Started process (PID=1253) to work on /home/airflow/.local/lib/python3.8/site-packages/airflow/example_dags/example_complex.py
[2024-03-06T22:28:48.417+0000] {processor.py:830} INFO - Processing file /home/airflow/.local/lib/python3.8/site-packages/airflow/example_dags/example_complex.py for tasks to queue
[2024-03-06T22:28:48.421+0000] {logging_mixin.py:188} INFO - [2024-03-06T22:28:48.421+0000] {dagbag.py:540} INFO - Filling up the DagBag from /home/airflow/.local/lib/python3.8/site-packages/airflow/example_dags/example_complex.py
[2024-03-06T22:28:48.442+0000] {processor.py:840} INFO - DAG(s) 'example_complex' retrieved from /home/airflow/.local/lib/python3.8/site-packages/airflow/example_dags/example_complex.py
[2024-03-06T22:28:48.501+0000] {logging_mixin.py:188} INFO - [2024-03-06T22:28:48.500+0000] {dag.py:3047} INFO - Sync 1 DAGs
[2024-03-06T22:28:48.522+0000] {logging_mixin.py:188} INFO - [2024-03-06T22:28:48.521+0000] {dag.py:3834} INFO - Setting next_dagrun for example_complex to None, run_after=None
[2024-03-06T22:28:48.559+0000] {processor.py:183} INFO - Processing /home/airflow/.local/lib/python3.8/site-packages/airflow/example_dags/example_complex.py took 0.149 seconds
[2024-03-06T22:29:18.596+0000] {processor.py:161} INFO - Started process (PID=1308) to work on /home/airflow/.local/lib/python3.8/site-packages/airflow/example_dags/example_complex.py
[2024-03-06T22:29:18.598+0000] {processor.py:830} INFO - Processing file /home/airflow/.local/lib/python3.8/site-packages/airflow/example_dags/example_complex.py for tasks to queue
[2024-03-06T22:29:18.602+0000] {logging_mixin.py:188} INFO - [2024-03-06T22:29:18.602+0000] {dagbag.py:540} INFO - Filling up the DagBag from /home/airflow/.local/lib/python3.8/site-packages/airflow/example_dags/example_complex.py
[2024-03-06T22:29:18.619+0000] {processor.py:840} INFO - DAG(s) 'example_complex' retrieved from /home/airflow/.local/lib/python3.8/site-packages/airflow/example_dags/example_complex.py
[2024-03-06T22:29:18.666+0000] {logging_mixin.py:188} INFO - [2024-03-06T22:29:18.666+0000] {dag.py:3047} INFO - Sync 1 DAGs
[2024-03-06T22:29:18.686+0000] {logging_mixin.py:188} INFO - [2024-03-06T22:29:18.686+0000] {dag.py:3834} INFO - Setting next_dagrun for example_complex to None, run_after=None
[2024-03-06T22:29:18.718+0000] {processor.py:183} INFO - Processing /home/airflow/.local/lib/python3.8/site-packages/airflow/example_dags/example_complex.py took 0.127 seconds
[2024-03-06T22:29:48.950+0000] {processor.py:161} INFO - Started process (PID=1363) to work on /home/airflow/.local/lib/python3.8/site-packages/airflow/example_dags/example_complex.py
[2024-03-06T22:29:48.952+0000] {processor.py:830} INFO - Processing file /home/airflow/.local/lib/python3.8/site-packages/airflow/example_dags/example_complex.py for tasks to queue
[2024-03-06T22:29:48.955+0000] {logging_mixin.py:188} INFO - [2024-03-06T22:29:48.955+0000] {dagbag.py:540} INFO - Filling up the DagBag from /home/airflow/.local/lib/python3.8/site-packages/airflow/example_dags/example_complex.py
[2024-03-06T22:29:48.974+0000] {processor.py:840} INFO - DAG(s) 'example_complex' retrieved from /home/airflow/.local/lib/python3.8/site-packages/airflow/example_dags/example_complex.py
[2024-03-06T22:29:49.027+0000] {logging_mixin.py:188} INFO - [2024-03-06T22:29:49.027+0000] {dag.py:3047} INFO - Sync 1 DAGs
[2024-03-06T22:29:49.044+0000] {logging_mixin.py:188} INFO - [2024-03-06T22:29:49.044+0000] {dag.py:3834} INFO - Setting next_dagrun for example_complex to None, run_after=None
[2024-03-06T22:29:49.076+0000] {processor.py:183} INFO - Processing /home/airflow/.local/lib/python3.8/site-packages/airflow/example_dags/example_complex.py took 0.131 seconds
[2024-03-06T22:30:19.230+0000] {processor.py:161} INFO - Started process (PID=1417) to work on /home/airflow/.local/lib/python3.8/site-packages/airflow/example_dags/example_complex.py
[2024-03-06T22:30:19.232+0000] {processor.py:830} INFO - Processing file /home/airflow/.local/lib/python3.8/site-packages/airflow/example_dags/example_complex.py for tasks to queue
[2024-03-06T22:30:19.236+0000] {logging_mixin.py:188} INFO - [2024-03-06T22:30:19.235+0000] {dagbag.py:540} INFO - Filling up the DagBag from /home/airflow/.local/lib/python3.8/site-packages/airflow/example_dags/example_complex.py
[2024-03-06T22:30:19.253+0000] {processor.py:840} INFO - DAG(s) 'example_complex' retrieved from /home/airflow/.local/lib/python3.8/site-packages/airflow/example_dags/example_complex.py
[2024-03-06T22:30:19.306+0000] {logging_mixin.py:188} INFO - [2024-03-06T22:30:19.305+0000] {dag.py:3047} INFO - Sync 1 DAGs
[2024-03-06T22:30:19.324+0000] {logging_mixin.py:188} INFO - [2024-03-06T22:30:19.324+0000] {dag.py:3834} INFO - Setting next_dagrun for example_complex to None, run_after=None
[2024-03-06T22:30:19.354+0000] {processor.py:183} INFO - Processing /home/airflow/.local/lib/python3.8/site-packages/airflow/example_dags/example_complex.py took 0.130 seconds
[2024-03-06T22:30:49.829+0000] {processor.py:161} INFO - Started process (PID=1472) to work on /home/airflow/.local/lib/python3.8/site-packages/airflow/example_dags/example_complex.py
[2024-03-06T22:30:49.830+0000] {processor.py:830} INFO - Processing file /home/airflow/.local/lib/python3.8/site-packages/airflow/example_dags/example_complex.py for tasks to queue
[2024-03-06T22:30:49.833+0000] {logging_mixin.py:188} INFO - [2024-03-06T22:30:49.833+0000] {dagbag.py:540} INFO - Filling up the DagBag from /home/airflow/.local/lib/python3.8/site-packages/airflow/example_dags/example_complex.py
[2024-03-06T22:30:49.850+0000] {processor.py:840} INFO - DAG(s) 'example_complex' retrieved from /home/airflow/.local/lib/python3.8/site-packages/airflow/example_dags/example_complex.py
[2024-03-06T22:30:49.897+0000] {logging_mixin.py:188} INFO - [2024-03-06T22:30:49.897+0000] {dag.py:3047} INFO - Sync 1 DAGs
[2024-03-06T22:30:49.918+0000] {logging_mixin.py:188} INFO - [2024-03-06T22:30:49.917+0000] {dag.py:3834} INFO - Setting next_dagrun for example_complex to None, run_after=None
[2024-03-06T22:30:49.950+0000] {processor.py:183} INFO - Processing /home/airflow/.local/lib/python3.8/site-packages/airflow/example_dags/example_complex.py took 0.126 seconds
[2024-03-06T22:31:20.530+0000] {processor.py:161} INFO - Started process (PID=1527) to work on /home/airflow/.local/lib/python3.8/site-packages/airflow/example_dags/example_complex.py
[2024-03-06T22:31:20.532+0000] {processor.py:830} INFO - Processing file /home/airflow/.local/lib/python3.8/site-packages/airflow/example_dags/example_complex.py for tasks to queue
[2024-03-06T22:31:20.535+0000] {logging_mixin.py:188} INFO - [2024-03-06T22:31:20.535+0000] {dagbag.py:540} INFO - Filling up the DagBag from /home/airflow/.local/lib/python3.8/site-packages/airflow/example_dags/example_complex.py
[2024-03-06T22:31:20.556+0000] {processor.py:840} INFO - DAG(s) 'example_complex' retrieved from /home/airflow/.local/lib/python3.8/site-packages/airflow/example_dags/example_complex.py
[2024-03-06T22:31:20.607+0000] {logging_mixin.py:188} INFO - [2024-03-06T22:31:20.607+0000] {dag.py:3047} INFO - Sync 1 DAGs
[2024-03-06T22:31:20.631+0000] {logging_mixin.py:188} INFO - [2024-03-06T22:31:20.631+0000] {dag.py:3834} INFO - Setting next_dagrun for example_complex to None, run_after=None
[2024-03-06T22:31:20.671+0000] {processor.py:183} INFO - Processing /home/airflow/.local/lib/python3.8/site-packages/airflow/example_dags/example_complex.py took 0.147 seconds
[2024-03-06T22:31:50.846+0000] {processor.py:161} INFO - Started process (PID=1582) to work on /home/airflow/.local/lib/python3.8/site-packages/airflow/example_dags/example_complex.py
[2024-03-06T22:31:50.849+0000] {processor.py:830} INFO - Processing file /home/airflow/.local/lib/python3.8/site-packages/airflow/example_dags/example_complex.py for tasks to queue
[2024-03-06T22:31:50.852+0000] {logging_mixin.py:188} INFO - [2024-03-06T22:31:50.851+0000] {dagbag.py:540} INFO - Filling up the DagBag from /home/airflow/.local/lib/python3.8/site-packages/airflow/example_dags/example_complex.py
[2024-03-06T22:31:50.868+0000] {processor.py:840} INFO - DAG(s) 'example_complex' retrieved from /home/airflow/.local/lib/python3.8/site-packages/airflow/example_dags/example_complex.py
[2024-03-06T22:31:50.916+0000] {logging_mixin.py:188} INFO - [2024-03-06T22:31:50.916+0000] {dag.py:3047} INFO - Sync 1 DAGs
[2024-03-06T22:31:50.935+0000] {logging_mixin.py:188} INFO - [2024-03-06T22:31:50.934+0000] {dag.py:3834} INFO - Setting next_dagrun for example_complex to None, run_after=None
[2024-03-06T22:31:50.972+0000] {processor.py:183} INFO - Processing /home/airflow/.local/lib/python3.8/site-packages/airflow/example_dags/example_complex.py took 0.131 seconds
[2024-03-06T22:32:21.191+0000] {processor.py:161} INFO - Started process (PID=1636) to work on /home/airflow/.local/lib/python3.8/site-packages/airflow/example_dags/example_complex.py
[2024-03-06T22:32:21.192+0000] {processor.py:830} INFO - Processing file /home/airflow/.local/lib/python3.8/site-packages/airflow/example_dags/example_complex.py for tasks to queue
[2024-03-06T22:32:21.195+0000] {logging_mixin.py:188} INFO - [2024-03-06T22:32:21.195+0000] {dagbag.py:540} INFO - Filling up the DagBag from /home/airflow/.local/lib/python3.8/site-packages/airflow/example_dags/example_complex.py
[2024-03-06T22:32:21.212+0000] {processor.py:840} INFO - DAG(s) 'example_complex' retrieved from /home/airflow/.local/lib/python3.8/site-packages/airflow/example_dags/example_complex.py
[2024-03-06T22:32:21.265+0000] {logging_mixin.py:188} INFO - [2024-03-06T22:32:21.265+0000] {dag.py:3047} INFO - Sync 1 DAGs
[2024-03-06T22:32:21.285+0000] {logging_mixin.py:188} INFO - [2024-03-06T22:32:21.285+0000] {dag.py:3834} INFO - Setting next_dagrun for example_complex to None, run_after=None
[2024-03-06T22:32:21.313+0000] {processor.py:183} INFO - Processing /home/airflow/.local/lib/python3.8/site-packages/airflow/example_dags/example_complex.py took 0.128 seconds
[2024-03-06T22:32:51.889+0000] {processor.py:161} INFO - Started process (PID=1691) to work on /home/airflow/.local/lib/python3.8/site-packages/airflow/example_dags/example_complex.py
[2024-03-06T22:32:51.891+0000] {processor.py:830} INFO - Processing file /home/airflow/.local/lib/python3.8/site-packages/airflow/example_dags/example_complex.py for tasks to queue
[2024-03-06T22:32:51.895+0000] {logging_mixin.py:188} INFO - [2024-03-06T22:32:51.894+0000] {dagbag.py:540} INFO - Filling up the DagBag from /home/airflow/.local/lib/python3.8/site-packages/airflow/example_dags/example_complex.py
[2024-03-06T22:32:51.912+0000] {processor.py:840} INFO - DAG(s) 'example_complex' retrieved from /home/airflow/.local/lib/python3.8/site-packages/airflow/example_dags/example_complex.py
[2024-03-06T22:32:51.959+0000] {logging_mixin.py:188} INFO - [2024-03-06T22:32:51.959+0000] {dag.py:3047} INFO - Sync 1 DAGs
[2024-03-06T22:32:51.979+0000] {logging_mixin.py:188} INFO - [2024-03-06T22:32:51.979+0000] {dag.py:3834} INFO - Setting next_dagrun for example_complex to None, run_after=None
[2024-03-06T22:32:52.012+0000] {processor.py:183} INFO - Processing /home/airflow/.local/lib/python3.8/site-packages/airflow/example_dags/example_complex.py took 0.129 seconds
[2024-03-06T22:33:22.509+0000] {processor.py:161} INFO - Started process (PID=1746) to work on /home/airflow/.local/lib/python3.8/site-packages/airflow/example_dags/example_complex.py
[2024-03-06T22:33:22.510+0000] {processor.py:830} INFO - Processing file /home/airflow/.local/lib/python3.8/site-packages/airflow/example_dags/example_complex.py for tasks to queue
[2024-03-06T22:33:22.513+0000] {logging_mixin.py:188} INFO - [2024-03-06T22:33:22.513+0000] {dagbag.py:540} INFO - Filling up the DagBag from /home/airflow/.local/lib/python3.8/site-packages/airflow/example_dags/example_complex.py
[2024-03-06T22:33:22.531+0000] {processor.py:840} INFO - DAG(s) 'example_complex' retrieved from /home/airflow/.local/lib/python3.8/site-packages/airflow/example_dags/example_complex.py
[2024-03-06T22:33:22.582+0000] {logging_mixin.py:188} INFO - [2024-03-06T22:33:22.582+0000] {dag.py:3047} INFO - Sync 1 DAGs
[2024-03-06T22:33:22.600+0000] {logging_mixin.py:188} INFO - [2024-03-06T22:33:22.600+0000] {dag.py:3834} INFO - Setting next_dagrun for example_complex to None, run_after=None
[2024-03-06T22:33:22.633+0000] {processor.py:183} INFO - Processing /home/airflow/.local/lib/python3.8/site-packages/airflow/example_dags/example_complex.py took 0.130 seconds
[2024-03-06T22:33:52.822+0000] {processor.py:161} INFO - Started process (PID=1801) to work on /home/airflow/.local/lib/python3.8/site-packages/airflow/example_dags/example_complex.py
[2024-03-06T22:33:52.823+0000] {processor.py:830} INFO - Processing file /home/airflow/.local/lib/python3.8/site-packages/airflow/example_dags/example_complex.py for tasks to queue
[2024-03-06T22:33:52.829+0000] {logging_mixin.py:188} INFO - [2024-03-06T22:33:52.829+0000] {dagbag.py:540} INFO - Filling up the DagBag from /home/airflow/.local/lib/python3.8/site-packages/airflow/example_dags/example_complex.py
[2024-03-06T22:33:52.854+0000] {processor.py:840} INFO - DAG(s) 'example_complex' retrieved from /home/airflow/.local/lib/python3.8/site-packages/airflow/example_dags/example_complex.py
[2024-03-06T22:33:52.927+0000] {logging_mixin.py:188} INFO - [2024-03-06T22:33:52.927+0000] {dag.py:3047} INFO - Sync 1 DAGs
[2024-03-06T22:33:52.954+0000] {logging_mixin.py:188} INFO - [2024-03-06T22:33:52.954+0000] {dag.py:3834} INFO - Setting next_dagrun for example_complex to None, run_after=None
[2024-03-06T22:33:52.988+0000] {processor.py:183} INFO - Processing /home/airflow/.local/lib/python3.8/site-packages/airflow/example_dags/example_complex.py took 0.173 seconds
[2024-03-06T22:34:23.795+0000] {processor.py:161} INFO - Started process (PID=1856) to work on /home/airflow/.local/lib/python3.8/site-packages/airflow/example_dags/example_complex.py
[2024-03-06T22:34:23.797+0000] {processor.py:830} INFO - Processing file /home/airflow/.local/lib/python3.8/site-packages/airflow/example_dags/example_complex.py for tasks to queue
[2024-03-06T22:34:23.802+0000] {logging_mixin.py:188} INFO - [2024-03-06T22:34:23.801+0000] {dagbag.py:540} INFO - Filling up the DagBag from /home/airflow/.local/lib/python3.8/site-packages/airflow/example_dags/example_complex.py
[2024-03-06T22:34:23.823+0000] {processor.py:840} INFO - DAG(s) 'example_complex' retrieved from /home/airflow/.local/lib/python3.8/site-packages/airflow/example_dags/example_complex.py
[2024-03-06T22:34:23.889+0000] {logging_mixin.py:188} INFO - [2024-03-06T22:34:23.889+0000] {dag.py:3047} INFO - Sync 1 DAGs
[2024-03-06T22:34:23.911+0000] {logging_mixin.py:188} INFO - [2024-03-06T22:34:23.911+0000] {dag.py:3834} INFO - Setting next_dagrun for example_complex to None, run_after=None
[2024-03-06T22:34:23.942+0000] {processor.py:183} INFO - Processing /home/airflow/.local/lib/python3.8/site-packages/airflow/example_dags/example_complex.py took 0.153 seconds
[2024-03-06T22:34:54.209+0000] {processor.py:161} INFO - Started process (PID=1911) to work on /home/airflow/.local/lib/python3.8/site-packages/airflow/example_dags/example_complex.py
[2024-03-06T22:34:54.210+0000] {processor.py:830} INFO - Processing file /home/airflow/.local/lib/python3.8/site-packages/airflow/example_dags/example_complex.py for tasks to queue
[2024-03-06T22:34:54.213+0000] {logging_mixin.py:188} INFO - [2024-03-06T22:34:54.213+0000] {dagbag.py:540} INFO - Filling up the DagBag from /home/airflow/.local/lib/python3.8/site-packages/airflow/example_dags/example_complex.py
[2024-03-06T22:34:54.231+0000] {processor.py:840} INFO - DAG(s) 'example_complex' retrieved from /home/airflow/.local/lib/python3.8/site-packages/airflow/example_dags/example_complex.py
[2024-03-06T22:34:54.277+0000] {logging_mixin.py:188} INFO - [2024-03-06T22:34:54.276+0000] {dag.py:3047} INFO - Sync 1 DAGs
[2024-03-06T22:34:54.294+0000] {logging_mixin.py:188} INFO - [2024-03-06T22:34:54.294+0000] {dag.py:3834} INFO - Setting next_dagrun for example_complex to None, run_after=None
[2024-03-06T22:34:54.330+0000] {processor.py:183} INFO - Processing /home/airflow/.local/lib/python3.8/site-packages/airflow/example_dags/example_complex.py took 0.127 seconds
[2024-03-06T22:35:24.431+0000] {processor.py:161} INFO - Started process (PID=1966) to work on /home/airflow/.local/lib/python3.8/site-packages/airflow/example_dags/example_complex.py
[2024-03-06T22:35:24.433+0000] {processor.py:830} INFO - Processing file /home/airflow/.local/lib/python3.8/site-packages/airflow/example_dags/example_complex.py for tasks to queue
[2024-03-06T22:35:24.436+0000] {logging_mixin.py:188} INFO - [2024-03-06T22:35:24.436+0000] {dagbag.py:540} INFO - Filling up the DagBag from /home/airflow/.local/lib/python3.8/site-packages/airflow/example_dags/example_complex.py
[2024-03-06T22:35:24.452+0000] {processor.py:840} INFO - DAG(s) 'example_complex' retrieved from /home/airflow/.local/lib/python3.8/site-packages/airflow/example_dags/example_complex.py
[2024-03-06T22:35:24.501+0000] {logging_mixin.py:188} INFO - [2024-03-06T22:35:24.501+0000] {dag.py:3047} INFO - Sync 1 DAGs
[2024-03-06T22:35:24.519+0000] {logging_mixin.py:188} INFO - [2024-03-06T22:35:24.519+0000] {dag.py:3834} INFO - Setting next_dagrun for example_complex to None, run_after=None
[2024-03-06T22:35:24.555+0000] {processor.py:183} INFO - Processing /home/airflow/.local/lib/python3.8/site-packages/airflow/example_dags/example_complex.py took 0.129 seconds
[2024-03-06T22:35:55.075+0000] {processor.py:161} INFO - Started process (PID=2021) to work on /home/airflow/.local/lib/python3.8/site-packages/airflow/example_dags/example_complex.py
[2024-03-06T22:35:55.077+0000] {processor.py:830} INFO - Processing file /home/airflow/.local/lib/python3.8/site-packages/airflow/example_dags/example_complex.py for tasks to queue
[2024-03-06T22:35:55.080+0000] {logging_mixin.py:188} INFO - [2024-03-06T22:35:55.080+0000] {dagbag.py:540} INFO - Filling up the DagBag from /home/airflow/.local/lib/python3.8/site-packages/airflow/example_dags/example_complex.py
[2024-03-06T22:35:55.097+0000] {processor.py:840} INFO - DAG(s) 'example_complex' retrieved from /home/airflow/.local/lib/python3.8/site-packages/airflow/example_dags/example_complex.py
[2024-03-06T22:35:55.145+0000] {logging_mixin.py:188} INFO - [2024-03-06T22:35:55.145+0000] {dag.py:3047} INFO - Sync 1 DAGs
[2024-03-06T22:35:55.162+0000] {logging_mixin.py:188} INFO - [2024-03-06T22:35:55.162+0000] {dag.py:3834} INFO - Setting next_dagrun for example_complex to None, run_after=None
[2024-03-06T22:35:55.192+0000] {processor.py:183} INFO - Processing /home/airflow/.local/lib/python3.8/site-packages/airflow/example_dags/example_complex.py took 0.123 seconds
[2024-03-06T22:36:25.449+0000] {processor.py:161} INFO - Started process (PID=2076) to work on /home/airflow/.local/lib/python3.8/site-packages/airflow/example_dags/example_complex.py
[2024-03-06T22:36:25.451+0000] {processor.py:830} INFO - Processing file /home/airflow/.local/lib/python3.8/site-packages/airflow/example_dags/example_complex.py for tasks to queue
[2024-03-06T22:36:25.454+0000] {logging_mixin.py:188} INFO - [2024-03-06T22:36:25.453+0000] {dagbag.py:540} INFO - Filling up the DagBag from /home/airflow/.local/lib/python3.8/site-packages/airflow/example_dags/example_complex.py
[2024-03-06T22:36:25.470+0000] {processor.py:840} INFO - DAG(s) 'example_complex' retrieved from /home/airflow/.local/lib/python3.8/site-packages/airflow/example_dags/example_complex.py
[2024-03-06T22:36:25.516+0000] {logging_mixin.py:188} INFO - [2024-03-06T22:36:25.516+0000] {dag.py:3047} INFO - Sync 1 DAGs
[2024-03-06T22:36:25.539+0000] {logging_mixin.py:188} INFO - [2024-03-06T22:36:25.538+0000] {dag.py:3834} INFO - Setting next_dagrun for example_complex to None, run_after=None
[2024-03-06T22:36:25.570+0000] {processor.py:183} INFO - Processing /home/airflow/.local/lib/python3.8/site-packages/airflow/example_dags/example_complex.py took 0.126 seconds
[2024-03-06T22:36:55.642+0000] {processor.py:161} INFO - Started process (PID=2131) to work on /home/airflow/.local/lib/python3.8/site-packages/airflow/example_dags/example_complex.py
[2024-03-06T22:36:55.644+0000] {processor.py:830} INFO - Processing file /home/airflow/.local/lib/python3.8/site-packages/airflow/example_dags/example_complex.py for tasks to queue
[2024-03-06T22:36:55.646+0000] {logging_mixin.py:188} INFO - [2024-03-06T22:36:55.646+0000] {dagbag.py:540} INFO - Filling up the DagBag from /home/airflow/.local/lib/python3.8/site-packages/airflow/example_dags/example_complex.py
[2024-03-06T22:36:55.666+0000] {processor.py:840} INFO - DAG(s) 'example_complex' retrieved from /home/airflow/.local/lib/python3.8/site-packages/airflow/example_dags/example_complex.py
[2024-03-06T22:36:55.714+0000] {logging_mixin.py:188} INFO - [2024-03-06T22:36:55.714+0000] {dag.py:3047} INFO - Sync 1 DAGs
[2024-03-06T22:36:55.734+0000] {logging_mixin.py:188} INFO - [2024-03-06T22:36:55.734+0000] {dag.py:3834} INFO - Setting next_dagrun for example_complex to None, run_after=None
[2024-03-06T22:36:55.761+0000] {processor.py:183} INFO - Processing /home/airflow/.local/lib/python3.8/site-packages/airflow/example_dags/example_complex.py took 0.125 seconds
[2024-03-06T22:37:26.232+0000] {processor.py:161} INFO - Started process (PID=2184) to work on /home/airflow/.local/lib/python3.8/site-packages/airflow/example_dags/example_complex.py
[2024-03-06T22:37:26.233+0000] {processor.py:830} INFO - Processing file /home/airflow/.local/lib/python3.8/site-packages/airflow/example_dags/example_complex.py for tasks to queue
[2024-03-06T22:37:26.236+0000] {logging_mixin.py:188} INFO - [2024-03-06T22:37:26.235+0000] {dagbag.py:540} INFO - Filling up the DagBag from /home/airflow/.local/lib/python3.8/site-packages/airflow/example_dags/example_complex.py
[2024-03-06T22:37:26.252+0000] {processor.py:840} INFO - DAG(s) 'example_complex' retrieved from /home/airflow/.local/lib/python3.8/site-packages/airflow/example_dags/example_complex.py
[2024-03-06T22:37:26.299+0000] {logging_mixin.py:188} INFO - [2024-03-06T22:37:26.298+0000] {dag.py:3047} INFO - Sync 1 DAGs
[2024-03-06T22:37:26.317+0000] {logging_mixin.py:188} INFO - [2024-03-06T22:37:26.317+0000] {dag.py:3834} INFO - Setting next_dagrun for example_complex to None, run_after=None
[2024-03-06T22:37:26.352+0000] {processor.py:183} INFO - Processing /home/airflow/.local/lib/python3.8/site-packages/airflow/example_dags/example_complex.py took 0.125 seconds
[2024-03-06T22:37:56.441+0000] {processor.py:161} INFO - Started process (PID=2239) to work on /home/airflow/.local/lib/python3.8/site-packages/airflow/example_dags/example_complex.py
[2024-03-06T22:37:56.443+0000] {processor.py:830} INFO - Processing file /home/airflow/.local/lib/python3.8/site-packages/airflow/example_dags/example_complex.py for tasks to queue
[2024-03-06T22:37:56.445+0000] {logging_mixin.py:188} INFO - [2024-03-06T22:37:56.445+0000] {dagbag.py:540} INFO - Filling up the DagBag from /home/airflow/.local/lib/python3.8/site-packages/airflow/example_dags/example_complex.py
[2024-03-06T22:37:56.474+0000] {processor.py:840} INFO - DAG(s) 'example_complex' retrieved from /home/airflow/.local/lib/python3.8/site-packages/airflow/example_dags/example_complex.py
[2024-03-06T22:37:56.621+0000] {logging_mixin.py:188} INFO - [2024-03-06T22:37:56.619+0000] {dag.py:3047} INFO - Sync 1 DAGs
[2024-03-06T22:37:56.643+0000] {logging_mixin.py:188} INFO - [2024-03-06T22:37:56.643+0000] {dag.py:3834} INFO - Setting next_dagrun for example_complex to None, run_after=None
[2024-03-06T22:37:56.673+0000] {processor.py:183} INFO - Processing /home/airflow/.local/lib/python3.8/site-packages/airflow/example_dags/example_complex.py took 0.238 seconds
[2024-03-06T22:38:27.003+0000] {processor.py:161} INFO - Started process (PID=2294) to work on /home/airflow/.local/lib/python3.8/site-packages/airflow/example_dags/example_complex.py
[2024-03-06T22:38:27.005+0000] {processor.py:830} INFO - Processing file /home/airflow/.local/lib/python3.8/site-packages/airflow/example_dags/example_complex.py for tasks to queue
[2024-03-06T22:38:27.010+0000] {logging_mixin.py:188} INFO - [2024-03-06T22:38:27.009+0000] {dagbag.py:540} INFO - Filling up the DagBag from /home/airflow/.local/lib/python3.8/site-packages/airflow/example_dags/example_complex.py
[2024-03-06T22:38:27.029+0000] {processor.py:840} INFO - DAG(s) 'example_complex' retrieved from /home/airflow/.local/lib/python3.8/site-packages/airflow/example_dags/example_complex.py
[2024-03-06T22:38:27.075+0000] {logging_mixin.py:188} INFO - [2024-03-06T22:38:27.075+0000] {dag.py:3047} INFO - Sync 1 DAGs
[2024-03-06T22:38:27.098+0000] {logging_mixin.py:188} INFO - [2024-03-06T22:38:27.097+0000] {dag.py:3834} INFO - Setting next_dagrun for example_complex to None, run_after=None
[2024-03-06T22:38:27.134+0000] {processor.py:183} INFO - Processing /home/airflow/.local/lib/python3.8/site-packages/airflow/example_dags/example_complex.py took 0.138 seconds
[2024-03-06T22:38:57.888+0000] {processor.py:161} INFO - Started process (PID=2349) to work on /home/airflow/.local/lib/python3.8/site-packages/airflow/example_dags/example_complex.py
[2024-03-06T22:38:57.892+0000] {processor.py:830} INFO - Processing file /home/airflow/.local/lib/python3.8/site-packages/airflow/example_dags/example_complex.py for tasks to queue
[2024-03-06T22:38:57.895+0000] {logging_mixin.py:188} INFO - [2024-03-06T22:38:57.895+0000] {dagbag.py:540} INFO - Filling up the DagBag from /home/airflow/.local/lib/python3.8/site-packages/airflow/example_dags/example_complex.py
[2024-03-06T22:38:57.914+0000] {processor.py:840} INFO - DAG(s) 'example_complex' retrieved from /home/airflow/.local/lib/python3.8/site-packages/airflow/example_dags/example_complex.py
[2024-03-06T22:38:57.962+0000] {logging_mixin.py:188} INFO - [2024-03-06T22:38:57.961+0000] {dag.py:3047} INFO - Sync 1 DAGs
[2024-03-06T22:38:57.980+0000] {logging_mixin.py:188} INFO - [2024-03-06T22:38:57.980+0000] {dag.py:3834} INFO - Setting next_dagrun for example_complex to None, run_after=None
[2024-03-06T22:38:58.009+0000] {processor.py:183} INFO - Processing /home/airflow/.local/lib/python3.8/site-packages/airflow/example_dags/example_complex.py took 0.126 seconds
[2024-03-06T22:39:28.522+0000] {processor.py:161} INFO - Started process (PID=2404) to work on /home/airflow/.local/lib/python3.8/site-packages/airflow/example_dags/example_complex.py
[2024-03-06T22:39:28.523+0000] {processor.py:830} INFO - Processing file /home/airflow/.local/lib/python3.8/site-packages/airflow/example_dags/example_complex.py for tasks to queue
[2024-03-06T22:39:28.528+0000] {logging_mixin.py:188} INFO - [2024-03-06T22:39:28.526+0000] {dagbag.py:540} INFO - Filling up the DagBag from /home/airflow/.local/lib/python3.8/site-packages/airflow/example_dags/example_complex.py
[2024-03-06T22:39:28.551+0000] {processor.py:840} INFO - DAG(s) 'example_complex' retrieved from /home/airflow/.local/lib/python3.8/site-packages/airflow/example_dags/example_complex.py
[2024-03-06T22:39:28.609+0000] {logging_mixin.py:188} INFO - [2024-03-06T22:39:28.609+0000] {dag.py:3047} INFO - Sync 1 DAGs
[2024-03-06T22:39:28.632+0000] {logging_mixin.py:188} INFO - [2024-03-06T22:39:28.631+0000] {dag.py:3834} INFO - Setting next_dagrun for example_complex to None, run_after=None
[2024-03-06T22:39:28.670+0000] {processor.py:183} INFO - Processing /home/airflow/.local/lib/python3.8/site-packages/airflow/example_dags/example_complex.py took 0.156 seconds
[2024-03-06T22:39:58.983+0000] {processor.py:161} INFO - Started process (PID=2458) to work on /home/airflow/.local/lib/python3.8/site-packages/airflow/example_dags/example_complex.py
[2024-03-06T22:39:58.985+0000] {processor.py:830} INFO - Processing file /home/airflow/.local/lib/python3.8/site-packages/airflow/example_dags/example_complex.py for tasks to queue
[2024-03-06T22:39:58.988+0000] {logging_mixin.py:188} INFO - [2024-03-06T22:39:58.988+0000] {dagbag.py:540} INFO - Filling up the DagBag from /home/airflow/.local/lib/python3.8/site-packages/airflow/example_dags/example_complex.py
[2024-03-06T22:39:59.005+0000] {processor.py:840} INFO - DAG(s) 'example_complex' retrieved from /home/airflow/.local/lib/python3.8/site-packages/airflow/example_dags/example_complex.py
[2024-03-06T22:39:59.050+0000] {logging_mixin.py:188} INFO - [2024-03-06T22:39:59.050+0000] {dag.py:3047} INFO - Sync 1 DAGs
[2024-03-06T22:39:59.070+0000] {logging_mixin.py:188} INFO - [2024-03-06T22:39:59.069+0000] {dag.py:3834} INFO - Setting next_dagrun for example_complex to None, run_after=None
[2024-03-06T22:39:59.104+0000] {processor.py:183} INFO - Processing /home/airflow/.local/lib/python3.8/site-packages/airflow/example_dags/example_complex.py took 0.125 seconds
[2024-03-06T22:40:29.253+0000] {processor.py:161} INFO - Started process (PID=2514) to work on /home/airflow/.local/lib/python3.8/site-packages/airflow/example_dags/example_complex.py
[2024-03-06T22:40:29.254+0000] {processor.py:830} INFO - Processing file /home/airflow/.local/lib/python3.8/site-packages/airflow/example_dags/example_complex.py for tasks to queue
[2024-03-06T22:40:29.257+0000] {logging_mixin.py:188} INFO - [2024-03-06T22:40:29.257+0000] {dagbag.py:540} INFO - Filling up the DagBag from /home/airflow/.local/lib/python3.8/site-packages/airflow/example_dags/example_complex.py
[2024-03-06T22:40:29.272+0000] {processor.py:840} INFO - DAG(s) 'example_complex' retrieved from /home/airflow/.local/lib/python3.8/site-packages/airflow/example_dags/example_complex.py
[2024-03-06T22:40:29.314+0000] {logging_mixin.py:188} INFO - [2024-03-06T22:40:29.313+0000] {dag.py:3047} INFO - Sync 1 DAGs
[2024-03-06T22:40:29.330+0000] {logging_mixin.py:188} INFO - [2024-03-06T22:40:29.330+0000] {dag.py:3834} INFO - Setting next_dagrun for example_complex to None, run_after=None
[2024-03-06T22:40:29.358+0000] {processor.py:183} INFO - Processing /home/airflow/.local/lib/python3.8/site-packages/airflow/example_dags/example_complex.py took 0.110 seconds
[2024-03-06T22:40:59.793+0000] {processor.py:161} INFO - Started process (PID=2569) to work on /home/airflow/.local/lib/python3.8/site-packages/airflow/example_dags/example_complex.py
[2024-03-06T22:40:59.794+0000] {processor.py:830} INFO - Processing file /home/airflow/.local/lib/python3.8/site-packages/airflow/example_dags/example_complex.py for tasks to queue
[2024-03-06T22:40:59.797+0000] {logging_mixin.py:188} INFO - [2024-03-06T22:40:59.797+0000] {dagbag.py:540} INFO - Filling up the DagBag from /home/airflow/.local/lib/python3.8/site-packages/airflow/example_dags/example_complex.py
[2024-03-06T22:40:59.813+0000] {processor.py:840} INFO - DAG(s) 'example_complex' retrieved from /home/airflow/.local/lib/python3.8/site-packages/airflow/example_dags/example_complex.py
[2024-03-06T22:40:59.862+0000] {logging_mixin.py:188} INFO - [2024-03-06T22:40:59.861+0000] {dag.py:3047} INFO - Sync 1 DAGs
[2024-03-06T22:40:59.880+0000] {logging_mixin.py:188} INFO - [2024-03-06T22:40:59.880+0000] {dag.py:3834} INFO - Setting next_dagrun for example_complex to None, run_after=None
[2024-03-06T22:40:59.908+0000] {processor.py:183} INFO - Processing /home/airflow/.local/lib/python3.8/site-packages/airflow/example_dags/example_complex.py took 0.120 seconds
[2024-03-06T22:41:30.085+0000] {processor.py:161} INFO - Started process (PID=2623) to work on /home/airflow/.local/lib/python3.8/site-packages/airflow/example_dags/example_complex.py
[2024-03-06T22:41:30.087+0000] {processor.py:830} INFO - Processing file /home/airflow/.local/lib/python3.8/site-packages/airflow/example_dags/example_complex.py for tasks to queue
[2024-03-06T22:41:30.091+0000] {logging_mixin.py:188} INFO - [2024-03-06T22:41:30.090+0000] {dagbag.py:540} INFO - Filling up the DagBag from /home/airflow/.local/lib/python3.8/site-packages/airflow/example_dags/example_complex.py
[2024-03-06T22:41:30.107+0000] {processor.py:840} INFO - DAG(s) 'example_complex' retrieved from /home/airflow/.local/lib/python3.8/site-packages/airflow/example_dags/example_complex.py
[2024-03-06T22:41:30.158+0000] {logging_mixin.py:188} INFO - [2024-03-06T22:41:30.157+0000] {dag.py:3047} INFO - Sync 1 DAGs
[2024-03-06T22:41:30.176+0000] {logging_mixin.py:188} INFO - [2024-03-06T22:41:30.176+0000] {dag.py:3834} INFO - Setting next_dagrun for example_complex to None, run_after=None
[2024-03-06T22:41:30.207+0000] {processor.py:183} INFO - Processing /home/airflow/.local/lib/python3.8/site-packages/airflow/example_dags/example_complex.py took 0.127 seconds
[2024-03-06T22:42:00.676+0000] {processor.py:161} INFO - Started process (PID=2678) to work on /home/airflow/.local/lib/python3.8/site-packages/airflow/example_dags/example_complex.py
[2024-03-06T22:42:00.678+0000] {processor.py:830} INFO - Processing file /home/airflow/.local/lib/python3.8/site-packages/airflow/example_dags/example_complex.py for tasks to queue
[2024-03-06T22:42:00.683+0000] {logging_mixin.py:188} INFO - [2024-03-06T22:42:00.682+0000] {dagbag.py:540} INFO - Filling up the DagBag from /home/airflow/.local/lib/python3.8/site-packages/airflow/example_dags/example_complex.py
[2024-03-06T22:42:00.703+0000] {processor.py:840} INFO - DAG(s) 'example_complex' retrieved from /home/airflow/.local/lib/python3.8/site-packages/airflow/example_dags/example_complex.py
[2024-03-06T22:42:00.759+0000] {logging_mixin.py:188} INFO - [2024-03-06T22:42:00.759+0000] {dag.py:3047} INFO - Sync 1 DAGs
[2024-03-06T22:42:00.780+0000] {logging_mixin.py:188} INFO - [2024-03-06T22:42:00.780+0000] {dag.py:3834} INFO - Setting next_dagrun for example_complex to None, run_after=None
[2024-03-06T22:42:00.814+0000] {processor.py:183} INFO - Processing /home/airflow/.local/lib/python3.8/site-packages/airflow/example_dags/example_complex.py took 0.145 seconds
[2024-03-06T22:42:30.864+0000] {processor.py:161} INFO - Started process (PID=2733) to work on /home/airflow/.local/lib/python3.8/site-packages/airflow/example_dags/example_complex.py
[2024-03-06T22:42:30.867+0000] {processor.py:830} INFO - Processing file /home/airflow/.local/lib/python3.8/site-packages/airflow/example_dags/example_complex.py for tasks to queue
[2024-03-06T22:42:30.871+0000] {logging_mixin.py:188} INFO - [2024-03-06T22:42:30.870+0000] {dagbag.py:540} INFO - Filling up the DagBag from /home/airflow/.local/lib/python3.8/site-packages/airflow/example_dags/example_complex.py
[2024-03-06T22:42:30.942+0000] {processor.py:840} INFO - DAG(s) 'example_complex' retrieved from /home/airflow/.local/lib/python3.8/site-packages/airflow/example_dags/example_complex.py
[2024-03-06T22:42:30.997+0000] {logging_mixin.py:188} INFO - [2024-03-06T22:42:30.997+0000] {dag.py:3047} INFO - Sync 1 DAGs
[2024-03-06T22:42:31.014+0000] {logging_mixin.py:188} INFO - [2024-03-06T22:42:31.014+0000] {dag.py:3834} INFO - Setting next_dagrun for example_complex to None, run_after=None
[2024-03-06T22:42:31.042+0000] {processor.py:183} INFO - Processing /home/airflow/.local/lib/python3.8/site-packages/airflow/example_dags/example_complex.py took 0.184 seconds
