[2024-03-06T22:17:42.732+0000] {processor.py:161} INFO - Started process (PID=56) to work on /home/airflow/.local/lib/python3.8/site-packages/airflow/example_dags/example_task_group.py
[2024-03-06T22:17:42.735+0000] {processor.py:830} INFO - Processing file /home/airflow/.local/lib/python3.8/site-packages/airflow/example_dags/example_task_group.py for tasks to queue
[2024-03-06T22:17:42.738+0000] {logging_mixin.py:188} INFO - [2024-03-06T22:17:42.737+0000] {dagbag.py:540} INFO - Filling up the DagBag from /home/airflow/.local/lib/python3.8/site-packages/airflow/example_dags/example_task_group.py
[2024-03-06T22:17:42.753+0000] {processor.py:840} INFO - DAG(s) 'example_task_group' retrieved from /home/airflow/.local/lib/python3.8/site-packages/airflow/example_dags/example_task_group.py
[2024-03-06T22:17:43.048+0000] {logging_mixin.py:188} INFO - [2024-03-06T22:17:43.047+0000] {dag.py:3047} INFO - Sync 1 DAGs
[2024-03-06T22:17:43.087+0000] {logging_mixin.py:188} INFO - [2024-03-06T22:17:43.087+0000] {dag.py:3834} INFO - Setting next_dagrun for example_task_group to 2024-03-05 00:00:00+00:00, run_after=2024-03-06 00:00:00+00:00
[2024-03-06T22:17:43.171+0000] {processor.py:183} INFO - Processing /home/airflow/.local/lib/python3.8/site-packages/airflow/example_dags/example_task_group.py took 0.445 seconds
[2024-03-06T22:18:13.236+0000] {processor.py:161} INFO - Started process (PID=111) to work on /home/airflow/.local/lib/python3.8/site-packages/airflow/example_dags/example_task_group.py
[2024-03-06T22:18:13.238+0000] {processor.py:830} INFO - Processing file /home/airflow/.local/lib/python3.8/site-packages/airflow/example_dags/example_task_group.py for tasks to queue
[2024-03-06T22:18:13.244+0000] {logging_mixin.py:188} INFO - [2024-03-06T22:18:13.244+0000] {dagbag.py:540} INFO - Filling up the DagBag from /home/airflow/.local/lib/python3.8/site-packages/airflow/example_dags/example_task_group.py
[2024-03-06T22:18:13.262+0000] {processor.py:840} INFO - DAG(s) 'example_task_group' retrieved from /home/airflow/.local/lib/python3.8/site-packages/airflow/example_dags/example_task_group.py
[2024-03-06T22:18:13.390+0000] {logging_mixin.py:188} INFO - [2024-03-06T22:18:13.389+0000] {dag.py:3047} INFO - Sync 1 DAGs
[2024-03-06T22:18:13.444+0000] {logging_mixin.py:188} INFO - [2024-03-06T22:18:13.444+0000] {dag.py:3834} INFO - Setting next_dagrun for example_task_group to 2024-03-05 00:00:00+00:00, run_after=2024-03-06 00:00:00+00:00
[2024-03-06T22:18:13.477+0000] {processor.py:183} INFO - Processing /home/airflow/.local/lib/python3.8/site-packages/airflow/example_dags/example_task_group.py took 0.247 seconds
[2024-03-06T22:18:43.901+0000] {processor.py:161} INFO - Started process (PID=166) to work on /home/airflow/.local/lib/python3.8/site-packages/airflow/example_dags/example_task_group.py
[2024-03-06T22:18:43.908+0000] {processor.py:830} INFO - Processing file /home/airflow/.local/lib/python3.8/site-packages/airflow/example_dags/example_task_group.py for tasks to queue
[2024-03-06T22:18:43.915+0000] {logging_mixin.py:188} INFO - [2024-03-06T22:18:43.914+0000] {dagbag.py:540} INFO - Filling up the DagBag from /home/airflow/.local/lib/python3.8/site-packages/airflow/example_dags/example_task_group.py
[2024-03-06T22:18:43.930+0000] {processor.py:840} INFO - DAG(s) 'example_task_group' retrieved from /home/airflow/.local/lib/python3.8/site-packages/airflow/example_dags/example_task_group.py
[2024-03-06T22:18:43.974+0000] {logging_mixin.py:188} INFO - [2024-03-06T22:18:43.973+0000] {dag.py:3047} INFO - Sync 1 DAGs
[2024-03-06T22:18:44.011+0000] {logging_mixin.py:188} INFO - [2024-03-06T22:18:44.011+0000] {dag.py:3834} INFO - Setting next_dagrun for example_task_group to 2024-03-05 00:00:00+00:00, run_after=2024-03-06 00:00:00+00:00
[2024-03-06T22:18:44.051+0000] {processor.py:183} INFO - Processing /home/airflow/.local/lib/python3.8/site-packages/airflow/example_dags/example_task_group.py took 0.156 seconds
[2024-03-06T22:19:14.146+0000] {processor.py:161} INFO - Started process (PID=221) to work on /home/airflow/.local/lib/python3.8/site-packages/airflow/example_dags/example_task_group.py
[2024-03-06T22:19:14.148+0000] {processor.py:830} INFO - Processing file /home/airflow/.local/lib/python3.8/site-packages/airflow/example_dags/example_task_group.py for tasks to queue
[2024-03-06T22:19:14.150+0000] {logging_mixin.py:188} INFO - [2024-03-06T22:19:14.150+0000] {dagbag.py:540} INFO - Filling up the DagBag from /home/airflow/.local/lib/python3.8/site-packages/airflow/example_dags/example_task_group.py
[2024-03-06T22:19:14.160+0000] {processor.py:840} INFO - DAG(s) 'example_task_group' retrieved from /home/airflow/.local/lib/python3.8/site-packages/airflow/example_dags/example_task_group.py
[2024-03-06T22:19:14.193+0000] {logging_mixin.py:188} INFO - [2024-03-06T22:19:14.192+0000] {dag.py:3047} INFO - Sync 1 DAGs
[2024-03-06T22:19:14.229+0000] {logging_mixin.py:188} INFO - [2024-03-06T22:19:14.229+0000] {dag.py:3834} INFO - Setting next_dagrun for example_task_group to 2024-03-05 00:00:00+00:00, run_after=2024-03-06 00:00:00+00:00
[2024-03-06T22:19:14.263+0000] {processor.py:183} INFO - Processing /home/airflow/.local/lib/python3.8/site-packages/airflow/example_dags/example_task_group.py took 0.122 seconds
[2024-03-06T22:19:44.373+0000] {processor.py:161} INFO - Started process (PID=276) to work on /home/airflow/.local/lib/python3.8/site-packages/airflow/example_dags/example_task_group.py
[2024-03-06T22:19:44.374+0000] {processor.py:830} INFO - Processing file /home/airflow/.local/lib/python3.8/site-packages/airflow/example_dags/example_task_group.py for tasks to queue
[2024-03-06T22:19:44.377+0000] {logging_mixin.py:188} INFO - [2024-03-06T22:19:44.376+0000] {dagbag.py:540} INFO - Filling up the DagBag from /home/airflow/.local/lib/python3.8/site-packages/airflow/example_dags/example_task_group.py
[2024-03-06T22:19:44.387+0000] {processor.py:840} INFO - DAG(s) 'example_task_group' retrieved from /home/airflow/.local/lib/python3.8/site-packages/airflow/example_dags/example_task_group.py
[2024-03-06T22:19:44.416+0000] {logging_mixin.py:188} INFO - [2024-03-06T22:19:44.416+0000] {dag.py:3047} INFO - Sync 1 DAGs
[2024-03-06T22:19:44.445+0000] {logging_mixin.py:188} INFO - [2024-03-06T22:19:44.445+0000] {dag.py:3834} INFO - Setting next_dagrun for example_task_group to 2024-03-05 00:00:00+00:00, run_after=2024-03-06 00:00:00+00:00
[2024-03-06T22:19:44.471+0000] {processor.py:183} INFO - Processing /home/airflow/.local/lib/python3.8/site-packages/airflow/example_dags/example_task_group.py took 0.102 seconds
[2024-03-06T22:20:14.602+0000] {processor.py:161} INFO - Started process (PID=331) to work on /home/airflow/.local/lib/python3.8/site-packages/airflow/example_dags/example_task_group.py
[2024-03-06T22:20:14.604+0000] {processor.py:830} INFO - Processing file /home/airflow/.local/lib/python3.8/site-packages/airflow/example_dags/example_task_group.py for tasks to queue
[2024-03-06T22:20:14.606+0000] {logging_mixin.py:188} INFO - [2024-03-06T22:20:14.606+0000] {dagbag.py:540} INFO - Filling up the DagBag from /home/airflow/.local/lib/python3.8/site-packages/airflow/example_dags/example_task_group.py
[2024-03-06T22:20:14.619+0000] {processor.py:840} INFO - DAG(s) 'example_task_group' retrieved from /home/airflow/.local/lib/python3.8/site-packages/airflow/example_dags/example_task_group.py
[2024-03-06T22:20:14.648+0000] {logging_mixin.py:188} INFO - [2024-03-06T22:20:14.647+0000] {dag.py:3047} INFO - Sync 1 DAGs
[2024-03-06T22:20:14.681+0000] {logging_mixin.py:188} INFO - [2024-03-06T22:20:14.680+0000] {dag.py:3834} INFO - Setting next_dagrun for example_task_group to 2024-03-05 00:00:00+00:00, run_after=2024-03-06 00:00:00+00:00
[2024-03-06T22:20:14.706+0000] {processor.py:183} INFO - Processing /home/airflow/.local/lib/python3.8/site-packages/airflow/example_dags/example_task_group.py took 0.108 seconds
[2024-03-06T22:20:44.977+0000] {processor.py:161} INFO - Started process (PID=386) to work on /home/airflow/.local/lib/python3.8/site-packages/airflow/example_dags/example_task_group.py
[2024-03-06T22:20:44.979+0000] {processor.py:830} INFO - Processing file /home/airflow/.local/lib/python3.8/site-packages/airflow/example_dags/example_task_group.py for tasks to queue
[2024-03-06T22:20:44.985+0000] {logging_mixin.py:188} INFO - [2024-03-06T22:20:44.985+0000] {dagbag.py:540} INFO - Filling up the DagBag from /home/airflow/.local/lib/python3.8/site-packages/airflow/example_dags/example_task_group.py
[2024-03-06T22:20:44.996+0000] {processor.py:840} INFO - DAG(s) 'example_task_group' retrieved from /home/airflow/.local/lib/python3.8/site-packages/airflow/example_dags/example_task_group.py
[2024-03-06T22:20:45.027+0000] {logging_mixin.py:188} INFO - [2024-03-06T22:20:45.027+0000] {dag.py:3047} INFO - Sync 1 DAGs
[2024-03-06T22:20:45.058+0000] {logging_mixin.py:188} INFO - [2024-03-06T22:20:45.058+0000] {dag.py:3834} INFO - Setting next_dagrun for example_task_group to 2024-03-05 00:00:00+00:00, run_after=2024-03-06 00:00:00+00:00
[2024-03-06T22:20:45.084+0000] {processor.py:183} INFO - Processing /home/airflow/.local/lib/python3.8/site-packages/airflow/example_dags/example_task_group.py took 0.112 seconds
[2024-03-06T22:21:15.231+0000] {processor.py:161} INFO - Started process (PID=441) to work on /home/airflow/.local/lib/python3.8/site-packages/airflow/example_dags/example_task_group.py
[2024-03-06T22:21:15.232+0000] {processor.py:830} INFO - Processing file /home/airflow/.local/lib/python3.8/site-packages/airflow/example_dags/example_task_group.py for tasks to queue
[2024-03-06T22:21:15.237+0000] {logging_mixin.py:188} INFO - [2024-03-06T22:21:15.236+0000] {dagbag.py:540} INFO - Filling up the DagBag from /home/airflow/.local/lib/python3.8/site-packages/airflow/example_dags/example_task_group.py
[2024-03-06T22:21:15.246+0000] {processor.py:840} INFO - DAG(s) 'example_task_group' retrieved from /home/airflow/.local/lib/python3.8/site-packages/airflow/example_dags/example_task_group.py
[2024-03-06T22:21:15.276+0000] {logging_mixin.py:188} INFO - [2024-03-06T22:21:15.276+0000] {dag.py:3047} INFO - Sync 1 DAGs
[2024-03-06T22:21:15.360+0000] {logging_mixin.py:188} INFO - [2024-03-06T22:21:15.359+0000] {dag.py:3834} INFO - Setting next_dagrun for example_task_group to 2024-03-05 00:00:00+00:00, run_after=2024-03-06 00:00:00+00:00
[2024-03-06T22:21:15.393+0000] {processor.py:183} INFO - Processing /home/airflow/.local/lib/python3.8/site-packages/airflow/example_dags/example_task_group.py took 0.166 seconds
[2024-03-06T22:21:45.597+0000] {processor.py:161} INFO - Started process (PID=496) to work on /home/airflow/.local/lib/python3.8/site-packages/airflow/example_dags/example_task_group.py
[2024-03-06T22:21:45.599+0000] {processor.py:830} INFO - Processing file /home/airflow/.local/lib/python3.8/site-packages/airflow/example_dags/example_task_group.py for tasks to queue
[2024-03-06T22:21:45.603+0000] {logging_mixin.py:188} INFO - [2024-03-06T22:21:45.602+0000] {dagbag.py:540} INFO - Filling up the DagBag from /home/airflow/.local/lib/python3.8/site-packages/airflow/example_dags/example_task_group.py
[2024-03-06T22:21:45.615+0000] {processor.py:840} INFO - DAG(s) 'example_task_group' retrieved from /home/airflow/.local/lib/python3.8/site-packages/airflow/example_dags/example_task_group.py
[2024-03-06T22:21:45.647+0000] {logging_mixin.py:188} INFO - [2024-03-06T22:21:45.647+0000] {dag.py:3047} INFO - Sync 1 DAGs
[2024-03-06T22:21:45.678+0000] {logging_mixin.py:188} INFO - [2024-03-06T22:21:45.678+0000] {dag.py:3834} INFO - Setting next_dagrun for example_task_group to 2024-03-05 00:00:00+00:00, run_after=2024-03-06 00:00:00+00:00
[2024-03-06T22:21:45.707+0000] {processor.py:183} INFO - Processing /home/airflow/.local/lib/python3.8/site-packages/airflow/example_dags/example_task_group.py took 0.115 seconds
[2024-03-06T22:22:15.830+0000] {processor.py:161} INFO - Started process (PID=550) to work on /home/airflow/.local/lib/python3.8/site-packages/airflow/example_dags/example_task_group.py
[2024-03-06T22:22:15.832+0000] {processor.py:830} INFO - Processing file /home/airflow/.local/lib/python3.8/site-packages/airflow/example_dags/example_task_group.py for tasks to queue
[2024-03-06T22:22:15.834+0000] {logging_mixin.py:188} INFO - [2024-03-06T22:22:15.834+0000] {dagbag.py:540} INFO - Filling up the DagBag from /home/airflow/.local/lib/python3.8/site-packages/airflow/example_dags/example_task_group.py
[2024-03-06T22:22:15.846+0000] {processor.py:840} INFO - DAG(s) 'example_task_group' retrieved from /home/airflow/.local/lib/python3.8/site-packages/airflow/example_dags/example_task_group.py
[2024-03-06T22:22:15.879+0000] {logging_mixin.py:188} INFO - [2024-03-06T22:22:15.879+0000] {dag.py:3047} INFO - Sync 1 DAGs
[2024-03-06T22:22:15.909+0000] {logging_mixin.py:188} INFO - [2024-03-06T22:22:15.909+0000] {dag.py:3834} INFO - Setting next_dagrun for example_task_group to 2024-03-05 00:00:00+00:00, run_after=2024-03-06 00:00:00+00:00
[2024-03-06T22:22:15.934+0000] {processor.py:183} INFO - Processing /home/airflow/.local/lib/python3.8/site-packages/airflow/example_dags/example_task_group.py took 0.108 seconds
[2024-03-06T22:22:46.420+0000] {processor.py:161} INFO - Started process (PID=605) to work on /home/airflow/.local/lib/python3.8/site-packages/airflow/example_dags/example_task_group.py
[2024-03-06T22:22:46.421+0000] {processor.py:830} INFO - Processing file /home/airflow/.local/lib/python3.8/site-packages/airflow/example_dags/example_task_group.py for tasks to queue
[2024-03-06T22:22:46.424+0000] {logging_mixin.py:188} INFO - [2024-03-06T22:22:46.424+0000] {dagbag.py:540} INFO - Filling up the DagBag from /home/airflow/.local/lib/python3.8/site-packages/airflow/example_dags/example_task_group.py
[2024-03-06T22:22:46.435+0000] {processor.py:840} INFO - DAG(s) 'example_task_group' retrieved from /home/airflow/.local/lib/python3.8/site-packages/airflow/example_dags/example_task_group.py
[2024-03-06T22:22:46.551+0000] {logging_mixin.py:188} INFO - [2024-03-06T22:22:46.551+0000] {dag.py:3047} INFO - Sync 1 DAGs
[2024-03-06T22:22:46.605+0000] {logging_mixin.py:188} INFO - [2024-03-06T22:22:46.605+0000] {dag.py:3834} INFO - Setting next_dagrun for example_task_group to 2024-03-05 00:00:00+00:00, run_after=2024-03-06 00:00:00+00:00
[2024-03-06T22:22:46.641+0000] {processor.py:183} INFO - Processing /home/airflow/.local/lib/python3.8/site-packages/airflow/example_dags/example_task_group.py took 0.226 seconds
[2024-03-06T22:23:16.867+0000] {processor.py:161} INFO - Started process (PID=660) to work on /home/airflow/.local/lib/python3.8/site-packages/airflow/example_dags/example_task_group.py
[2024-03-06T22:23:16.869+0000] {processor.py:830} INFO - Processing file /home/airflow/.local/lib/python3.8/site-packages/airflow/example_dags/example_task_group.py for tasks to queue
[2024-03-06T22:23:16.872+0000] {logging_mixin.py:188} INFO - [2024-03-06T22:23:16.871+0000] {dagbag.py:540} INFO - Filling up the DagBag from /home/airflow/.local/lib/python3.8/site-packages/airflow/example_dags/example_task_group.py
[2024-03-06T22:23:16.881+0000] {processor.py:840} INFO - DAG(s) 'example_task_group' retrieved from /home/airflow/.local/lib/python3.8/site-packages/airflow/example_dags/example_task_group.py
[2024-03-06T22:23:16.912+0000] {logging_mixin.py:188} INFO - [2024-03-06T22:23:16.911+0000] {dag.py:3047} INFO - Sync 1 DAGs
[2024-03-06T22:23:16.939+0000] {logging_mixin.py:188} INFO - [2024-03-06T22:23:16.939+0000] {dag.py:3834} INFO - Setting next_dagrun for example_task_group to 2024-03-05 00:00:00+00:00, run_after=2024-03-06 00:00:00+00:00
[2024-03-06T22:23:16.966+0000] {processor.py:183} INFO - Processing /home/airflow/.local/lib/python3.8/site-packages/airflow/example_dags/example_task_group.py took 0.104 seconds
[2024-03-06T22:23:47.418+0000] {processor.py:161} INFO - Started process (PID=714) to work on /home/airflow/.local/lib/python3.8/site-packages/airflow/example_dags/example_task_group.py
[2024-03-06T22:23:47.420+0000] {processor.py:830} INFO - Processing file /home/airflow/.local/lib/python3.8/site-packages/airflow/example_dags/example_task_group.py for tasks to queue
[2024-03-06T22:23:47.424+0000] {logging_mixin.py:188} INFO - [2024-03-06T22:23:47.423+0000] {dagbag.py:540} INFO - Filling up the DagBag from /home/airflow/.local/lib/python3.8/site-packages/airflow/example_dags/example_task_group.py
[2024-03-06T22:23:47.445+0000] {processor.py:840} INFO - DAG(s) 'example_task_group' retrieved from /home/airflow/.local/lib/python3.8/site-packages/airflow/example_dags/example_task_group.py
[2024-03-06T22:23:47.505+0000] {logging_mixin.py:188} INFO - [2024-03-06T22:23:47.504+0000] {dag.py:3047} INFO - Sync 1 DAGs
[2024-03-06T22:23:47.629+0000] {logging_mixin.py:188} INFO - [2024-03-06T22:23:47.629+0000] {dag.py:3834} INFO - Setting next_dagrun for example_task_group to 2024-03-05 00:00:00+00:00, run_after=2024-03-06 00:00:00+00:00
[2024-03-06T22:23:47.693+0000] {processor.py:183} INFO - Processing /home/airflow/.local/lib/python3.8/site-packages/airflow/example_dags/example_task_group.py took 0.285 seconds
[2024-03-06T22:24:18.264+0000] {processor.py:161} INFO - Started process (PID=769) to work on /home/airflow/.local/lib/python3.8/site-packages/airflow/example_dags/example_task_group.py
[2024-03-06T22:24:18.266+0000] {processor.py:830} INFO - Processing file /home/airflow/.local/lib/python3.8/site-packages/airflow/example_dags/example_task_group.py for tasks to queue
[2024-03-06T22:24:18.269+0000] {logging_mixin.py:188} INFO - [2024-03-06T22:24:18.269+0000] {dagbag.py:540} INFO - Filling up the DagBag from /home/airflow/.local/lib/python3.8/site-packages/airflow/example_dags/example_task_group.py
[2024-03-06T22:24:18.284+0000] {processor.py:840} INFO - DAG(s) 'example_task_group' retrieved from /home/airflow/.local/lib/python3.8/site-packages/airflow/example_dags/example_task_group.py
[2024-03-06T22:24:18.328+0000] {logging_mixin.py:188} INFO - [2024-03-06T22:24:18.328+0000] {dag.py:3047} INFO - Sync 1 DAGs
[2024-03-06T22:24:18.386+0000] {logging_mixin.py:188} INFO - [2024-03-06T22:24:18.385+0000] {dag.py:3834} INFO - Setting next_dagrun for example_task_group to 2024-03-05 00:00:00+00:00, run_after=2024-03-06 00:00:00+00:00
[2024-03-06T22:24:18.427+0000] {processor.py:183} INFO - Processing /home/airflow/.local/lib/python3.8/site-packages/airflow/example_dags/example_task_group.py took 0.168 seconds
[2024-03-06T22:24:48.637+0000] {processor.py:161} INFO - Started process (PID=824) to work on /home/airflow/.local/lib/python3.8/site-packages/airflow/example_dags/example_task_group.py
[2024-03-06T22:24:48.646+0000] {processor.py:830} INFO - Processing file /home/airflow/.local/lib/python3.8/site-packages/airflow/example_dags/example_task_group.py for tasks to queue
[2024-03-06T22:24:48.652+0000] {logging_mixin.py:188} INFO - [2024-03-06T22:24:48.651+0000] {dagbag.py:540} INFO - Filling up the DagBag from /home/airflow/.local/lib/python3.8/site-packages/airflow/example_dags/example_task_group.py
[2024-03-06T22:24:48.678+0000] {processor.py:840} INFO - DAG(s) 'example_task_group' retrieved from /home/airflow/.local/lib/python3.8/site-packages/airflow/example_dags/example_task_group.py
[2024-03-06T22:24:48.742+0000] {logging_mixin.py:188} INFO - [2024-03-06T22:24:48.742+0000] {dag.py:3047} INFO - Sync 1 DAGs
[2024-03-06T22:24:48.783+0000] {logging_mixin.py:188} INFO - [2024-03-06T22:24:48.783+0000] {dag.py:3834} INFO - Setting next_dagrun for example_task_group to 2024-03-05 00:00:00+00:00, run_after=2024-03-06 00:00:00+00:00
[2024-03-06T22:24:48.810+0000] {processor.py:183} INFO - Processing /home/airflow/.local/lib/python3.8/site-packages/airflow/example_dags/example_task_group.py took 0.180 seconds
[2024-03-06T22:25:19.064+0000] {processor.py:161} INFO - Started process (PID=879) to work on /home/airflow/.local/lib/python3.8/site-packages/airflow/example_dags/example_task_group.py
[2024-03-06T22:25:19.066+0000] {processor.py:830} INFO - Processing file /home/airflow/.local/lib/python3.8/site-packages/airflow/example_dags/example_task_group.py for tasks to queue
[2024-03-06T22:25:19.069+0000] {logging_mixin.py:188} INFO - [2024-03-06T22:25:19.068+0000] {dagbag.py:540} INFO - Filling up the DagBag from /home/airflow/.local/lib/python3.8/site-packages/airflow/example_dags/example_task_group.py
[2024-03-06T22:25:19.080+0000] {processor.py:840} INFO - DAG(s) 'example_task_group' retrieved from /home/airflow/.local/lib/python3.8/site-packages/airflow/example_dags/example_task_group.py
[2024-03-06T22:25:19.112+0000] {logging_mixin.py:188} INFO - [2024-03-06T22:25:19.112+0000] {dag.py:3047} INFO - Sync 1 DAGs
[2024-03-06T22:25:19.144+0000] {logging_mixin.py:188} INFO - [2024-03-06T22:25:19.144+0000] {dag.py:3834} INFO - Setting next_dagrun for example_task_group to 2024-03-05 00:00:00+00:00, run_after=2024-03-06 00:00:00+00:00
[2024-03-06T22:25:19.172+0000] {processor.py:183} INFO - Processing /home/airflow/.local/lib/python3.8/site-packages/airflow/example_dags/example_task_group.py took 0.113 seconds
[2024-03-06T22:25:49.351+0000] {processor.py:161} INFO - Started process (PID=933) to work on /home/airflow/.local/lib/python3.8/site-packages/airflow/example_dags/example_task_group.py
[2024-03-06T22:25:49.353+0000] {processor.py:830} INFO - Processing file /home/airflow/.local/lib/python3.8/site-packages/airflow/example_dags/example_task_group.py for tasks to queue
[2024-03-06T22:25:49.357+0000] {logging_mixin.py:188} INFO - [2024-03-06T22:25:49.356+0000] {dagbag.py:540} INFO - Filling up the DagBag from /home/airflow/.local/lib/python3.8/site-packages/airflow/example_dags/example_task_group.py
[2024-03-06T22:25:49.373+0000] {processor.py:840} INFO - DAG(s) 'example_task_group' retrieved from /home/airflow/.local/lib/python3.8/site-packages/airflow/example_dags/example_task_group.py
[2024-03-06T22:25:49.419+0000] {logging_mixin.py:188} INFO - [2024-03-06T22:25:49.419+0000] {dag.py:3047} INFO - Sync 1 DAGs
[2024-03-06T22:25:49.478+0000] {logging_mixin.py:188} INFO - [2024-03-06T22:25:49.475+0000] {dag.py:3834} INFO - Setting next_dagrun for example_task_group to 2024-03-05 00:00:00+00:00, run_after=2024-03-06 00:00:00+00:00
[2024-03-06T22:25:49.514+0000] {processor.py:183} INFO - Processing /home/airflow/.local/lib/python3.8/site-packages/airflow/example_dags/example_task_group.py took 0.169 seconds
[2024-03-06T22:26:19.957+0000] {processor.py:161} INFO - Started process (PID=988) to work on /home/airflow/.local/lib/python3.8/site-packages/airflow/example_dags/example_task_group.py
[2024-03-06T22:26:19.959+0000] {processor.py:830} INFO - Processing file /home/airflow/.local/lib/python3.8/site-packages/airflow/example_dags/example_task_group.py for tasks to queue
[2024-03-06T22:26:19.962+0000] {logging_mixin.py:188} INFO - [2024-03-06T22:26:19.961+0000] {dagbag.py:540} INFO - Filling up the DagBag from /home/airflow/.local/lib/python3.8/site-packages/airflow/example_dags/example_task_group.py
[2024-03-06T22:26:19.972+0000] {processor.py:840} INFO - DAG(s) 'example_task_group' retrieved from /home/airflow/.local/lib/python3.8/site-packages/airflow/example_dags/example_task_group.py
[2024-03-06T22:26:20.022+0000] {logging_mixin.py:188} INFO - [2024-03-06T22:26:20.022+0000] {dag.py:3047} INFO - Sync 1 DAGs
[2024-03-06T22:26:20.076+0000] {logging_mixin.py:188} INFO - [2024-03-06T22:26:20.075+0000] {dag.py:3834} INFO - Setting next_dagrun for example_task_group to 2024-03-05 00:00:00+00:00, run_after=2024-03-06 00:00:00+00:00
[2024-03-06T22:26:20.129+0000] {processor.py:183} INFO - Processing /home/airflow/.local/lib/python3.8/site-packages/airflow/example_dags/example_task_group.py took 0.176 seconds
[2024-03-06T22:26:50.171+0000] {processor.py:161} INFO - Started process (PID=1042) to work on /home/airflow/.local/lib/python3.8/site-packages/airflow/example_dags/example_task_group.py
[2024-03-06T22:26:50.172+0000] {processor.py:830} INFO - Processing file /home/airflow/.local/lib/python3.8/site-packages/airflow/example_dags/example_task_group.py for tasks to queue
[2024-03-06T22:26:50.175+0000] {logging_mixin.py:188} INFO - [2024-03-06T22:26:50.174+0000] {dagbag.py:540} INFO - Filling up the DagBag from /home/airflow/.local/lib/python3.8/site-packages/airflow/example_dags/example_task_group.py
[2024-03-06T22:26:50.184+0000] {processor.py:840} INFO - DAG(s) 'example_task_group' retrieved from /home/airflow/.local/lib/python3.8/site-packages/airflow/example_dags/example_task_group.py
[2024-03-06T22:26:50.213+0000] {logging_mixin.py:188} INFO - [2024-03-06T22:26:50.212+0000] {dag.py:3047} INFO - Sync 1 DAGs
[2024-03-06T22:26:50.241+0000] {logging_mixin.py:188} INFO - [2024-03-06T22:26:50.240+0000] {dag.py:3834} INFO - Setting next_dagrun for example_task_group to 2024-03-05 00:00:00+00:00, run_after=2024-03-06 00:00:00+00:00
[2024-03-06T22:26:50.266+0000] {processor.py:183} INFO - Processing /home/airflow/.local/lib/python3.8/site-packages/airflow/example_dags/example_task_group.py took 0.100 seconds
[2024-03-06T22:27:20.515+0000] {processor.py:161} INFO - Started process (PID=1098) to work on /home/airflow/.local/lib/python3.8/site-packages/airflow/example_dags/example_task_group.py
[2024-03-06T22:27:20.517+0000] {processor.py:830} INFO - Processing file /home/airflow/.local/lib/python3.8/site-packages/airflow/example_dags/example_task_group.py for tasks to queue
[2024-03-06T22:27:20.520+0000] {logging_mixin.py:188} INFO - [2024-03-06T22:27:20.519+0000] {dagbag.py:540} INFO - Filling up the DagBag from /home/airflow/.local/lib/python3.8/site-packages/airflow/example_dags/example_task_group.py
[2024-03-06T22:27:20.530+0000] {processor.py:840} INFO - DAG(s) 'example_task_group' retrieved from /home/airflow/.local/lib/python3.8/site-packages/airflow/example_dags/example_task_group.py
[2024-03-06T22:27:20.580+0000] {logging_mixin.py:188} INFO - [2024-03-06T22:27:20.580+0000] {dag.py:3047} INFO - Sync 1 DAGs
[2024-03-06T22:27:20.614+0000] {logging_mixin.py:188} INFO - [2024-03-06T22:27:20.614+0000] {dag.py:3834} INFO - Setting next_dagrun for example_task_group to 2024-03-05 00:00:00+00:00, run_after=2024-03-06 00:00:00+00:00
[2024-03-06T22:27:20.641+0000] {processor.py:183} INFO - Processing /home/airflow/.local/lib/python3.8/site-packages/airflow/example_dags/example_task_group.py took 0.130 seconds
[2024-03-06T22:27:50.823+0000] {processor.py:161} INFO - Started process (PID=1153) to work on /home/airflow/.local/lib/python3.8/site-packages/airflow/example_dags/example_task_group.py
[2024-03-06T22:27:50.824+0000] {processor.py:830} INFO - Processing file /home/airflow/.local/lib/python3.8/site-packages/airflow/example_dags/example_task_group.py for tasks to queue
[2024-03-06T22:27:50.827+0000] {logging_mixin.py:188} INFO - [2024-03-06T22:27:50.827+0000] {dagbag.py:540} INFO - Filling up the DagBag from /home/airflow/.local/lib/python3.8/site-packages/airflow/example_dags/example_task_group.py
[2024-03-06T22:27:50.838+0000] {processor.py:840} INFO - DAG(s) 'example_task_group' retrieved from /home/airflow/.local/lib/python3.8/site-packages/airflow/example_dags/example_task_group.py
[2024-03-06T22:27:50.871+0000] {logging_mixin.py:188} INFO - [2024-03-06T22:27:50.871+0000] {dag.py:3047} INFO - Sync 1 DAGs
[2024-03-06T22:27:50.902+0000] {logging_mixin.py:188} INFO - [2024-03-06T22:27:50.902+0000] {dag.py:3834} INFO - Setting next_dagrun for example_task_group to 2024-03-05 00:00:00+00:00, run_after=2024-03-06 00:00:00+00:00
[2024-03-06T22:27:50.934+0000] {processor.py:183} INFO - Processing /home/airflow/.local/lib/python3.8/site-packages/airflow/example_dags/example_task_group.py took 0.116 seconds
[2024-03-06T22:28:21.064+0000] {processor.py:161} INFO - Started process (PID=1208) to work on /home/airflow/.local/lib/python3.8/site-packages/airflow/example_dags/example_task_group.py
[2024-03-06T22:28:21.066+0000] {processor.py:830} INFO - Processing file /home/airflow/.local/lib/python3.8/site-packages/airflow/example_dags/example_task_group.py for tasks to queue
[2024-03-06T22:28:21.069+0000] {logging_mixin.py:188} INFO - [2024-03-06T22:28:21.069+0000] {dagbag.py:540} INFO - Filling up the DagBag from /home/airflow/.local/lib/python3.8/site-packages/airflow/example_dags/example_task_group.py
[2024-03-06T22:28:21.080+0000] {processor.py:840} INFO - DAG(s) 'example_task_group' retrieved from /home/airflow/.local/lib/python3.8/site-packages/airflow/example_dags/example_task_group.py
[2024-03-06T22:28:21.120+0000] {logging_mixin.py:188} INFO - [2024-03-06T22:28:21.120+0000] {dag.py:3047} INFO - Sync 1 DAGs
[2024-03-06T22:28:21.164+0000] {logging_mixin.py:188} INFO - [2024-03-06T22:28:21.163+0000] {dag.py:3834} INFO - Setting next_dagrun for example_task_group to 2024-03-05 00:00:00+00:00, run_after=2024-03-06 00:00:00+00:00
[2024-03-06T22:28:21.199+0000] {processor.py:183} INFO - Processing /home/airflow/.local/lib/python3.8/site-packages/airflow/example_dags/example_task_group.py took 0.140 seconds
[2024-03-06T22:28:51.397+0000] {processor.py:161} INFO - Started process (PID=1263) to work on /home/airflow/.local/lib/python3.8/site-packages/airflow/example_dags/example_task_group.py
[2024-03-06T22:28:51.399+0000] {processor.py:830} INFO - Processing file /home/airflow/.local/lib/python3.8/site-packages/airflow/example_dags/example_task_group.py for tasks to queue
[2024-03-06T22:28:51.404+0000] {logging_mixin.py:188} INFO - [2024-03-06T22:28:51.404+0000] {dagbag.py:540} INFO - Filling up the DagBag from /home/airflow/.local/lib/python3.8/site-packages/airflow/example_dags/example_task_group.py
[2024-03-06T22:28:51.420+0000] {processor.py:840} INFO - DAG(s) 'example_task_group' retrieved from /home/airflow/.local/lib/python3.8/site-packages/airflow/example_dags/example_task_group.py
[2024-03-06T22:28:51.486+0000] {logging_mixin.py:188} INFO - [2024-03-06T22:28:51.486+0000] {dag.py:3047} INFO - Sync 1 DAGs
[2024-03-06T22:28:51.532+0000] {logging_mixin.py:188} INFO - [2024-03-06T22:28:51.532+0000] {dag.py:3834} INFO - Setting next_dagrun for example_task_group to 2024-03-05 00:00:00+00:00, run_after=2024-03-06 00:00:00+00:00
[2024-03-06T22:28:51.593+0000] {processor.py:183} INFO - Processing /home/airflow/.local/lib/python3.8/site-packages/airflow/example_dags/example_task_group.py took 0.202 seconds
[2024-03-06T22:29:22.299+0000] {processor.py:161} INFO - Started process (PID=1318) to work on /home/airflow/.local/lib/python3.8/site-packages/airflow/example_dags/example_task_group.py
[2024-03-06T22:29:22.302+0000] {processor.py:830} INFO - Processing file /home/airflow/.local/lib/python3.8/site-packages/airflow/example_dags/example_task_group.py for tasks to queue
[2024-03-06T22:29:22.305+0000] {logging_mixin.py:188} INFO - [2024-03-06T22:29:22.305+0000] {dagbag.py:540} INFO - Filling up the DagBag from /home/airflow/.local/lib/python3.8/site-packages/airflow/example_dags/example_task_group.py
[2024-03-06T22:29:22.316+0000] {processor.py:840} INFO - DAG(s) 'example_task_group' retrieved from /home/airflow/.local/lib/python3.8/site-packages/airflow/example_dags/example_task_group.py
[2024-03-06T22:29:22.349+0000] {logging_mixin.py:188} INFO - [2024-03-06T22:29:22.349+0000] {dag.py:3047} INFO - Sync 1 DAGs
[2024-03-06T22:29:22.392+0000] {logging_mixin.py:188} INFO - [2024-03-06T22:29:22.392+0000] {dag.py:3834} INFO - Setting next_dagrun for example_task_group to 2024-03-05 00:00:00+00:00, run_after=2024-03-06 00:00:00+00:00
[2024-03-06T22:29:22.429+0000] {processor.py:183} INFO - Processing /home/airflow/.local/lib/python3.8/site-packages/airflow/example_dags/example_task_group.py took 0.135 seconds
[2024-03-06T22:29:52.615+0000] {processor.py:161} INFO - Started process (PID=1373) to work on /home/airflow/.local/lib/python3.8/site-packages/airflow/example_dags/example_task_group.py
[2024-03-06T22:29:52.617+0000] {processor.py:830} INFO - Processing file /home/airflow/.local/lib/python3.8/site-packages/airflow/example_dags/example_task_group.py for tasks to queue
[2024-03-06T22:29:52.620+0000] {logging_mixin.py:188} INFO - [2024-03-06T22:29:52.619+0000] {dagbag.py:540} INFO - Filling up the DagBag from /home/airflow/.local/lib/python3.8/site-packages/airflow/example_dags/example_task_group.py
[2024-03-06T22:29:52.629+0000] {processor.py:840} INFO - DAG(s) 'example_task_group' retrieved from /home/airflow/.local/lib/python3.8/site-packages/airflow/example_dags/example_task_group.py
[2024-03-06T22:29:52.663+0000] {logging_mixin.py:188} INFO - [2024-03-06T22:29:52.662+0000] {dag.py:3047} INFO - Sync 1 DAGs
[2024-03-06T22:29:52.691+0000] {logging_mixin.py:188} INFO - [2024-03-06T22:29:52.691+0000] {dag.py:3834} INFO - Setting next_dagrun for example_task_group to 2024-03-05 00:00:00+00:00, run_after=2024-03-06 00:00:00+00:00
[2024-03-06T22:29:52.717+0000] {processor.py:183} INFO - Processing /home/airflow/.local/lib/python3.8/site-packages/airflow/example_dags/example_task_group.py took 0.108 seconds
[2024-03-06T22:30:23.020+0000] {processor.py:161} INFO - Started process (PID=1427) to work on /home/airflow/.local/lib/python3.8/site-packages/airflow/example_dags/example_task_group.py
[2024-03-06T22:30:23.022+0000] {processor.py:830} INFO - Processing file /home/airflow/.local/lib/python3.8/site-packages/airflow/example_dags/example_task_group.py for tasks to queue
[2024-03-06T22:30:23.024+0000] {logging_mixin.py:188} INFO - [2024-03-06T22:30:23.024+0000] {dagbag.py:540} INFO - Filling up the DagBag from /home/airflow/.local/lib/python3.8/site-packages/airflow/example_dags/example_task_group.py
[2024-03-06T22:30:23.037+0000] {processor.py:840} INFO - DAG(s) 'example_task_group' retrieved from /home/airflow/.local/lib/python3.8/site-packages/airflow/example_dags/example_task_group.py
[2024-03-06T22:30:23.068+0000] {logging_mixin.py:188} INFO - [2024-03-06T22:30:23.068+0000] {dag.py:3047} INFO - Sync 1 DAGs
[2024-03-06T22:30:23.095+0000] {logging_mixin.py:188} INFO - [2024-03-06T22:30:23.095+0000] {dag.py:3834} INFO - Setting next_dagrun for example_task_group to 2024-03-05 00:00:00+00:00, run_after=2024-03-06 00:00:00+00:00
[2024-03-06T22:30:23.119+0000] {processor.py:183} INFO - Processing /home/airflow/.local/lib/python3.8/site-packages/airflow/example_dags/example_task_group.py took 0.104 seconds
[2024-03-06T22:30:53.608+0000] {processor.py:161} INFO - Started process (PID=1482) to work on /home/airflow/.local/lib/python3.8/site-packages/airflow/example_dags/example_task_group.py
[2024-03-06T22:30:53.610+0000] {processor.py:830} INFO - Processing file /home/airflow/.local/lib/python3.8/site-packages/airflow/example_dags/example_task_group.py for tasks to queue
[2024-03-06T22:30:53.614+0000] {logging_mixin.py:188} INFO - [2024-03-06T22:30:53.614+0000] {dagbag.py:540} INFO - Filling up the DagBag from /home/airflow/.local/lib/python3.8/site-packages/airflow/example_dags/example_task_group.py
[2024-03-06T22:30:53.625+0000] {processor.py:840} INFO - DAG(s) 'example_task_group' retrieved from /home/airflow/.local/lib/python3.8/site-packages/airflow/example_dags/example_task_group.py
[2024-03-06T22:30:53.654+0000] {logging_mixin.py:188} INFO - [2024-03-06T22:30:53.654+0000] {dag.py:3047} INFO - Sync 1 DAGs
[2024-03-06T22:30:53.684+0000] {logging_mixin.py:188} INFO - [2024-03-06T22:30:53.683+0000] {dag.py:3834} INFO - Setting next_dagrun for example_task_group to 2024-03-05 00:00:00+00:00, run_after=2024-03-06 00:00:00+00:00
[2024-03-06T22:30:53.710+0000] {processor.py:183} INFO - Processing /home/airflow/.local/lib/python3.8/site-packages/airflow/example_dags/example_task_group.py took 0.107 seconds
[2024-03-06T22:31:24.226+0000] {processor.py:161} INFO - Started process (PID=1537) to work on /home/airflow/.local/lib/python3.8/site-packages/airflow/example_dags/example_task_group.py
[2024-03-06T22:31:24.228+0000] {processor.py:830} INFO - Processing file /home/airflow/.local/lib/python3.8/site-packages/airflow/example_dags/example_task_group.py for tasks to queue
[2024-03-06T22:31:24.231+0000] {logging_mixin.py:188} INFO - [2024-03-06T22:31:24.230+0000] {dagbag.py:540} INFO - Filling up the DagBag from /home/airflow/.local/lib/python3.8/site-packages/airflow/example_dags/example_task_group.py
[2024-03-06T22:31:24.243+0000] {processor.py:840} INFO - DAG(s) 'example_task_group' retrieved from /home/airflow/.local/lib/python3.8/site-packages/airflow/example_dags/example_task_group.py
[2024-03-06T22:31:24.277+0000] {logging_mixin.py:188} INFO - [2024-03-06T22:31:24.277+0000] {dag.py:3047} INFO - Sync 1 DAGs
[2024-03-06T22:31:24.315+0000] {logging_mixin.py:188} INFO - [2024-03-06T22:31:24.315+0000] {dag.py:3834} INFO - Setting next_dagrun for example_task_group to 2024-03-05 00:00:00+00:00, run_after=2024-03-06 00:00:00+00:00
[2024-03-06T22:31:24.342+0000] {processor.py:183} INFO - Processing /home/airflow/.local/lib/python3.8/site-packages/airflow/example_dags/example_task_group.py took 0.120 seconds
[2024-03-06T22:31:54.762+0000] {processor.py:161} INFO - Started process (PID=1592) to work on /home/airflow/.local/lib/python3.8/site-packages/airflow/example_dags/example_task_group.py
[2024-03-06T22:31:54.763+0000] {processor.py:830} INFO - Processing file /home/airflow/.local/lib/python3.8/site-packages/airflow/example_dags/example_task_group.py for tasks to queue
[2024-03-06T22:31:54.766+0000] {logging_mixin.py:188} INFO - [2024-03-06T22:31:54.766+0000] {dagbag.py:540} INFO - Filling up the DagBag from /home/airflow/.local/lib/python3.8/site-packages/airflow/example_dags/example_task_group.py
[2024-03-06T22:31:54.779+0000] {processor.py:840} INFO - DAG(s) 'example_task_group' retrieved from /home/airflow/.local/lib/python3.8/site-packages/airflow/example_dags/example_task_group.py
[2024-03-06T22:31:54.835+0000] {logging_mixin.py:188} INFO - [2024-03-06T22:31:54.835+0000] {dag.py:3047} INFO - Sync 1 DAGs
[2024-03-06T22:31:54.977+0000] {logging_mixin.py:188} INFO - [2024-03-06T22:31:54.976+0000] {dag.py:3834} INFO - Setting next_dagrun for example_task_group to 2024-03-05 00:00:00+00:00, run_after=2024-03-06 00:00:00+00:00
[2024-03-06T22:31:55.058+0000] {processor.py:183} INFO - Processing /home/airflow/.local/lib/python3.8/site-packages/airflow/example_dags/example_task_group.py took 0.300 seconds
[2024-03-06T22:32:26.054+0000] {processor.py:161} INFO - Started process (PID=1646) to work on /home/airflow/.local/lib/python3.8/site-packages/airflow/example_dags/example_task_group.py
[2024-03-06T22:32:26.055+0000] {processor.py:830} INFO - Processing file /home/airflow/.local/lib/python3.8/site-packages/airflow/example_dags/example_task_group.py for tasks to queue
[2024-03-06T22:32:26.058+0000] {logging_mixin.py:188} INFO - [2024-03-06T22:32:26.058+0000] {dagbag.py:540} INFO - Filling up the DagBag from /home/airflow/.local/lib/python3.8/site-packages/airflow/example_dags/example_task_group.py
[2024-03-06T22:32:26.070+0000] {processor.py:840} INFO - DAG(s) 'example_task_group' retrieved from /home/airflow/.local/lib/python3.8/site-packages/airflow/example_dags/example_task_group.py
[2024-03-06T22:32:26.102+0000] {logging_mixin.py:188} INFO - [2024-03-06T22:32:26.101+0000] {dag.py:3047} INFO - Sync 1 DAGs
[2024-03-06T22:32:26.134+0000] {logging_mixin.py:188} INFO - [2024-03-06T22:32:26.134+0000] {dag.py:3834} INFO - Setting next_dagrun for example_task_group to 2024-03-05 00:00:00+00:00, run_after=2024-03-06 00:00:00+00:00
[2024-03-06T22:32:26.165+0000] {processor.py:183} INFO - Processing /home/airflow/.local/lib/python3.8/site-packages/airflow/example_dags/example_task_group.py took 0.117 seconds
[2024-03-06T22:32:56.598+0000] {processor.py:161} INFO - Started process (PID=1701) to work on /home/airflow/.local/lib/python3.8/site-packages/airflow/example_dags/example_task_group.py
[2024-03-06T22:32:56.602+0000] {processor.py:830} INFO - Processing file /home/airflow/.local/lib/python3.8/site-packages/airflow/example_dags/example_task_group.py for tasks to queue
[2024-03-06T22:32:56.607+0000] {logging_mixin.py:188} INFO - [2024-03-06T22:32:56.607+0000] {dagbag.py:540} INFO - Filling up the DagBag from /home/airflow/.local/lib/python3.8/site-packages/airflow/example_dags/example_task_group.py
[2024-03-06T22:32:56.622+0000] {processor.py:840} INFO - DAG(s) 'example_task_group' retrieved from /home/airflow/.local/lib/python3.8/site-packages/airflow/example_dags/example_task_group.py
[2024-03-06T22:32:56.663+0000] {logging_mixin.py:188} INFO - [2024-03-06T22:32:56.663+0000] {dag.py:3047} INFO - Sync 1 DAGs
[2024-03-06T22:32:56.701+0000] {logging_mixin.py:188} INFO - [2024-03-06T22:32:56.701+0000] {dag.py:3834} INFO - Setting next_dagrun for example_task_group to 2024-03-05 00:00:00+00:00, run_after=2024-03-06 00:00:00+00:00
[2024-03-06T22:32:56.731+0000] {processor.py:183} INFO - Processing /home/airflow/.local/lib/python3.8/site-packages/airflow/example_dags/example_task_group.py took 0.139 seconds
[2024-03-06T22:33:27.108+0000] {processor.py:161} INFO - Started process (PID=1756) to work on /home/airflow/.local/lib/python3.8/site-packages/airflow/example_dags/example_task_group.py
[2024-03-06T22:33:27.110+0000] {processor.py:830} INFO - Processing file /home/airflow/.local/lib/python3.8/site-packages/airflow/example_dags/example_task_group.py for tasks to queue
[2024-03-06T22:33:27.113+0000] {logging_mixin.py:188} INFO - [2024-03-06T22:33:27.112+0000] {dagbag.py:540} INFO - Filling up the DagBag from /home/airflow/.local/lib/python3.8/site-packages/airflow/example_dags/example_task_group.py
[2024-03-06T22:33:27.124+0000] {processor.py:840} INFO - DAG(s) 'example_task_group' retrieved from /home/airflow/.local/lib/python3.8/site-packages/airflow/example_dags/example_task_group.py
[2024-03-06T22:33:27.163+0000] {logging_mixin.py:188} INFO - [2024-03-06T22:33:27.163+0000] {dag.py:3047} INFO - Sync 1 DAGs
[2024-03-06T22:33:27.193+0000] {logging_mixin.py:188} INFO - [2024-03-06T22:33:27.193+0000] {dag.py:3834} INFO - Setting next_dagrun for example_task_group to 2024-03-05 00:00:00+00:00, run_after=2024-03-06 00:00:00+00:00
[2024-03-06T22:33:27.225+0000] {processor.py:183} INFO - Processing /home/airflow/.local/lib/python3.8/site-packages/airflow/example_dags/example_task_group.py took 0.123 seconds
[2024-03-06T22:33:57.595+0000] {processor.py:161} INFO - Started process (PID=1811) to work on /home/airflow/.local/lib/python3.8/site-packages/airflow/example_dags/example_task_group.py
[2024-03-06T22:33:57.597+0000] {processor.py:830} INFO - Processing file /home/airflow/.local/lib/python3.8/site-packages/airflow/example_dags/example_task_group.py for tasks to queue
[2024-03-06T22:33:57.600+0000] {logging_mixin.py:188} INFO - [2024-03-06T22:33:57.600+0000] {dagbag.py:540} INFO - Filling up the DagBag from /home/airflow/.local/lib/python3.8/site-packages/airflow/example_dags/example_task_group.py
[2024-03-06T22:33:57.609+0000] {processor.py:840} INFO - DAG(s) 'example_task_group' retrieved from /home/airflow/.local/lib/python3.8/site-packages/airflow/example_dags/example_task_group.py
[2024-03-06T22:33:57.665+0000] {logging_mixin.py:188} INFO - [2024-03-06T22:33:57.665+0000] {dag.py:3047} INFO - Sync 1 DAGs
[2024-03-06T22:33:57.709+0000] {logging_mixin.py:188} INFO - [2024-03-06T22:33:57.709+0000] {dag.py:3834} INFO - Setting next_dagrun for example_task_group to 2024-03-05 00:00:00+00:00, run_after=2024-03-06 00:00:00+00:00
[2024-03-06T22:33:57.753+0000] {processor.py:183} INFO - Processing /home/airflow/.local/lib/python3.8/site-packages/airflow/example_dags/example_task_group.py took 0.163 seconds
[2024-03-06T22:34:27.801+0000] {processor.py:161} INFO - Started process (PID=1866) to work on /home/airflow/.local/lib/python3.8/site-packages/airflow/example_dags/example_task_group.py
[2024-03-06T22:34:27.803+0000] {processor.py:830} INFO - Processing file /home/airflow/.local/lib/python3.8/site-packages/airflow/example_dags/example_task_group.py for tasks to queue
[2024-03-06T22:34:27.807+0000] {logging_mixin.py:188} INFO - [2024-03-06T22:34:27.806+0000] {dagbag.py:540} INFO - Filling up the DagBag from /home/airflow/.local/lib/python3.8/site-packages/airflow/example_dags/example_task_group.py
[2024-03-06T22:34:27.817+0000] {processor.py:840} INFO - DAG(s) 'example_task_group' retrieved from /home/airflow/.local/lib/python3.8/site-packages/airflow/example_dags/example_task_group.py
[2024-03-06T22:34:27.849+0000] {logging_mixin.py:188} INFO - [2024-03-06T22:34:27.849+0000] {dag.py:3047} INFO - Sync 1 DAGs
[2024-03-06T22:34:27.884+0000] {logging_mixin.py:188} INFO - [2024-03-06T22:34:27.884+0000] {dag.py:3834} INFO - Setting next_dagrun for example_task_group to 2024-03-05 00:00:00+00:00, run_after=2024-03-06 00:00:00+00:00
[2024-03-06T22:34:27.921+0000] {processor.py:183} INFO - Processing /home/airflow/.local/lib/python3.8/site-packages/airflow/example_dags/example_task_group.py took 0.124 seconds
[2024-03-06T22:34:58.132+0000] {processor.py:161} INFO - Started process (PID=1921) to work on /home/airflow/.local/lib/python3.8/site-packages/airflow/example_dags/example_task_group.py
[2024-03-06T22:34:58.135+0000] {processor.py:830} INFO - Processing file /home/airflow/.local/lib/python3.8/site-packages/airflow/example_dags/example_task_group.py for tasks to queue
[2024-03-06T22:34:58.140+0000] {logging_mixin.py:188} INFO - [2024-03-06T22:34:58.140+0000] {dagbag.py:540} INFO - Filling up the DagBag from /home/airflow/.local/lib/python3.8/site-packages/airflow/example_dags/example_task_group.py
[2024-03-06T22:34:58.158+0000] {processor.py:840} INFO - DAG(s) 'example_task_group' retrieved from /home/airflow/.local/lib/python3.8/site-packages/airflow/example_dags/example_task_group.py
[2024-03-06T22:34:58.255+0000] {logging_mixin.py:188} INFO - [2024-03-06T22:34:58.255+0000] {dag.py:3047} INFO - Sync 1 DAGs
[2024-03-06T22:34:58.340+0000] {logging_mixin.py:188} INFO - [2024-03-06T22:34:58.340+0000] {dag.py:3834} INFO - Setting next_dagrun for example_task_group to 2024-03-05 00:00:00+00:00, run_after=2024-03-06 00:00:00+00:00
[2024-03-06T22:34:58.397+0000] {processor.py:183} INFO - Processing /home/airflow/.local/lib/python3.8/site-packages/airflow/example_dags/example_task_group.py took 0.273 seconds
[2024-03-06T22:35:29.321+0000] {processor.py:161} INFO - Started process (PID=1976) to work on /home/airflow/.local/lib/python3.8/site-packages/airflow/example_dags/example_task_group.py
[2024-03-06T22:35:29.324+0000] {processor.py:830} INFO - Processing file /home/airflow/.local/lib/python3.8/site-packages/airflow/example_dags/example_task_group.py for tasks to queue
[2024-03-06T22:35:29.328+0000] {logging_mixin.py:188} INFO - [2024-03-06T22:35:29.327+0000] {dagbag.py:540} INFO - Filling up the DagBag from /home/airflow/.local/lib/python3.8/site-packages/airflow/example_dags/example_task_group.py
[2024-03-06T22:35:29.340+0000] {processor.py:840} INFO - DAG(s) 'example_task_group' retrieved from /home/airflow/.local/lib/python3.8/site-packages/airflow/example_dags/example_task_group.py
[2024-03-06T22:35:29.374+0000] {logging_mixin.py:188} INFO - [2024-03-06T22:35:29.374+0000] {dag.py:3047} INFO - Sync 1 DAGs
[2024-03-06T22:35:29.405+0000] {logging_mixin.py:188} INFO - [2024-03-06T22:35:29.405+0000] {dag.py:3834} INFO - Setting next_dagrun for example_task_group to 2024-03-05 00:00:00+00:00, run_after=2024-03-06 00:00:00+00:00
[2024-03-06T22:35:29.436+0000] {processor.py:183} INFO - Processing /home/airflow/.local/lib/python3.8/site-packages/airflow/example_dags/example_task_group.py took 0.121 seconds
[2024-03-06T22:35:59.704+0000] {processor.py:161} INFO - Started process (PID=2031) to work on /home/airflow/.local/lib/python3.8/site-packages/airflow/example_dags/example_task_group.py
[2024-03-06T22:35:59.705+0000] {processor.py:830} INFO - Processing file /home/airflow/.local/lib/python3.8/site-packages/airflow/example_dags/example_task_group.py for tasks to queue
[2024-03-06T22:35:59.708+0000] {logging_mixin.py:188} INFO - [2024-03-06T22:35:59.708+0000] {dagbag.py:540} INFO - Filling up the DagBag from /home/airflow/.local/lib/python3.8/site-packages/airflow/example_dags/example_task_group.py
[2024-03-06T22:35:59.721+0000] {processor.py:840} INFO - DAG(s) 'example_task_group' retrieved from /home/airflow/.local/lib/python3.8/site-packages/airflow/example_dags/example_task_group.py
[2024-03-06T22:35:59.759+0000] {logging_mixin.py:188} INFO - [2024-03-06T22:35:59.759+0000] {dag.py:3047} INFO - Sync 1 DAGs
[2024-03-06T22:35:59.790+0000] {logging_mixin.py:188} INFO - [2024-03-06T22:35:59.790+0000] {dag.py:3834} INFO - Setting next_dagrun for example_task_group to 2024-03-05 00:00:00+00:00, run_after=2024-03-06 00:00:00+00:00
[2024-03-06T22:35:59.822+0000] {processor.py:183} INFO - Processing /home/airflow/.local/lib/python3.8/site-packages/airflow/example_dags/example_task_group.py took 0.125 seconds
[2024-03-06T22:36:30.139+0000] {processor.py:161} INFO - Started process (PID=2086) to work on /home/airflow/.local/lib/python3.8/site-packages/airflow/example_dags/example_task_group.py
[2024-03-06T22:36:30.141+0000] {processor.py:830} INFO - Processing file /home/airflow/.local/lib/python3.8/site-packages/airflow/example_dags/example_task_group.py for tasks to queue
[2024-03-06T22:36:30.144+0000] {logging_mixin.py:188} INFO - [2024-03-06T22:36:30.144+0000] {dagbag.py:540} INFO - Filling up the DagBag from /home/airflow/.local/lib/python3.8/site-packages/airflow/example_dags/example_task_group.py
[2024-03-06T22:36:30.155+0000] {processor.py:840} INFO - DAG(s) 'example_task_group' retrieved from /home/airflow/.local/lib/python3.8/site-packages/airflow/example_dags/example_task_group.py
[2024-03-06T22:36:30.188+0000] {logging_mixin.py:188} INFO - [2024-03-06T22:36:30.187+0000] {dag.py:3047} INFO - Sync 1 DAGs
[2024-03-06T22:36:30.218+0000] {logging_mixin.py:188} INFO - [2024-03-06T22:36:30.218+0000] {dag.py:3834} INFO - Setting next_dagrun for example_task_group to 2024-03-05 00:00:00+00:00, run_after=2024-03-06 00:00:00+00:00
[2024-03-06T22:36:30.252+0000] {processor.py:183} INFO - Processing /home/airflow/.local/lib/python3.8/site-packages/airflow/example_dags/example_task_group.py took 0.118 seconds
[2024-03-06T22:37:00.411+0000] {processor.py:161} INFO - Started process (PID=2141) to work on /home/airflow/.local/lib/python3.8/site-packages/airflow/example_dags/example_task_group.py
[2024-03-06T22:37:00.413+0000] {processor.py:830} INFO - Processing file /home/airflow/.local/lib/python3.8/site-packages/airflow/example_dags/example_task_group.py for tasks to queue
[2024-03-06T22:37:00.418+0000] {logging_mixin.py:188} INFO - [2024-03-06T22:37:00.417+0000] {dagbag.py:540} INFO - Filling up the DagBag from /home/airflow/.local/lib/python3.8/site-packages/airflow/example_dags/example_task_group.py
[2024-03-06T22:37:00.432+0000] {processor.py:840} INFO - DAG(s) 'example_task_group' retrieved from /home/airflow/.local/lib/python3.8/site-packages/airflow/example_dags/example_task_group.py
[2024-03-06T22:37:00.479+0000] {logging_mixin.py:188} INFO - [2024-03-06T22:37:00.478+0000] {dag.py:3047} INFO - Sync 1 DAGs
[2024-03-06T22:37:00.539+0000] {logging_mixin.py:188} INFO - [2024-03-06T22:37:00.538+0000] {dag.py:3834} INFO - Setting next_dagrun for example_task_group to 2024-03-05 00:00:00+00:00, run_after=2024-03-06 00:00:00+00:00
[2024-03-06T22:37:00.609+0000] {processor.py:183} INFO - Processing /home/airflow/.local/lib/python3.8/site-packages/airflow/example_dags/example_task_group.py took 0.202 seconds
[2024-03-06T22:37:30.661+0000] {processor.py:161} INFO - Started process (PID=2196) to work on /home/airflow/.local/lib/python3.8/site-packages/airflow/example_dags/example_task_group.py
[2024-03-06T22:37:30.664+0000] {processor.py:830} INFO - Processing file /home/airflow/.local/lib/python3.8/site-packages/airflow/example_dags/example_task_group.py for tasks to queue
[2024-03-06T22:37:30.668+0000] {logging_mixin.py:188} INFO - [2024-03-06T22:37:30.668+0000] {dagbag.py:540} INFO - Filling up the DagBag from /home/airflow/.local/lib/python3.8/site-packages/airflow/example_dags/example_task_group.py
[2024-03-06T22:37:30.680+0000] {processor.py:840} INFO - DAG(s) 'example_task_group' retrieved from /home/airflow/.local/lib/python3.8/site-packages/airflow/example_dags/example_task_group.py
[2024-03-06T22:37:30.724+0000] {logging_mixin.py:188} INFO - [2024-03-06T22:37:30.723+0000] {dag.py:3047} INFO - Sync 1 DAGs
[2024-03-06T22:37:30.762+0000] {logging_mixin.py:188} INFO - [2024-03-06T22:37:30.761+0000] {dag.py:3834} INFO - Setting next_dagrun for example_task_group to 2024-03-05 00:00:00+00:00, run_after=2024-03-06 00:00:00+00:00
[2024-03-06T22:37:30.792+0000] {processor.py:183} INFO - Processing /home/airflow/.local/lib/python3.8/site-packages/airflow/example_dags/example_task_group.py took 0.137 seconds
[2024-03-06T22:38:00.894+0000] {processor.py:161} INFO - Started process (PID=2251) to work on /home/airflow/.local/lib/python3.8/site-packages/airflow/example_dags/example_task_group.py
[2024-03-06T22:38:00.896+0000] {processor.py:830} INFO - Processing file /home/airflow/.local/lib/python3.8/site-packages/airflow/example_dags/example_task_group.py for tasks to queue
[2024-03-06T22:38:00.901+0000] {logging_mixin.py:188} INFO - [2024-03-06T22:38:00.901+0000] {dagbag.py:540} INFO - Filling up the DagBag from /home/airflow/.local/lib/python3.8/site-packages/airflow/example_dags/example_task_group.py
[2024-03-06T22:38:00.913+0000] {processor.py:840} INFO - DAG(s) 'example_task_group' retrieved from /home/airflow/.local/lib/python3.8/site-packages/airflow/example_dags/example_task_group.py
[2024-03-06T22:38:00.946+0000] {logging_mixin.py:188} INFO - [2024-03-06T22:38:00.946+0000] {dag.py:3047} INFO - Sync 1 DAGs
[2024-03-06T22:38:00.987+0000] {logging_mixin.py:188} INFO - [2024-03-06T22:38:00.986+0000] {dag.py:3834} INFO - Setting next_dagrun for example_task_group to 2024-03-05 00:00:00+00:00, run_after=2024-03-06 00:00:00+00:00
[2024-03-06T22:38:01.033+0000] {processor.py:183} INFO - Processing /home/airflow/.local/lib/python3.8/site-packages/airflow/example_dags/example_task_group.py took 0.143 seconds
[2024-03-06T22:38:31.146+0000] {processor.py:161} INFO - Started process (PID=2306) to work on /home/airflow/.local/lib/python3.8/site-packages/airflow/example_dags/example_task_group.py
[2024-03-06T22:38:31.149+0000] {processor.py:830} INFO - Processing file /home/airflow/.local/lib/python3.8/site-packages/airflow/example_dags/example_task_group.py for tasks to queue
[2024-03-06T22:38:31.151+0000] {logging_mixin.py:188} INFO - [2024-03-06T22:38:31.151+0000] {dagbag.py:540} INFO - Filling up the DagBag from /home/airflow/.local/lib/python3.8/site-packages/airflow/example_dags/example_task_group.py
[2024-03-06T22:38:31.162+0000] {processor.py:840} INFO - DAG(s) 'example_task_group' retrieved from /home/airflow/.local/lib/python3.8/site-packages/airflow/example_dags/example_task_group.py
[2024-03-06T22:38:31.197+0000] {logging_mixin.py:188} INFO - [2024-03-06T22:38:31.196+0000] {dag.py:3047} INFO - Sync 1 DAGs
[2024-03-06T22:38:31.239+0000] {logging_mixin.py:188} INFO - [2024-03-06T22:38:31.238+0000] {dag.py:3834} INFO - Setting next_dagrun for example_task_group to 2024-03-05 00:00:00+00:00, run_after=2024-03-06 00:00:00+00:00
[2024-03-06T22:38:31.297+0000] {processor.py:183} INFO - Processing /home/airflow/.local/lib/python3.8/site-packages/airflow/example_dags/example_task_group.py took 0.155 seconds
[2024-03-06T22:39:01.762+0000] {processor.py:161} INFO - Started process (PID=2367) to work on /home/airflow/.local/lib/python3.8/site-packages/airflow/example_dags/example_task_group.py
[2024-03-06T22:39:01.763+0000] {processor.py:830} INFO - Processing file /home/airflow/.local/lib/python3.8/site-packages/airflow/example_dags/example_task_group.py for tasks to queue
[2024-03-06T22:39:01.766+0000] {logging_mixin.py:188} INFO - [2024-03-06T22:39:01.765+0000] {dagbag.py:540} INFO - Filling up the DagBag from /home/airflow/.local/lib/python3.8/site-packages/airflow/example_dags/example_task_group.py
[2024-03-06T22:39:01.775+0000] {processor.py:840} INFO - DAG(s) 'example_task_group' retrieved from /home/airflow/.local/lib/python3.8/site-packages/airflow/example_dags/example_task_group.py
[2024-03-06T22:39:01.806+0000] {logging_mixin.py:188} INFO - [2024-03-06T22:39:01.806+0000] {dag.py:3047} INFO - Sync 1 DAGs
[2024-03-06T22:39:01.836+0000] {logging_mixin.py:188} INFO - [2024-03-06T22:39:01.835+0000] {dag.py:3834} INFO - Setting next_dagrun for example_task_group to 2024-03-05 00:00:00+00:00, run_after=2024-03-06 00:00:00+00:00
[2024-03-06T22:39:01.862+0000] {processor.py:183} INFO - Processing /home/airflow/.local/lib/python3.8/site-packages/airflow/example_dags/example_task_group.py took 0.105 seconds
[2024-03-06T22:39:32.169+0000] {processor.py:161} INFO - Started process (PID=2421) to work on /home/airflow/.local/lib/python3.8/site-packages/airflow/example_dags/example_task_group.py
[2024-03-06T22:39:32.171+0000] {processor.py:830} INFO - Processing file /home/airflow/.local/lib/python3.8/site-packages/airflow/example_dags/example_task_group.py for tasks to queue
[2024-03-06T22:39:32.174+0000] {logging_mixin.py:188} INFO - [2024-03-06T22:39:32.174+0000] {dagbag.py:540} INFO - Filling up the DagBag from /home/airflow/.local/lib/python3.8/site-packages/airflow/example_dags/example_task_group.py
[2024-03-06T22:39:32.184+0000] {processor.py:840} INFO - DAG(s) 'example_task_group' retrieved from /home/airflow/.local/lib/python3.8/site-packages/airflow/example_dags/example_task_group.py
[2024-03-06T22:39:32.215+0000] {logging_mixin.py:188} INFO - [2024-03-06T22:39:32.215+0000] {dag.py:3047} INFO - Sync 1 DAGs
[2024-03-06T22:39:32.246+0000] {logging_mixin.py:188} INFO - [2024-03-06T22:39:32.245+0000] {dag.py:3834} INFO - Setting next_dagrun for example_task_group to 2024-03-05 00:00:00+00:00, run_after=2024-03-06 00:00:00+00:00
[2024-03-06T22:39:32.274+0000] {processor.py:183} INFO - Processing /home/airflow/.local/lib/python3.8/site-packages/airflow/example_dags/example_task_group.py took 0.109 seconds
[2024-03-06T22:40:02.570+0000] {processor.py:161} INFO - Started process (PID=2477) to work on /home/airflow/.local/lib/python3.8/site-packages/airflow/example_dags/example_task_group.py
[2024-03-06T22:40:02.574+0000] {processor.py:830} INFO - Processing file /home/airflow/.local/lib/python3.8/site-packages/airflow/example_dags/example_task_group.py for tasks to queue
[2024-03-06T22:40:02.578+0000] {logging_mixin.py:188} INFO - [2024-03-06T22:40:02.577+0000] {dagbag.py:540} INFO - Filling up the DagBag from /home/airflow/.local/lib/python3.8/site-packages/airflow/example_dags/example_task_group.py
[2024-03-06T22:40:02.594+0000] {processor.py:840} INFO - DAG(s) 'example_task_group' retrieved from /home/airflow/.local/lib/python3.8/site-packages/airflow/example_dags/example_task_group.py
[2024-03-06T22:40:02.635+0000] {logging_mixin.py:188} INFO - [2024-03-06T22:40:02.635+0000] {dag.py:3047} INFO - Sync 1 DAGs
[2024-03-06T22:40:02.680+0000] {logging_mixin.py:188} INFO - [2024-03-06T22:40:02.679+0000] {dag.py:3834} INFO - Setting next_dagrun for example_task_group to 2024-03-05 00:00:00+00:00, run_after=2024-03-06 00:00:00+00:00
[2024-03-06T22:40:02.719+0000] {processor.py:183} INFO - Processing /home/airflow/.local/lib/python3.8/site-packages/airflow/example_dags/example_task_group.py took 0.155 seconds
[2024-03-06T22:40:32.904+0000] {processor.py:161} INFO - Started process (PID=2530) to work on /home/airflow/.local/lib/python3.8/site-packages/airflow/example_dags/example_task_group.py
[2024-03-06T22:40:32.907+0000] {processor.py:830} INFO - Processing file /home/airflow/.local/lib/python3.8/site-packages/airflow/example_dags/example_task_group.py for tasks to queue
[2024-03-06T22:40:32.911+0000] {logging_mixin.py:188} INFO - [2024-03-06T22:40:32.910+0000] {dagbag.py:540} INFO - Filling up the DagBag from /home/airflow/.local/lib/python3.8/site-packages/airflow/example_dags/example_task_group.py
[2024-03-06T22:40:32.927+0000] {processor.py:840} INFO - DAG(s) 'example_task_group' retrieved from /home/airflow/.local/lib/python3.8/site-packages/airflow/example_dags/example_task_group.py
[2024-03-06T22:40:32.962+0000] {logging_mixin.py:188} INFO - [2024-03-06T22:40:32.962+0000] {dag.py:3047} INFO - Sync 1 DAGs
[2024-03-06T22:40:32.991+0000] {logging_mixin.py:188} INFO - [2024-03-06T22:40:32.991+0000] {dag.py:3834} INFO - Setting next_dagrun for example_task_group to 2024-03-05 00:00:00+00:00, run_after=2024-03-06 00:00:00+00:00
[2024-03-06T22:40:33.019+0000] {processor.py:183} INFO - Processing /home/airflow/.local/lib/python3.8/site-packages/airflow/example_dags/example_task_group.py took 0.121 seconds
[2024-03-06T22:41:03.486+0000] {processor.py:161} INFO - Started process (PID=2585) to work on /home/airflow/.local/lib/python3.8/site-packages/airflow/example_dags/example_task_group.py
[2024-03-06T22:41:03.487+0000] {processor.py:830} INFO - Processing file /home/airflow/.local/lib/python3.8/site-packages/airflow/example_dags/example_task_group.py for tasks to queue
[2024-03-06T22:41:03.489+0000] {logging_mixin.py:188} INFO - [2024-03-06T22:41:03.489+0000] {dagbag.py:540} INFO - Filling up the DagBag from /home/airflow/.local/lib/python3.8/site-packages/airflow/example_dags/example_task_group.py
[2024-03-06T22:41:03.498+0000] {processor.py:840} INFO - DAG(s) 'example_task_group' retrieved from /home/airflow/.local/lib/python3.8/site-packages/airflow/example_dags/example_task_group.py
[2024-03-06T22:41:03.534+0000] {logging_mixin.py:188} INFO - [2024-03-06T22:41:03.533+0000] {dag.py:3047} INFO - Sync 1 DAGs
[2024-03-06T22:41:03.562+0000] {logging_mixin.py:188} INFO - [2024-03-06T22:41:03.561+0000] {dag.py:3834} INFO - Setting next_dagrun for example_task_group to 2024-03-05 00:00:00+00:00, run_after=2024-03-06 00:00:00+00:00
[2024-03-06T22:41:03.588+0000] {processor.py:183} INFO - Processing /home/airflow/.local/lib/python3.8/site-packages/airflow/example_dags/example_task_group.py took 0.109 seconds
[2024-03-06T22:41:33.837+0000] {processor.py:161} INFO - Started process (PID=2640) to work on /home/airflow/.local/lib/python3.8/site-packages/airflow/example_dags/example_task_group.py
[2024-03-06T22:41:33.840+0000] {processor.py:830} INFO - Processing file /home/airflow/.local/lib/python3.8/site-packages/airflow/example_dags/example_task_group.py for tasks to queue
[2024-03-06T22:41:33.845+0000] {logging_mixin.py:188} INFO - [2024-03-06T22:41:33.845+0000] {dagbag.py:540} INFO - Filling up the DagBag from /home/airflow/.local/lib/python3.8/site-packages/airflow/example_dags/example_task_group.py
[2024-03-06T22:41:33.861+0000] {processor.py:840} INFO - DAG(s) 'example_task_group' retrieved from /home/airflow/.local/lib/python3.8/site-packages/airflow/example_dags/example_task_group.py
[2024-03-06T22:41:33.902+0000] {logging_mixin.py:188} INFO - [2024-03-06T22:41:33.901+0000] {dag.py:3047} INFO - Sync 1 DAGs
[2024-03-06T22:41:33.935+0000] {logging_mixin.py:188} INFO - [2024-03-06T22:41:33.935+0000] {dag.py:3834} INFO - Setting next_dagrun for example_task_group to 2024-03-05 00:00:00+00:00, run_after=2024-03-06 00:00:00+00:00
[2024-03-06T22:41:33.965+0000] {processor.py:183} INFO - Processing /home/airflow/.local/lib/python3.8/site-packages/airflow/example_dags/example_task_group.py took 0.135 seconds
[2024-03-06T22:42:04.678+0000] {processor.py:161} INFO - Started process (PID=2695) to work on /home/airflow/.local/lib/python3.8/site-packages/airflow/example_dags/example_task_group.py
[2024-03-06T22:42:04.683+0000] {processor.py:830} INFO - Processing file /home/airflow/.local/lib/python3.8/site-packages/airflow/example_dags/example_task_group.py for tasks to queue
[2024-03-06T22:42:04.688+0000] {logging_mixin.py:188} INFO - [2024-03-06T22:42:04.687+0000] {dagbag.py:540} INFO - Filling up the DagBag from /home/airflow/.local/lib/python3.8/site-packages/airflow/example_dags/example_task_group.py
[2024-03-06T22:42:04.703+0000] {processor.py:840} INFO - DAG(s) 'example_task_group' retrieved from /home/airflow/.local/lib/python3.8/site-packages/airflow/example_dags/example_task_group.py
[2024-03-06T22:42:04.749+0000] {logging_mixin.py:188} INFO - [2024-03-06T22:42:04.749+0000] {dag.py:3047} INFO - Sync 1 DAGs
[2024-03-06T22:42:04.797+0000] {logging_mixin.py:188} INFO - [2024-03-06T22:42:04.797+0000] {dag.py:3834} INFO - Setting next_dagrun for example_task_group to 2024-03-05 00:00:00+00:00, run_after=2024-03-06 00:00:00+00:00
[2024-03-06T22:42:05.154+0000] {processor.py:183} INFO - Processing /home/airflow/.local/lib/python3.8/site-packages/airflow/example_dags/example_task_group.py took 0.486 seconds
[2024-03-06T22:42:35.868+0000] {processor.py:161} INFO - Started process (PID=2749) to work on /home/airflow/.local/lib/python3.8/site-packages/airflow/example_dags/example_task_group.py
[2024-03-06T22:42:35.869+0000] {processor.py:830} INFO - Processing file /home/airflow/.local/lib/python3.8/site-packages/airflow/example_dags/example_task_group.py for tasks to queue
[2024-03-06T22:42:35.875+0000] {logging_mixin.py:188} INFO - [2024-03-06T22:42:35.874+0000] {dagbag.py:540} INFO - Filling up the DagBag from /home/airflow/.local/lib/python3.8/site-packages/airflow/example_dags/example_task_group.py
[2024-03-06T22:42:35.890+0000] {processor.py:840} INFO - DAG(s) 'example_task_group' retrieved from /home/airflow/.local/lib/python3.8/site-packages/airflow/example_dags/example_task_group.py
[2024-03-06T22:42:35.930+0000] {logging_mixin.py:188} INFO - [2024-03-06T22:42:35.930+0000] {dag.py:3047} INFO - Sync 1 DAGs
[2024-03-06T22:42:35.965+0000] {logging_mixin.py:188} INFO - [2024-03-06T22:42:35.964+0000] {dag.py:3834} INFO - Setting next_dagrun for example_task_group to 2024-03-05 00:00:00+00:00, run_after=2024-03-06 00:00:00+00:00
[2024-03-06T22:42:36.000+0000] {processor.py:183} INFO - Processing /home/airflow/.local/lib/python3.8/site-packages/airflow/example_dags/example_task_group.py took 0.137 seconds
