[2024-03-06T22:17:46.131+0000] {processor.py:161} INFO - Started process (PID=71) to work on /home/airflow/.local/lib/python3.8/site-packages/airflow/example_dags/example_latest_only_with_trigger.py
[2024-03-06T22:17:46.134+0000] {processor.py:830} INFO - Processing file /home/airflow/.local/lib/python3.8/site-packages/airflow/example_dags/example_latest_only_with_trigger.py for tasks to queue
[2024-03-06T22:17:46.137+0000] {logging_mixin.py:188} INFO - [2024-03-06T22:17:46.136+0000] {dagbag.py:540} INFO - Filling up the DagBag from /home/airflow/.local/lib/python3.8/site-packages/airflow/example_dags/example_latest_only_with_trigger.py
[2024-03-06T22:17:46.147+0000] {processor.py:840} INFO - DAG(s) 'latest_only_with_trigger' retrieved from /home/airflow/.local/lib/python3.8/site-packages/airflow/example_dags/example_latest_only_with_trigger.py
[2024-03-06T22:17:46.351+0000] {logging_mixin.py:188} INFO - [2024-03-06T22:17:46.350+0000] {dag.py:3047} INFO - Sync 1 DAGs
[2024-03-06T22:17:46.390+0000] {logging_mixin.py:188} INFO - [2024-03-06T22:17:46.390+0000] {dag.py:3834} INFO - Setting next_dagrun for latest_only_with_trigger to 2024-03-06 16:00:00+00:00, run_after=2024-03-06 20:00:00+00:00
[2024-03-06T22:17:46.429+0000] {processor.py:183} INFO - Processing /home/airflow/.local/lib/python3.8/site-packages/airflow/example_dags/example_latest_only_with_trigger.py took 0.305 seconds
[2024-03-06T22:18:16.665+0000] {processor.py:161} INFO - Started process (PID=126) to work on /home/airflow/.local/lib/python3.8/site-packages/airflow/example_dags/example_latest_only_with_trigger.py
[2024-03-06T22:18:16.667+0000] {processor.py:830} INFO - Processing file /home/airflow/.local/lib/python3.8/site-packages/airflow/example_dags/example_latest_only_with_trigger.py for tasks to queue
[2024-03-06T22:18:16.669+0000] {logging_mixin.py:188} INFO - [2024-03-06T22:18:16.669+0000] {dagbag.py:540} INFO - Filling up the DagBag from /home/airflow/.local/lib/python3.8/site-packages/airflow/example_dags/example_latest_only_with_trigger.py
[2024-03-06T22:18:16.680+0000] {processor.py:840} INFO - DAG(s) 'latest_only_with_trigger' retrieved from /home/airflow/.local/lib/python3.8/site-packages/airflow/example_dags/example_latest_only_with_trigger.py
[2024-03-06T22:18:16.711+0000] {logging_mixin.py:188} INFO - [2024-03-06T22:18:16.710+0000] {dag.py:3047} INFO - Sync 1 DAGs
[2024-03-06T22:18:16.747+0000] {logging_mixin.py:188} INFO - [2024-03-06T22:18:16.746+0000] {dag.py:3834} INFO - Setting next_dagrun for latest_only_with_trigger to 2024-03-06 16:00:00+00:00, run_after=2024-03-06 20:00:00+00:00
[2024-03-06T22:18:16.788+0000] {processor.py:183} INFO - Processing /home/airflow/.local/lib/python3.8/site-packages/airflow/example_dags/example_latest_only_with_trigger.py took 0.129 seconds
[2024-03-06T22:18:47.438+0000] {processor.py:161} INFO - Started process (PID=181) to work on /home/airflow/.local/lib/python3.8/site-packages/airflow/example_dags/example_latest_only_with_trigger.py
[2024-03-06T22:18:47.448+0000] {processor.py:830} INFO - Processing file /home/airflow/.local/lib/python3.8/site-packages/airflow/example_dags/example_latest_only_with_trigger.py for tasks to queue
[2024-03-06T22:18:47.459+0000] {logging_mixin.py:188} INFO - [2024-03-06T22:18:47.459+0000] {dagbag.py:540} INFO - Filling up the DagBag from /home/airflow/.local/lib/python3.8/site-packages/airflow/example_dags/example_latest_only_with_trigger.py
[2024-03-06T22:18:47.479+0000] {processor.py:840} INFO - DAG(s) 'latest_only_with_trigger' retrieved from /home/airflow/.local/lib/python3.8/site-packages/airflow/example_dags/example_latest_only_with_trigger.py
[2024-03-06T22:18:47.522+0000] {logging_mixin.py:188} INFO - [2024-03-06T22:18:47.521+0000] {dag.py:3047} INFO - Sync 1 DAGs
[2024-03-06T22:18:47.575+0000] {logging_mixin.py:188} INFO - [2024-03-06T22:18:47.575+0000] {dag.py:3834} INFO - Setting next_dagrun for latest_only_with_trigger to 2024-03-06 16:00:00+00:00, run_after=2024-03-06 20:00:00+00:00
[2024-03-06T22:18:47.605+0000] {processor.py:183} INFO - Processing /home/airflow/.local/lib/python3.8/site-packages/airflow/example_dags/example_latest_only_with_trigger.py took 0.180 seconds
[2024-03-06T22:19:17.717+0000] {processor.py:161} INFO - Started process (PID=236) to work on /home/airflow/.local/lib/python3.8/site-packages/airflow/example_dags/example_latest_only_with_trigger.py
[2024-03-06T22:19:17.719+0000] {processor.py:830} INFO - Processing file /home/airflow/.local/lib/python3.8/site-packages/airflow/example_dags/example_latest_only_with_trigger.py for tasks to queue
[2024-03-06T22:19:17.723+0000] {logging_mixin.py:188} INFO - [2024-03-06T22:19:17.722+0000] {dagbag.py:540} INFO - Filling up the DagBag from /home/airflow/.local/lib/python3.8/site-packages/airflow/example_dags/example_latest_only_with_trigger.py
[2024-03-06T22:19:17.733+0000] {processor.py:840} INFO - DAG(s) 'latest_only_with_trigger' retrieved from /home/airflow/.local/lib/python3.8/site-packages/airflow/example_dags/example_latest_only_with_trigger.py
[2024-03-06T22:19:17.769+0000] {logging_mixin.py:188} INFO - [2024-03-06T22:19:17.768+0000] {dag.py:3047} INFO - Sync 1 DAGs
[2024-03-06T22:19:17.868+0000] {logging_mixin.py:188} INFO - [2024-03-06T22:19:17.868+0000] {dag.py:3834} INFO - Setting next_dagrun for latest_only_with_trigger to 2024-03-06 16:00:00+00:00, run_after=2024-03-06 20:00:00+00:00
[2024-03-06T22:19:17.921+0000] {processor.py:183} INFO - Processing /home/airflow/.local/lib/python3.8/site-packages/airflow/example_dags/example_latest_only_with_trigger.py took 0.209 seconds
[2024-03-06T22:19:48.572+0000] {processor.py:161} INFO - Started process (PID=291) to work on /home/airflow/.local/lib/python3.8/site-packages/airflow/example_dags/example_latest_only_with_trigger.py
[2024-03-06T22:19:48.574+0000] {processor.py:830} INFO - Processing file /home/airflow/.local/lib/python3.8/site-packages/airflow/example_dags/example_latest_only_with_trigger.py for tasks to queue
[2024-03-06T22:19:48.577+0000] {logging_mixin.py:188} INFO - [2024-03-06T22:19:48.576+0000] {dagbag.py:540} INFO - Filling up the DagBag from /home/airflow/.local/lib/python3.8/site-packages/airflow/example_dags/example_latest_only_with_trigger.py
[2024-03-06T22:19:48.585+0000] {processor.py:840} INFO - DAG(s) 'latest_only_with_trigger' retrieved from /home/airflow/.local/lib/python3.8/site-packages/airflow/example_dags/example_latest_only_with_trigger.py
[2024-03-06T22:19:48.623+0000] {logging_mixin.py:188} INFO - [2024-03-06T22:19:48.622+0000] {dag.py:3047} INFO - Sync 1 DAGs
[2024-03-06T22:19:48.652+0000] {logging_mixin.py:188} INFO - [2024-03-06T22:19:48.652+0000] {dag.py:3834} INFO - Setting next_dagrun for latest_only_with_trigger to 2024-03-06 16:00:00+00:00, run_after=2024-03-06 20:00:00+00:00
[2024-03-06T22:19:48.683+0000] {processor.py:183} INFO - Processing /home/airflow/.local/lib/python3.8/site-packages/airflow/example_dags/example_latest_only_with_trigger.py took 0.116 seconds
[2024-03-06T22:20:18.803+0000] {processor.py:161} INFO - Started process (PID=346) to work on /home/airflow/.local/lib/python3.8/site-packages/airflow/example_dags/example_latest_only_with_trigger.py
[2024-03-06T22:20:18.806+0000] {processor.py:830} INFO - Processing file /home/airflow/.local/lib/python3.8/site-packages/airflow/example_dags/example_latest_only_with_trigger.py for tasks to queue
[2024-03-06T22:20:18.808+0000] {logging_mixin.py:188} INFO - [2024-03-06T22:20:18.808+0000] {dagbag.py:540} INFO - Filling up the DagBag from /home/airflow/.local/lib/python3.8/site-packages/airflow/example_dags/example_latest_only_with_trigger.py
[2024-03-06T22:20:18.816+0000] {processor.py:840} INFO - DAG(s) 'latest_only_with_trigger' retrieved from /home/airflow/.local/lib/python3.8/site-packages/airflow/example_dags/example_latest_only_with_trigger.py
[2024-03-06T22:20:18.846+0000] {logging_mixin.py:188} INFO - [2024-03-06T22:20:18.845+0000] {dag.py:3047} INFO - Sync 1 DAGs
[2024-03-06T22:20:18.878+0000] {logging_mixin.py:188} INFO - [2024-03-06T22:20:18.878+0000] {dag.py:3834} INFO - Setting next_dagrun for latest_only_with_trigger to 2024-03-06 16:00:00+00:00, run_after=2024-03-06 20:00:00+00:00
[2024-03-06T22:20:18.908+0000] {processor.py:183} INFO - Processing /home/airflow/.local/lib/python3.8/site-packages/airflow/example_dags/example_latest_only_with_trigger.py took 0.110 seconds
[2024-03-06T22:20:49.102+0000] {processor.py:161} INFO - Started process (PID=401) to work on /home/airflow/.local/lib/python3.8/site-packages/airflow/example_dags/example_latest_only_with_trigger.py
[2024-03-06T22:20:49.103+0000] {processor.py:830} INFO - Processing file /home/airflow/.local/lib/python3.8/site-packages/airflow/example_dags/example_latest_only_with_trigger.py for tasks to queue
[2024-03-06T22:20:49.106+0000] {logging_mixin.py:188} INFO - [2024-03-06T22:20:49.106+0000] {dagbag.py:540} INFO - Filling up the DagBag from /home/airflow/.local/lib/python3.8/site-packages/airflow/example_dags/example_latest_only_with_trigger.py
[2024-03-06T22:20:49.115+0000] {processor.py:840} INFO - DAG(s) 'latest_only_with_trigger' retrieved from /home/airflow/.local/lib/python3.8/site-packages/airflow/example_dags/example_latest_only_with_trigger.py
[2024-03-06T22:20:49.145+0000] {logging_mixin.py:188} INFO - [2024-03-06T22:20:49.145+0000] {dag.py:3047} INFO - Sync 1 DAGs
[2024-03-06T22:20:49.173+0000] {logging_mixin.py:188} INFO - [2024-03-06T22:20:49.172+0000] {dag.py:3834} INFO - Setting next_dagrun for latest_only_with_trigger to 2024-03-06 16:00:00+00:00, run_after=2024-03-06 20:00:00+00:00
[2024-03-06T22:20:49.200+0000] {processor.py:183} INFO - Processing /home/airflow/.local/lib/python3.8/site-packages/airflow/example_dags/example_latest_only_with_trigger.py took 0.102 seconds
[2024-03-06T22:21:20.066+0000] {processor.py:161} INFO - Started process (PID=456) to work on /home/airflow/.local/lib/python3.8/site-packages/airflow/example_dags/example_latest_only_with_trigger.py
[2024-03-06T22:21:20.070+0000] {processor.py:830} INFO - Processing file /home/airflow/.local/lib/python3.8/site-packages/airflow/example_dags/example_latest_only_with_trigger.py for tasks to queue
[2024-03-06T22:21:20.073+0000] {logging_mixin.py:188} INFO - [2024-03-06T22:21:20.073+0000] {dagbag.py:540} INFO - Filling up the DagBag from /home/airflow/.local/lib/python3.8/site-packages/airflow/example_dags/example_latest_only_with_trigger.py
[2024-03-06T22:21:20.084+0000] {processor.py:840} INFO - DAG(s) 'latest_only_with_trigger' retrieved from /home/airflow/.local/lib/python3.8/site-packages/airflow/example_dags/example_latest_only_with_trigger.py
[2024-03-06T22:21:20.130+0000] {logging_mixin.py:188} INFO - [2024-03-06T22:21:20.129+0000] {dag.py:3047} INFO - Sync 1 DAGs
[2024-03-06T22:21:20.235+0000] {logging_mixin.py:188} INFO - [2024-03-06T22:21:20.234+0000] {dag.py:3834} INFO - Setting next_dagrun for latest_only_with_trigger to 2024-03-06 16:00:00+00:00, run_after=2024-03-06 20:00:00+00:00
[2024-03-06T22:21:20.272+0000] {processor.py:183} INFO - Processing /home/airflow/.local/lib/python3.8/site-packages/airflow/example_dags/example_latest_only_with_trigger.py took 0.211 seconds
[2024-03-06T22:21:50.678+0000] {processor.py:161} INFO - Started process (PID=511) to work on /home/airflow/.local/lib/python3.8/site-packages/airflow/example_dags/example_latest_only_with_trigger.py
[2024-03-06T22:21:50.680+0000] {processor.py:830} INFO - Processing file /home/airflow/.local/lib/python3.8/site-packages/airflow/example_dags/example_latest_only_with_trigger.py for tasks to queue
[2024-03-06T22:21:50.682+0000] {logging_mixin.py:188} INFO - [2024-03-06T22:21:50.682+0000] {dagbag.py:540} INFO - Filling up the DagBag from /home/airflow/.local/lib/python3.8/site-packages/airflow/example_dags/example_latest_only_with_trigger.py
[2024-03-06T22:21:50.690+0000] {processor.py:840} INFO - DAG(s) 'latest_only_with_trigger' retrieved from /home/airflow/.local/lib/python3.8/site-packages/airflow/example_dags/example_latest_only_with_trigger.py
[2024-03-06T22:21:50.717+0000] {logging_mixin.py:188} INFO - [2024-03-06T22:21:50.717+0000] {dag.py:3047} INFO - Sync 1 DAGs
[2024-03-06T22:21:50.744+0000] {logging_mixin.py:188} INFO - [2024-03-06T22:21:50.744+0000] {dag.py:3834} INFO - Setting next_dagrun for latest_only_with_trigger to 2024-03-06 16:00:00+00:00, run_after=2024-03-06 20:00:00+00:00
[2024-03-06T22:21:50.769+0000] {processor.py:183} INFO - Processing /home/airflow/.local/lib/python3.8/site-packages/airflow/example_dags/example_latest_only_with_trigger.py took 0.096 seconds
[2024-03-06T22:22:21.013+0000] {processor.py:161} INFO - Started process (PID=565) to work on /home/airflow/.local/lib/python3.8/site-packages/airflow/example_dags/example_latest_only_with_trigger.py
[2024-03-06T22:22:21.016+0000] {processor.py:830} INFO - Processing file /home/airflow/.local/lib/python3.8/site-packages/airflow/example_dags/example_latest_only_with_trigger.py for tasks to queue
[2024-03-06T22:22:21.020+0000] {logging_mixin.py:188} INFO - [2024-03-06T22:22:21.019+0000] {dagbag.py:540} INFO - Filling up the DagBag from /home/airflow/.local/lib/python3.8/site-packages/airflow/example_dags/example_latest_only_with_trigger.py
[2024-03-06T22:22:21.030+0000] {processor.py:840} INFO - DAG(s) 'latest_only_with_trigger' retrieved from /home/airflow/.local/lib/python3.8/site-packages/airflow/example_dags/example_latest_only_with_trigger.py
[2024-03-06T22:22:21.070+0000] {logging_mixin.py:188} INFO - [2024-03-06T22:22:21.070+0000] {dag.py:3047} INFO - Sync 1 DAGs
[2024-03-06T22:22:21.122+0000] {logging_mixin.py:188} INFO - [2024-03-06T22:22:21.122+0000] {dag.py:3834} INFO - Setting next_dagrun for latest_only_with_trigger to 2024-03-06 16:00:00+00:00, run_after=2024-03-06 20:00:00+00:00
[2024-03-06T22:22:21.152+0000] {processor.py:183} INFO - Processing /home/airflow/.local/lib/python3.8/site-packages/airflow/example_dags/example_latest_only_with_trigger.py took 0.144 seconds
[2024-03-06T22:22:51.725+0000] {processor.py:161} INFO - Started process (PID=620) to work on /home/airflow/.local/lib/python3.8/site-packages/airflow/example_dags/example_latest_only_with_trigger.py
[2024-03-06T22:22:51.729+0000] {processor.py:830} INFO - Processing file /home/airflow/.local/lib/python3.8/site-packages/airflow/example_dags/example_latest_only_with_trigger.py for tasks to queue
[2024-03-06T22:22:51.732+0000] {logging_mixin.py:188} INFO - [2024-03-06T22:22:51.732+0000] {dagbag.py:540} INFO - Filling up the DagBag from /home/airflow/.local/lib/python3.8/site-packages/airflow/example_dags/example_latest_only_with_trigger.py
[2024-03-06T22:22:51.740+0000] {processor.py:840} INFO - DAG(s) 'latest_only_with_trigger' retrieved from /home/airflow/.local/lib/python3.8/site-packages/airflow/example_dags/example_latest_only_with_trigger.py
[2024-03-06T22:22:51.770+0000] {logging_mixin.py:188} INFO - [2024-03-06T22:22:51.769+0000] {dag.py:3047} INFO - Sync 1 DAGs
[2024-03-06T22:22:51.799+0000] {logging_mixin.py:188} INFO - [2024-03-06T22:22:51.798+0000] {dag.py:3834} INFO - Setting next_dagrun for latest_only_with_trigger to 2024-03-06 16:00:00+00:00, run_after=2024-03-06 20:00:00+00:00
[2024-03-06T22:22:51.824+0000] {processor.py:183} INFO - Processing /home/airflow/.local/lib/python3.8/site-packages/airflow/example_dags/example_latest_only_with_trigger.py took 0.104 seconds
[2024-03-06T22:23:22.160+0000] {processor.py:161} INFO - Started process (PID=675) to work on /home/airflow/.local/lib/python3.8/site-packages/airflow/example_dags/example_latest_only_with_trigger.py
[2024-03-06T22:23:22.162+0000] {processor.py:830} INFO - Processing file /home/airflow/.local/lib/python3.8/site-packages/airflow/example_dags/example_latest_only_with_trigger.py for tasks to queue
[2024-03-06T22:23:22.165+0000] {logging_mixin.py:188} INFO - [2024-03-06T22:23:22.165+0000] {dagbag.py:540} INFO - Filling up the DagBag from /home/airflow/.local/lib/python3.8/site-packages/airflow/example_dags/example_latest_only_with_trigger.py
[2024-03-06T22:23:22.174+0000] {processor.py:840} INFO - DAG(s) 'latest_only_with_trigger' retrieved from /home/airflow/.local/lib/python3.8/site-packages/airflow/example_dags/example_latest_only_with_trigger.py
[2024-03-06T22:23:22.202+0000] {logging_mixin.py:188} INFO - [2024-03-06T22:23:22.201+0000] {dag.py:3047} INFO - Sync 1 DAGs
[2024-03-06T22:23:22.234+0000] {logging_mixin.py:188} INFO - [2024-03-06T22:23:22.234+0000] {dag.py:3834} INFO - Setting next_dagrun for latest_only_with_trigger to 2024-03-06 16:00:00+00:00, run_after=2024-03-06 20:00:00+00:00
[2024-03-06T22:23:22.263+0000] {processor.py:183} INFO - Processing /home/airflow/.local/lib/python3.8/site-packages/airflow/example_dags/example_latest_only_with_trigger.py took 0.108 seconds
[2024-03-06T22:23:52.837+0000] {processor.py:161} INFO - Started process (PID=729) to work on /home/airflow/.local/lib/python3.8/site-packages/airflow/example_dags/example_latest_only_with_trigger.py
[2024-03-06T22:23:52.839+0000] {processor.py:830} INFO - Processing file /home/airflow/.local/lib/python3.8/site-packages/airflow/example_dags/example_latest_only_with_trigger.py for tasks to queue
[2024-03-06T22:23:52.843+0000] {logging_mixin.py:188} INFO - [2024-03-06T22:23:52.843+0000] {dagbag.py:540} INFO - Filling up the DagBag from /home/airflow/.local/lib/python3.8/site-packages/airflow/example_dags/example_latest_only_with_trigger.py
[2024-03-06T22:23:52.853+0000] {processor.py:840} INFO - DAG(s) 'latest_only_with_trigger' retrieved from /home/airflow/.local/lib/python3.8/site-packages/airflow/example_dags/example_latest_only_with_trigger.py
[2024-03-06T22:23:52.887+0000] {logging_mixin.py:188} INFO - [2024-03-06T22:23:52.887+0000] {dag.py:3047} INFO - Sync 1 DAGs
[2024-03-06T22:23:52.920+0000] {logging_mixin.py:188} INFO - [2024-03-06T22:23:52.920+0000] {dag.py:3834} INFO - Setting next_dagrun for latest_only_with_trigger to 2024-03-06 16:00:00+00:00, run_after=2024-03-06 20:00:00+00:00
[2024-03-06T22:23:52.952+0000] {processor.py:183} INFO - Processing /home/airflow/.local/lib/python3.8/site-packages/airflow/example_dags/example_latest_only_with_trigger.py took 0.121 seconds
[2024-03-06T22:24:23.795+0000] {processor.py:161} INFO - Started process (PID=784) to work on /home/airflow/.local/lib/python3.8/site-packages/airflow/example_dags/example_latest_only_with_trigger.py
[2024-03-06T22:24:23.797+0000] {processor.py:830} INFO - Processing file /home/airflow/.local/lib/python3.8/site-packages/airflow/example_dags/example_latest_only_with_trigger.py for tasks to queue
[2024-03-06T22:24:23.800+0000] {logging_mixin.py:188} INFO - [2024-03-06T22:24:23.800+0000] {dagbag.py:540} INFO - Filling up the DagBag from /home/airflow/.local/lib/python3.8/site-packages/airflow/example_dags/example_latest_only_with_trigger.py
[2024-03-06T22:24:23.811+0000] {processor.py:840} INFO - DAG(s) 'latest_only_with_trigger' retrieved from /home/airflow/.local/lib/python3.8/site-packages/airflow/example_dags/example_latest_only_with_trigger.py
[2024-03-06T22:24:23.853+0000] {logging_mixin.py:188} INFO - [2024-03-06T22:24:23.852+0000] {dag.py:3047} INFO - Sync 1 DAGs
[2024-03-06T22:24:23.889+0000] {logging_mixin.py:188} INFO - [2024-03-06T22:24:23.888+0000] {dag.py:3834} INFO - Setting next_dagrun for latest_only_with_trigger to 2024-03-06 16:00:00+00:00, run_after=2024-03-06 20:00:00+00:00
[2024-03-06T22:24:23.918+0000] {processor.py:183} INFO - Processing /home/airflow/.local/lib/python3.8/site-packages/airflow/example_dags/example_latest_only_with_trigger.py took 0.129 seconds
[2024-03-06T22:24:54.015+0000] {processor.py:161} INFO - Started process (PID=839) to work on /home/airflow/.local/lib/python3.8/site-packages/airflow/example_dags/example_latest_only_with_trigger.py
[2024-03-06T22:24:54.016+0000] {processor.py:830} INFO - Processing file /home/airflow/.local/lib/python3.8/site-packages/airflow/example_dags/example_latest_only_with_trigger.py for tasks to queue
[2024-03-06T22:24:54.020+0000] {logging_mixin.py:188} INFO - [2024-03-06T22:24:54.019+0000] {dagbag.py:540} INFO - Filling up the DagBag from /home/airflow/.local/lib/python3.8/site-packages/airflow/example_dags/example_latest_only_with_trigger.py
[2024-03-06T22:24:54.029+0000] {processor.py:840} INFO - DAG(s) 'latest_only_with_trigger' retrieved from /home/airflow/.local/lib/python3.8/site-packages/airflow/example_dags/example_latest_only_with_trigger.py
[2024-03-06T22:24:54.068+0000] {logging_mixin.py:188} INFO - [2024-03-06T22:24:54.068+0000] {dag.py:3047} INFO - Sync 1 DAGs
[2024-03-06T22:24:54.107+0000] {logging_mixin.py:188} INFO - [2024-03-06T22:24:54.107+0000] {dag.py:3834} INFO - Setting next_dagrun for latest_only_with_trigger to 2024-03-06 16:00:00+00:00, run_after=2024-03-06 20:00:00+00:00
[2024-03-06T22:24:54.145+0000] {processor.py:183} INFO - Processing /home/airflow/.local/lib/python3.8/site-packages/airflow/example_dags/example_latest_only_with_trigger.py took 0.136 seconds
[2024-03-06T22:25:24.239+0000] {processor.py:161} INFO - Started process (PID=894) to work on /home/airflow/.local/lib/python3.8/site-packages/airflow/example_dags/example_latest_only_with_trigger.py
[2024-03-06T22:25:24.241+0000] {processor.py:830} INFO - Processing file /home/airflow/.local/lib/python3.8/site-packages/airflow/example_dags/example_latest_only_with_trigger.py for tasks to queue
[2024-03-06T22:25:24.243+0000] {logging_mixin.py:188} INFO - [2024-03-06T22:25:24.242+0000] {dagbag.py:540} INFO - Filling up the DagBag from /home/airflow/.local/lib/python3.8/site-packages/airflow/example_dags/example_latest_only_with_trigger.py
[2024-03-06T22:25:24.251+0000] {processor.py:840} INFO - DAG(s) 'latest_only_with_trigger' retrieved from /home/airflow/.local/lib/python3.8/site-packages/airflow/example_dags/example_latest_only_with_trigger.py
[2024-03-06T22:25:24.283+0000] {logging_mixin.py:188} INFO - [2024-03-06T22:25:24.283+0000] {dag.py:3047} INFO - Sync 1 DAGs
[2024-03-06T22:25:24.320+0000] {logging_mixin.py:188} INFO - [2024-03-06T22:25:24.320+0000] {dag.py:3834} INFO - Setting next_dagrun for latest_only_with_trigger to 2024-03-06 16:00:00+00:00, run_after=2024-03-06 20:00:00+00:00
[2024-03-06T22:25:24.355+0000] {processor.py:183} INFO - Processing /home/airflow/.local/lib/python3.8/site-packages/airflow/example_dags/example_latest_only_with_trigger.py took 0.121 seconds
[2024-03-06T22:25:54.567+0000] {processor.py:161} INFO - Started process (PID=948) to work on /home/airflow/.local/lib/python3.8/site-packages/airflow/example_dags/example_latest_only_with_trigger.py
[2024-03-06T22:25:54.569+0000] {processor.py:830} INFO - Processing file /home/airflow/.local/lib/python3.8/site-packages/airflow/example_dags/example_latest_only_with_trigger.py for tasks to queue
[2024-03-06T22:25:54.573+0000] {logging_mixin.py:188} INFO - [2024-03-06T22:25:54.573+0000] {dagbag.py:540} INFO - Filling up the DagBag from /home/airflow/.local/lib/python3.8/site-packages/airflow/example_dags/example_latest_only_with_trigger.py
[2024-03-06T22:25:54.580+0000] {processor.py:840} INFO - DAG(s) 'latest_only_with_trigger' retrieved from /home/airflow/.local/lib/python3.8/site-packages/airflow/example_dags/example_latest_only_with_trigger.py
[2024-03-06T22:25:54.610+0000] {logging_mixin.py:188} INFO - [2024-03-06T22:25:54.610+0000] {dag.py:3047} INFO - Sync 1 DAGs
[2024-03-06T22:25:54.640+0000] {logging_mixin.py:188} INFO - [2024-03-06T22:25:54.640+0000] {dag.py:3834} INFO - Setting next_dagrun for latest_only_with_trigger to 2024-03-06 16:00:00+00:00, run_after=2024-03-06 20:00:00+00:00
[2024-03-06T22:25:54.671+0000] {processor.py:183} INFO - Processing /home/airflow/.local/lib/python3.8/site-packages/airflow/example_dags/example_latest_only_with_trigger.py took 0.109 seconds
[2024-03-06T22:26:25.052+0000] {processor.py:161} INFO - Started process (PID=1003) to work on /home/airflow/.local/lib/python3.8/site-packages/airflow/example_dags/example_latest_only_with_trigger.py
[2024-03-06T22:26:25.055+0000] {processor.py:830} INFO - Processing file /home/airflow/.local/lib/python3.8/site-packages/airflow/example_dags/example_latest_only_with_trigger.py for tasks to queue
[2024-03-06T22:26:25.058+0000] {logging_mixin.py:188} INFO - [2024-03-06T22:26:25.058+0000] {dagbag.py:540} INFO - Filling up the DagBag from /home/airflow/.local/lib/python3.8/site-packages/airflow/example_dags/example_latest_only_with_trigger.py
[2024-03-06T22:26:25.066+0000] {processor.py:840} INFO - DAG(s) 'latest_only_with_trigger' retrieved from /home/airflow/.local/lib/python3.8/site-packages/airflow/example_dags/example_latest_only_with_trigger.py
[2024-03-06T22:26:25.106+0000] {logging_mixin.py:188} INFO - [2024-03-06T22:26:25.105+0000] {dag.py:3047} INFO - Sync 1 DAGs
[2024-03-06T22:26:25.141+0000] {logging_mixin.py:188} INFO - [2024-03-06T22:26:25.140+0000] {dag.py:3834} INFO - Setting next_dagrun for latest_only_with_trigger to 2024-03-06 16:00:00+00:00, run_after=2024-03-06 20:00:00+00:00
[2024-03-06T22:26:25.169+0000] {processor.py:183} INFO - Processing /home/airflow/.local/lib/python3.8/site-packages/airflow/example_dags/example_latest_only_with_trigger.py took 0.121 seconds
[2024-03-06T22:26:55.510+0000] {processor.py:161} INFO - Started process (PID=1058) to work on /home/airflow/.local/lib/python3.8/site-packages/airflow/example_dags/example_latest_only_with_trigger.py
[2024-03-06T22:26:55.511+0000] {processor.py:830} INFO - Processing file /home/airflow/.local/lib/python3.8/site-packages/airflow/example_dags/example_latest_only_with_trigger.py for tasks to queue
[2024-03-06T22:26:55.514+0000] {logging_mixin.py:188} INFO - [2024-03-06T22:26:55.513+0000] {dagbag.py:540} INFO - Filling up the DagBag from /home/airflow/.local/lib/python3.8/site-packages/airflow/example_dags/example_latest_only_with_trigger.py
[2024-03-06T22:26:55.523+0000] {processor.py:840} INFO - DAG(s) 'latest_only_with_trigger' retrieved from /home/airflow/.local/lib/python3.8/site-packages/airflow/example_dags/example_latest_only_with_trigger.py
[2024-03-06T22:26:55.563+0000] {logging_mixin.py:188} INFO - [2024-03-06T22:26:55.563+0000] {dag.py:3047} INFO - Sync 1 DAGs
[2024-03-06T22:26:55.593+0000] {logging_mixin.py:188} INFO - [2024-03-06T22:26:55.593+0000] {dag.py:3834} INFO - Setting next_dagrun for latest_only_with_trigger to 2024-03-06 16:00:00+00:00, run_after=2024-03-06 20:00:00+00:00
[2024-03-06T22:26:55.620+0000] {processor.py:183} INFO - Processing /home/airflow/.local/lib/python3.8/site-packages/airflow/example_dags/example_latest_only_with_trigger.py took 0.115 seconds
[2024-03-06T22:27:25.726+0000] {processor.py:161} INFO - Started process (PID=1113) to work on /home/airflow/.local/lib/python3.8/site-packages/airflow/example_dags/example_latest_only_with_trigger.py
[2024-03-06T22:27:25.728+0000] {processor.py:830} INFO - Processing file /home/airflow/.local/lib/python3.8/site-packages/airflow/example_dags/example_latest_only_with_trigger.py for tasks to queue
[2024-03-06T22:27:25.731+0000] {logging_mixin.py:188} INFO - [2024-03-06T22:27:25.731+0000] {dagbag.py:540} INFO - Filling up the DagBag from /home/airflow/.local/lib/python3.8/site-packages/airflow/example_dags/example_latest_only_with_trigger.py
[2024-03-06T22:27:25.739+0000] {processor.py:840} INFO - DAG(s) 'latest_only_with_trigger' retrieved from /home/airflow/.local/lib/python3.8/site-packages/airflow/example_dags/example_latest_only_with_trigger.py
[2024-03-06T22:27:25.768+0000] {logging_mixin.py:188} INFO - [2024-03-06T22:27:25.767+0000] {dag.py:3047} INFO - Sync 1 DAGs
[2024-03-06T22:27:25.797+0000] {logging_mixin.py:188} INFO - [2024-03-06T22:27:25.796+0000] {dag.py:3834} INFO - Setting next_dagrun for latest_only_with_trigger to 2024-03-06 16:00:00+00:00, run_after=2024-03-06 20:00:00+00:00
[2024-03-06T22:27:25.822+0000] {processor.py:183} INFO - Processing /home/airflow/.local/lib/python3.8/site-packages/airflow/example_dags/example_latest_only_with_trigger.py took 0.100 seconds
[2024-03-06T22:27:56.099+0000] {processor.py:161} INFO - Started process (PID=1168) to work on /home/airflow/.local/lib/python3.8/site-packages/airflow/example_dags/example_latest_only_with_trigger.py
[2024-03-06T22:27:56.104+0000] {processor.py:830} INFO - Processing file /home/airflow/.local/lib/python3.8/site-packages/airflow/example_dags/example_latest_only_with_trigger.py for tasks to queue
[2024-03-06T22:27:56.109+0000] {logging_mixin.py:188} INFO - [2024-03-06T22:27:56.108+0000] {dagbag.py:540} INFO - Filling up the DagBag from /home/airflow/.local/lib/python3.8/site-packages/airflow/example_dags/example_latest_only_with_trigger.py
[2024-03-06T22:27:56.118+0000] {processor.py:840} INFO - DAG(s) 'latest_only_with_trigger' retrieved from /home/airflow/.local/lib/python3.8/site-packages/airflow/example_dags/example_latest_only_with_trigger.py
[2024-03-06T22:27:56.150+0000] {logging_mixin.py:188} INFO - [2024-03-06T22:27:56.150+0000] {dag.py:3047} INFO - Sync 1 DAGs
[2024-03-06T22:27:56.178+0000] {logging_mixin.py:188} INFO - [2024-03-06T22:27:56.178+0000] {dag.py:3834} INFO - Setting next_dagrun for latest_only_with_trigger to 2024-03-06 16:00:00+00:00, run_after=2024-03-06 20:00:00+00:00
[2024-03-06T22:27:56.204+0000] {processor.py:183} INFO - Processing /home/airflow/.local/lib/python3.8/site-packages/airflow/example_dags/example_latest_only_with_trigger.py took 0.111 seconds
[2024-03-06T22:28:26.243+0000] {processor.py:161} INFO - Started process (PID=1223) to work on /home/airflow/.local/lib/python3.8/site-packages/airflow/example_dags/example_latest_only_with_trigger.py
[2024-03-06T22:28:26.245+0000] {processor.py:830} INFO - Processing file /home/airflow/.local/lib/python3.8/site-packages/airflow/example_dags/example_latest_only_with_trigger.py for tasks to queue
[2024-03-06T22:28:26.248+0000] {logging_mixin.py:188} INFO - [2024-03-06T22:28:26.248+0000] {dagbag.py:540} INFO - Filling up the DagBag from /home/airflow/.local/lib/python3.8/site-packages/airflow/example_dags/example_latest_only_with_trigger.py
[2024-03-06T22:28:26.257+0000] {processor.py:840} INFO - DAG(s) 'latest_only_with_trigger' retrieved from /home/airflow/.local/lib/python3.8/site-packages/airflow/example_dags/example_latest_only_with_trigger.py
[2024-03-06T22:28:26.290+0000] {logging_mixin.py:188} INFO - [2024-03-06T22:28:26.289+0000] {dag.py:3047} INFO - Sync 1 DAGs
[2024-03-06T22:28:26.318+0000] {logging_mixin.py:188} INFO - [2024-03-06T22:28:26.317+0000] {dag.py:3834} INFO - Setting next_dagrun for latest_only_with_trigger to 2024-03-06 16:00:00+00:00, run_after=2024-03-06 20:00:00+00:00
[2024-03-06T22:28:26.341+0000] {processor.py:183} INFO - Processing /home/airflow/.local/lib/python3.8/site-packages/airflow/example_dags/example_latest_only_with_trigger.py took 0.104 seconds
[2024-03-06T22:28:56.752+0000] {processor.py:161} INFO - Started process (PID=1278) to work on /home/airflow/.local/lib/python3.8/site-packages/airflow/example_dags/example_latest_only_with_trigger.py
[2024-03-06T22:28:56.756+0000] {processor.py:830} INFO - Processing file /home/airflow/.local/lib/python3.8/site-packages/airflow/example_dags/example_latest_only_with_trigger.py for tasks to queue
[2024-03-06T22:28:56.758+0000] {logging_mixin.py:188} INFO - [2024-03-06T22:28:56.758+0000] {dagbag.py:540} INFO - Filling up the DagBag from /home/airflow/.local/lib/python3.8/site-packages/airflow/example_dags/example_latest_only_with_trigger.py
[2024-03-06T22:28:56.765+0000] {processor.py:840} INFO - DAG(s) 'latest_only_with_trigger' retrieved from /home/airflow/.local/lib/python3.8/site-packages/airflow/example_dags/example_latest_only_with_trigger.py
[2024-03-06T22:28:56.797+0000] {logging_mixin.py:188} INFO - [2024-03-06T22:28:56.796+0000] {dag.py:3047} INFO - Sync 1 DAGs
[2024-03-06T22:28:56.826+0000] {logging_mixin.py:188} INFO - [2024-03-06T22:28:56.825+0000] {dag.py:3834} INFO - Setting next_dagrun for latest_only_with_trigger to 2024-03-06 16:00:00+00:00, run_after=2024-03-06 20:00:00+00:00
[2024-03-06T22:28:56.853+0000] {processor.py:183} INFO - Processing /home/airflow/.local/lib/python3.8/site-packages/airflow/example_dags/example_latest_only_with_trigger.py took 0.106 seconds
[2024-03-06T22:29:27.608+0000] {processor.py:161} INFO - Started process (PID=1333) to work on /home/airflow/.local/lib/python3.8/site-packages/airflow/example_dags/example_latest_only_with_trigger.py
[2024-03-06T22:29:27.609+0000] {processor.py:830} INFO - Processing file /home/airflow/.local/lib/python3.8/site-packages/airflow/example_dags/example_latest_only_with_trigger.py for tasks to queue
[2024-03-06T22:29:27.611+0000] {logging_mixin.py:188} INFO - [2024-03-06T22:29:27.611+0000] {dagbag.py:540} INFO - Filling up the DagBag from /home/airflow/.local/lib/python3.8/site-packages/airflow/example_dags/example_latest_only_with_trigger.py
[2024-03-06T22:29:27.620+0000] {processor.py:840} INFO - DAG(s) 'latest_only_with_trigger' retrieved from /home/airflow/.local/lib/python3.8/site-packages/airflow/example_dags/example_latest_only_with_trigger.py
[2024-03-06T22:29:27.649+0000] {logging_mixin.py:188} INFO - [2024-03-06T22:29:27.649+0000] {dag.py:3047} INFO - Sync 1 DAGs
[2024-03-06T22:29:27.681+0000] {logging_mixin.py:188} INFO - [2024-03-06T22:29:27.681+0000] {dag.py:3834} INFO - Setting next_dagrun for latest_only_with_trigger to 2024-03-06 16:00:00+00:00, run_after=2024-03-06 20:00:00+00:00
[2024-03-06T22:29:27.709+0000] {processor.py:183} INFO - Processing /home/airflow/.local/lib/python3.8/site-packages/airflow/example_dags/example_latest_only_with_trigger.py took 0.108 seconds
[2024-03-06T22:29:58.264+0000] {processor.py:161} INFO - Started process (PID=1388) to work on /home/airflow/.local/lib/python3.8/site-packages/airflow/example_dags/example_latest_only_with_trigger.py
[2024-03-06T22:29:58.267+0000] {processor.py:830} INFO - Processing file /home/airflow/.local/lib/python3.8/site-packages/airflow/example_dags/example_latest_only_with_trigger.py for tasks to queue
[2024-03-06T22:29:58.270+0000] {logging_mixin.py:188} INFO - [2024-03-06T22:29:58.270+0000] {dagbag.py:540} INFO - Filling up the DagBag from /home/airflow/.local/lib/python3.8/site-packages/airflow/example_dags/example_latest_only_with_trigger.py
[2024-03-06T22:29:58.281+0000] {processor.py:840} INFO - DAG(s) 'latest_only_with_trigger' retrieved from /home/airflow/.local/lib/python3.8/site-packages/airflow/example_dags/example_latest_only_with_trigger.py
[2024-03-06T22:29:58.322+0000] {logging_mixin.py:188} INFO - [2024-03-06T22:29:58.320+0000] {dag.py:3047} INFO - Sync 1 DAGs
[2024-03-06T22:29:58.367+0000] {logging_mixin.py:188} INFO - [2024-03-06T22:29:58.366+0000] {dag.py:3834} INFO - Setting next_dagrun for latest_only_with_trigger to 2024-03-06 16:00:00+00:00, run_after=2024-03-06 20:00:00+00:00
[2024-03-06T22:29:58.405+0000] {processor.py:183} INFO - Processing /home/airflow/.local/lib/python3.8/site-packages/airflow/example_dags/example_latest_only_with_trigger.py took 0.152 seconds
[2024-03-06T22:30:29.109+0000] {processor.py:161} INFO - Started process (PID=1442) to work on /home/airflow/.local/lib/python3.8/site-packages/airflow/example_dags/example_latest_only_with_trigger.py
[2024-03-06T22:30:29.111+0000] {processor.py:830} INFO - Processing file /home/airflow/.local/lib/python3.8/site-packages/airflow/example_dags/example_latest_only_with_trigger.py for tasks to queue
[2024-03-06T22:30:29.114+0000] {logging_mixin.py:188} INFO - [2024-03-06T22:30:29.114+0000] {dagbag.py:540} INFO - Filling up the DagBag from /home/airflow/.local/lib/python3.8/site-packages/airflow/example_dags/example_latest_only_with_trigger.py
[2024-03-06T22:30:29.123+0000] {processor.py:840} INFO - DAG(s) 'latest_only_with_trigger' retrieved from /home/airflow/.local/lib/python3.8/site-packages/airflow/example_dags/example_latest_only_with_trigger.py
[2024-03-06T22:30:29.185+0000] {logging_mixin.py:188} INFO - [2024-03-06T22:30:29.185+0000] {dag.py:3047} INFO - Sync 1 DAGs
[2024-03-06T22:30:29.236+0000] {logging_mixin.py:188} INFO - [2024-03-06T22:30:29.235+0000] {dag.py:3834} INFO - Setting next_dagrun for latest_only_with_trigger to 2024-03-06 16:00:00+00:00, run_after=2024-03-06 20:00:00+00:00
[2024-03-06T22:30:29.269+0000] {processor.py:183} INFO - Processing /home/airflow/.local/lib/python3.8/site-packages/airflow/example_dags/example_latest_only_with_trigger.py took 0.165 seconds
[2024-03-06T22:30:59.731+0000] {processor.py:161} INFO - Started process (PID=1497) to work on /home/airflow/.local/lib/python3.8/site-packages/airflow/example_dags/example_latest_only_with_trigger.py
[2024-03-06T22:30:59.733+0000] {processor.py:830} INFO - Processing file /home/airflow/.local/lib/python3.8/site-packages/airflow/example_dags/example_latest_only_with_trigger.py for tasks to queue
[2024-03-06T22:30:59.735+0000] {logging_mixin.py:188} INFO - [2024-03-06T22:30:59.735+0000] {dagbag.py:540} INFO - Filling up the DagBag from /home/airflow/.local/lib/python3.8/site-packages/airflow/example_dags/example_latest_only_with_trigger.py
[2024-03-06T22:30:59.744+0000] {processor.py:840} INFO - DAG(s) 'latest_only_with_trigger' retrieved from /home/airflow/.local/lib/python3.8/site-packages/airflow/example_dags/example_latest_only_with_trigger.py
[2024-03-06T22:30:59.774+0000] {logging_mixin.py:188} INFO - [2024-03-06T22:30:59.774+0000] {dag.py:3047} INFO - Sync 1 DAGs
[2024-03-06T22:30:59.803+0000] {logging_mixin.py:188} INFO - [2024-03-06T22:30:59.803+0000] {dag.py:3834} INFO - Setting next_dagrun for latest_only_with_trigger to 2024-03-06 16:00:00+00:00, run_after=2024-03-06 20:00:00+00:00
[2024-03-06T22:30:59.830+0000] {processor.py:183} INFO - Processing /home/airflow/.local/lib/python3.8/site-packages/airflow/example_dags/example_latest_only_with_trigger.py took 0.104 seconds
[2024-03-06T22:31:30.554+0000] {processor.py:161} INFO - Started process (PID=1558) to work on /home/airflow/.local/lib/python3.8/site-packages/airflow/example_dags/example_latest_only_with_trigger.py
[2024-03-06T22:31:30.556+0000] {processor.py:830} INFO - Processing file /home/airflow/.local/lib/python3.8/site-packages/airflow/example_dags/example_latest_only_with_trigger.py for tasks to queue
[2024-03-06T22:31:30.559+0000] {logging_mixin.py:188} INFO - [2024-03-06T22:31:30.558+0000] {dagbag.py:540} INFO - Filling up the DagBag from /home/airflow/.local/lib/python3.8/site-packages/airflow/example_dags/example_latest_only_with_trigger.py
[2024-03-06T22:31:30.567+0000] {processor.py:840} INFO - DAG(s) 'latest_only_with_trigger' retrieved from /home/airflow/.local/lib/python3.8/site-packages/airflow/example_dags/example_latest_only_with_trigger.py
[2024-03-06T22:31:30.601+0000] {logging_mixin.py:188} INFO - [2024-03-06T22:31:30.600+0000] {dag.py:3047} INFO - Sync 1 DAGs
[2024-03-06T22:31:30.633+0000] {logging_mixin.py:188} INFO - [2024-03-06T22:31:30.632+0000] {dag.py:3834} INFO - Setting next_dagrun for latest_only_with_trigger to 2024-03-06 16:00:00+00:00, run_after=2024-03-06 20:00:00+00:00
[2024-03-06T22:31:30.660+0000] {processor.py:183} INFO - Processing /home/airflow/.local/lib/python3.8/site-packages/airflow/example_dags/example_latest_only_with_trigger.py took 0.110 seconds
[2024-03-06T22:32:00.906+0000] {processor.py:161} INFO - Started process (PID=1612) to work on /home/airflow/.local/lib/python3.8/site-packages/airflow/example_dags/example_latest_only_with_trigger.py
[2024-03-06T22:32:00.908+0000] {processor.py:830} INFO - Processing file /home/airflow/.local/lib/python3.8/site-packages/airflow/example_dags/example_latest_only_with_trigger.py for tasks to queue
[2024-03-06T22:32:00.911+0000] {logging_mixin.py:188} INFO - [2024-03-06T22:32:00.911+0000] {dagbag.py:540} INFO - Filling up the DagBag from /home/airflow/.local/lib/python3.8/site-packages/airflow/example_dags/example_latest_only_with_trigger.py
[2024-03-06T22:32:00.918+0000] {processor.py:840} INFO - DAG(s) 'latest_only_with_trigger' retrieved from /home/airflow/.local/lib/python3.8/site-packages/airflow/example_dags/example_latest_only_with_trigger.py
[2024-03-06T22:32:00.945+0000] {logging_mixin.py:188} INFO - [2024-03-06T22:32:00.944+0000] {dag.py:3047} INFO - Sync 1 DAGs
[2024-03-06T22:32:00.973+0000] {logging_mixin.py:188} INFO - [2024-03-06T22:32:00.972+0000] {dag.py:3834} INFO - Setting next_dagrun for latest_only_with_trigger to 2024-03-06 16:00:00+00:00, run_after=2024-03-06 20:00:00+00:00
[2024-03-06T22:32:00.997+0000] {processor.py:183} INFO - Processing /home/airflow/.local/lib/python3.8/site-packages/airflow/example_dags/example_latest_only_with_trigger.py took 0.095 seconds
[2024-03-06T22:32:31.228+0000] {processor.py:161} INFO - Started process (PID=1667) to work on /home/airflow/.local/lib/python3.8/site-packages/airflow/example_dags/example_latest_only_with_trigger.py
[2024-03-06T22:32:31.229+0000] {processor.py:830} INFO - Processing file /home/airflow/.local/lib/python3.8/site-packages/airflow/example_dags/example_latest_only_with_trigger.py for tasks to queue
[2024-03-06T22:32:31.232+0000] {logging_mixin.py:188} INFO - [2024-03-06T22:32:31.232+0000] {dagbag.py:540} INFO - Filling up the DagBag from /home/airflow/.local/lib/python3.8/site-packages/airflow/example_dags/example_latest_only_with_trigger.py
[2024-03-06T22:32:31.240+0000] {processor.py:840} INFO - DAG(s) 'latest_only_with_trigger' retrieved from /home/airflow/.local/lib/python3.8/site-packages/airflow/example_dags/example_latest_only_with_trigger.py
[2024-03-06T22:32:31.269+0000] {logging_mixin.py:188} INFO - [2024-03-06T22:32:31.269+0000] {dag.py:3047} INFO - Sync 1 DAGs
[2024-03-06T22:32:31.298+0000] {logging_mixin.py:188} INFO - [2024-03-06T22:32:31.297+0000] {dag.py:3834} INFO - Setting next_dagrun for latest_only_with_trigger to 2024-03-06 16:00:00+00:00, run_after=2024-03-06 20:00:00+00:00
[2024-03-06T22:32:31.324+0000] {processor.py:183} INFO - Processing /home/airflow/.local/lib/python3.8/site-packages/airflow/example_dags/example_latest_only_with_trigger.py took 0.102 seconds
[2024-03-06T22:33:01.480+0000] {processor.py:161} INFO - Started process (PID=1722) to work on /home/airflow/.local/lib/python3.8/site-packages/airflow/example_dags/example_latest_only_with_trigger.py
[2024-03-06T22:33:01.482+0000] {processor.py:830} INFO - Processing file /home/airflow/.local/lib/python3.8/site-packages/airflow/example_dags/example_latest_only_with_trigger.py for tasks to queue
[2024-03-06T22:33:01.485+0000] {logging_mixin.py:188} INFO - [2024-03-06T22:33:01.485+0000] {dagbag.py:540} INFO - Filling up the DagBag from /home/airflow/.local/lib/python3.8/site-packages/airflow/example_dags/example_latest_only_with_trigger.py
[2024-03-06T22:33:01.494+0000] {processor.py:840} INFO - DAG(s) 'latest_only_with_trigger' retrieved from /home/airflow/.local/lib/python3.8/site-packages/airflow/example_dags/example_latest_only_with_trigger.py
[2024-03-06T22:33:01.531+0000] {logging_mixin.py:188} INFO - [2024-03-06T22:33:01.531+0000] {dag.py:3047} INFO - Sync 1 DAGs
[2024-03-06T22:33:01.577+0000] {logging_mixin.py:188} INFO - [2024-03-06T22:33:01.576+0000] {dag.py:3834} INFO - Setting next_dagrun for latest_only_with_trigger to 2024-03-06 16:00:00+00:00, run_after=2024-03-06 20:00:00+00:00
[2024-03-06T22:33:01.615+0000] {processor.py:183} INFO - Processing /home/airflow/.local/lib/python3.8/site-packages/airflow/example_dags/example_latest_only_with_trigger.py took 0.140 seconds
[2024-03-06T22:33:32.299+0000] {processor.py:161} INFO - Started process (PID=1777) to work on /home/airflow/.local/lib/python3.8/site-packages/airflow/example_dags/example_latest_only_with_trigger.py
[2024-03-06T22:33:32.300+0000] {processor.py:830} INFO - Processing file /home/airflow/.local/lib/python3.8/site-packages/airflow/example_dags/example_latest_only_with_trigger.py for tasks to queue
[2024-03-06T22:33:32.304+0000] {logging_mixin.py:188} INFO - [2024-03-06T22:33:32.303+0000] {dagbag.py:540} INFO - Filling up the DagBag from /home/airflow/.local/lib/python3.8/site-packages/airflow/example_dags/example_latest_only_with_trigger.py
[2024-03-06T22:33:32.312+0000] {processor.py:840} INFO - DAG(s) 'latest_only_with_trigger' retrieved from /home/airflow/.local/lib/python3.8/site-packages/airflow/example_dags/example_latest_only_with_trigger.py
[2024-03-06T22:33:32.343+0000] {logging_mixin.py:188} INFO - [2024-03-06T22:33:32.343+0000] {dag.py:3047} INFO - Sync 1 DAGs
[2024-03-06T22:33:32.381+0000] {logging_mixin.py:188} INFO - [2024-03-06T22:33:32.381+0000] {dag.py:3834} INFO - Setting next_dagrun for latest_only_with_trigger to 2024-03-06 16:00:00+00:00, run_after=2024-03-06 20:00:00+00:00
[2024-03-06T22:33:32.427+0000] {processor.py:183} INFO - Processing /home/airflow/.local/lib/python3.8/site-packages/airflow/example_dags/example_latest_only_with_trigger.py took 0.133 seconds
[2024-03-06T22:34:02.593+0000] {processor.py:161} INFO - Started process (PID=1832) to work on /home/airflow/.local/lib/python3.8/site-packages/airflow/example_dags/example_latest_only_with_trigger.py
[2024-03-06T22:34:02.596+0000] {processor.py:830} INFO - Processing file /home/airflow/.local/lib/python3.8/site-packages/airflow/example_dags/example_latest_only_with_trigger.py for tasks to queue
[2024-03-06T22:34:02.602+0000] {logging_mixin.py:188} INFO - [2024-03-06T22:34:02.601+0000] {dagbag.py:540} INFO - Filling up the DagBag from /home/airflow/.local/lib/python3.8/site-packages/airflow/example_dags/example_latest_only_with_trigger.py
[2024-03-06T22:34:02.619+0000] {processor.py:840} INFO - DAG(s) 'latest_only_with_trigger' retrieved from /home/airflow/.local/lib/python3.8/site-packages/airflow/example_dags/example_latest_only_with_trigger.py
[2024-03-06T22:34:02.659+0000] {logging_mixin.py:188} INFO - [2024-03-06T22:34:02.659+0000] {dag.py:3047} INFO - Sync 1 DAGs
[2024-03-06T22:34:02.696+0000] {logging_mixin.py:188} INFO - [2024-03-06T22:34:02.695+0000] {dag.py:3834} INFO - Setting next_dagrun for latest_only_with_trigger to 2024-03-06 16:00:00+00:00, run_after=2024-03-06 20:00:00+00:00
[2024-03-06T22:34:02.727+0000] {processor.py:183} INFO - Processing /home/airflow/.local/lib/python3.8/site-packages/airflow/example_dags/example_latest_only_with_trigger.py took 0.144 seconds
[2024-03-06T22:34:32.826+0000] {processor.py:161} INFO - Started process (PID=1887) to work on /home/airflow/.local/lib/python3.8/site-packages/airflow/example_dags/example_latest_only_with_trigger.py
[2024-03-06T22:34:32.828+0000] {processor.py:830} INFO - Processing file /home/airflow/.local/lib/python3.8/site-packages/airflow/example_dags/example_latest_only_with_trigger.py for tasks to queue
[2024-03-06T22:34:32.831+0000] {logging_mixin.py:188} INFO - [2024-03-06T22:34:32.831+0000] {dagbag.py:540} INFO - Filling up the DagBag from /home/airflow/.local/lib/python3.8/site-packages/airflow/example_dags/example_latest_only_with_trigger.py
[2024-03-06T22:34:32.841+0000] {processor.py:840} INFO - DAG(s) 'latest_only_with_trigger' retrieved from /home/airflow/.local/lib/python3.8/site-packages/airflow/example_dags/example_latest_only_with_trigger.py
[2024-03-06T22:34:32.873+0000] {logging_mixin.py:188} INFO - [2024-03-06T22:34:32.872+0000] {dag.py:3047} INFO - Sync 1 DAGs
[2024-03-06T22:34:32.914+0000] {logging_mixin.py:188} INFO - [2024-03-06T22:34:32.913+0000] {dag.py:3834} INFO - Setting next_dagrun for latest_only_with_trigger to 2024-03-06 16:00:00+00:00, run_after=2024-03-06 20:00:00+00:00
[2024-03-06T22:34:32.951+0000] {processor.py:183} INFO - Processing /home/airflow/.local/lib/python3.8/site-packages/airflow/example_dags/example_latest_only_with_trigger.py took 0.130 seconds
[2024-03-06T22:35:03.454+0000] {processor.py:161} INFO - Started process (PID=1942) to work on /home/airflow/.local/lib/python3.8/site-packages/airflow/example_dags/example_latest_only_with_trigger.py
[2024-03-06T22:35:03.456+0000] {processor.py:830} INFO - Processing file /home/airflow/.local/lib/python3.8/site-packages/airflow/example_dags/example_latest_only_with_trigger.py for tasks to queue
[2024-03-06T22:35:03.460+0000] {logging_mixin.py:188} INFO - [2024-03-06T22:35:03.459+0000] {dagbag.py:540} INFO - Filling up the DagBag from /home/airflow/.local/lib/python3.8/site-packages/airflow/example_dags/example_latest_only_with_trigger.py
[2024-03-06T22:35:03.470+0000] {processor.py:840} INFO - DAG(s) 'latest_only_with_trigger' retrieved from /home/airflow/.local/lib/python3.8/site-packages/airflow/example_dags/example_latest_only_with_trigger.py
[2024-03-06T22:35:03.504+0000] {logging_mixin.py:188} INFO - [2024-03-06T22:35:03.504+0000] {dag.py:3047} INFO - Sync 1 DAGs
[2024-03-06T22:35:03.547+0000] {logging_mixin.py:188} INFO - [2024-03-06T22:35:03.547+0000] {dag.py:3834} INFO - Setting next_dagrun for latest_only_with_trigger to 2024-03-06 16:00:00+00:00, run_after=2024-03-06 20:00:00+00:00
[2024-03-06T22:35:03.574+0000] {processor.py:183} INFO - Processing /home/airflow/.local/lib/python3.8/site-packages/airflow/example_dags/example_latest_only_with_trigger.py took 0.127 seconds
[2024-03-06T22:35:33.795+0000] {processor.py:161} INFO - Started process (PID=1997) to work on /home/airflow/.local/lib/python3.8/site-packages/airflow/example_dags/example_latest_only_with_trigger.py
[2024-03-06T22:35:33.801+0000] {processor.py:830} INFO - Processing file /home/airflow/.local/lib/python3.8/site-packages/airflow/example_dags/example_latest_only_with_trigger.py for tasks to queue
[2024-03-06T22:35:33.804+0000] {logging_mixin.py:188} INFO - [2024-03-06T22:35:33.804+0000] {dagbag.py:540} INFO - Filling up the DagBag from /home/airflow/.local/lib/python3.8/site-packages/airflow/example_dags/example_latest_only_with_trigger.py
[2024-03-06T22:35:33.815+0000] {processor.py:840} INFO - DAG(s) 'latest_only_with_trigger' retrieved from /home/airflow/.local/lib/python3.8/site-packages/airflow/example_dags/example_latest_only_with_trigger.py
[2024-03-06T22:35:33.856+0000] {logging_mixin.py:188} INFO - [2024-03-06T22:35:33.856+0000] {dag.py:3047} INFO - Sync 1 DAGs
[2024-03-06T22:35:33.899+0000] {logging_mixin.py:188} INFO - [2024-03-06T22:35:33.899+0000] {dag.py:3834} INFO - Setting next_dagrun for latest_only_with_trigger to 2024-03-06 16:00:00+00:00, run_after=2024-03-06 20:00:00+00:00
[2024-03-06T22:35:33.937+0000] {processor.py:183} INFO - Processing /home/airflow/.local/lib/python3.8/site-packages/airflow/example_dags/example_latest_only_with_trigger.py took 0.149 seconds
[2024-03-06T22:36:04.837+0000] {processor.py:161} INFO - Started process (PID=2052) to work on /home/airflow/.local/lib/python3.8/site-packages/airflow/example_dags/example_latest_only_with_trigger.py
[2024-03-06T22:36:04.839+0000] {processor.py:830} INFO - Processing file /home/airflow/.local/lib/python3.8/site-packages/airflow/example_dags/example_latest_only_with_trigger.py for tasks to queue
[2024-03-06T22:36:04.844+0000] {logging_mixin.py:188} INFO - [2024-03-06T22:36:04.843+0000] {dagbag.py:540} INFO - Filling up the DagBag from /home/airflow/.local/lib/python3.8/site-packages/airflow/example_dags/example_latest_only_with_trigger.py
[2024-03-06T22:36:04.856+0000] {processor.py:840} INFO - DAG(s) 'latest_only_with_trigger' retrieved from /home/airflow/.local/lib/python3.8/site-packages/airflow/example_dags/example_latest_only_with_trigger.py
[2024-03-06T22:36:04.894+0000] {logging_mixin.py:188} INFO - [2024-03-06T22:36:04.894+0000] {dag.py:3047} INFO - Sync 1 DAGs
[2024-03-06T22:36:04.931+0000] {logging_mixin.py:188} INFO - [2024-03-06T22:36:04.931+0000] {dag.py:3834} INFO - Setting next_dagrun for latest_only_with_trigger to 2024-03-06 16:00:00+00:00, run_after=2024-03-06 20:00:00+00:00
[2024-03-06T22:36:04.961+0000] {processor.py:183} INFO - Processing /home/airflow/.local/lib/python3.8/site-packages/airflow/example_dags/example_latest_only_with_trigger.py took 0.129 seconds
[2024-03-06T22:36:35.150+0000] {processor.py:161} INFO - Started process (PID=2107) to work on /home/airflow/.local/lib/python3.8/site-packages/airflow/example_dags/example_latest_only_with_trigger.py
[2024-03-06T22:36:35.152+0000] {processor.py:830} INFO - Processing file /home/airflow/.local/lib/python3.8/site-packages/airflow/example_dags/example_latest_only_with_trigger.py for tasks to queue
[2024-03-06T22:36:35.155+0000] {logging_mixin.py:188} INFO - [2024-03-06T22:36:35.154+0000] {dagbag.py:540} INFO - Filling up the DagBag from /home/airflow/.local/lib/python3.8/site-packages/airflow/example_dags/example_latest_only_with_trigger.py
[2024-03-06T22:36:35.164+0000] {processor.py:840} INFO - DAG(s) 'latest_only_with_trigger' retrieved from /home/airflow/.local/lib/python3.8/site-packages/airflow/example_dags/example_latest_only_with_trigger.py
[2024-03-06T22:36:35.195+0000] {logging_mixin.py:188} INFO - [2024-03-06T22:36:35.194+0000] {dag.py:3047} INFO - Sync 1 DAGs
[2024-03-06T22:36:35.225+0000] {logging_mixin.py:188} INFO - [2024-03-06T22:36:35.225+0000] {dag.py:3834} INFO - Setting next_dagrun for latest_only_with_trigger to 2024-03-06 16:00:00+00:00, run_after=2024-03-06 20:00:00+00:00
[2024-03-06T22:36:35.255+0000] {processor.py:183} INFO - Processing /home/airflow/.local/lib/python3.8/site-packages/airflow/example_dags/example_latest_only_with_trigger.py took 0.110 seconds
[2024-03-06T22:37:05.529+0000] {processor.py:161} INFO - Started process (PID=2162) to work on /home/airflow/.local/lib/python3.8/site-packages/airflow/example_dags/example_latest_only_with_trigger.py
[2024-03-06T22:37:05.543+0000] {processor.py:830} INFO - Processing file /home/airflow/.local/lib/python3.8/site-packages/airflow/example_dags/example_latest_only_with_trigger.py for tasks to queue
[2024-03-06T22:37:05.547+0000] {logging_mixin.py:188} INFO - [2024-03-06T22:37:05.546+0000] {dagbag.py:540} INFO - Filling up the DagBag from /home/airflow/.local/lib/python3.8/site-packages/airflow/example_dags/example_latest_only_with_trigger.py
[2024-03-06T22:37:05.557+0000] {processor.py:840} INFO - DAG(s) 'latest_only_with_trigger' retrieved from /home/airflow/.local/lib/python3.8/site-packages/airflow/example_dags/example_latest_only_with_trigger.py
[2024-03-06T22:37:05.588+0000] {logging_mixin.py:188} INFO - [2024-03-06T22:37:05.587+0000] {dag.py:3047} INFO - Sync 1 DAGs
[2024-03-06T22:37:05.622+0000] {logging_mixin.py:188} INFO - [2024-03-06T22:37:05.622+0000] {dag.py:3834} INFO - Setting next_dagrun for latest_only_with_trigger to 2024-03-06 16:00:00+00:00, run_after=2024-03-06 20:00:00+00:00
[2024-03-06T22:37:05.652+0000] {processor.py:183} INFO - Processing /home/airflow/.local/lib/python3.8/site-packages/airflow/example_dags/example_latest_only_with_trigger.py took 0.129 seconds
[2024-03-06T22:37:35.816+0000] {processor.py:161} INFO - Started process (PID=2217) to work on /home/airflow/.local/lib/python3.8/site-packages/airflow/example_dags/example_latest_only_with_trigger.py
[2024-03-06T22:37:35.819+0000] {processor.py:830} INFO - Processing file /home/airflow/.local/lib/python3.8/site-packages/airflow/example_dags/example_latest_only_with_trigger.py for tasks to queue
[2024-03-06T22:37:35.825+0000] {logging_mixin.py:188} INFO - [2024-03-06T22:37:35.824+0000] {dagbag.py:540} INFO - Filling up the DagBag from /home/airflow/.local/lib/python3.8/site-packages/airflow/example_dags/example_latest_only_with_trigger.py
[2024-03-06T22:37:35.837+0000] {processor.py:840} INFO - DAG(s) 'latest_only_with_trigger' retrieved from /home/airflow/.local/lib/python3.8/site-packages/airflow/example_dags/example_latest_only_with_trigger.py
[2024-03-06T22:37:35.871+0000] {logging_mixin.py:188} INFO - [2024-03-06T22:37:35.871+0000] {dag.py:3047} INFO - Sync 1 DAGs
[2024-03-06T22:37:35.902+0000] {logging_mixin.py:188} INFO - [2024-03-06T22:37:35.902+0000] {dag.py:3834} INFO - Setting next_dagrun for latest_only_with_trigger to 2024-03-06 16:00:00+00:00, run_after=2024-03-06 20:00:00+00:00
[2024-03-06T22:37:35.932+0000] {processor.py:183} INFO - Processing /home/airflow/.local/lib/python3.8/site-packages/airflow/example_dags/example_latest_only_with_trigger.py took 0.122 seconds
[2024-03-06T22:38:06.151+0000] {processor.py:161} INFO - Started process (PID=2272) to work on /home/airflow/.local/lib/python3.8/site-packages/airflow/example_dags/example_latest_only_with_trigger.py
[2024-03-06T22:38:06.153+0000] {processor.py:830} INFO - Processing file /home/airflow/.local/lib/python3.8/site-packages/airflow/example_dags/example_latest_only_with_trigger.py for tasks to queue
[2024-03-06T22:38:06.156+0000] {logging_mixin.py:188} INFO - [2024-03-06T22:38:06.155+0000] {dagbag.py:540} INFO - Filling up the DagBag from /home/airflow/.local/lib/python3.8/site-packages/airflow/example_dags/example_latest_only_with_trigger.py
[2024-03-06T22:38:06.166+0000] {processor.py:840} INFO - DAG(s) 'latest_only_with_trigger' retrieved from /home/airflow/.local/lib/python3.8/site-packages/airflow/example_dags/example_latest_only_with_trigger.py
[2024-03-06T22:38:06.196+0000] {logging_mixin.py:188} INFO - [2024-03-06T22:38:06.195+0000] {dag.py:3047} INFO - Sync 1 DAGs
[2024-03-06T22:38:06.228+0000] {logging_mixin.py:188} INFO - [2024-03-06T22:38:06.228+0000] {dag.py:3834} INFO - Setting next_dagrun for latest_only_with_trigger to 2024-03-06 16:00:00+00:00, run_after=2024-03-06 20:00:00+00:00
[2024-03-06T22:38:06.258+0000] {processor.py:183} INFO - Processing /home/airflow/.local/lib/python3.8/site-packages/airflow/example_dags/example_latest_only_with_trigger.py took 0.111 seconds
[2024-03-06T22:38:36.306+0000] {processor.py:161} INFO - Started process (PID=2327) to work on /home/airflow/.local/lib/python3.8/site-packages/airflow/example_dags/example_latest_only_with_trigger.py
[2024-03-06T22:38:36.308+0000] {processor.py:830} INFO - Processing file /home/airflow/.local/lib/python3.8/site-packages/airflow/example_dags/example_latest_only_with_trigger.py for tasks to queue
[2024-03-06T22:38:36.311+0000] {logging_mixin.py:188} INFO - [2024-03-06T22:38:36.311+0000] {dagbag.py:540} INFO - Filling up the DagBag from /home/airflow/.local/lib/python3.8/site-packages/airflow/example_dags/example_latest_only_with_trigger.py
[2024-03-06T22:38:36.320+0000] {processor.py:840} INFO - DAG(s) 'latest_only_with_trigger' retrieved from /home/airflow/.local/lib/python3.8/site-packages/airflow/example_dags/example_latest_only_with_trigger.py
[2024-03-06T22:38:36.349+0000] {logging_mixin.py:188} INFO - [2024-03-06T22:38:36.348+0000] {dag.py:3047} INFO - Sync 1 DAGs
[2024-03-06T22:38:36.397+0000] {logging_mixin.py:188} INFO - [2024-03-06T22:38:36.397+0000] {dag.py:3834} INFO - Setting next_dagrun for latest_only_with_trigger to 2024-03-06 16:00:00+00:00, run_after=2024-03-06 20:00:00+00:00
[2024-03-06T22:38:36.430+0000] {processor.py:183} INFO - Processing /home/airflow/.local/lib/python3.8/site-packages/airflow/example_dags/example_latest_only_with_trigger.py took 0.129 seconds
[2024-03-06T22:39:06.704+0000] {processor.py:161} INFO - Started process (PID=2382) to work on /home/airflow/.local/lib/python3.8/site-packages/airflow/example_dags/example_latest_only_with_trigger.py
[2024-03-06T22:39:06.707+0000] {processor.py:830} INFO - Processing file /home/airflow/.local/lib/python3.8/site-packages/airflow/example_dags/example_latest_only_with_trigger.py for tasks to queue
[2024-03-06T22:39:06.711+0000] {logging_mixin.py:188} INFO - [2024-03-06T22:39:06.710+0000] {dagbag.py:540} INFO - Filling up the DagBag from /home/airflow/.local/lib/python3.8/site-packages/airflow/example_dags/example_latest_only_with_trigger.py
[2024-03-06T22:39:06.720+0000] {processor.py:840} INFO - DAG(s) 'latest_only_with_trigger' retrieved from /home/airflow/.local/lib/python3.8/site-packages/airflow/example_dags/example_latest_only_with_trigger.py
[2024-03-06T22:39:06.750+0000] {logging_mixin.py:188} INFO - [2024-03-06T22:39:06.750+0000] {dag.py:3047} INFO - Sync 1 DAGs
[2024-03-06T22:39:06.781+0000] {logging_mixin.py:188} INFO - [2024-03-06T22:39:06.781+0000] {dag.py:3834} INFO - Setting next_dagrun for latest_only_with_trigger to 2024-03-06 16:00:00+00:00, run_after=2024-03-06 20:00:00+00:00
[2024-03-06T22:39:06.810+0000] {processor.py:183} INFO - Processing /home/airflow/.local/lib/python3.8/site-packages/airflow/example_dags/example_latest_only_with_trigger.py took 0.111 seconds
[2024-03-06T22:39:37.045+0000] {processor.py:161} INFO - Started process (PID=2436) to work on /home/airflow/.local/lib/python3.8/site-packages/airflow/example_dags/example_latest_only_with_trigger.py
[2024-03-06T22:39:37.047+0000] {processor.py:830} INFO - Processing file /home/airflow/.local/lib/python3.8/site-packages/airflow/example_dags/example_latest_only_with_trigger.py for tasks to queue
[2024-03-06T22:39:37.050+0000] {logging_mixin.py:188} INFO - [2024-03-06T22:39:37.050+0000] {dagbag.py:540} INFO - Filling up the DagBag from /home/airflow/.local/lib/python3.8/site-packages/airflow/example_dags/example_latest_only_with_trigger.py
[2024-03-06T22:39:37.058+0000] {processor.py:840} INFO - DAG(s) 'latest_only_with_trigger' retrieved from /home/airflow/.local/lib/python3.8/site-packages/airflow/example_dags/example_latest_only_with_trigger.py
[2024-03-06T22:39:37.090+0000] {logging_mixin.py:188} INFO - [2024-03-06T22:39:37.089+0000] {dag.py:3047} INFO - Sync 1 DAGs
[2024-03-06T22:39:37.121+0000] {logging_mixin.py:188} INFO - [2024-03-06T22:39:37.121+0000] {dag.py:3834} INFO - Setting next_dagrun for latest_only_with_trigger to 2024-03-06 16:00:00+00:00, run_after=2024-03-06 20:00:00+00:00
[2024-03-06T22:39:37.154+0000] {processor.py:183} INFO - Processing /home/airflow/.local/lib/python3.8/site-packages/airflow/example_dags/example_latest_only_with_trigger.py took 0.113 seconds
[2024-03-06T22:40:07.951+0000] {processor.py:161} INFO - Started process (PID=2492) to work on /home/airflow/.local/lib/python3.8/site-packages/airflow/example_dags/example_latest_only_with_trigger.py
[2024-03-06T22:40:07.952+0000] {processor.py:830} INFO - Processing file /home/airflow/.local/lib/python3.8/site-packages/airflow/example_dags/example_latest_only_with_trigger.py for tasks to queue
[2024-03-06T22:40:07.956+0000] {logging_mixin.py:188} INFO - [2024-03-06T22:40:07.955+0000] {dagbag.py:540} INFO - Filling up the DagBag from /home/airflow/.local/lib/python3.8/site-packages/airflow/example_dags/example_latest_only_with_trigger.py
[2024-03-06T22:40:07.964+0000] {processor.py:840} INFO - DAG(s) 'latest_only_with_trigger' retrieved from /home/airflow/.local/lib/python3.8/site-packages/airflow/example_dags/example_latest_only_with_trigger.py
[2024-03-06T22:40:07.995+0000] {logging_mixin.py:188} INFO - [2024-03-06T22:40:07.995+0000] {dag.py:3047} INFO - Sync 1 DAGs
[2024-03-06T22:40:08.027+0000] {logging_mixin.py:188} INFO - [2024-03-06T22:40:08.027+0000] {dag.py:3834} INFO - Setting next_dagrun for latest_only_with_trigger to 2024-03-06 16:00:00+00:00, run_after=2024-03-06 20:00:00+00:00
[2024-03-06T22:40:08.063+0000] {processor.py:183} INFO - Processing /home/airflow/.local/lib/python3.8/site-packages/airflow/example_dags/example_latest_only_with_trigger.py took 0.118 seconds
[2024-03-06T22:40:38.829+0000] {processor.py:161} INFO - Started process (PID=2547) to work on /home/airflow/.local/lib/python3.8/site-packages/airflow/example_dags/example_latest_only_with_trigger.py
[2024-03-06T22:40:38.834+0000] {processor.py:830} INFO - Processing file /home/airflow/.local/lib/python3.8/site-packages/airflow/example_dags/example_latest_only_with_trigger.py for tasks to queue
[2024-03-06T22:40:38.837+0000] {logging_mixin.py:188} INFO - [2024-03-06T22:40:38.837+0000] {dagbag.py:540} INFO - Filling up the DagBag from /home/airflow/.local/lib/python3.8/site-packages/airflow/example_dags/example_latest_only_with_trigger.py
[2024-03-06T22:40:38.846+0000] {processor.py:840} INFO - DAG(s) 'latest_only_with_trigger' retrieved from /home/airflow/.local/lib/python3.8/site-packages/airflow/example_dags/example_latest_only_with_trigger.py
[2024-03-06T22:40:38.876+0000] {logging_mixin.py:188} INFO - [2024-03-06T22:40:38.876+0000] {dag.py:3047} INFO - Sync 1 DAGs
[2024-03-06T22:40:38.908+0000] {logging_mixin.py:188} INFO - [2024-03-06T22:40:38.907+0000] {dag.py:3834} INFO - Setting next_dagrun for latest_only_with_trigger to 2024-03-06 16:00:00+00:00, run_after=2024-03-06 20:00:00+00:00
[2024-03-06T22:40:38.936+0000] {processor.py:183} INFO - Processing /home/airflow/.local/lib/python3.8/site-packages/airflow/example_dags/example_latest_only_with_trigger.py took 0.111 seconds
[2024-03-06T22:41:09.063+0000] {processor.py:161} INFO - Started process (PID=2602) to work on /home/airflow/.local/lib/python3.8/site-packages/airflow/example_dags/example_latest_only_with_trigger.py
[2024-03-06T22:41:09.066+0000] {processor.py:830} INFO - Processing file /home/airflow/.local/lib/python3.8/site-packages/airflow/example_dags/example_latest_only_with_trigger.py for tasks to queue
[2024-03-06T22:41:09.069+0000] {logging_mixin.py:188} INFO - [2024-03-06T22:41:09.069+0000] {dagbag.py:540} INFO - Filling up the DagBag from /home/airflow/.local/lib/python3.8/site-packages/airflow/example_dags/example_latest_only_with_trigger.py
[2024-03-06T22:41:09.080+0000] {processor.py:840} INFO - DAG(s) 'latest_only_with_trigger' retrieved from /home/airflow/.local/lib/python3.8/site-packages/airflow/example_dags/example_latest_only_with_trigger.py
[2024-03-06T22:41:09.130+0000] {logging_mixin.py:188} INFO - [2024-03-06T22:41:09.130+0000] {dag.py:3047} INFO - Sync 1 DAGs
[2024-03-06T22:41:09.174+0000] {logging_mixin.py:188} INFO - [2024-03-06T22:41:09.173+0000] {dag.py:3834} INFO - Setting next_dagrun for latest_only_with_trigger to 2024-03-06 16:00:00+00:00, run_after=2024-03-06 20:00:00+00:00
[2024-03-06T22:41:09.206+0000] {processor.py:183} INFO - Processing /home/airflow/.local/lib/python3.8/site-packages/airflow/example_dags/example_latest_only_with_trigger.py took 0.149 seconds
[2024-03-06T22:41:39.808+0000] {processor.py:161} INFO - Started process (PID=2657) to work on /home/airflow/.local/lib/python3.8/site-packages/airflow/example_dags/example_latest_only_with_trigger.py
[2024-03-06T22:41:39.810+0000] {processor.py:830} INFO - Processing file /home/airflow/.local/lib/python3.8/site-packages/airflow/example_dags/example_latest_only_with_trigger.py for tasks to queue
[2024-03-06T22:41:39.814+0000] {logging_mixin.py:188} INFO - [2024-03-06T22:41:39.813+0000] {dagbag.py:540} INFO - Filling up the DagBag from /home/airflow/.local/lib/python3.8/site-packages/airflow/example_dags/example_latest_only_with_trigger.py
[2024-03-06T22:41:39.824+0000] {processor.py:840} INFO - DAG(s) 'latest_only_with_trigger' retrieved from /home/airflow/.local/lib/python3.8/site-packages/airflow/example_dags/example_latest_only_with_trigger.py
[2024-03-06T22:41:39.855+0000] {logging_mixin.py:188} INFO - [2024-03-06T22:41:39.854+0000] {dag.py:3047} INFO - Sync 1 DAGs
[2024-03-06T22:41:39.884+0000] {logging_mixin.py:188} INFO - [2024-03-06T22:41:39.884+0000] {dag.py:3834} INFO - Setting next_dagrun for latest_only_with_trigger to 2024-03-06 16:00:00+00:00, run_after=2024-03-06 20:00:00+00:00
[2024-03-06T22:41:39.916+0000] {processor.py:183} INFO - Processing /home/airflow/.local/lib/python3.8/site-packages/airflow/example_dags/example_latest_only_with_trigger.py took 0.113 seconds
[2024-03-06T22:42:09.946+0000] {processor.py:161} INFO - Started process (PID=2711) to work on /home/airflow/.local/lib/python3.8/site-packages/airflow/example_dags/example_latest_only_with_trigger.py
[2024-03-06T22:42:09.947+0000] {processor.py:830} INFO - Processing file /home/airflow/.local/lib/python3.8/site-packages/airflow/example_dags/example_latest_only_with_trigger.py for tasks to queue
[2024-03-06T22:42:09.950+0000] {logging_mixin.py:188} INFO - [2024-03-06T22:42:09.949+0000] {dagbag.py:540} INFO - Filling up the DagBag from /home/airflow/.local/lib/python3.8/site-packages/airflow/example_dags/example_latest_only_with_trigger.py
[2024-03-06T22:42:09.958+0000] {processor.py:840} INFO - DAG(s) 'latest_only_with_trigger' retrieved from /home/airflow/.local/lib/python3.8/site-packages/airflow/example_dags/example_latest_only_with_trigger.py
[2024-03-06T22:42:09.993+0000] {logging_mixin.py:188} INFO - [2024-03-06T22:42:09.992+0000] {dag.py:3047} INFO - Sync 1 DAGs
[2024-03-06T22:42:10.027+0000] {logging_mixin.py:188} INFO - [2024-03-06T22:42:10.027+0000] {dag.py:3834} INFO - Setting next_dagrun for latest_only_with_trigger to 2024-03-06 16:00:00+00:00, run_after=2024-03-06 20:00:00+00:00
[2024-03-06T22:42:10.058+0000] {processor.py:183} INFO - Processing /home/airflow/.local/lib/python3.8/site-packages/airflow/example_dags/example_latest_only_with_trigger.py took 0.117 seconds
[2024-03-06T22:42:40.216+0000] {processor.py:161} INFO - Started process (PID=2763) to work on /home/airflow/.local/lib/python3.8/site-packages/airflow/example_dags/example_latest_only_with_trigger.py
[2024-03-06T22:42:40.218+0000] {processor.py:830} INFO - Processing file /home/airflow/.local/lib/python3.8/site-packages/airflow/example_dags/example_latest_only_with_trigger.py for tasks to queue
[2024-03-06T22:42:40.220+0000] {logging_mixin.py:188} INFO - [2024-03-06T22:42:40.220+0000] {dagbag.py:540} INFO - Filling up the DagBag from /home/airflow/.local/lib/python3.8/site-packages/airflow/example_dags/example_latest_only_with_trigger.py
[2024-03-06T22:42:40.229+0000] {processor.py:840} INFO - DAG(s) 'latest_only_with_trigger' retrieved from /home/airflow/.local/lib/python3.8/site-packages/airflow/example_dags/example_latest_only_with_trigger.py
[2024-03-06T22:42:40.267+0000] {logging_mixin.py:188} INFO - [2024-03-06T22:42:40.266+0000] {dag.py:3047} INFO - Sync 1 DAGs
[2024-03-06T22:42:40.298+0000] {logging_mixin.py:188} INFO - [2024-03-06T22:42:40.298+0000] {dag.py:3834} INFO - Setting next_dagrun for latest_only_with_trigger to 2024-03-06 16:00:00+00:00, run_after=2024-03-06 20:00:00+00:00
[2024-03-06T22:42:40.329+0000] {processor.py:183} INFO - Processing /home/airflow/.local/lib/python3.8/site-packages/airflow/example_dags/example_latest_only_with_trigger.py took 0.118 seconds
