[2024-03-06T22:17:36.224+0000] {processor.py:161} INFO - Started process (PID=42) to work on /home/airflow/.local/lib/python3.8/site-packages/airflow/example_dags/example_bash_operator.py
[2024-03-06T22:17:36.252+0000] {processor.py:830} INFO - Processing file /home/airflow/.local/lib/python3.8/site-packages/airflow/example_dags/example_bash_operator.py for tasks to queue
[2024-03-06T22:17:36.265+0000] {logging_mixin.py:188} INFO - [2024-03-06T22:17:36.263+0000] {dagbag.py:540} INFO - Filling up the DagBag from /home/airflow/.local/lib/python3.8/site-packages/airflow/example_dags/example_bash_operator.py
[2024-03-06T22:17:36.317+0000] {processor.py:840} INFO - DAG(s) 'example_bash_operator' retrieved from /home/airflow/.local/lib/python3.8/site-packages/airflow/example_dags/example_bash_operator.py
[2024-03-06T22:17:37.216+0000] {logging_mixin.py:188} INFO - [2024-03-06T22:17:37.216+0000] {dag.py:3047} INFO - Sync 1 DAGs
[2024-03-06T22:17:37.344+0000] {logging_mixin.py:188} INFO - [2024-03-06T22:17:37.344+0000] {dag.py:3834} INFO - Setting next_dagrun for example_bash_operator to 2024-03-05 00:00:00+00:00, run_after=2024-03-06 00:00:00+00:00
[2024-03-06T22:17:37.392+0000] {processor.py:183} INFO - Processing /home/airflow/.local/lib/python3.8/site-packages/airflow/example_dags/example_bash_operator.py took 1.183 seconds
[2024-03-06T22:18:07.479+0000] {processor.py:161} INFO - Started process (PID=97) to work on /home/airflow/.local/lib/python3.8/site-packages/airflow/example_dags/example_bash_operator.py
[2024-03-06T22:18:07.485+0000] {processor.py:830} INFO - Processing file /home/airflow/.local/lib/python3.8/site-packages/airflow/example_dags/example_bash_operator.py for tasks to queue
[2024-03-06T22:18:07.491+0000] {logging_mixin.py:188} INFO - [2024-03-06T22:18:07.487+0000] {dagbag.py:540} INFO - Filling up the DagBag from /home/airflow/.local/lib/python3.8/site-packages/airflow/example_dags/example_bash_operator.py
[2024-03-06T22:18:07.520+0000] {processor.py:840} INFO - DAG(s) 'example_bash_operator' retrieved from /home/airflow/.local/lib/python3.8/site-packages/airflow/example_dags/example_bash_operator.py
[2024-03-06T22:18:07.650+0000] {logging_mixin.py:188} INFO - [2024-03-06T22:18:07.650+0000] {dag.py:3047} INFO - Sync 1 DAGs
[2024-03-06T22:18:07.743+0000] {logging_mixin.py:188} INFO - [2024-03-06T22:18:07.742+0000] {dag.py:3834} INFO - Setting next_dagrun for example_bash_operator to 2024-03-05 00:00:00+00:00, run_after=2024-03-06 00:00:00+00:00
[2024-03-06T22:18:07.784+0000] {processor.py:183} INFO - Processing /home/airflow/.local/lib/python3.8/site-packages/airflow/example_dags/example_bash_operator.py took 0.311 seconds
[2024-03-06T22:18:37.932+0000] {processor.py:161} INFO - Started process (PID=153) to work on /home/airflow/.local/lib/python3.8/site-packages/airflow/example_dags/example_bash_operator.py
[2024-03-06T22:18:37.933+0000] {processor.py:830} INFO - Processing file /home/airflow/.local/lib/python3.8/site-packages/airflow/example_dags/example_bash_operator.py for tasks to queue
[2024-03-06T22:18:37.936+0000] {logging_mixin.py:188} INFO - [2024-03-06T22:18:37.936+0000] {dagbag.py:540} INFO - Filling up the DagBag from /home/airflow/.local/lib/python3.8/site-packages/airflow/example_dags/example_bash_operator.py
[2024-03-06T22:18:37.950+0000] {processor.py:840} INFO - DAG(s) 'example_bash_operator' retrieved from /home/airflow/.local/lib/python3.8/site-packages/airflow/example_dags/example_bash_operator.py
[2024-03-06T22:18:37.989+0000] {logging_mixin.py:188} INFO - [2024-03-06T22:18:37.989+0000] {dag.py:3047} INFO - Sync 1 DAGs
[2024-03-06T22:18:38.018+0000] {logging_mixin.py:188} INFO - [2024-03-06T22:18:38.017+0000] {dag.py:3834} INFO - Setting next_dagrun for example_bash_operator to 2024-03-05 00:00:00+00:00, run_after=2024-03-06 00:00:00+00:00
[2024-03-06T22:18:38.043+0000] {processor.py:183} INFO - Processing /home/airflow/.local/lib/python3.8/site-packages/airflow/example_dags/example_bash_operator.py took 0.116 seconds
[2024-03-06T22:19:08.230+0000] {processor.py:161} INFO - Started process (PID=208) to work on /home/airflow/.local/lib/python3.8/site-packages/airflow/example_dags/example_bash_operator.py
[2024-03-06T22:19:08.232+0000] {processor.py:830} INFO - Processing file /home/airflow/.local/lib/python3.8/site-packages/airflow/example_dags/example_bash_operator.py for tasks to queue
[2024-03-06T22:19:08.235+0000] {logging_mixin.py:188} INFO - [2024-03-06T22:19:08.235+0000] {dagbag.py:540} INFO - Filling up the DagBag from /home/airflow/.local/lib/python3.8/site-packages/airflow/example_dags/example_bash_operator.py
[2024-03-06T22:19:08.251+0000] {processor.py:840} INFO - DAG(s) 'example_bash_operator' retrieved from /home/airflow/.local/lib/python3.8/site-packages/airflow/example_dags/example_bash_operator.py
[2024-03-06T22:19:08.290+0000] {logging_mixin.py:188} INFO - [2024-03-06T22:19:08.289+0000] {dag.py:3047} INFO - Sync 1 DAGs
[2024-03-06T22:19:08.321+0000] {logging_mixin.py:188} INFO - [2024-03-06T22:19:08.321+0000] {dag.py:3834} INFO - Setting next_dagrun for example_bash_operator to 2024-03-05 00:00:00+00:00, run_after=2024-03-06 00:00:00+00:00
[2024-03-06T22:19:08.347+0000] {processor.py:183} INFO - Processing /home/airflow/.local/lib/python3.8/site-packages/airflow/example_dags/example_bash_operator.py took 0.121 seconds
[2024-03-06T22:19:38.447+0000] {processor.py:161} INFO - Started process (PID=263) to work on /home/airflow/.local/lib/python3.8/site-packages/airflow/example_dags/example_bash_operator.py
[2024-03-06T22:19:38.449+0000] {processor.py:830} INFO - Processing file /home/airflow/.local/lib/python3.8/site-packages/airflow/example_dags/example_bash_operator.py for tasks to queue
[2024-03-06T22:19:38.452+0000] {logging_mixin.py:188} INFO - [2024-03-06T22:19:38.452+0000] {dagbag.py:540} INFO - Filling up the DagBag from /home/airflow/.local/lib/python3.8/site-packages/airflow/example_dags/example_bash_operator.py
[2024-03-06T22:19:38.467+0000] {processor.py:840} INFO - DAG(s) 'example_bash_operator' retrieved from /home/airflow/.local/lib/python3.8/site-packages/airflow/example_dags/example_bash_operator.py
[2024-03-06T22:19:38.508+0000] {logging_mixin.py:188} INFO - [2024-03-06T22:19:38.507+0000] {dag.py:3047} INFO - Sync 1 DAGs
[2024-03-06T22:19:38.538+0000] {logging_mixin.py:188} INFO - [2024-03-06T22:19:38.537+0000] {dag.py:3834} INFO - Setting next_dagrun for example_bash_operator to 2024-03-05 00:00:00+00:00, run_after=2024-03-06 00:00:00+00:00
[2024-03-06T22:19:38.564+0000] {processor.py:183} INFO - Processing /home/airflow/.local/lib/python3.8/site-packages/airflow/example_dags/example_bash_operator.py took 0.121 seconds
[2024-03-06T22:20:08.653+0000] {processor.py:161} INFO - Started process (PID=318) to work on /home/airflow/.local/lib/python3.8/site-packages/airflow/example_dags/example_bash_operator.py
[2024-03-06T22:20:08.655+0000] {processor.py:830} INFO - Processing file /home/airflow/.local/lib/python3.8/site-packages/airflow/example_dags/example_bash_operator.py for tasks to queue
[2024-03-06T22:20:08.657+0000] {logging_mixin.py:188} INFO - [2024-03-06T22:20:08.657+0000] {dagbag.py:540} INFO - Filling up the DagBag from /home/airflow/.local/lib/python3.8/site-packages/airflow/example_dags/example_bash_operator.py
[2024-03-06T22:20:08.673+0000] {processor.py:840} INFO - DAG(s) 'example_bash_operator' retrieved from /home/airflow/.local/lib/python3.8/site-packages/airflow/example_dags/example_bash_operator.py
[2024-03-06T22:20:08.712+0000] {logging_mixin.py:188} INFO - [2024-03-06T22:20:08.712+0000] {dag.py:3047} INFO - Sync 1 DAGs
[2024-03-06T22:20:08.741+0000] {logging_mixin.py:188} INFO - [2024-03-06T22:20:08.741+0000] {dag.py:3834} INFO - Setting next_dagrun for example_bash_operator to 2024-03-05 00:00:00+00:00, run_after=2024-03-06 00:00:00+00:00
[2024-03-06T22:20:08.766+0000] {processor.py:183} INFO - Processing /home/airflow/.local/lib/python3.8/site-packages/airflow/example_dags/example_bash_operator.py took 0.116 seconds
[2024-03-06T22:20:38.932+0000] {processor.py:161} INFO - Started process (PID=373) to work on /home/airflow/.local/lib/python3.8/site-packages/airflow/example_dags/example_bash_operator.py
[2024-03-06T22:20:38.934+0000] {processor.py:830} INFO - Processing file /home/airflow/.local/lib/python3.8/site-packages/airflow/example_dags/example_bash_operator.py for tasks to queue
[2024-03-06T22:20:38.938+0000] {logging_mixin.py:188} INFO - [2024-03-06T22:20:38.938+0000] {dagbag.py:540} INFO - Filling up the DagBag from /home/airflow/.local/lib/python3.8/site-packages/airflow/example_dags/example_bash_operator.py
[2024-03-06T22:20:38.957+0000] {processor.py:840} INFO - DAG(s) 'example_bash_operator' retrieved from /home/airflow/.local/lib/python3.8/site-packages/airflow/example_dags/example_bash_operator.py
[2024-03-06T22:20:39.020+0000] {logging_mixin.py:188} INFO - [2024-03-06T22:20:39.020+0000] {dag.py:3047} INFO - Sync 1 DAGs
[2024-03-06T22:20:39.064+0000] {logging_mixin.py:188} INFO - [2024-03-06T22:20:39.064+0000] {dag.py:3834} INFO - Setting next_dagrun for example_bash_operator to 2024-03-05 00:00:00+00:00, run_after=2024-03-06 00:00:00+00:00
[2024-03-06T22:20:39.110+0000] {processor.py:183} INFO - Processing /home/airflow/.local/lib/python3.8/site-packages/airflow/example_dags/example_bash_operator.py took 0.182 seconds
[2024-03-06T22:21:09.181+0000] {processor.py:161} INFO - Started process (PID=428) to work on /home/airflow/.local/lib/python3.8/site-packages/airflow/example_dags/example_bash_operator.py
[2024-03-06T22:21:09.182+0000] {processor.py:830} INFO - Processing file /home/airflow/.local/lib/python3.8/site-packages/airflow/example_dags/example_bash_operator.py for tasks to queue
[2024-03-06T22:21:09.188+0000] {logging_mixin.py:188} INFO - [2024-03-06T22:21:09.188+0000] {dagbag.py:540} INFO - Filling up the DagBag from /home/airflow/.local/lib/python3.8/site-packages/airflow/example_dags/example_bash_operator.py
[2024-03-06T22:21:09.210+0000] {processor.py:840} INFO - DAG(s) 'example_bash_operator' retrieved from /home/airflow/.local/lib/python3.8/site-packages/airflow/example_dags/example_bash_operator.py
[2024-03-06T22:21:09.253+0000] {logging_mixin.py:188} INFO - [2024-03-06T22:21:09.253+0000] {dag.py:3047} INFO - Sync 1 DAGs
[2024-03-06T22:21:09.285+0000] {logging_mixin.py:188} INFO - [2024-03-06T22:21:09.285+0000] {dag.py:3834} INFO - Setting next_dagrun for example_bash_operator to 2024-03-05 00:00:00+00:00, run_after=2024-03-06 00:00:00+00:00
[2024-03-06T22:21:09.312+0000] {processor.py:183} INFO - Processing /home/airflow/.local/lib/python3.8/site-packages/airflow/example_dags/example_bash_operator.py took 0.137 seconds
[2024-03-06T22:21:39.424+0000] {processor.py:161} INFO - Started process (PID=483) to work on /home/airflow/.local/lib/python3.8/site-packages/airflow/example_dags/example_bash_operator.py
[2024-03-06T22:21:39.427+0000] {processor.py:830} INFO - Processing file /home/airflow/.local/lib/python3.8/site-packages/airflow/example_dags/example_bash_operator.py for tasks to queue
[2024-03-06T22:21:39.434+0000] {logging_mixin.py:188} INFO - [2024-03-06T22:21:39.434+0000] {dagbag.py:540} INFO - Filling up the DagBag from /home/airflow/.local/lib/python3.8/site-packages/airflow/example_dags/example_bash_operator.py
[2024-03-06T22:21:39.460+0000] {processor.py:840} INFO - DAG(s) 'example_bash_operator' retrieved from /home/airflow/.local/lib/python3.8/site-packages/airflow/example_dags/example_bash_operator.py
[2024-03-06T22:21:39.547+0000] {logging_mixin.py:188} INFO - [2024-03-06T22:21:39.547+0000] {dag.py:3047} INFO - Sync 1 DAGs
[2024-03-06T22:21:39.584+0000] {logging_mixin.py:188} INFO - [2024-03-06T22:21:39.583+0000] {dag.py:3834} INFO - Setting next_dagrun for example_bash_operator to 2024-03-05 00:00:00+00:00, run_after=2024-03-06 00:00:00+00:00
[2024-03-06T22:21:39.613+0000] {processor.py:183} INFO - Processing /home/airflow/.local/lib/python3.8/site-packages/airflow/example_dags/example_bash_operator.py took 0.195 seconds
[2024-03-06T22:22:09.653+0000] {processor.py:161} INFO - Started process (PID=537) to work on /home/airflow/.local/lib/python3.8/site-packages/airflow/example_dags/example_bash_operator.py
[2024-03-06T22:22:09.656+0000] {processor.py:830} INFO - Processing file /home/airflow/.local/lib/python3.8/site-packages/airflow/example_dags/example_bash_operator.py for tasks to queue
[2024-03-06T22:22:09.659+0000] {logging_mixin.py:188} INFO - [2024-03-06T22:22:09.659+0000] {dagbag.py:540} INFO - Filling up the DagBag from /home/airflow/.local/lib/python3.8/site-packages/airflow/example_dags/example_bash_operator.py
[2024-03-06T22:22:09.679+0000] {processor.py:840} INFO - DAG(s) 'example_bash_operator' retrieved from /home/airflow/.local/lib/python3.8/site-packages/airflow/example_dags/example_bash_operator.py
[2024-03-06T22:22:09.762+0000] {logging_mixin.py:188} INFO - [2024-03-06T22:22:09.761+0000] {dag.py:3047} INFO - Sync 1 DAGs
[2024-03-06T22:22:09.852+0000] {logging_mixin.py:188} INFO - [2024-03-06T22:22:09.851+0000] {dag.py:3834} INFO - Setting next_dagrun for example_bash_operator to 2024-03-05 00:00:00+00:00, run_after=2024-03-06 00:00:00+00:00
[2024-03-06T22:22:09.931+0000] {processor.py:183} INFO - Processing /home/airflow/.local/lib/python3.8/site-packages/airflow/example_dags/example_bash_operator.py took 0.281 seconds
[2024-03-06T22:22:40.113+0000] {processor.py:161} INFO - Started process (PID=592) to work on /home/airflow/.local/lib/python3.8/site-packages/airflow/example_dags/example_bash_operator.py
[2024-03-06T22:22:40.127+0000] {processor.py:830} INFO - Processing file /home/airflow/.local/lib/python3.8/site-packages/airflow/example_dags/example_bash_operator.py for tasks to queue
[2024-03-06T22:22:40.138+0000] {logging_mixin.py:188} INFO - [2024-03-06T22:22:40.138+0000] {dagbag.py:540} INFO - Filling up the DagBag from /home/airflow/.local/lib/python3.8/site-packages/airflow/example_dags/example_bash_operator.py
[2024-03-06T22:22:40.166+0000] {processor.py:840} INFO - DAG(s) 'example_bash_operator' retrieved from /home/airflow/.local/lib/python3.8/site-packages/airflow/example_dags/example_bash_operator.py
[2024-03-06T22:22:40.227+0000] {logging_mixin.py:188} INFO - [2024-03-06T22:22:40.227+0000] {dag.py:3047} INFO - Sync 1 DAGs
[2024-03-06T22:22:40.287+0000] {logging_mixin.py:188} INFO - [2024-03-06T22:22:40.286+0000] {dag.py:3834} INFO - Setting next_dagrun for example_bash_operator to 2024-03-05 00:00:00+00:00, run_after=2024-03-06 00:00:00+00:00
[2024-03-06T22:22:40.322+0000] {processor.py:183} INFO - Processing /home/airflow/.local/lib/python3.8/site-packages/airflow/example_dags/example_bash_operator.py took 0.214 seconds
[2024-03-06T22:23:10.382+0000] {processor.py:161} INFO - Started process (PID=647) to work on /home/airflow/.local/lib/python3.8/site-packages/airflow/example_dags/example_bash_operator.py
[2024-03-06T22:23:10.384+0000] {processor.py:830} INFO - Processing file /home/airflow/.local/lib/python3.8/site-packages/airflow/example_dags/example_bash_operator.py for tasks to queue
[2024-03-06T22:23:10.386+0000] {logging_mixin.py:188} INFO - [2024-03-06T22:23:10.386+0000] {dagbag.py:540} INFO - Filling up the DagBag from /home/airflow/.local/lib/python3.8/site-packages/airflow/example_dags/example_bash_operator.py
[2024-03-06T22:23:10.406+0000] {processor.py:840} INFO - DAG(s) 'example_bash_operator' retrieved from /home/airflow/.local/lib/python3.8/site-packages/airflow/example_dags/example_bash_operator.py
[2024-03-06T22:23:10.472+0000] {logging_mixin.py:188} INFO - [2024-03-06T22:23:10.472+0000] {dag.py:3047} INFO - Sync 1 DAGs
[2024-03-06T22:23:10.520+0000] {logging_mixin.py:188} INFO - [2024-03-06T22:23:10.520+0000] {dag.py:3834} INFO - Setting next_dagrun for example_bash_operator to 2024-03-05 00:00:00+00:00, run_after=2024-03-06 00:00:00+00:00
[2024-03-06T22:23:10.559+0000] {processor.py:183} INFO - Processing /home/airflow/.local/lib/python3.8/site-packages/airflow/example_dags/example_bash_operator.py took 0.181 seconds
[2024-03-06T22:23:40.924+0000] {processor.py:161} INFO - Started process (PID=701) to work on /home/airflow/.local/lib/python3.8/site-packages/airflow/example_dags/example_bash_operator.py
[2024-03-06T22:23:40.925+0000] {processor.py:830} INFO - Processing file /home/airflow/.local/lib/python3.8/site-packages/airflow/example_dags/example_bash_operator.py for tasks to queue
[2024-03-06T22:23:40.928+0000] {logging_mixin.py:188} INFO - [2024-03-06T22:23:40.928+0000] {dagbag.py:540} INFO - Filling up the DagBag from /home/airflow/.local/lib/python3.8/site-packages/airflow/example_dags/example_bash_operator.py
[2024-03-06T22:23:40.948+0000] {processor.py:840} INFO - DAG(s) 'example_bash_operator' retrieved from /home/airflow/.local/lib/python3.8/site-packages/airflow/example_dags/example_bash_operator.py
[2024-03-06T22:23:40.988+0000] {logging_mixin.py:188} INFO - [2024-03-06T22:23:40.988+0000] {dag.py:3047} INFO - Sync 1 DAGs
[2024-03-06T22:23:41.024+0000] {logging_mixin.py:188} INFO - [2024-03-06T22:23:41.024+0000] {dag.py:3834} INFO - Setting next_dagrun for example_bash_operator to 2024-03-05 00:00:00+00:00, run_after=2024-03-06 00:00:00+00:00
[2024-03-06T22:23:41.061+0000] {processor.py:183} INFO - Processing /home/airflow/.local/lib/python3.8/site-packages/airflow/example_dags/example_bash_operator.py took 0.142 seconds
[2024-03-06T22:24:11.230+0000] {processor.py:161} INFO - Started process (PID=756) to work on /home/airflow/.local/lib/python3.8/site-packages/airflow/example_dags/example_bash_operator.py
[2024-03-06T22:24:11.232+0000] {processor.py:830} INFO - Processing file /home/airflow/.local/lib/python3.8/site-packages/airflow/example_dags/example_bash_operator.py for tasks to queue
[2024-03-06T22:24:11.235+0000] {logging_mixin.py:188} INFO - [2024-03-06T22:24:11.234+0000] {dagbag.py:540} INFO - Filling up the DagBag from /home/airflow/.local/lib/python3.8/site-packages/airflow/example_dags/example_bash_operator.py
[2024-03-06T22:24:11.250+0000] {processor.py:840} INFO - DAG(s) 'example_bash_operator' retrieved from /home/airflow/.local/lib/python3.8/site-packages/airflow/example_dags/example_bash_operator.py
[2024-03-06T22:24:11.291+0000] {logging_mixin.py:188} INFO - [2024-03-06T22:24:11.290+0000] {dag.py:3047} INFO - Sync 1 DAGs
[2024-03-06T22:24:11.328+0000] {logging_mixin.py:188} INFO - [2024-03-06T22:24:11.328+0000] {dag.py:3834} INFO - Setting next_dagrun for example_bash_operator to 2024-03-05 00:00:00+00:00, run_after=2024-03-06 00:00:00+00:00
[2024-03-06T22:24:11.360+0000] {processor.py:183} INFO - Processing /home/airflow/.local/lib/python3.8/site-packages/airflow/example_dags/example_bash_operator.py took 0.134 seconds
[2024-03-06T22:24:41.803+0000] {processor.py:161} INFO - Started process (PID=811) to work on /home/airflow/.local/lib/python3.8/site-packages/airflow/example_dags/example_bash_operator.py
[2024-03-06T22:24:41.805+0000] {processor.py:830} INFO - Processing file /home/airflow/.local/lib/python3.8/site-packages/airflow/example_dags/example_bash_operator.py for tasks to queue
[2024-03-06T22:24:41.807+0000] {logging_mixin.py:188} INFO - [2024-03-06T22:24:41.807+0000] {dagbag.py:540} INFO - Filling up the DagBag from /home/airflow/.local/lib/python3.8/site-packages/airflow/example_dags/example_bash_operator.py
[2024-03-06T22:24:41.824+0000] {processor.py:840} INFO - DAG(s) 'example_bash_operator' retrieved from /home/airflow/.local/lib/python3.8/site-packages/airflow/example_dags/example_bash_operator.py
[2024-03-06T22:24:41.876+0000] {logging_mixin.py:188} INFO - [2024-03-06T22:24:41.876+0000] {dag.py:3047} INFO - Sync 1 DAGs
[2024-03-06T22:24:41.916+0000] {logging_mixin.py:188} INFO - [2024-03-06T22:24:41.915+0000] {dag.py:3834} INFO - Setting next_dagrun for example_bash_operator to 2024-03-05 00:00:00+00:00, run_after=2024-03-06 00:00:00+00:00
[2024-03-06T22:24:41.946+0000] {processor.py:183} INFO - Processing /home/airflow/.local/lib/python3.8/site-packages/airflow/example_dags/example_bash_operator.py took 0.148 seconds
[2024-03-06T22:25:12.075+0000] {processor.py:161} INFO - Started process (PID=865) to work on /home/airflow/.local/lib/python3.8/site-packages/airflow/example_dags/example_bash_operator.py
[2024-03-06T22:25:12.077+0000] {processor.py:830} INFO - Processing file /home/airflow/.local/lib/python3.8/site-packages/airflow/example_dags/example_bash_operator.py for tasks to queue
[2024-03-06T22:25:12.080+0000] {logging_mixin.py:188} INFO - [2024-03-06T22:25:12.079+0000] {dagbag.py:540} INFO - Filling up the DagBag from /home/airflow/.local/lib/python3.8/site-packages/airflow/example_dags/example_bash_operator.py
[2024-03-06T22:25:12.096+0000] {processor.py:840} INFO - DAG(s) 'example_bash_operator' retrieved from /home/airflow/.local/lib/python3.8/site-packages/airflow/example_dags/example_bash_operator.py
[2024-03-06T22:25:12.138+0000] {logging_mixin.py:188} INFO - [2024-03-06T22:25:12.138+0000] {dag.py:3047} INFO - Sync 1 DAGs
[2024-03-06T22:25:12.173+0000] {logging_mixin.py:188} INFO - [2024-03-06T22:25:12.173+0000] {dag.py:3834} INFO - Setting next_dagrun for example_bash_operator to 2024-03-05 00:00:00+00:00, run_after=2024-03-06 00:00:00+00:00
[2024-03-06T22:25:12.210+0000] {processor.py:183} INFO - Processing /home/airflow/.local/lib/python3.8/site-packages/airflow/example_dags/example_bash_operator.py took 0.139 seconds
[2024-03-06T22:25:42.720+0000] {processor.py:161} INFO - Started process (PID=919) to work on /home/airflow/.local/lib/python3.8/site-packages/airflow/example_dags/example_bash_operator.py
[2024-03-06T22:25:42.721+0000] {processor.py:830} INFO - Processing file /home/airflow/.local/lib/python3.8/site-packages/airflow/example_dags/example_bash_operator.py for tasks to queue
[2024-03-06T22:25:42.725+0000] {logging_mixin.py:188} INFO - [2024-03-06T22:25:42.724+0000] {dagbag.py:540} INFO - Filling up the DagBag from /home/airflow/.local/lib/python3.8/site-packages/airflow/example_dags/example_bash_operator.py
[2024-03-06T22:25:42.746+0000] {processor.py:840} INFO - DAG(s) 'example_bash_operator' retrieved from /home/airflow/.local/lib/python3.8/site-packages/airflow/example_dags/example_bash_operator.py
[2024-03-06T22:25:42.803+0000] {logging_mixin.py:188} INFO - [2024-03-06T22:25:42.802+0000] {dag.py:3047} INFO - Sync 1 DAGs
[2024-03-06T22:25:42.845+0000] {logging_mixin.py:188} INFO - [2024-03-06T22:25:42.845+0000] {dag.py:3834} INFO - Setting next_dagrun for example_bash_operator to 2024-03-05 00:00:00+00:00, run_after=2024-03-06 00:00:00+00:00
[2024-03-06T22:25:42.882+0000] {processor.py:183} INFO - Processing /home/airflow/.local/lib/python3.8/site-packages/airflow/example_dags/example_bash_operator.py took 0.168 seconds
[2024-03-06T22:26:12.967+0000] {processor.py:161} INFO - Started process (PID=974) to work on /home/airflow/.local/lib/python3.8/site-packages/airflow/example_dags/example_bash_operator.py
[2024-03-06T22:26:12.968+0000] {processor.py:830} INFO - Processing file /home/airflow/.local/lib/python3.8/site-packages/airflow/example_dags/example_bash_operator.py for tasks to queue
[2024-03-06T22:26:12.971+0000] {logging_mixin.py:188} INFO - [2024-03-06T22:26:12.971+0000] {dagbag.py:540} INFO - Filling up the DagBag from /home/airflow/.local/lib/python3.8/site-packages/airflow/example_dags/example_bash_operator.py
[2024-03-06T22:26:12.997+0000] {processor.py:840} INFO - DAG(s) 'example_bash_operator' retrieved from /home/airflow/.local/lib/python3.8/site-packages/airflow/example_dags/example_bash_operator.py
[2024-03-06T22:26:13.041+0000] {logging_mixin.py:188} INFO - [2024-03-06T22:26:13.041+0000] {dag.py:3047} INFO - Sync 1 DAGs
[2024-03-06T22:26:13.074+0000] {logging_mixin.py:188} INFO - [2024-03-06T22:26:13.074+0000] {dag.py:3834} INFO - Setting next_dagrun for example_bash_operator to 2024-03-05 00:00:00+00:00, run_after=2024-03-06 00:00:00+00:00
[2024-03-06T22:26:13.104+0000] {processor.py:183} INFO - Processing /home/airflow/.local/lib/python3.8/site-packages/airflow/example_dags/example_bash_operator.py took 0.143 seconds
[2024-03-06T22:26:43.173+0000] {processor.py:161} INFO - Started process (PID=1029) to work on /home/airflow/.local/lib/python3.8/site-packages/airflow/example_dags/example_bash_operator.py
[2024-03-06T22:26:43.175+0000] {processor.py:830} INFO - Processing file /home/airflow/.local/lib/python3.8/site-packages/airflow/example_dags/example_bash_operator.py for tasks to queue
[2024-03-06T22:26:43.178+0000] {logging_mixin.py:188} INFO - [2024-03-06T22:26:43.178+0000] {dagbag.py:540} INFO - Filling up the DagBag from /home/airflow/.local/lib/python3.8/site-packages/airflow/example_dags/example_bash_operator.py
[2024-03-06T22:26:43.200+0000] {processor.py:840} INFO - DAG(s) 'example_bash_operator' retrieved from /home/airflow/.local/lib/python3.8/site-packages/airflow/example_dags/example_bash_operator.py
[2024-03-06T22:26:43.249+0000] {logging_mixin.py:188} INFO - [2024-03-06T22:26:43.249+0000] {dag.py:3047} INFO - Sync 1 DAGs
[2024-03-06T22:26:43.283+0000] {logging_mixin.py:188} INFO - [2024-03-06T22:26:43.283+0000] {dag.py:3834} INFO - Setting next_dagrun for example_bash_operator to 2024-03-05 00:00:00+00:00, run_after=2024-03-06 00:00:00+00:00
[2024-03-06T22:26:43.387+0000] {processor.py:183} INFO - Processing /home/airflow/.local/lib/python3.8/site-packages/airflow/example_dags/example_bash_operator.py took 0.218 seconds
[2024-03-06T22:27:13.456+0000] {processor.py:161} INFO - Started process (PID=1084) to work on /home/airflow/.local/lib/python3.8/site-packages/airflow/example_dags/example_bash_operator.py
[2024-03-06T22:27:13.458+0000] {processor.py:830} INFO - Processing file /home/airflow/.local/lib/python3.8/site-packages/airflow/example_dags/example_bash_operator.py for tasks to queue
[2024-03-06T22:27:13.461+0000] {logging_mixin.py:188} INFO - [2024-03-06T22:27:13.460+0000] {dagbag.py:540} INFO - Filling up the DagBag from /home/airflow/.local/lib/python3.8/site-packages/airflow/example_dags/example_bash_operator.py
[2024-03-06T22:27:13.477+0000] {processor.py:840} INFO - DAG(s) 'example_bash_operator' retrieved from /home/airflow/.local/lib/python3.8/site-packages/airflow/example_dags/example_bash_operator.py
[2024-03-06T22:27:13.518+0000] {logging_mixin.py:188} INFO - [2024-03-06T22:27:13.518+0000] {dag.py:3047} INFO - Sync 1 DAGs
[2024-03-06T22:27:13.552+0000] {logging_mixin.py:188} INFO - [2024-03-06T22:27:13.551+0000] {dag.py:3834} INFO - Setting next_dagrun for example_bash_operator to 2024-03-05 00:00:00+00:00, run_after=2024-03-06 00:00:00+00:00
[2024-03-06T22:27:13.582+0000] {processor.py:183} INFO - Processing /home/airflow/.local/lib/python3.8/site-packages/airflow/example_dags/example_bash_operator.py took 0.130 seconds
[2024-03-06T22:27:44.602+0000] {processor.py:161} INFO - Started process (PID=1139) to work on /home/airflow/.local/lib/python3.8/site-packages/airflow/example_dags/example_bash_operator.py
[2024-03-06T22:27:44.604+0000] {processor.py:830} INFO - Processing file /home/airflow/.local/lib/python3.8/site-packages/airflow/example_dags/example_bash_operator.py for tasks to queue
[2024-03-06T22:27:44.610+0000] {logging_mixin.py:188} INFO - [2024-03-06T22:27:44.610+0000] {dagbag.py:540} INFO - Filling up the DagBag from /home/airflow/.local/lib/python3.8/site-packages/airflow/example_dags/example_bash_operator.py
[2024-03-06T22:27:44.639+0000] {processor.py:840} INFO - DAG(s) 'example_bash_operator' retrieved from /home/airflow/.local/lib/python3.8/site-packages/airflow/example_dags/example_bash_operator.py
[2024-03-06T22:27:44.705+0000] {logging_mixin.py:188} INFO - [2024-03-06T22:27:44.704+0000] {dag.py:3047} INFO - Sync 1 DAGs
[2024-03-06T22:27:44.798+0000] {logging_mixin.py:188} INFO - [2024-03-06T22:27:44.798+0000] {dag.py:3834} INFO - Setting next_dagrun for example_bash_operator to 2024-03-05 00:00:00+00:00, run_after=2024-03-06 00:00:00+00:00
[2024-03-06T22:27:44.833+0000] {processor.py:183} INFO - Processing /home/airflow/.local/lib/python3.8/site-packages/airflow/example_dags/example_bash_operator.py took 0.245 seconds
[2024-03-06T22:28:15.756+0000] {processor.py:161} INFO - Started process (PID=1194) to work on /home/airflow/.local/lib/python3.8/site-packages/airflow/example_dags/example_bash_operator.py
[2024-03-06T22:28:15.758+0000] {processor.py:830} INFO - Processing file /home/airflow/.local/lib/python3.8/site-packages/airflow/example_dags/example_bash_operator.py for tasks to queue
[2024-03-06T22:28:15.762+0000] {logging_mixin.py:188} INFO - [2024-03-06T22:28:15.761+0000] {dagbag.py:540} INFO - Filling up the DagBag from /home/airflow/.local/lib/python3.8/site-packages/airflow/example_dags/example_bash_operator.py
[2024-03-06T22:28:15.782+0000] {processor.py:840} INFO - DAG(s) 'example_bash_operator' retrieved from /home/airflow/.local/lib/python3.8/site-packages/airflow/example_dags/example_bash_operator.py
[2024-03-06T22:28:15.862+0000] {logging_mixin.py:188} INFO - [2024-03-06T22:28:15.862+0000] {dag.py:3047} INFO - Sync 1 DAGs
[2024-03-06T22:28:15.911+0000] {logging_mixin.py:188} INFO - [2024-03-06T22:28:15.910+0000] {dag.py:3834} INFO - Setting next_dagrun for example_bash_operator to 2024-03-05 00:00:00+00:00, run_after=2024-03-06 00:00:00+00:00
[2024-03-06T22:28:15.946+0000] {processor.py:183} INFO - Processing /home/airflow/.local/lib/python3.8/site-packages/airflow/example_dags/example_bash_operator.py took 0.196 seconds
[2024-03-06T22:28:45.996+0000] {processor.py:161} INFO - Started process (PID=1249) to work on /home/airflow/.local/lib/python3.8/site-packages/airflow/example_dags/example_bash_operator.py
[2024-03-06T22:28:45.998+0000] {processor.py:830} INFO - Processing file /home/airflow/.local/lib/python3.8/site-packages/airflow/example_dags/example_bash_operator.py for tasks to queue
[2024-03-06T22:28:46.001+0000] {logging_mixin.py:188} INFO - [2024-03-06T22:28:46.000+0000] {dagbag.py:540} INFO - Filling up the DagBag from /home/airflow/.local/lib/python3.8/site-packages/airflow/example_dags/example_bash_operator.py
[2024-03-06T22:28:46.016+0000] {processor.py:840} INFO - DAG(s) 'example_bash_operator' retrieved from /home/airflow/.local/lib/python3.8/site-packages/airflow/example_dags/example_bash_operator.py
[2024-03-06T22:28:46.057+0000] {logging_mixin.py:188} INFO - [2024-03-06T22:28:46.057+0000] {dag.py:3047} INFO - Sync 1 DAGs
[2024-03-06T22:28:46.087+0000] {logging_mixin.py:188} INFO - [2024-03-06T22:28:46.087+0000] {dag.py:3834} INFO - Setting next_dagrun for example_bash_operator to 2024-03-05 00:00:00+00:00, run_after=2024-03-06 00:00:00+00:00
[2024-03-06T22:28:46.114+0000] {processor.py:183} INFO - Processing /home/airflow/.local/lib/python3.8/site-packages/airflow/example_dags/example_bash_operator.py took 0.123 seconds
[2024-03-06T22:29:16.203+0000] {processor.py:161} INFO - Started process (PID=1304) to work on /home/airflow/.local/lib/python3.8/site-packages/airflow/example_dags/example_bash_operator.py
[2024-03-06T22:29:16.208+0000] {processor.py:830} INFO - Processing file /home/airflow/.local/lib/python3.8/site-packages/airflow/example_dags/example_bash_operator.py for tasks to queue
[2024-03-06T22:29:16.211+0000] {logging_mixin.py:188} INFO - [2024-03-06T22:29:16.210+0000] {dagbag.py:540} INFO - Filling up the DagBag from /home/airflow/.local/lib/python3.8/site-packages/airflow/example_dags/example_bash_operator.py
[2024-03-06T22:29:16.228+0000] {processor.py:840} INFO - DAG(s) 'example_bash_operator' retrieved from /home/airflow/.local/lib/python3.8/site-packages/airflow/example_dags/example_bash_operator.py
[2024-03-06T22:29:16.268+0000] {logging_mixin.py:188} INFO - [2024-03-06T22:29:16.268+0000] {dag.py:3047} INFO - Sync 1 DAGs
[2024-03-06T22:29:16.297+0000] {logging_mixin.py:188} INFO - [2024-03-06T22:29:16.297+0000] {dag.py:3834} INFO - Setting next_dagrun for example_bash_operator to 2024-03-05 00:00:00+00:00, run_after=2024-03-06 00:00:00+00:00
[2024-03-06T22:29:16.321+0000] {processor.py:183} INFO - Processing /home/airflow/.local/lib/python3.8/site-packages/airflow/example_dags/example_bash_operator.py took 0.124 seconds
[2024-03-06T22:29:46.624+0000] {processor.py:161} INFO - Started process (PID=1359) to work on /home/airflow/.local/lib/python3.8/site-packages/airflow/example_dags/example_bash_operator.py
[2024-03-06T22:29:46.625+0000] {processor.py:830} INFO - Processing file /home/airflow/.local/lib/python3.8/site-packages/airflow/example_dags/example_bash_operator.py for tasks to queue
[2024-03-06T22:29:46.631+0000] {logging_mixin.py:188} INFO - [2024-03-06T22:29:46.631+0000] {dagbag.py:540} INFO - Filling up the DagBag from /home/airflow/.local/lib/python3.8/site-packages/airflow/example_dags/example_bash_operator.py
[2024-03-06T22:29:46.661+0000] {processor.py:840} INFO - DAG(s) 'example_bash_operator' retrieved from /home/airflow/.local/lib/python3.8/site-packages/airflow/example_dags/example_bash_operator.py
[2024-03-06T22:29:46.717+0000] {logging_mixin.py:188} INFO - [2024-03-06T22:29:46.716+0000] {dag.py:3047} INFO - Sync 1 DAGs
[2024-03-06T22:29:46.750+0000] {logging_mixin.py:188} INFO - [2024-03-06T22:29:46.749+0000] {dag.py:3834} INFO - Setting next_dagrun for example_bash_operator to 2024-03-05 00:00:00+00:00, run_after=2024-03-06 00:00:00+00:00
[2024-03-06T22:29:46.777+0000] {processor.py:183} INFO - Processing /home/airflow/.local/lib/python3.8/site-packages/airflow/example_dags/example_bash_operator.py took 0.169 seconds
[2024-03-06T22:30:16.922+0000] {processor.py:161} INFO - Started process (PID=1413) to work on /home/airflow/.local/lib/python3.8/site-packages/airflow/example_dags/example_bash_operator.py
[2024-03-06T22:30:16.924+0000] {processor.py:830} INFO - Processing file /home/airflow/.local/lib/python3.8/site-packages/airflow/example_dags/example_bash_operator.py for tasks to queue
[2024-03-06T22:30:16.928+0000] {logging_mixin.py:188} INFO - [2024-03-06T22:30:16.927+0000] {dagbag.py:540} INFO - Filling up the DagBag from /home/airflow/.local/lib/python3.8/site-packages/airflow/example_dags/example_bash_operator.py
[2024-03-06T22:30:16.948+0000] {processor.py:840} INFO - DAG(s) 'example_bash_operator' retrieved from /home/airflow/.local/lib/python3.8/site-packages/airflow/example_dags/example_bash_operator.py
[2024-03-06T22:30:16.993+0000] {logging_mixin.py:188} INFO - [2024-03-06T22:30:16.992+0000] {dag.py:3047} INFO - Sync 1 DAGs
[2024-03-06T22:30:17.024+0000] {logging_mixin.py:188} INFO - [2024-03-06T22:30:17.024+0000] {dag.py:3834} INFO - Setting next_dagrun for example_bash_operator to 2024-03-05 00:00:00+00:00, run_after=2024-03-06 00:00:00+00:00
[2024-03-06T22:30:17.053+0000] {processor.py:183} INFO - Processing /home/airflow/.local/lib/python3.8/site-packages/airflow/example_dags/example_bash_operator.py took 0.135 seconds
[2024-03-06T22:30:47.435+0000] {processor.py:161} INFO - Started process (PID=1468) to work on /home/airflow/.local/lib/python3.8/site-packages/airflow/example_dags/example_bash_operator.py
[2024-03-06T22:30:47.441+0000] {processor.py:830} INFO - Processing file /home/airflow/.local/lib/python3.8/site-packages/airflow/example_dags/example_bash_operator.py for tasks to queue
[2024-03-06T22:30:47.446+0000] {logging_mixin.py:188} INFO - [2024-03-06T22:30:47.446+0000] {dagbag.py:540} INFO - Filling up the DagBag from /home/airflow/.local/lib/python3.8/site-packages/airflow/example_dags/example_bash_operator.py
[2024-03-06T22:30:47.470+0000] {processor.py:840} INFO - DAG(s) 'example_bash_operator' retrieved from /home/airflow/.local/lib/python3.8/site-packages/airflow/example_dags/example_bash_operator.py
[2024-03-06T22:30:47.569+0000] {logging_mixin.py:188} INFO - [2024-03-06T22:30:47.567+0000] {dag.py:3047} INFO - Sync 1 DAGs
[2024-03-06T22:30:47.614+0000] {logging_mixin.py:188} INFO - [2024-03-06T22:30:47.614+0000] {dag.py:3834} INFO - Setting next_dagrun for example_bash_operator to 2024-03-05 00:00:00+00:00, run_after=2024-03-06 00:00:00+00:00
[2024-03-06T22:30:47.651+0000] {processor.py:183} INFO - Processing /home/airflow/.local/lib/python3.8/site-packages/airflow/example_dags/example_bash_operator.py took 0.222 seconds
[2024-03-06T22:31:18.216+0000] {processor.py:161} INFO - Started process (PID=1523) to work on /home/airflow/.local/lib/python3.8/site-packages/airflow/example_dags/example_bash_operator.py
[2024-03-06T22:31:18.218+0000] {processor.py:830} INFO - Processing file /home/airflow/.local/lib/python3.8/site-packages/airflow/example_dags/example_bash_operator.py for tasks to queue
[2024-03-06T22:31:18.222+0000] {logging_mixin.py:188} INFO - [2024-03-06T22:31:18.222+0000] {dagbag.py:540} INFO - Filling up the DagBag from /home/airflow/.local/lib/python3.8/site-packages/airflow/example_dags/example_bash_operator.py
[2024-03-06T22:31:18.245+0000] {processor.py:840} INFO - DAG(s) 'example_bash_operator' retrieved from /home/airflow/.local/lib/python3.8/site-packages/airflow/example_dags/example_bash_operator.py
[2024-03-06T22:31:18.294+0000] {logging_mixin.py:188} INFO - [2024-03-06T22:31:18.294+0000] {dag.py:3047} INFO - Sync 1 DAGs
[2024-03-06T22:31:18.330+0000] {logging_mixin.py:188} INFO - [2024-03-06T22:31:18.330+0000] {dag.py:3834} INFO - Setting next_dagrun for example_bash_operator to 2024-03-05 00:00:00+00:00, run_after=2024-03-06 00:00:00+00:00
[2024-03-06T22:31:18.358+0000] {processor.py:183} INFO - Processing /home/airflow/.local/lib/python3.8/site-packages/airflow/example_dags/example_bash_operator.py took 0.147 seconds
[2024-03-06T22:31:48.517+0000] {processor.py:161} INFO - Started process (PID=1578) to work on /home/airflow/.local/lib/python3.8/site-packages/airflow/example_dags/example_bash_operator.py
[2024-03-06T22:31:48.521+0000] {processor.py:830} INFO - Processing file /home/airflow/.local/lib/python3.8/site-packages/airflow/example_dags/example_bash_operator.py for tasks to queue
[2024-03-06T22:31:48.525+0000] {logging_mixin.py:188} INFO - [2024-03-06T22:31:48.525+0000] {dagbag.py:540} INFO - Filling up the DagBag from /home/airflow/.local/lib/python3.8/site-packages/airflow/example_dags/example_bash_operator.py
[2024-03-06T22:31:48.546+0000] {processor.py:840} INFO - DAG(s) 'example_bash_operator' retrieved from /home/airflow/.local/lib/python3.8/site-packages/airflow/example_dags/example_bash_operator.py
[2024-03-06T22:31:48.589+0000] {logging_mixin.py:188} INFO - [2024-03-06T22:31:48.588+0000] {dag.py:3047} INFO - Sync 1 DAGs
[2024-03-06T22:31:48.620+0000] {logging_mixin.py:188} INFO - [2024-03-06T22:31:48.619+0000] {dag.py:3834} INFO - Setting next_dagrun for example_bash_operator to 2024-03-05 00:00:00+00:00, run_after=2024-03-06 00:00:00+00:00
[2024-03-06T22:31:48.646+0000] {processor.py:183} INFO - Processing /home/airflow/.local/lib/python3.8/site-packages/airflow/example_dags/example_bash_operator.py took 0.134 seconds
[2024-03-06T22:32:18.822+0000] {processor.py:161} INFO - Started process (PID=1632) to work on /home/airflow/.local/lib/python3.8/site-packages/airflow/example_dags/example_bash_operator.py
[2024-03-06T22:32:18.827+0000] {processor.py:830} INFO - Processing file /home/airflow/.local/lib/python3.8/site-packages/airflow/example_dags/example_bash_operator.py for tasks to queue
[2024-03-06T22:32:18.830+0000] {logging_mixin.py:188} INFO - [2024-03-06T22:32:18.830+0000] {dagbag.py:540} INFO - Filling up the DagBag from /home/airflow/.local/lib/python3.8/site-packages/airflow/example_dags/example_bash_operator.py
[2024-03-06T22:32:18.849+0000] {processor.py:840} INFO - DAG(s) 'example_bash_operator' retrieved from /home/airflow/.local/lib/python3.8/site-packages/airflow/example_dags/example_bash_operator.py
[2024-03-06T22:32:18.941+0000] {logging_mixin.py:188} INFO - [2024-03-06T22:32:18.940+0000] {dag.py:3047} INFO - Sync 1 DAGs
[2024-03-06T22:32:18.975+0000] {logging_mixin.py:188} INFO - [2024-03-06T22:32:18.975+0000] {dag.py:3834} INFO - Setting next_dagrun for example_bash_operator to 2024-03-05 00:00:00+00:00, run_after=2024-03-06 00:00:00+00:00
[2024-03-06T22:32:19.005+0000] {processor.py:183} INFO - Processing /home/airflow/.local/lib/python3.8/site-packages/airflow/example_dags/example_bash_operator.py took 0.188 seconds
[2024-03-06T22:32:49.578+0000] {processor.py:161} INFO - Started process (PID=1687) to work on /home/airflow/.local/lib/python3.8/site-packages/airflow/example_dags/example_bash_operator.py
[2024-03-06T22:32:49.580+0000] {processor.py:830} INFO - Processing file /home/airflow/.local/lib/python3.8/site-packages/airflow/example_dags/example_bash_operator.py for tasks to queue
[2024-03-06T22:32:49.585+0000] {logging_mixin.py:188} INFO - [2024-03-06T22:32:49.585+0000] {dagbag.py:540} INFO - Filling up the DagBag from /home/airflow/.local/lib/python3.8/site-packages/airflow/example_dags/example_bash_operator.py
[2024-03-06T22:32:49.608+0000] {processor.py:840} INFO - DAG(s) 'example_bash_operator' retrieved from /home/airflow/.local/lib/python3.8/site-packages/airflow/example_dags/example_bash_operator.py
[2024-03-06T22:32:49.656+0000] {logging_mixin.py:188} INFO - [2024-03-06T22:32:49.655+0000] {dag.py:3047} INFO - Sync 1 DAGs
[2024-03-06T22:32:49.689+0000] {logging_mixin.py:188} INFO - [2024-03-06T22:32:49.689+0000] {dag.py:3834} INFO - Setting next_dagrun for example_bash_operator to 2024-03-05 00:00:00+00:00, run_after=2024-03-06 00:00:00+00:00
[2024-03-06T22:32:49.713+0000] {processor.py:183} INFO - Processing /home/airflow/.local/lib/python3.8/site-packages/airflow/example_dags/example_bash_operator.py took 0.141 seconds
[2024-03-06T22:33:20.011+0000] {processor.py:161} INFO - Started process (PID=1742) to work on /home/airflow/.local/lib/python3.8/site-packages/airflow/example_dags/example_bash_operator.py
[2024-03-06T22:33:20.015+0000] {processor.py:830} INFO - Processing file /home/airflow/.local/lib/python3.8/site-packages/airflow/example_dags/example_bash_operator.py for tasks to queue
[2024-03-06T22:33:20.018+0000] {logging_mixin.py:188} INFO - [2024-03-06T22:33:20.018+0000] {dagbag.py:540} INFO - Filling up the DagBag from /home/airflow/.local/lib/python3.8/site-packages/airflow/example_dags/example_bash_operator.py
[2024-03-06T22:33:20.041+0000] {processor.py:840} INFO - DAG(s) 'example_bash_operator' retrieved from /home/airflow/.local/lib/python3.8/site-packages/airflow/example_dags/example_bash_operator.py
[2024-03-06T22:33:20.099+0000] {logging_mixin.py:188} INFO - [2024-03-06T22:33:20.099+0000] {dag.py:3047} INFO - Sync 1 DAGs
[2024-03-06T22:33:20.145+0000] {logging_mixin.py:188} INFO - [2024-03-06T22:33:20.145+0000] {dag.py:3834} INFO - Setting next_dagrun for example_bash_operator to 2024-03-05 00:00:00+00:00, run_after=2024-03-06 00:00:00+00:00
[2024-03-06T22:33:20.186+0000] {processor.py:183} INFO - Processing /home/airflow/.local/lib/python3.8/site-packages/airflow/example_dags/example_bash_operator.py took 0.180 seconds
[2024-03-06T22:33:50.345+0000] {processor.py:161} INFO - Started process (PID=1797) to work on /home/airflow/.local/lib/python3.8/site-packages/airflow/example_dags/example_bash_operator.py
[2024-03-06T22:33:50.353+0000] {processor.py:830} INFO - Processing file /home/airflow/.local/lib/python3.8/site-packages/airflow/example_dags/example_bash_operator.py for tasks to queue
[2024-03-06T22:33:50.363+0000] {logging_mixin.py:188} INFO - [2024-03-06T22:33:50.362+0000] {dagbag.py:540} INFO - Filling up the DagBag from /home/airflow/.local/lib/python3.8/site-packages/airflow/example_dags/example_bash_operator.py
[2024-03-06T22:33:50.387+0000] {processor.py:840} INFO - DAG(s) 'example_bash_operator' retrieved from /home/airflow/.local/lib/python3.8/site-packages/airflow/example_dags/example_bash_operator.py
[2024-03-06T22:33:50.469+0000] {logging_mixin.py:188} INFO - [2024-03-06T22:33:50.469+0000] {dag.py:3047} INFO - Sync 1 DAGs
[2024-03-06T22:33:50.506+0000] {logging_mixin.py:188} INFO - [2024-03-06T22:33:50.505+0000] {dag.py:3834} INFO - Setting next_dagrun for example_bash_operator to 2024-03-05 00:00:00+00:00, run_after=2024-03-06 00:00:00+00:00
[2024-03-06T22:33:50.540+0000] {processor.py:183} INFO - Processing /home/airflow/.local/lib/python3.8/site-packages/airflow/example_dags/example_bash_operator.py took 0.200 seconds
[2024-03-06T22:34:21.195+0000] {processor.py:161} INFO - Started process (PID=1852) to work on /home/airflow/.local/lib/python3.8/site-packages/airflow/example_dags/example_bash_operator.py
[2024-03-06T22:34:21.197+0000] {processor.py:830} INFO - Processing file /home/airflow/.local/lib/python3.8/site-packages/airflow/example_dags/example_bash_operator.py for tasks to queue
[2024-03-06T22:34:21.200+0000] {logging_mixin.py:188} INFO - [2024-03-06T22:34:21.199+0000] {dagbag.py:540} INFO - Filling up the DagBag from /home/airflow/.local/lib/python3.8/site-packages/airflow/example_dags/example_bash_operator.py
[2024-03-06T22:34:21.219+0000] {processor.py:840} INFO - DAG(s) 'example_bash_operator' retrieved from /home/airflow/.local/lib/python3.8/site-packages/airflow/example_dags/example_bash_operator.py
[2024-03-06T22:34:21.265+0000] {logging_mixin.py:188} INFO - [2024-03-06T22:34:21.265+0000] {dag.py:3047} INFO - Sync 1 DAGs
[2024-03-06T22:34:21.357+0000] {logging_mixin.py:188} INFO - [2024-03-06T22:34:21.354+0000] {dag.py:3834} INFO - Setting next_dagrun for example_bash_operator to 2024-03-05 00:00:00+00:00, run_after=2024-03-06 00:00:00+00:00
[2024-03-06T22:34:21.452+0000] {processor.py:183} INFO - Processing /home/airflow/.local/lib/python3.8/site-packages/airflow/example_dags/example_bash_operator.py took 0.262 seconds
[2024-03-06T22:34:51.542+0000] {processor.py:161} INFO - Started process (PID=1907) to work on /home/airflow/.local/lib/python3.8/site-packages/airflow/example_dags/example_bash_operator.py
[2024-03-06T22:34:51.544+0000] {processor.py:830} INFO - Processing file /home/airflow/.local/lib/python3.8/site-packages/airflow/example_dags/example_bash_operator.py for tasks to queue
[2024-03-06T22:34:51.546+0000] {logging_mixin.py:188} INFO - [2024-03-06T22:34:51.546+0000] {dagbag.py:540} INFO - Filling up the DagBag from /home/airflow/.local/lib/python3.8/site-packages/airflow/example_dags/example_bash_operator.py
[2024-03-06T22:34:51.562+0000] {processor.py:840} INFO - DAG(s) 'example_bash_operator' retrieved from /home/airflow/.local/lib/python3.8/site-packages/airflow/example_dags/example_bash_operator.py
[2024-03-06T22:34:51.612+0000] {logging_mixin.py:188} INFO - [2024-03-06T22:34:51.611+0000] {dag.py:3047} INFO - Sync 1 DAGs
[2024-03-06T22:34:51.646+0000] {logging_mixin.py:188} INFO - [2024-03-06T22:34:51.646+0000] {dag.py:3834} INFO - Setting next_dagrun for example_bash_operator to 2024-03-05 00:00:00+00:00, run_after=2024-03-06 00:00:00+00:00
[2024-03-06T22:34:51.672+0000] {processor.py:183} INFO - Processing /home/airflow/.local/lib/python3.8/site-packages/airflow/example_dags/example_bash_operator.py took 0.135 seconds
[2024-03-06T22:35:22.103+0000] {processor.py:161} INFO - Started process (PID=1962) to work on /home/airflow/.local/lib/python3.8/site-packages/airflow/example_dags/example_bash_operator.py
[2024-03-06T22:35:22.104+0000] {processor.py:830} INFO - Processing file /home/airflow/.local/lib/python3.8/site-packages/airflow/example_dags/example_bash_operator.py for tasks to queue
[2024-03-06T22:35:22.107+0000] {logging_mixin.py:188} INFO - [2024-03-06T22:35:22.107+0000] {dagbag.py:540} INFO - Filling up the DagBag from /home/airflow/.local/lib/python3.8/site-packages/airflow/example_dags/example_bash_operator.py
[2024-03-06T22:35:22.127+0000] {processor.py:840} INFO - DAG(s) 'example_bash_operator' retrieved from /home/airflow/.local/lib/python3.8/site-packages/airflow/example_dags/example_bash_operator.py
[2024-03-06T22:35:22.168+0000] {logging_mixin.py:188} INFO - [2024-03-06T22:35:22.168+0000] {dag.py:3047} INFO - Sync 1 DAGs
[2024-03-06T22:35:22.202+0000] {logging_mixin.py:188} INFO - [2024-03-06T22:35:22.202+0000] {dag.py:3834} INFO - Setting next_dagrun for example_bash_operator to 2024-03-05 00:00:00+00:00, run_after=2024-03-06 00:00:00+00:00
[2024-03-06T22:35:22.231+0000] {processor.py:183} INFO - Processing /home/airflow/.local/lib/python3.8/site-packages/airflow/example_dags/example_bash_operator.py took 0.132 seconds
[2024-03-06T22:35:52.752+0000] {processor.py:161} INFO - Started process (PID=2017) to work on /home/airflow/.local/lib/python3.8/site-packages/airflow/example_dags/example_bash_operator.py
[2024-03-06T22:35:52.753+0000] {processor.py:830} INFO - Processing file /home/airflow/.local/lib/python3.8/site-packages/airflow/example_dags/example_bash_operator.py for tasks to queue
[2024-03-06T22:35:52.756+0000] {logging_mixin.py:188} INFO - [2024-03-06T22:35:52.755+0000] {dagbag.py:540} INFO - Filling up the DagBag from /home/airflow/.local/lib/python3.8/site-packages/airflow/example_dags/example_bash_operator.py
[2024-03-06T22:35:52.775+0000] {processor.py:840} INFO - DAG(s) 'example_bash_operator' retrieved from /home/airflow/.local/lib/python3.8/site-packages/airflow/example_dags/example_bash_operator.py
[2024-03-06T22:35:52.821+0000] {logging_mixin.py:188} INFO - [2024-03-06T22:35:52.821+0000] {dag.py:3047} INFO - Sync 1 DAGs
[2024-03-06T22:35:52.856+0000] {logging_mixin.py:188} INFO - [2024-03-06T22:35:52.856+0000] {dag.py:3834} INFO - Setting next_dagrun for example_bash_operator to 2024-03-05 00:00:00+00:00, run_after=2024-03-06 00:00:00+00:00
[2024-03-06T22:35:52.886+0000] {processor.py:183} INFO - Processing /home/airflow/.local/lib/python3.8/site-packages/airflow/example_dags/example_bash_operator.py took 0.139 seconds
[2024-03-06T22:36:23.586+0000] {processor.py:161} INFO - Started process (PID=2070) to work on /home/airflow/.local/lib/python3.8/site-packages/airflow/example_dags/example_bash_operator.py
[2024-03-06T22:36:23.587+0000] {processor.py:830} INFO - Processing file /home/airflow/.local/lib/python3.8/site-packages/airflow/example_dags/example_bash_operator.py for tasks to queue
[2024-03-06T22:36:23.590+0000] {logging_mixin.py:188} INFO - [2024-03-06T22:36:23.590+0000] {dagbag.py:540} INFO - Filling up the DagBag from /home/airflow/.local/lib/python3.8/site-packages/airflow/example_dags/example_bash_operator.py
[2024-03-06T22:36:23.609+0000] {processor.py:840} INFO - DAG(s) 'example_bash_operator' retrieved from /home/airflow/.local/lib/python3.8/site-packages/airflow/example_dags/example_bash_operator.py
[2024-03-06T22:36:23.651+0000] {logging_mixin.py:188} INFO - [2024-03-06T22:36:23.650+0000] {dag.py:3047} INFO - Sync 1 DAGs
[2024-03-06T22:36:23.685+0000] {logging_mixin.py:188} INFO - [2024-03-06T22:36:23.685+0000] {dag.py:3834} INFO - Setting next_dagrun for example_bash_operator to 2024-03-05 00:00:00+00:00, run_after=2024-03-06 00:00:00+00:00
[2024-03-06T22:36:23.717+0000] {processor.py:183} INFO - Processing /home/airflow/.local/lib/python3.8/site-packages/airflow/example_dags/example_bash_operator.py took 0.137 seconds
[2024-03-06T22:36:54.361+0000] {processor.py:161} INFO - Started process (PID=2125) to work on /home/airflow/.local/lib/python3.8/site-packages/airflow/example_dags/example_bash_operator.py
[2024-03-06T22:36:54.364+0000] {processor.py:830} INFO - Processing file /home/airflow/.local/lib/python3.8/site-packages/airflow/example_dags/example_bash_operator.py for tasks to queue
[2024-03-06T22:36:54.373+0000] {logging_mixin.py:188} INFO - [2024-03-06T22:36:54.372+0000] {dagbag.py:540} INFO - Filling up the DagBag from /home/airflow/.local/lib/python3.8/site-packages/airflow/example_dags/example_bash_operator.py
[2024-03-06T22:36:54.478+0000] {processor.py:840} INFO - DAG(s) 'example_bash_operator' retrieved from /home/airflow/.local/lib/python3.8/site-packages/airflow/example_dags/example_bash_operator.py
[2024-03-06T22:36:54.596+0000] {logging_mixin.py:188} INFO - [2024-03-06T22:36:54.596+0000] {dag.py:3047} INFO - Sync 1 DAGs
[2024-03-06T22:36:54.644+0000] {logging_mixin.py:188} INFO - [2024-03-06T22:36:54.644+0000] {dag.py:3834} INFO - Setting next_dagrun for example_bash_operator to 2024-03-05 00:00:00+00:00, run_after=2024-03-06 00:00:00+00:00
[2024-03-06T22:36:54.732+0000] {processor.py:183} INFO - Processing /home/airflow/.local/lib/python3.8/site-packages/airflow/example_dags/example_bash_operator.py took 0.381 seconds
[2024-03-06T22:37:24.929+0000] {processor.py:161} INFO - Started process (PID=2180) to work on /home/airflow/.local/lib/python3.8/site-packages/airflow/example_dags/example_bash_operator.py
[2024-03-06T22:37:24.931+0000] {processor.py:830} INFO - Processing file /home/airflow/.local/lib/python3.8/site-packages/airflow/example_dags/example_bash_operator.py for tasks to queue
[2024-03-06T22:37:24.937+0000] {logging_mixin.py:188} INFO - [2024-03-06T22:37:24.936+0000] {dagbag.py:540} INFO - Filling up the DagBag from /home/airflow/.local/lib/python3.8/site-packages/airflow/example_dags/example_bash_operator.py
[2024-03-06T22:37:24.955+0000] {processor.py:840} INFO - DAG(s) 'example_bash_operator' retrieved from /home/airflow/.local/lib/python3.8/site-packages/airflow/example_dags/example_bash_operator.py
[2024-03-06T22:37:25.005+0000] {logging_mixin.py:188} INFO - [2024-03-06T22:37:25.004+0000] {dag.py:3047} INFO - Sync 1 DAGs
[2024-03-06T22:37:25.039+0000] {logging_mixin.py:188} INFO - [2024-03-06T22:37:25.039+0000] {dag.py:3834} INFO - Setting next_dagrun for example_bash_operator to 2024-03-05 00:00:00+00:00, run_after=2024-03-06 00:00:00+00:00
[2024-03-06T22:37:25.065+0000] {processor.py:183} INFO - Processing /home/airflow/.local/lib/python3.8/site-packages/airflow/example_dags/example_bash_operator.py took 0.141 seconds
[2024-03-06T22:37:55.144+0000] {processor.py:161} INFO - Started process (PID=2235) to work on /home/airflow/.local/lib/python3.8/site-packages/airflow/example_dags/example_bash_operator.py
[2024-03-06T22:37:55.145+0000] {processor.py:830} INFO - Processing file /home/airflow/.local/lib/python3.8/site-packages/airflow/example_dags/example_bash_operator.py for tasks to queue
[2024-03-06T22:37:55.149+0000] {logging_mixin.py:188} INFO - [2024-03-06T22:37:55.148+0000] {dagbag.py:540} INFO - Filling up the DagBag from /home/airflow/.local/lib/python3.8/site-packages/airflow/example_dags/example_bash_operator.py
[2024-03-06T22:37:55.166+0000] {processor.py:840} INFO - DAG(s) 'example_bash_operator' retrieved from /home/airflow/.local/lib/python3.8/site-packages/airflow/example_dags/example_bash_operator.py
[2024-03-06T22:37:55.212+0000] {logging_mixin.py:188} INFO - [2024-03-06T22:37:55.211+0000] {dag.py:3047} INFO - Sync 1 DAGs
[2024-03-06T22:37:55.244+0000] {logging_mixin.py:188} INFO - [2024-03-06T22:37:55.244+0000] {dag.py:3834} INFO - Setting next_dagrun for example_bash_operator to 2024-03-05 00:00:00+00:00, run_after=2024-03-06 00:00:00+00:00
[2024-03-06T22:37:55.270+0000] {processor.py:183} INFO - Processing /home/airflow/.local/lib/python3.8/site-packages/airflow/example_dags/example_bash_operator.py took 0.132 seconds
[2024-03-06T22:38:25.548+0000] {processor.py:161} INFO - Started process (PID=2290) to work on /home/airflow/.local/lib/python3.8/site-packages/airflow/example_dags/example_bash_operator.py
[2024-03-06T22:38:25.550+0000] {processor.py:830} INFO - Processing file /home/airflow/.local/lib/python3.8/site-packages/airflow/example_dags/example_bash_operator.py for tasks to queue
[2024-03-06T22:38:25.554+0000] {logging_mixin.py:188} INFO - [2024-03-06T22:38:25.554+0000] {dagbag.py:540} INFO - Filling up the DagBag from /home/airflow/.local/lib/python3.8/site-packages/airflow/example_dags/example_bash_operator.py
[2024-03-06T22:38:25.573+0000] {processor.py:840} INFO - DAG(s) 'example_bash_operator' retrieved from /home/airflow/.local/lib/python3.8/site-packages/airflow/example_dags/example_bash_operator.py
[2024-03-06T22:38:25.616+0000] {logging_mixin.py:188} INFO - [2024-03-06T22:38:25.615+0000] {dag.py:3047} INFO - Sync 1 DAGs
[2024-03-06T22:38:25.655+0000] {logging_mixin.py:188} INFO - [2024-03-06T22:38:25.654+0000] {dag.py:3834} INFO - Setting next_dagrun for example_bash_operator to 2024-03-05 00:00:00+00:00, run_after=2024-03-06 00:00:00+00:00
[2024-03-06T22:38:25.692+0000] {processor.py:183} INFO - Processing /home/airflow/.local/lib/python3.8/site-packages/airflow/example_dags/example_bash_operator.py took 0.151 seconds
[2024-03-06T22:38:56.306+0000] {processor.py:161} INFO - Started process (PID=2345) to work on /home/airflow/.local/lib/python3.8/site-packages/airflow/example_dags/example_bash_operator.py
[2024-03-06T22:38:56.309+0000] {processor.py:830} INFO - Processing file /home/airflow/.local/lib/python3.8/site-packages/airflow/example_dags/example_bash_operator.py for tasks to queue
[2024-03-06T22:38:56.312+0000] {logging_mixin.py:188} INFO - [2024-03-06T22:38:56.311+0000] {dagbag.py:540} INFO - Filling up the DagBag from /home/airflow/.local/lib/python3.8/site-packages/airflow/example_dags/example_bash_operator.py
[2024-03-06T22:38:56.343+0000] {processor.py:840} INFO - DAG(s) 'example_bash_operator' retrieved from /home/airflow/.local/lib/python3.8/site-packages/airflow/example_dags/example_bash_operator.py
[2024-03-06T22:38:56.430+0000] {logging_mixin.py:188} INFO - [2024-03-06T22:38:56.430+0000] {dag.py:3047} INFO - Sync 1 DAGs
[2024-03-06T22:38:56.596+0000] {logging_mixin.py:188} INFO - [2024-03-06T22:38:56.595+0000] {dag.py:3834} INFO - Setting next_dagrun for example_bash_operator to 2024-03-05 00:00:00+00:00, run_after=2024-03-06 00:00:00+00:00
[2024-03-06T22:38:56.634+0000] {processor.py:183} INFO - Processing /home/airflow/.local/lib/python3.8/site-packages/airflow/example_dags/example_bash_operator.py took 0.333 seconds
[2024-03-06T22:39:26.913+0000] {processor.py:161} INFO - Started process (PID=2400) to work on /home/airflow/.local/lib/python3.8/site-packages/airflow/example_dags/example_bash_operator.py
[2024-03-06T22:39:26.917+0000] {processor.py:830} INFO - Processing file /home/airflow/.local/lib/python3.8/site-packages/airflow/example_dags/example_bash_operator.py for tasks to queue
[2024-03-06T22:39:26.927+0000] {logging_mixin.py:188} INFO - [2024-03-06T22:39:26.925+0000] {dagbag.py:540} INFO - Filling up the DagBag from /home/airflow/.local/lib/python3.8/site-packages/airflow/example_dags/example_bash_operator.py
[2024-03-06T22:39:26.962+0000] {processor.py:840} INFO - DAG(s) 'example_bash_operator' retrieved from /home/airflow/.local/lib/python3.8/site-packages/airflow/example_dags/example_bash_operator.py
[2024-03-06T22:39:27.021+0000] {logging_mixin.py:188} INFO - [2024-03-06T22:39:27.021+0000] {dag.py:3047} INFO - Sync 1 DAGs
[2024-03-06T22:39:27.068+0000] {logging_mixin.py:188} INFO - [2024-03-06T22:39:27.067+0000] {dag.py:3834} INFO - Setting next_dagrun for example_bash_operator to 2024-03-05 00:00:00+00:00, run_after=2024-03-06 00:00:00+00:00
[2024-03-06T22:39:27.105+0000] {processor.py:183} INFO - Processing /home/airflow/.local/lib/python3.8/site-packages/airflow/example_dags/example_bash_operator.py took 0.195 seconds
[2024-03-06T22:39:57.195+0000] {processor.py:161} INFO - Started process (PID=2453) to work on /home/airflow/.local/lib/python3.8/site-packages/airflow/example_dags/example_bash_operator.py
[2024-03-06T22:39:57.197+0000] {processor.py:830} INFO - Processing file /home/airflow/.local/lib/python3.8/site-packages/airflow/example_dags/example_bash_operator.py for tasks to queue
[2024-03-06T22:39:57.200+0000] {logging_mixin.py:188} INFO - [2024-03-06T22:39:57.199+0000] {dagbag.py:540} INFO - Filling up the DagBag from /home/airflow/.local/lib/python3.8/site-packages/airflow/example_dags/example_bash_operator.py
[2024-03-06T22:39:57.218+0000] {processor.py:840} INFO - DAG(s) 'example_bash_operator' retrieved from /home/airflow/.local/lib/python3.8/site-packages/airflow/example_dags/example_bash_operator.py
[2024-03-06T22:39:57.263+0000] {logging_mixin.py:188} INFO - [2024-03-06T22:39:57.263+0000] {dag.py:3047} INFO - Sync 1 DAGs
[2024-03-06T22:39:57.295+0000] {logging_mixin.py:188} INFO - [2024-03-06T22:39:57.295+0000] {dag.py:3834} INFO - Setting next_dagrun for example_bash_operator to 2024-03-05 00:00:00+00:00, run_after=2024-03-06 00:00:00+00:00
[2024-03-06T22:39:57.326+0000] {processor.py:183} INFO - Processing /home/airflow/.local/lib/python3.8/site-packages/airflow/example_dags/example_bash_operator.py took 0.135 seconds
[2024-03-06T22:40:27.412+0000] {processor.py:161} INFO - Started process (PID=2509) to work on /home/airflow/.local/lib/python3.8/site-packages/airflow/example_dags/example_bash_operator.py
[2024-03-06T22:40:27.415+0000] {processor.py:830} INFO - Processing file /home/airflow/.local/lib/python3.8/site-packages/airflow/example_dags/example_bash_operator.py for tasks to queue
[2024-03-06T22:40:27.418+0000] {logging_mixin.py:188} INFO - [2024-03-06T22:40:27.418+0000] {dagbag.py:540} INFO - Filling up the DagBag from /home/airflow/.local/lib/python3.8/site-packages/airflow/example_dags/example_bash_operator.py
[2024-03-06T22:40:27.435+0000] {processor.py:840} INFO - DAG(s) 'example_bash_operator' retrieved from /home/airflow/.local/lib/python3.8/site-packages/airflow/example_dags/example_bash_operator.py
[2024-03-06T22:40:27.481+0000] {logging_mixin.py:188} INFO - [2024-03-06T22:40:27.480+0000] {dag.py:3047} INFO - Sync 1 DAGs
[2024-03-06T22:40:27.514+0000] {logging_mixin.py:188} INFO - [2024-03-06T22:40:27.514+0000] {dag.py:3834} INFO - Setting next_dagrun for example_bash_operator to 2024-03-05 00:00:00+00:00, run_after=2024-03-06 00:00:00+00:00
[2024-03-06T22:40:27.554+0000] {processor.py:183} INFO - Processing /home/airflow/.local/lib/python3.8/site-packages/airflow/example_dags/example_bash_operator.py took 0.146 seconds
[2024-03-06T22:40:57.850+0000] {processor.py:161} INFO - Started process (PID=2564) to work on /home/airflow/.local/lib/python3.8/site-packages/airflow/example_dags/example_bash_operator.py
[2024-03-06T22:40:57.854+0000] {processor.py:830} INFO - Processing file /home/airflow/.local/lib/python3.8/site-packages/airflow/example_dags/example_bash_operator.py for tasks to queue
[2024-03-06T22:40:57.857+0000] {logging_mixin.py:188} INFO - [2024-03-06T22:40:57.857+0000] {dagbag.py:540} INFO - Filling up the DagBag from /home/airflow/.local/lib/python3.8/site-packages/airflow/example_dags/example_bash_operator.py
[2024-03-06T22:40:57.876+0000] {processor.py:840} INFO - DAG(s) 'example_bash_operator' retrieved from /home/airflow/.local/lib/python3.8/site-packages/airflow/example_dags/example_bash_operator.py
[2024-03-06T22:40:57.919+0000] {logging_mixin.py:188} INFO - [2024-03-06T22:40:57.919+0000] {dag.py:3047} INFO - Sync 1 DAGs
[2024-03-06T22:40:57.959+0000] {logging_mixin.py:188} INFO - [2024-03-06T22:40:57.958+0000] {dag.py:3834} INFO - Setting next_dagrun for example_bash_operator to 2024-03-05 00:00:00+00:00, run_after=2024-03-06 00:00:00+00:00
[2024-03-06T22:40:57.989+0000] {processor.py:183} INFO - Processing /home/airflow/.local/lib/python3.8/site-packages/airflow/example_dags/example_bash_operator.py took 0.144 seconds
[2024-03-06T22:41:28.590+0000] {processor.py:161} INFO - Started process (PID=2619) to work on /home/airflow/.local/lib/python3.8/site-packages/airflow/example_dags/example_bash_operator.py
[2024-03-06T22:41:28.591+0000] {processor.py:830} INFO - Processing file /home/airflow/.local/lib/python3.8/site-packages/airflow/example_dags/example_bash_operator.py for tasks to queue
[2024-03-06T22:41:28.595+0000] {logging_mixin.py:188} INFO - [2024-03-06T22:41:28.595+0000] {dagbag.py:540} INFO - Filling up the DagBag from /home/airflow/.local/lib/python3.8/site-packages/airflow/example_dags/example_bash_operator.py
[2024-03-06T22:41:28.617+0000] {processor.py:840} INFO - DAG(s) 'example_bash_operator' retrieved from /home/airflow/.local/lib/python3.8/site-packages/airflow/example_dags/example_bash_operator.py
[2024-03-06T22:41:28.668+0000] {logging_mixin.py:188} INFO - [2024-03-06T22:41:28.668+0000] {dag.py:3047} INFO - Sync 1 DAGs
[2024-03-06T22:41:28.701+0000] {logging_mixin.py:188} INFO - [2024-03-06T22:41:28.701+0000] {dag.py:3834} INFO - Setting next_dagrun for example_bash_operator to 2024-03-05 00:00:00+00:00, run_after=2024-03-06 00:00:00+00:00
[2024-03-06T22:41:28.732+0000] {processor.py:183} INFO - Processing /home/airflow/.local/lib/python3.8/site-packages/airflow/example_dags/example_bash_operator.py took 0.148 seconds
[2024-03-06T22:41:59.105+0000] {processor.py:161} INFO - Started process (PID=2674) to work on /home/airflow/.local/lib/python3.8/site-packages/airflow/example_dags/example_bash_operator.py
[2024-03-06T22:41:59.107+0000] {processor.py:830} INFO - Processing file /home/airflow/.local/lib/python3.8/site-packages/airflow/example_dags/example_bash_operator.py for tasks to queue
[2024-03-06T22:41:59.112+0000] {logging_mixin.py:188} INFO - [2024-03-06T22:41:59.111+0000] {dagbag.py:540} INFO - Filling up the DagBag from /home/airflow/.local/lib/python3.8/site-packages/airflow/example_dags/example_bash_operator.py
[2024-03-06T22:41:59.130+0000] {processor.py:840} INFO - DAG(s) 'example_bash_operator' retrieved from /home/airflow/.local/lib/python3.8/site-packages/airflow/example_dags/example_bash_operator.py
[2024-03-06T22:41:59.174+0000] {logging_mixin.py:188} INFO - [2024-03-06T22:41:59.174+0000] {dag.py:3047} INFO - Sync 1 DAGs
[2024-03-06T22:41:59.210+0000] {logging_mixin.py:188} INFO - [2024-03-06T22:41:59.210+0000] {dag.py:3834} INFO - Setting next_dagrun for example_bash_operator to 2024-03-05 00:00:00+00:00, run_after=2024-03-06 00:00:00+00:00
[2024-03-06T22:41:59.262+0000] {processor.py:183} INFO - Processing /home/airflow/.local/lib/python3.8/site-packages/airflow/example_dags/example_bash_operator.py took 0.162 seconds
[2024-03-06T22:42:29.323+0000] {processor.py:161} INFO - Started process (PID=2729) to work on /home/airflow/.local/lib/python3.8/site-packages/airflow/example_dags/example_bash_operator.py
[2024-03-06T22:42:29.324+0000] {processor.py:830} INFO - Processing file /home/airflow/.local/lib/python3.8/site-packages/airflow/example_dags/example_bash_operator.py for tasks to queue
[2024-03-06T22:42:29.327+0000] {logging_mixin.py:188} INFO - [2024-03-06T22:42:29.327+0000] {dagbag.py:540} INFO - Filling up the DagBag from /home/airflow/.local/lib/python3.8/site-packages/airflow/example_dags/example_bash_operator.py
[2024-03-06T22:42:29.347+0000] {processor.py:840} INFO - DAG(s) 'example_bash_operator' retrieved from /home/airflow/.local/lib/python3.8/site-packages/airflow/example_dags/example_bash_operator.py
[2024-03-06T22:42:29.405+0000] {logging_mixin.py:188} INFO - [2024-03-06T22:42:29.405+0000] {dag.py:3047} INFO - Sync 1 DAGs
[2024-03-06T22:42:29.444+0000] {logging_mixin.py:188} INFO - [2024-03-06T22:42:29.443+0000] {dag.py:3834} INFO - Setting next_dagrun for example_bash_operator to 2024-03-05 00:00:00+00:00, run_after=2024-03-06 00:00:00+00:00
[2024-03-06T22:42:29.485+0000] {processor.py:183} INFO - Processing /home/airflow/.local/lib/python3.8/site-packages/airflow/example_dags/example_bash_operator.py took 0.168 seconds
