[2024-03-06T22:17:34.875+0000] {processor.py:161} INFO - Started process (PID=40) to work on /home/airflow/.local/lib/python3.8/site-packages/airflow/example_dags/example_task_group_decorator.py
[2024-03-06T22:17:34.879+0000] {processor.py:830} INFO - Processing file /home/airflow/.local/lib/python3.8/site-packages/airflow/example_dags/example_task_group_decorator.py for tasks to queue
[2024-03-06T22:17:34.892+0000] {logging_mixin.py:188} INFO - [2024-03-06T22:17:34.892+0000] {dagbag.py:540} INFO - Filling up the DagBag from /home/airflow/.local/lib/python3.8/site-packages/airflow/example_dags/example_task_group_decorator.py
[2024-03-06T22:17:35.000+0000] {processor.py:840} INFO - DAG(s) 'example_task_group_decorator' retrieved from /home/airflow/.local/lib/python3.8/site-packages/airflow/example_dags/example_task_group_decorator.py
[2024-03-06T22:17:35.741+0000] {logging_mixin.py:188} INFO - [2024-03-06T22:17:35.740+0000] {dag.py:3047} INFO - Sync 1 DAGs
[2024-03-06T22:17:35.908+0000] {logging_mixin.py:188} INFO - [2024-03-06T22:17:35.900+0000] {dag.py:3834} INFO - Setting next_dagrun for example_task_group_decorator to 2024-03-05 00:00:00+00:00, run_after=2024-03-06 00:00:00+00:00
[2024-03-06T22:17:36.059+0000] {processor.py:183} INFO - Processing /home/airflow/.local/lib/python3.8/site-packages/airflow/example_dags/example_task_group_decorator.py took 1.209 seconds
[2024-03-06T22:18:06.193+0000] {processor.py:161} INFO - Started process (PID=95) to work on /home/airflow/.local/lib/python3.8/site-packages/airflow/example_dags/example_task_group_decorator.py
[2024-03-06T22:18:06.195+0000] {processor.py:830} INFO - Processing file /home/airflow/.local/lib/python3.8/site-packages/airflow/example_dags/example_task_group_decorator.py for tasks to queue
[2024-03-06T22:18:06.197+0000] {logging_mixin.py:188} INFO - [2024-03-06T22:18:06.197+0000] {dagbag.py:540} INFO - Filling up the DagBag from /home/airflow/.local/lib/python3.8/site-packages/airflow/example_dags/example_task_group_decorator.py
[2024-03-06T22:18:06.217+0000] {processor.py:840} INFO - DAG(s) 'example_task_group_decorator' retrieved from /home/airflow/.local/lib/python3.8/site-packages/airflow/example_dags/example_task_group_decorator.py
[2024-03-06T22:18:06.248+0000] {logging_mixin.py:188} INFO - [2024-03-06T22:18:06.248+0000] {dag.py:3047} INFO - Sync 1 DAGs
[2024-03-06T22:18:06.277+0000] {logging_mixin.py:188} INFO - [2024-03-06T22:18:06.276+0000] {dag.py:3834} INFO - Setting next_dagrun for example_task_group_decorator to 2024-03-05 00:00:00+00:00, run_after=2024-03-06 00:00:00+00:00
[2024-03-06T22:18:06.304+0000] {processor.py:183} INFO - Processing /home/airflow/.local/lib/python3.8/site-packages/airflow/example_dags/example_task_group_decorator.py took 0.115 seconds
[2024-03-06T22:18:36.381+0000] {processor.py:161} INFO - Started process (PID=150) to work on /home/airflow/.local/lib/python3.8/site-packages/airflow/example_dags/example_task_group_decorator.py
[2024-03-06T22:18:36.383+0000] {processor.py:830} INFO - Processing file /home/airflow/.local/lib/python3.8/site-packages/airflow/example_dags/example_task_group_decorator.py for tasks to queue
[2024-03-06T22:18:36.385+0000] {logging_mixin.py:188} INFO - [2024-03-06T22:18:36.385+0000] {dagbag.py:540} INFO - Filling up the DagBag from /home/airflow/.local/lib/python3.8/site-packages/airflow/example_dags/example_task_group_decorator.py
[2024-03-06T22:18:36.405+0000] {processor.py:840} INFO - DAG(s) 'example_task_group_decorator' retrieved from /home/airflow/.local/lib/python3.8/site-packages/airflow/example_dags/example_task_group_decorator.py
[2024-03-06T22:18:36.445+0000] {logging_mixin.py:188} INFO - [2024-03-06T22:18:36.444+0000] {dag.py:3047} INFO - Sync 1 DAGs
[2024-03-06T22:18:36.530+0000] {logging_mixin.py:188} INFO - [2024-03-06T22:18:36.529+0000] {dag.py:3834} INFO - Setting next_dagrun for example_task_group_decorator to 2024-03-05 00:00:00+00:00, run_after=2024-03-06 00:00:00+00:00
[2024-03-06T22:18:36.595+0000] {processor.py:183} INFO - Processing /home/airflow/.local/lib/python3.8/site-packages/airflow/example_dags/example_task_group_decorator.py took 0.218 seconds
[2024-03-06T22:19:07.033+0000] {processor.py:161} INFO - Started process (PID=205) to work on /home/airflow/.local/lib/python3.8/site-packages/airflow/example_dags/example_task_group_decorator.py
[2024-03-06T22:19:07.035+0000] {processor.py:830} INFO - Processing file /home/airflow/.local/lib/python3.8/site-packages/airflow/example_dags/example_task_group_decorator.py for tasks to queue
[2024-03-06T22:19:07.038+0000] {logging_mixin.py:188} INFO - [2024-03-06T22:19:07.038+0000] {dagbag.py:540} INFO - Filling up the DagBag from /home/airflow/.local/lib/python3.8/site-packages/airflow/example_dags/example_task_group_decorator.py
[2024-03-06T22:19:07.057+0000] {processor.py:840} INFO - DAG(s) 'example_task_group_decorator' retrieved from /home/airflow/.local/lib/python3.8/site-packages/airflow/example_dags/example_task_group_decorator.py
[2024-03-06T22:19:07.093+0000] {logging_mixin.py:188} INFO - [2024-03-06T22:19:07.093+0000] {dag.py:3047} INFO - Sync 1 DAGs
[2024-03-06T22:19:07.126+0000] {logging_mixin.py:188} INFO - [2024-03-06T22:19:07.126+0000] {dag.py:3834} INFO - Setting next_dagrun for example_task_group_decorator to 2024-03-05 00:00:00+00:00, run_after=2024-03-06 00:00:00+00:00
[2024-03-06T22:19:07.154+0000] {processor.py:183} INFO - Processing /home/airflow/.local/lib/python3.8/site-packages/airflow/example_dags/example_task_group_decorator.py took 0.125 seconds
[2024-03-06T22:19:37.198+0000] {processor.py:161} INFO - Started process (PID=260) to work on /home/airflow/.local/lib/python3.8/site-packages/airflow/example_dags/example_task_group_decorator.py
[2024-03-06T22:19:37.200+0000] {processor.py:830} INFO - Processing file /home/airflow/.local/lib/python3.8/site-packages/airflow/example_dags/example_task_group_decorator.py for tasks to queue
[2024-03-06T22:19:37.203+0000] {logging_mixin.py:188} INFO - [2024-03-06T22:19:37.202+0000] {dagbag.py:540} INFO - Filling up the DagBag from /home/airflow/.local/lib/python3.8/site-packages/airflow/example_dags/example_task_group_decorator.py
[2024-03-06T22:19:37.222+0000] {processor.py:840} INFO - DAG(s) 'example_task_group_decorator' retrieved from /home/airflow/.local/lib/python3.8/site-packages/airflow/example_dags/example_task_group_decorator.py
[2024-03-06T22:19:37.257+0000] {logging_mixin.py:188} INFO - [2024-03-06T22:19:37.257+0000] {dag.py:3047} INFO - Sync 1 DAGs
[2024-03-06T22:19:37.287+0000] {logging_mixin.py:188} INFO - [2024-03-06T22:19:37.287+0000] {dag.py:3834} INFO - Setting next_dagrun for example_task_group_decorator to 2024-03-05 00:00:00+00:00, run_after=2024-03-06 00:00:00+00:00
[2024-03-06T22:19:37.317+0000] {processor.py:183} INFO - Processing /home/airflow/.local/lib/python3.8/site-packages/airflow/example_dags/example_task_group_decorator.py took 0.123 seconds
[2024-03-06T22:20:07.344+0000] {processor.py:161} INFO - Started process (PID=315) to work on /home/airflow/.local/lib/python3.8/site-packages/airflow/example_dags/example_task_group_decorator.py
[2024-03-06T22:20:07.347+0000] {processor.py:830} INFO - Processing file /home/airflow/.local/lib/python3.8/site-packages/airflow/example_dags/example_task_group_decorator.py for tasks to queue
[2024-03-06T22:20:07.350+0000] {logging_mixin.py:188} INFO - [2024-03-06T22:20:07.349+0000] {dagbag.py:540} INFO - Filling up the DagBag from /home/airflow/.local/lib/python3.8/site-packages/airflow/example_dags/example_task_group_decorator.py
[2024-03-06T22:20:07.370+0000] {processor.py:840} INFO - DAG(s) 'example_task_group_decorator' retrieved from /home/airflow/.local/lib/python3.8/site-packages/airflow/example_dags/example_task_group_decorator.py
[2024-03-06T22:20:07.410+0000] {logging_mixin.py:188} INFO - [2024-03-06T22:20:07.410+0000] {dag.py:3047} INFO - Sync 1 DAGs
[2024-03-06T22:20:07.439+0000] {logging_mixin.py:188} INFO - [2024-03-06T22:20:07.439+0000] {dag.py:3834} INFO - Setting next_dagrun for example_task_group_decorator to 2024-03-05 00:00:00+00:00, run_after=2024-03-06 00:00:00+00:00
[2024-03-06T22:20:07.463+0000] {processor.py:183} INFO - Processing /home/airflow/.local/lib/python3.8/site-packages/airflow/example_dags/example_task_group_decorator.py took 0.123 seconds
[2024-03-06T22:20:37.625+0000] {processor.py:161} INFO - Started process (PID=370) to work on /home/airflow/.local/lib/python3.8/site-packages/airflow/example_dags/example_task_group_decorator.py
[2024-03-06T22:20:37.628+0000] {processor.py:830} INFO - Processing file /home/airflow/.local/lib/python3.8/site-packages/airflow/example_dags/example_task_group_decorator.py for tasks to queue
[2024-03-06T22:20:37.633+0000] {logging_mixin.py:188} INFO - [2024-03-06T22:20:37.632+0000] {dagbag.py:540} INFO - Filling up the DagBag from /home/airflow/.local/lib/python3.8/site-packages/airflow/example_dags/example_task_group_decorator.py
[2024-03-06T22:20:37.655+0000] {processor.py:840} INFO - DAG(s) 'example_task_group_decorator' retrieved from /home/airflow/.local/lib/python3.8/site-packages/airflow/example_dags/example_task_group_decorator.py
[2024-03-06T22:20:37.688+0000] {logging_mixin.py:188} INFO - [2024-03-06T22:20:37.688+0000] {dag.py:3047} INFO - Sync 1 DAGs
[2024-03-06T22:20:37.715+0000] {logging_mixin.py:188} INFO - [2024-03-06T22:20:37.715+0000] {dag.py:3834} INFO - Setting next_dagrun for example_task_group_decorator to 2024-03-05 00:00:00+00:00, run_after=2024-03-06 00:00:00+00:00
[2024-03-06T22:20:37.740+0000] {processor.py:183} INFO - Processing /home/airflow/.local/lib/python3.8/site-packages/airflow/example_dags/example_task_group_decorator.py took 0.119 seconds
[2024-03-06T22:21:07.840+0000] {processor.py:161} INFO - Started process (PID=425) to work on /home/airflow/.local/lib/python3.8/site-packages/airflow/example_dags/example_task_group_decorator.py
[2024-03-06T22:21:07.842+0000] {processor.py:830} INFO - Processing file /home/airflow/.local/lib/python3.8/site-packages/airflow/example_dags/example_task_group_decorator.py for tasks to queue
[2024-03-06T22:21:07.849+0000] {logging_mixin.py:188} INFO - [2024-03-06T22:21:07.848+0000] {dagbag.py:540} INFO - Filling up the DagBag from /home/airflow/.local/lib/python3.8/site-packages/airflow/example_dags/example_task_group_decorator.py
[2024-03-06T22:21:07.871+0000] {processor.py:840} INFO - DAG(s) 'example_task_group_decorator' retrieved from /home/airflow/.local/lib/python3.8/site-packages/airflow/example_dags/example_task_group_decorator.py
[2024-03-06T22:21:07.907+0000] {logging_mixin.py:188} INFO - [2024-03-06T22:21:07.907+0000] {dag.py:3047} INFO - Sync 1 DAGs
[2024-03-06T22:21:07.935+0000] {logging_mixin.py:188} INFO - [2024-03-06T22:21:07.935+0000] {dag.py:3834} INFO - Setting next_dagrun for example_task_group_decorator to 2024-03-05 00:00:00+00:00, run_after=2024-03-06 00:00:00+00:00
[2024-03-06T22:21:07.960+0000] {processor.py:183} INFO - Processing /home/airflow/.local/lib/python3.8/site-packages/airflow/example_dags/example_task_group_decorator.py took 0.125 seconds
[2024-03-06T22:21:38.253+0000] {processor.py:161} INFO - Started process (PID=480) to work on /home/airflow/.local/lib/python3.8/site-packages/airflow/example_dags/example_task_group_decorator.py
[2024-03-06T22:21:38.254+0000] {processor.py:830} INFO - Processing file /home/airflow/.local/lib/python3.8/site-packages/airflow/example_dags/example_task_group_decorator.py for tasks to queue
[2024-03-06T22:21:38.258+0000] {logging_mixin.py:188} INFO - [2024-03-06T22:21:38.257+0000] {dagbag.py:540} INFO - Filling up the DagBag from /home/airflow/.local/lib/python3.8/site-packages/airflow/example_dags/example_task_group_decorator.py
[2024-03-06T22:21:38.276+0000] {processor.py:840} INFO - DAG(s) 'example_task_group_decorator' retrieved from /home/airflow/.local/lib/python3.8/site-packages/airflow/example_dags/example_task_group_decorator.py
[2024-03-06T22:21:38.312+0000] {logging_mixin.py:188} INFO - [2024-03-06T22:21:38.312+0000] {dag.py:3047} INFO - Sync 1 DAGs
[2024-03-06T22:21:38.347+0000] {logging_mixin.py:188} INFO - [2024-03-06T22:21:38.347+0000] {dag.py:3834} INFO - Setting next_dagrun for example_task_group_decorator to 2024-03-05 00:00:00+00:00, run_after=2024-03-06 00:00:00+00:00
[2024-03-06T22:21:38.371+0000] {processor.py:183} INFO - Processing /home/airflow/.local/lib/python3.8/site-packages/airflow/example_dags/example_task_group_decorator.py took 0.123 seconds
[2024-03-06T22:22:09.373+0000] {processor.py:161} INFO - Started process (PID=534) to work on /home/airflow/.local/lib/python3.8/site-packages/airflow/example_dags/example_task_group_decorator.py
[2024-03-06T22:22:09.374+0000] {processor.py:830} INFO - Processing file /home/airflow/.local/lib/python3.8/site-packages/airflow/example_dags/example_task_group_decorator.py for tasks to queue
[2024-03-06T22:22:09.377+0000] {logging_mixin.py:188} INFO - [2024-03-06T22:22:09.376+0000] {dagbag.py:540} INFO - Filling up the DagBag from /home/airflow/.local/lib/python3.8/site-packages/airflow/example_dags/example_task_group_decorator.py
[2024-03-06T22:22:09.395+0000] {processor.py:840} INFO - DAG(s) 'example_task_group_decorator' retrieved from /home/airflow/.local/lib/python3.8/site-packages/airflow/example_dags/example_task_group_decorator.py
[2024-03-06T22:22:09.427+0000] {logging_mixin.py:188} INFO - [2024-03-06T22:22:09.427+0000] {dag.py:3047} INFO - Sync 1 DAGs
[2024-03-06T22:22:09.458+0000] {logging_mixin.py:188} INFO - [2024-03-06T22:22:09.457+0000] {dag.py:3834} INFO - Setting next_dagrun for example_task_group_decorator to 2024-03-05 00:00:00+00:00, run_after=2024-03-06 00:00:00+00:00
[2024-03-06T22:22:09.485+0000] {processor.py:183} INFO - Processing /home/airflow/.local/lib/python3.8/site-packages/airflow/example_dags/example_task_group_decorator.py took 0.117 seconds
[2024-03-06T22:22:39.562+0000] {processor.py:161} INFO - Started process (PID=589) to work on /home/airflow/.local/lib/python3.8/site-packages/airflow/example_dags/example_task_group_decorator.py
[2024-03-06T22:22:39.564+0000] {processor.py:830} INFO - Processing file /home/airflow/.local/lib/python3.8/site-packages/airflow/example_dags/example_task_group_decorator.py for tasks to queue
[2024-03-06T22:22:39.568+0000] {logging_mixin.py:188} INFO - [2024-03-06T22:22:39.567+0000] {dagbag.py:540} INFO - Filling up the DagBag from /home/airflow/.local/lib/python3.8/site-packages/airflow/example_dags/example_task_group_decorator.py
[2024-03-06T22:22:39.623+0000] {processor.py:840} INFO - DAG(s) 'example_task_group_decorator' retrieved from /home/airflow/.local/lib/python3.8/site-packages/airflow/example_dags/example_task_group_decorator.py
[2024-03-06T22:22:39.668+0000] {logging_mixin.py:188} INFO - [2024-03-06T22:22:39.667+0000] {dag.py:3047} INFO - Sync 1 DAGs
[2024-03-06T22:22:39.711+0000] {logging_mixin.py:188} INFO - [2024-03-06T22:22:39.710+0000] {dag.py:3834} INFO - Setting next_dagrun for example_task_group_decorator to 2024-03-05 00:00:00+00:00, run_after=2024-03-06 00:00:00+00:00
[2024-03-06T22:22:39.749+0000] {processor.py:183} INFO - Processing /home/airflow/.local/lib/python3.8/site-packages/airflow/example_dags/example_task_group_decorator.py took 0.193 seconds
[2024-03-06T22:23:10.179+0000] {processor.py:161} INFO - Started process (PID=644) to work on /home/airflow/.local/lib/python3.8/site-packages/airflow/example_dags/example_task_group_decorator.py
[2024-03-06T22:23:10.180+0000] {processor.py:830} INFO - Processing file /home/airflow/.local/lib/python3.8/site-packages/airflow/example_dags/example_task_group_decorator.py for tasks to queue
[2024-03-06T22:23:10.184+0000] {logging_mixin.py:188} INFO - [2024-03-06T22:23:10.183+0000] {dagbag.py:540} INFO - Filling up the DagBag from /home/airflow/.local/lib/python3.8/site-packages/airflow/example_dags/example_task_group_decorator.py
[2024-03-06T22:23:10.214+0000] {processor.py:840} INFO - DAG(s) 'example_task_group_decorator' retrieved from /home/airflow/.local/lib/python3.8/site-packages/airflow/example_dags/example_task_group_decorator.py
[2024-03-06T22:23:10.252+0000] {logging_mixin.py:188} INFO - [2024-03-06T22:23:10.252+0000] {dag.py:3047} INFO - Sync 1 DAGs
[2024-03-06T22:23:10.283+0000] {logging_mixin.py:188} INFO - [2024-03-06T22:23:10.283+0000] {dag.py:3834} INFO - Setting next_dagrun for example_task_group_decorator to 2024-03-05 00:00:00+00:00, run_after=2024-03-06 00:00:00+00:00
[2024-03-06T22:23:10.318+0000] {processor.py:183} INFO - Processing /home/airflow/.local/lib/python3.8/site-packages/airflow/example_dags/example_task_group_decorator.py took 0.145 seconds
[2024-03-06T22:23:40.597+0000] {processor.py:161} INFO - Started process (PID=698) to work on /home/airflow/.local/lib/python3.8/site-packages/airflow/example_dags/example_task_group_decorator.py
[2024-03-06T22:23:40.599+0000] {processor.py:830} INFO - Processing file /home/airflow/.local/lib/python3.8/site-packages/airflow/example_dags/example_task_group_decorator.py for tasks to queue
[2024-03-06T22:23:40.601+0000] {logging_mixin.py:188} INFO - [2024-03-06T22:23:40.601+0000] {dagbag.py:540} INFO - Filling up the DagBag from /home/airflow/.local/lib/python3.8/site-packages/airflow/example_dags/example_task_group_decorator.py
[2024-03-06T22:23:40.624+0000] {processor.py:840} INFO - DAG(s) 'example_task_group_decorator' retrieved from /home/airflow/.local/lib/python3.8/site-packages/airflow/example_dags/example_task_group_decorator.py
[2024-03-06T22:23:40.663+0000] {logging_mixin.py:188} INFO - [2024-03-06T22:23:40.662+0000] {dag.py:3047} INFO - Sync 1 DAGs
[2024-03-06T22:23:40.690+0000] {logging_mixin.py:188} INFO - [2024-03-06T22:23:40.690+0000] {dag.py:3834} INFO - Setting next_dagrun for example_task_group_decorator to 2024-03-05 00:00:00+00:00, run_after=2024-03-06 00:00:00+00:00
[2024-03-06T22:23:40.716+0000] {processor.py:183} INFO - Processing /home/airflow/.local/lib/python3.8/site-packages/airflow/example_dags/example_task_group_decorator.py took 0.123 seconds
[2024-03-06T22:24:10.891+0000] {processor.py:161} INFO - Started process (PID=753) to work on /home/airflow/.local/lib/python3.8/site-packages/airflow/example_dags/example_task_group_decorator.py
[2024-03-06T22:24:10.892+0000] {processor.py:830} INFO - Processing file /home/airflow/.local/lib/python3.8/site-packages/airflow/example_dags/example_task_group_decorator.py for tasks to queue
[2024-03-06T22:24:10.895+0000] {logging_mixin.py:188} INFO - [2024-03-06T22:24:10.895+0000] {dagbag.py:540} INFO - Filling up the DagBag from /home/airflow/.local/lib/python3.8/site-packages/airflow/example_dags/example_task_group_decorator.py
[2024-03-06T22:24:10.918+0000] {processor.py:840} INFO - DAG(s) 'example_task_group_decorator' retrieved from /home/airflow/.local/lib/python3.8/site-packages/airflow/example_dags/example_task_group_decorator.py
[2024-03-06T22:24:10.957+0000] {logging_mixin.py:188} INFO - [2024-03-06T22:24:10.957+0000] {dag.py:3047} INFO - Sync 1 DAGs
[2024-03-06T22:24:10.984+0000] {logging_mixin.py:188} INFO - [2024-03-06T22:24:10.984+0000] {dag.py:3834} INFO - Setting next_dagrun for example_task_group_decorator to 2024-03-05 00:00:00+00:00, run_after=2024-03-06 00:00:00+00:00
[2024-03-06T22:24:11.007+0000] {processor.py:183} INFO - Processing /home/airflow/.local/lib/python3.8/site-packages/airflow/example_dags/example_task_group_decorator.py took 0.121 seconds
[2024-03-06T22:24:41.502+0000] {processor.py:161} INFO - Started process (PID=808) to work on /home/airflow/.local/lib/python3.8/site-packages/airflow/example_dags/example_task_group_decorator.py
[2024-03-06T22:24:41.503+0000] {processor.py:830} INFO - Processing file /home/airflow/.local/lib/python3.8/site-packages/airflow/example_dags/example_task_group_decorator.py for tasks to queue
[2024-03-06T22:24:41.506+0000] {logging_mixin.py:188} INFO - [2024-03-06T22:24:41.505+0000] {dagbag.py:540} INFO - Filling up the DagBag from /home/airflow/.local/lib/python3.8/site-packages/airflow/example_dags/example_task_group_decorator.py
[2024-03-06T22:24:41.528+0000] {processor.py:840} INFO - DAG(s) 'example_task_group_decorator' retrieved from /home/airflow/.local/lib/python3.8/site-packages/airflow/example_dags/example_task_group_decorator.py
[2024-03-06T22:24:41.575+0000] {logging_mixin.py:188} INFO - [2024-03-06T22:24:41.574+0000] {dag.py:3047} INFO - Sync 1 DAGs
[2024-03-06T22:24:41.602+0000] {logging_mixin.py:188} INFO - [2024-03-06T22:24:41.602+0000] {dag.py:3834} INFO - Setting next_dagrun for example_task_group_decorator to 2024-03-05 00:00:00+00:00, run_after=2024-03-06 00:00:00+00:00
[2024-03-06T22:24:41.631+0000] {processor.py:183} INFO - Processing /home/airflow/.local/lib/python3.8/site-packages/airflow/example_dags/example_task_group_decorator.py took 0.134 seconds
[2024-03-06T22:25:11.925+0000] {processor.py:161} INFO - Started process (PID=863) to work on /home/airflow/.local/lib/python3.8/site-packages/airflow/example_dags/example_task_group_decorator.py
[2024-03-06T22:25:11.927+0000] {processor.py:830} INFO - Processing file /home/airflow/.local/lib/python3.8/site-packages/airflow/example_dags/example_task_group_decorator.py for tasks to queue
[2024-03-06T22:25:11.930+0000] {logging_mixin.py:188} INFO - [2024-03-06T22:25:11.929+0000] {dagbag.py:540} INFO - Filling up the DagBag from /home/airflow/.local/lib/python3.8/site-packages/airflow/example_dags/example_task_group_decorator.py
[2024-03-06T22:25:11.949+0000] {processor.py:840} INFO - DAG(s) 'example_task_group_decorator' retrieved from /home/airflow/.local/lib/python3.8/site-packages/airflow/example_dags/example_task_group_decorator.py
[2024-03-06T22:25:11.983+0000] {logging_mixin.py:188} INFO - [2024-03-06T22:25:11.983+0000] {dag.py:3047} INFO - Sync 1 DAGs
[2024-03-06T22:25:12.021+0000] {logging_mixin.py:188} INFO - [2024-03-06T22:25:12.021+0000] {dag.py:3834} INFO - Setting next_dagrun for example_task_group_decorator to 2024-03-05 00:00:00+00:00, run_after=2024-03-06 00:00:00+00:00
[2024-03-06T22:25:12.046+0000] {processor.py:183} INFO - Processing /home/airflow/.local/lib/python3.8/site-packages/airflow/example_dags/example_task_group_decorator.py took 0.125 seconds
[2024-03-06T22:25:42.450+0000] {processor.py:161} INFO - Started process (PID=917) to work on /home/airflow/.local/lib/python3.8/site-packages/airflow/example_dags/example_task_group_decorator.py
[2024-03-06T22:25:42.452+0000] {processor.py:830} INFO - Processing file /home/airflow/.local/lib/python3.8/site-packages/airflow/example_dags/example_task_group_decorator.py for tasks to queue
[2024-03-06T22:25:42.455+0000] {logging_mixin.py:188} INFO - [2024-03-06T22:25:42.455+0000] {dagbag.py:540} INFO - Filling up the DagBag from /home/airflow/.local/lib/python3.8/site-packages/airflow/example_dags/example_task_group_decorator.py
[2024-03-06T22:25:42.483+0000] {processor.py:840} INFO - DAG(s) 'example_task_group_decorator' retrieved from /home/airflow/.local/lib/python3.8/site-packages/airflow/example_dags/example_task_group_decorator.py
[2024-03-06T22:25:42.530+0000] {logging_mixin.py:188} INFO - [2024-03-06T22:25:42.530+0000] {dag.py:3047} INFO - Sync 1 DAGs
[2024-03-06T22:25:42.574+0000] {logging_mixin.py:188} INFO - [2024-03-06T22:25:42.573+0000] {dag.py:3834} INFO - Setting next_dagrun for example_task_group_decorator to 2024-03-05 00:00:00+00:00, run_after=2024-03-06 00:00:00+00:00
[2024-03-06T22:25:42.622+0000] {processor.py:183} INFO - Processing /home/airflow/.local/lib/python3.8/site-packages/airflow/example_dags/example_task_group_decorator.py took 0.177 seconds
[2024-03-06T22:26:12.802+0000] {processor.py:161} INFO - Started process (PID=972) to work on /home/airflow/.local/lib/python3.8/site-packages/airflow/example_dags/example_task_group_decorator.py
[2024-03-06T22:26:12.805+0000] {processor.py:830} INFO - Processing file /home/airflow/.local/lib/python3.8/site-packages/airflow/example_dags/example_task_group_decorator.py for tasks to queue
[2024-03-06T22:26:12.807+0000] {logging_mixin.py:188} INFO - [2024-03-06T22:26:12.807+0000] {dagbag.py:540} INFO - Filling up the DagBag from /home/airflow/.local/lib/python3.8/site-packages/airflow/example_dags/example_task_group_decorator.py
[2024-03-06T22:26:12.832+0000] {processor.py:840} INFO - DAG(s) 'example_task_group_decorator' retrieved from /home/airflow/.local/lib/python3.8/site-packages/airflow/example_dags/example_task_group_decorator.py
[2024-03-06T22:26:12.870+0000] {logging_mixin.py:188} INFO - [2024-03-06T22:26:12.870+0000] {dag.py:3047} INFO - Sync 1 DAGs
[2024-03-06T22:26:12.902+0000] {logging_mixin.py:188} INFO - [2024-03-06T22:26:12.902+0000] {dag.py:3834} INFO - Setting next_dagrun for example_task_group_decorator to 2024-03-05 00:00:00+00:00, run_after=2024-03-06 00:00:00+00:00
[2024-03-06T22:26:12.926+0000] {processor.py:183} INFO - Processing /home/airflow/.local/lib/python3.8/site-packages/airflow/example_dags/example_task_group_decorator.py took 0.127 seconds
[2024-03-06T22:26:42.997+0000] {processor.py:161} INFO - Started process (PID=1027) to work on /home/airflow/.local/lib/python3.8/site-packages/airflow/example_dags/example_task_group_decorator.py
[2024-03-06T22:26:42.999+0000] {processor.py:830} INFO - Processing file /home/airflow/.local/lib/python3.8/site-packages/airflow/example_dags/example_task_group_decorator.py for tasks to queue
[2024-03-06T22:26:43.002+0000] {logging_mixin.py:188} INFO - [2024-03-06T22:26:43.002+0000] {dagbag.py:540} INFO - Filling up the DagBag from /home/airflow/.local/lib/python3.8/site-packages/airflow/example_dags/example_task_group_decorator.py
[2024-03-06T22:26:43.021+0000] {processor.py:840} INFO - DAG(s) 'example_task_group_decorator' retrieved from /home/airflow/.local/lib/python3.8/site-packages/airflow/example_dags/example_task_group_decorator.py
[2024-03-06T22:26:43.072+0000] {logging_mixin.py:188} INFO - [2024-03-06T22:26:43.072+0000] {dag.py:3047} INFO - Sync 1 DAGs
[2024-03-06T22:26:43.103+0000] {logging_mixin.py:188} INFO - [2024-03-06T22:26:43.103+0000] {dag.py:3834} INFO - Setting next_dagrun for example_task_group_decorator to 2024-03-05 00:00:00+00:00, run_after=2024-03-06 00:00:00+00:00
[2024-03-06T22:26:43.129+0000] {processor.py:183} INFO - Processing /home/airflow/.local/lib/python3.8/site-packages/airflow/example_dags/example_task_group_decorator.py took 0.136 seconds
[2024-03-06T22:27:13.315+0000] {processor.py:161} INFO - Started process (PID=1082) to work on /home/airflow/.local/lib/python3.8/site-packages/airflow/example_dags/example_task_group_decorator.py
[2024-03-06T22:27:13.317+0000] {processor.py:830} INFO - Processing file /home/airflow/.local/lib/python3.8/site-packages/airflow/example_dags/example_task_group_decorator.py for tasks to queue
[2024-03-06T22:27:13.320+0000] {logging_mixin.py:188} INFO - [2024-03-06T22:27:13.320+0000] {dagbag.py:540} INFO - Filling up the DagBag from /home/airflow/.local/lib/python3.8/site-packages/airflow/example_dags/example_task_group_decorator.py
[2024-03-06T22:27:13.339+0000] {processor.py:840} INFO - DAG(s) 'example_task_group_decorator' retrieved from /home/airflow/.local/lib/python3.8/site-packages/airflow/example_dags/example_task_group_decorator.py
[2024-03-06T22:27:13.372+0000] {logging_mixin.py:188} INFO - [2024-03-06T22:27:13.371+0000] {dag.py:3047} INFO - Sync 1 DAGs
[2024-03-06T22:27:13.400+0000] {logging_mixin.py:188} INFO - [2024-03-06T22:27:13.399+0000] {dag.py:3834} INFO - Setting next_dagrun for example_task_group_decorator to 2024-03-05 00:00:00+00:00, run_after=2024-03-06 00:00:00+00:00
[2024-03-06T22:27:13.426+0000] {processor.py:183} INFO - Processing /home/airflow/.local/lib/python3.8/site-packages/airflow/example_dags/example_task_group_decorator.py took 0.115 seconds
[2024-03-06T22:27:44.392+0000] {processor.py:161} INFO - Started process (PID=1137) to work on /home/airflow/.local/lib/python3.8/site-packages/airflow/example_dags/example_task_group_decorator.py
[2024-03-06T22:27:44.394+0000] {processor.py:830} INFO - Processing file /home/airflow/.local/lib/python3.8/site-packages/airflow/example_dags/example_task_group_decorator.py for tasks to queue
[2024-03-06T22:27:44.398+0000] {logging_mixin.py:188} INFO - [2024-03-06T22:27:44.398+0000] {dagbag.py:540} INFO - Filling up the DagBag from /home/airflow/.local/lib/python3.8/site-packages/airflow/example_dags/example_task_group_decorator.py
[2024-03-06T22:27:44.423+0000] {processor.py:840} INFO - DAG(s) 'example_task_group_decorator' retrieved from /home/airflow/.local/lib/python3.8/site-packages/airflow/example_dags/example_task_group_decorator.py
[2024-03-06T22:27:44.462+0000] {logging_mixin.py:188} INFO - [2024-03-06T22:27:44.462+0000] {dag.py:3047} INFO - Sync 1 DAGs
[2024-03-06T22:27:44.503+0000] {logging_mixin.py:188} INFO - [2024-03-06T22:27:44.502+0000] {dag.py:3834} INFO - Setting next_dagrun for example_task_group_decorator to 2024-03-05 00:00:00+00:00, run_after=2024-03-06 00:00:00+00:00
[2024-03-06T22:27:44.539+0000] {processor.py:183} INFO - Processing /home/airflow/.local/lib/python3.8/site-packages/airflow/example_dags/example_task_group_decorator.py took 0.153 seconds
[2024-03-06T22:28:15.559+0000] {processor.py:161} INFO - Started process (PID=1192) to work on /home/airflow/.local/lib/python3.8/site-packages/airflow/example_dags/example_task_group_decorator.py
[2024-03-06T22:28:15.561+0000] {processor.py:830} INFO - Processing file /home/airflow/.local/lib/python3.8/site-packages/airflow/example_dags/example_task_group_decorator.py for tasks to queue
[2024-03-06T22:28:15.565+0000] {logging_mixin.py:188} INFO - [2024-03-06T22:28:15.564+0000] {dagbag.py:540} INFO - Filling up the DagBag from /home/airflow/.local/lib/python3.8/site-packages/airflow/example_dags/example_task_group_decorator.py
[2024-03-06T22:28:15.596+0000] {processor.py:840} INFO - DAG(s) 'example_task_group_decorator' retrieved from /home/airflow/.local/lib/python3.8/site-packages/airflow/example_dags/example_task_group_decorator.py
[2024-03-06T22:28:15.640+0000] {logging_mixin.py:188} INFO - [2024-03-06T22:28:15.640+0000] {dag.py:3047} INFO - Sync 1 DAGs
[2024-03-06T22:28:15.676+0000] {logging_mixin.py:188} INFO - [2024-03-06T22:28:15.676+0000] {dag.py:3834} INFO - Setting next_dagrun for example_task_group_decorator to 2024-03-05 00:00:00+00:00, run_after=2024-03-06 00:00:00+00:00
[2024-03-06T22:28:15.714+0000] {processor.py:183} INFO - Processing /home/airflow/.local/lib/python3.8/site-packages/airflow/example_dags/example_task_group_decorator.py took 0.163 seconds
[2024-03-06T22:28:45.818+0000] {processor.py:161} INFO - Started process (PID=1247) to work on /home/airflow/.local/lib/python3.8/site-packages/airflow/example_dags/example_task_group_decorator.py
[2024-03-06T22:28:45.820+0000] {processor.py:830} INFO - Processing file /home/airflow/.local/lib/python3.8/site-packages/airflow/example_dags/example_task_group_decorator.py for tasks to queue
[2024-03-06T22:28:45.823+0000] {logging_mixin.py:188} INFO - [2024-03-06T22:28:45.822+0000] {dagbag.py:540} INFO - Filling up the DagBag from /home/airflow/.local/lib/python3.8/site-packages/airflow/example_dags/example_task_group_decorator.py
[2024-03-06T22:28:45.846+0000] {processor.py:840} INFO - DAG(s) 'example_task_group_decorator' retrieved from /home/airflow/.local/lib/python3.8/site-packages/airflow/example_dags/example_task_group_decorator.py
[2024-03-06T22:28:45.884+0000] {logging_mixin.py:188} INFO - [2024-03-06T22:28:45.884+0000] {dag.py:3047} INFO - Sync 1 DAGs
[2024-03-06T22:28:45.915+0000] {logging_mixin.py:188} INFO - [2024-03-06T22:28:45.915+0000] {dag.py:3834} INFO - Setting next_dagrun for example_task_group_decorator to 2024-03-05 00:00:00+00:00, run_after=2024-03-06 00:00:00+00:00
[2024-03-06T22:28:45.946+0000] {processor.py:183} INFO - Processing /home/airflow/.local/lib/python3.8/site-packages/airflow/example_dags/example_task_group_decorator.py took 0.134 seconds
[2024-03-06T22:29:16.039+0000] {processor.py:161} INFO - Started process (PID=1302) to work on /home/airflow/.local/lib/python3.8/site-packages/airflow/example_dags/example_task_group_decorator.py
[2024-03-06T22:29:16.042+0000] {processor.py:830} INFO - Processing file /home/airflow/.local/lib/python3.8/site-packages/airflow/example_dags/example_task_group_decorator.py for tasks to queue
[2024-03-06T22:29:16.047+0000] {logging_mixin.py:188} INFO - [2024-03-06T22:29:16.046+0000] {dagbag.py:540} INFO - Filling up the DagBag from /home/airflow/.local/lib/python3.8/site-packages/airflow/example_dags/example_task_group_decorator.py
[2024-03-06T22:29:16.070+0000] {processor.py:840} INFO - DAG(s) 'example_task_group_decorator' retrieved from /home/airflow/.local/lib/python3.8/site-packages/airflow/example_dags/example_task_group_decorator.py
[2024-03-06T22:29:16.107+0000] {logging_mixin.py:188} INFO - [2024-03-06T22:29:16.106+0000] {dag.py:3047} INFO - Sync 1 DAGs
[2024-03-06T22:29:16.141+0000] {logging_mixin.py:188} INFO - [2024-03-06T22:29:16.140+0000] {dag.py:3834} INFO - Setting next_dagrun for example_task_group_decorator to 2024-03-05 00:00:00+00:00, run_after=2024-03-06 00:00:00+00:00
[2024-03-06T22:29:16.172+0000] {processor.py:183} INFO - Processing /home/airflow/.local/lib/python3.8/site-packages/airflow/example_dags/example_task_group_decorator.py took 0.139 seconds
[2024-03-06T22:29:46.373+0000] {processor.py:161} INFO - Started process (PID=1357) to work on /home/airflow/.local/lib/python3.8/site-packages/airflow/example_dags/example_task_group_decorator.py
[2024-03-06T22:29:46.375+0000] {processor.py:830} INFO - Processing file /home/airflow/.local/lib/python3.8/site-packages/airflow/example_dags/example_task_group_decorator.py for tasks to queue
[2024-03-06T22:29:46.378+0000] {logging_mixin.py:188} INFO - [2024-03-06T22:29:46.377+0000] {dagbag.py:540} INFO - Filling up the DagBag from /home/airflow/.local/lib/python3.8/site-packages/airflow/example_dags/example_task_group_decorator.py
[2024-03-06T22:29:46.399+0000] {processor.py:840} INFO - DAG(s) 'example_task_group_decorator' retrieved from /home/airflow/.local/lib/python3.8/site-packages/airflow/example_dags/example_task_group_decorator.py
[2024-03-06T22:29:46.445+0000] {logging_mixin.py:188} INFO - [2024-03-06T22:29:46.445+0000] {dag.py:3047} INFO - Sync 1 DAGs
[2024-03-06T22:29:46.490+0000] {logging_mixin.py:188} INFO - [2024-03-06T22:29:46.489+0000] {dag.py:3834} INFO - Setting next_dagrun for example_task_group_decorator to 2024-03-05 00:00:00+00:00, run_after=2024-03-06 00:00:00+00:00
[2024-03-06T22:29:46.575+0000] {processor.py:183} INFO - Processing /home/airflow/.local/lib/python3.8/site-packages/airflow/example_dags/example_task_group_decorator.py took 0.206 seconds
[2024-03-06T22:30:16.645+0000] {processor.py:161} INFO - Started process (PID=1411) to work on /home/airflow/.local/lib/python3.8/site-packages/airflow/example_dags/example_task_group_decorator.py
[2024-03-06T22:30:16.647+0000] {processor.py:830} INFO - Processing file /home/airflow/.local/lib/python3.8/site-packages/airflow/example_dags/example_task_group_decorator.py for tasks to queue
[2024-03-06T22:30:16.649+0000] {logging_mixin.py:188} INFO - [2024-03-06T22:30:16.649+0000] {dagbag.py:540} INFO - Filling up the DagBag from /home/airflow/.local/lib/python3.8/site-packages/airflow/example_dags/example_task_group_decorator.py
[2024-03-06T22:30:16.670+0000] {processor.py:840} INFO - DAG(s) 'example_task_group_decorator' retrieved from /home/airflow/.local/lib/python3.8/site-packages/airflow/example_dags/example_task_group_decorator.py
[2024-03-06T22:30:16.707+0000] {logging_mixin.py:188} INFO - [2024-03-06T22:30:16.707+0000] {dag.py:3047} INFO - Sync 1 DAGs
[2024-03-06T22:30:16.740+0000] {logging_mixin.py:188} INFO - [2024-03-06T22:30:16.739+0000] {dag.py:3834} INFO - Setting next_dagrun for example_task_group_decorator to 2024-03-05 00:00:00+00:00, run_after=2024-03-06 00:00:00+00:00
[2024-03-06T22:30:16.768+0000] {processor.py:183} INFO - Processing /home/airflow/.local/lib/python3.8/site-packages/airflow/example_dags/example_task_group_decorator.py took 0.127 seconds
[2024-03-06T22:30:47.222+0000] {processor.py:161} INFO - Started process (PID=1466) to work on /home/airflow/.local/lib/python3.8/site-packages/airflow/example_dags/example_task_group_decorator.py
[2024-03-06T22:30:47.227+0000] {processor.py:830} INFO - Processing file /home/airflow/.local/lib/python3.8/site-packages/airflow/example_dags/example_task_group_decorator.py for tasks to queue
[2024-03-06T22:30:47.233+0000] {logging_mixin.py:188} INFO - [2024-03-06T22:30:47.232+0000] {dagbag.py:540} INFO - Filling up the DagBag from /home/airflow/.local/lib/python3.8/site-packages/airflow/example_dags/example_task_group_decorator.py
[2024-03-06T22:30:47.264+0000] {processor.py:840} INFO - DAG(s) 'example_task_group_decorator' retrieved from /home/airflow/.local/lib/python3.8/site-packages/airflow/example_dags/example_task_group_decorator.py
[2024-03-06T22:30:47.316+0000] {logging_mixin.py:188} INFO - [2024-03-06T22:30:47.316+0000] {dag.py:3047} INFO - Sync 1 DAGs
[2024-03-06T22:30:47.363+0000] {logging_mixin.py:188} INFO - [2024-03-06T22:30:47.363+0000] {dag.py:3834} INFO - Setting next_dagrun for example_task_group_decorator to 2024-03-05 00:00:00+00:00, run_after=2024-03-06 00:00:00+00:00
[2024-03-06T22:30:47.401+0000] {processor.py:183} INFO - Processing /home/airflow/.local/lib/python3.8/site-packages/airflow/example_dags/example_task_group_decorator.py took 0.185 seconds
[2024-03-06T22:31:18.053+0000] {processor.py:161} INFO - Started process (PID=1521) to work on /home/airflow/.local/lib/python3.8/site-packages/airflow/example_dags/example_task_group_decorator.py
[2024-03-06T22:31:18.056+0000] {processor.py:830} INFO - Processing file /home/airflow/.local/lib/python3.8/site-packages/airflow/example_dags/example_task_group_decorator.py for tasks to queue
[2024-03-06T22:31:18.059+0000] {logging_mixin.py:188} INFO - [2024-03-06T22:31:18.059+0000] {dagbag.py:540} INFO - Filling up the DagBag from /home/airflow/.local/lib/python3.8/site-packages/airflow/example_dags/example_task_group_decorator.py
[2024-03-06T22:31:18.083+0000] {processor.py:840} INFO - DAG(s) 'example_task_group_decorator' retrieved from /home/airflow/.local/lib/python3.8/site-packages/airflow/example_dags/example_task_group_decorator.py
[2024-03-06T22:31:18.120+0000] {logging_mixin.py:188} INFO - [2024-03-06T22:31:18.120+0000] {dag.py:3047} INFO - Sync 1 DAGs
[2024-03-06T22:31:18.153+0000] {logging_mixin.py:188} INFO - [2024-03-06T22:31:18.153+0000] {dag.py:3834} INFO - Setting next_dagrun for example_task_group_decorator to 2024-03-05 00:00:00+00:00, run_after=2024-03-06 00:00:00+00:00
[2024-03-06T22:31:18.184+0000] {processor.py:183} INFO - Processing /home/airflow/.local/lib/python3.8/site-packages/airflow/example_dags/example_task_group_decorator.py took 0.138 seconds
[2024-03-06T22:31:48.356+0000] {processor.py:161} INFO - Started process (PID=1576) to work on /home/airflow/.local/lib/python3.8/site-packages/airflow/example_dags/example_task_group_decorator.py
[2024-03-06T22:31:48.358+0000] {processor.py:830} INFO - Processing file /home/airflow/.local/lib/python3.8/site-packages/airflow/example_dags/example_task_group_decorator.py for tasks to queue
[2024-03-06T22:31:48.361+0000] {logging_mixin.py:188} INFO - [2024-03-06T22:31:48.361+0000] {dagbag.py:540} INFO - Filling up the DagBag from /home/airflow/.local/lib/python3.8/site-packages/airflow/example_dags/example_task_group_decorator.py
[2024-03-06T22:31:48.384+0000] {processor.py:840} INFO - DAG(s) 'example_task_group_decorator' retrieved from /home/airflow/.local/lib/python3.8/site-packages/airflow/example_dags/example_task_group_decorator.py
[2024-03-06T22:31:48.419+0000] {logging_mixin.py:188} INFO - [2024-03-06T22:31:48.419+0000] {dag.py:3047} INFO - Sync 1 DAGs
[2024-03-06T22:31:48.451+0000] {logging_mixin.py:188} INFO - [2024-03-06T22:31:48.450+0000] {dag.py:3834} INFO - Setting next_dagrun for example_task_group_decorator to 2024-03-05 00:00:00+00:00, run_after=2024-03-06 00:00:00+00:00
[2024-03-06T22:31:48.483+0000] {processor.py:183} INFO - Processing /home/airflow/.local/lib/python3.8/site-packages/airflow/example_dags/example_task_group_decorator.py took 0.133 seconds
[2024-03-06T22:32:18.511+0000] {processor.py:161} INFO - Started process (PID=1630) to work on /home/airflow/.local/lib/python3.8/site-packages/airflow/example_dags/example_task_group_decorator.py
[2024-03-06T22:32:18.513+0000] {processor.py:830} INFO - Processing file /home/airflow/.local/lib/python3.8/site-packages/airflow/example_dags/example_task_group_decorator.py for tasks to queue
[2024-03-06T22:32:18.515+0000] {logging_mixin.py:188} INFO - [2024-03-06T22:32:18.515+0000] {dagbag.py:540} INFO - Filling up the DagBag from /home/airflow/.local/lib/python3.8/site-packages/airflow/example_dags/example_task_group_decorator.py
[2024-03-06T22:32:18.535+0000] {processor.py:840} INFO - DAG(s) 'example_task_group_decorator' retrieved from /home/airflow/.local/lib/python3.8/site-packages/airflow/example_dags/example_task_group_decorator.py
[2024-03-06T22:32:18.574+0000] {logging_mixin.py:188} INFO - [2024-03-06T22:32:18.574+0000] {dag.py:3047} INFO - Sync 1 DAGs
[2024-03-06T22:32:18.605+0000] {logging_mixin.py:188} INFO - [2024-03-06T22:32:18.604+0000] {dag.py:3834} INFO - Setting next_dagrun for example_task_group_decorator to 2024-03-05 00:00:00+00:00, run_after=2024-03-06 00:00:00+00:00
[2024-03-06T22:32:18.633+0000] {processor.py:183} INFO - Processing /home/airflow/.local/lib/python3.8/site-packages/airflow/example_dags/example_task_group_decorator.py took 0.127 seconds
[2024-03-06T22:32:49.417+0000] {processor.py:161} INFO - Started process (PID=1685) to work on /home/airflow/.local/lib/python3.8/site-packages/airflow/example_dags/example_task_group_decorator.py
[2024-03-06T22:32:49.420+0000] {processor.py:830} INFO - Processing file /home/airflow/.local/lib/python3.8/site-packages/airflow/example_dags/example_task_group_decorator.py for tasks to queue
[2024-03-06T22:32:49.423+0000] {logging_mixin.py:188} INFO - [2024-03-06T22:32:49.423+0000] {dagbag.py:540} INFO - Filling up the DagBag from /home/airflow/.local/lib/python3.8/site-packages/airflow/example_dags/example_task_group_decorator.py
[2024-03-06T22:32:49.445+0000] {processor.py:840} INFO - DAG(s) 'example_task_group_decorator' retrieved from /home/airflow/.local/lib/python3.8/site-packages/airflow/example_dags/example_task_group_decorator.py
[2024-03-06T22:32:49.482+0000] {logging_mixin.py:188} INFO - [2024-03-06T22:32:49.481+0000] {dag.py:3047} INFO - Sync 1 DAGs
[2024-03-06T22:32:49.514+0000] {logging_mixin.py:188} INFO - [2024-03-06T22:32:49.513+0000] {dag.py:3834} INFO - Setting next_dagrun for example_task_group_decorator to 2024-03-05 00:00:00+00:00, run_after=2024-03-06 00:00:00+00:00
[2024-03-06T22:32:49.547+0000] {processor.py:183} INFO - Processing /home/airflow/.local/lib/python3.8/site-packages/airflow/example_dags/example_task_group_decorator.py took 0.137 seconds
[2024-03-06T22:33:19.757+0000] {processor.py:161} INFO - Started process (PID=1740) to work on /home/airflow/.local/lib/python3.8/site-packages/airflow/example_dags/example_task_group_decorator.py
[2024-03-06T22:33:19.762+0000] {processor.py:830} INFO - Processing file /home/airflow/.local/lib/python3.8/site-packages/airflow/example_dags/example_task_group_decorator.py for tasks to queue
[2024-03-06T22:33:19.767+0000] {logging_mixin.py:188} INFO - [2024-03-06T22:33:19.766+0000] {dagbag.py:540} INFO - Filling up the DagBag from /home/airflow/.local/lib/python3.8/site-packages/airflow/example_dags/example_task_group_decorator.py
[2024-03-06T22:33:19.810+0000] {processor.py:840} INFO - DAG(s) 'example_task_group_decorator' retrieved from /home/airflow/.local/lib/python3.8/site-packages/airflow/example_dags/example_task_group_decorator.py
[2024-03-06T22:33:19.867+0000] {logging_mixin.py:188} INFO - [2024-03-06T22:33:19.865+0000] {dag.py:3047} INFO - Sync 1 DAGs
[2024-03-06T22:33:19.930+0000] {logging_mixin.py:188} INFO - [2024-03-06T22:33:19.929+0000] {dag.py:3834} INFO - Setting next_dagrun for example_task_group_decorator to 2024-03-05 00:00:00+00:00, run_after=2024-03-06 00:00:00+00:00
[2024-03-06T22:33:19.969+0000] {processor.py:183} INFO - Processing /home/airflow/.local/lib/python3.8/site-packages/airflow/example_dags/example_task_group_decorator.py took 0.219 seconds
[2024-03-06T22:33:50.005+0000] {processor.py:161} INFO - Started process (PID=1795) to work on /home/airflow/.local/lib/python3.8/site-packages/airflow/example_dags/example_task_group_decorator.py
[2024-03-06T22:33:50.007+0000] {processor.py:830} INFO - Processing file /home/airflow/.local/lib/python3.8/site-packages/airflow/example_dags/example_task_group_decorator.py for tasks to queue
[2024-03-06T22:33:50.010+0000] {logging_mixin.py:188} INFO - [2024-03-06T22:33:50.009+0000] {dagbag.py:540} INFO - Filling up the DagBag from /home/airflow/.local/lib/python3.8/site-packages/airflow/example_dags/example_task_group_decorator.py
[2024-03-06T22:33:50.031+0000] {processor.py:840} INFO - DAG(s) 'example_task_group_decorator' retrieved from /home/airflow/.local/lib/python3.8/site-packages/airflow/example_dags/example_task_group_decorator.py
[2024-03-06T22:33:50.065+0000] {logging_mixin.py:188} INFO - [2024-03-06T22:33:50.064+0000] {dag.py:3047} INFO - Sync 1 DAGs
[2024-03-06T22:33:50.093+0000] {logging_mixin.py:188} INFO - [2024-03-06T22:33:50.092+0000] {dag.py:3834} INFO - Setting next_dagrun for example_task_group_decorator to 2024-03-05 00:00:00+00:00, run_after=2024-03-06 00:00:00+00:00
[2024-03-06T22:33:50.121+0000] {processor.py:183} INFO - Processing /home/airflow/.local/lib/python3.8/site-packages/airflow/example_dags/example_task_group_decorator.py took 0.121 seconds
[2024-03-06T22:34:20.170+0000] {processor.py:161} INFO - Started process (PID=1850) to work on /home/airflow/.local/lib/python3.8/site-packages/airflow/example_dags/example_task_group_decorator.py
[2024-03-06T22:34:20.171+0000] {processor.py:830} INFO - Processing file /home/airflow/.local/lib/python3.8/site-packages/airflow/example_dags/example_task_group_decorator.py for tasks to queue
[2024-03-06T22:34:20.174+0000] {logging_mixin.py:188} INFO - [2024-03-06T22:34:20.173+0000] {dagbag.py:540} INFO - Filling up the DagBag from /home/airflow/.local/lib/python3.8/site-packages/airflow/example_dags/example_task_group_decorator.py
[2024-03-06T22:34:20.192+0000] {processor.py:840} INFO - DAG(s) 'example_task_group_decorator' retrieved from /home/airflow/.local/lib/python3.8/site-packages/airflow/example_dags/example_task_group_decorator.py
[2024-03-06T22:34:20.225+0000] {logging_mixin.py:188} INFO - [2024-03-06T22:34:20.224+0000] {dag.py:3047} INFO - Sync 1 DAGs
[2024-03-06T22:34:20.252+0000] {logging_mixin.py:188} INFO - [2024-03-06T22:34:20.252+0000] {dag.py:3834} INFO - Setting next_dagrun for example_task_group_decorator to 2024-03-05 00:00:00+00:00, run_after=2024-03-06 00:00:00+00:00
[2024-03-06T22:34:20.279+0000] {processor.py:183} INFO - Processing /home/airflow/.local/lib/python3.8/site-packages/airflow/example_dags/example_task_group_decorator.py took 0.114 seconds
[2024-03-06T22:34:50.968+0000] {processor.py:161} INFO - Started process (PID=1903) to work on /home/airflow/.local/lib/python3.8/site-packages/airflow/example_dags/example_task_group_decorator.py
[2024-03-06T22:34:50.970+0000] {processor.py:830} INFO - Processing file /home/airflow/.local/lib/python3.8/site-packages/airflow/example_dags/example_task_group_decorator.py for tasks to queue
[2024-03-06T22:34:50.974+0000] {logging_mixin.py:188} INFO - [2024-03-06T22:34:50.973+0000] {dagbag.py:540} INFO - Filling up the DagBag from /home/airflow/.local/lib/python3.8/site-packages/airflow/example_dags/example_task_group_decorator.py
[2024-03-06T22:34:50.998+0000] {processor.py:840} INFO - DAG(s) 'example_task_group_decorator' retrieved from /home/airflow/.local/lib/python3.8/site-packages/airflow/example_dags/example_task_group_decorator.py
[2024-03-06T22:34:51.033+0000] {logging_mixin.py:188} INFO - [2024-03-06T22:34:51.033+0000] {dag.py:3047} INFO - Sync 1 DAGs
[2024-03-06T22:34:51.068+0000] {logging_mixin.py:188} INFO - [2024-03-06T22:34:51.067+0000] {dag.py:3834} INFO - Setting next_dagrun for example_task_group_decorator to 2024-03-05 00:00:00+00:00, run_after=2024-03-06 00:00:00+00:00
[2024-03-06T22:34:51.100+0000] {processor.py:183} INFO - Processing /home/airflow/.local/lib/python3.8/site-packages/airflow/example_dags/example_task_group_decorator.py took 0.140 seconds
[2024-03-06T22:35:21.429+0000] {processor.py:161} INFO - Started process (PID=1958) to work on /home/airflow/.local/lib/python3.8/site-packages/airflow/example_dags/example_task_group_decorator.py
[2024-03-06T22:35:21.432+0000] {processor.py:830} INFO - Processing file /home/airflow/.local/lib/python3.8/site-packages/airflow/example_dags/example_task_group_decorator.py for tasks to queue
[2024-03-06T22:35:21.435+0000] {logging_mixin.py:188} INFO - [2024-03-06T22:35:21.435+0000] {dagbag.py:540} INFO - Filling up the DagBag from /home/airflow/.local/lib/python3.8/site-packages/airflow/example_dags/example_task_group_decorator.py
[2024-03-06T22:35:21.460+0000] {processor.py:840} INFO - DAG(s) 'example_task_group_decorator' retrieved from /home/airflow/.local/lib/python3.8/site-packages/airflow/example_dags/example_task_group_decorator.py
[2024-03-06T22:35:21.505+0000] {logging_mixin.py:188} INFO - [2024-03-06T22:35:21.505+0000] {dag.py:3047} INFO - Sync 1 DAGs
[2024-03-06T22:35:21.537+0000] {logging_mixin.py:188} INFO - [2024-03-06T22:35:21.537+0000] {dag.py:3834} INFO - Setting next_dagrun for example_task_group_decorator to 2024-03-05 00:00:00+00:00, run_after=2024-03-06 00:00:00+00:00
[2024-03-06T22:35:21.567+0000] {processor.py:183} INFO - Processing /home/airflow/.local/lib/python3.8/site-packages/airflow/example_dags/example_task_group_decorator.py took 0.143 seconds
[2024-03-06T22:35:52.017+0000] {processor.py:161} INFO - Started process (PID=2013) to work on /home/airflow/.local/lib/python3.8/site-packages/airflow/example_dags/example_task_group_decorator.py
[2024-03-06T22:35:52.020+0000] {processor.py:830} INFO - Processing file /home/airflow/.local/lib/python3.8/site-packages/airflow/example_dags/example_task_group_decorator.py for tasks to queue
[2024-03-06T22:35:52.024+0000] {logging_mixin.py:188} INFO - [2024-03-06T22:35:52.023+0000] {dagbag.py:540} INFO - Filling up the DagBag from /home/airflow/.local/lib/python3.8/site-packages/airflow/example_dags/example_task_group_decorator.py
[2024-03-06T22:35:52.043+0000] {processor.py:840} INFO - DAG(s) 'example_task_group_decorator' retrieved from /home/airflow/.local/lib/python3.8/site-packages/airflow/example_dags/example_task_group_decorator.py
[2024-03-06T22:35:52.076+0000] {logging_mixin.py:188} INFO - [2024-03-06T22:35:52.076+0000] {dag.py:3047} INFO - Sync 1 DAGs
[2024-03-06T22:35:52.114+0000] {logging_mixin.py:188} INFO - [2024-03-06T22:35:52.114+0000] {dag.py:3834} INFO - Setting next_dagrun for example_task_group_decorator to 2024-03-05 00:00:00+00:00, run_after=2024-03-06 00:00:00+00:00
[2024-03-06T22:35:52.146+0000] {processor.py:183} INFO - Processing /home/airflow/.local/lib/python3.8/site-packages/airflow/example_dags/example_task_group_decorator.py took 0.134 seconds
[2024-03-06T22:36:22.533+0000] {processor.py:161} INFO - Started process (PID=2068) to work on /home/airflow/.local/lib/python3.8/site-packages/airflow/example_dags/example_task_group_decorator.py
[2024-03-06T22:36:22.535+0000] {processor.py:830} INFO - Processing file /home/airflow/.local/lib/python3.8/site-packages/airflow/example_dags/example_task_group_decorator.py for tasks to queue
[2024-03-06T22:36:22.540+0000] {logging_mixin.py:188} INFO - [2024-03-06T22:36:22.539+0000] {dagbag.py:540} INFO - Filling up the DagBag from /home/airflow/.local/lib/python3.8/site-packages/airflow/example_dags/example_task_group_decorator.py
[2024-03-06T22:36:22.568+0000] {processor.py:840} INFO - DAG(s) 'example_task_group_decorator' retrieved from /home/airflow/.local/lib/python3.8/site-packages/airflow/example_dags/example_task_group_decorator.py
[2024-03-06T22:36:22.625+0000] {logging_mixin.py:188} INFO - [2024-03-06T22:36:22.625+0000] {dag.py:3047} INFO - Sync 1 DAGs
[2024-03-06T22:36:22.657+0000] {logging_mixin.py:188} INFO - [2024-03-06T22:36:22.656+0000] {dag.py:3834} INFO - Setting next_dagrun for example_task_group_decorator to 2024-03-05 00:00:00+00:00, run_after=2024-03-06 00:00:00+00:00
[2024-03-06T22:36:22.684+0000] {processor.py:183} INFO - Processing /home/airflow/.local/lib/python3.8/site-packages/airflow/example_dags/example_task_group_decorator.py took 0.160 seconds
[2024-03-06T22:36:53.211+0000] {processor.py:161} INFO - Started process (PID=2123) to work on /home/airflow/.local/lib/python3.8/site-packages/airflow/example_dags/example_task_group_decorator.py
[2024-03-06T22:36:53.213+0000] {processor.py:830} INFO - Processing file /home/airflow/.local/lib/python3.8/site-packages/airflow/example_dags/example_task_group_decorator.py for tasks to queue
[2024-03-06T22:36:53.216+0000] {logging_mixin.py:188} INFO - [2024-03-06T22:36:53.216+0000] {dagbag.py:540} INFO - Filling up the DagBag from /home/airflow/.local/lib/python3.8/site-packages/airflow/example_dags/example_task_group_decorator.py
[2024-03-06T22:36:53.235+0000] {processor.py:840} INFO - DAG(s) 'example_task_group_decorator' retrieved from /home/airflow/.local/lib/python3.8/site-packages/airflow/example_dags/example_task_group_decorator.py
[2024-03-06T22:36:53.270+0000] {logging_mixin.py:188} INFO - [2024-03-06T22:36:53.270+0000] {dag.py:3047} INFO - Sync 1 DAGs
[2024-03-06T22:36:53.299+0000] {logging_mixin.py:188} INFO - [2024-03-06T22:36:53.298+0000] {dag.py:3834} INFO - Setting next_dagrun for example_task_group_decorator to 2024-03-05 00:00:00+00:00, run_after=2024-03-06 00:00:00+00:00
[2024-03-06T22:36:53.326+0000] {processor.py:183} INFO - Processing /home/airflow/.local/lib/python3.8/site-packages/airflow/example_dags/example_task_group_decorator.py took 0.119 seconds
[2024-03-06T22:37:23.576+0000] {processor.py:161} INFO - Started process (PID=2178) to work on /home/airflow/.local/lib/python3.8/site-packages/airflow/example_dags/example_task_group_decorator.py
[2024-03-06T22:37:23.577+0000] {processor.py:830} INFO - Processing file /home/airflow/.local/lib/python3.8/site-packages/airflow/example_dags/example_task_group_decorator.py for tasks to queue
[2024-03-06T22:37:23.580+0000] {logging_mixin.py:188} INFO - [2024-03-06T22:37:23.579+0000] {dagbag.py:540} INFO - Filling up the DagBag from /home/airflow/.local/lib/python3.8/site-packages/airflow/example_dags/example_task_group_decorator.py
[2024-03-06T22:37:23.599+0000] {processor.py:840} INFO - DAG(s) 'example_task_group_decorator' retrieved from /home/airflow/.local/lib/python3.8/site-packages/airflow/example_dags/example_task_group_decorator.py
[2024-03-06T22:37:23.633+0000] {logging_mixin.py:188} INFO - [2024-03-06T22:37:23.633+0000] {dag.py:3047} INFO - Sync 1 DAGs
[2024-03-06T22:37:23.662+0000] {logging_mixin.py:188} INFO - [2024-03-06T22:37:23.661+0000] {dag.py:3834} INFO - Setting next_dagrun for example_task_group_decorator to 2024-03-05 00:00:00+00:00, run_after=2024-03-06 00:00:00+00:00
[2024-03-06T22:37:23.689+0000] {processor.py:183} INFO - Processing /home/airflow/.local/lib/python3.8/site-packages/airflow/example_dags/example_task_group_decorator.py took 0.119 seconds
[2024-03-06T22:37:53.967+0000] {processor.py:161} INFO - Started process (PID=2233) to work on /home/airflow/.local/lib/python3.8/site-packages/airflow/example_dags/example_task_group_decorator.py
[2024-03-06T22:37:53.970+0000] {processor.py:830} INFO - Processing file /home/airflow/.local/lib/python3.8/site-packages/airflow/example_dags/example_task_group_decorator.py for tasks to queue
[2024-03-06T22:37:53.973+0000] {logging_mixin.py:188} INFO - [2024-03-06T22:37:53.972+0000] {dagbag.py:540} INFO - Filling up the DagBag from /home/airflow/.local/lib/python3.8/site-packages/airflow/example_dags/example_task_group_decorator.py
[2024-03-06T22:37:53.994+0000] {processor.py:840} INFO - DAG(s) 'example_task_group_decorator' retrieved from /home/airflow/.local/lib/python3.8/site-packages/airflow/example_dags/example_task_group_decorator.py
[2024-03-06T22:37:54.042+0000] {logging_mixin.py:188} INFO - [2024-03-06T22:37:54.042+0000] {dag.py:3047} INFO - Sync 1 DAGs
[2024-03-06T22:37:54.074+0000] {logging_mixin.py:188} INFO - [2024-03-06T22:37:54.074+0000] {dag.py:3834} INFO - Setting next_dagrun for example_task_group_decorator to 2024-03-05 00:00:00+00:00, run_after=2024-03-06 00:00:00+00:00
[2024-03-06T22:37:54.103+0000] {processor.py:183} INFO - Processing /home/airflow/.local/lib/python3.8/site-packages/airflow/example_dags/example_task_group_decorator.py took 0.140 seconds
[2024-03-06T22:38:24.511+0000] {processor.py:161} INFO - Started process (PID=2288) to work on /home/airflow/.local/lib/python3.8/site-packages/airflow/example_dags/example_task_group_decorator.py
[2024-03-06T22:38:24.513+0000] {processor.py:830} INFO - Processing file /home/airflow/.local/lib/python3.8/site-packages/airflow/example_dags/example_task_group_decorator.py for tasks to queue
[2024-03-06T22:38:24.516+0000] {logging_mixin.py:188} INFO - [2024-03-06T22:38:24.515+0000] {dagbag.py:540} INFO - Filling up the DagBag from /home/airflow/.local/lib/python3.8/site-packages/airflow/example_dags/example_task_group_decorator.py
[2024-03-06T22:38:24.536+0000] {processor.py:840} INFO - DAG(s) 'example_task_group_decorator' retrieved from /home/airflow/.local/lib/python3.8/site-packages/airflow/example_dags/example_task_group_decorator.py
[2024-03-06T22:38:24.570+0000] {logging_mixin.py:188} INFO - [2024-03-06T22:38:24.570+0000] {dag.py:3047} INFO - Sync 1 DAGs
[2024-03-06T22:38:24.598+0000] {logging_mixin.py:188} INFO - [2024-03-06T22:38:24.598+0000] {dag.py:3834} INFO - Setting next_dagrun for example_task_group_decorator to 2024-03-05 00:00:00+00:00, run_after=2024-03-06 00:00:00+00:00
[2024-03-06T22:38:24.627+0000] {processor.py:183} INFO - Processing /home/airflow/.local/lib/python3.8/site-packages/airflow/example_dags/example_task_group_decorator.py took 0.120 seconds
[2024-03-06T22:38:55.279+0000] {processor.py:161} INFO - Started process (PID=2343) to work on /home/airflow/.local/lib/python3.8/site-packages/airflow/example_dags/example_task_group_decorator.py
[2024-03-06T22:38:55.289+0000] {processor.py:830} INFO - Processing file /home/airflow/.local/lib/python3.8/site-packages/airflow/example_dags/example_task_group_decorator.py for tasks to queue
[2024-03-06T22:38:55.292+0000] {logging_mixin.py:188} INFO - [2024-03-06T22:38:55.292+0000] {dagbag.py:540} INFO - Filling up the DagBag from /home/airflow/.local/lib/python3.8/site-packages/airflow/example_dags/example_task_group_decorator.py
[2024-03-06T22:38:55.320+0000] {processor.py:840} INFO - DAG(s) 'example_task_group_decorator' retrieved from /home/airflow/.local/lib/python3.8/site-packages/airflow/example_dags/example_task_group_decorator.py
[2024-03-06T22:38:55.457+0000] {logging_mixin.py:188} INFO - [2024-03-06T22:38:55.457+0000] {dag.py:3047} INFO - Sync 1 DAGs
[2024-03-06T22:38:55.495+0000] {logging_mixin.py:188} INFO - [2024-03-06T22:38:55.495+0000] {dag.py:3834} INFO - Setting next_dagrun for example_task_group_decorator to 2024-03-05 00:00:00+00:00, run_after=2024-03-06 00:00:00+00:00
[2024-03-06T22:38:55.533+0000] {processor.py:183} INFO - Processing /home/airflow/.local/lib/python3.8/site-packages/airflow/example_dags/example_task_group_decorator.py took 0.260 seconds
[2024-03-06T22:39:25.746+0000] {processor.py:161} INFO - Started process (PID=2397) to work on /home/airflow/.local/lib/python3.8/site-packages/airflow/example_dags/example_task_group_decorator.py
[2024-03-06T22:39:25.748+0000] {processor.py:830} INFO - Processing file /home/airflow/.local/lib/python3.8/site-packages/airflow/example_dags/example_task_group_decorator.py for tasks to queue
[2024-03-06T22:39:25.751+0000] {logging_mixin.py:188} INFO - [2024-03-06T22:39:25.750+0000] {dagbag.py:540} INFO - Filling up the DagBag from /home/airflow/.local/lib/python3.8/site-packages/airflow/example_dags/example_task_group_decorator.py
[2024-03-06T22:39:25.773+0000] {processor.py:840} INFO - DAG(s) 'example_task_group_decorator' retrieved from /home/airflow/.local/lib/python3.8/site-packages/airflow/example_dags/example_task_group_decorator.py
[2024-03-06T22:39:25.809+0000] {logging_mixin.py:188} INFO - [2024-03-06T22:39:25.809+0000] {dag.py:3047} INFO - Sync 1 DAGs
[2024-03-06T22:39:25.839+0000] {logging_mixin.py:188} INFO - [2024-03-06T22:39:25.839+0000] {dag.py:3834} INFO - Setting next_dagrun for example_task_group_decorator to 2024-03-05 00:00:00+00:00, run_after=2024-03-06 00:00:00+00:00
[2024-03-06T22:39:25.874+0000] {processor.py:183} INFO - Processing /home/airflow/.local/lib/python3.8/site-packages/airflow/example_dags/example_task_group_decorator.py took 0.133 seconds
[2024-03-06T22:39:56.057+0000] {processor.py:161} INFO - Started process (PID=2451) to work on /home/airflow/.local/lib/python3.8/site-packages/airflow/example_dags/example_task_group_decorator.py
[2024-03-06T22:39:56.059+0000] {processor.py:830} INFO - Processing file /home/airflow/.local/lib/python3.8/site-packages/airflow/example_dags/example_task_group_decorator.py for tasks to queue
[2024-03-06T22:39:56.062+0000] {logging_mixin.py:188} INFO - [2024-03-06T22:39:56.061+0000] {dagbag.py:540} INFO - Filling up the DagBag from /home/airflow/.local/lib/python3.8/site-packages/airflow/example_dags/example_task_group_decorator.py
[2024-03-06T22:39:56.080+0000] {processor.py:840} INFO - DAG(s) 'example_task_group_decorator' retrieved from /home/airflow/.local/lib/python3.8/site-packages/airflow/example_dags/example_task_group_decorator.py
[2024-03-06T22:39:56.115+0000] {logging_mixin.py:188} INFO - [2024-03-06T22:39:56.114+0000] {dag.py:3047} INFO - Sync 1 DAGs
[2024-03-06T22:39:56.145+0000] {logging_mixin.py:188} INFO - [2024-03-06T22:39:56.145+0000] {dag.py:3834} INFO - Setting next_dagrun for example_task_group_decorator to 2024-03-05 00:00:00+00:00, run_after=2024-03-06 00:00:00+00:00
[2024-03-06T22:39:56.173+0000] {processor.py:183} INFO - Processing /home/airflow/.local/lib/python3.8/site-packages/airflow/example_dags/example_task_group_decorator.py took 0.121 seconds
[2024-03-06T22:40:26.248+0000] {processor.py:161} INFO - Started process (PID=2507) to work on /home/airflow/.local/lib/python3.8/site-packages/airflow/example_dags/example_task_group_decorator.py
[2024-03-06T22:40:26.250+0000] {processor.py:830} INFO - Processing file /home/airflow/.local/lib/python3.8/site-packages/airflow/example_dags/example_task_group_decorator.py for tasks to queue
[2024-03-06T22:40:26.253+0000] {logging_mixin.py:188} INFO - [2024-03-06T22:40:26.252+0000] {dagbag.py:540} INFO - Filling up the DagBag from /home/airflow/.local/lib/python3.8/site-packages/airflow/example_dags/example_task_group_decorator.py
[2024-03-06T22:40:26.272+0000] {processor.py:840} INFO - DAG(s) 'example_task_group_decorator' retrieved from /home/airflow/.local/lib/python3.8/site-packages/airflow/example_dags/example_task_group_decorator.py
[2024-03-06T22:40:26.310+0000] {logging_mixin.py:188} INFO - [2024-03-06T22:40:26.310+0000] {dag.py:3047} INFO - Sync 1 DAGs
[2024-03-06T22:40:26.343+0000] {logging_mixin.py:188} INFO - [2024-03-06T22:40:26.342+0000] {dag.py:3834} INFO - Setting next_dagrun for example_task_group_decorator to 2024-03-05 00:00:00+00:00, run_after=2024-03-06 00:00:00+00:00
[2024-03-06T22:40:26.372+0000] {processor.py:183} INFO - Processing /home/airflow/.local/lib/python3.8/site-packages/airflow/example_dags/example_task_group_decorator.py took 0.129 seconds
[2024-03-06T22:40:56.824+0000] {processor.py:161} INFO - Started process (PID=2562) to work on /home/airflow/.local/lib/python3.8/site-packages/airflow/example_dags/example_task_group_decorator.py
[2024-03-06T22:40:56.826+0000] {processor.py:830} INFO - Processing file /home/airflow/.local/lib/python3.8/site-packages/airflow/example_dags/example_task_group_decorator.py for tasks to queue
[2024-03-06T22:40:56.828+0000] {logging_mixin.py:188} INFO - [2024-03-06T22:40:56.828+0000] {dagbag.py:540} INFO - Filling up the DagBag from /home/airflow/.local/lib/python3.8/site-packages/airflow/example_dags/example_task_group_decorator.py
[2024-03-06T22:40:56.850+0000] {processor.py:840} INFO - DAG(s) 'example_task_group_decorator' retrieved from /home/airflow/.local/lib/python3.8/site-packages/airflow/example_dags/example_task_group_decorator.py
[2024-03-06T22:40:56.883+0000] {logging_mixin.py:188} INFO - [2024-03-06T22:40:56.883+0000] {dag.py:3047} INFO - Sync 1 DAGs
[2024-03-06T22:40:56.912+0000] {logging_mixin.py:188} INFO - [2024-03-06T22:40:56.912+0000] {dag.py:3834} INFO - Setting next_dagrun for example_task_group_decorator to 2024-03-05 00:00:00+00:00, run_after=2024-03-06 00:00:00+00:00
[2024-03-06T22:40:56.937+0000] {processor.py:183} INFO - Processing /home/airflow/.local/lib/python3.8/site-packages/airflow/example_dags/example_task_group_decorator.py took 0.117 seconds
[2024-03-06T22:41:27.448+0000] {processor.py:161} INFO - Started process (PID=2617) to work on /home/airflow/.local/lib/python3.8/site-packages/airflow/example_dags/example_task_group_decorator.py
[2024-03-06T22:41:27.451+0000] {processor.py:830} INFO - Processing file /home/airflow/.local/lib/python3.8/site-packages/airflow/example_dags/example_task_group_decorator.py for tasks to queue
[2024-03-06T22:41:27.454+0000] {logging_mixin.py:188} INFO - [2024-03-06T22:41:27.453+0000] {dagbag.py:540} INFO - Filling up the DagBag from /home/airflow/.local/lib/python3.8/site-packages/airflow/example_dags/example_task_group_decorator.py
[2024-03-06T22:41:27.483+0000] {processor.py:840} INFO - DAG(s) 'example_task_group_decorator' retrieved from /home/airflow/.local/lib/python3.8/site-packages/airflow/example_dags/example_task_group_decorator.py
[2024-03-06T22:41:27.523+0000] {logging_mixin.py:188} INFO - [2024-03-06T22:41:27.523+0000] {dag.py:3047} INFO - Sync 1 DAGs
[2024-03-06T22:41:27.556+0000] {logging_mixin.py:188} INFO - [2024-03-06T22:41:27.555+0000] {dag.py:3834} INFO - Setting next_dagrun for example_task_group_decorator to 2024-03-05 00:00:00+00:00, run_after=2024-03-06 00:00:00+00:00
[2024-03-06T22:41:27.586+0000] {processor.py:183} INFO - Processing /home/airflow/.local/lib/python3.8/site-packages/airflow/example_dags/example_task_group_decorator.py took 0.143 seconds
[2024-03-06T22:41:58.087+0000] {processor.py:161} INFO - Started process (PID=2672) to work on /home/airflow/.local/lib/python3.8/site-packages/airflow/example_dags/example_task_group_decorator.py
[2024-03-06T22:41:58.089+0000] {processor.py:830} INFO - Processing file /home/airflow/.local/lib/python3.8/site-packages/airflow/example_dags/example_task_group_decorator.py for tasks to queue
[2024-03-06T22:41:58.092+0000] {logging_mixin.py:188} INFO - [2024-03-06T22:41:58.092+0000] {dagbag.py:540} INFO - Filling up the DagBag from /home/airflow/.local/lib/python3.8/site-packages/airflow/example_dags/example_task_group_decorator.py
[2024-03-06T22:41:58.112+0000] {processor.py:840} INFO - DAG(s) 'example_task_group_decorator' retrieved from /home/airflow/.local/lib/python3.8/site-packages/airflow/example_dags/example_task_group_decorator.py
[2024-03-06T22:41:58.148+0000] {logging_mixin.py:188} INFO - [2024-03-06T22:41:58.148+0000] {dag.py:3047} INFO - Sync 1 DAGs
[2024-03-06T22:41:58.177+0000] {logging_mixin.py:188} INFO - [2024-03-06T22:41:58.176+0000] {dag.py:3834} INFO - Setting next_dagrun for example_task_group_decorator to 2024-03-05 00:00:00+00:00, run_after=2024-03-06 00:00:00+00:00
[2024-03-06T22:41:58.206+0000] {processor.py:183} INFO - Processing /home/airflow/.local/lib/python3.8/site-packages/airflow/example_dags/example_task_group_decorator.py took 0.124 seconds
[2024-03-06T22:42:28.305+0000] {processor.py:161} INFO - Started process (PID=2727) to work on /home/airflow/.local/lib/python3.8/site-packages/airflow/example_dags/example_task_group_decorator.py
[2024-03-06T22:42:28.307+0000] {processor.py:830} INFO - Processing file /home/airflow/.local/lib/python3.8/site-packages/airflow/example_dags/example_task_group_decorator.py for tasks to queue
[2024-03-06T22:42:28.311+0000] {logging_mixin.py:188} INFO - [2024-03-06T22:42:28.310+0000] {dagbag.py:540} INFO - Filling up the DagBag from /home/airflow/.local/lib/python3.8/site-packages/airflow/example_dags/example_task_group_decorator.py
[2024-03-06T22:42:28.334+0000] {processor.py:840} INFO - DAG(s) 'example_task_group_decorator' retrieved from /home/airflow/.local/lib/python3.8/site-packages/airflow/example_dags/example_task_group_decorator.py
[2024-03-06T22:42:28.368+0000] {logging_mixin.py:188} INFO - [2024-03-06T22:42:28.368+0000] {dag.py:3047} INFO - Sync 1 DAGs
[2024-03-06T22:42:28.398+0000] {logging_mixin.py:188} INFO - [2024-03-06T22:42:28.397+0000] {dag.py:3834} INFO - Setting next_dagrun for example_task_group_decorator to 2024-03-05 00:00:00+00:00, run_after=2024-03-06 00:00:00+00:00
[2024-03-06T22:42:28.424+0000] {processor.py:183} INFO - Processing /home/airflow/.local/lib/python3.8/site-packages/airflow/example_dags/example_task_group_decorator.py took 0.125 seconds
