[2024-03-06T22:17:45.108+0000] {processor.py:161} INFO - Started process (PID=67) to work on /home/airflow/.local/lib/python3.8/site-packages/airflow/example_dags/example_xcomargs.py
[2024-03-06T22:17:45.112+0000] {processor.py:830} INFO - Processing file /home/airflow/.local/lib/python3.8/site-packages/airflow/example_dags/example_xcomargs.py for tasks to queue
[2024-03-06T22:17:45.115+0000] {logging_mixin.py:188} INFO - [2024-03-06T22:17:45.115+0000] {dagbag.py:540} INFO - Filling up the DagBag from /home/airflow/.local/lib/python3.8/site-packages/airflow/example_dags/example_xcomargs.py
[2024-03-06T22:17:45.133+0000] {processor.py:840} INFO - DAG(s) 'example_xcom_args', 'example_xcom_args_with_operators' retrieved from /home/airflow/.local/lib/python3.8/site-packages/airflow/example_dags/example_xcomargs.py
[2024-03-06T22:17:45.461+0000] {logging_mixin.py:188} INFO - [2024-03-06T22:17:45.460+0000] {dag.py:3047} INFO - Sync 2 DAGs
[2024-03-06T22:17:45.486+0000] {logging_mixin.py:188} INFO - [2024-03-06T22:17:45.485+0000] {dag.py:3834} INFO - Setting next_dagrun for example_xcom_args to None, run_after=None
[2024-03-06T22:17:45.492+0000] {logging_mixin.py:188} INFO - [2024-03-06T22:17:45.492+0000] {dag.py:3834} INFO - Setting next_dagrun for example_xcom_args_with_operators to None, run_after=None
[2024-03-06T22:17:45.522+0000] {processor.py:183} INFO - Processing /home/airflow/.local/lib/python3.8/site-packages/airflow/example_dags/example_xcomargs.py took 0.420 seconds
[2024-03-06T22:18:16.288+0000] {processor.py:161} INFO - Started process (PID=122) to work on /home/airflow/.local/lib/python3.8/site-packages/airflow/example_dags/example_xcomargs.py
[2024-03-06T22:18:16.290+0000] {processor.py:830} INFO - Processing file /home/airflow/.local/lib/python3.8/site-packages/airflow/example_dags/example_xcomargs.py for tasks to queue
[2024-03-06T22:18:16.292+0000] {logging_mixin.py:188} INFO - [2024-03-06T22:18:16.292+0000] {dagbag.py:540} INFO - Filling up the DagBag from /home/airflow/.local/lib/python3.8/site-packages/airflow/example_dags/example_xcomargs.py
[2024-03-06T22:18:16.305+0000] {processor.py:840} INFO - DAG(s) 'example_xcom_args_with_operators', 'example_xcom_args' retrieved from /home/airflow/.local/lib/python3.8/site-packages/airflow/example_dags/example_xcomargs.py
[2024-03-06T22:18:16.346+0000] {logging_mixin.py:188} INFO - [2024-03-06T22:18:16.345+0000] {dag.py:3047} INFO - Sync 2 DAGs
[2024-03-06T22:18:16.371+0000] {logging_mixin.py:188} INFO - [2024-03-06T22:18:16.371+0000] {dag.py:3834} INFO - Setting next_dagrun for example_xcom_args to None, run_after=None
[2024-03-06T22:18:16.378+0000] {logging_mixin.py:188} INFO - [2024-03-06T22:18:16.378+0000] {dag.py:3834} INFO - Setting next_dagrun for example_xcom_args_with_operators to None, run_after=None
[2024-03-06T22:18:16.408+0000] {processor.py:183} INFO - Processing /home/airflow/.local/lib/python3.8/site-packages/airflow/example_dags/example_xcomargs.py took 0.126 seconds
[2024-03-06T22:18:47.077+0000] {processor.py:161} INFO - Started process (PID=177) to work on /home/airflow/.local/lib/python3.8/site-packages/airflow/example_dags/example_xcomargs.py
[2024-03-06T22:18:47.083+0000] {processor.py:830} INFO - Processing file /home/airflow/.local/lib/python3.8/site-packages/airflow/example_dags/example_xcomargs.py for tasks to queue
[2024-03-06T22:18:47.089+0000] {logging_mixin.py:188} INFO - [2024-03-06T22:18:47.089+0000] {dagbag.py:540} INFO - Filling up the DagBag from /home/airflow/.local/lib/python3.8/site-packages/airflow/example_dags/example_xcomargs.py
[2024-03-06T22:18:47.104+0000] {processor.py:840} INFO - DAG(s) 'example_xcom_args_with_operators', 'example_xcom_args' retrieved from /home/airflow/.local/lib/python3.8/site-packages/airflow/example_dags/example_xcomargs.py
[2024-03-06T22:18:47.156+0000] {logging_mixin.py:188} INFO - [2024-03-06T22:18:47.155+0000] {dag.py:3047} INFO - Sync 2 DAGs
[2024-03-06T22:18:47.183+0000] {logging_mixin.py:188} INFO - [2024-03-06T22:18:47.182+0000] {dag.py:3834} INFO - Setting next_dagrun for example_xcom_args to None, run_after=None
[2024-03-06T22:18:47.189+0000] {logging_mixin.py:188} INFO - [2024-03-06T22:18:47.189+0000] {dag.py:3834} INFO - Setting next_dagrun for example_xcom_args_with_operators to None, run_after=None
[2024-03-06T22:18:47.221+0000] {processor.py:183} INFO - Processing /home/airflow/.local/lib/python3.8/site-packages/airflow/example_dags/example_xcomargs.py took 0.150 seconds
[2024-03-06T22:19:17.310+0000] {processor.py:161} INFO - Started process (PID=232) to work on /home/airflow/.local/lib/python3.8/site-packages/airflow/example_dags/example_xcomargs.py
[2024-03-06T22:19:17.312+0000] {processor.py:830} INFO - Processing file /home/airflow/.local/lib/python3.8/site-packages/airflow/example_dags/example_xcomargs.py for tasks to queue
[2024-03-06T22:19:17.315+0000] {logging_mixin.py:188} INFO - [2024-03-06T22:19:17.315+0000] {dagbag.py:540} INFO - Filling up the DagBag from /home/airflow/.local/lib/python3.8/site-packages/airflow/example_dags/example_xcomargs.py
[2024-03-06T22:19:17.329+0000] {processor.py:840} INFO - DAG(s) 'example_xcom_args_with_operators', 'example_xcom_args' retrieved from /home/airflow/.local/lib/python3.8/site-packages/airflow/example_dags/example_xcomargs.py
[2024-03-06T22:19:17.372+0000] {logging_mixin.py:188} INFO - [2024-03-06T22:19:17.371+0000] {dag.py:3047} INFO - Sync 2 DAGs
[2024-03-06T22:19:17.396+0000] {logging_mixin.py:188} INFO - [2024-03-06T22:19:17.395+0000] {dag.py:3834} INFO - Setting next_dagrun for example_xcom_args to None, run_after=None
[2024-03-06T22:19:17.405+0000] {logging_mixin.py:188} INFO - [2024-03-06T22:19:17.405+0000] {dag.py:3834} INFO - Setting next_dagrun for example_xcom_args_with_operators to None, run_after=None
[2024-03-06T22:19:17.432+0000] {processor.py:183} INFO - Processing /home/airflow/.local/lib/python3.8/site-packages/airflow/example_dags/example_xcomargs.py took 0.128 seconds
[2024-03-06T22:19:48.178+0000] {processor.py:161} INFO - Started process (PID=287) to work on /home/airflow/.local/lib/python3.8/site-packages/airflow/example_dags/example_xcomargs.py
[2024-03-06T22:19:48.181+0000] {processor.py:830} INFO - Processing file /home/airflow/.local/lib/python3.8/site-packages/airflow/example_dags/example_xcomargs.py for tasks to queue
[2024-03-06T22:19:48.184+0000] {logging_mixin.py:188} INFO - [2024-03-06T22:19:48.184+0000] {dagbag.py:540} INFO - Filling up the DagBag from /home/airflow/.local/lib/python3.8/site-packages/airflow/example_dags/example_xcomargs.py
[2024-03-06T22:19:48.206+0000] {processor.py:840} INFO - DAG(s) 'example_xcom_args', 'example_xcom_args_with_operators' retrieved from /home/airflow/.local/lib/python3.8/site-packages/airflow/example_dags/example_xcomargs.py
[2024-03-06T22:19:48.251+0000] {logging_mixin.py:188} INFO - [2024-03-06T22:19:48.251+0000] {dag.py:3047} INFO - Sync 2 DAGs
[2024-03-06T22:19:48.277+0000] {logging_mixin.py:188} INFO - [2024-03-06T22:19:48.277+0000] {dag.py:3834} INFO - Setting next_dagrun for example_xcom_args to None, run_after=None
[2024-03-06T22:19:48.282+0000] {logging_mixin.py:188} INFO - [2024-03-06T22:19:48.282+0000] {dag.py:3834} INFO - Setting next_dagrun for example_xcom_args_with_operators to None, run_after=None
[2024-03-06T22:19:48.310+0000] {processor.py:183} INFO - Processing /home/airflow/.local/lib/python3.8/site-packages/airflow/example_dags/example_xcomargs.py took 0.138 seconds
[2024-03-06T22:20:18.450+0000] {processor.py:161} INFO - Started process (PID=342) to work on /home/airflow/.local/lib/python3.8/site-packages/airflow/example_dags/example_xcomargs.py
[2024-03-06T22:20:18.454+0000] {processor.py:830} INFO - Processing file /home/airflow/.local/lib/python3.8/site-packages/airflow/example_dags/example_xcomargs.py for tasks to queue
[2024-03-06T22:20:18.457+0000] {logging_mixin.py:188} INFO - [2024-03-06T22:20:18.457+0000] {dagbag.py:540} INFO - Filling up the DagBag from /home/airflow/.local/lib/python3.8/site-packages/airflow/example_dags/example_xcomargs.py
[2024-03-06T22:20:18.473+0000] {processor.py:840} INFO - DAG(s) 'example_xcom_args_with_operators', 'example_xcom_args' retrieved from /home/airflow/.local/lib/python3.8/site-packages/airflow/example_dags/example_xcomargs.py
[2024-03-06T22:20:18.574+0000] {logging_mixin.py:188} INFO - [2024-03-06T22:20:18.574+0000] {dag.py:3047} INFO - Sync 2 DAGs
[2024-03-06T22:20:18.604+0000] {logging_mixin.py:188} INFO - [2024-03-06T22:20:18.603+0000] {dag.py:3834} INFO - Setting next_dagrun for example_xcom_args to None, run_after=None
[2024-03-06T22:20:18.617+0000] {logging_mixin.py:188} INFO - [2024-03-06T22:20:18.617+0000] {dag.py:3834} INFO - Setting next_dagrun for example_xcom_args_with_operators to None, run_after=None
[2024-03-06T22:20:18.644+0000] {processor.py:183} INFO - Processing /home/airflow/.local/lib/python3.8/site-packages/airflow/example_dags/example_xcomargs.py took 0.198 seconds
[2024-03-06T22:20:48.814+0000] {processor.py:161} INFO - Started process (PID=397) to work on /home/airflow/.local/lib/python3.8/site-packages/airflow/example_dags/example_xcomargs.py
[2024-03-06T22:20:48.815+0000] {processor.py:830} INFO - Processing file /home/airflow/.local/lib/python3.8/site-packages/airflow/example_dags/example_xcomargs.py for tasks to queue
[2024-03-06T22:20:48.818+0000] {logging_mixin.py:188} INFO - [2024-03-06T22:20:48.818+0000] {dagbag.py:540} INFO - Filling up the DagBag from /home/airflow/.local/lib/python3.8/site-packages/airflow/example_dags/example_xcomargs.py
[2024-03-06T22:20:48.829+0000] {processor.py:840} INFO - DAG(s) 'example_xcom_args', 'example_xcom_args_with_operators' retrieved from /home/airflow/.local/lib/python3.8/site-packages/airflow/example_dags/example_xcomargs.py
[2024-03-06T22:20:48.862+0000] {logging_mixin.py:188} INFO - [2024-03-06T22:20:48.862+0000] {dag.py:3047} INFO - Sync 2 DAGs
[2024-03-06T22:20:48.888+0000] {logging_mixin.py:188} INFO - [2024-03-06T22:20:48.887+0000] {dag.py:3834} INFO - Setting next_dagrun for example_xcom_args to None, run_after=None
[2024-03-06T22:20:48.904+0000] {logging_mixin.py:188} INFO - [2024-03-06T22:20:48.904+0000] {dag.py:3834} INFO - Setting next_dagrun for example_xcom_args_with_operators to None, run_after=None
[2024-03-06T22:20:48.933+0000] {processor.py:183} INFO - Processing /home/airflow/.local/lib/python3.8/site-packages/airflow/example_dags/example_xcomargs.py took 0.124 seconds
[2024-03-06T22:21:19.277+0000] {processor.py:161} INFO - Started process (PID=452) to work on /home/airflow/.local/lib/python3.8/site-packages/airflow/example_dags/example_xcomargs.py
[2024-03-06T22:21:19.279+0000] {processor.py:830} INFO - Processing file /home/airflow/.local/lib/python3.8/site-packages/airflow/example_dags/example_xcomargs.py for tasks to queue
[2024-03-06T22:21:19.282+0000] {logging_mixin.py:188} INFO - [2024-03-06T22:21:19.282+0000] {dagbag.py:540} INFO - Filling up the DagBag from /home/airflow/.local/lib/python3.8/site-packages/airflow/example_dags/example_xcomargs.py
[2024-03-06T22:21:19.297+0000] {processor.py:840} INFO - DAG(s) 'example_xcom_args', 'example_xcom_args_with_operators' retrieved from /home/airflow/.local/lib/python3.8/site-packages/airflow/example_dags/example_xcomargs.py
[2024-03-06T22:21:19.340+0000] {logging_mixin.py:188} INFO - [2024-03-06T22:21:19.340+0000] {dag.py:3047} INFO - Sync 2 DAGs
[2024-03-06T22:21:19.364+0000] {logging_mixin.py:188} INFO - [2024-03-06T22:21:19.363+0000] {dag.py:3834} INFO - Setting next_dagrun for example_xcom_args to None, run_after=None
[2024-03-06T22:21:19.370+0000] {logging_mixin.py:188} INFO - [2024-03-06T22:21:19.370+0000] {dag.py:3834} INFO - Setting next_dagrun for example_xcom_args_with_operators to None, run_after=None
[2024-03-06T22:21:19.512+0000] {processor.py:183} INFO - Processing /home/airflow/.local/lib/python3.8/site-packages/airflow/example_dags/example_xcomargs.py took 0.239 seconds
[2024-03-06T22:21:50.311+0000] {processor.py:161} INFO - Started process (PID=507) to work on /home/airflow/.local/lib/python3.8/site-packages/airflow/example_dags/example_xcomargs.py
[2024-03-06T22:21:50.312+0000] {processor.py:830} INFO - Processing file /home/airflow/.local/lib/python3.8/site-packages/airflow/example_dags/example_xcomargs.py for tasks to queue
[2024-03-06T22:21:50.315+0000] {logging_mixin.py:188} INFO - [2024-03-06T22:21:50.315+0000] {dagbag.py:540} INFO - Filling up the DagBag from /home/airflow/.local/lib/python3.8/site-packages/airflow/example_dags/example_xcomargs.py
[2024-03-06T22:21:50.327+0000] {processor.py:840} INFO - DAG(s) 'example_xcom_args_with_operators', 'example_xcom_args' retrieved from /home/airflow/.local/lib/python3.8/site-packages/airflow/example_dags/example_xcomargs.py
[2024-03-06T22:21:50.360+0000] {logging_mixin.py:188} INFO - [2024-03-06T22:21:50.360+0000] {dag.py:3047} INFO - Sync 2 DAGs
[2024-03-06T22:21:50.377+0000] {logging_mixin.py:188} INFO - [2024-03-06T22:21:50.376+0000] {dag.py:3834} INFO - Setting next_dagrun for example_xcom_args to None, run_after=None
[2024-03-06T22:21:50.381+0000] {logging_mixin.py:188} INFO - [2024-03-06T22:21:50.381+0000] {dag.py:3834} INFO - Setting next_dagrun for example_xcom_args_with_operators to None, run_after=None
[2024-03-06T22:21:50.403+0000] {processor.py:183} INFO - Processing /home/airflow/.local/lib/python3.8/site-packages/airflow/example_dags/example_xcomargs.py took 0.098 seconds
[2024-03-06T22:22:20.618+0000] {processor.py:161} INFO - Started process (PID=561) to work on /home/airflow/.local/lib/python3.8/site-packages/airflow/example_dags/example_xcomargs.py
[2024-03-06T22:22:20.620+0000] {processor.py:830} INFO - Processing file /home/airflow/.local/lib/python3.8/site-packages/airflow/example_dags/example_xcomargs.py for tasks to queue
[2024-03-06T22:22:20.623+0000] {logging_mixin.py:188} INFO - [2024-03-06T22:22:20.622+0000] {dagbag.py:540} INFO - Filling up the DagBag from /home/airflow/.local/lib/python3.8/site-packages/airflow/example_dags/example_xcomargs.py
[2024-03-06T22:22:20.634+0000] {processor.py:840} INFO - DAG(s) 'example_xcom_args', 'example_xcom_args_with_operators' retrieved from /home/airflow/.local/lib/python3.8/site-packages/airflow/example_dags/example_xcomargs.py
[2024-03-06T22:22:20.673+0000] {logging_mixin.py:188} INFO - [2024-03-06T22:22:20.673+0000] {dag.py:3047} INFO - Sync 2 DAGs
[2024-03-06T22:22:20.694+0000] {logging_mixin.py:188} INFO - [2024-03-06T22:22:20.693+0000] {dag.py:3834} INFO - Setting next_dagrun for example_xcom_args to None, run_after=None
[2024-03-06T22:22:20.700+0000] {logging_mixin.py:188} INFO - [2024-03-06T22:22:20.700+0000] {dag.py:3834} INFO - Setting next_dagrun for example_xcom_args_with_operators to None, run_after=None
[2024-03-06T22:22:20.730+0000] {processor.py:183} INFO - Processing /home/airflow/.local/lib/python3.8/site-packages/airflow/example_dags/example_xcomargs.py took 0.117 seconds
[2024-03-06T22:22:51.355+0000] {processor.py:161} INFO - Started process (PID=616) to work on /home/airflow/.local/lib/python3.8/site-packages/airflow/example_dags/example_xcomargs.py
[2024-03-06T22:22:51.358+0000] {processor.py:830} INFO - Processing file /home/airflow/.local/lib/python3.8/site-packages/airflow/example_dags/example_xcomargs.py for tasks to queue
[2024-03-06T22:22:51.360+0000] {logging_mixin.py:188} INFO - [2024-03-06T22:22:51.360+0000] {dagbag.py:540} INFO - Filling up the DagBag from /home/airflow/.local/lib/python3.8/site-packages/airflow/example_dags/example_xcomargs.py
[2024-03-06T22:22:51.375+0000] {processor.py:840} INFO - DAG(s) 'example_xcom_args_with_operators', 'example_xcom_args' retrieved from /home/airflow/.local/lib/python3.8/site-packages/airflow/example_dags/example_xcomargs.py
[2024-03-06T22:22:51.411+0000] {logging_mixin.py:188} INFO - [2024-03-06T22:22:51.410+0000] {dag.py:3047} INFO - Sync 2 DAGs
[2024-03-06T22:22:51.429+0000] {logging_mixin.py:188} INFO - [2024-03-06T22:22:51.429+0000] {dag.py:3834} INFO - Setting next_dagrun for example_xcom_args to None, run_after=None
[2024-03-06T22:22:51.436+0000] {logging_mixin.py:188} INFO - [2024-03-06T22:22:51.435+0000] {dag.py:3834} INFO - Setting next_dagrun for example_xcom_args_with_operators to None, run_after=None
[2024-03-06T22:22:51.458+0000] {processor.py:183} INFO - Processing /home/airflow/.local/lib/python3.8/site-packages/airflow/example_dags/example_xcomargs.py took 0.108 seconds
[2024-03-06T22:23:21.730+0000] {processor.py:161} INFO - Started process (PID=671) to work on /home/airflow/.local/lib/python3.8/site-packages/airflow/example_dags/example_xcomargs.py
[2024-03-06T22:23:21.732+0000] {processor.py:830} INFO - Processing file /home/airflow/.local/lib/python3.8/site-packages/airflow/example_dags/example_xcomargs.py for tasks to queue
[2024-03-06T22:23:21.736+0000] {logging_mixin.py:188} INFO - [2024-03-06T22:23:21.735+0000] {dagbag.py:540} INFO - Filling up the DagBag from /home/airflow/.local/lib/python3.8/site-packages/airflow/example_dags/example_xcomargs.py
[2024-03-06T22:23:21.748+0000] {processor.py:840} INFO - DAG(s) 'example_xcom_args', 'example_xcom_args_with_operators' retrieved from /home/airflow/.local/lib/python3.8/site-packages/airflow/example_dags/example_xcomargs.py
[2024-03-06T22:23:21.789+0000] {logging_mixin.py:188} INFO - [2024-03-06T22:23:21.788+0000] {dag.py:3047} INFO - Sync 2 DAGs
[2024-03-06T22:23:21.808+0000] {logging_mixin.py:188} INFO - [2024-03-06T22:23:21.808+0000] {dag.py:3834} INFO - Setting next_dagrun for example_xcom_args to None, run_after=None
[2024-03-06T22:23:21.815+0000] {logging_mixin.py:188} INFO - [2024-03-06T22:23:21.815+0000] {dag.py:3834} INFO - Setting next_dagrun for example_xcom_args_with_operators to None, run_after=None
[2024-03-06T22:23:21.845+0000] {processor.py:183} INFO - Processing /home/airflow/.local/lib/python3.8/site-packages/airflow/example_dags/example_xcomargs.py took 0.119 seconds
[2024-03-06T22:23:52.459+0000] {processor.py:161} INFO - Started process (PID=725) to work on /home/airflow/.local/lib/python3.8/site-packages/airflow/example_dags/example_xcomargs.py
[2024-03-06T22:23:52.461+0000] {processor.py:830} INFO - Processing file /home/airflow/.local/lib/python3.8/site-packages/airflow/example_dags/example_xcomargs.py for tasks to queue
[2024-03-06T22:23:52.465+0000] {logging_mixin.py:188} INFO - [2024-03-06T22:23:52.465+0000] {dagbag.py:540} INFO - Filling up the DagBag from /home/airflow/.local/lib/python3.8/site-packages/airflow/example_dags/example_xcomargs.py
[2024-03-06T22:23:52.479+0000] {processor.py:840} INFO - DAG(s) 'example_xcom_args_with_operators', 'example_xcom_args' retrieved from /home/airflow/.local/lib/python3.8/site-packages/airflow/example_dags/example_xcomargs.py
[2024-03-06T22:23:52.525+0000] {logging_mixin.py:188} INFO - [2024-03-06T22:23:52.524+0000] {dag.py:3047} INFO - Sync 2 DAGs
[2024-03-06T22:23:52.565+0000] {logging_mixin.py:188} INFO - [2024-03-06T22:23:52.564+0000] {dag.py:3834} INFO - Setting next_dagrun for example_xcom_args to None, run_after=None
[2024-03-06T22:23:52.573+0000] {logging_mixin.py:188} INFO - [2024-03-06T22:23:52.573+0000] {dag.py:3834} INFO - Setting next_dagrun for example_xcom_args_with_operators to None, run_after=None
[2024-03-06T22:23:52.663+0000] {processor.py:183} INFO - Processing /home/airflow/.local/lib/python3.8/site-packages/airflow/example_dags/example_xcomargs.py took 0.209 seconds
[2024-03-06T22:24:23.369+0000] {processor.py:161} INFO - Started process (PID=780) to work on /home/airflow/.local/lib/python3.8/site-packages/airflow/example_dags/example_xcomargs.py
[2024-03-06T22:24:23.370+0000] {processor.py:830} INFO - Processing file /home/airflow/.local/lib/python3.8/site-packages/airflow/example_dags/example_xcomargs.py for tasks to queue
[2024-03-06T22:24:23.373+0000] {logging_mixin.py:188} INFO - [2024-03-06T22:24:23.373+0000] {dagbag.py:540} INFO - Filling up the DagBag from /home/airflow/.local/lib/python3.8/site-packages/airflow/example_dags/example_xcomargs.py
[2024-03-06T22:24:23.385+0000] {processor.py:840} INFO - DAG(s) 'example_xcom_args_with_operators', 'example_xcom_args' retrieved from /home/airflow/.local/lib/python3.8/site-packages/airflow/example_dags/example_xcomargs.py
[2024-03-06T22:24:23.423+0000] {logging_mixin.py:188} INFO - [2024-03-06T22:24:23.423+0000] {dag.py:3047} INFO - Sync 2 DAGs
[2024-03-06T22:24:23.444+0000] {logging_mixin.py:188} INFO - [2024-03-06T22:24:23.444+0000] {dag.py:3834} INFO - Setting next_dagrun for example_xcom_args to None, run_after=None
[2024-03-06T22:24:23.450+0000] {logging_mixin.py:188} INFO - [2024-03-06T22:24:23.450+0000] {dag.py:3834} INFO - Setting next_dagrun for example_xcom_args_with_operators to None, run_after=None
[2024-03-06T22:24:23.481+0000] {processor.py:183} INFO - Processing /home/airflow/.local/lib/python3.8/site-packages/airflow/example_dags/example_xcomargs.py took 0.117 seconds
[2024-03-06T22:24:53.652+0000] {processor.py:161} INFO - Started process (PID=835) to work on /home/airflow/.local/lib/python3.8/site-packages/airflow/example_dags/example_xcomargs.py
[2024-03-06T22:24:53.654+0000] {processor.py:830} INFO - Processing file /home/airflow/.local/lib/python3.8/site-packages/airflow/example_dags/example_xcomargs.py for tasks to queue
[2024-03-06T22:24:53.658+0000] {logging_mixin.py:188} INFO - [2024-03-06T22:24:53.657+0000] {dagbag.py:540} INFO - Filling up the DagBag from /home/airflow/.local/lib/python3.8/site-packages/airflow/example_dags/example_xcomargs.py
[2024-03-06T22:24:53.673+0000] {processor.py:840} INFO - DAG(s) 'example_xcom_args_with_operators', 'example_xcom_args' retrieved from /home/airflow/.local/lib/python3.8/site-packages/airflow/example_dags/example_xcomargs.py
[2024-03-06T22:24:53.718+0000] {logging_mixin.py:188} INFO - [2024-03-06T22:24:53.717+0000] {dag.py:3047} INFO - Sync 2 DAGs
[2024-03-06T22:24:53.739+0000] {logging_mixin.py:188} INFO - [2024-03-06T22:24:53.738+0000] {dag.py:3834} INFO - Setting next_dagrun for example_xcom_args to None, run_after=None
[2024-03-06T22:24:53.746+0000] {logging_mixin.py:188} INFO - [2024-03-06T22:24:53.746+0000] {dag.py:3834} INFO - Setting next_dagrun for example_xcom_args_with_operators to None, run_after=None
[2024-03-06T22:24:53.775+0000] {processor.py:183} INFO - Processing /home/airflow/.local/lib/python3.8/site-packages/airflow/example_dags/example_xcomargs.py took 0.128 seconds
[2024-03-06T22:25:23.856+0000] {processor.py:161} INFO - Started process (PID=890) to work on /home/airflow/.local/lib/python3.8/site-packages/airflow/example_dags/example_xcomargs.py
[2024-03-06T22:25:23.857+0000] {processor.py:830} INFO - Processing file /home/airflow/.local/lib/python3.8/site-packages/airflow/example_dags/example_xcomargs.py for tasks to queue
[2024-03-06T22:25:23.861+0000] {logging_mixin.py:188} INFO - [2024-03-06T22:25:23.861+0000] {dagbag.py:540} INFO - Filling up the DagBag from /home/airflow/.local/lib/python3.8/site-packages/airflow/example_dags/example_xcomargs.py
[2024-03-06T22:25:23.875+0000] {processor.py:840} INFO - DAG(s) 'example_xcom_args_with_operators', 'example_xcom_args' retrieved from /home/airflow/.local/lib/python3.8/site-packages/airflow/example_dags/example_xcomargs.py
[2024-03-06T22:25:23.911+0000] {logging_mixin.py:188} INFO - [2024-03-06T22:25:23.911+0000] {dag.py:3047} INFO - Sync 2 DAGs
[2024-03-06T22:25:23.930+0000] {logging_mixin.py:188} INFO - [2024-03-06T22:25:23.929+0000] {dag.py:3834} INFO - Setting next_dagrun for example_xcom_args to None, run_after=None
[2024-03-06T22:25:23.936+0000] {logging_mixin.py:188} INFO - [2024-03-06T22:25:23.936+0000] {dag.py:3834} INFO - Setting next_dagrun for example_xcom_args_with_operators to None, run_after=None
[2024-03-06T22:25:23.964+0000] {processor.py:183} INFO - Processing /home/airflow/.local/lib/python3.8/site-packages/airflow/example_dags/example_xcomargs.py took 0.117 seconds
[2024-03-06T22:25:54.296+0000] {processor.py:161} INFO - Started process (PID=944) to work on /home/airflow/.local/lib/python3.8/site-packages/airflow/example_dags/example_xcomargs.py
[2024-03-06T22:25:54.297+0000] {processor.py:830} INFO - Processing file /home/airflow/.local/lib/python3.8/site-packages/airflow/example_dags/example_xcomargs.py for tasks to queue
[2024-03-06T22:25:54.306+0000] {logging_mixin.py:188} INFO - [2024-03-06T22:25:54.305+0000] {dagbag.py:540} INFO - Filling up the DagBag from /home/airflow/.local/lib/python3.8/site-packages/airflow/example_dags/example_xcomargs.py
[2024-03-06T22:25:54.321+0000] {processor.py:840} INFO - DAG(s) 'example_xcom_args', 'example_xcom_args_with_operators' retrieved from /home/airflow/.local/lib/python3.8/site-packages/airflow/example_dags/example_xcomargs.py
[2024-03-06T22:25:54.354+0000] {logging_mixin.py:188} INFO - [2024-03-06T22:25:54.354+0000] {dag.py:3047} INFO - Sync 2 DAGs
[2024-03-06T22:25:54.375+0000] {logging_mixin.py:188} INFO - [2024-03-06T22:25:54.375+0000] {dag.py:3834} INFO - Setting next_dagrun for example_xcom_args to None, run_after=None
[2024-03-06T22:25:54.381+0000] {logging_mixin.py:188} INFO - [2024-03-06T22:25:54.381+0000] {dag.py:3834} INFO - Setting next_dagrun for example_xcom_args_with_operators to None, run_after=None
[2024-03-06T22:25:54.406+0000] {processor.py:183} INFO - Processing /home/airflow/.local/lib/python3.8/site-packages/airflow/example_dags/example_xcomargs.py took 0.115 seconds
[2024-03-06T22:26:24.774+0000] {processor.py:161} INFO - Started process (PID=999) to work on /home/airflow/.local/lib/python3.8/site-packages/airflow/example_dags/example_xcomargs.py
[2024-03-06T22:26:24.777+0000] {processor.py:830} INFO - Processing file /home/airflow/.local/lib/python3.8/site-packages/airflow/example_dags/example_xcomargs.py for tasks to queue
[2024-03-06T22:26:24.780+0000] {logging_mixin.py:188} INFO - [2024-03-06T22:26:24.779+0000] {dagbag.py:540} INFO - Filling up the DagBag from /home/airflow/.local/lib/python3.8/site-packages/airflow/example_dags/example_xcomargs.py
[2024-03-06T22:26:24.794+0000] {processor.py:840} INFO - DAG(s) 'example_xcom_args_with_operators', 'example_xcom_args' retrieved from /home/airflow/.local/lib/python3.8/site-packages/airflow/example_dags/example_xcomargs.py
[2024-03-06T22:26:24.830+0000] {logging_mixin.py:188} INFO - [2024-03-06T22:26:24.830+0000] {dag.py:3047} INFO - Sync 2 DAGs
[2024-03-06T22:26:24.854+0000] {logging_mixin.py:188} INFO - [2024-03-06T22:26:24.853+0000] {dag.py:3834} INFO - Setting next_dagrun for example_xcom_args to None, run_after=None
[2024-03-06T22:26:24.862+0000] {logging_mixin.py:188} INFO - [2024-03-06T22:26:24.860+0000] {dag.py:3834} INFO - Setting next_dagrun for example_xcom_args_with_operators to None, run_after=None
[2024-03-06T22:26:24.903+0000] {processor.py:183} INFO - Processing /home/airflow/.local/lib/python3.8/site-packages/airflow/example_dags/example_xcomargs.py took 0.133 seconds
[2024-03-06T22:26:55.106+0000] {processor.py:161} INFO - Started process (PID=1054) to work on /home/airflow/.local/lib/python3.8/site-packages/airflow/example_dags/example_xcomargs.py
[2024-03-06T22:26:55.107+0000] {processor.py:830} INFO - Processing file /home/airflow/.local/lib/python3.8/site-packages/airflow/example_dags/example_xcomargs.py for tasks to queue
[2024-03-06T22:26:55.110+0000] {logging_mixin.py:188} INFO - [2024-03-06T22:26:55.110+0000] {dagbag.py:540} INFO - Filling up the DagBag from /home/airflow/.local/lib/python3.8/site-packages/airflow/example_dags/example_xcomargs.py
[2024-03-06T22:26:55.122+0000] {processor.py:840} INFO - DAG(s) 'example_xcom_args_with_operators', 'example_xcom_args' retrieved from /home/airflow/.local/lib/python3.8/site-packages/airflow/example_dags/example_xcomargs.py
[2024-03-06T22:26:55.157+0000] {logging_mixin.py:188} INFO - [2024-03-06T22:26:55.156+0000] {dag.py:3047} INFO - Sync 2 DAGs
[2024-03-06T22:26:55.173+0000] {logging_mixin.py:188} INFO - [2024-03-06T22:26:55.173+0000] {dag.py:3834} INFO - Setting next_dagrun for example_xcom_args to None, run_after=None
[2024-03-06T22:26:55.178+0000] {logging_mixin.py:188} INFO - [2024-03-06T22:26:55.177+0000] {dag.py:3834} INFO - Setting next_dagrun for example_xcom_args_with_operators to None, run_after=None
[2024-03-06T22:26:55.201+0000] {processor.py:183} INFO - Processing /home/airflow/.local/lib/python3.8/site-packages/airflow/example_dags/example_xcomargs.py took 0.099 seconds
[2024-03-06T22:27:25.447+0000] {processor.py:161} INFO - Started process (PID=1109) to work on /home/airflow/.local/lib/python3.8/site-packages/airflow/example_dags/example_xcomargs.py
[2024-03-06T22:27:25.449+0000] {processor.py:830} INFO - Processing file /home/airflow/.local/lib/python3.8/site-packages/airflow/example_dags/example_xcomargs.py for tasks to queue
[2024-03-06T22:27:25.452+0000] {logging_mixin.py:188} INFO - [2024-03-06T22:27:25.451+0000] {dagbag.py:540} INFO - Filling up the DagBag from /home/airflow/.local/lib/python3.8/site-packages/airflow/example_dags/example_xcomargs.py
[2024-03-06T22:27:25.465+0000] {processor.py:840} INFO - DAG(s) 'example_xcom_args', 'example_xcom_args_with_operators' retrieved from /home/airflow/.local/lib/python3.8/site-packages/airflow/example_dags/example_xcomargs.py
[2024-03-06T22:27:25.500+0000] {logging_mixin.py:188} INFO - [2024-03-06T22:27:25.500+0000] {dag.py:3047} INFO - Sync 2 DAGs
[2024-03-06T22:27:25.520+0000] {logging_mixin.py:188} INFO - [2024-03-06T22:27:25.519+0000] {dag.py:3834} INFO - Setting next_dagrun for example_xcom_args to None, run_after=None
[2024-03-06T22:27:25.524+0000] {logging_mixin.py:188} INFO - [2024-03-06T22:27:25.524+0000] {dag.py:3834} INFO - Setting next_dagrun for example_xcom_args_with_operators to None, run_after=None
[2024-03-06T22:27:25.552+0000] {processor.py:183} INFO - Processing /home/airflow/.local/lib/python3.8/site-packages/airflow/example_dags/example_xcomargs.py took 0.111 seconds
[2024-03-06T22:27:55.739+0000] {processor.py:161} INFO - Started process (PID=1164) to work on /home/airflow/.local/lib/python3.8/site-packages/airflow/example_dags/example_xcomargs.py
[2024-03-06T22:27:55.741+0000] {processor.py:830} INFO - Processing file /home/airflow/.local/lib/python3.8/site-packages/airflow/example_dags/example_xcomargs.py for tasks to queue
[2024-03-06T22:27:55.743+0000] {logging_mixin.py:188} INFO - [2024-03-06T22:27:55.743+0000] {dagbag.py:540} INFO - Filling up the DagBag from /home/airflow/.local/lib/python3.8/site-packages/airflow/example_dags/example_xcomargs.py
[2024-03-06T22:27:55.754+0000] {processor.py:840} INFO - DAG(s) 'example_xcom_args', 'example_xcom_args_with_operators' retrieved from /home/airflow/.local/lib/python3.8/site-packages/airflow/example_dags/example_xcomargs.py
[2024-03-06T22:27:55.784+0000] {logging_mixin.py:188} INFO - [2024-03-06T22:27:55.784+0000] {dag.py:3047} INFO - Sync 2 DAGs
[2024-03-06T22:27:55.800+0000] {logging_mixin.py:188} INFO - [2024-03-06T22:27:55.800+0000] {dag.py:3834} INFO - Setting next_dagrun for example_xcom_args to None, run_after=None
[2024-03-06T22:27:55.805+0000] {logging_mixin.py:188} INFO - [2024-03-06T22:27:55.805+0000] {dag.py:3834} INFO - Setting next_dagrun for example_xcom_args_with_operators to None, run_after=None
[2024-03-06T22:27:55.827+0000] {processor.py:183} INFO - Processing /home/airflow/.local/lib/python3.8/site-packages/airflow/example_dags/example_xcomargs.py took 0.092 seconds
[2024-03-06T22:28:25.889+0000] {processor.py:161} INFO - Started process (PID=1219) to work on /home/airflow/.local/lib/python3.8/site-packages/airflow/example_dags/example_xcomargs.py
[2024-03-06T22:28:25.892+0000] {processor.py:830} INFO - Processing file /home/airflow/.local/lib/python3.8/site-packages/airflow/example_dags/example_xcomargs.py for tasks to queue
[2024-03-06T22:28:25.896+0000] {logging_mixin.py:188} INFO - [2024-03-06T22:28:25.896+0000] {dagbag.py:540} INFO - Filling up the DagBag from /home/airflow/.local/lib/python3.8/site-packages/airflow/example_dags/example_xcomargs.py
[2024-03-06T22:28:25.908+0000] {processor.py:840} INFO - DAG(s) 'example_xcom_args', 'example_xcom_args_with_operators' retrieved from /home/airflow/.local/lib/python3.8/site-packages/airflow/example_dags/example_xcomargs.py
[2024-03-06T22:28:25.947+0000] {logging_mixin.py:188} INFO - [2024-03-06T22:28:25.947+0000] {dag.py:3047} INFO - Sync 2 DAGs
[2024-03-06T22:28:25.970+0000] {logging_mixin.py:188} INFO - [2024-03-06T22:28:25.969+0000] {dag.py:3834} INFO - Setting next_dagrun for example_xcom_args to None, run_after=None
[2024-03-06T22:28:25.975+0000] {logging_mixin.py:188} INFO - [2024-03-06T22:28:25.974+0000] {dag.py:3834} INFO - Setting next_dagrun for example_xcom_args_with_operators to None, run_after=None
[2024-03-06T22:28:25.998+0000] {processor.py:183} INFO - Processing /home/airflow/.local/lib/python3.8/site-packages/airflow/example_dags/example_xcomargs.py took 0.115 seconds
[2024-03-06T22:28:56.257+0000] {processor.py:161} INFO - Started process (PID=1274) to work on /home/airflow/.local/lib/python3.8/site-packages/airflow/example_dags/example_xcomargs.py
[2024-03-06T22:28:56.259+0000] {processor.py:830} INFO - Processing file /home/airflow/.local/lib/python3.8/site-packages/airflow/example_dags/example_xcomargs.py for tasks to queue
[2024-03-06T22:28:56.262+0000] {logging_mixin.py:188} INFO - [2024-03-06T22:28:56.261+0000] {dagbag.py:540} INFO - Filling up the DagBag from /home/airflow/.local/lib/python3.8/site-packages/airflow/example_dags/example_xcomargs.py
[2024-03-06T22:28:56.274+0000] {processor.py:840} INFO - DAG(s) 'example_xcom_args_with_operators', 'example_xcom_args' retrieved from /home/airflow/.local/lib/python3.8/site-packages/airflow/example_dags/example_xcomargs.py
[2024-03-06T22:28:56.306+0000] {logging_mixin.py:188} INFO - [2024-03-06T22:28:56.306+0000] {dag.py:3047} INFO - Sync 2 DAGs
[2024-03-06T22:28:56.321+0000] {logging_mixin.py:188} INFO - [2024-03-06T22:28:56.321+0000] {dag.py:3834} INFO - Setting next_dagrun for example_xcom_args to None, run_after=None
[2024-03-06T22:28:56.327+0000] {logging_mixin.py:188} INFO - [2024-03-06T22:28:56.327+0000] {dag.py:3834} INFO - Setting next_dagrun for example_xcom_args_with_operators to None, run_after=None
[2024-03-06T22:28:56.356+0000] {processor.py:183} INFO - Processing /home/airflow/.local/lib/python3.8/site-packages/airflow/example_dags/example_xcomargs.py took 0.104 seconds
[2024-03-06T22:29:27.231+0000] {processor.py:161} INFO - Started process (PID=1329) to work on /home/airflow/.local/lib/python3.8/site-packages/airflow/example_dags/example_xcomargs.py
[2024-03-06T22:29:27.233+0000] {processor.py:830} INFO - Processing file /home/airflow/.local/lib/python3.8/site-packages/airflow/example_dags/example_xcomargs.py for tasks to queue
[2024-03-06T22:29:27.236+0000] {logging_mixin.py:188} INFO - [2024-03-06T22:29:27.236+0000] {dagbag.py:540} INFO - Filling up the DagBag from /home/airflow/.local/lib/python3.8/site-packages/airflow/example_dags/example_xcomargs.py
[2024-03-06T22:29:27.247+0000] {processor.py:840} INFO - DAG(s) 'example_xcom_args', 'example_xcom_args_with_operators' retrieved from /home/airflow/.local/lib/python3.8/site-packages/airflow/example_dags/example_xcomargs.py
[2024-03-06T22:29:27.278+0000] {logging_mixin.py:188} INFO - [2024-03-06T22:29:27.278+0000] {dag.py:3047} INFO - Sync 2 DAGs
[2024-03-06T22:29:27.294+0000] {logging_mixin.py:188} INFO - [2024-03-06T22:29:27.293+0000] {dag.py:3834} INFO - Setting next_dagrun for example_xcom_args to None, run_after=None
[2024-03-06T22:29:27.298+0000] {logging_mixin.py:188} INFO - [2024-03-06T22:29:27.298+0000] {dag.py:3834} INFO - Setting next_dagrun for example_xcom_args_with_operators to None, run_after=None
[2024-03-06T22:29:27.320+0000] {processor.py:183} INFO - Processing /home/airflow/.local/lib/python3.8/site-packages/airflow/example_dags/example_xcomargs.py took 0.092 seconds
[2024-03-06T22:29:57.713+0000] {processor.py:161} INFO - Started process (PID=1384) to work on /home/airflow/.local/lib/python3.8/site-packages/airflow/example_dags/example_xcomargs.py
[2024-03-06T22:29:57.717+0000] {processor.py:830} INFO - Processing file /home/airflow/.local/lib/python3.8/site-packages/airflow/example_dags/example_xcomargs.py for tasks to queue
[2024-03-06T22:29:57.721+0000] {logging_mixin.py:188} INFO - [2024-03-06T22:29:57.720+0000] {dagbag.py:540} INFO - Filling up the DagBag from /home/airflow/.local/lib/python3.8/site-packages/airflow/example_dags/example_xcomargs.py
[2024-03-06T22:29:57.743+0000] {processor.py:840} INFO - DAG(s) 'example_xcom_args', 'example_xcom_args_with_operators' retrieved from /home/airflow/.local/lib/python3.8/site-packages/airflow/example_dags/example_xcomargs.py
[2024-03-06T22:29:57.791+0000] {logging_mixin.py:188} INFO - [2024-03-06T22:29:57.790+0000] {dag.py:3047} INFO - Sync 2 DAGs
[2024-03-06T22:29:57.815+0000] {logging_mixin.py:188} INFO - [2024-03-06T22:29:57.815+0000] {dag.py:3834} INFO - Setting next_dagrun for example_xcom_args to None, run_after=None
[2024-03-06T22:29:57.823+0000] {logging_mixin.py:188} INFO - [2024-03-06T22:29:57.823+0000] {dag.py:3834} INFO - Setting next_dagrun for example_xcom_args_with_operators to None, run_after=None
[2024-03-06T22:29:57.863+0000] {processor.py:183} INFO - Processing /home/airflow/.local/lib/python3.8/site-packages/airflow/example_dags/example_xcomargs.py took 0.159 seconds
[2024-03-06T22:30:28.721+0000] {processor.py:161} INFO - Started process (PID=1438) to work on /home/airflow/.local/lib/python3.8/site-packages/airflow/example_dags/example_xcomargs.py
[2024-03-06T22:30:28.723+0000] {processor.py:830} INFO - Processing file /home/airflow/.local/lib/python3.8/site-packages/airflow/example_dags/example_xcomargs.py for tasks to queue
[2024-03-06T22:30:28.727+0000] {logging_mixin.py:188} INFO - [2024-03-06T22:30:28.726+0000] {dagbag.py:540} INFO - Filling up the DagBag from /home/airflow/.local/lib/python3.8/site-packages/airflow/example_dags/example_xcomargs.py
[2024-03-06T22:30:28.739+0000] {processor.py:840} INFO - DAG(s) 'example_xcom_args', 'example_xcom_args_with_operators' retrieved from /home/airflow/.local/lib/python3.8/site-packages/airflow/example_dags/example_xcomargs.py
[2024-03-06T22:30:28.784+0000] {logging_mixin.py:188} INFO - [2024-03-06T22:30:28.783+0000] {dag.py:3047} INFO - Sync 2 DAGs
[2024-03-06T22:30:28.801+0000] {logging_mixin.py:188} INFO - [2024-03-06T22:30:28.800+0000] {dag.py:3834} INFO - Setting next_dagrun for example_xcom_args to None, run_after=None
[2024-03-06T22:30:28.806+0000] {logging_mixin.py:188} INFO - [2024-03-06T22:30:28.806+0000] {dag.py:3834} INFO - Setting next_dagrun for example_xcom_args_with_operators to None, run_after=None
[2024-03-06T22:30:28.834+0000] {processor.py:183} INFO - Processing /home/airflow/.local/lib/python3.8/site-packages/airflow/example_dags/example_xcomargs.py took 0.120 seconds
[2024-03-06T22:30:59.305+0000] {processor.py:161} INFO - Started process (PID=1493) to work on /home/airflow/.local/lib/python3.8/site-packages/airflow/example_dags/example_xcomargs.py
[2024-03-06T22:30:59.307+0000] {processor.py:830} INFO - Processing file /home/airflow/.local/lib/python3.8/site-packages/airflow/example_dags/example_xcomargs.py for tasks to queue
[2024-03-06T22:30:59.310+0000] {logging_mixin.py:188} INFO - [2024-03-06T22:30:59.309+0000] {dagbag.py:540} INFO - Filling up the DagBag from /home/airflow/.local/lib/python3.8/site-packages/airflow/example_dags/example_xcomargs.py
[2024-03-06T22:30:59.324+0000] {processor.py:840} INFO - DAG(s) 'example_xcom_args_with_operators', 'example_xcom_args' retrieved from /home/airflow/.local/lib/python3.8/site-packages/airflow/example_dags/example_xcomargs.py
[2024-03-06T22:30:59.360+0000] {logging_mixin.py:188} INFO - [2024-03-06T22:30:59.359+0000] {dag.py:3047} INFO - Sync 2 DAGs
[2024-03-06T22:30:59.378+0000] {logging_mixin.py:188} INFO - [2024-03-06T22:30:59.378+0000] {dag.py:3834} INFO - Setting next_dagrun for example_xcom_args to None, run_after=None
[2024-03-06T22:30:59.384+0000] {logging_mixin.py:188} INFO - [2024-03-06T22:30:59.384+0000] {dag.py:3834} INFO - Setting next_dagrun for example_xcom_args_with_operators to None, run_after=None
[2024-03-06T22:30:59.415+0000] {processor.py:183} INFO - Processing /home/airflow/.local/lib/python3.8/site-packages/airflow/example_dags/example_xcomargs.py took 0.115 seconds
[2024-03-06T22:31:30.050+0000] {processor.py:161} INFO - Started process (PID=1548) to work on /home/airflow/.local/lib/python3.8/site-packages/airflow/example_dags/example_xcomargs.py
[2024-03-06T22:31:30.052+0000] {processor.py:830} INFO - Processing file /home/airflow/.local/lib/python3.8/site-packages/airflow/example_dags/example_xcomargs.py for tasks to queue
[2024-03-06T22:31:30.054+0000] {logging_mixin.py:188} INFO - [2024-03-06T22:31:30.054+0000] {dagbag.py:540} INFO - Filling up the DagBag from /home/airflow/.local/lib/python3.8/site-packages/airflow/example_dags/example_xcomargs.py
[2024-03-06T22:31:30.067+0000] {processor.py:840} INFO - DAG(s) 'example_xcom_args_with_operators', 'example_xcom_args' retrieved from /home/airflow/.local/lib/python3.8/site-packages/airflow/example_dags/example_xcomargs.py
[2024-03-06T22:31:30.128+0000] {logging_mixin.py:188} INFO - [2024-03-06T22:31:30.127+0000] {dag.py:3047} INFO - Sync 2 DAGs
[2024-03-06T22:31:30.155+0000] {logging_mixin.py:188} INFO - [2024-03-06T22:31:30.155+0000] {dag.py:3834} INFO - Setting next_dagrun for example_xcom_args to None, run_after=None
[2024-03-06T22:31:30.164+0000] {logging_mixin.py:188} INFO - [2024-03-06T22:31:30.163+0000] {dag.py:3834} INFO - Setting next_dagrun for example_xcom_args_with_operators to None, run_after=None
[2024-03-06T22:31:30.274+0000] {processor.py:183} INFO - Processing /home/airflow/.local/lib/python3.8/site-packages/airflow/example_dags/example_xcomargs.py took 0.230 seconds
[2024-03-06T22:32:00.385+0000] {processor.py:161} INFO - Started process (PID=1603) to work on /home/airflow/.local/lib/python3.8/site-packages/airflow/example_dags/example_xcomargs.py
[2024-03-06T22:32:00.387+0000] {processor.py:830} INFO - Processing file /home/airflow/.local/lib/python3.8/site-packages/airflow/example_dags/example_xcomargs.py for tasks to queue
[2024-03-06T22:32:00.394+0000] {logging_mixin.py:188} INFO - [2024-03-06T22:32:00.393+0000] {dagbag.py:540} INFO - Filling up the DagBag from /home/airflow/.local/lib/python3.8/site-packages/airflow/example_dags/example_xcomargs.py
[2024-03-06T22:32:00.414+0000] {processor.py:840} INFO - DAG(s) 'example_xcom_args_with_operators', 'example_xcom_args' retrieved from /home/airflow/.local/lib/python3.8/site-packages/airflow/example_dags/example_xcomargs.py
[2024-03-06T22:32:00.481+0000] {logging_mixin.py:188} INFO - [2024-03-06T22:32:00.480+0000] {dag.py:3047} INFO - Sync 2 DAGs
[2024-03-06T22:32:00.532+0000] {logging_mixin.py:188} INFO - [2024-03-06T22:32:00.531+0000] {dag.py:3834} INFO - Setting next_dagrun for example_xcom_args to None, run_after=None
[2024-03-06T22:32:00.554+0000] {logging_mixin.py:188} INFO - [2024-03-06T22:32:00.553+0000] {dag.py:3834} INFO - Setting next_dagrun for example_xcom_args_with_operators to None, run_after=None
[2024-03-06T22:32:00.589+0000] {processor.py:183} INFO - Processing /home/airflow/.local/lib/python3.8/site-packages/airflow/example_dags/example_xcomargs.py took 0.210 seconds
[2024-03-06T22:32:30.754+0000] {processor.py:161} INFO - Started process (PID=1663) to work on /home/airflow/.local/lib/python3.8/site-packages/airflow/example_dags/example_xcomargs.py
[2024-03-06T22:32:30.759+0000] {processor.py:830} INFO - Processing file /home/airflow/.local/lib/python3.8/site-packages/airflow/example_dags/example_xcomargs.py for tasks to queue
[2024-03-06T22:32:30.764+0000] {logging_mixin.py:188} INFO - [2024-03-06T22:32:30.764+0000] {dagbag.py:540} INFO - Filling up the DagBag from /home/airflow/.local/lib/python3.8/site-packages/airflow/example_dags/example_xcomargs.py
[2024-03-06T22:32:30.782+0000] {processor.py:840} INFO - DAG(s) 'example_xcom_args', 'example_xcom_args_with_operators' retrieved from /home/airflow/.local/lib/python3.8/site-packages/airflow/example_dags/example_xcomargs.py
[2024-03-06T22:32:30.823+0000] {logging_mixin.py:188} INFO - [2024-03-06T22:32:30.822+0000] {dag.py:3047} INFO - Sync 2 DAGs
[2024-03-06T22:32:30.859+0000] {logging_mixin.py:188} INFO - [2024-03-06T22:32:30.858+0000] {dag.py:3834} INFO - Setting next_dagrun for example_xcom_args to None, run_after=None
[2024-03-06T22:32:30.873+0000] {logging_mixin.py:188} INFO - [2024-03-06T22:32:30.872+0000] {dag.py:3834} INFO - Setting next_dagrun for example_xcom_args_with_operators to None, run_after=None
[2024-03-06T22:32:30.915+0000] {processor.py:183} INFO - Processing /home/airflow/.local/lib/python3.8/site-packages/airflow/example_dags/example_xcomargs.py took 0.169 seconds
[2024-03-06T22:33:01.162+0000] {processor.py:161} INFO - Started process (PID=1718) to work on /home/airflow/.local/lib/python3.8/site-packages/airflow/example_dags/example_xcomargs.py
[2024-03-06T22:33:01.164+0000] {processor.py:830} INFO - Processing file /home/airflow/.local/lib/python3.8/site-packages/airflow/example_dags/example_xcomargs.py for tasks to queue
[2024-03-06T22:33:01.167+0000] {logging_mixin.py:188} INFO - [2024-03-06T22:33:01.167+0000] {dagbag.py:540} INFO - Filling up the DagBag from /home/airflow/.local/lib/python3.8/site-packages/airflow/example_dags/example_xcomargs.py
[2024-03-06T22:33:01.182+0000] {processor.py:840} INFO - DAG(s) 'example_xcom_args_with_operators', 'example_xcom_args' retrieved from /home/airflow/.local/lib/python3.8/site-packages/airflow/example_dags/example_xcomargs.py
[2024-03-06T22:33:01.219+0000] {logging_mixin.py:188} INFO - [2024-03-06T22:33:01.219+0000] {dag.py:3047} INFO - Sync 2 DAGs
[2024-03-06T22:33:01.250+0000] {logging_mixin.py:188} INFO - [2024-03-06T22:33:01.250+0000] {dag.py:3834} INFO - Setting next_dagrun for example_xcom_args to None, run_after=None
[2024-03-06T22:33:01.256+0000] {logging_mixin.py:188} INFO - [2024-03-06T22:33:01.256+0000] {dag.py:3834} INFO - Setting next_dagrun for example_xcom_args_with_operators to None, run_after=None
[2024-03-06T22:33:01.289+0000] {processor.py:183} INFO - Processing /home/airflow/.local/lib/python3.8/site-packages/airflow/example_dags/example_xcomargs.py took 0.132 seconds
[2024-03-06T22:33:31.877+0000] {processor.py:161} INFO - Started process (PID=1773) to work on /home/airflow/.local/lib/python3.8/site-packages/airflow/example_dags/example_xcomargs.py
[2024-03-06T22:33:31.879+0000] {processor.py:830} INFO - Processing file /home/airflow/.local/lib/python3.8/site-packages/airflow/example_dags/example_xcomargs.py for tasks to queue
[2024-03-06T22:33:31.882+0000] {logging_mixin.py:188} INFO - [2024-03-06T22:33:31.881+0000] {dagbag.py:540} INFO - Filling up the DagBag from /home/airflow/.local/lib/python3.8/site-packages/airflow/example_dags/example_xcomargs.py
[2024-03-06T22:33:31.894+0000] {processor.py:840} INFO - DAG(s) 'example_xcom_args_with_operators', 'example_xcom_args' retrieved from /home/airflow/.local/lib/python3.8/site-packages/airflow/example_dags/example_xcomargs.py
[2024-03-06T22:33:31.933+0000] {logging_mixin.py:188} INFO - [2024-03-06T22:33:31.933+0000] {dag.py:3047} INFO - Sync 2 DAGs
[2024-03-06T22:33:31.952+0000] {logging_mixin.py:188} INFO - [2024-03-06T22:33:31.952+0000] {dag.py:3834} INFO - Setting next_dagrun for example_xcom_args to None, run_after=None
[2024-03-06T22:33:31.958+0000] {logging_mixin.py:188} INFO - [2024-03-06T22:33:31.958+0000] {dag.py:3834} INFO - Setting next_dagrun for example_xcom_args_with_operators to None, run_after=None
[2024-03-06T22:33:31.986+0000] {processor.py:183} INFO - Processing /home/airflow/.local/lib/python3.8/site-packages/airflow/example_dags/example_xcomargs.py took 0.114 seconds
[2024-03-06T22:34:02.193+0000] {processor.py:161} INFO - Started process (PID=1828) to work on /home/airflow/.local/lib/python3.8/site-packages/airflow/example_dags/example_xcomargs.py
[2024-03-06T22:34:02.194+0000] {processor.py:830} INFO - Processing file /home/airflow/.local/lib/python3.8/site-packages/airflow/example_dags/example_xcomargs.py for tasks to queue
[2024-03-06T22:34:02.198+0000] {logging_mixin.py:188} INFO - [2024-03-06T22:34:02.197+0000] {dagbag.py:540} INFO - Filling up the DagBag from /home/airflow/.local/lib/python3.8/site-packages/airflow/example_dags/example_xcomargs.py
[2024-03-06T22:34:02.210+0000] {processor.py:840} INFO - DAG(s) 'example_xcom_args_with_operators', 'example_xcom_args' retrieved from /home/airflow/.local/lib/python3.8/site-packages/airflow/example_dags/example_xcomargs.py
[2024-03-06T22:34:02.247+0000] {logging_mixin.py:188} INFO - [2024-03-06T22:34:02.247+0000] {dag.py:3047} INFO - Sync 2 DAGs
[2024-03-06T22:34:02.265+0000] {logging_mixin.py:188} INFO - [2024-03-06T22:34:02.265+0000] {dag.py:3834} INFO - Setting next_dagrun for example_xcom_args to None, run_after=None
[2024-03-06T22:34:02.270+0000] {logging_mixin.py:188} INFO - [2024-03-06T22:34:02.270+0000] {dag.py:3834} INFO - Setting next_dagrun for example_xcom_args_with_operators to None, run_after=None
[2024-03-06T22:34:02.297+0000] {processor.py:183} INFO - Processing /home/airflow/.local/lib/python3.8/site-packages/airflow/example_dags/example_xcomargs.py took 0.109 seconds
[2024-03-06T22:34:32.499+0000] {processor.py:161} INFO - Started process (PID=1883) to work on /home/airflow/.local/lib/python3.8/site-packages/airflow/example_dags/example_xcomargs.py
[2024-03-06T22:34:32.500+0000] {processor.py:830} INFO - Processing file /home/airflow/.local/lib/python3.8/site-packages/airflow/example_dags/example_xcomargs.py for tasks to queue
[2024-03-06T22:34:32.503+0000] {logging_mixin.py:188} INFO - [2024-03-06T22:34:32.503+0000] {dagbag.py:540} INFO - Filling up the DagBag from /home/airflow/.local/lib/python3.8/site-packages/airflow/example_dags/example_xcomargs.py
[2024-03-06T22:34:32.516+0000] {processor.py:840} INFO - DAG(s) 'example_xcom_args', 'example_xcom_args_with_operators' retrieved from /home/airflow/.local/lib/python3.8/site-packages/airflow/example_dags/example_xcomargs.py
[2024-03-06T22:34:32.570+0000] {logging_mixin.py:188} INFO - [2024-03-06T22:34:32.569+0000] {dag.py:3047} INFO - Sync 2 DAGs
[2024-03-06T22:34:32.598+0000] {logging_mixin.py:188} INFO - [2024-03-06T22:34:32.597+0000] {dag.py:3834} INFO - Setting next_dagrun for example_xcom_args to None, run_after=None
[2024-03-06T22:34:32.606+0000] {logging_mixin.py:188} INFO - [2024-03-06T22:34:32.605+0000] {dag.py:3834} INFO - Setting next_dagrun for example_xcom_args_with_operators to None, run_after=None
[2024-03-06T22:34:32.637+0000] {processor.py:183} INFO - Processing /home/airflow/.local/lib/python3.8/site-packages/airflow/example_dags/example_xcomargs.py took 0.144 seconds
[2024-03-06T22:35:03.110+0000] {processor.py:161} INFO - Started process (PID=1938) to work on /home/airflow/.local/lib/python3.8/site-packages/airflow/example_dags/example_xcomargs.py
[2024-03-06T22:35:03.145+0000] {processor.py:830} INFO - Processing file /home/airflow/.local/lib/python3.8/site-packages/airflow/example_dags/example_xcomargs.py for tasks to queue
[2024-03-06T22:35:03.149+0000] {logging_mixin.py:188} INFO - [2024-03-06T22:35:03.149+0000] {dagbag.py:540} INFO - Filling up the DagBag from /home/airflow/.local/lib/python3.8/site-packages/airflow/example_dags/example_xcomargs.py
[2024-03-06T22:35:03.180+0000] {processor.py:840} INFO - DAG(s) 'example_xcom_args', 'example_xcom_args_with_operators' retrieved from /home/airflow/.local/lib/python3.8/site-packages/airflow/example_dags/example_xcomargs.py
[2024-03-06T22:35:03.217+0000] {logging_mixin.py:188} INFO - [2024-03-06T22:35:03.216+0000] {dag.py:3047} INFO - Sync 2 DAGs
[2024-03-06T22:35:03.239+0000] {logging_mixin.py:188} INFO - [2024-03-06T22:35:03.239+0000] {dag.py:3834} INFO - Setting next_dagrun for example_xcom_args to None, run_after=None
[2024-03-06T22:35:03.245+0000] {logging_mixin.py:188} INFO - [2024-03-06T22:35:03.245+0000] {dag.py:3834} INFO - Setting next_dagrun for example_xcom_args_with_operators to None, run_after=None
[2024-03-06T22:35:03.271+0000] {processor.py:183} INFO - Processing /home/airflow/.local/lib/python3.8/site-packages/airflow/example_dags/example_xcomargs.py took 0.175 seconds
[2024-03-06T22:35:33.328+0000] {processor.py:161} INFO - Started process (PID=1993) to work on /home/airflow/.local/lib/python3.8/site-packages/airflow/example_dags/example_xcomargs.py
[2024-03-06T22:35:33.329+0000] {processor.py:830} INFO - Processing file /home/airflow/.local/lib/python3.8/site-packages/airflow/example_dags/example_xcomargs.py for tasks to queue
[2024-03-06T22:35:33.333+0000] {logging_mixin.py:188} INFO - [2024-03-06T22:35:33.332+0000] {dagbag.py:540} INFO - Filling up the DagBag from /home/airflow/.local/lib/python3.8/site-packages/airflow/example_dags/example_xcomargs.py
[2024-03-06T22:35:33.351+0000] {processor.py:840} INFO - DAG(s) 'example_xcom_args', 'example_xcom_args_with_operators' retrieved from /home/airflow/.local/lib/python3.8/site-packages/airflow/example_dags/example_xcomargs.py
[2024-03-06T22:35:33.391+0000] {logging_mixin.py:188} INFO - [2024-03-06T22:35:33.390+0000] {dag.py:3047} INFO - Sync 2 DAGs
[2024-03-06T22:35:33.413+0000] {logging_mixin.py:188} INFO - [2024-03-06T22:35:33.412+0000] {dag.py:3834} INFO - Setting next_dagrun for example_xcom_args to None, run_after=None
[2024-03-06T22:35:33.419+0000] {logging_mixin.py:188} INFO - [2024-03-06T22:35:33.419+0000] {dag.py:3834} INFO - Setting next_dagrun for example_xcom_args_with_operators to None, run_after=None
[2024-03-06T22:35:33.445+0000] {processor.py:183} INFO - Processing /home/airflow/.local/lib/python3.8/site-packages/airflow/example_dags/example_xcomargs.py took 0.123 seconds
[2024-03-06T22:36:03.547+0000] {processor.py:161} INFO - Started process (PID=2048) to work on /home/airflow/.local/lib/python3.8/site-packages/airflow/example_dags/example_xcomargs.py
[2024-03-06T22:36:03.551+0000] {processor.py:830} INFO - Processing file /home/airflow/.local/lib/python3.8/site-packages/airflow/example_dags/example_xcomargs.py for tasks to queue
[2024-03-06T22:36:03.555+0000] {logging_mixin.py:188} INFO - [2024-03-06T22:36:03.554+0000] {dagbag.py:540} INFO - Filling up the DagBag from /home/airflow/.local/lib/python3.8/site-packages/airflow/example_dags/example_xcomargs.py
[2024-03-06T22:36:03.568+0000] {processor.py:840} INFO - DAG(s) 'example_xcom_args', 'example_xcom_args_with_operators' retrieved from /home/airflow/.local/lib/python3.8/site-packages/airflow/example_dags/example_xcomargs.py
[2024-03-06T22:36:03.603+0000] {logging_mixin.py:188} INFO - [2024-03-06T22:36:03.602+0000] {dag.py:3047} INFO - Sync 2 DAGs
[2024-03-06T22:36:03.620+0000] {logging_mixin.py:188} INFO - [2024-03-06T22:36:03.620+0000] {dag.py:3834} INFO - Setting next_dagrun for example_xcom_args to None, run_after=None
[2024-03-06T22:36:03.626+0000] {logging_mixin.py:188} INFO - [2024-03-06T22:36:03.626+0000] {dag.py:3834} INFO - Setting next_dagrun for example_xcom_args_with_operators to None, run_after=None
[2024-03-06T22:36:03.654+0000] {processor.py:183} INFO - Processing /home/airflow/.local/lib/python3.8/site-packages/airflow/example_dags/example_xcomargs.py took 0.112 seconds
[2024-03-06T22:36:33.858+0000] {processor.py:161} INFO - Started process (PID=2103) to work on /home/airflow/.local/lib/python3.8/site-packages/airflow/example_dags/example_xcomargs.py
[2024-03-06T22:36:33.859+0000] {processor.py:830} INFO - Processing file /home/airflow/.local/lib/python3.8/site-packages/airflow/example_dags/example_xcomargs.py for tasks to queue
[2024-03-06T22:36:33.863+0000] {logging_mixin.py:188} INFO - [2024-03-06T22:36:33.863+0000] {dagbag.py:540} INFO - Filling up the DagBag from /home/airflow/.local/lib/python3.8/site-packages/airflow/example_dags/example_xcomargs.py
[2024-03-06T22:36:33.876+0000] {processor.py:840} INFO - DAG(s) 'example_xcom_args', 'example_xcom_args_with_operators' retrieved from /home/airflow/.local/lib/python3.8/site-packages/airflow/example_dags/example_xcomargs.py
[2024-03-06T22:36:33.917+0000] {logging_mixin.py:188} INFO - [2024-03-06T22:36:33.917+0000] {dag.py:3047} INFO - Sync 2 DAGs
[2024-03-06T22:36:33.939+0000] {logging_mixin.py:188} INFO - [2024-03-06T22:36:33.938+0000] {dag.py:3834} INFO - Setting next_dagrun for example_xcom_args to None, run_after=None
[2024-03-06T22:36:33.947+0000] {logging_mixin.py:188} INFO - [2024-03-06T22:36:33.947+0000] {dag.py:3834} INFO - Setting next_dagrun for example_xcom_args_with_operators to None, run_after=None
[2024-03-06T22:36:33.978+0000] {processor.py:183} INFO - Processing /home/airflow/.local/lib/python3.8/site-packages/airflow/example_dags/example_xcomargs.py took 0.126 seconds
[2024-03-06T22:37:04.244+0000] {processor.py:161} INFO - Started process (PID=2158) to work on /home/airflow/.local/lib/python3.8/site-packages/airflow/example_dags/example_xcomargs.py
[2024-03-06T22:37:04.245+0000] {processor.py:830} INFO - Processing file /home/airflow/.local/lib/python3.8/site-packages/airflow/example_dags/example_xcomargs.py for tasks to queue
[2024-03-06T22:37:04.248+0000] {logging_mixin.py:188} INFO - [2024-03-06T22:37:04.248+0000] {dagbag.py:540} INFO - Filling up the DagBag from /home/airflow/.local/lib/python3.8/site-packages/airflow/example_dags/example_xcomargs.py
[2024-03-06T22:37:04.261+0000] {processor.py:840} INFO - DAG(s) 'example_xcom_args', 'example_xcom_args_with_operators' retrieved from /home/airflow/.local/lib/python3.8/site-packages/airflow/example_dags/example_xcomargs.py
[2024-03-06T22:37:04.298+0000] {logging_mixin.py:188} INFO - [2024-03-06T22:37:04.297+0000] {dag.py:3047} INFO - Sync 2 DAGs
[2024-03-06T22:37:04.319+0000] {logging_mixin.py:188} INFO - [2024-03-06T22:37:04.319+0000] {dag.py:3834} INFO - Setting next_dagrun for example_xcom_args to None, run_after=None
[2024-03-06T22:37:04.327+0000] {logging_mixin.py:188} INFO - [2024-03-06T22:37:04.326+0000] {dag.py:3834} INFO - Setting next_dagrun for example_xcom_args_with_operators to None, run_after=None
[2024-03-06T22:37:04.354+0000] {processor.py:183} INFO - Processing /home/airflow/.local/lib/python3.8/site-packages/airflow/example_dags/example_xcomargs.py took 0.116 seconds
[2024-03-06T22:37:34.496+0000] {processor.py:161} INFO - Started process (PID=2213) to work on /home/airflow/.local/lib/python3.8/site-packages/airflow/example_dags/example_xcomargs.py
[2024-03-06T22:37:34.498+0000] {processor.py:830} INFO - Processing file /home/airflow/.local/lib/python3.8/site-packages/airflow/example_dags/example_xcomargs.py for tasks to queue
[2024-03-06T22:37:34.502+0000] {logging_mixin.py:188} INFO - [2024-03-06T22:37:34.502+0000] {dagbag.py:540} INFO - Filling up the DagBag from /home/airflow/.local/lib/python3.8/site-packages/airflow/example_dags/example_xcomargs.py
[2024-03-06T22:37:34.516+0000] {processor.py:840} INFO - DAG(s) 'example_xcom_args', 'example_xcom_args_with_operators' retrieved from /home/airflow/.local/lib/python3.8/site-packages/airflow/example_dags/example_xcomargs.py
[2024-03-06T22:37:34.555+0000] {logging_mixin.py:188} INFO - [2024-03-06T22:37:34.555+0000] {dag.py:3047} INFO - Sync 2 DAGs
[2024-03-06T22:37:34.574+0000] {logging_mixin.py:188} INFO - [2024-03-06T22:37:34.574+0000] {dag.py:3834} INFO - Setting next_dagrun for example_xcom_args to None, run_after=None
[2024-03-06T22:37:34.581+0000] {logging_mixin.py:188} INFO - [2024-03-06T22:37:34.580+0000] {dag.py:3834} INFO - Setting next_dagrun for example_xcom_args_with_operators to None, run_after=None
[2024-03-06T22:37:34.609+0000] {processor.py:183} INFO - Processing /home/airflow/.local/lib/python3.8/site-packages/airflow/example_dags/example_xcomargs.py took 0.118 seconds
[2024-03-06T22:38:04.866+0000] {processor.py:161} INFO - Started process (PID=2268) to work on /home/airflow/.local/lib/python3.8/site-packages/airflow/example_dags/example_xcomargs.py
[2024-03-06T22:38:04.869+0000] {processor.py:830} INFO - Processing file /home/airflow/.local/lib/python3.8/site-packages/airflow/example_dags/example_xcomargs.py for tasks to queue
[2024-03-06T22:38:04.872+0000] {logging_mixin.py:188} INFO - [2024-03-06T22:38:04.871+0000] {dagbag.py:540} INFO - Filling up the DagBag from /home/airflow/.local/lib/python3.8/site-packages/airflow/example_dags/example_xcomargs.py
[2024-03-06T22:38:04.884+0000] {processor.py:840} INFO - DAG(s) 'example_xcom_args', 'example_xcom_args_with_operators' retrieved from /home/airflow/.local/lib/python3.8/site-packages/airflow/example_dags/example_xcomargs.py
[2024-03-06T22:38:04.923+0000] {logging_mixin.py:188} INFO - [2024-03-06T22:38:04.923+0000] {dag.py:3047} INFO - Sync 2 DAGs
[2024-03-06T22:38:04.944+0000] {logging_mixin.py:188} INFO - [2024-03-06T22:38:04.943+0000] {dag.py:3834} INFO - Setting next_dagrun for example_xcom_args to None, run_after=None
[2024-03-06T22:38:04.950+0000] {logging_mixin.py:188} INFO - [2024-03-06T22:38:04.950+0000] {dag.py:3834} INFO - Setting next_dagrun for example_xcom_args_with_operators to None, run_after=None
[2024-03-06T22:38:04.978+0000] {processor.py:183} INFO - Processing /home/airflow/.local/lib/python3.8/site-packages/airflow/example_dags/example_xcomargs.py took 0.117 seconds
[2024-03-06T22:38:35.116+0000] {processor.py:161} INFO - Started process (PID=2323) to work on /home/airflow/.local/lib/python3.8/site-packages/airflow/example_dags/example_xcomargs.py
[2024-03-06T22:38:35.118+0000] {processor.py:830} INFO - Processing file /home/airflow/.local/lib/python3.8/site-packages/airflow/example_dags/example_xcomargs.py for tasks to queue
[2024-03-06T22:38:35.124+0000] {logging_mixin.py:188} INFO - [2024-03-06T22:38:35.123+0000] {dagbag.py:540} INFO - Filling up the DagBag from /home/airflow/.local/lib/python3.8/site-packages/airflow/example_dags/example_xcomargs.py
[2024-03-06T22:38:35.140+0000] {processor.py:840} INFO - DAG(s) 'example_xcom_args', 'example_xcom_args_with_operators' retrieved from /home/airflow/.local/lib/python3.8/site-packages/airflow/example_dags/example_xcomargs.py
[2024-03-06T22:38:35.179+0000] {logging_mixin.py:188} INFO - [2024-03-06T22:38:35.179+0000] {dag.py:3047} INFO - Sync 2 DAGs
[2024-03-06T22:38:35.202+0000] {logging_mixin.py:188} INFO - [2024-03-06T22:38:35.202+0000] {dag.py:3834} INFO - Setting next_dagrun for example_xcom_args to None, run_after=None
[2024-03-06T22:38:35.208+0000] {logging_mixin.py:188} INFO - [2024-03-06T22:38:35.208+0000] {dag.py:3834} INFO - Setting next_dagrun for example_xcom_args_with_operators to None, run_after=None
[2024-03-06T22:38:35.240+0000] {processor.py:183} INFO - Processing /home/airflow/.local/lib/python3.8/site-packages/airflow/example_dags/example_xcomargs.py took 0.129 seconds
[2024-03-06T22:39:05.401+0000] {processor.py:161} INFO - Started process (PID=2378) to work on /home/airflow/.local/lib/python3.8/site-packages/airflow/example_dags/example_xcomargs.py
[2024-03-06T22:39:05.403+0000] {processor.py:830} INFO - Processing file /home/airflow/.local/lib/python3.8/site-packages/airflow/example_dags/example_xcomargs.py for tasks to queue
[2024-03-06T22:39:05.405+0000] {logging_mixin.py:188} INFO - [2024-03-06T22:39:05.405+0000] {dagbag.py:540} INFO - Filling up the DagBag from /home/airflow/.local/lib/python3.8/site-packages/airflow/example_dags/example_xcomargs.py
[2024-03-06T22:39:05.425+0000] {processor.py:840} INFO - DAG(s) 'example_xcom_args', 'example_xcom_args_with_operators' retrieved from /home/airflow/.local/lib/python3.8/site-packages/airflow/example_dags/example_xcomargs.py
[2024-03-06T22:39:05.466+0000] {logging_mixin.py:188} INFO - [2024-03-06T22:39:05.466+0000] {dag.py:3047} INFO - Sync 2 DAGs
[2024-03-06T22:39:05.489+0000] {logging_mixin.py:188} INFO - [2024-03-06T22:39:05.488+0000] {dag.py:3834} INFO - Setting next_dagrun for example_xcom_args to None, run_after=None
[2024-03-06T22:39:05.498+0000] {logging_mixin.py:188} INFO - [2024-03-06T22:39:05.498+0000] {dag.py:3834} INFO - Setting next_dagrun for example_xcom_args_with_operators to None, run_after=None
[2024-03-06T22:39:05.527+0000] {processor.py:183} INFO - Processing /home/airflow/.local/lib/python3.8/site-packages/airflow/example_dags/example_xcomargs.py took 0.130 seconds
[2024-03-06T22:39:35.876+0000] {processor.py:161} INFO - Started process (PID=2432) to work on /home/airflow/.local/lib/python3.8/site-packages/airflow/example_dags/example_xcomargs.py
[2024-03-06T22:39:35.878+0000] {processor.py:830} INFO - Processing file /home/airflow/.local/lib/python3.8/site-packages/airflow/example_dags/example_xcomargs.py for tasks to queue
[2024-03-06T22:39:35.882+0000] {logging_mixin.py:188} INFO - [2024-03-06T22:39:35.881+0000] {dagbag.py:540} INFO - Filling up the DagBag from /home/airflow/.local/lib/python3.8/site-packages/airflow/example_dags/example_xcomargs.py
[2024-03-06T22:39:35.895+0000] {processor.py:840} INFO - DAG(s) 'example_xcom_args', 'example_xcom_args_with_operators' retrieved from /home/airflow/.local/lib/python3.8/site-packages/airflow/example_dags/example_xcomargs.py
[2024-03-06T22:39:35.931+0000] {logging_mixin.py:188} INFO - [2024-03-06T22:39:35.931+0000] {dag.py:3047} INFO - Sync 2 DAGs
[2024-03-06T22:39:35.949+0000] {logging_mixin.py:188} INFO - [2024-03-06T22:39:35.949+0000] {dag.py:3834} INFO - Setting next_dagrun for example_xcom_args to None, run_after=None
[2024-03-06T22:39:35.958+0000] {logging_mixin.py:188} INFO - [2024-03-06T22:39:35.958+0000] {dag.py:3834} INFO - Setting next_dagrun for example_xcom_args_with_operators to None, run_after=None
[2024-03-06T22:39:35.989+0000] {processor.py:183} INFO - Processing /home/airflow/.local/lib/python3.8/site-packages/airflow/example_dags/example_xcomargs.py took 0.119 seconds
[2024-03-06T22:40:06.767+0000] {processor.py:161} INFO - Started process (PID=2488) to work on /home/airflow/.local/lib/python3.8/site-packages/airflow/example_dags/example_xcomargs.py
[2024-03-06T22:40:06.769+0000] {processor.py:830} INFO - Processing file /home/airflow/.local/lib/python3.8/site-packages/airflow/example_dags/example_xcomargs.py for tasks to queue
[2024-03-06T22:40:06.772+0000] {logging_mixin.py:188} INFO - [2024-03-06T22:40:06.771+0000] {dagbag.py:540} INFO - Filling up the DagBag from /home/airflow/.local/lib/python3.8/site-packages/airflow/example_dags/example_xcomargs.py
[2024-03-06T22:40:06.785+0000] {processor.py:840} INFO - DAG(s) 'example_xcom_args', 'example_xcom_args_with_operators' retrieved from /home/airflow/.local/lib/python3.8/site-packages/airflow/example_dags/example_xcomargs.py
[2024-03-06T22:40:06.824+0000] {logging_mixin.py:188} INFO - [2024-03-06T22:40:06.823+0000] {dag.py:3047} INFO - Sync 2 DAGs
[2024-03-06T22:40:06.845+0000] {logging_mixin.py:188} INFO - [2024-03-06T22:40:06.845+0000] {dag.py:3834} INFO - Setting next_dagrun for example_xcom_args to None, run_after=None
[2024-03-06T22:40:06.857+0000] {logging_mixin.py:188} INFO - [2024-03-06T22:40:06.857+0000] {dag.py:3834} INFO - Setting next_dagrun for example_xcom_args_with_operators to None, run_after=None
[2024-03-06T22:40:06.888+0000] {processor.py:183} INFO - Processing /home/airflow/.local/lib/python3.8/site-packages/airflow/example_dags/example_xcomargs.py took 0.126 seconds
[2024-03-06T22:40:37.446+0000] {processor.py:161} INFO - Started process (PID=2543) to work on /home/airflow/.local/lib/python3.8/site-packages/airflow/example_dags/example_xcomargs.py
[2024-03-06T22:40:37.450+0000] {processor.py:830} INFO - Processing file /home/airflow/.local/lib/python3.8/site-packages/airflow/example_dags/example_xcomargs.py for tasks to queue
[2024-03-06T22:40:37.457+0000] {logging_mixin.py:188} INFO - [2024-03-06T22:40:37.456+0000] {dagbag.py:540} INFO - Filling up the DagBag from /home/airflow/.local/lib/python3.8/site-packages/airflow/example_dags/example_xcomargs.py
[2024-03-06T22:40:37.472+0000] {processor.py:840} INFO - DAG(s) 'example_xcom_args', 'example_xcom_args_with_operators' retrieved from /home/airflow/.local/lib/python3.8/site-packages/airflow/example_dags/example_xcomargs.py
[2024-03-06T22:40:37.533+0000] {logging_mixin.py:188} INFO - [2024-03-06T22:40:37.533+0000] {dag.py:3047} INFO - Sync 2 DAGs
[2024-03-06T22:40:37.556+0000] {logging_mixin.py:188} INFO - [2024-03-06T22:40:37.556+0000] {dag.py:3834} INFO - Setting next_dagrun for example_xcom_args to None, run_after=None
[2024-03-06T22:40:37.563+0000] {logging_mixin.py:188} INFO - [2024-03-06T22:40:37.562+0000] {dag.py:3834} INFO - Setting next_dagrun for example_xcom_args_with_operators to None, run_after=None
[2024-03-06T22:40:37.591+0000] {processor.py:183} INFO - Processing /home/airflow/.local/lib/python3.8/site-packages/airflow/example_dags/example_xcomargs.py took 0.149 seconds
[2024-03-06T22:41:07.885+0000] {processor.py:161} INFO - Started process (PID=2598) to work on /home/airflow/.local/lib/python3.8/site-packages/airflow/example_dags/example_xcomargs.py
[2024-03-06T22:41:07.887+0000] {processor.py:830} INFO - Processing file /home/airflow/.local/lib/python3.8/site-packages/airflow/example_dags/example_xcomargs.py for tasks to queue
[2024-03-06T22:41:07.890+0000] {logging_mixin.py:188} INFO - [2024-03-06T22:41:07.889+0000] {dagbag.py:540} INFO - Filling up the DagBag from /home/airflow/.local/lib/python3.8/site-packages/airflow/example_dags/example_xcomargs.py
[2024-03-06T22:41:07.902+0000] {processor.py:840} INFO - DAG(s) 'example_xcom_args', 'example_xcom_args_with_operators' retrieved from /home/airflow/.local/lib/python3.8/site-packages/airflow/example_dags/example_xcomargs.py
[2024-03-06T22:41:07.939+0000] {logging_mixin.py:188} INFO - [2024-03-06T22:41:07.939+0000] {dag.py:3047} INFO - Sync 2 DAGs
[2024-03-06T22:41:07.957+0000] {logging_mixin.py:188} INFO - [2024-03-06T22:41:07.957+0000] {dag.py:3834} INFO - Setting next_dagrun for example_xcom_args to None, run_after=None
[2024-03-06T22:41:07.963+0000] {logging_mixin.py:188} INFO - [2024-03-06T22:41:07.963+0000] {dag.py:3834} INFO - Setting next_dagrun for example_xcom_args_with_operators to None, run_after=None
[2024-03-06T22:41:07.995+0000] {processor.py:183} INFO - Processing /home/airflow/.local/lib/python3.8/site-packages/airflow/example_dags/example_xcomargs.py took 0.113 seconds
[2024-03-06T22:41:38.557+0000] {processor.py:161} INFO - Started process (PID=2653) to work on /home/airflow/.local/lib/python3.8/site-packages/airflow/example_dags/example_xcomargs.py
[2024-03-06T22:41:38.559+0000] {processor.py:830} INFO - Processing file /home/airflow/.local/lib/python3.8/site-packages/airflow/example_dags/example_xcomargs.py for tasks to queue
[2024-03-06T22:41:38.562+0000] {logging_mixin.py:188} INFO - [2024-03-06T22:41:38.562+0000] {dagbag.py:540} INFO - Filling up the DagBag from /home/airflow/.local/lib/python3.8/site-packages/airflow/example_dags/example_xcomargs.py
[2024-03-06T22:41:38.575+0000] {processor.py:840} INFO - DAG(s) 'example_xcom_args_with_operators', 'example_xcom_args' retrieved from /home/airflow/.local/lib/python3.8/site-packages/airflow/example_dags/example_xcomargs.py
[2024-03-06T22:41:38.612+0000] {logging_mixin.py:188} INFO - [2024-03-06T22:41:38.612+0000] {dag.py:3047} INFO - Sync 2 DAGs
[2024-03-06T22:41:38.633+0000] {logging_mixin.py:188} INFO - [2024-03-06T22:41:38.632+0000] {dag.py:3834} INFO - Setting next_dagrun for example_xcom_args to None, run_after=None
[2024-03-06T22:41:38.646+0000] {logging_mixin.py:188} INFO - [2024-03-06T22:41:38.645+0000] {dag.py:3834} INFO - Setting next_dagrun for example_xcom_args_with_operators to None, run_after=None
[2024-03-06T22:41:38.736+0000] {processor.py:183} INFO - Processing /home/airflow/.local/lib/python3.8/site-packages/airflow/example_dags/example_xcomargs.py took 0.185 seconds
[2024-03-06T22:42:09.435+0000] {processor.py:161} INFO - Started process (PID=2708) to work on /home/airflow/.local/lib/python3.8/site-packages/airflow/example_dags/example_xcomargs.py
[2024-03-06T22:42:09.437+0000] {processor.py:830} INFO - Processing file /home/airflow/.local/lib/python3.8/site-packages/airflow/example_dags/example_xcomargs.py for tasks to queue
[2024-03-06T22:42:09.440+0000] {logging_mixin.py:188} INFO - [2024-03-06T22:42:09.439+0000] {dagbag.py:540} INFO - Filling up the DagBag from /home/airflow/.local/lib/python3.8/site-packages/airflow/example_dags/example_xcomargs.py
[2024-03-06T22:42:09.456+0000] {processor.py:840} INFO - DAG(s) 'example_xcom_args_with_operators', 'example_xcom_args' retrieved from /home/airflow/.local/lib/python3.8/site-packages/airflow/example_dags/example_xcomargs.py
[2024-03-06T22:42:09.503+0000] {logging_mixin.py:188} INFO - [2024-03-06T22:42:09.502+0000] {dag.py:3047} INFO - Sync 2 DAGs
[2024-03-06T22:42:09.526+0000] {logging_mixin.py:188} INFO - [2024-03-06T22:42:09.525+0000] {dag.py:3834} INFO - Setting next_dagrun for example_xcom_args to None, run_after=None
[2024-03-06T22:42:09.534+0000] {logging_mixin.py:188} INFO - [2024-03-06T22:42:09.534+0000] {dag.py:3834} INFO - Setting next_dagrun for example_xcom_args_with_operators to None, run_after=None
[2024-03-06T22:42:09.564+0000] {processor.py:183} INFO - Processing /home/airflow/.local/lib/python3.8/site-packages/airflow/example_dags/example_xcomargs.py took 0.137 seconds
[2024-03-06T22:42:39.963+0000] {processor.py:161} INFO - Started process (PID=2760) to work on /home/airflow/.local/lib/python3.8/site-packages/airflow/example_dags/example_xcomargs.py
[2024-03-06T22:42:39.965+0000] {processor.py:830} INFO - Processing file /home/airflow/.local/lib/python3.8/site-packages/airflow/example_dags/example_xcomargs.py for tasks to queue
[2024-03-06T22:42:39.972+0000] {logging_mixin.py:188} INFO - [2024-03-06T22:42:39.970+0000] {dagbag.py:540} INFO - Filling up the DagBag from /home/airflow/.local/lib/python3.8/site-packages/airflow/example_dags/example_xcomargs.py
[2024-03-06T22:42:39.987+0000] {processor.py:840} INFO - DAG(s) 'example_xcom_args_with_operators', 'example_xcom_args' retrieved from /home/airflow/.local/lib/python3.8/site-packages/airflow/example_dags/example_xcomargs.py
[2024-03-06T22:42:40.064+0000] {logging_mixin.py:188} INFO - [2024-03-06T22:42:40.064+0000] {dag.py:3047} INFO - Sync 2 DAGs
[2024-03-06T22:42:40.098+0000] {logging_mixin.py:188} INFO - [2024-03-06T22:42:40.098+0000] {dag.py:3834} INFO - Setting next_dagrun for example_xcom_args to None, run_after=None
[2024-03-06T22:42:40.108+0000] {logging_mixin.py:188} INFO - [2024-03-06T22:42:40.107+0000] {dag.py:3834} INFO - Setting next_dagrun for example_xcom_args_with_operators to None, run_after=None
[2024-03-06T22:42:40.144+0000] {processor.py:183} INFO - Processing /home/airflow/.local/lib/python3.8/site-packages/airflow/example_dags/example_xcomargs.py took 0.187 seconds
