[2024-03-06T22:17:31.367+0000] {processor.py:161} INFO - Started process (PID=36) to work on /home/airflow/.local/lib/python3.8/site-packages/airflow/example_dags/example_latest_only.py
[2024-03-06T22:17:31.369+0000] {processor.py:830} INFO - Processing file /home/airflow/.local/lib/python3.8/site-packages/airflow/example_dags/example_latest_only.py for tasks to queue
[2024-03-06T22:17:31.379+0000] {logging_mixin.py:188} INFO - [2024-03-06T22:17:31.376+0000] {dagbag.py:540} INFO - Filling up the DagBag from /home/airflow/.local/lib/python3.8/site-packages/airflow/example_dags/example_latest_only.py
[2024-03-06T22:17:31.468+0000] {processor.py:840} INFO - DAG(s) 'latest_only' retrieved from /home/airflow/.local/lib/python3.8/site-packages/airflow/example_dags/example_latest_only.py
[2024-03-06T22:17:33.285+0000] {logging_mixin.py:188} INFO - [2024-03-06T22:17:33.285+0000] {dag.py:3047} INFO - Sync 1 DAGs
[2024-03-06T22:17:33.401+0000] {logging_mixin.py:188} INFO - [2024-03-06T22:17:33.401+0000] {dag.py:3834} INFO - Setting next_dagrun for latest_only to 2024-03-06 16:00:00+00:00, run_after=2024-03-06 20:00:00+00:00
[2024-03-06T22:17:33.559+0000] {processor.py:183} INFO - Processing /home/airflow/.local/lib/python3.8/site-packages/airflow/example_dags/example_latest_only.py took 2.216 seconds
[2024-03-06T22:18:03.818+0000] {processor.py:161} INFO - Started process (PID=91) to work on /home/airflow/.local/lib/python3.8/site-packages/airflow/example_dags/example_latest_only.py
[2024-03-06T22:18:03.819+0000] {processor.py:830} INFO - Processing file /home/airflow/.local/lib/python3.8/site-packages/airflow/example_dags/example_latest_only.py for tasks to queue
[2024-03-06T22:18:03.823+0000] {logging_mixin.py:188} INFO - [2024-03-06T22:18:03.822+0000] {dagbag.py:540} INFO - Filling up the DagBag from /home/airflow/.local/lib/python3.8/site-packages/airflow/example_dags/example_latest_only.py
[2024-03-06T22:18:03.836+0000] {processor.py:840} INFO - DAG(s) 'latest_only' retrieved from /home/airflow/.local/lib/python3.8/site-packages/airflow/example_dags/example_latest_only.py
[2024-03-06T22:18:03.902+0000] {logging_mixin.py:188} INFO - [2024-03-06T22:18:03.902+0000] {dag.py:3047} INFO - Sync 1 DAGs
[2024-03-06T22:18:03.956+0000] {logging_mixin.py:188} INFO - [2024-03-06T22:18:03.956+0000] {dag.py:3834} INFO - Setting next_dagrun for latest_only to 2024-03-06 16:00:00+00:00, run_after=2024-03-06 20:00:00+00:00
[2024-03-06T22:18:03.999+0000] {processor.py:183} INFO - Processing /home/airflow/.local/lib/python3.8/site-packages/airflow/example_dags/example_latest_only.py took 0.186 seconds
[2024-03-06T22:18:34.178+0000] {processor.py:161} INFO - Started process (PID=146) to work on /home/airflow/.local/lib/python3.8/site-packages/airflow/example_dags/example_latest_only.py
[2024-03-06T22:18:34.180+0000] {processor.py:830} INFO - Processing file /home/airflow/.local/lib/python3.8/site-packages/airflow/example_dags/example_latest_only.py for tasks to queue
[2024-03-06T22:18:34.184+0000] {logging_mixin.py:188} INFO - [2024-03-06T22:18:34.183+0000] {dagbag.py:540} INFO - Filling up the DagBag from /home/airflow/.local/lib/python3.8/site-packages/airflow/example_dags/example_latest_only.py
[2024-03-06T22:18:34.191+0000] {processor.py:840} INFO - DAG(s) 'latest_only' retrieved from /home/airflow/.local/lib/python3.8/site-packages/airflow/example_dags/example_latest_only.py
[2024-03-06T22:18:34.221+0000] {logging_mixin.py:188} INFO - [2024-03-06T22:18:34.221+0000] {dag.py:3047} INFO - Sync 1 DAGs
[2024-03-06T22:18:34.253+0000] {logging_mixin.py:188} INFO - [2024-03-06T22:18:34.252+0000] {dag.py:3834} INFO - Setting next_dagrun for latest_only to 2024-03-06 16:00:00+00:00, run_after=2024-03-06 20:00:00+00:00
[2024-03-06T22:18:34.284+0000] {processor.py:183} INFO - Processing /home/airflow/.local/lib/python3.8/site-packages/airflow/example_dags/example_latest_only.py took 0.112 seconds
[2024-03-06T22:19:04.725+0000] {processor.py:161} INFO - Started process (PID=201) to work on /home/airflow/.local/lib/python3.8/site-packages/airflow/example_dags/example_latest_only.py
[2024-03-06T22:19:04.727+0000] {processor.py:830} INFO - Processing file /home/airflow/.local/lib/python3.8/site-packages/airflow/example_dags/example_latest_only.py for tasks to queue
[2024-03-06T22:19:04.730+0000] {logging_mixin.py:188} INFO - [2024-03-06T22:19:04.729+0000] {dagbag.py:540} INFO - Filling up the DagBag from /home/airflow/.local/lib/python3.8/site-packages/airflow/example_dags/example_latest_only.py
[2024-03-06T22:19:04.738+0000] {processor.py:840} INFO - DAG(s) 'latest_only' retrieved from /home/airflow/.local/lib/python3.8/site-packages/airflow/example_dags/example_latest_only.py
[2024-03-06T22:19:04.768+0000] {logging_mixin.py:188} INFO - [2024-03-06T22:19:04.768+0000] {dag.py:3047} INFO - Sync 1 DAGs
[2024-03-06T22:19:04.799+0000] {logging_mixin.py:188} INFO - [2024-03-06T22:19:04.799+0000] {dag.py:3834} INFO - Setting next_dagrun for latest_only to 2024-03-06 16:00:00+00:00, run_after=2024-03-06 20:00:00+00:00
[2024-03-06T22:19:04.830+0000] {processor.py:183} INFO - Processing /home/airflow/.local/lib/python3.8/site-packages/airflow/example_dags/example_latest_only.py took 0.110 seconds
[2024-03-06T22:19:35.049+0000] {processor.py:161} INFO - Started process (PID=256) to work on /home/airflow/.local/lib/python3.8/site-packages/airflow/example_dags/example_latest_only.py
[2024-03-06T22:19:35.051+0000] {processor.py:830} INFO - Processing file /home/airflow/.local/lib/python3.8/site-packages/airflow/example_dags/example_latest_only.py for tasks to queue
[2024-03-06T22:19:35.054+0000] {logging_mixin.py:188} INFO - [2024-03-06T22:19:35.053+0000] {dagbag.py:540} INFO - Filling up the DagBag from /home/airflow/.local/lib/python3.8/site-packages/airflow/example_dags/example_latest_only.py
[2024-03-06T22:19:35.061+0000] {processor.py:840} INFO - DAG(s) 'latest_only' retrieved from /home/airflow/.local/lib/python3.8/site-packages/airflow/example_dags/example_latest_only.py
[2024-03-06T22:19:35.092+0000] {logging_mixin.py:188} INFO - [2024-03-06T22:19:35.092+0000] {dag.py:3047} INFO - Sync 1 DAGs
[2024-03-06T22:19:35.126+0000] {logging_mixin.py:188} INFO - [2024-03-06T22:19:35.125+0000] {dag.py:3834} INFO - Setting next_dagrun for latest_only to 2024-03-06 16:00:00+00:00, run_after=2024-03-06 20:00:00+00:00
[2024-03-06T22:19:35.156+0000] {processor.py:183} INFO - Processing /home/airflow/.local/lib/python3.8/site-packages/airflow/example_dags/example_latest_only.py took 0.113 seconds
[2024-03-06T22:20:06.044+0000] {processor.py:161} INFO - Started process (PID=311) to work on /home/airflow/.local/lib/python3.8/site-packages/airflow/example_dags/example_latest_only.py
[2024-03-06T22:20:06.045+0000] {processor.py:830} INFO - Processing file /home/airflow/.local/lib/python3.8/site-packages/airflow/example_dags/example_latest_only.py for tasks to queue
[2024-03-06T22:20:06.049+0000] {logging_mixin.py:188} INFO - [2024-03-06T22:20:06.049+0000] {dagbag.py:540} INFO - Filling up the DagBag from /home/airflow/.local/lib/python3.8/site-packages/airflow/example_dags/example_latest_only.py
[2024-03-06T22:20:06.056+0000] {processor.py:840} INFO - DAG(s) 'latest_only' retrieved from /home/airflow/.local/lib/python3.8/site-packages/airflow/example_dags/example_latest_only.py
[2024-03-06T22:20:06.087+0000] {logging_mixin.py:188} INFO - [2024-03-06T22:20:06.087+0000] {dag.py:3047} INFO - Sync 1 DAGs
[2024-03-06T22:20:06.117+0000] {logging_mixin.py:188} INFO - [2024-03-06T22:20:06.117+0000] {dag.py:3834} INFO - Setting next_dagrun for latest_only to 2024-03-06 16:00:00+00:00, run_after=2024-03-06 20:00:00+00:00
[2024-03-06T22:20:06.152+0000] {processor.py:183} INFO - Processing /home/airflow/.local/lib/python3.8/site-packages/airflow/example_dags/example_latest_only.py took 0.113 seconds
[2024-03-06T22:20:36.185+0000] {processor.py:161} INFO - Started process (PID=366) to work on /home/airflow/.local/lib/python3.8/site-packages/airflow/example_dags/example_latest_only.py
[2024-03-06T22:20:36.186+0000] {processor.py:830} INFO - Processing file /home/airflow/.local/lib/python3.8/site-packages/airflow/example_dags/example_latest_only.py for tasks to queue
[2024-03-06T22:20:36.189+0000] {logging_mixin.py:188} INFO - [2024-03-06T22:20:36.189+0000] {dagbag.py:540} INFO - Filling up the DagBag from /home/airflow/.local/lib/python3.8/site-packages/airflow/example_dags/example_latest_only.py
[2024-03-06T22:20:36.196+0000] {processor.py:840} INFO - DAG(s) 'latest_only' retrieved from /home/airflow/.local/lib/python3.8/site-packages/airflow/example_dags/example_latest_only.py
[2024-03-06T22:20:36.223+0000] {logging_mixin.py:188} INFO - [2024-03-06T22:20:36.223+0000] {dag.py:3047} INFO - Sync 1 DAGs
[2024-03-06T22:20:36.252+0000] {logging_mixin.py:188} INFO - [2024-03-06T22:20:36.252+0000] {dag.py:3834} INFO - Setting next_dagrun for latest_only to 2024-03-06 16:00:00+00:00, run_after=2024-03-06 20:00:00+00:00
[2024-03-06T22:20:36.280+0000] {processor.py:183} INFO - Processing /home/airflow/.local/lib/python3.8/site-packages/airflow/example_dags/example_latest_only.py took 0.100 seconds
[2024-03-06T22:21:06.413+0000] {processor.py:161} INFO - Started process (PID=421) to work on /home/airflow/.local/lib/python3.8/site-packages/airflow/example_dags/example_latest_only.py
[2024-03-06T22:21:06.415+0000] {processor.py:830} INFO - Processing file /home/airflow/.local/lib/python3.8/site-packages/airflow/example_dags/example_latest_only.py for tasks to queue
[2024-03-06T22:21:06.421+0000] {logging_mixin.py:188} INFO - [2024-03-06T22:21:06.420+0000] {dagbag.py:540} INFO - Filling up the DagBag from /home/airflow/.local/lib/python3.8/site-packages/airflow/example_dags/example_latest_only.py
[2024-03-06T22:21:06.430+0000] {processor.py:840} INFO - DAG(s) 'latest_only' retrieved from /home/airflow/.local/lib/python3.8/site-packages/airflow/example_dags/example_latest_only.py
[2024-03-06T22:21:06.570+0000] {logging_mixin.py:188} INFO - [2024-03-06T22:21:06.570+0000] {dag.py:3047} INFO - Sync 1 DAGs
[2024-03-06T22:21:06.615+0000] {logging_mixin.py:188} INFO - [2024-03-06T22:21:06.615+0000] {dag.py:3834} INFO - Setting next_dagrun for latest_only to 2024-03-06 16:00:00+00:00, run_after=2024-03-06 20:00:00+00:00
[2024-03-06T22:21:06.644+0000] {processor.py:183} INFO - Processing /home/airflow/.local/lib/python3.8/site-packages/airflow/example_dags/example_latest_only.py took 0.242 seconds
[2024-03-06T22:21:37.094+0000] {processor.py:161} INFO - Started process (PID=476) to work on /home/airflow/.local/lib/python3.8/site-packages/airflow/example_dags/example_latest_only.py
[2024-03-06T22:21:37.097+0000] {processor.py:830} INFO - Processing file /home/airflow/.local/lib/python3.8/site-packages/airflow/example_dags/example_latest_only.py for tasks to queue
[2024-03-06T22:21:37.099+0000] {logging_mixin.py:188} INFO - [2024-03-06T22:21:37.099+0000] {dagbag.py:540} INFO - Filling up the DagBag from /home/airflow/.local/lib/python3.8/site-packages/airflow/example_dags/example_latest_only.py
[2024-03-06T22:21:37.106+0000] {processor.py:840} INFO - DAG(s) 'latest_only' retrieved from /home/airflow/.local/lib/python3.8/site-packages/airflow/example_dags/example_latest_only.py
[2024-03-06T22:21:37.140+0000] {logging_mixin.py:188} INFO - [2024-03-06T22:21:37.139+0000] {dag.py:3047} INFO - Sync 1 DAGs
[2024-03-06T22:21:37.171+0000] {logging_mixin.py:188} INFO - [2024-03-06T22:21:37.170+0000] {dag.py:3834} INFO - Setting next_dagrun for latest_only to 2024-03-06 16:00:00+00:00, run_after=2024-03-06 20:00:00+00:00
[2024-03-06T22:21:37.200+0000] {processor.py:183} INFO - Processing /home/airflow/.local/lib/python3.8/site-packages/airflow/example_dags/example_latest_only.py took 0.112 seconds
[2024-03-06T22:22:08.057+0000] {processor.py:161} INFO - Started process (PID=530) to work on /home/airflow/.local/lib/python3.8/site-packages/airflow/example_dags/example_latest_only.py
[2024-03-06T22:22:08.059+0000] {processor.py:830} INFO - Processing file /home/airflow/.local/lib/python3.8/site-packages/airflow/example_dags/example_latest_only.py for tasks to queue
[2024-03-06T22:22:08.061+0000] {logging_mixin.py:188} INFO - [2024-03-06T22:22:08.061+0000] {dagbag.py:540} INFO - Filling up the DagBag from /home/airflow/.local/lib/python3.8/site-packages/airflow/example_dags/example_latest_only.py
[2024-03-06T22:22:08.067+0000] {processor.py:840} INFO - DAG(s) 'latest_only' retrieved from /home/airflow/.local/lib/python3.8/site-packages/airflow/example_dags/example_latest_only.py
[2024-03-06T22:22:08.100+0000] {logging_mixin.py:188} INFO - [2024-03-06T22:22:08.100+0000] {dag.py:3047} INFO - Sync 1 DAGs
[2024-03-06T22:22:08.139+0000] {logging_mixin.py:188} INFO - [2024-03-06T22:22:08.139+0000] {dag.py:3834} INFO - Setting next_dagrun for latest_only to 2024-03-06 16:00:00+00:00, run_after=2024-03-06 20:00:00+00:00
[2024-03-06T22:22:08.172+0000] {processor.py:183} INFO - Processing /home/airflow/.local/lib/python3.8/site-packages/airflow/example_dags/example_latest_only.py took 0.121 seconds
[2024-03-06T22:22:38.360+0000] {processor.py:161} INFO - Started process (PID=585) to work on /home/airflow/.local/lib/python3.8/site-packages/airflow/example_dags/example_latest_only.py
[2024-03-06T22:22:38.365+0000] {processor.py:830} INFO - Processing file /home/airflow/.local/lib/python3.8/site-packages/airflow/example_dags/example_latest_only.py for tasks to queue
[2024-03-06T22:22:38.368+0000] {logging_mixin.py:188} INFO - [2024-03-06T22:22:38.367+0000] {dagbag.py:540} INFO - Filling up the DagBag from /home/airflow/.local/lib/python3.8/site-packages/airflow/example_dags/example_latest_only.py
[2024-03-06T22:22:38.376+0000] {processor.py:840} INFO - DAG(s) 'latest_only' retrieved from /home/airflow/.local/lib/python3.8/site-packages/airflow/example_dags/example_latest_only.py
[2024-03-06T22:22:38.406+0000] {logging_mixin.py:188} INFO - [2024-03-06T22:22:38.406+0000] {dag.py:3047} INFO - Sync 1 DAGs
[2024-03-06T22:22:38.441+0000] {logging_mixin.py:188} INFO - [2024-03-06T22:22:38.441+0000] {dag.py:3834} INFO - Setting next_dagrun for latest_only to 2024-03-06 16:00:00+00:00, run_after=2024-03-06 20:00:00+00:00
[2024-03-06T22:22:38.467+0000] {processor.py:183} INFO - Processing /home/airflow/.local/lib/python3.8/site-packages/airflow/example_dags/example_latest_only.py took 0.113 seconds
[2024-03-06T22:23:08.942+0000] {processor.py:161} INFO - Started process (PID=640) to work on /home/airflow/.local/lib/python3.8/site-packages/airflow/example_dags/example_latest_only.py
[2024-03-06T22:23:08.944+0000] {processor.py:830} INFO - Processing file /home/airflow/.local/lib/python3.8/site-packages/airflow/example_dags/example_latest_only.py for tasks to queue
[2024-03-06T22:23:08.947+0000] {logging_mixin.py:188} INFO - [2024-03-06T22:23:08.947+0000] {dagbag.py:540} INFO - Filling up the DagBag from /home/airflow/.local/lib/python3.8/site-packages/airflow/example_dags/example_latest_only.py
[2024-03-06T22:23:08.955+0000] {processor.py:840} INFO - DAG(s) 'latest_only' retrieved from /home/airflow/.local/lib/python3.8/site-packages/airflow/example_dags/example_latest_only.py
[2024-03-06T22:23:08.984+0000] {logging_mixin.py:188} INFO - [2024-03-06T22:23:08.984+0000] {dag.py:3047} INFO - Sync 1 DAGs
[2024-03-06T22:23:09.016+0000] {logging_mixin.py:188} INFO - [2024-03-06T22:23:09.015+0000] {dag.py:3834} INFO - Setting next_dagrun for latest_only to 2024-03-06 16:00:00+00:00, run_after=2024-03-06 20:00:00+00:00
[2024-03-06T22:23:09.046+0000] {processor.py:183} INFO - Processing /home/airflow/.local/lib/python3.8/site-packages/airflow/example_dags/example_latest_only.py took 0.109 seconds
[2024-03-06T22:23:39.314+0000] {processor.py:161} INFO - Started process (PID=694) to work on /home/airflow/.local/lib/python3.8/site-packages/airflow/example_dags/example_latest_only.py
[2024-03-06T22:23:39.316+0000] {processor.py:830} INFO - Processing file /home/airflow/.local/lib/python3.8/site-packages/airflow/example_dags/example_latest_only.py for tasks to queue
[2024-03-06T22:23:39.319+0000] {logging_mixin.py:188} INFO - [2024-03-06T22:23:39.319+0000] {dagbag.py:540} INFO - Filling up the DagBag from /home/airflow/.local/lib/python3.8/site-packages/airflow/example_dags/example_latest_only.py
[2024-03-06T22:23:39.326+0000] {processor.py:840} INFO - DAG(s) 'latest_only' retrieved from /home/airflow/.local/lib/python3.8/site-packages/airflow/example_dags/example_latest_only.py
[2024-03-06T22:23:39.356+0000] {logging_mixin.py:188} INFO - [2024-03-06T22:23:39.356+0000] {dag.py:3047} INFO - Sync 1 DAGs
[2024-03-06T22:23:39.387+0000] {logging_mixin.py:188} INFO - [2024-03-06T22:23:39.387+0000] {dag.py:3834} INFO - Setting next_dagrun for latest_only to 2024-03-06 16:00:00+00:00, run_after=2024-03-06 20:00:00+00:00
[2024-03-06T22:23:39.416+0000] {processor.py:183} INFO - Processing /home/airflow/.local/lib/python3.8/site-packages/airflow/example_dags/example_latest_only.py took 0.108 seconds
[2024-03-06T22:24:09.574+0000] {processor.py:161} INFO - Started process (PID=749) to work on /home/airflow/.local/lib/python3.8/site-packages/airflow/example_dags/example_latest_only.py
[2024-03-06T22:24:09.577+0000] {processor.py:830} INFO - Processing file /home/airflow/.local/lib/python3.8/site-packages/airflow/example_dags/example_latest_only.py for tasks to queue
[2024-03-06T22:24:09.581+0000] {logging_mixin.py:188} INFO - [2024-03-06T22:24:09.580+0000] {dagbag.py:540} INFO - Filling up the DagBag from /home/airflow/.local/lib/python3.8/site-packages/airflow/example_dags/example_latest_only.py
[2024-03-06T22:24:09.590+0000] {processor.py:840} INFO - DAG(s) 'latest_only' retrieved from /home/airflow/.local/lib/python3.8/site-packages/airflow/example_dags/example_latest_only.py
[2024-03-06T22:24:09.620+0000] {logging_mixin.py:188} INFO - [2024-03-06T22:24:09.620+0000] {dag.py:3047} INFO - Sync 1 DAGs
[2024-03-06T22:24:09.654+0000] {logging_mixin.py:188} INFO - [2024-03-06T22:24:09.654+0000] {dag.py:3834} INFO - Setting next_dagrun for latest_only to 2024-03-06 16:00:00+00:00, run_after=2024-03-06 20:00:00+00:00
[2024-03-06T22:24:09.682+0000] {processor.py:183} INFO - Processing /home/airflow/.local/lib/python3.8/site-packages/airflow/example_dags/example_latest_only.py took 0.114 seconds
[2024-03-06T22:24:40.172+0000] {processor.py:161} INFO - Started process (PID=804) to work on /home/airflow/.local/lib/python3.8/site-packages/airflow/example_dags/example_latest_only.py
[2024-03-06T22:24:40.173+0000] {processor.py:830} INFO - Processing file /home/airflow/.local/lib/python3.8/site-packages/airflow/example_dags/example_latest_only.py for tasks to queue
[2024-03-06T22:24:40.176+0000] {logging_mixin.py:188} INFO - [2024-03-06T22:24:40.176+0000] {dagbag.py:540} INFO - Filling up the DagBag from /home/airflow/.local/lib/python3.8/site-packages/airflow/example_dags/example_latest_only.py
[2024-03-06T22:24:40.183+0000] {processor.py:840} INFO - DAG(s) 'latest_only' retrieved from /home/airflow/.local/lib/python3.8/site-packages/airflow/example_dags/example_latest_only.py
[2024-03-06T22:24:40.215+0000] {logging_mixin.py:188} INFO - [2024-03-06T22:24:40.214+0000] {dag.py:3047} INFO - Sync 1 DAGs
[2024-03-06T22:24:40.246+0000] {logging_mixin.py:188} INFO - [2024-03-06T22:24:40.246+0000] {dag.py:3834} INFO - Setting next_dagrun for latest_only to 2024-03-06 16:00:00+00:00, run_after=2024-03-06 20:00:00+00:00
[2024-03-06T22:24:40.275+0000] {processor.py:183} INFO - Processing /home/airflow/.local/lib/python3.8/site-packages/airflow/example_dags/example_latest_only.py took 0.108 seconds
[2024-03-06T22:25:10.663+0000] {processor.py:161} INFO - Started process (PID=859) to work on /home/airflow/.local/lib/python3.8/site-packages/airflow/example_dags/example_latest_only.py
[2024-03-06T22:25:10.667+0000] {processor.py:830} INFO - Processing file /home/airflow/.local/lib/python3.8/site-packages/airflow/example_dags/example_latest_only.py for tasks to queue
[2024-03-06T22:25:10.671+0000] {logging_mixin.py:188} INFO - [2024-03-06T22:25:10.671+0000] {dagbag.py:540} INFO - Filling up the DagBag from /home/airflow/.local/lib/python3.8/site-packages/airflow/example_dags/example_latest_only.py
[2024-03-06T22:25:10.682+0000] {processor.py:840} INFO - DAG(s) 'latest_only' retrieved from /home/airflow/.local/lib/python3.8/site-packages/airflow/example_dags/example_latest_only.py
[2024-03-06T22:25:10.715+0000] {logging_mixin.py:188} INFO - [2024-03-06T22:25:10.715+0000] {dag.py:3047} INFO - Sync 1 DAGs
[2024-03-06T22:25:10.747+0000] {logging_mixin.py:188} INFO - [2024-03-06T22:25:10.746+0000] {dag.py:3834} INFO - Setting next_dagrun for latest_only to 2024-03-06 16:00:00+00:00, run_after=2024-03-06 20:00:00+00:00
[2024-03-06T22:25:10.776+0000] {processor.py:183} INFO - Processing /home/airflow/.local/lib/python3.8/site-packages/airflow/example_dags/example_latest_only.py took 0.119 seconds
[2024-03-06T22:25:41.053+0000] {processor.py:161} INFO - Started process (PID=913) to work on /home/airflow/.local/lib/python3.8/site-packages/airflow/example_dags/example_latest_only.py
[2024-03-06T22:25:41.056+0000] {processor.py:830} INFO - Processing file /home/airflow/.local/lib/python3.8/site-packages/airflow/example_dags/example_latest_only.py for tasks to queue
[2024-03-06T22:25:41.060+0000] {logging_mixin.py:188} INFO - [2024-03-06T22:25:41.059+0000] {dagbag.py:540} INFO - Filling up the DagBag from /home/airflow/.local/lib/python3.8/site-packages/airflow/example_dags/example_latest_only.py
[2024-03-06T22:25:41.069+0000] {processor.py:840} INFO - DAG(s) 'latest_only' retrieved from /home/airflow/.local/lib/python3.8/site-packages/airflow/example_dags/example_latest_only.py
[2024-03-06T22:25:41.161+0000] {logging_mixin.py:188} INFO - [2024-03-06T22:25:41.160+0000] {dag.py:3047} INFO - Sync 1 DAGs
[2024-03-06T22:25:41.205+0000] {logging_mixin.py:188} INFO - [2024-03-06T22:25:41.205+0000] {dag.py:3834} INFO - Setting next_dagrun for latest_only to 2024-03-06 16:00:00+00:00, run_after=2024-03-06 20:00:00+00:00
[2024-03-06T22:25:41.249+0000] {processor.py:183} INFO - Processing /home/airflow/.local/lib/python3.8/site-packages/airflow/example_dags/example_latest_only.py took 0.201 seconds
[2024-03-06T22:26:11.406+0000] {processor.py:161} INFO - Started process (PID=968) to work on /home/airflow/.local/lib/python3.8/site-packages/airflow/example_dags/example_latest_only.py
[2024-03-06T22:26:11.407+0000] {processor.py:830} INFO - Processing file /home/airflow/.local/lib/python3.8/site-packages/airflow/example_dags/example_latest_only.py for tasks to queue
[2024-03-06T22:26:11.410+0000] {logging_mixin.py:188} INFO - [2024-03-06T22:26:11.409+0000] {dagbag.py:540} INFO - Filling up the DagBag from /home/airflow/.local/lib/python3.8/site-packages/airflow/example_dags/example_latest_only.py
[2024-03-06T22:26:11.418+0000] {processor.py:840} INFO - DAG(s) 'latest_only' retrieved from /home/airflow/.local/lib/python3.8/site-packages/airflow/example_dags/example_latest_only.py
[2024-03-06T22:26:11.450+0000] {logging_mixin.py:188} INFO - [2024-03-06T22:26:11.450+0000] {dag.py:3047} INFO - Sync 1 DAGs
[2024-03-06T22:26:11.483+0000] {logging_mixin.py:188} INFO - [2024-03-06T22:26:11.482+0000] {dag.py:3834} INFO - Setting next_dagrun for latest_only to 2024-03-06 16:00:00+00:00, run_after=2024-03-06 20:00:00+00:00
[2024-03-06T22:26:11.518+0000] {processor.py:183} INFO - Processing /home/airflow/.local/lib/python3.8/site-packages/airflow/example_dags/example_latest_only.py took 0.117 seconds
[2024-03-06T22:26:41.596+0000] {processor.py:161} INFO - Started process (PID=1023) to work on /home/airflow/.local/lib/python3.8/site-packages/airflow/example_dags/example_latest_only.py
[2024-03-06T22:26:41.597+0000] {processor.py:830} INFO - Processing file /home/airflow/.local/lib/python3.8/site-packages/airflow/example_dags/example_latest_only.py for tasks to queue
[2024-03-06T22:26:41.601+0000] {logging_mixin.py:188} INFO - [2024-03-06T22:26:41.600+0000] {dagbag.py:540} INFO - Filling up the DagBag from /home/airflow/.local/lib/python3.8/site-packages/airflow/example_dags/example_latest_only.py
[2024-03-06T22:26:41.608+0000] {processor.py:840} INFO - DAG(s) 'latest_only' retrieved from /home/airflow/.local/lib/python3.8/site-packages/airflow/example_dags/example_latest_only.py
[2024-03-06T22:26:41.666+0000] {logging_mixin.py:188} INFO - [2024-03-06T22:26:41.665+0000] {dag.py:3047} INFO - Sync 1 DAGs
[2024-03-06T22:26:41.792+0000] {logging_mixin.py:188} INFO - [2024-03-06T22:26:41.790+0000] {dag.py:3834} INFO - Setting next_dagrun for latest_only to 2024-03-06 16:00:00+00:00, run_after=2024-03-06 20:00:00+00:00
[2024-03-06T22:26:41.824+0000] {processor.py:183} INFO - Processing /home/airflow/.local/lib/python3.8/site-packages/airflow/example_dags/example_latest_only.py took 0.235 seconds
[2024-03-06T22:27:12.155+0000] {processor.py:161} INFO - Started process (PID=1078) to work on /home/airflow/.local/lib/python3.8/site-packages/airflow/example_dags/example_latest_only.py
[2024-03-06T22:27:12.161+0000] {processor.py:830} INFO - Processing file /home/airflow/.local/lib/python3.8/site-packages/airflow/example_dags/example_latest_only.py for tasks to queue
[2024-03-06T22:27:12.169+0000] {logging_mixin.py:188} INFO - [2024-03-06T22:27:12.168+0000] {dagbag.py:540} INFO - Filling up the DagBag from /home/airflow/.local/lib/python3.8/site-packages/airflow/example_dags/example_latest_only.py
[2024-03-06T22:27:12.181+0000] {processor.py:840} INFO - DAG(s) 'latest_only' retrieved from /home/airflow/.local/lib/python3.8/site-packages/airflow/example_dags/example_latest_only.py
[2024-03-06T22:27:12.212+0000] {logging_mixin.py:188} INFO - [2024-03-06T22:27:12.212+0000] {dag.py:3047} INFO - Sync 1 DAGs
[2024-03-06T22:27:12.243+0000] {logging_mixin.py:188} INFO - [2024-03-06T22:27:12.243+0000] {dag.py:3834} INFO - Setting next_dagrun for latest_only to 2024-03-06 16:00:00+00:00, run_after=2024-03-06 20:00:00+00:00
[2024-03-06T22:27:12.273+0000] {processor.py:183} INFO - Processing /home/airflow/.local/lib/python3.8/site-packages/airflow/example_dags/example_latest_only.py took 0.123 seconds
[2024-03-06T22:27:42.965+0000] {processor.py:161} INFO - Started process (PID=1133) to work on /home/airflow/.local/lib/python3.8/site-packages/airflow/example_dags/example_latest_only.py
[2024-03-06T22:27:42.967+0000] {processor.py:830} INFO - Processing file /home/airflow/.local/lib/python3.8/site-packages/airflow/example_dags/example_latest_only.py for tasks to queue
[2024-03-06T22:27:42.971+0000] {logging_mixin.py:188} INFO - [2024-03-06T22:27:42.970+0000] {dagbag.py:540} INFO - Filling up the DagBag from /home/airflow/.local/lib/python3.8/site-packages/airflow/example_dags/example_latest_only.py
[2024-03-06T22:27:42.979+0000] {processor.py:840} INFO - DAG(s) 'latest_only' retrieved from /home/airflow/.local/lib/python3.8/site-packages/airflow/example_dags/example_latest_only.py
[2024-03-06T22:27:43.020+0000] {logging_mixin.py:188} INFO - [2024-03-06T22:27:43.020+0000] {dag.py:3047} INFO - Sync 1 DAGs
[2024-03-06T22:27:43.077+0000] {logging_mixin.py:188} INFO - [2024-03-06T22:27:43.077+0000] {dag.py:3834} INFO - Setting next_dagrun for latest_only to 2024-03-06 16:00:00+00:00, run_after=2024-03-06 20:00:00+00:00
[2024-03-06T22:27:43.108+0000] {processor.py:183} INFO - Processing /home/airflow/.local/lib/python3.8/site-packages/airflow/example_dags/example_latest_only.py took 0.149 seconds
[2024-03-06T22:28:13.230+0000] {processor.py:161} INFO - Started process (PID=1188) to work on /home/airflow/.local/lib/python3.8/site-packages/airflow/example_dags/example_latest_only.py
[2024-03-06T22:28:13.231+0000] {processor.py:830} INFO - Processing file /home/airflow/.local/lib/python3.8/site-packages/airflow/example_dags/example_latest_only.py for tasks to queue
[2024-03-06T22:28:13.234+0000] {logging_mixin.py:188} INFO - [2024-03-06T22:28:13.234+0000] {dagbag.py:540} INFO - Filling up the DagBag from /home/airflow/.local/lib/python3.8/site-packages/airflow/example_dags/example_latest_only.py
[2024-03-06T22:28:13.243+0000] {processor.py:840} INFO - DAG(s) 'latest_only' retrieved from /home/airflow/.local/lib/python3.8/site-packages/airflow/example_dags/example_latest_only.py
[2024-03-06T22:28:13.280+0000] {logging_mixin.py:188} INFO - [2024-03-06T22:28:13.279+0000] {dag.py:3047} INFO - Sync 1 DAGs
[2024-03-06T22:28:13.325+0000] {logging_mixin.py:188} INFO - [2024-03-06T22:28:13.325+0000] {dag.py:3834} INFO - Setting next_dagrun for latest_only to 2024-03-06 16:00:00+00:00, run_after=2024-03-06 20:00:00+00:00
[2024-03-06T22:28:13.366+0000] {processor.py:183} INFO - Processing /home/airflow/.local/lib/python3.8/site-packages/airflow/example_dags/example_latest_only.py took 0.142 seconds
[2024-03-06T22:28:43.479+0000] {processor.py:161} INFO - Started process (PID=1243) to work on /home/airflow/.local/lib/python3.8/site-packages/airflow/example_dags/example_latest_only.py
[2024-03-06T22:28:43.481+0000] {processor.py:830} INFO - Processing file /home/airflow/.local/lib/python3.8/site-packages/airflow/example_dags/example_latest_only.py for tasks to queue
[2024-03-06T22:28:43.486+0000] {logging_mixin.py:188} INFO - [2024-03-06T22:28:43.486+0000] {dagbag.py:540} INFO - Filling up the DagBag from /home/airflow/.local/lib/python3.8/site-packages/airflow/example_dags/example_latest_only.py
[2024-03-06T22:28:43.493+0000] {processor.py:840} INFO - DAG(s) 'latest_only' retrieved from /home/airflow/.local/lib/python3.8/site-packages/airflow/example_dags/example_latest_only.py
[2024-03-06T22:28:43.524+0000] {logging_mixin.py:188} INFO - [2024-03-06T22:28:43.523+0000] {dag.py:3047} INFO - Sync 1 DAGs
[2024-03-06T22:28:43.560+0000] {logging_mixin.py:188} INFO - [2024-03-06T22:28:43.560+0000] {dag.py:3834} INFO - Setting next_dagrun for latest_only to 2024-03-06 16:00:00+00:00, run_after=2024-03-06 20:00:00+00:00
[2024-03-06T22:28:43.586+0000] {processor.py:183} INFO - Processing /home/airflow/.local/lib/python3.8/site-packages/airflow/example_dags/example_latest_only.py took 0.113 seconds
[2024-03-06T22:29:13.803+0000] {processor.py:161} INFO - Started process (PID=1298) to work on /home/airflow/.local/lib/python3.8/site-packages/airflow/example_dags/example_latest_only.py
[2024-03-06T22:29:13.805+0000] {processor.py:830} INFO - Processing file /home/airflow/.local/lib/python3.8/site-packages/airflow/example_dags/example_latest_only.py for tasks to queue
[2024-03-06T22:29:13.808+0000] {logging_mixin.py:188} INFO - [2024-03-06T22:29:13.808+0000] {dagbag.py:540} INFO - Filling up the DagBag from /home/airflow/.local/lib/python3.8/site-packages/airflow/example_dags/example_latest_only.py
[2024-03-06T22:29:13.816+0000] {processor.py:840} INFO - DAG(s) 'latest_only' retrieved from /home/airflow/.local/lib/python3.8/site-packages/airflow/example_dags/example_latest_only.py
[2024-03-06T22:29:13.846+0000] {logging_mixin.py:188} INFO - [2024-03-06T22:29:13.846+0000] {dag.py:3047} INFO - Sync 1 DAGs
[2024-03-06T22:29:13.877+0000] {logging_mixin.py:188} INFO - [2024-03-06T22:29:13.877+0000] {dag.py:3834} INFO - Setting next_dagrun for latest_only to 2024-03-06 16:00:00+00:00, run_after=2024-03-06 20:00:00+00:00
[2024-03-06T22:29:13.907+0000] {processor.py:183} INFO - Processing /home/airflow/.local/lib/python3.8/site-packages/airflow/example_dags/example_latest_only.py took 0.109 seconds
[2024-03-06T22:29:44.055+0000] {processor.py:161} INFO - Started process (PID=1353) to work on /home/airflow/.local/lib/python3.8/site-packages/airflow/example_dags/example_latest_only.py
[2024-03-06T22:29:44.056+0000] {processor.py:830} INFO - Processing file /home/airflow/.local/lib/python3.8/site-packages/airflow/example_dags/example_latest_only.py for tasks to queue
[2024-03-06T22:29:44.059+0000] {logging_mixin.py:188} INFO - [2024-03-06T22:29:44.058+0000] {dagbag.py:540} INFO - Filling up the DagBag from /home/airflow/.local/lib/python3.8/site-packages/airflow/example_dags/example_latest_only.py
[2024-03-06T22:29:44.066+0000] {processor.py:840} INFO - DAG(s) 'latest_only' retrieved from /home/airflow/.local/lib/python3.8/site-packages/airflow/example_dags/example_latest_only.py
[2024-03-06T22:29:44.096+0000] {logging_mixin.py:188} INFO - [2024-03-06T22:29:44.096+0000] {dag.py:3047} INFO - Sync 1 DAGs
[2024-03-06T22:29:44.128+0000] {logging_mixin.py:188} INFO - [2024-03-06T22:29:44.128+0000] {dag.py:3834} INFO - Setting next_dagrun for latest_only to 2024-03-06 16:00:00+00:00, run_after=2024-03-06 20:00:00+00:00
[2024-03-06T22:29:44.163+0000] {processor.py:183} INFO - Processing /home/airflow/.local/lib/python3.8/site-packages/airflow/example_dags/example_latest_only.py took 0.114 seconds
[2024-03-06T22:30:14.466+0000] {processor.py:161} INFO - Started process (PID=1407) to work on /home/airflow/.local/lib/python3.8/site-packages/airflow/example_dags/example_latest_only.py
[2024-03-06T22:30:14.468+0000] {processor.py:830} INFO - Processing file /home/airflow/.local/lib/python3.8/site-packages/airflow/example_dags/example_latest_only.py for tasks to queue
[2024-03-06T22:30:14.471+0000] {logging_mixin.py:188} INFO - [2024-03-06T22:30:14.471+0000] {dagbag.py:540} INFO - Filling up the DagBag from /home/airflow/.local/lib/python3.8/site-packages/airflow/example_dags/example_latest_only.py
[2024-03-06T22:30:14.479+0000] {processor.py:840} INFO - DAG(s) 'latest_only' retrieved from /home/airflow/.local/lib/python3.8/site-packages/airflow/example_dags/example_latest_only.py
[2024-03-06T22:30:14.510+0000] {logging_mixin.py:188} INFO - [2024-03-06T22:30:14.510+0000] {dag.py:3047} INFO - Sync 1 DAGs
[2024-03-06T22:30:14.542+0000] {logging_mixin.py:188} INFO - [2024-03-06T22:30:14.541+0000] {dag.py:3834} INFO - Setting next_dagrun for latest_only to 2024-03-06 16:00:00+00:00, run_after=2024-03-06 20:00:00+00:00
[2024-03-06T22:30:14.576+0000] {processor.py:183} INFO - Processing /home/airflow/.local/lib/python3.8/site-packages/airflow/example_dags/example_latest_only.py took 0.114 seconds
[2024-03-06T22:30:45.046+0000] {processor.py:161} INFO - Started process (PID=1462) to work on /home/airflow/.local/lib/python3.8/site-packages/airflow/example_dags/example_latest_only.py
[2024-03-06T22:30:45.050+0000] {processor.py:830} INFO - Processing file /home/airflow/.local/lib/python3.8/site-packages/airflow/example_dags/example_latest_only.py for tasks to queue
[2024-03-06T22:30:45.053+0000] {logging_mixin.py:188} INFO - [2024-03-06T22:30:45.052+0000] {dagbag.py:540} INFO - Filling up the DagBag from /home/airflow/.local/lib/python3.8/site-packages/airflow/example_dags/example_latest_only.py
[2024-03-06T22:30:45.062+0000] {processor.py:840} INFO - DAG(s) 'latest_only' retrieved from /home/airflow/.local/lib/python3.8/site-packages/airflow/example_dags/example_latest_only.py
[2024-03-06T22:30:45.093+0000] {logging_mixin.py:188} INFO - [2024-03-06T22:30:45.092+0000] {dag.py:3047} INFO - Sync 1 DAGs
[2024-03-06T22:30:45.126+0000] {logging_mixin.py:188} INFO - [2024-03-06T22:30:45.126+0000] {dag.py:3834} INFO - Setting next_dagrun for latest_only to 2024-03-06 16:00:00+00:00, run_after=2024-03-06 20:00:00+00:00
[2024-03-06T22:30:45.159+0000] {processor.py:183} INFO - Processing /home/airflow/.local/lib/python3.8/site-packages/airflow/example_dags/example_latest_only.py took 0.119 seconds
[2024-03-06T22:31:15.809+0000] {processor.py:161} INFO - Started process (PID=1517) to work on /home/airflow/.local/lib/python3.8/site-packages/airflow/example_dags/example_latest_only.py
[2024-03-06T22:31:15.813+0000] {processor.py:830} INFO - Processing file /home/airflow/.local/lib/python3.8/site-packages/airflow/example_dags/example_latest_only.py for tasks to queue
[2024-03-06T22:31:15.824+0000] {logging_mixin.py:188} INFO - [2024-03-06T22:31:15.824+0000] {dagbag.py:540} INFO - Filling up the DagBag from /home/airflow/.local/lib/python3.8/site-packages/airflow/example_dags/example_latest_only.py
[2024-03-06T22:31:15.841+0000] {processor.py:840} INFO - DAG(s) 'latest_only' retrieved from /home/airflow/.local/lib/python3.8/site-packages/airflow/example_dags/example_latest_only.py
[2024-03-06T22:31:15.913+0000] {logging_mixin.py:188} INFO - [2024-03-06T22:31:15.913+0000] {dag.py:3047} INFO - Sync 1 DAGs
[2024-03-06T22:31:15.952+0000] {logging_mixin.py:188} INFO - [2024-03-06T22:31:15.951+0000] {dag.py:3834} INFO - Setting next_dagrun for latest_only to 2024-03-06 16:00:00+00:00, run_after=2024-03-06 20:00:00+00:00
[2024-03-06T22:31:15.999+0000] {processor.py:183} INFO - Processing /home/airflow/.local/lib/python3.8/site-packages/airflow/example_dags/example_latest_only.py took 0.195 seconds
[2024-03-06T22:31:46.121+0000] {processor.py:161} INFO - Started process (PID=1572) to work on /home/airflow/.local/lib/python3.8/site-packages/airflow/example_dags/example_latest_only.py
[2024-03-06T22:31:46.123+0000] {processor.py:830} INFO - Processing file /home/airflow/.local/lib/python3.8/site-packages/airflow/example_dags/example_latest_only.py for tasks to queue
[2024-03-06T22:31:46.126+0000] {logging_mixin.py:188} INFO - [2024-03-06T22:31:46.126+0000] {dagbag.py:540} INFO - Filling up the DagBag from /home/airflow/.local/lib/python3.8/site-packages/airflow/example_dags/example_latest_only.py
[2024-03-06T22:31:46.135+0000] {processor.py:840} INFO - DAG(s) 'latest_only' retrieved from /home/airflow/.local/lib/python3.8/site-packages/airflow/example_dags/example_latest_only.py
[2024-03-06T22:31:46.203+0000] {logging_mixin.py:188} INFO - [2024-03-06T22:31:46.202+0000] {dag.py:3047} INFO - Sync 1 DAGs
[2024-03-06T22:31:46.255+0000] {logging_mixin.py:188} INFO - [2024-03-06T22:31:46.254+0000] {dag.py:3834} INFO - Setting next_dagrun for latest_only to 2024-03-06 16:00:00+00:00, run_after=2024-03-06 20:00:00+00:00
[2024-03-06T22:31:46.299+0000] {processor.py:183} INFO - Processing /home/airflow/.local/lib/python3.8/site-packages/airflow/example_dags/example_latest_only.py took 0.183 seconds
[2024-03-06T22:32:16.342+0000] {processor.py:161} INFO - Started process (PID=1626) to work on /home/airflow/.local/lib/python3.8/site-packages/airflow/example_dags/example_latest_only.py
[2024-03-06T22:32:16.344+0000] {processor.py:830} INFO - Processing file /home/airflow/.local/lib/python3.8/site-packages/airflow/example_dags/example_latest_only.py for tasks to queue
[2024-03-06T22:32:16.346+0000] {logging_mixin.py:188} INFO - [2024-03-06T22:32:16.346+0000] {dagbag.py:540} INFO - Filling up the DagBag from /home/airflow/.local/lib/python3.8/site-packages/airflow/example_dags/example_latest_only.py
[2024-03-06T22:32:16.354+0000] {processor.py:840} INFO - DAG(s) 'latest_only' retrieved from /home/airflow/.local/lib/python3.8/site-packages/airflow/example_dags/example_latest_only.py
[2024-03-06T22:32:16.386+0000] {logging_mixin.py:188} INFO - [2024-03-06T22:32:16.385+0000] {dag.py:3047} INFO - Sync 1 DAGs
[2024-03-06T22:32:16.415+0000] {logging_mixin.py:188} INFO - [2024-03-06T22:32:16.415+0000] {dag.py:3834} INFO - Setting next_dagrun for latest_only to 2024-03-06 16:00:00+00:00, run_after=2024-03-06 20:00:00+00:00
[2024-03-06T22:32:16.448+0000] {processor.py:183} INFO - Processing /home/airflow/.local/lib/python3.8/site-packages/airflow/example_dags/example_latest_only.py took 0.113 seconds
[2024-03-06T22:32:47.126+0000] {processor.py:161} INFO - Started process (PID=1681) to work on /home/airflow/.local/lib/python3.8/site-packages/airflow/example_dags/example_latest_only.py
[2024-03-06T22:32:47.128+0000] {processor.py:830} INFO - Processing file /home/airflow/.local/lib/python3.8/site-packages/airflow/example_dags/example_latest_only.py for tasks to queue
[2024-03-06T22:32:47.131+0000] {logging_mixin.py:188} INFO - [2024-03-06T22:32:47.131+0000] {dagbag.py:540} INFO - Filling up the DagBag from /home/airflow/.local/lib/python3.8/site-packages/airflow/example_dags/example_latest_only.py
[2024-03-06T22:32:47.140+0000] {processor.py:840} INFO - DAG(s) 'latest_only' retrieved from /home/airflow/.local/lib/python3.8/site-packages/airflow/example_dags/example_latest_only.py
[2024-03-06T22:32:47.167+0000] {logging_mixin.py:188} INFO - [2024-03-06T22:32:47.167+0000] {dag.py:3047} INFO - Sync 1 DAGs
[2024-03-06T22:32:47.198+0000] {logging_mixin.py:188} INFO - [2024-03-06T22:32:47.197+0000] {dag.py:3834} INFO - Setting next_dagrun for latest_only to 2024-03-06 16:00:00+00:00, run_after=2024-03-06 20:00:00+00:00
[2024-03-06T22:32:47.226+0000] {processor.py:183} INFO - Processing /home/airflow/.local/lib/python3.8/site-packages/airflow/example_dags/example_latest_only.py took 0.105 seconds
[2024-03-06T22:33:17.362+0000] {processor.py:161} INFO - Started process (PID=1734) to work on /home/airflow/.local/lib/python3.8/site-packages/airflow/example_dags/example_latest_only.py
[2024-03-06T22:33:17.366+0000] {processor.py:830} INFO - Processing file /home/airflow/.local/lib/python3.8/site-packages/airflow/example_dags/example_latest_only.py for tasks to queue
[2024-03-06T22:33:17.374+0000] {logging_mixin.py:188} INFO - [2024-03-06T22:33:17.373+0000] {dagbag.py:540} INFO - Filling up the DagBag from /home/airflow/.local/lib/python3.8/site-packages/airflow/example_dags/example_latest_only.py
[2024-03-06T22:33:17.385+0000] {processor.py:840} INFO - DAG(s) 'latest_only' retrieved from /home/airflow/.local/lib/python3.8/site-packages/airflow/example_dags/example_latest_only.py
[2024-03-06T22:33:17.421+0000] {logging_mixin.py:188} INFO - [2024-03-06T22:33:17.421+0000] {dag.py:3047} INFO - Sync 1 DAGs
[2024-03-06T22:33:17.460+0000] {logging_mixin.py:188} INFO - [2024-03-06T22:33:17.459+0000] {dag.py:3834} INFO - Setting next_dagrun for latest_only to 2024-03-06 16:00:00+00:00, run_after=2024-03-06 20:00:00+00:00
[2024-03-06T22:33:17.491+0000] {processor.py:183} INFO - Processing /home/airflow/.local/lib/python3.8/site-packages/airflow/example_dags/example_latest_only.py took 0.135 seconds
[2024-03-06T22:33:48.159+0000] {processor.py:161} INFO - Started process (PID=1789) to work on /home/airflow/.local/lib/python3.8/site-packages/airflow/example_dags/example_latest_only.py
[2024-03-06T22:33:48.163+0000] {processor.py:830} INFO - Processing file /home/airflow/.local/lib/python3.8/site-packages/airflow/example_dags/example_latest_only.py for tasks to queue
[2024-03-06T22:33:48.166+0000] {logging_mixin.py:188} INFO - [2024-03-06T22:33:48.166+0000] {dagbag.py:540} INFO - Filling up the DagBag from /home/airflow/.local/lib/python3.8/site-packages/airflow/example_dags/example_latest_only.py
[2024-03-06T22:33:48.175+0000] {processor.py:840} INFO - DAG(s) 'latest_only' retrieved from /home/airflow/.local/lib/python3.8/site-packages/airflow/example_dags/example_latest_only.py
[2024-03-06T22:33:48.211+0000] {logging_mixin.py:188} INFO - [2024-03-06T22:33:48.211+0000] {dag.py:3047} INFO - Sync 1 DAGs
[2024-03-06T22:33:48.245+0000] {logging_mixin.py:188} INFO - [2024-03-06T22:33:48.243+0000] {dag.py:3834} INFO - Setting next_dagrun for latest_only to 2024-03-06 16:00:00+00:00, run_after=2024-03-06 20:00:00+00:00
[2024-03-06T22:33:48.278+0000] {processor.py:183} INFO - Processing /home/airflow/.local/lib/python3.8/site-packages/airflow/example_dags/example_latest_only.py took 0.126 seconds
[2024-03-06T22:34:18.431+0000] {processor.py:161} INFO - Started process (PID=1844) to work on /home/airflow/.local/lib/python3.8/site-packages/airflow/example_dags/example_latest_only.py
[2024-03-06T22:34:18.433+0000] {processor.py:830} INFO - Processing file /home/airflow/.local/lib/python3.8/site-packages/airflow/example_dags/example_latest_only.py for tasks to queue
[2024-03-06T22:34:18.437+0000] {logging_mixin.py:188} INFO - [2024-03-06T22:34:18.436+0000] {dagbag.py:540} INFO - Filling up the DagBag from /home/airflow/.local/lib/python3.8/site-packages/airflow/example_dags/example_latest_only.py
[2024-03-06T22:34:18.444+0000] {processor.py:840} INFO - DAG(s) 'latest_only' retrieved from /home/airflow/.local/lib/python3.8/site-packages/airflow/example_dags/example_latest_only.py
[2024-03-06T22:34:18.475+0000] {logging_mixin.py:188} INFO - [2024-03-06T22:34:18.474+0000] {dag.py:3047} INFO - Sync 1 DAGs
[2024-03-06T22:34:18.508+0000] {logging_mixin.py:188} INFO - [2024-03-06T22:34:18.508+0000] {dag.py:3834} INFO - Setting next_dagrun for latest_only to 2024-03-06 16:00:00+00:00, run_after=2024-03-06 20:00:00+00:00
[2024-03-06T22:34:18.544+0000] {processor.py:183} INFO - Processing /home/airflow/.local/lib/python3.8/site-packages/airflow/example_dags/example_latest_only.py took 0.119 seconds
[2024-03-06T22:34:48.613+0000] {processor.py:161} INFO - Started process (PID=1899) to work on /home/airflow/.local/lib/python3.8/site-packages/airflow/example_dags/example_latest_only.py
[2024-03-06T22:34:48.614+0000] {processor.py:830} INFO - Processing file /home/airflow/.local/lib/python3.8/site-packages/airflow/example_dags/example_latest_only.py for tasks to queue
[2024-03-06T22:34:48.618+0000] {logging_mixin.py:188} INFO - [2024-03-06T22:34:48.617+0000] {dagbag.py:540} INFO - Filling up the DagBag from /home/airflow/.local/lib/python3.8/site-packages/airflow/example_dags/example_latest_only.py
[2024-03-06T22:34:48.625+0000] {processor.py:840} INFO - DAG(s) 'latest_only' retrieved from /home/airflow/.local/lib/python3.8/site-packages/airflow/example_dags/example_latest_only.py
[2024-03-06T22:34:48.657+0000] {logging_mixin.py:188} INFO - [2024-03-06T22:34:48.657+0000] {dag.py:3047} INFO - Sync 1 DAGs
[2024-03-06T22:34:48.688+0000] {logging_mixin.py:188} INFO - [2024-03-06T22:34:48.688+0000] {dag.py:3834} INFO - Setting next_dagrun for latest_only to 2024-03-06 16:00:00+00:00, run_after=2024-03-06 20:00:00+00:00
[2024-03-06T22:34:48.719+0000] {processor.py:183} INFO - Processing /home/airflow/.local/lib/python3.8/site-packages/airflow/example_dags/example_latest_only.py took 0.111 seconds
[2024-03-06T22:35:19.271+0000] {processor.py:161} INFO - Started process (PID=1954) to work on /home/airflow/.local/lib/python3.8/site-packages/airflow/example_dags/example_latest_only.py
[2024-03-06T22:35:19.273+0000] {processor.py:830} INFO - Processing file /home/airflow/.local/lib/python3.8/site-packages/airflow/example_dags/example_latest_only.py for tasks to queue
[2024-03-06T22:35:19.276+0000] {logging_mixin.py:188} INFO - [2024-03-06T22:35:19.276+0000] {dagbag.py:540} INFO - Filling up the DagBag from /home/airflow/.local/lib/python3.8/site-packages/airflow/example_dags/example_latest_only.py
[2024-03-06T22:35:19.283+0000] {processor.py:840} INFO - DAG(s) 'latest_only' retrieved from /home/airflow/.local/lib/python3.8/site-packages/airflow/example_dags/example_latest_only.py
[2024-03-06T22:35:19.314+0000] {logging_mixin.py:188} INFO - [2024-03-06T22:35:19.314+0000] {dag.py:3047} INFO - Sync 1 DAGs
[2024-03-06T22:35:19.347+0000] {logging_mixin.py:188} INFO - [2024-03-06T22:35:19.347+0000] {dag.py:3834} INFO - Setting next_dagrun for latest_only to 2024-03-06 16:00:00+00:00, run_after=2024-03-06 20:00:00+00:00
[2024-03-06T22:35:19.378+0000] {processor.py:183} INFO - Processing /home/airflow/.local/lib/python3.8/site-packages/airflow/example_dags/example_latest_only.py took 0.112 seconds
[2024-03-06T22:35:49.845+0000] {processor.py:161} INFO - Started process (PID=2009) to work on /home/airflow/.local/lib/python3.8/site-packages/airflow/example_dags/example_latest_only.py
[2024-03-06T22:35:49.847+0000] {processor.py:830} INFO - Processing file /home/airflow/.local/lib/python3.8/site-packages/airflow/example_dags/example_latest_only.py for tasks to queue
[2024-03-06T22:35:49.854+0000] {logging_mixin.py:188} INFO - [2024-03-06T22:35:49.853+0000] {dagbag.py:540} INFO - Filling up the DagBag from /home/airflow/.local/lib/python3.8/site-packages/airflow/example_dags/example_latest_only.py
[2024-03-06T22:35:49.880+0000] {processor.py:840} INFO - DAG(s) 'latest_only' retrieved from /home/airflow/.local/lib/python3.8/site-packages/airflow/example_dags/example_latest_only.py
[2024-03-06T22:35:49.920+0000] {logging_mixin.py:188} INFO - [2024-03-06T22:35:49.919+0000] {dag.py:3047} INFO - Sync 1 DAGs
[2024-03-06T22:35:49.954+0000] {logging_mixin.py:188} INFO - [2024-03-06T22:35:49.954+0000] {dag.py:3834} INFO - Setting next_dagrun for latest_only to 2024-03-06 16:00:00+00:00, run_after=2024-03-06 20:00:00+00:00
[2024-03-06T22:35:49.989+0000] {processor.py:183} INFO - Processing /home/airflow/.local/lib/python3.8/site-packages/airflow/example_dags/example_latest_only.py took 0.150 seconds
[2024-03-06T22:36:20.248+0000] {processor.py:161} INFO - Started process (PID=2064) to work on /home/airflow/.local/lib/python3.8/site-packages/airflow/example_dags/example_latest_only.py
[2024-03-06T22:36:20.250+0000] {processor.py:830} INFO - Processing file /home/airflow/.local/lib/python3.8/site-packages/airflow/example_dags/example_latest_only.py for tasks to queue
[2024-03-06T22:36:20.252+0000] {logging_mixin.py:188} INFO - [2024-03-06T22:36:20.252+0000] {dagbag.py:540} INFO - Filling up the DagBag from /home/airflow/.local/lib/python3.8/site-packages/airflow/example_dags/example_latest_only.py
[2024-03-06T22:36:20.259+0000] {processor.py:840} INFO - DAG(s) 'latest_only' retrieved from /home/airflow/.local/lib/python3.8/site-packages/airflow/example_dags/example_latest_only.py
[2024-03-06T22:36:20.288+0000] {logging_mixin.py:188} INFO - [2024-03-06T22:36:20.287+0000] {dag.py:3047} INFO - Sync 1 DAGs
[2024-03-06T22:36:20.316+0000] {logging_mixin.py:188} INFO - [2024-03-06T22:36:20.316+0000] {dag.py:3834} INFO - Setting next_dagrun for latest_only to 2024-03-06 16:00:00+00:00, run_after=2024-03-06 20:00:00+00:00
[2024-03-06T22:36:20.346+0000] {processor.py:183} INFO - Processing /home/airflow/.local/lib/python3.8/site-packages/airflow/example_dags/example_latest_only.py took 0.104 seconds
[2024-03-06T22:36:51.032+0000] {processor.py:161} INFO - Started process (PID=2118) to work on /home/airflow/.local/lib/python3.8/site-packages/airflow/example_dags/example_latest_only.py
[2024-03-06T22:36:51.035+0000] {processor.py:830} INFO - Processing file /home/airflow/.local/lib/python3.8/site-packages/airflow/example_dags/example_latest_only.py for tasks to queue
[2024-03-06T22:36:51.038+0000] {logging_mixin.py:188} INFO - [2024-03-06T22:36:51.038+0000] {dagbag.py:540} INFO - Filling up the DagBag from /home/airflow/.local/lib/python3.8/site-packages/airflow/example_dags/example_latest_only.py
[2024-03-06T22:36:51.045+0000] {processor.py:840} INFO - DAG(s) 'latest_only' retrieved from /home/airflow/.local/lib/python3.8/site-packages/airflow/example_dags/example_latest_only.py
[2024-03-06T22:36:51.075+0000] {logging_mixin.py:188} INFO - [2024-03-06T22:36:51.074+0000] {dag.py:3047} INFO - Sync 1 DAGs
[2024-03-06T22:36:51.105+0000] {logging_mixin.py:188} INFO - [2024-03-06T22:36:51.105+0000] {dag.py:3834} INFO - Setting next_dagrun for latest_only to 2024-03-06 16:00:00+00:00, run_after=2024-03-06 20:00:00+00:00
[2024-03-06T22:36:51.137+0000] {processor.py:183} INFO - Processing /home/airflow/.local/lib/python3.8/site-packages/airflow/example_dags/example_latest_only.py took 0.111 seconds
[2024-03-06T22:37:21.364+0000] {processor.py:161} INFO - Started process (PID=2173) to work on /home/airflow/.local/lib/python3.8/site-packages/airflow/example_dags/example_latest_only.py
[2024-03-06T22:37:21.366+0000] {processor.py:830} INFO - Processing file /home/airflow/.local/lib/python3.8/site-packages/airflow/example_dags/example_latest_only.py for tasks to queue
[2024-03-06T22:37:21.370+0000] {logging_mixin.py:188} INFO - [2024-03-06T22:37:21.369+0000] {dagbag.py:540} INFO - Filling up the DagBag from /home/airflow/.local/lib/python3.8/site-packages/airflow/example_dags/example_latest_only.py
[2024-03-06T22:37:21.377+0000] {processor.py:840} INFO - DAG(s) 'latest_only' retrieved from /home/airflow/.local/lib/python3.8/site-packages/airflow/example_dags/example_latest_only.py
[2024-03-06T22:37:21.412+0000] {logging_mixin.py:188} INFO - [2024-03-06T22:37:21.412+0000] {dag.py:3047} INFO - Sync 1 DAGs
[2024-03-06T22:37:21.452+0000] {logging_mixin.py:188} INFO - [2024-03-06T22:37:21.452+0000] {dag.py:3834} INFO - Setting next_dagrun for latest_only to 2024-03-06 16:00:00+00:00, run_after=2024-03-06 20:00:00+00:00
[2024-03-06T22:37:21.494+0000] {processor.py:183} INFO - Processing /home/airflow/.local/lib/python3.8/site-packages/airflow/example_dags/example_latest_only.py took 0.137 seconds
[2024-03-06T22:37:51.644+0000] {processor.py:161} INFO - Started process (PID=2228) to work on /home/airflow/.local/lib/python3.8/site-packages/airflow/example_dags/example_latest_only.py
[2024-03-06T22:37:51.646+0000] {processor.py:830} INFO - Processing file /home/airflow/.local/lib/python3.8/site-packages/airflow/example_dags/example_latest_only.py for tasks to queue
[2024-03-06T22:37:51.650+0000] {logging_mixin.py:188} INFO - [2024-03-06T22:37:51.649+0000] {dagbag.py:540} INFO - Filling up the DagBag from /home/airflow/.local/lib/python3.8/site-packages/airflow/example_dags/example_latest_only.py
[2024-03-06T22:37:51.658+0000] {processor.py:840} INFO - DAG(s) 'latest_only' retrieved from /home/airflow/.local/lib/python3.8/site-packages/airflow/example_dags/example_latest_only.py
[2024-03-06T22:37:51.690+0000] {logging_mixin.py:188} INFO - [2024-03-06T22:37:51.690+0000] {dag.py:3047} INFO - Sync 1 DAGs
[2024-03-06T22:37:51.723+0000] {logging_mixin.py:188} INFO - [2024-03-06T22:37:51.723+0000] {dag.py:3834} INFO - Setting next_dagrun for latest_only to 2024-03-06 16:00:00+00:00, run_after=2024-03-06 20:00:00+00:00
[2024-03-06T22:37:51.756+0000] {processor.py:183} INFO - Processing /home/airflow/.local/lib/python3.8/site-packages/airflow/example_dags/example_latest_only.py took 0.119 seconds
[2024-03-06T22:38:22.075+0000] {processor.py:161} INFO - Started process (PID=2283) to work on /home/airflow/.local/lib/python3.8/site-packages/airflow/example_dags/example_latest_only.py
[2024-03-06T22:38:22.076+0000] {processor.py:830} INFO - Processing file /home/airflow/.local/lib/python3.8/site-packages/airflow/example_dags/example_latest_only.py for tasks to queue
[2024-03-06T22:38:22.080+0000] {logging_mixin.py:188} INFO - [2024-03-06T22:38:22.079+0000] {dagbag.py:540} INFO - Filling up the DagBag from /home/airflow/.local/lib/python3.8/site-packages/airflow/example_dags/example_latest_only.py
[2024-03-06T22:38:22.089+0000] {processor.py:840} INFO - DAG(s) 'latest_only' retrieved from /home/airflow/.local/lib/python3.8/site-packages/airflow/example_dags/example_latest_only.py
[2024-03-06T22:38:22.125+0000] {logging_mixin.py:188} INFO - [2024-03-06T22:38:22.125+0000] {dag.py:3047} INFO - Sync 1 DAGs
[2024-03-06T22:38:22.173+0000] {logging_mixin.py:188} INFO - [2024-03-06T22:38:22.173+0000] {dag.py:3834} INFO - Setting next_dagrun for latest_only to 2024-03-06 16:00:00+00:00, run_after=2024-03-06 20:00:00+00:00
[2024-03-06T22:38:22.213+0000] {processor.py:183} INFO - Processing /home/airflow/.local/lib/python3.8/site-packages/airflow/example_dags/example_latest_only.py took 0.145 seconds
[2024-03-06T22:38:52.253+0000] {processor.py:161} INFO - Started process (PID=2338) to work on /home/airflow/.local/lib/python3.8/site-packages/airflow/example_dags/example_latest_only.py
[2024-03-06T22:38:52.255+0000] {processor.py:830} INFO - Processing file /home/airflow/.local/lib/python3.8/site-packages/airflow/example_dags/example_latest_only.py for tasks to queue
[2024-03-06T22:38:52.257+0000] {logging_mixin.py:188} INFO - [2024-03-06T22:38:52.257+0000] {dagbag.py:540} INFO - Filling up the DagBag from /home/airflow/.local/lib/python3.8/site-packages/airflow/example_dags/example_latest_only.py
[2024-03-06T22:38:52.264+0000] {processor.py:840} INFO - DAG(s) 'latest_only' retrieved from /home/airflow/.local/lib/python3.8/site-packages/airflow/example_dags/example_latest_only.py
[2024-03-06T22:38:52.294+0000] {logging_mixin.py:188} INFO - [2024-03-06T22:38:52.293+0000] {dag.py:3047} INFO - Sync 1 DAGs
[2024-03-06T22:38:52.326+0000] {logging_mixin.py:188} INFO - [2024-03-06T22:38:52.326+0000] {dag.py:3834} INFO - Setting next_dagrun for latest_only to 2024-03-06 16:00:00+00:00, run_after=2024-03-06 20:00:00+00:00
[2024-03-06T22:38:52.356+0000] {processor.py:183} INFO - Processing /home/airflow/.local/lib/python3.8/site-packages/airflow/example_dags/example_latest_only.py took 0.107 seconds
[2024-03-06T22:39:22.522+0000] {processor.py:161} INFO - Started process (PID=2393) to work on /home/airflow/.local/lib/python3.8/site-packages/airflow/example_dags/example_latest_only.py
[2024-03-06T22:39:22.524+0000] {processor.py:830} INFO - Processing file /home/airflow/.local/lib/python3.8/site-packages/airflow/example_dags/example_latest_only.py for tasks to queue
[2024-03-06T22:39:22.527+0000] {logging_mixin.py:188} INFO - [2024-03-06T22:39:22.527+0000] {dagbag.py:540} INFO - Filling up the DagBag from /home/airflow/.local/lib/python3.8/site-packages/airflow/example_dags/example_latest_only.py
[2024-03-06T22:39:22.539+0000] {processor.py:840} INFO - DAG(s) 'latest_only' retrieved from /home/airflow/.local/lib/python3.8/site-packages/airflow/example_dags/example_latest_only.py
[2024-03-06T22:39:22.570+0000] {logging_mixin.py:188} INFO - [2024-03-06T22:39:22.570+0000] {dag.py:3047} INFO - Sync 1 DAGs
[2024-03-06T22:39:22.601+0000] {logging_mixin.py:188} INFO - [2024-03-06T22:39:22.601+0000] {dag.py:3834} INFO - Setting next_dagrun for latest_only to 2024-03-06 16:00:00+00:00, run_after=2024-03-06 20:00:00+00:00
[2024-03-06T22:39:22.631+0000] {processor.py:183} INFO - Processing /home/airflow/.local/lib/python3.8/site-packages/airflow/example_dags/example_latest_only.py took 0.117 seconds
[2024-03-06T22:39:52.870+0000] {processor.py:161} INFO - Started process (PID=2447) to work on /home/airflow/.local/lib/python3.8/site-packages/airflow/example_dags/example_latest_only.py
[2024-03-06T22:39:52.873+0000] {processor.py:830} INFO - Processing file /home/airflow/.local/lib/python3.8/site-packages/airflow/example_dags/example_latest_only.py for tasks to queue
[2024-03-06T22:39:52.877+0000] {logging_mixin.py:188} INFO - [2024-03-06T22:39:52.877+0000] {dagbag.py:540} INFO - Filling up the DagBag from /home/airflow/.local/lib/python3.8/site-packages/airflow/example_dags/example_latest_only.py
[2024-03-06T22:39:52.888+0000] {processor.py:840} INFO - DAG(s) 'latest_only' retrieved from /home/airflow/.local/lib/python3.8/site-packages/airflow/example_dags/example_latest_only.py
[2024-03-06T22:39:52.922+0000] {logging_mixin.py:188} INFO - [2024-03-06T22:39:52.922+0000] {dag.py:3047} INFO - Sync 1 DAGs
[2024-03-06T22:39:52.953+0000] {logging_mixin.py:188} INFO - [2024-03-06T22:39:52.953+0000] {dag.py:3834} INFO - Setting next_dagrun for latest_only to 2024-03-06 16:00:00+00:00, run_after=2024-03-06 20:00:00+00:00
[2024-03-06T22:39:52.985+0000] {processor.py:183} INFO - Processing /home/airflow/.local/lib/python3.8/site-packages/airflow/example_dags/example_latest_only.py took 0.120 seconds
[2024-03-06T22:40:23.908+0000] {processor.py:161} INFO - Started process (PID=2503) to work on /home/airflow/.local/lib/python3.8/site-packages/airflow/example_dags/example_latest_only.py
[2024-03-06T22:40:23.910+0000] {processor.py:830} INFO - Processing file /home/airflow/.local/lib/python3.8/site-packages/airflow/example_dags/example_latest_only.py for tasks to queue
[2024-03-06T22:40:23.916+0000] {logging_mixin.py:188} INFO - [2024-03-06T22:40:23.916+0000] {dagbag.py:540} INFO - Filling up the DagBag from /home/airflow/.local/lib/python3.8/site-packages/airflow/example_dags/example_latest_only.py
[2024-03-06T22:40:23.925+0000] {processor.py:840} INFO - DAG(s) 'latest_only' retrieved from /home/airflow/.local/lib/python3.8/site-packages/airflow/example_dags/example_latest_only.py
[2024-03-06T22:40:23.963+0000] {logging_mixin.py:188} INFO - [2024-03-06T22:40:23.962+0000] {dag.py:3047} INFO - Sync 1 DAGs
[2024-03-06T22:40:24.007+0000] {logging_mixin.py:188} INFO - [2024-03-06T22:40:24.007+0000] {dag.py:3834} INFO - Setting next_dagrun for latest_only to 2024-03-06 16:00:00+00:00, run_after=2024-03-06 20:00:00+00:00
[2024-03-06T22:40:24.051+0000] {processor.py:183} INFO - Processing /home/airflow/.local/lib/python3.8/site-packages/airflow/example_dags/example_latest_only.py took 0.150 seconds
[2024-03-06T22:40:54.640+0000] {processor.py:161} INFO - Started process (PID=2558) to work on /home/airflow/.local/lib/python3.8/site-packages/airflow/example_dags/example_latest_only.py
[2024-03-06T22:40:54.641+0000] {processor.py:830} INFO - Processing file /home/airflow/.local/lib/python3.8/site-packages/airflow/example_dags/example_latest_only.py for tasks to queue
[2024-03-06T22:40:54.689+0000] {logging_mixin.py:188} INFO - [2024-03-06T22:40:54.688+0000] {dagbag.py:540} INFO - Filling up the DagBag from /home/airflow/.local/lib/python3.8/site-packages/airflow/example_dags/example_latest_only.py
[2024-03-06T22:40:54.703+0000] {processor.py:840} INFO - DAG(s) 'latest_only' retrieved from /home/airflow/.local/lib/python3.8/site-packages/airflow/example_dags/example_latest_only.py
[2024-03-06T22:40:54.741+0000] {logging_mixin.py:188} INFO - [2024-03-06T22:40:54.740+0000] {dag.py:3047} INFO - Sync 1 DAGs
[2024-03-06T22:40:54.776+0000] {logging_mixin.py:188} INFO - [2024-03-06T22:40:54.776+0000] {dag.py:3834} INFO - Setting next_dagrun for latest_only to 2024-03-06 16:00:00+00:00, run_after=2024-03-06 20:00:00+00:00
[2024-03-06T22:40:54.810+0000] {processor.py:183} INFO - Processing /home/airflow/.local/lib/python3.8/site-packages/airflow/example_dags/example_latest_only.py took 0.176 seconds
[2024-03-06T22:41:25.262+0000] {processor.py:161} INFO - Started process (PID=2613) to work on /home/airflow/.local/lib/python3.8/site-packages/airflow/example_dags/example_latest_only.py
[2024-03-06T22:41:25.266+0000] {processor.py:830} INFO - Processing file /home/airflow/.local/lib/python3.8/site-packages/airflow/example_dags/example_latest_only.py for tasks to queue
[2024-03-06T22:41:25.269+0000] {logging_mixin.py:188} INFO - [2024-03-06T22:41:25.269+0000] {dagbag.py:540} INFO - Filling up the DagBag from /home/airflow/.local/lib/python3.8/site-packages/airflow/example_dags/example_latest_only.py
[2024-03-06T22:41:25.277+0000] {processor.py:840} INFO - DAG(s) 'latest_only' retrieved from /home/airflow/.local/lib/python3.8/site-packages/airflow/example_dags/example_latest_only.py
[2024-03-06T22:41:25.311+0000] {logging_mixin.py:188} INFO - [2024-03-06T22:41:25.311+0000] {dag.py:3047} INFO - Sync 1 DAGs
[2024-03-06T22:41:25.358+0000] {logging_mixin.py:188} INFO - [2024-03-06T22:41:25.357+0000] {dag.py:3834} INFO - Setting next_dagrun for latest_only to 2024-03-06 16:00:00+00:00, run_after=2024-03-06 20:00:00+00:00
[2024-03-06T22:41:25.390+0000] {processor.py:183} INFO - Processing /home/airflow/.local/lib/python3.8/site-packages/airflow/example_dags/example_latest_only.py took 0.134 seconds
[2024-03-06T22:41:55.839+0000] {processor.py:161} INFO - Started process (PID=2668) to work on /home/airflow/.local/lib/python3.8/site-packages/airflow/example_dags/example_latest_only.py
[2024-03-06T22:41:55.843+0000] {processor.py:830} INFO - Processing file /home/airflow/.local/lib/python3.8/site-packages/airflow/example_dags/example_latest_only.py for tasks to queue
[2024-03-06T22:41:55.847+0000] {logging_mixin.py:188} INFO - [2024-03-06T22:41:55.847+0000] {dagbag.py:540} INFO - Filling up the DagBag from /home/airflow/.local/lib/python3.8/site-packages/airflow/example_dags/example_latest_only.py
[2024-03-06T22:41:55.858+0000] {processor.py:840} INFO - DAG(s) 'latest_only' retrieved from /home/airflow/.local/lib/python3.8/site-packages/airflow/example_dags/example_latest_only.py
[2024-03-06T22:41:55.892+0000] {logging_mixin.py:188} INFO - [2024-03-06T22:41:55.891+0000] {dag.py:3047} INFO - Sync 1 DAGs
[2024-03-06T22:41:55.924+0000] {logging_mixin.py:188} INFO - [2024-03-06T22:41:55.924+0000] {dag.py:3834} INFO - Setting next_dagrun for latest_only to 2024-03-06 16:00:00+00:00, run_after=2024-03-06 20:00:00+00:00
[2024-03-06T22:41:55.958+0000] {processor.py:183} INFO - Processing /home/airflow/.local/lib/python3.8/site-packages/airflow/example_dags/example_latest_only.py took 0.124 seconds
[2024-03-06T22:42:26.081+0000] {processor.py:161} INFO - Started process (PID=2723) to work on /home/airflow/.local/lib/python3.8/site-packages/airflow/example_dags/example_latest_only.py
[2024-03-06T22:42:26.083+0000] {processor.py:830} INFO - Processing file /home/airflow/.local/lib/python3.8/site-packages/airflow/example_dags/example_latest_only.py for tasks to queue
[2024-03-06T22:42:26.087+0000] {logging_mixin.py:188} INFO - [2024-03-06T22:42:26.086+0000] {dagbag.py:540} INFO - Filling up the DagBag from /home/airflow/.local/lib/python3.8/site-packages/airflow/example_dags/example_latest_only.py
[2024-03-06T22:42:26.097+0000] {processor.py:840} INFO - DAG(s) 'latest_only' retrieved from /home/airflow/.local/lib/python3.8/site-packages/airflow/example_dags/example_latest_only.py
[2024-03-06T22:42:26.135+0000] {logging_mixin.py:188} INFO - [2024-03-06T22:42:26.135+0000] {dag.py:3047} INFO - Sync 1 DAGs
[2024-03-06T22:42:26.175+0000] {logging_mixin.py:188} INFO - [2024-03-06T22:42:26.175+0000] {dag.py:3834} INFO - Setting next_dagrun for latest_only to 2024-03-06 16:00:00+00:00, run_after=2024-03-06 20:00:00+00:00
[2024-03-06T22:42:26.213+0000] {processor.py:183} INFO - Processing /home/airflow/.local/lib/python3.8/site-packages/airflow/example_dags/example_latest_only.py took 0.139 seconds
