[2024-03-06T22:17:42.895+0000] {processor.py:161} INFO - Started process (PID=57) to work on /home/airflow/.local/lib/python3.8/site-packages/airflow/example_dags/example_sensors.py
[2024-03-06T22:17:42.897+0000] {processor.py:830} INFO - Processing file /home/airflow/.local/lib/python3.8/site-packages/airflow/example_dags/example_sensors.py for tasks to queue
[2024-03-06T22:17:42.907+0000] {logging_mixin.py:188} INFO - [2024-03-06T22:17:42.907+0000] {dagbag.py:540} INFO - Filling up the DagBag from /home/airflow/.local/lib/python3.8/site-packages/airflow/example_dags/example_sensors.py
[2024-03-06T22:17:42.931+0000] {processor.py:840} INFO - DAG(s) 'example_sensors' retrieved from /home/airflow/.local/lib/python3.8/site-packages/airflow/example_dags/example_sensors.py
[2024-03-06T22:17:43.175+0000] {logging_mixin.py:188} INFO - [2024-03-06T22:17:43.175+0000] {dag.py:3047} INFO - Sync 1 DAGs
[2024-03-06T22:17:43.200+0000] {logging_mixin.py:188} INFO - [2024-03-06T22:17:43.199+0000] {dag.py:3834} INFO - Setting next_dagrun for example_sensors to None, run_after=None
[2024-03-06T22:17:43.242+0000] {processor.py:183} INFO - Processing /home/airflow/.local/lib/python3.8/site-packages/airflow/example_dags/example_sensors.py took 0.354 seconds
[2024-03-06T22:18:13.315+0000] {processor.py:161} INFO - Started process (PID=112) to work on /home/airflow/.local/lib/python3.8/site-packages/airflow/example_dags/example_sensors.py
[2024-03-06T22:18:13.317+0000] {processor.py:830} INFO - Processing file /home/airflow/.local/lib/python3.8/site-packages/airflow/example_dags/example_sensors.py for tasks to queue
[2024-03-06T22:18:13.321+0000] {logging_mixin.py:188} INFO - [2024-03-06T22:18:13.321+0000] {dagbag.py:540} INFO - Filling up the DagBag from /home/airflow/.local/lib/python3.8/site-packages/airflow/example_dags/example_sensors.py
[2024-03-06T22:18:13.348+0000] {processor.py:840} INFO - DAG(s) 'example_sensors' retrieved from /home/airflow/.local/lib/python3.8/site-packages/airflow/example_dags/example_sensors.py
[2024-03-06T22:18:13.413+0000] {logging_mixin.py:188} INFO - [2024-03-06T22:18:13.413+0000] {dag.py:3047} INFO - Sync 1 DAGs
[2024-03-06T22:18:13.435+0000] {logging_mixin.py:188} INFO - [2024-03-06T22:18:13.435+0000] {dag.py:3834} INFO - Setting next_dagrun for example_sensors to None, run_after=None
[2024-03-06T22:18:13.480+0000] {processor.py:183} INFO - Processing /home/airflow/.local/lib/python3.8/site-packages/airflow/example_dags/example_sensors.py took 0.175 seconds
[2024-03-06T22:18:44.061+0000] {processor.py:161} INFO - Started process (PID=167) to work on /home/airflow/.local/lib/python3.8/site-packages/airflow/example_dags/example_sensors.py
[2024-03-06T22:18:44.063+0000] {processor.py:830} INFO - Processing file /home/airflow/.local/lib/python3.8/site-packages/airflow/example_dags/example_sensors.py for tasks to queue
[2024-03-06T22:18:44.067+0000] {logging_mixin.py:188} INFO - [2024-03-06T22:18:44.067+0000] {dagbag.py:540} INFO - Filling up the DagBag from /home/airflow/.local/lib/python3.8/site-packages/airflow/example_dags/example_sensors.py
[2024-03-06T22:18:44.084+0000] {processor.py:840} INFO - DAG(s) 'example_sensors' retrieved from /home/airflow/.local/lib/python3.8/site-packages/airflow/example_dags/example_sensors.py
[2024-03-06T22:18:44.122+0000] {logging_mixin.py:188} INFO - [2024-03-06T22:18:44.121+0000] {dag.py:3047} INFO - Sync 1 DAGs
[2024-03-06T22:18:44.154+0000] {logging_mixin.py:188} INFO - [2024-03-06T22:18:44.153+0000] {dag.py:3834} INFO - Setting next_dagrun for example_sensors to None, run_after=None
[2024-03-06T22:18:44.220+0000] {processor.py:183} INFO - Processing /home/airflow/.local/lib/python3.8/site-packages/airflow/example_dags/example_sensors.py took 0.164 seconds
[2024-03-06T22:19:14.275+0000] {processor.py:161} INFO - Started process (PID=222) to work on /home/airflow/.local/lib/python3.8/site-packages/airflow/example_dags/example_sensors.py
[2024-03-06T22:19:14.276+0000] {processor.py:830} INFO - Processing file /home/airflow/.local/lib/python3.8/site-packages/airflow/example_dags/example_sensors.py for tasks to queue
[2024-03-06T22:19:14.279+0000] {logging_mixin.py:188} INFO - [2024-03-06T22:19:14.278+0000] {dagbag.py:540} INFO - Filling up the DagBag from /home/airflow/.local/lib/python3.8/site-packages/airflow/example_dags/example_sensors.py
[2024-03-06T22:19:14.293+0000] {processor.py:840} INFO - DAG(s) 'example_sensors' retrieved from /home/airflow/.local/lib/python3.8/site-packages/airflow/example_dags/example_sensors.py
[2024-03-06T22:19:14.330+0000] {logging_mixin.py:188} INFO - [2024-03-06T22:19:14.329+0000] {dag.py:3047} INFO - Sync 1 DAGs
[2024-03-06T22:19:14.346+0000] {logging_mixin.py:188} INFO - [2024-03-06T22:19:14.346+0000] {dag.py:3834} INFO - Setting next_dagrun for example_sensors to None, run_after=None
[2024-03-06T22:19:14.371+0000] {processor.py:183} INFO - Processing /home/airflow/.local/lib/python3.8/site-packages/airflow/example_dags/example_sensors.py took 0.100 seconds
[2024-03-06T22:19:44.488+0000] {processor.py:161} INFO - Started process (PID=277) to work on /home/airflow/.local/lib/python3.8/site-packages/airflow/example_dags/example_sensors.py
[2024-03-06T22:19:44.490+0000] {processor.py:830} INFO - Processing file /home/airflow/.local/lib/python3.8/site-packages/airflow/example_dags/example_sensors.py for tasks to queue
[2024-03-06T22:19:44.493+0000] {logging_mixin.py:188} INFO - [2024-03-06T22:19:44.493+0000] {dagbag.py:540} INFO - Filling up the DagBag from /home/airflow/.local/lib/python3.8/site-packages/airflow/example_dags/example_sensors.py
[2024-03-06T22:19:44.506+0000] {processor.py:840} INFO - DAG(s) 'example_sensors' retrieved from /home/airflow/.local/lib/python3.8/site-packages/airflow/example_dags/example_sensors.py
[2024-03-06T22:19:44.543+0000] {logging_mixin.py:188} INFO - [2024-03-06T22:19:44.543+0000] {dag.py:3047} INFO - Sync 1 DAGs
[2024-03-06T22:19:44.558+0000] {logging_mixin.py:188} INFO - [2024-03-06T22:19:44.558+0000] {dag.py:3834} INFO - Setting next_dagrun for example_sensors to None, run_after=None
[2024-03-06T22:19:44.586+0000] {processor.py:183} INFO - Processing /home/airflow/.local/lib/python3.8/site-packages/airflow/example_dags/example_sensors.py took 0.103 seconds
[2024-03-06T22:20:14.721+0000] {processor.py:161} INFO - Started process (PID=332) to work on /home/airflow/.local/lib/python3.8/site-packages/airflow/example_dags/example_sensors.py
[2024-03-06T22:20:14.723+0000] {processor.py:830} INFO - Processing file /home/airflow/.local/lib/python3.8/site-packages/airflow/example_dags/example_sensors.py for tasks to queue
[2024-03-06T22:20:14.726+0000] {logging_mixin.py:188} INFO - [2024-03-06T22:20:14.726+0000] {dagbag.py:540} INFO - Filling up the DagBag from /home/airflow/.local/lib/python3.8/site-packages/airflow/example_dags/example_sensors.py
[2024-03-06T22:20:14.739+0000] {processor.py:840} INFO - DAG(s) 'example_sensors' retrieved from /home/airflow/.local/lib/python3.8/site-packages/airflow/example_dags/example_sensors.py
[2024-03-06T22:20:14.777+0000] {logging_mixin.py:188} INFO - [2024-03-06T22:20:14.777+0000] {dag.py:3047} INFO - Sync 1 DAGs
[2024-03-06T22:20:14.793+0000] {logging_mixin.py:188} INFO - [2024-03-06T22:20:14.792+0000] {dag.py:3834} INFO - Setting next_dagrun for example_sensors to None, run_after=None
[2024-03-06T22:20:14.818+0000] {processor.py:183} INFO - Processing /home/airflow/.local/lib/python3.8/site-packages/airflow/example_dags/example_sensors.py took 0.102 seconds
[2024-03-06T22:20:45.005+0000] {processor.py:161} INFO - Started process (PID=387) to work on /home/airflow/.local/lib/python3.8/site-packages/airflow/example_dags/example_sensors.py
[2024-03-06T22:20:45.006+0000] {processor.py:830} INFO - Processing file /home/airflow/.local/lib/python3.8/site-packages/airflow/example_dags/example_sensors.py for tasks to queue
[2024-03-06T22:20:45.010+0000] {logging_mixin.py:188} INFO - [2024-03-06T22:20:45.009+0000] {dagbag.py:540} INFO - Filling up the DagBag from /home/airflow/.local/lib/python3.8/site-packages/airflow/example_dags/example_sensors.py
[2024-03-06T22:20:45.023+0000] {processor.py:840} INFO - DAG(s) 'example_sensors' retrieved from /home/airflow/.local/lib/python3.8/site-packages/airflow/example_dags/example_sensors.py
[2024-03-06T22:20:45.059+0000] {logging_mixin.py:188} INFO - [2024-03-06T22:20:45.058+0000] {dag.py:3047} INFO - Sync 1 DAGs
[2024-03-06T22:20:45.078+0000] {logging_mixin.py:188} INFO - [2024-03-06T22:20:45.077+0000] {dag.py:3834} INFO - Setting next_dagrun for example_sensors to None, run_after=None
[2024-03-06T22:20:45.108+0000] {processor.py:183} INFO - Processing /home/airflow/.local/lib/python3.8/site-packages/airflow/example_dags/example_sensors.py took 0.108 seconds
[2024-03-06T22:21:15.253+0000] {processor.py:161} INFO - Started process (PID=442) to work on /home/airflow/.local/lib/python3.8/site-packages/airflow/example_dags/example_sensors.py
[2024-03-06T22:21:15.254+0000] {processor.py:830} INFO - Processing file /home/airflow/.local/lib/python3.8/site-packages/airflow/example_dags/example_sensors.py for tasks to queue
[2024-03-06T22:21:15.259+0000] {logging_mixin.py:188} INFO - [2024-03-06T22:21:15.258+0000] {dagbag.py:540} INFO - Filling up the DagBag from /home/airflow/.local/lib/python3.8/site-packages/airflow/example_dags/example_sensors.py
[2024-03-06T22:21:15.271+0000] {processor.py:840} INFO - DAG(s) 'example_sensors' retrieved from /home/airflow/.local/lib/python3.8/site-packages/airflow/example_dags/example_sensors.py
[2024-03-06T22:21:15.363+0000] {logging_mixin.py:188} INFO - [2024-03-06T22:21:15.362+0000] {dag.py:3047} INFO - Sync 1 DAGs
[2024-03-06T22:21:15.387+0000] {logging_mixin.py:188} INFO - [2024-03-06T22:21:15.386+0000] {dag.py:3834} INFO - Setting next_dagrun for example_sensors to None, run_after=None
[2024-03-06T22:21:15.418+0000] {processor.py:183} INFO - Processing /home/airflow/.local/lib/python3.8/site-packages/airflow/example_dags/example_sensors.py took 0.170 seconds
[2024-03-06T22:21:45.613+0000] {processor.py:161} INFO - Started process (PID=497) to work on /home/airflow/.local/lib/python3.8/site-packages/airflow/example_dags/example_sensors.py
[2024-03-06T22:21:45.615+0000] {processor.py:830} INFO - Processing file /home/airflow/.local/lib/python3.8/site-packages/airflow/example_dags/example_sensors.py for tasks to queue
[2024-03-06T22:21:45.618+0000] {logging_mixin.py:188} INFO - [2024-03-06T22:21:45.618+0000] {dagbag.py:540} INFO - Filling up the DagBag from /home/airflow/.local/lib/python3.8/site-packages/airflow/example_dags/example_sensors.py
[2024-03-06T22:21:45.631+0000] {processor.py:840} INFO - DAG(s) 'example_sensors' retrieved from /home/airflow/.local/lib/python3.8/site-packages/airflow/example_dags/example_sensors.py
[2024-03-06T22:21:45.669+0000] {logging_mixin.py:188} INFO - [2024-03-06T22:21:45.669+0000] {dag.py:3047} INFO - Sync 1 DAGs
[2024-03-06T22:21:45.685+0000] {logging_mixin.py:188} INFO - [2024-03-06T22:21:45.685+0000] {dag.py:3834} INFO - Setting next_dagrun for example_sensors to None, run_after=None
[2024-03-06T22:21:45.709+0000] {processor.py:183} INFO - Processing /home/airflow/.local/lib/python3.8/site-packages/airflow/example_dags/example_sensors.py took 0.100 seconds
[2024-03-06T22:22:15.850+0000] {processor.py:161} INFO - Started process (PID=551) to work on /home/airflow/.local/lib/python3.8/site-packages/airflow/example_dags/example_sensors.py
[2024-03-06T22:22:15.852+0000] {processor.py:830} INFO - Processing file /home/airflow/.local/lib/python3.8/site-packages/airflow/example_dags/example_sensors.py for tasks to queue
[2024-03-06T22:22:15.855+0000] {logging_mixin.py:188} INFO - [2024-03-06T22:22:15.855+0000] {dagbag.py:540} INFO - Filling up the DagBag from /home/airflow/.local/lib/python3.8/site-packages/airflow/example_dags/example_sensors.py
[2024-03-06T22:22:15.870+0000] {processor.py:840} INFO - DAG(s) 'example_sensors' retrieved from /home/airflow/.local/lib/python3.8/site-packages/airflow/example_dags/example_sensors.py
[2024-03-06T22:22:15.904+0000] {logging_mixin.py:188} INFO - [2024-03-06T22:22:15.904+0000] {dag.py:3047} INFO - Sync 1 DAGs
[2024-03-06T22:22:15.922+0000] {logging_mixin.py:188} INFO - [2024-03-06T22:22:15.922+0000] {dag.py:3834} INFO - Setting next_dagrun for example_sensors to None, run_after=None
[2024-03-06T22:22:15.949+0000] {processor.py:183} INFO - Processing /home/airflow/.local/lib/python3.8/site-packages/airflow/example_dags/example_sensors.py took 0.104 seconds
[2024-03-06T22:22:46.558+0000] {processor.py:161} INFO - Started process (PID=606) to work on /home/airflow/.local/lib/python3.8/site-packages/airflow/example_dags/example_sensors.py
[2024-03-06T22:22:46.562+0000] {processor.py:830} INFO - Processing file /home/airflow/.local/lib/python3.8/site-packages/airflow/example_dags/example_sensors.py for tasks to queue
[2024-03-06T22:22:46.566+0000] {logging_mixin.py:188} INFO - [2024-03-06T22:22:46.566+0000] {dagbag.py:540} INFO - Filling up the DagBag from /home/airflow/.local/lib/python3.8/site-packages/airflow/example_dags/example_sensors.py
[2024-03-06T22:22:46.586+0000] {processor.py:840} INFO - DAG(s) 'example_sensors' retrieved from /home/airflow/.local/lib/python3.8/site-packages/airflow/example_dags/example_sensors.py
[2024-03-06T22:22:46.637+0000] {logging_mixin.py:188} INFO - [2024-03-06T22:22:46.637+0000] {dag.py:3047} INFO - Sync 1 DAGs
[2024-03-06T22:22:46.657+0000] {logging_mixin.py:188} INFO - [2024-03-06T22:22:46.657+0000] {dag.py:3834} INFO - Setting next_dagrun for example_sensors to None, run_after=None
[2024-03-06T22:22:46.687+0000] {processor.py:183} INFO - Processing /home/airflow/.local/lib/python3.8/site-packages/airflow/example_dags/example_sensors.py took 0.161 seconds
[2024-03-06T22:23:16.897+0000] {processor.py:161} INFO - Started process (PID=661) to work on /home/airflow/.local/lib/python3.8/site-packages/airflow/example_dags/example_sensors.py
[2024-03-06T22:23:16.901+0000] {processor.py:830} INFO - Processing file /home/airflow/.local/lib/python3.8/site-packages/airflow/example_dags/example_sensors.py for tasks to queue
[2024-03-06T22:23:16.904+0000] {logging_mixin.py:188} INFO - [2024-03-06T22:23:16.904+0000] {dagbag.py:540} INFO - Filling up the DagBag from /home/airflow/.local/lib/python3.8/site-packages/airflow/example_dags/example_sensors.py
[2024-03-06T22:23:16.916+0000] {processor.py:840} INFO - DAG(s) 'example_sensors' retrieved from /home/airflow/.local/lib/python3.8/site-packages/airflow/example_dags/example_sensors.py
[2024-03-06T22:23:16.951+0000] {logging_mixin.py:188} INFO - [2024-03-06T22:23:16.951+0000] {dag.py:3047} INFO - Sync 1 DAGs
[2024-03-06T22:23:16.968+0000] {logging_mixin.py:188} INFO - [2024-03-06T22:23:16.968+0000] {dag.py:3834} INFO - Setting next_dagrun for example_sensors to None, run_after=None
[2024-03-06T22:23:16.995+0000] {processor.py:183} INFO - Processing /home/airflow/.local/lib/python3.8/site-packages/airflow/example_dags/example_sensors.py took 0.101 seconds
[2024-03-06T22:23:47.659+0000] {processor.py:161} INFO - Started process (PID=715) to work on /home/airflow/.local/lib/python3.8/site-packages/airflow/example_dags/example_sensors.py
[2024-03-06T22:23:47.669+0000] {processor.py:830} INFO - Processing file /home/airflow/.local/lib/python3.8/site-packages/airflow/example_dags/example_sensors.py for tasks to queue
[2024-03-06T22:23:47.677+0000] {logging_mixin.py:188} INFO - [2024-03-06T22:23:47.677+0000] {dagbag.py:540} INFO - Filling up the DagBag from /home/airflow/.local/lib/python3.8/site-packages/airflow/example_dags/example_sensors.py
[2024-03-06T22:23:47.705+0000] {processor.py:840} INFO - DAG(s) 'example_sensors' retrieved from /home/airflow/.local/lib/python3.8/site-packages/airflow/example_dags/example_sensors.py
[2024-03-06T22:23:47.757+0000] {logging_mixin.py:188} INFO - [2024-03-06T22:23:47.756+0000] {dag.py:3047} INFO - Sync 1 DAGs
[2024-03-06T22:23:47.840+0000] {logging_mixin.py:188} INFO - [2024-03-06T22:23:47.840+0000] {dag.py:3834} INFO - Setting next_dagrun for example_sensors to None, run_after=None
[2024-03-06T22:23:47.877+0000] {processor.py:183} INFO - Processing /home/airflow/.local/lib/python3.8/site-packages/airflow/example_dags/example_sensors.py took 0.230 seconds
[2024-03-06T22:24:18.442+0000] {processor.py:161} INFO - Started process (PID=770) to work on /home/airflow/.local/lib/python3.8/site-packages/airflow/example_dags/example_sensors.py
[2024-03-06T22:24:18.444+0000] {processor.py:830} INFO - Processing file /home/airflow/.local/lib/python3.8/site-packages/airflow/example_dags/example_sensors.py for tasks to queue
[2024-03-06T22:24:18.446+0000] {logging_mixin.py:188} INFO - [2024-03-06T22:24:18.446+0000] {dagbag.py:540} INFO - Filling up the DagBag from /home/airflow/.local/lib/python3.8/site-packages/airflow/example_dags/example_sensors.py
[2024-03-06T22:24:18.459+0000] {processor.py:840} INFO - DAG(s) 'example_sensors' retrieved from /home/airflow/.local/lib/python3.8/site-packages/airflow/example_dags/example_sensors.py
[2024-03-06T22:24:18.496+0000] {logging_mixin.py:188} INFO - [2024-03-06T22:24:18.496+0000] {dag.py:3047} INFO - Sync 1 DAGs
[2024-03-06T22:24:18.516+0000] {logging_mixin.py:188} INFO - [2024-03-06T22:24:18.516+0000] {dag.py:3834} INFO - Setting next_dagrun for example_sensors to None, run_after=None
[2024-03-06T22:24:18.546+0000] {processor.py:183} INFO - Processing /home/airflow/.local/lib/python3.8/site-packages/airflow/example_dags/example_sensors.py took 0.109 seconds
[2024-03-06T22:24:48.824+0000] {processor.py:161} INFO - Started process (PID=825) to work on /home/airflow/.local/lib/python3.8/site-packages/airflow/example_dags/example_sensors.py
[2024-03-06T22:24:48.826+0000] {processor.py:830} INFO - Processing file /home/airflow/.local/lib/python3.8/site-packages/airflow/example_dags/example_sensors.py for tasks to queue
[2024-03-06T22:24:48.828+0000] {logging_mixin.py:188} INFO - [2024-03-06T22:24:48.828+0000] {dagbag.py:540} INFO - Filling up the DagBag from /home/airflow/.local/lib/python3.8/site-packages/airflow/example_dags/example_sensors.py
[2024-03-06T22:24:48.840+0000] {processor.py:840} INFO - DAG(s) 'example_sensors' retrieved from /home/airflow/.local/lib/python3.8/site-packages/airflow/example_dags/example_sensors.py
[2024-03-06T22:24:48.882+0000] {logging_mixin.py:188} INFO - [2024-03-06T22:24:48.881+0000] {dag.py:3047} INFO - Sync 1 DAGs
[2024-03-06T22:24:48.898+0000] {logging_mixin.py:188} INFO - [2024-03-06T22:24:48.897+0000] {dag.py:3834} INFO - Setting next_dagrun for example_sensors to None, run_after=None
[2024-03-06T22:24:48.929+0000] {processor.py:183} INFO - Processing /home/airflow/.local/lib/python3.8/site-packages/airflow/example_dags/example_sensors.py took 0.110 seconds
[2024-03-06T22:25:19.198+0000] {processor.py:161} INFO - Started process (PID=880) to work on /home/airflow/.local/lib/python3.8/site-packages/airflow/example_dags/example_sensors.py
[2024-03-06T22:25:19.200+0000] {processor.py:830} INFO - Processing file /home/airflow/.local/lib/python3.8/site-packages/airflow/example_dags/example_sensors.py for tasks to queue
[2024-03-06T22:25:19.203+0000] {logging_mixin.py:188} INFO - [2024-03-06T22:25:19.203+0000] {dagbag.py:540} INFO - Filling up the DagBag from /home/airflow/.local/lib/python3.8/site-packages/airflow/example_dags/example_sensors.py
[2024-03-06T22:25:19.216+0000] {processor.py:840} INFO - DAG(s) 'example_sensors' retrieved from /home/airflow/.local/lib/python3.8/site-packages/airflow/example_dags/example_sensors.py
[2024-03-06T22:25:19.250+0000] {logging_mixin.py:188} INFO - [2024-03-06T22:25:19.250+0000] {dag.py:3047} INFO - Sync 1 DAGs
[2024-03-06T22:25:19.268+0000] {logging_mixin.py:188} INFO - [2024-03-06T22:25:19.268+0000] {dag.py:3834} INFO - Setting next_dagrun for example_sensors to None, run_after=None
[2024-03-06T22:25:19.296+0000] {processor.py:183} INFO - Processing /home/airflow/.local/lib/python3.8/site-packages/airflow/example_dags/example_sensors.py took 0.102 seconds
[2024-03-06T22:25:49.536+0000] {processor.py:161} INFO - Started process (PID=934) to work on /home/airflow/.local/lib/python3.8/site-packages/airflow/example_dags/example_sensors.py
[2024-03-06T22:25:49.537+0000] {processor.py:830} INFO - Processing file /home/airflow/.local/lib/python3.8/site-packages/airflow/example_dags/example_sensors.py for tasks to queue
[2024-03-06T22:25:49.541+0000] {logging_mixin.py:188} INFO - [2024-03-06T22:25:49.540+0000] {dagbag.py:540} INFO - Filling up the DagBag from /home/airflow/.local/lib/python3.8/site-packages/airflow/example_dags/example_sensors.py
[2024-03-06T22:25:49.556+0000] {processor.py:840} INFO - DAG(s) 'example_sensors' retrieved from /home/airflow/.local/lib/python3.8/site-packages/airflow/example_dags/example_sensors.py
[2024-03-06T22:25:49.609+0000] {logging_mixin.py:188} INFO - [2024-03-06T22:25:49.608+0000] {dag.py:3047} INFO - Sync 1 DAGs
[2024-03-06T22:25:49.636+0000] {logging_mixin.py:188} INFO - [2024-03-06T22:25:49.636+0000] {dag.py:3834} INFO - Setting next_dagrun for example_sensors to None, run_after=None
[2024-03-06T22:25:49.670+0000] {processor.py:183} INFO - Processing /home/airflow/.local/lib/python3.8/site-packages/airflow/example_dags/example_sensors.py took 0.140 seconds
[2024-03-06T22:26:20.180+0000] {processor.py:161} INFO - Started process (PID=989) to work on /home/airflow/.local/lib/python3.8/site-packages/airflow/example_dags/example_sensors.py
[2024-03-06T22:26:20.183+0000] {processor.py:830} INFO - Processing file /home/airflow/.local/lib/python3.8/site-packages/airflow/example_dags/example_sensors.py for tasks to queue
[2024-03-06T22:26:20.189+0000] {logging_mixin.py:188} INFO - [2024-03-06T22:26:20.188+0000] {dagbag.py:540} INFO - Filling up the DagBag from /home/airflow/.local/lib/python3.8/site-packages/airflow/example_dags/example_sensors.py
[2024-03-06T22:26:20.203+0000] {processor.py:840} INFO - DAG(s) 'example_sensors' retrieved from /home/airflow/.local/lib/python3.8/site-packages/airflow/example_dags/example_sensors.py
[2024-03-06T22:26:20.248+0000] {logging_mixin.py:188} INFO - [2024-03-06T22:26:20.247+0000] {dag.py:3047} INFO - Sync 1 DAGs
[2024-03-06T22:26:20.263+0000] {logging_mixin.py:188} INFO - [2024-03-06T22:26:20.262+0000] {dag.py:3834} INFO - Setting next_dagrun for example_sensors to None, run_after=None
[2024-03-06T22:26:20.290+0000] {processor.py:183} INFO - Processing /home/airflow/.local/lib/python3.8/site-packages/airflow/example_dags/example_sensors.py took 0.118 seconds
[2024-03-06T22:26:50.417+0000] {processor.py:161} INFO - Started process (PID=1044) to work on /home/airflow/.local/lib/python3.8/site-packages/airflow/example_dags/example_sensors.py
[2024-03-06T22:26:50.419+0000] {processor.py:830} INFO - Processing file /home/airflow/.local/lib/python3.8/site-packages/airflow/example_dags/example_sensors.py for tasks to queue
[2024-03-06T22:26:50.422+0000] {logging_mixin.py:188} INFO - [2024-03-06T22:26:50.421+0000] {dagbag.py:540} INFO - Filling up the DagBag from /home/airflow/.local/lib/python3.8/site-packages/airflow/example_dags/example_sensors.py
[2024-03-06T22:26:50.435+0000] {processor.py:840} INFO - DAG(s) 'example_sensors' retrieved from /home/airflow/.local/lib/python3.8/site-packages/airflow/example_dags/example_sensors.py
[2024-03-06T22:26:50.471+0000] {logging_mixin.py:188} INFO - [2024-03-06T22:26:50.470+0000] {dag.py:3047} INFO - Sync 1 DAGs
[2024-03-06T22:26:50.489+0000] {logging_mixin.py:188} INFO - [2024-03-06T22:26:50.489+0000] {dag.py:3834} INFO - Setting next_dagrun for example_sensors to None, run_after=None
[2024-03-06T22:26:50.519+0000] {processor.py:183} INFO - Processing /home/airflow/.local/lib/python3.8/site-packages/airflow/example_dags/example_sensors.py took 0.106 seconds
[2024-03-06T22:27:20.663+0000] {processor.py:161} INFO - Started process (PID=1099) to work on /home/airflow/.local/lib/python3.8/site-packages/airflow/example_dags/example_sensors.py
[2024-03-06T22:27:20.664+0000] {processor.py:830} INFO - Processing file /home/airflow/.local/lib/python3.8/site-packages/airflow/example_dags/example_sensors.py for tasks to queue
[2024-03-06T22:27:20.667+0000] {logging_mixin.py:188} INFO - [2024-03-06T22:27:20.666+0000] {dagbag.py:540} INFO - Filling up the DagBag from /home/airflow/.local/lib/python3.8/site-packages/airflow/example_dags/example_sensors.py
[2024-03-06T22:27:20.679+0000] {processor.py:840} INFO - DAG(s) 'example_sensors' retrieved from /home/airflow/.local/lib/python3.8/site-packages/airflow/example_dags/example_sensors.py
[2024-03-06T22:27:20.714+0000] {logging_mixin.py:188} INFO - [2024-03-06T22:27:20.714+0000] {dag.py:3047} INFO - Sync 1 DAGs
[2024-03-06T22:27:20.731+0000] {logging_mixin.py:188} INFO - [2024-03-06T22:27:20.730+0000] {dag.py:3834} INFO - Setting next_dagrun for example_sensors to None, run_after=None
[2024-03-06T22:27:20.760+0000] {processor.py:183} INFO - Processing /home/airflow/.local/lib/python3.8/site-packages/airflow/example_dags/example_sensors.py took 0.102 seconds
[2024-03-06T22:27:50.954+0000] {processor.py:161} INFO - Started process (PID=1154) to work on /home/airflow/.local/lib/python3.8/site-packages/airflow/example_dags/example_sensors.py
[2024-03-06T22:27:50.956+0000] {processor.py:830} INFO - Processing file /home/airflow/.local/lib/python3.8/site-packages/airflow/example_dags/example_sensors.py for tasks to queue
[2024-03-06T22:27:50.959+0000] {logging_mixin.py:188} INFO - [2024-03-06T22:27:50.959+0000] {dagbag.py:540} INFO - Filling up the DagBag from /home/airflow/.local/lib/python3.8/site-packages/airflow/example_dags/example_sensors.py
[2024-03-06T22:27:50.971+0000] {processor.py:840} INFO - DAG(s) 'example_sensors' retrieved from /home/airflow/.local/lib/python3.8/site-packages/airflow/example_dags/example_sensors.py
[2024-03-06T22:27:51.010+0000] {logging_mixin.py:188} INFO - [2024-03-06T22:27:51.009+0000] {dag.py:3047} INFO - Sync 1 DAGs
[2024-03-06T22:27:51.025+0000] {logging_mixin.py:188} INFO - [2024-03-06T22:27:51.025+0000] {dag.py:3834} INFO - Setting next_dagrun for example_sensors to None, run_after=None
[2024-03-06T22:27:51.054+0000] {processor.py:183} INFO - Processing /home/airflow/.local/lib/python3.8/site-packages/airflow/example_dags/example_sensors.py took 0.104 seconds
[2024-03-06T22:28:21.219+0000] {processor.py:161} INFO - Started process (PID=1209) to work on /home/airflow/.local/lib/python3.8/site-packages/airflow/example_dags/example_sensors.py
[2024-03-06T22:28:21.221+0000] {processor.py:830} INFO - Processing file /home/airflow/.local/lib/python3.8/site-packages/airflow/example_dags/example_sensors.py for tasks to queue
[2024-03-06T22:28:21.224+0000] {logging_mixin.py:188} INFO - [2024-03-06T22:28:21.224+0000] {dagbag.py:540} INFO - Filling up the DagBag from /home/airflow/.local/lib/python3.8/site-packages/airflow/example_dags/example_sensors.py
[2024-03-06T22:28:21.241+0000] {processor.py:840} INFO - DAG(s) 'example_sensors' retrieved from /home/airflow/.local/lib/python3.8/site-packages/airflow/example_dags/example_sensors.py
[2024-03-06T22:28:21.274+0000] {logging_mixin.py:188} INFO - [2024-03-06T22:28:21.273+0000] {dag.py:3047} INFO - Sync 1 DAGs
[2024-03-06T22:28:21.295+0000] {logging_mixin.py:188} INFO - [2024-03-06T22:28:21.295+0000] {dag.py:3834} INFO - Setting next_dagrun for example_sensors to None, run_after=None
[2024-03-06T22:28:21.319+0000] {processor.py:183} INFO - Processing /home/airflow/.local/lib/python3.8/site-packages/airflow/example_dags/example_sensors.py took 0.104 seconds
[2024-03-06T22:28:51.569+0000] {processor.py:161} INFO - Started process (PID=1264) to work on /home/airflow/.local/lib/python3.8/site-packages/airflow/example_dags/example_sensors.py
[2024-03-06T22:28:51.573+0000] {processor.py:830} INFO - Processing file /home/airflow/.local/lib/python3.8/site-packages/airflow/example_dags/example_sensors.py for tasks to queue
[2024-03-06T22:28:51.580+0000] {logging_mixin.py:188} INFO - [2024-03-06T22:28:51.578+0000] {dagbag.py:540} INFO - Filling up the DagBag from /home/airflow/.local/lib/python3.8/site-packages/airflow/example_dags/example_sensors.py
[2024-03-06T22:28:51.599+0000] {processor.py:840} INFO - DAG(s) 'example_sensors' retrieved from /home/airflow/.local/lib/python3.8/site-packages/airflow/example_dags/example_sensors.py
[2024-03-06T22:28:51.653+0000] {logging_mixin.py:188} INFO - [2024-03-06T22:28:51.653+0000] {dag.py:3047} INFO - Sync 1 DAGs
[2024-03-06T22:28:51.679+0000] {logging_mixin.py:188} INFO - [2024-03-06T22:28:51.679+0000] {dag.py:3834} INFO - Setting next_dagrun for example_sensors to None, run_after=None
[2024-03-06T22:28:51.727+0000] {processor.py:183} INFO - Processing /home/airflow/.local/lib/python3.8/site-packages/airflow/example_dags/example_sensors.py took 0.164 seconds
[2024-03-06T22:29:22.436+0000] {processor.py:161} INFO - Started process (PID=1319) to work on /home/airflow/.local/lib/python3.8/site-packages/airflow/example_dags/example_sensors.py
[2024-03-06T22:29:22.439+0000] {processor.py:830} INFO - Processing file /home/airflow/.local/lib/python3.8/site-packages/airflow/example_dags/example_sensors.py for tasks to queue
[2024-03-06T22:29:22.442+0000] {logging_mixin.py:188} INFO - [2024-03-06T22:29:22.442+0000] {dagbag.py:540} INFO - Filling up the DagBag from /home/airflow/.local/lib/python3.8/site-packages/airflow/example_dags/example_sensors.py
[2024-03-06T22:29:22.460+0000] {processor.py:840} INFO - DAG(s) 'example_sensors' retrieved from /home/airflow/.local/lib/python3.8/site-packages/airflow/example_dags/example_sensors.py
[2024-03-06T22:29:22.494+0000] {logging_mixin.py:188} INFO - [2024-03-06T22:29:22.494+0000] {dag.py:3047} INFO - Sync 1 DAGs
[2024-03-06T22:29:22.512+0000] {logging_mixin.py:188} INFO - [2024-03-06T22:29:22.511+0000] {dag.py:3834} INFO - Setting next_dagrun for example_sensors to None, run_after=None
[2024-03-06T22:29:22.538+0000] {processor.py:183} INFO - Processing /home/airflow/.local/lib/python3.8/site-packages/airflow/example_dags/example_sensors.py took 0.109 seconds
[2024-03-06T22:29:52.738+0000] {processor.py:161} INFO - Started process (PID=1374) to work on /home/airflow/.local/lib/python3.8/site-packages/airflow/example_dags/example_sensors.py
[2024-03-06T22:29:52.740+0000] {processor.py:830} INFO - Processing file /home/airflow/.local/lib/python3.8/site-packages/airflow/example_dags/example_sensors.py for tasks to queue
[2024-03-06T22:29:52.745+0000] {logging_mixin.py:188} INFO - [2024-03-06T22:29:52.745+0000] {dagbag.py:540} INFO - Filling up the DagBag from /home/airflow/.local/lib/python3.8/site-packages/airflow/example_dags/example_sensors.py
[2024-03-06T22:29:52.758+0000] {processor.py:840} INFO - DAG(s) 'example_sensors' retrieved from /home/airflow/.local/lib/python3.8/site-packages/airflow/example_dags/example_sensors.py
[2024-03-06T22:29:52.792+0000] {logging_mixin.py:188} INFO - [2024-03-06T22:29:52.792+0000] {dag.py:3047} INFO - Sync 1 DAGs
[2024-03-06T22:29:52.808+0000] {logging_mixin.py:188} INFO - [2024-03-06T22:29:52.808+0000] {dag.py:3834} INFO - Setting next_dagrun for example_sensors to None, run_after=None
[2024-03-06T22:29:52.853+0000] {processor.py:183} INFO - Processing /home/airflow/.local/lib/python3.8/site-packages/airflow/example_dags/example_sensors.py took 0.121 seconds
[2024-03-06T22:30:23.146+0000] {processor.py:161} INFO - Started process (PID=1428) to work on /home/airflow/.local/lib/python3.8/site-packages/airflow/example_dags/example_sensors.py
[2024-03-06T22:30:23.148+0000] {processor.py:830} INFO - Processing file /home/airflow/.local/lib/python3.8/site-packages/airflow/example_dags/example_sensors.py for tasks to queue
[2024-03-06T22:30:23.150+0000] {logging_mixin.py:188} INFO - [2024-03-06T22:30:23.150+0000] {dagbag.py:540} INFO - Filling up the DagBag from /home/airflow/.local/lib/python3.8/site-packages/airflow/example_dags/example_sensors.py
[2024-03-06T22:30:23.162+0000] {processor.py:840} INFO - DAG(s) 'example_sensors' retrieved from /home/airflow/.local/lib/python3.8/site-packages/airflow/example_dags/example_sensors.py
[2024-03-06T22:30:23.196+0000] {logging_mixin.py:188} INFO - [2024-03-06T22:30:23.195+0000] {dag.py:3047} INFO - Sync 1 DAGs
[2024-03-06T22:30:23.211+0000] {logging_mixin.py:188} INFO - [2024-03-06T22:30:23.210+0000] {dag.py:3834} INFO - Setting next_dagrun for example_sensors to None, run_after=None
[2024-03-06T22:30:23.236+0000] {processor.py:183} INFO - Processing /home/airflow/.local/lib/python3.8/site-packages/airflow/example_dags/example_sensors.py took 0.094 seconds
[2024-03-06T22:30:53.629+0000] {processor.py:161} INFO - Started process (PID=1483) to work on /home/airflow/.local/lib/python3.8/site-packages/airflow/example_dags/example_sensors.py
[2024-03-06T22:30:53.631+0000] {processor.py:830} INFO - Processing file /home/airflow/.local/lib/python3.8/site-packages/airflow/example_dags/example_sensors.py for tasks to queue
[2024-03-06T22:30:53.634+0000] {logging_mixin.py:188} INFO - [2024-03-06T22:30:53.633+0000] {dagbag.py:540} INFO - Filling up the DagBag from /home/airflow/.local/lib/python3.8/site-packages/airflow/example_dags/example_sensors.py
[2024-03-06T22:30:53.647+0000] {processor.py:840} INFO - DAG(s) 'example_sensors' retrieved from /home/airflow/.local/lib/python3.8/site-packages/airflow/example_dags/example_sensors.py
[2024-03-06T22:30:53.681+0000] {logging_mixin.py:188} INFO - [2024-03-06T22:30:53.680+0000] {dag.py:3047} INFO - Sync 1 DAGs
[2024-03-06T22:30:53.698+0000] {logging_mixin.py:188} INFO - [2024-03-06T22:30:53.698+0000] {dag.py:3834} INFO - Setting next_dagrun for example_sensors to None, run_after=None
[2024-03-06T22:30:53.725+0000] {processor.py:183} INFO - Processing /home/airflow/.local/lib/python3.8/site-packages/airflow/example_dags/example_sensors.py took 0.101 seconds
[2024-03-06T22:31:24.244+0000] {processor.py:161} INFO - Started process (PID=1538) to work on /home/airflow/.local/lib/python3.8/site-packages/airflow/example_dags/example_sensors.py
[2024-03-06T22:31:24.245+0000] {processor.py:830} INFO - Processing file /home/airflow/.local/lib/python3.8/site-packages/airflow/example_dags/example_sensors.py for tasks to queue
[2024-03-06T22:31:24.248+0000] {logging_mixin.py:188} INFO - [2024-03-06T22:31:24.247+0000] {dagbag.py:540} INFO - Filling up the DagBag from /home/airflow/.local/lib/python3.8/site-packages/airflow/example_dags/example_sensors.py
[2024-03-06T22:31:24.260+0000] {processor.py:840} INFO - DAG(s) 'example_sensors' retrieved from /home/airflow/.local/lib/python3.8/site-packages/airflow/example_dags/example_sensors.py
[2024-03-06T22:31:24.308+0000] {logging_mixin.py:188} INFO - [2024-03-06T22:31:24.308+0000] {dag.py:3047} INFO - Sync 1 DAGs
[2024-03-06T22:31:24.326+0000] {logging_mixin.py:188} INFO - [2024-03-06T22:31:24.326+0000] {dag.py:3834} INFO - Setting next_dagrun for example_sensors to None, run_after=None
[2024-03-06T22:31:24.355+0000] {processor.py:183} INFO - Processing /home/airflow/.local/lib/python3.8/site-packages/airflow/example_dags/example_sensors.py took 0.116 seconds
[2024-03-06T22:31:54.775+0000] {processor.py:161} INFO - Started process (PID=1593) to work on /home/airflow/.local/lib/python3.8/site-packages/airflow/example_dags/example_sensors.py
[2024-03-06T22:31:54.777+0000] {processor.py:830} INFO - Processing file /home/airflow/.local/lib/python3.8/site-packages/airflow/example_dags/example_sensors.py for tasks to queue
[2024-03-06T22:31:54.780+0000] {logging_mixin.py:188} INFO - [2024-03-06T22:31:54.779+0000] {dagbag.py:540} INFO - Filling up the DagBag from /home/airflow/.local/lib/python3.8/site-packages/airflow/example_dags/example_sensors.py
[2024-03-06T22:31:54.793+0000] {processor.py:840} INFO - DAG(s) 'example_sensors' retrieved from /home/airflow/.local/lib/python3.8/site-packages/airflow/example_dags/example_sensors.py
[2024-03-06T22:31:54.897+0000] {logging_mixin.py:188} INFO - [2024-03-06T22:31:54.896+0000] {dag.py:3047} INFO - Sync 1 DAGs
[2024-03-06T22:31:54.975+0000] {logging_mixin.py:188} INFO - [2024-03-06T22:31:54.974+0000] {dag.py:3834} INFO - Setting next_dagrun for example_sensors to None, run_after=None
[2024-03-06T22:31:55.083+0000] {processor.py:183} INFO - Processing /home/airflow/.local/lib/python3.8/site-packages/airflow/example_dags/example_sensors.py took 0.311 seconds
[2024-03-06T22:32:26.068+0000] {processor.py:161} INFO - Started process (PID=1647) to work on /home/airflow/.local/lib/python3.8/site-packages/airflow/example_dags/example_sensors.py
[2024-03-06T22:32:26.070+0000] {processor.py:830} INFO - Processing file /home/airflow/.local/lib/python3.8/site-packages/airflow/example_dags/example_sensors.py for tasks to queue
[2024-03-06T22:32:26.075+0000] {logging_mixin.py:188} INFO - [2024-03-06T22:32:26.075+0000] {dagbag.py:540} INFO - Filling up the DagBag from /home/airflow/.local/lib/python3.8/site-packages/airflow/example_dags/example_sensors.py
[2024-03-06T22:32:26.090+0000] {processor.py:840} INFO - DAG(s) 'example_sensors' retrieved from /home/airflow/.local/lib/python3.8/site-packages/airflow/example_dags/example_sensors.py
[2024-03-06T22:32:26.127+0000] {logging_mixin.py:188} INFO - [2024-03-06T22:32:26.127+0000] {dag.py:3047} INFO - Sync 1 DAGs
[2024-03-06T22:32:26.150+0000] {logging_mixin.py:188} INFO - [2024-03-06T22:32:26.150+0000] {dag.py:3834} INFO - Setting next_dagrun for example_sensors to None, run_after=None
[2024-03-06T22:32:26.180+0000] {processor.py:183} INFO - Processing /home/airflow/.local/lib/python3.8/site-packages/airflow/example_dags/example_sensors.py took 0.116 seconds
[2024-03-06T22:32:56.616+0000] {processor.py:161} INFO - Started process (PID=1702) to work on /home/airflow/.local/lib/python3.8/site-packages/airflow/example_dags/example_sensors.py
[2024-03-06T22:32:56.618+0000] {processor.py:830} INFO - Processing file /home/airflow/.local/lib/python3.8/site-packages/airflow/example_dags/example_sensors.py for tasks to queue
[2024-03-06T22:32:56.622+0000] {logging_mixin.py:188} INFO - [2024-03-06T22:32:56.621+0000] {dagbag.py:540} INFO - Filling up the DagBag from /home/airflow/.local/lib/python3.8/site-packages/airflow/example_dags/example_sensors.py
[2024-03-06T22:32:56.640+0000] {processor.py:840} INFO - DAG(s) 'example_sensors' retrieved from /home/airflow/.local/lib/python3.8/site-packages/airflow/example_dags/example_sensors.py
[2024-03-06T22:32:56.688+0000] {logging_mixin.py:188} INFO - [2024-03-06T22:32:56.687+0000] {dag.py:3047} INFO - Sync 1 DAGs
[2024-03-06T22:32:56.705+0000] {logging_mixin.py:188} INFO - [2024-03-06T22:32:56.705+0000] {dag.py:3834} INFO - Setting next_dagrun for example_sensors to None, run_after=None
[2024-03-06T22:32:56.736+0000] {processor.py:183} INFO - Processing /home/airflow/.local/lib/python3.8/site-packages/airflow/example_dags/example_sensors.py took 0.126 seconds
[2024-03-06T22:33:27.114+0000] {processor.py:161} INFO - Started process (PID=1757) to work on /home/airflow/.local/lib/python3.8/site-packages/airflow/example_dags/example_sensors.py
[2024-03-06T22:33:27.115+0000] {processor.py:830} INFO - Processing file /home/airflow/.local/lib/python3.8/site-packages/airflow/example_dags/example_sensors.py for tasks to queue
[2024-03-06T22:33:27.119+0000] {logging_mixin.py:188} INFO - [2024-03-06T22:33:27.118+0000] {dagbag.py:540} INFO - Filling up the DagBag from /home/airflow/.local/lib/python3.8/site-packages/airflow/example_dags/example_sensors.py
[2024-03-06T22:33:27.135+0000] {processor.py:840} INFO - DAG(s) 'example_sensors' retrieved from /home/airflow/.local/lib/python3.8/site-packages/airflow/example_dags/example_sensors.py
[2024-03-06T22:33:27.178+0000] {logging_mixin.py:188} INFO - [2024-03-06T22:33:27.177+0000] {dag.py:3047} INFO - Sync 1 DAGs
[2024-03-06T22:33:27.201+0000] {logging_mixin.py:188} INFO - [2024-03-06T22:33:27.200+0000] {dag.py:3834} INFO - Setting next_dagrun for example_sensors to None, run_after=None
[2024-03-06T22:33:27.229+0000] {processor.py:183} INFO - Processing /home/airflow/.local/lib/python3.8/site-packages/airflow/example_dags/example_sensors.py took 0.121 seconds
[2024-03-06T22:33:57.595+0000] {processor.py:161} INFO - Started process (PID=1812) to work on /home/airflow/.local/lib/python3.8/site-packages/airflow/example_dags/example_sensors.py
[2024-03-06T22:33:57.597+0000] {processor.py:830} INFO - Processing file /home/airflow/.local/lib/python3.8/site-packages/airflow/example_dags/example_sensors.py for tasks to queue
[2024-03-06T22:33:57.600+0000] {logging_mixin.py:188} INFO - [2024-03-06T22:33:57.600+0000] {dagbag.py:540} INFO - Filling up the DagBag from /home/airflow/.local/lib/python3.8/site-packages/airflow/example_dags/example_sensors.py
[2024-03-06T22:33:57.613+0000] {processor.py:840} INFO - DAG(s) 'example_sensors' retrieved from /home/airflow/.local/lib/python3.8/site-packages/airflow/example_dags/example_sensors.py
[2024-03-06T22:33:57.683+0000] {logging_mixin.py:188} INFO - [2024-03-06T22:33:57.683+0000] {dag.py:3047} INFO - Sync 1 DAGs
[2024-03-06T22:33:57.715+0000] {logging_mixin.py:188} INFO - [2024-03-06T22:33:57.714+0000] {dag.py:3834} INFO - Setting next_dagrun for example_sensors to None, run_after=None
[2024-03-06T22:33:57.755+0000] {processor.py:183} INFO - Processing /home/airflow/.local/lib/python3.8/site-packages/airflow/example_dags/example_sensors.py took 0.164 seconds
[2024-03-06T22:34:27.846+0000] {processor.py:161} INFO - Started process (PID=1867) to work on /home/airflow/.local/lib/python3.8/site-packages/airflow/example_dags/example_sensors.py
[2024-03-06T22:34:27.848+0000] {processor.py:830} INFO - Processing file /home/airflow/.local/lib/python3.8/site-packages/airflow/example_dags/example_sensors.py for tasks to queue
[2024-03-06T22:34:27.851+0000] {logging_mixin.py:188} INFO - [2024-03-06T22:34:27.850+0000] {dagbag.py:540} INFO - Filling up the DagBag from /home/airflow/.local/lib/python3.8/site-packages/airflow/example_dags/example_sensors.py
[2024-03-06T22:34:27.864+0000] {processor.py:840} INFO - DAG(s) 'example_sensors' retrieved from /home/airflow/.local/lib/python3.8/site-packages/airflow/example_dags/example_sensors.py
[2024-03-06T22:34:27.925+0000] {logging_mixin.py:188} INFO - [2024-03-06T22:34:27.924+0000] {dag.py:3047} INFO - Sync 1 DAGs
[2024-03-06T22:34:27.965+0000] {logging_mixin.py:188} INFO - [2024-03-06T22:34:27.965+0000] {dag.py:3834} INFO - Setting next_dagrun for example_sensors to None, run_after=None
[2024-03-06T22:34:28.002+0000] {processor.py:183} INFO - Processing /home/airflow/.local/lib/python3.8/site-packages/airflow/example_dags/example_sensors.py took 0.159 seconds
[2024-03-06T22:34:58.170+0000] {processor.py:161} INFO - Started process (PID=1922) to work on /home/airflow/.local/lib/python3.8/site-packages/airflow/example_dags/example_sensors.py
[2024-03-06T22:34:58.174+0000] {processor.py:830} INFO - Processing file /home/airflow/.local/lib/python3.8/site-packages/airflow/example_dags/example_sensors.py for tasks to queue
[2024-03-06T22:34:58.177+0000] {logging_mixin.py:188} INFO - [2024-03-06T22:34:58.176+0000] {dagbag.py:540} INFO - Filling up the DagBag from /home/airflow/.local/lib/python3.8/site-packages/airflow/example_dags/example_sensors.py
[2024-03-06T22:34:58.196+0000] {processor.py:840} INFO - DAG(s) 'example_sensors' retrieved from /home/airflow/.local/lib/python3.8/site-packages/airflow/example_dags/example_sensors.py
[2024-03-06T22:34:58.288+0000] {logging_mixin.py:188} INFO - [2024-03-06T22:34:58.288+0000] {dag.py:3047} INFO - Sync 1 DAGs
[2024-03-06T22:34:58.316+0000] {logging_mixin.py:188} INFO - [2024-03-06T22:34:58.316+0000] {dag.py:3834} INFO - Setting next_dagrun for example_sensors to None, run_after=None
[2024-03-06T22:34:58.391+0000] {processor.py:183} INFO - Processing /home/airflow/.local/lib/python3.8/site-packages/airflow/example_dags/example_sensors.py took 0.227 seconds
[2024-03-06T22:35:29.330+0000] {processor.py:161} INFO - Started process (PID=1977) to work on /home/airflow/.local/lib/python3.8/site-packages/airflow/example_dags/example_sensors.py
[2024-03-06T22:35:29.331+0000] {processor.py:830} INFO - Processing file /home/airflow/.local/lib/python3.8/site-packages/airflow/example_dags/example_sensors.py for tasks to queue
[2024-03-06T22:35:29.335+0000] {logging_mixin.py:188} INFO - [2024-03-06T22:35:29.335+0000] {dagbag.py:540} INFO - Filling up the DagBag from /home/airflow/.local/lib/python3.8/site-packages/airflow/example_dags/example_sensors.py
[2024-03-06T22:35:29.348+0000] {processor.py:840} INFO - DAG(s) 'example_sensors' retrieved from /home/airflow/.local/lib/python3.8/site-packages/airflow/example_dags/example_sensors.py
[2024-03-06T22:35:29.386+0000] {logging_mixin.py:188} INFO - [2024-03-06T22:35:29.386+0000] {dag.py:3047} INFO - Sync 1 DAGs
[2024-03-06T22:35:29.404+0000] {logging_mixin.py:188} INFO - [2024-03-06T22:35:29.404+0000] {dag.py:3834} INFO - Setting next_dagrun for example_sensors to None, run_after=None
[2024-03-06T22:35:29.439+0000] {processor.py:183} INFO - Processing /home/airflow/.local/lib/python3.8/site-packages/airflow/example_dags/example_sensors.py took 0.114 seconds
[2024-03-06T22:35:59.718+0000] {processor.py:161} INFO - Started process (PID=2032) to work on /home/airflow/.local/lib/python3.8/site-packages/airflow/example_dags/example_sensors.py
[2024-03-06T22:35:59.720+0000] {processor.py:830} INFO - Processing file /home/airflow/.local/lib/python3.8/site-packages/airflow/example_dags/example_sensors.py for tasks to queue
[2024-03-06T22:35:59.723+0000] {logging_mixin.py:188} INFO - [2024-03-06T22:35:59.722+0000] {dagbag.py:540} INFO - Filling up the DagBag from /home/airflow/.local/lib/python3.8/site-packages/airflow/example_dags/example_sensors.py
[2024-03-06T22:35:59.738+0000] {processor.py:840} INFO - DAG(s) 'example_sensors' retrieved from /home/airflow/.local/lib/python3.8/site-packages/airflow/example_dags/example_sensors.py
[2024-03-06T22:35:59.781+0000] {logging_mixin.py:188} INFO - [2024-03-06T22:35:59.780+0000] {dag.py:3047} INFO - Sync 1 DAGs
[2024-03-06T22:35:59.799+0000] {logging_mixin.py:188} INFO - [2024-03-06T22:35:59.799+0000] {dag.py:3834} INFO - Setting next_dagrun for example_sensors to None, run_after=None
[2024-03-06T22:35:59.829+0000] {processor.py:183} INFO - Processing /home/airflow/.local/lib/python3.8/site-packages/airflow/example_dags/example_sensors.py took 0.116 seconds
[2024-03-06T22:36:30.147+0000] {processor.py:161} INFO - Started process (PID=2087) to work on /home/airflow/.local/lib/python3.8/site-packages/airflow/example_dags/example_sensors.py
[2024-03-06T22:36:30.148+0000] {processor.py:830} INFO - Processing file /home/airflow/.local/lib/python3.8/site-packages/airflow/example_dags/example_sensors.py for tasks to queue
[2024-03-06T22:36:30.151+0000] {logging_mixin.py:188} INFO - [2024-03-06T22:36:30.150+0000] {dagbag.py:540} INFO - Filling up the DagBag from /home/airflow/.local/lib/python3.8/site-packages/airflow/example_dags/example_sensors.py
[2024-03-06T22:36:30.165+0000] {processor.py:840} INFO - DAG(s) 'example_sensors' retrieved from /home/airflow/.local/lib/python3.8/site-packages/airflow/example_dags/example_sensors.py
[2024-03-06T22:36:30.202+0000] {logging_mixin.py:188} INFO - [2024-03-06T22:36:30.202+0000] {dag.py:3047} INFO - Sync 1 DAGs
[2024-03-06T22:36:30.219+0000] {logging_mixin.py:188} INFO - [2024-03-06T22:36:30.219+0000] {dag.py:3834} INFO - Setting next_dagrun for example_sensors to None, run_after=None
[2024-03-06T22:36:30.250+0000] {processor.py:183} INFO - Processing /home/airflow/.local/lib/python3.8/site-packages/airflow/example_dags/example_sensors.py took 0.109 seconds
[2024-03-06T22:37:00.418+0000] {processor.py:161} INFO - Started process (PID=2142) to work on /home/airflow/.local/lib/python3.8/site-packages/airflow/example_dags/example_sensors.py
[2024-03-06T22:37:00.420+0000] {processor.py:830} INFO - Processing file /home/airflow/.local/lib/python3.8/site-packages/airflow/example_dags/example_sensors.py for tasks to queue
[2024-03-06T22:37:00.425+0000] {logging_mixin.py:188} INFO - [2024-03-06T22:37:00.424+0000] {dagbag.py:540} INFO - Filling up the DagBag from /home/airflow/.local/lib/python3.8/site-packages/airflow/example_dags/example_sensors.py
[2024-03-06T22:37:00.439+0000] {processor.py:840} INFO - DAG(s) 'example_sensors' retrieved from /home/airflow/.local/lib/python3.8/site-packages/airflow/example_dags/example_sensors.py
[2024-03-06T22:37:00.489+0000] {logging_mixin.py:188} INFO - [2024-03-06T22:37:00.489+0000] {dag.py:3047} INFO - Sync 1 DAGs
[2024-03-06T22:37:00.515+0000] {logging_mixin.py:188} INFO - [2024-03-06T22:37:00.515+0000] {dag.py:3834} INFO - Setting next_dagrun for example_sensors to None, run_after=None
[2024-03-06T22:37:00.582+0000] {processor.py:183} INFO - Processing /home/airflow/.local/lib/python3.8/site-packages/airflow/example_dags/example_sensors.py took 0.168 seconds
[2024-03-06T22:37:30.671+0000] {processor.py:161} INFO - Started process (PID=2197) to work on /home/airflow/.local/lib/python3.8/site-packages/airflow/example_dags/example_sensors.py
[2024-03-06T22:37:30.673+0000] {processor.py:830} INFO - Processing file /home/airflow/.local/lib/python3.8/site-packages/airflow/example_dags/example_sensors.py for tasks to queue
[2024-03-06T22:37:30.675+0000] {logging_mixin.py:188} INFO - [2024-03-06T22:37:30.675+0000] {dagbag.py:540} INFO - Filling up the DagBag from /home/airflow/.local/lib/python3.8/site-packages/airflow/example_dags/example_sensors.py
[2024-03-06T22:37:30.689+0000] {processor.py:840} INFO - DAG(s) 'example_sensors' retrieved from /home/airflow/.local/lib/python3.8/site-packages/airflow/example_dags/example_sensors.py
[2024-03-06T22:37:30.748+0000] {logging_mixin.py:188} INFO - [2024-03-06T22:37:30.748+0000] {dag.py:3047} INFO - Sync 1 DAGs
[2024-03-06T22:37:30.767+0000] {logging_mixin.py:188} INFO - [2024-03-06T22:37:30.766+0000] {dag.py:3834} INFO - Setting next_dagrun for example_sensors to None, run_after=None
[2024-03-06T22:37:30.797+0000] {processor.py:183} INFO - Processing /home/airflow/.local/lib/python3.8/site-packages/airflow/example_dags/example_sensors.py took 0.133 seconds
[2024-03-06T22:38:00.904+0000] {processor.py:161} INFO - Started process (PID=2252) to work on /home/airflow/.local/lib/python3.8/site-packages/airflow/example_dags/example_sensors.py
[2024-03-06T22:38:00.906+0000] {processor.py:830} INFO - Processing file /home/airflow/.local/lib/python3.8/site-packages/airflow/example_dags/example_sensors.py for tasks to queue
[2024-03-06T22:38:00.910+0000] {logging_mixin.py:188} INFO - [2024-03-06T22:38:00.909+0000] {dagbag.py:540} INFO - Filling up the DagBag from /home/airflow/.local/lib/python3.8/site-packages/airflow/example_dags/example_sensors.py
[2024-03-06T22:38:00.924+0000] {processor.py:840} INFO - DAG(s) 'example_sensors' retrieved from /home/airflow/.local/lib/python3.8/site-packages/airflow/example_dags/example_sensors.py
[2024-03-06T22:38:00.963+0000] {logging_mixin.py:188} INFO - [2024-03-06T22:38:00.963+0000] {dag.py:3047} INFO - Sync 1 DAGs
[2024-03-06T22:38:00.985+0000] {logging_mixin.py:188} INFO - [2024-03-06T22:38:00.985+0000] {dag.py:3834} INFO - Setting next_dagrun for example_sensors to None, run_after=None
[2024-03-06T22:38:01.026+0000] {processor.py:183} INFO - Processing /home/airflow/.local/lib/python3.8/site-packages/airflow/example_dags/example_sensors.py took 0.128 seconds
[2024-03-06T22:38:31.155+0000] {processor.py:161} INFO - Started process (PID=2307) to work on /home/airflow/.local/lib/python3.8/site-packages/airflow/example_dags/example_sensors.py
[2024-03-06T22:38:31.157+0000] {processor.py:830} INFO - Processing file /home/airflow/.local/lib/python3.8/site-packages/airflow/example_dags/example_sensors.py for tasks to queue
[2024-03-06T22:38:31.160+0000] {logging_mixin.py:188} INFO - [2024-03-06T22:38:31.160+0000] {dagbag.py:540} INFO - Filling up the DagBag from /home/airflow/.local/lib/python3.8/site-packages/airflow/example_dags/example_sensors.py
[2024-03-06T22:38:31.174+0000] {processor.py:840} INFO - DAG(s) 'example_sensors' retrieved from /home/airflow/.local/lib/python3.8/site-packages/airflow/example_dags/example_sensors.py
[2024-03-06T22:38:31.215+0000] {logging_mixin.py:188} INFO - [2024-03-06T22:38:31.214+0000] {dag.py:3047} INFO - Sync 1 DAGs
[2024-03-06T22:38:31.259+0000] {logging_mixin.py:188} INFO - [2024-03-06T22:38:31.259+0000] {dag.py:3834} INFO - Setting next_dagrun for example_sensors to None, run_after=None
[2024-03-06T22:38:31.308+0000] {processor.py:183} INFO - Processing /home/airflow/.local/lib/python3.8/site-packages/airflow/example_dags/example_sensors.py took 0.157 seconds
[2024-03-06T22:39:01.775+0000] {processor.py:161} INFO - Started process (PID=2368) to work on /home/airflow/.local/lib/python3.8/site-packages/airflow/example_dags/example_sensors.py
[2024-03-06T22:39:01.780+0000] {processor.py:830} INFO - Processing file /home/airflow/.local/lib/python3.8/site-packages/airflow/example_dags/example_sensors.py for tasks to queue
[2024-03-06T22:39:01.783+0000] {logging_mixin.py:188} INFO - [2024-03-06T22:39:01.783+0000] {dagbag.py:540} INFO - Filling up the DagBag from /home/airflow/.local/lib/python3.8/site-packages/airflow/example_dags/example_sensors.py
[2024-03-06T22:39:01.796+0000] {processor.py:840} INFO - DAG(s) 'example_sensors' retrieved from /home/airflow/.local/lib/python3.8/site-packages/airflow/example_dags/example_sensors.py
[2024-03-06T22:39:01.831+0000] {logging_mixin.py:188} INFO - [2024-03-06T22:39:01.831+0000] {dag.py:3047} INFO - Sync 1 DAGs
[2024-03-06T22:39:01.847+0000] {logging_mixin.py:188} INFO - [2024-03-06T22:39:01.847+0000] {dag.py:3834} INFO - Setting next_dagrun for example_sensors to None, run_after=None
[2024-03-06T22:39:01.875+0000] {processor.py:183} INFO - Processing /home/airflow/.local/lib/python3.8/site-packages/airflow/example_dags/example_sensors.py took 0.104 seconds
[2024-03-06T22:39:32.177+0000] {processor.py:161} INFO - Started process (PID=2422) to work on /home/airflow/.local/lib/python3.8/site-packages/airflow/example_dags/example_sensors.py
[2024-03-06T22:39:32.179+0000] {processor.py:830} INFO - Processing file /home/airflow/.local/lib/python3.8/site-packages/airflow/example_dags/example_sensors.py for tasks to queue
[2024-03-06T22:39:32.181+0000] {logging_mixin.py:188} INFO - [2024-03-06T22:39:32.181+0000] {dagbag.py:540} INFO - Filling up the DagBag from /home/airflow/.local/lib/python3.8/site-packages/airflow/example_dags/example_sensors.py
[2024-03-06T22:39:32.195+0000] {processor.py:840} INFO - DAG(s) 'example_sensors' retrieved from /home/airflow/.local/lib/python3.8/site-packages/airflow/example_dags/example_sensors.py
[2024-03-06T22:39:32.230+0000] {logging_mixin.py:188} INFO - [2024-03-06T22:39:32.230+0000] {dag.py:3047} INFO - Sync 1 DAGs
[2024-03-06T22:39:32.245+0000] {logging_mixin.py:188} INFO - [2024-03-06T22:39:32.245+0000] {dag.py:3834} INFO - Setting next_dagrun for example_sensors to None, run_after=None
[2024-03-06T22:39:32.273+0000] {processor.py:183} INFO - Processing /home/airflow/.local/lib/python3.8/site-packages/airflow/example_dags/example_sensors.py took 0.102 seconds
[2024-03-06T22:40:02.767+0000] {processor.py:161} INFO - Started process (PID=2478) to work on /home/airflow/.local/lib/python3.8/site-packages/airflow/example_dags/example_sensors.py
[2024-03-06T22:40:02.769+0000] {processor.py:830} INFO - Processing file /home/airflow/.local/lib/python3.8/site-packages/airflow/example_dags/example_sensors.py for tasks to queue
[2024-03-06T22:40:02.774+0000] {logging_mixin.py:188} INFO - [2024-03-06T22:40:02.773+0000] {dagbag.py:540} INFO - Filling up the DagBag from /home/airflow/.local/lib/python3.8/site-packages/airflow/example_dags/example_sensors.py
[2024-03-06T22:40:02.797+0000] {processor.py:840} INFO - DAG(s) 'example_sensors' retrieved from /home/airflow/.local/lib/python3.8/site-packages/airflow/example_dags/example_sensors.py
[2024-03-06T22:40:02.897+0000] {logging_mixin.py:188} INFO - [2024-03-06T22:40:02.896+0000] {dag.py:3047} INFO - Sync 1 DAGs
[2024-03-06T22:40:02.919+0000] {logging_mixin.py:188} INFO - [2024-03-06T22:40:02.918+0000] {dag.py:3834} INFO - Setting next_dagrun for example_sensors to None, run_after=None
[2024-03-06T22:40:02.954+0000] {processor.py:183} INFO - Processing /home/airflow/.local/lib/python3.8/site-packages/airflow/example_dags/example_sensors.py took 0.195 seconds
[2024-03-06T22:40:33.041+0000] {processor.py:161} INFO - Started process (PID=2531) to work on /home/airflow/.local/lib/python3.8/site-packages/airflow/example_dags/example_sensors.py
[2024-03-06T22:40:33.043+0000] {processor.py:830} INFO - Processing file /home/airflow/.local/lib/python3.8/site-packages/airflow/example_dags/example_sensors.py for tasks to queue
[2024-03-06T22:40:33.046+0000] {logging_mixin.py:188} INFO - [2024-03-06T22:40:33.045+0000] {dagbag.py:540} INFO - Filling up the DagBag from /home/airflow/.local/lib/python3.8/site-packages/airflow/example_dags/example_sensors.py
[2024-03-06T22:40:33.058+0000] {processor.py:840} INFO - DAG(s) 'example_sensors' retrieved from /home/airflow/.local/lib/python3.8/site-packages/airflow/example_dags/example_sensors.py
[2024-03-06T22:40:33.091+0000] {logging_mixin.py:188} INFO - [2024-03-06T22:40:33.091+0000] {dag.py:3047} INFO - Sync 1 DAGs
[2024-03-06T22:40:33.106+0000] {logging_mixin.py:188} INFO - [2024-03-06T22:40:33.106+0000] {dag.py:3834} INFO - Setting next_dagrun for example_sensors to None, run_after=None
[2024-03-06T22:40:33.134+0000] {processor.py:183} INFO - Processing /home/airflow/.local/lib/python3.8/site-packages/airflow/example_dags/example_sensors.py took 0.097 seconds
[2024-03-06T22:41:03.608+0000] {processor.py:161} INFO - Started process (PID=2586) to work on /home/airflow/.local/lib/python3.8/site-packages/airflow/example_dags/example_sensors.py
[2024-03-06T22:41:03.610+0000] {processor.py:830} INFO - Processing file /home/airflow/.local/lib/python3.8/site-packages/airflow/example_dags/example_sensors.py for tasks to queue
[2024-03-06T22:41:03.613+0000] {logging_mixin.py:188} INFO - [2024-03-06T22:41:03.612+0000] {dagbag.py:540} INFO - Filling up the DagBag from /home/airflow/.local/lib/python3.8/site-packages/airflow/example_dags/example_sensors.py
[2024-03-06T22:41:03.624+0000] {processor.py:840} INFO - DAG(s) 'example_sensors' retrieved from /home/airflow/.local/lib/python3.8/site-packages/airflow/example_dags/example_sensors.py
[2024-03-06T22:41:03.656+0000] {logging_mixin.py:188} INFO - [2024-03-06T22:41:03.656+0000] {dag.py:3047} INFO - Sync 1 DAGs
[2024-03-06T22:41:03.671+0000] {logging_mixin.py:188} INFO - [2024-03-06T22:41:03.671+0000] {dag.py:3834} INFO - Setting next_dagrun for example_sensors to None, run_after=None
[2024-03-06T22:41:03.697+0000] {processor.py:183} INFO - Processing /home/airflow/.local/lib/python3.8/site-packages/airflow/example_dags/example_sensors.py took 0.094 seconds
[2024-03-06T22:41:33.876+0000] {processor.py:161} INFO - Started process (PID=2641) to work on /home/airflow/.local/lib/python3.8/site-packages/airflow/example_dags/example_sensors.py
[2024-03-06T22:41:33.878+0000] {processor.py:830} INFO - Processing file /home/airflow/.local/lib/python3.8/site-packages/airflow/example_dags/example_sensors.py for tasks to queue
[2024-03-06T22:41:33.883+0000] {logging_mixin.py:188} INFO - [2024-03-06T22:41:33.883+0000] {dagbag.py:540} INFO - Filling up the DagBag from /home/airflow/.local/lib/python3.8/site-packages/airflow/example_dags/example_sensors.py
[2024-03-06T22:41:33.898+0000] {processor.py:840} INFO - DAG(s) 'example_sensors' retrieved from /home/airflow/.local/lib/python3.8/site-packages/airflow/example_dags/example_sensors.py
[2024-03-06T22:41:33.937+0000] {logging_mixin.py:188} INFO - [2024-03-06T22:41:33.937+0000] {dag.py:3047} INFO - Sync 1 DAGs
[2024-03-06T22:41:33.958+0000] {logging_mixin.py:188} INFO - [2024-03-06T22:41:33.958+0000] {dag.py:3834} INFO - Setting next_dagrun for example_sensors to None, run_after=None
[2024-03-06T22:41:33.987+0000] {processor.py:183} INFO - Processing /home/airflow/.local/lib/python3.8/site-packages/airflow/example_dags/example_sensors.py took 0.117 seconds
[2024-03-06T22:42:04.733+0000] {processor.py:161} INFO - Started process (PID=2696) to work on /home/airflow/.local/lib/python3.8/site-packages/airflow/example_dags/example_sensors.py
[2024-03-06T22:42:04.737+0000] {processor.py:830} INFO - Processing file /home/airflow/.local/lib/python3.8/site-packages/airflow/example_dags/example_sensors.py for tasks to queue
[2024-03-06T22:42:04.740+0000] {logging_mixin.py:188} INFO - [2024-03-06T22:42:04.740+0000] {dagbag.py:540} INFO - Filling up the DagBag from /home/airflow/.local/lib/python3.8/site-packages/airflow/example_dags/example_sensors.py
[2024-03-06T22:42:04.756+0000] {processor.py:840} INFO - DAG(s) 'example_sensors' retrieved from /home/airflow/.local/lib/python3.8/site-packages/airflow/example_dags/example_sensors.py
[2024-03-06T22:42:05.112+0000] {logging_mixin.py:188} INFO - [2024-03-06T22:42:05.109+0000] {dag.py:3047} INFO - Sync 1 DAGs
[2024-03-06T22:42:05.153+0000] {logging_mixin.py:188} INFO - [2024-03-06T22:42:05.152+0000] {dag.py:3834} INFO - Setting next_dagrun for example_sensors to None, run_after=None
[2024-03-06T22:42:05.650+0000] {processor.py:183} INFO - Processing /home/airflow/.local/lib/python3.8/site-packages/airflow/example_dags/example_sensors.py took 0.923 seconds
[2024-03-06T22:42:35.880+0000] {processor.py:161} INFO - Started process (PID=2750) to work on /home/airflow/.local/lib/python3.8/site-packages/airflow/example_dags/example_sensors.py
[2024-03-06T22:42:35.885+0000] {processor.py:830} INFO - Processing file /home/airflow/.local/lib/python3.8/site-packages/airflow/example_dags/example_sensors.py for tasks to queue
[2024-03-06T22:42:35.889+0000] {logging_mixin.py:188} INFO - [2024-03-06T22:42:35.889+0000] {dagbag.py:540} INFO - Filling up the DagBag from /home/airflow/.local/lib/python3.8/site-packages/airflow/example_dags/example_sensors.py
[2024-03-06T22:42:35.908+0000] {processor.py:840} INFO - DAG(s) 'example_sensors' retrieved from /home/airflow/.local/lib/python3.8/site-packages/airflow/example_dags/example_sensors.py
[2024-03-06T22:42:35.948+0000] {logging_mixin.py:188} INFO - [2024-03-06T22:42:35.947+0000] {dag.py:3047} INFO - Sync 1 DAGs
[2024-03-06T22:42:35.969+0000] {logging_mixin.py:188} INFO - [2024-03-06T22:42:35.968+0000] {dag.py:3834} INFO - Setting next_dagrun for example_sensors to None, run_after=None
[2024-03-06T22:42:36.004+0000] {processor.py:183} INFO - Processing /home/airflow/.local/lib/python3.8/site-packages/airflow/example_dags/example_sensors.py took 0.130 seconds
