[2024-03-06T22:17:42.440+0000] {processor.py:161} INFO - Started process (PID=55) to work on /home/airflow/.local/lib/python3.8/site-packages/airflow/example_dags/example_python_decorator.py
[2024-03-06T22:17:42.460+0000] {processor.py:830} INFO - Processing file /home/airflow/.local/lib/python3.8/site-packages/airflow/example_dags/example_python_decorator.py for tasks to queue
[2024-03-06T22:17:42.466+0000] {logging_mixin.py:188} INFO - [2024-03-06T22:17:42.465+0000] {dagbag.py:540} INFO - Filling up the DagBag from /home/airflow/.local/lib/python3.8/site-packages/airflow/example_dags/example_python_decorator.py
[2024-03-06T22:17:42.495+0000] {processor.py:840} INFO - DAG(s) 'example_python_decorator' retrieved from /home/airflow/.local/lib/python3.8/site-packages/airflow/example_dags/example_python_decorator.py
[2024-03-06T22:17:42.706+0000] {logging_mixin.py:188} INFO - [2024-03-06T22:17:42.706+0000] {dag.py:3047} INFO - Sync 1 DAGs
[2024-03-06T22:17:42.730+0000] {logging_mixin.py:188} INFO - [2024-03-06T22:17:42.730+0000] {dag.py:3834} INFO - Setting next_dagrun for example_python_decorator to None, run_after=None
[2024-03-06T22:17:42.814+0000] {processor.py:183} INFO - Processing /home/airflow/.local/lib/python3.8/site-packages/airflow/example_dags/example_python_decorator.py took 0.381 seconds
[2024-03-06T22:18:12.969+0000] {processor.py:161} INFO - Started process (PID=110) to work on /home/airflow/.local/lib/python3.8/site-packages/airflow/example_dags/example_python_decorator.py
[2024-03-06T22:18:12.972+0000] {processor.py:830} INFO - Processing file /home/airflow/.local/lib/python3.8/site-packages/airflow/example_dags/example_python_decorator.py for tasks to queue
[2024-03-06T22:18:12.978+0000] {logging_mixin.py:188} INFO - [2024-03-06T22:18:12.977+0000] {dagbag.py:540} INFO - Filling up the DagBag from /home/airflow/.local/lib/python3.8/site-packages/airflow/example_dags/example_python_decorator.py
[2024-03-06T22:18:13.010+0000] {processor.py:840} INFO - DAG(s) 'example_python_decorator' retrieved from /home/airflow/.local/lib/python3.8/site-packages/airflow/example_dags/example_python_decorator.py
[2024-03-06T22:18:13.116+0000] {logging_mixin.py:188} INFO - [2024-03-06T22:18:13.116+0000] {dag.py:3047} INFO - Sync 1 DAGs
[2024-03-06T22:18:13.190+0000] {logging_mixin.py:188} INFO - [2024-03-06T22:18:13.189+0000] {dag.py:3834} INFO - Setting next_dagrun for example_python_decorator to None, run_after=None
[2024-03-06T22:18:13.245+0000] {processor.py:183} INFO - Processing /home/airflow/.local/lib/python3.8/site-packages/airflow/example_dags/example_python_decorator.py took 0.283 seconds
[2024-03-06T22:18:43.893+0000] {processor.py:161} INFO - Started process (PID=165) to work on /home/airflow/.local/lib/python3.8/site-packages/airflow/example_dags/example_python_decorator.py
[2024-03-06T22:18:43.895+0000] {processor.py:830} INFO - Processing file /home/airflow/.local/lib/python3.8/site-packages/airflow/example_dags/example_python_decorator.py for tasks to queue
[2024-03-06T22:18:43.898+0000] {logging_mixin.py:188} INFO - [2024-03-06T22:18:43.898+0000] {dagbag.py:540} INFO - Filling up the DagBag from /home/airflow/.local/lib/python3.8/site-packages/airflow/example_dags/example_python_decorator.py
[2024-03-06T22:18:43.925+0000] {processor.py:840} INFO - DAG(s) 'example_python_decorator' retrieved from /home/airflow/.local/lib/python3.8/site-packages/airflow/example_dags/example_python_decorator.py
[2024-03-06T22:18:43.965+0000] {logging_mixin.py:188} INFO - [2024-03-06T22:18:43.965+0000] {dag.py:3047} INFO - Sync 1 DAGs
[2024-03-06T22:18:43.988+0000] {logging_mixin.py:188} INFO - [2024-03-06T22:18:43.988+0000] {dag.py:3834} INFO - Setting next_dagrun for example_python_decorator to None, run_after=None
[2024-03-06T22:18:44.024+0000] {processor.py:183} INFO - Processing /home/airflow/.local/lib/python3.8/site-packages/airflow/example_dags/example_python_decorator.py took 0.137 seconds
[2024-03-06T22:19:14.139+0000] {processor.py:161} INFO - Started process (PID=220) to work on /home/airflow/.local/lib/python3.8/site-packages/airflow/example_dags/example_python_decorator.py
[2024-03-06T22:19:14.142+0000] {processor.py:830} INFO - Processing file /home/airflow/.local/lib/python3.8/site-packages/airflow/example_dags/example_python_decorator.py for tasks to queue
[2024-03-06T22:19:14.145+0000] {logging_mixin.py:188} INFO - [2024-03-06T22:19:14.145+0000] {dagbag.py:540} INFO - Filling up the DagBag from /home/airflow/.local/lib/python3.8/site-packages/airflow/example_dags/example_python_decorator.py
[2024-03-06T22:19:14.163+0000] {processor.py:840} INFO - DAG(s) 'example_python_decorator' retrieved from /home/airflow/.local/lib/python3.8/site-packages/airflow/example_dags/example_python_decorator.py
[2024-03-06T22:19:14.195+0000] {logging_mixin.py:188} INFO - [2024-03-06T22:19:14.195+0000] {dag.py:3047} INFO - Sync 1 DAGs
[2024-03-06T22:19:14.211+0000] {logging_mixin.py:188} INFO - [2024-03-06T22:19:14.211+0000] {dag.py:3834} INFO - Setting next_dagrun for example_python_decorator to None, run_after=None
[2024-03-06T22:19:14.244+0000] {processor.py:183} INFO - Processing /home/airflow/.local/lib/python3.8/site-packages/airflow/example_dags/example_python_decorator.py took 0.109 seconds
[2024-03-06T22:19:44.365+0000] {processor.py:161} INFO - Started process (PID=275) to work on /home/airflow/.local/lib/python3.8/site-packages/airflow/example_dags/example_python_decorator.py
[2024-03-06T22:19:44.367+0000] {processor.py:830} INFO - Processing file /home/airflow/.local/lib/python3.8/site-packages/airflow/example_dags/example_python_decorator.py for tasks to queue
[2024-03-06T22:19:44.369+0000] {logging_mixin.py:188} INFO - [2024-03-06T22:19:44.369+0000] {dagbag.py:540} INFO - Filling up the DagBag from /home/airflow/.local/lib/python3.8/site-packages/airflow/example_dags/example_python_decorator.py
[2024-03-06T22:19:44.387+0000] {processor.py:840} INFO - DAG(s) 'example_python_decorator' retrieved from /home/airflow/.local/lib/python3.8/site-packages/airflow/example_dags/example_python_decorator.py
[2024-03-06T22:19:44.416+0000] {logging_mixin.py:188} INFO - [2024-03-06T22:19:44.416+0000] {dag.py:3047} INFO - Sync 1 DAGs
[2024-03-06T22:19:44.433+0000] {logging_mixin.py:188} INFO - [2024-03-06T22:19:44.433+0000] {dag.py:3834} INFO - Setting next_dagrun for example_python_decorator to None, run_after=None
[2024-03-06T22:19:44.458+0000] {processor.py:183} INFO - Processing /home/airflow/.local/lib/python3.8/site-packages/airflow/example_dags/example_python_decorator.py took 0.099 seconds
[2024-03-06T22:20:14.590+0000] {processor.py:161} INFO - Started process (PID=330) to work on /home/airflow/.local/lib/python3.8/site-packages/airflow/example_dags/example_python_decorator.py
[2024-03-06T22:20:14.591+0000] {processor.py:830} INFO - Processing file /home/airflow/.local/lib/python3.8/site-packages/airflow/example_dags/example_python_decorator.py for tasks to queue
[2024-03-06T22:20:14.594+0000] {logging_mixin.py:188} INFO - [2024-03-06T22:20:14.593+0000] {dagbag.py:540} INFO - Filling up the DagBag from /home/airflow/.local/lib/python3.8/site-packages/airflow/example_dags/example_python_decorator.py
[2024-03-06T22:20:14.613+0000] {processor.py:840} INFO - DAG(s) 'example_python_decorator' retrieved from /home/airflow/.local/lib/python3.8/site-packages/airflow/example_dags/example_python_decorator.py
[2024-03-06T22:20:14.644+0000] {logging_mixin.py:188} INFO - [2024-03-06T22:20:14.644+0000] {dag.py:3047} INFO - Sync 1 DAGs
[2024-03-06T22:20:14.664+0000] {logging_mixin.py:188} INFO - [2024-03-06T22:20:14.663+0000] {dag.py:3834} INFO - Setting next_dagrun for example_python_decorator to None, run_after=None
[2024-03-06T22:20:14.692+0000] {processor.py:183} INFO - Processing /home/airflow/.local/lib/python3.8/site-packages/airflow/example_dags/example_python_decorator.py took 0.108 seconds
[2024-03-06T22:20:44.878+0000] {processor.py:161} INFO - Started process (PID=385) to work on /home/airflow/.local/lib/python3.8/site-packages/airflow/example_dags/example_python_decorator.py
[2024-03-06T22:20:44.879+0000] {processor.py:830} INFO - Processing file /home/airflow/.local/lib/python3.8/site-packages/airflow/example_dags/example_python_decorator.py for tasks to queue
[2024-03-06T22:20:44.882+0000] {logging_mixin.py:188} INFO - [2024-03-06T22:20:44.882+0000] {dagbag.py:540} INFO - Filling up the DagBag from /home/airflow/.local/lib/python3.8/site-packages/airflow/example_dags/example_python_decorator.py
[2024-03-06T22:20:44.899+0000] {processor.py:840} INFO - DAG(s) 'example_python_decorator' retrieved from /home/airflow/.local/lib/python3.8/site-packages/airflow/example_dags/example_python_decorator.py
[2024-03-06T22:20:44.930+0000] {logging_mixin.py:188} INFO - [2024-03-06T22:20:44.930+0000] {dag.py:3047} INFO - Sync 1 DAGs
[2024-03-06T22:20:44.946+0000] {logging_mixin.py:188} INFO - [2024-03-06T22:20:44.946+0000] {dag.py:3834} INFO - Setting next_dagrun for example_python_decorator to None, run_after=None
[2024-03-06T22:20:44.974+0000] {processor.py:183} INFO - Processing /home/airflow/.local/lib/python3.8/site-packages/airflow/example_dags/example_python_decorator.py took 0.102 seconds
[2024-03-06T22:21:15.110+0000] {processor.py:161} INFO - Started process (PID=440) to work on /home/airflow/.local/lib/python3.8/site-packages/airflow/example_dags/example_python_decorator.py
[2024-03-06T22:21:15.111+0000] {processor.py:830} INFO - Processing file /home/airflow/.local/lib/python3.8/site-packages/airflow/example_dags/example_python_decorator.py for tasks to queue
[2024-03-06T22:21:15.115+0000] {logging_mixin.py:188} INFO - [2024-03-06T22:21:15.115+0000] {dagbag.py:540} INFO - Filling up the DagBag from /home/airflow/.local/lib/python3.8/site-packages/airflow/example_dags/example_python_decorator.py
[2024-03-06T22:21:15.138+0000] {processor.py:840} INFO - DAG(s) 'example_python_decorator' retrieved from /home/airflow/.local/lib/python3.8/site-packages/airflow/example_dags/example_python_decorator.py
[2024-03-06T22:21:15.173+0000] {logging_mixin.py:188} INFO - [2024-03-06T22:21:15.172+0000] {dag.py:3047} INFO - Sync 1 DAGs
[2024-03-06T22:21:15.191+0000] {logging_mixin.py:188} INFO - [2024-03-06T22:21:15.191+0000] {dag.py:3834} INFO - Setting next_dagrun for example_python_decorator to None, run_after=None
[2024-03-06T22:21:15.216+0000] {processor.py:183} INFO - Processing /home/airflow/.local/lib/python3.8/site-packages/airflow/example_dags/example_python_decorator.py took 0.112 seconds
[2024-03-06T22:21:45.473+0000] {processor.py:161} INFO - Started process (PID=495) to work on /home/airflow/.local/lib/python3.8/site-packages/airflow/example_dags/example_python_decorator.py
[2024-03-06T22:21:45.474+0000] {processor.py:830} INFO - Processing file /home/airflow/.local/lib/python3.8/site-packages/airflow/example_dags/example_python_decorator.py for tasks to queue
[2024-03-06T22:21:45.478+0000] {logging_mixin.py:188} INFO - [2024-03-06T22:21:45.477+0000] {dagbag.py:540} INFO - Filling up the DagBag from /home/airflow/.local/lib/python3.8/site-packages/airflow/example_dags/example_python_decorator.py
[2024-03-06T22:21:45.497+0000] {processor.py:840} INFO - DAG(s) 'example_python_decorator' retrieved from /home/airflow/.local/lib/python3.8/site-packages/airflow/example_dags/example_python_decorator.py
[2024-03-06T22:21:45.536+0000] {logging_mixin.py:188} INFO - [2024-03-06T22:21:45.535+0000] {dag.py:3047} INFO - Sync 1 DAGs
[2024-03-06T22:21:45.555+0000] {logging_mixin.py:188} INFO - [2024-03-06T22:21:45.555+0000] {dag.py:3834} INFO - Setting next_dagrun for example_python_decorator to None, run_after=None
[2024-03-06T22:21:45.581+0000] {processor.py:183} INFO - Processing /home/airflow/.local/lib/python3.8/site-packages/airflow/example_dags/example_python_decorator.py took 0.112 seconds
[2024-03-06T22:22:15.723+0000] {processor.py:161} INFO - Started process (PID=549) to work on /home/airflow/.local/lib/python3.8/site-packages/airflow/example_dags/example_python_decorator.py
[2024-03-06T22:22:15.725+0000] {processor.py:830} INFO - Processing file /home/airflow/.local/lib/python3.8/site-packages/airflow/example_dags/example_python_decorator.py for tasks to queue
[2024-03-06T22:22:15.728+0000] {logging_mixin.py:188} INFO - [2024-03-06T22:22:15.728+0000] {dagbag.py:540} INFO - Filling up the DagBag from /home/airflow/.local/lib/python3.8/site-packages/airflow/example_dags/example_python_decorator.py
[2024-03-06T22:22:15.746+0000] {processor.py:840} INFO - DAG(s) 'example_python_decorator' retrieved from /home/airflow/.local/lib/python3.8/site-packages/airflow/example_dags/example_python_decorator.py
[2024-03-06T22:22:15.778+0000] {logging_mixin.py:188} INFO - [2024-03-06T22:22:15.777+0000] {dag.py:3047} INFO - Sync 1 DAGs
[2024-03-06T22:22:15.794+0000] {logging_mixin.py:188} INFO - [2024-03-06T22:22:15.793+0000] {dag.py:3834} INFO - Setting next_dagrun for example_python_decorator to None, run_after=None
[2024-03-06T22:22:15.821+0000] {processor.py:183} INFO - Processing /home/airflow/.local/lib/python3.8/site-packages/airflow/example_dags/example_python_decorator.py took 0.102 seconds
[2024-03-06T22:22:46.316+0000] {processor.py:161} INFO - Started process (PID=604) to work on /home/airflow/.local/lib/python3.8/site-packages/airflow/example_dags/example_python_decorator.py
[2024-03-06T22:22:46.318+0000] {processor.py:830} INFO - Processing file /home/airflow/.local/lib/python3.8/site-packages/airflow/example_dags/example_python_decorator.py for tasks to queue
[2024-03-06T22:22:46.320+0000] {logging_mixin.py:188} INFO - [2024-03-06T22:22:46.320+0000] {dagbag.py:540} INFO - Filling up the DagBag from /home/airflow/.local/lib/python3.8/site-packages/airflow/example_dags/example_python_decorator.py
[2024-03-06T22:22:46.337+0000] {processor.py:840} INFO - DAG(s) 'example_python_decorator' retrieved from /home/airflow/.local/lib/python3.8/site-packages/airflow/example_dags/example_python_decorator.py
[2024-03-06T22:22:46.371+0000] {logging_mixin.py:188} INFO - [2024-03-06T22:22:46.371+0000] {dag.py:3047} INFO - Sync 1 DAGs
[2024-03-06T22:22:46.389+0000] {logging_mixin.py:188} INFO - [2024-03-06T22:22:46.389+0000] {dag.py:3834} INFO - Setting next_dagrun for example_python_decorator to None, run_after=None
[2024-03-06T22:22:46.425+0000] {processor.py:183} INFO - Processing /home/airflow/.local/lib/python3.8/site-packages/airflow/example_dags/example_python_decorator.py took 0.112 seconds
[2024-03-06T22:23:16.768+0000] {processor.py:161} INFO - Started process (PID=659) to work on /home/airflow/.local/lib/python3.8/site-packages/airflow/example_dags/example_python_decorator.py
[2024-03-06T22:23:16.770+0000] {processor.py:830} INFO - Processing file /home/airflow/.local/lib/python3.8/site-packages/airflow/example_dags/example_python_decorator.py for tasks to queue
[2024-03-06T22:23:16.772+0000] {logging_mixin.py:188} INFO - [2024-03-06T22:23:16.772+0000] {dagbag.py:540} INFO - Filling up the DagBag from /home/airflow/.local/lib/python3.8/site-packages/airflow/example_dags/example_python_decorator.py
[2024-03-06T22:23:16.790+0000] {processor.py:840} INFO - DAG(s) 'example_python_decorator' retrieved from /home/airflow/.local/lib/python3.8/site-packages/airflow/example_dags/example_python_decorator.py
[2024-03-06T22:23:16.820+0000] {logging_mixin.py:188} INFO - [2024-03-06T22:23:16.820+0000] {dag.py:3047} INFO - Sync 1 DAGs
[2024-03-06T22:23:16.839+0000] {logging_mixin.py:188} INFO - [2024-03-06T22:23:16.839+0000] {dag.py:3834} INFO - Setting next_dagrun for example_python_decorator to None, run_after=None
[2024-03-06T22:23:16.867+0000] {processor.py:183} INFO - Processing /home/airflow/.local/lib/python3.8/site-packages/airflow/example_dags/example_python_decorator.py took 0.104 seconds
[2024-03-06T22:23:47.053+0000] {processor.py:161} INFO - Started process (PID=713) to work on /home/airflow/.local/lib/python3.8/site-packages/airflow/example_dags/example_python_decorator.py
[2024-03-06T22:23:47.054+0000] {processor.py:830} INFO - Processing file /home/airflow/.local/lib/python3.8/site-packages/airflow/example_dags/example_python_decorator.py for tasks to queue
[2024-03-06T22:23:47.057+0000] {logging_mixin.py:188} INFO - [2024-03-06T22:23:47.057+0000] {dagbag.py:540} INFO - Filling up the DagBag from /home/airflow/.local/lib/python3.8/site-packages/airflow/example_dags/example_python_decorator.py
[2024-03-06T22:23:47.085+0000] {processor.py:840} INFO - DAG(s) 'example_python_decorator' retrieved from /home/airflow/.local/lib/python3.8/site-packages/airflow/example_dags/example_python_decorator.py
[2024-03-06T22:23:47.418+0000] {logging_mixin.py:188} INFO - [2024-03-06T22:23:47.416+0000] {dag.py:3047} INFO - Sync 1 DAGs
[2024-03-06T22:23:47.450+0000] {logging_mixin.py:188} INFO - [2024-03-06T22:23:47.450+0000] {dag.py:3834} INFO - Setting next_dagrun for example_python_decorator to None, run_after=None
[2024-03-06T22:23:47.551+0000] {processor.py:183} INFO - Processing /home/airflow/.local/lib/python3.8/site-packages/airflow/example_dags/example_python_decorator.py took 0.504 seconds
[2024-03-06T22:24:18.258+0000] {processor.py:161} INFO - Started process (PID=768) to work on /home/airflow/.local/lib/python3.8/site-packages/airflow/example_dags/example_python_decorator.py
[2024-03-06T22:24:18.260+0000] {processor.py:830} INFO - Processing file /home/airflow/.local/lib/python3.8/site-packages/airflow/example_dags/example_python_decorator.py for tasks to queue
[2024-03-06T22:24:18.263+0000] {logging_mixin.py:188} INFO - [2024-03-06T22:24:18.263+0000] {dagbag.py:540} INFO - Filling up the DagBag from /home/airflow/.local/lib/python3.8/site-packages/airflow/example_dags/example_python_decorator.py
[2024-03-06T22:24:18.287+0000] {processor.py:840} INFO - DAG(s) 'example_python_decorator' retrieved from /home/airflow/.local/lib/python3.8/site-packages/airflow/example_dags/example_python_decorator.py
[2024-03-06T22:24:18.328+0000] {logging_mixin.py:188} INFO - [2024-03-06T22:24:18.327+0000] {dag.py:3047} INFO - Sync 1 DAGs
[2024-03-06T22:24:18.368+0000] {logging_mixin.py:188} INFO - [2024-03-06T22:24:18.367+0000] {dag.py:3834} INFO - Setting next_dagrun for example_python_decorator to None, run_after=None
[2024-03-06T22:24:18.407+0000] {processor.py:183} INFO - Processing /home/airflow/.local/lib/python3.8/site-packages/airflow/example_dags/example_python_decorator.py took 0.154 seconds
[2024-03-06T22:24:48.620+0000] {processor.py:161} INFO - Started process (PID=823) to work on /home/airflow/.local/lib/python3.8/site-packages/airflow/example_dags/example_python_decorator.py
[2024-03-06T22:24:48.623+0000] {processor.py:830} INFO - Processing file /home/airflow/.local/lib/python3.8/site-packages/airflow/example_dags/example_python_decorator.py for tasks to queue
[2024-03-06T22:24:48.631+0000] {logging_mixin.py:188} INFO - [2024-03-06T22:24:48.630+0000] {dagbag.py:540} INFO - Filling up the DagBag from /home/airflow/.local/lib/python3.8/site-packages/airflow/example_dags/example_python_decorator.py
[2024-03-06T22:24:48.668+0000] {processor.py:840} INFO - DAG(s) 'example_python_decorator' retrieved from /home/airflow/.local/lib/python3.8/site-packages/airflow/example_dags/example_python_decorator.py
[2024-03-06T22:24:48.740+0000] {logging_mixin.py:188} INFO - [2024-03-06T22:24:48.739+0000] {dag.py:3047} INFO - Sync 1 DAGs
[2024-03-06T22:24:48.767+0000] {logging_mixin.py:188} INFO - [2024-03-06T22:24:48.767+0000] {dag.py:3834} INFO - Setting next_dagrun for example_python_decorator to None, run_after=None
[2024-03-06T22:24:48.796+0000] {processor.py:183} INFO - Processing /home/airflow/.local/lib/python3.8/site-packages/airflow/example_dags/example_python_decorator.py took 0.182 seconds
[2024-03-06T22:25:19.061+0000] {processor.py:161} INFO - Started process (PID=878) to work on /home/airflow/.local/lib/python3.8/site-packages/airflow/example_dags/example_python_decorator.py
[2024-03-06T22:25:19.063+0000] {processor.py:830} INFO - Processing file /home/airflow/.local/lib/python3.8/site-packages/airflow/example_dags/example_python_decorator.py for tasks to queue
[2024-03-06T22:25:19.066+0000] {logging_mixin.py:188} INFO - [2024-03-06T22:25:19.066+0000] {dagbag.py:540} INFO - Filling up the DagBag from /home/airflow/.local/lib/python3.8/site-packages/airflow/example_dags/example_python_decorator.py
[2024-03-06T22:25:19.085+0000] {processor.py:840} INFO - DAG(s) 'example_python_decorator' retrieved from /home/airflow/.local/lib/python3.8/site-packages/airflow/example_dags/example_python_decorator.py
[2024-03-06T22:25:19.119+0000] {logging_mixin.py:188} INFO - [2024-03-06T22:25:19.119+0000] {dag.py:3047} INFO - Sync 1 DAGs
[2024-03-06T22:25:19.139+0000] {logging_mixin.py:188} INFO - [2024-03-06T22:25:19.139+0000] {dag.py:3834} INFO - Setting next_dagrun for example_python_decorator to None, run_after=None
[2024-03-06T22:25:19.172+0000] {processor.py:183} INFO - Processing /home/airflow/.local/lib/python3.8/site-packages/airflow/example_dags/example_python_decorator.py took 0.116 seconds
[2024-03-06T22:25:49.343+0000] {processor.py:161} INFO - Started process (PID=932) to work on /home/airflow/.local/lib/python3.8/site-packages/airflow/example_dags/example_python_decorator.py
[2024-03-06T22:25:49.345+0000] {processor.py:830} INFO - Processing file /home/airflow/.local/lib/python3.8/site-packages/airflow/example_dags/example_python_decorator.py for tasks to queue
[2024-03-06T22:25:49.351+0000] {logging_mixin.py:188} INFO - [2024-03-06T22:25:49.351+0000] {dagbag.py:540} INFO - Filling up the DagBag from /home/airflow/.local/lib/python3.8/site-packages/airflow/example_dags/example_python_decorator.py
[2024-03-06T22:25:49.380+0000] {processor.py:840} INFO - DAG(s) 'example_python_decorator' retrieved from /home/airflow/.local/lib/python3.8/site-packages/airflow/example_dags/example_python_decorator.py
[2024-03-06T22:25:49.430+0000] {logging_mixin.py:188} INFO - [2024-03-06T22:25:49.429+0000] {dag.py:3047} INFO - Sync 1 DAGs
[2024-03-06T22:25:49.455+0000] {logging_mixin.py:188} INFO - [2024-03-06T22:25:49.455+0000] {dag.py:3834} INFO - Setting next_dagrun for example_python_decorator to None, run_after=None
[2024-03-06T22:25:49.495+0000] {processor.py:183} INFO - Processing /home/airflow/.local/lib/python3.8/site-packages/airflow/example_dags/example_python_decorator.py took 0.159 seconds
[2024-03-06T22:26:19.944+0000] {processor.py:161} INFO - Started process (PID=987) to work on /home/airflow/.local/lib/python3.8/site-packages/airflow/example_dags/example_python_decorator.py
[2024-03-06T22:26:19.946+0000] {processor.py:830} INFO - Processing file /home/airflow/.local/lib/python3.8/site-packages/airflow/example_dags/example_python_decorator.py for tasks to queue
[2024-03-06T22:26:19.948+0000] {logging_mixin.py:188} INFO - [2024-03-06T22:26:19.948+0000] {dagbag.py:540} INFO - Filling up the DagBag from /home/airflow/.local/lib/python3.8/site-packages/airflow/example_dags/example_python_decorator.py
[2024-03-06T22:26:19.967+0000] {processor.py:840} INFO - DAG(s) 'example_python_decorator' retrieved from /home/airflow/.local/lib/python3.8/site-packages/airflow/example_dags/example_python_decorator.py
[2024-03-06T22:26:20.052+0000] {logging_mixin.py:188} INFO - [2024-03-06T22:26:20.052+0000] {dag.py:3047} INFO - Sync 1 DAGs
[2024-03-06T22:26:20.091+0000] {logging_mixin.py:188} INFO - [2024-03-06T22:26:20.090+0000] {dag.py:3834} INFO - Setting next_dagrun for example_python_decorator to None, run_after=None
[2024-03-06T22:26:20.145+0000] {processor.py:183} INFO - Processing /home/airflow/.local/lib/python3.8/site-packages/airflow/example_dags/example_python_decorator.py took 0.208 seconds
[2024-03-06T22:26:50.293+0000] {processor.py:161} INFO - Started process (PID=1043) to work on /home/airflow/.local/lib/python3.8/site-packages/airflow/example_dags/example_python_decorator.py
[2024-03-06T22:26:50.294+0000] {processor.py:830} INFO - Processing file /home/airflow/.local/lib/python3.8/site-packages/airflow/example_dags/example_python_decorator.py for tasks to queue
[2024-03-06T22:26:50.297+0000] {logging_mixin.py:188} INFO - [2024-03-06T22:26:50.297+0000] {dagbag.py:540} INFO - Filling up the DagBag from /home/airflow/.local/lib/python3.8/site-packages/airflow/example_dags/example_python_decorator.py
[2024-03-06T22:26:50.313+0000] {processor.py:840} INFO - DAG(s) 'example_python_decorator' retrieved from /home/airflow/.local/lib/python3.8/site-packages/airflow/example_dags/example_python_decorator.py
[2024-03-06T22:26:50.347+0000] {logging_mixin.py:188} INFO - [2024-03-06T22:26:50.347+0000] {dag.py:3047} INFO - Sync 1 DAGs
[2024-03-06T22:26:50.363+0000] {logging_mixin.py:188} INFO - [2024-03-06T22:26:50.363+0000] {dag.py:3834} INFO - Setting next_dagrun for example_python_decorator to None, run_after=None
[2024-03-06T22:26:50.393+0000] {processor.py:183} INFO - Processing /home/airflow/.local/lib/python3.8/site-packages/airflow/example_dags/example_python_decorator.py took 0.107 seconds
[2024-03-06T22:27:20.511+0000] {processor.py:161} INFO - Started process (PID=1097) to work on /home/airflow/.local/lib/python3.8/site-packages/airflow/example_dags/example_python_decorator.py
[2024-03-06T22:27:20.513+0000] {processor.py:830} INFO - Processing file /home/airflow/.local/lib/python3.8/site-packages/airflow/example_dags/example_python_decorator.py for tasks to queue
[2024-03-06T22:27:20.516+0000] {logging_mixin.py:188} INFO - [2024-03-06T22:27:20.515+0000] {dagbag.py:540} INFO - Filling up the DagBag from /home/airflow/.local/lib/python3.8/site-packages/airflow/example_dags/example_python_decorator.py
[2024-03-06T22:27:20.535+0000] {processor.py:840} INFO - DAG(s) 'example_python_decorator' retrieved from /home/airflow/.local/lib/python3.8/site-packages/airflow/example_dags/example_python_decorator.py
[2024-03-06T22:27:20.585+0000] {logging_mixin.py:188} INFO - [2024-03-06T22:27:20.584+0000] {dag.py:3047} INFO - Sync 1 DAGs
[2024-03-06T22:27:20.604+0000] {logging_mixin.py:188} INFO - [2024-03-06T22:27:20.604+0000] {dag.py:3834} INFO - Setting next_dagrun for example_python_decorator to None, run_after=None
[2024-03-06T22:27:20.634+0000] {processor.py:183} INFO - Processing /home/airflow/.local/lib/python3.8/site-packages/airflow/example_dags/example_python_decorator.py took 0.128 seconds
[2024-03-06T22:27:50.817+0000] {processor.py:161} INFO - Started process (PID=1152) to work on /home/airflow/.local/lib/python3.8/site-packages/airflow/example_dags/example_python_decorator.py
[2024-03-06T22:27:50.821+0000] {processor.py:830} INFO - Processing file /home/airflow/.local/lib/python3.8/site-packages/airflow/example_dags/example_python_decorator.py for tasks to queue
[2024-03-06T22:27:50.824+0000] {logging_mixin.py:188} INFO - [2024-03-06T22:27:50.823+0000] {dagbag.py:540} INFO - Filling up the DagBag from /home/airflow/.local/lib/python3.8/site-packages/airflow/example_dags/example_python_decorator.py
[2024-03-06T22:27:50.845+0000] {processor.py:840} INFO - DAG(s) 'example_python_decorator' retrieved from /home/airflow/.local/lib/python3.8/site-packages/airflow/example_dags/example_python_decorator.py
[2024-03-06T22:27:50.879+0000] {logging_mixin.py:188} INFO - [2024-03-06T22:27:50.879+0000] {dag.py:3047} INFO - Sync 1 DAGs
[2024-03-06T22:27:50.896+0000] {logging_mixin.py:188} INFO - [2024-03-06T22:27:50.896+0000] {dag.py:3834} INFO - Setting next_dagrun for example_python_decorator to None, run_after=None
[2024-03-06T22:27:50.926+0000] {processor.py:183} INFO - Processing /home/airflow/.local/lib/python3.8/site-packages/airflow/example_dags/example_python_decorator.py took 0.114 seconds
[2024-03-06T22:28:21.058+0000] {processor.py:161} INFO - Started process (PID=1207) to work on /home/airflow/.local/lib/python3.8/site-packages/airflow/example_dags/example_python_decorator.py
[2024-03-06T22:28:21.060+0000] {processor.py:830} INFO - Processing file /home/airflow/.local/lib/python3.8/site-packages/airflow/example_dags/example_python_decorator.py for tasks to queue
[2024-03-06T22:28:21.064+0000] {logging_mixin.py:188} INFO - [2024-03-06T22:28:21.063+0000] {dagbag.py:540} INFO - Filling up the DagBag from /home/airflow/.local/lib/python3.8/site-packages/airflow/example_dags/example_python_decorator.py
[2024-03-06T22:28:21.085+0000] {processor.py:840} INFO - DAG(s) 'example_python_decorator' retrieved from /home/airflow/.local/lib/python3.8/site-packages/airflow/example_dags/example_python_decorator.py
[2024-03-06T22:28:21.123+0000] {logging_mixin.py:188} INFO - [2024-03-06T22:28:21.123+0000] {dag.py:3047} INFO - Sync 1 DAGs
[2024-03-06T22:28:21.151+0000] {logging_mixin.py:188} INFO - [2024-03-06T22:28:21.150+0000] {dag.py:3834} INFO - Setting next_dagrun for example_python_decorator to None, run_after=None
[2024-03-06T22:28:21.182+0000] {processor.py:183} INFO - Processing /home/airflow/.local/lib/python3.8/site-packages/airflow/example_dags/example_python_decorator.py took 0.130 seconds
[2024-03-06T22:28:51.388+0000] {processor.py:161} INFO - Started process (PID=1262) to work on /home/airflow/.local/lib/python3.8/site-packages/airflow/example_dags/example_python_decorator.py
[2024-03-06T22:28:51.389+0000] {processor.py:830} INFO - Processing file /home/airflow/.local/lib/python3.8/site-packages/airflow/example_dags/example_python_decorator.py for tasks to queue
[2024-03-06T22:28:51.393+0000] {logging_mixin.py:188} INFO - [2024-03-06T22:28:51.392+0000] {dagbag.py:540} INFO - Filling up the DagBag from /home/airflow/.local/lib/python3.8/site-packages/airflow/example_dags/example_python_decorator.py
[2024-03-06T22:28:51.418+0000] {processor.py:840} INFO - DAG(s) 'example_python_decorator' retrieved from /home/airflow/.local/lib/python3.8/site-packages/airflow/example_dags/example_python_decorator.py
[2024-03-06T22:28:51.457+0000] {logging_mixin.py:188} INFO - [2024-03-06T22:28:51.457+0000] {dag.py:3047} INFO - Sync 1 DAGs
[2024-03-06T22:28:51.483+0000] {logging_mixin.py:188} INFO - [2024-03-06T22:28:51.483+0000] {dag.py:3834} INFO - Setting next_dagrun for example_python_decorator to None, run_after=None
[2024-03-06T22:28:51.511+0000] {processor.py:183} INFO - Processing /home/airflow/.local/lib/python3.8/site-packages/airflow/example_dags/example_python_decorator.py took 0.132 seconds
[2024-03-06T22:29:22.289+0000] {processor.py:161} INFO - Started process (PID=1317) to work on /home/airflow/.local/lib/python3.8/site-packages/airflow/example_dags/example_python_decorator.py
[2024-03-06T22:29:22.291+0000] {processor.py:830} INFO - Processing file /home/airflow/.local/lib/python3.8/site-packages/airflow/example_dags/example_python_decorator.py for tasks to queue
[2024-03-06T22:29:22.294+0000] {logging_mixin.py:188} INFO - [2024-03-06T22:29:22.293+0000] {dagbag.py:540} INFO - Filling up the DagBag from /home/airflow/.local/lib/python3.8/site-packages/airflow/example_dags/example_python_decorator.py
[2024-03-06T22:29:22.313+0000] {processor.py:840} INFO - DAG(s) 'example_python_decorator' retrieved from /home/airflow/.local/lib/python3.8/site-packages/airflow/example_dags/example_python_decorator.py
[2024-03-06T22:29:22.347+0000] {logging_mixin.py:188} INFO - [2024-03-06T22:29:22.347+0000] {dag.py:3047} INFO - Sync 1 DAGs
[2024-03-06T22:29:22.367+0000] {logging_mixin.py:188} INFO - [2024-03-06T22:29:22.366+0000] {dag.py:3834} INFO - Setting next_dagrun for example_python_decorator to None, run_after=None
[2024-03-06T22:29:22.398+0000] {processor.py:183} INFO - Processing /home/airflow/.local/lib/python3.8/site-packages/airflow/example_dags/example_python_decorator.py took 0.114 seconds
[2024-03-06T22:29:52.605+0000] {processor.py:161} INFO - Started process (PID=1372) to work on /home/airflow/.local/lib/python3.8/site-packages/airflow/example_dags/example_python_decorator.py
[2024-03-06T22:29:52.607+0000] {processor.py:830} INFO - Processing file /home/airflow/.local/lib/python3.8/site-packages/airflow/example_dags/example_python_decorator.py for tasks to queue
[2024-03-06T22:29:52.610+0000] {logging_mixin.py:188} INFO - [2024-03-06T22:29:52.609+0000] {dagbag.py:540} INFO - Filling up the DagBag from /home/airflow/.local/lib/python3.8/site-packages/airflow/example_dags/example_python_decorator.py
[2024-03-06T22:29:52.628+0000] {processor.py:840} INFO - DAG(s) 'example_python_decorator' retrieved from /home/airflow/.local/lib/python3.8/site-packages/airflow/example_dags/example_python_decorator.py
[2024-03-06T22:29:52.659+0000] {logging_mixin.py:188} INFO - [2024-03-06T22:29:52.658+0000] {dag.py:3047} INFO - Sync 1 DAGs
[2024-03-06T22:29:52.675+0000] {logging_mixin.py:188} INFO - [2024-03-06T22:29:52.675+0000] {dag.py:3834} INFO - Setting next_dagrun for example_python_decorator to None, run_after=None
[2024-03-06T22:29:52.706+0000] {processor.py:183} INFO - Processing /home/airflow/.local/lib/python3.8/site-packages/airflow/example_dags/example_python_decorator.py took 0.105 seconds
[2024-03-06T22:30:22.886+0000] {processor.py:161} INFO - Started process (PID=1426) to work on /home/airflow/.local/lib/python3.8/site-packages/airflow/example_dags/example_python_decorator.py
[2024-03-06T22:30:22.888+0000] {processor.py:830} INFO - Processing file /home/airflow/.local/lib/python3.8/site-packages/airflow/example_dags/example_python_decorator.py for tasks to queue
[2024-03-06T22:30:22.891+0000] {logging_mixin.py:188} INFO - [2024-03-06T22:30:22.890+0000] {dagbag.py:540} INFO - Filling up the DagBag from /home/airflow/.local/lib/python3.8/site-packages/airflow/example_dags/example_python_decorator.py
[2024-03-06T22:30:22.908+0000] {processor.py:840} INFO - DAG(s) 'example_python_decorator' retrieved from /home/airflow/.local/lib/python3.8/site-packages/airflow/example_dags/example_python_decorator.py
[2024-03-06T22:30:22.941+0000] {logging_mixin.py:188} INFO - [2024-03-06T22:30:22.941+0000] {dag.py:3047} INFO - Sync 1 DAGs
[2024-03-06T22:30:22.959+0000] {logging_mixin.py:188} INFO - [2024-03-06T22:30:22.958+0000] {dag.py:3834} INFO - Setting next_dagrun for example_python_decorator to None, run_after=None
[2024-03-06T22:30:22.993+0000] {processor.py:183} INFO - Processing /home/airflow/.local/lib/python3.8/site-packages/airflow/example_dags/example_python_decorator.py took 0.112 seconds
[2024-03-06T22:30:53.484+0000] {processor.py:161} INFO - Started process (PID=1481) to work on /home/airflow/.local/lib/python3.8/site-packages/airflow/example_dags/example_python_decorator.py
[2024-03-06T22:30:53.486+0000] {processor.py:830} INFO - Processing file /home/airflow/.local/lib/python3.8/site-packages/airflow/example_dags/example_python_decorator.py for tasks to queue
[2024-03-06T22:30:53.492+0000] {logging_mixin.py:188} INFO - [2024-03-06T22:30:53.491+0000] {dagbag.py:540} INFO - Filling up the DagBag from /home/airflow/.local/lib/python3.8/site-packages/airflow/example_dags/example_python_decorator.py
[2024-03-06T22:30:53.516+0000] {processor.py:840} INFO - DAG(s) 'example_python_decorator' retrieved from /home/airflow/.local/lib/python3.8/site-packages/airflow/example_dags/example_python_decorator.py
[2024-03-06T22:30:53.552+0000] {logging_mixin.py:188} INFO - [2024-03-06T22:30:53.552+0000] {dag.py:3047} INFO - Sync 1 DAGs
[2024-03-06T22:30:53.568+0000] {logging_mixin.py:188} INFO - [2024-03-06T22:30:53.568+0000] {dag.py:3834} INFO - Setting next_dagrun for example_python_decorator to None, run_after=None
[2024-03-06T22:30:53.594+0000] {processor.py:183} INFO - Processing /home/airflow/.local/lib/python3.8/site-packages/airflow/example_dags/example_python_decorator.py took 0.115 seconds
[2024-03-06T22:31:24.105+0000] {processor.py:161} INFO - Started process (PID=1536) to work on /home/airflow/.local/lib/python3.8/site-packages/airflow/example_dags/example_python_decorator.py
[2024-03-06T22:31:24.106+0000] {processor.py:830} INFO - Processing file /home/airflow/.local/lib/python3.8/site-packages/airflow/example_dags/example_python_decorator.py for tasks to queue
[2024-03-06T22:31:24.109+0000] {logging_mixin.py:188} INFO - [2024-03-06T22:31:24.108+0000] {dagbag.py:540} INFO - Filling up the DagBag from /home/airflow/.local/lib/python3.8/site-packages/airflow/example_dags/example_python_decorator.py
[2024-03-06T22:31:24.128+0000] {processor.py:840} INFO - DAG(s) 'example_python_decorator' retrieved from /home/airflow/.local/lib/python3.8/site-packages/airflow/example_dags/example_python_decorator.py
[2024-03-06T22:31:24.163+0000] {logging_mixin.py:188} INFO - [2024-03-06T22:31:24.163+0000] {dag.py:3047} INFO - Sync 1 DAGs
[2024-03-06T22:31:24.185+0000] {logging_mixin.py:188} INFO - [2024-03-06T22:31:24.184+0000] {dag.py:3834} INFO - Setting next_dagrun for example_python_decorator to None, run_after=None
[2024-03-06T22:31:24.212+0000] {processor.py:183} INFO - Processing /home/airflow/.local/lib/python3.8/site-packages/airflow/example_dags/example_python_decorator.py took 0.114 seconds
[2024-03-06T22:31:54.578+0000] {processor.py:161} INFO - Started process (PID=1591) to work on /home/airflow/.local/lib/python3.8/site-packages/airflow/example_dags/example_python_decorator.py
[2024-03-06T22:31:54.589+0000] {processor.py:830} INFO - Processing file /home/airflow/.local/lib/python3.8/site-packages/airflow/example_dags/example_python_decorator.py for tasks to queue
[2024-03-06T22:31:54.593+0000] {logging_mixin.py:188} INFO - [2024-03-06T22:31:54.593+0000] {dagbag.py:540} INFO - Filling up the DagBag from /home/airflow/.local/lib/python3.8/site-packages/airflow/example_dags/example_python_decorator.py
[2024-03-06T22:31:54.614+0000] {processor.py:840} INFO - DAG(s) 'example_python_decorator' retrieved from /home/airflow/.local/lib/python3.8/site-packages/airflow/example_dags/example_python_decorator.py
[2024-03-06T22:31:54.645+0000] {logging_mixin.py:188} INFO - [2024-03-06T22:31:54.645+0000] {dag.py:3047} INFO - Sync 1 DAGs
[2024-03-06T22:31:54.664+0000] {logging_mixin.py:188} INFO - [2024-03-06T22:31:54.664+0000] {dag.py:3834} INFO - Setting next_dagrun for example_python_decorator to None, run_after=None
[2024-03-06T22:31:54.744+0000] {processor.py:183} INFO - Processing /home/airflow/.local/lib/python3.8/site-packages/airflow/example_dags/example_python_decorator.py took 0.178 seconds
[2024-03-06T22:32:24.932+0000] {processor.py:161} INFO - Started process (PID=1645) to work on /home/airflow/.local/lib/python3.8/site-packages/airflow/example_dags/example_python_decorator.py
[2024-03-06T22:32:24.934+0000] {processor.py:830} INFO - Processing file /home/airflow/.local/lib/python3.8/site-packages/airflow/example_dags/example_python_decorator.py for tasks to queue
[2024-03-06T22:32:24.937+0000] {logging_mixin.py:188} INFO - [2024-03-06T22:32:24.936+0000] {dagbag.py:540} INFO - Filling up the DagBag from /home/airflow/.local/lib/python3.8/site-packages/airflow/example_dags/example_python_decorator.py
[2024-03-06T22:32:24.954+0000] {processor.py:840} INFO - DAG(s) 'example_python_decorator' retrieved from /home/airflow/.local/lib/python3.8/site-packages/airflow/example_dags/example_python_decorator.py
[2024-03-06T22:32:24.984+0000] {logging_mixin.py:188} INFO - [2024-03-06T22:32:24.984+0000] {dag.py:3047} INFO - Sync 1 DAGs
[2024-03-06T22:32:25.000+0000] {logging_mixin.py:188} INFO - [2024-03-06T22:32:25.000+0000] {dag.py:3834} INFO - Setting next_dagrun for example_python_decorator to None, run_after=None
[2024-03-06T22:32:25.036+0000] {processor.py:183} INFO - Processing /home/airflow/.local/lib/python3.8/site-packages/airflow/example_dags/example_python_decorator.py took 0.108 seconds
[2024-03-06T22:32:55.586+0000] {processor.py:161} INFO - Started process (PID=1700) to work on /home/airflow/.local/lib/python3.8/site-packages/airflow/example_dags/example_python_decorator.py
[2024-03-06T22:32:55.589+0000] {processor.py:830} INFO - Processing file /home/airflow/.local/lib/python3.8/site-packages/airflow/example_dags/example_python_decorator.py for tasks to queue
[2024-03-06T22:32:55.593+0000] {logging_mixin.py:188} INFO - [2024-03-06T22:32:55.592+0000] {dagbag.py:540} INFO - Filling up the DagBag from /home/airflow/.local/lib/python3.8/site-packages/airflow/example_dags/example_python_decorator.py
[2024-03-06T22:32:55.684+0000] {processor.py:840} INFO - DAG(s) 'example_python_decorator' retrieved from /home/airflow/.local/lib/python3.8/site-packages/airflow/example_dags/example_python_decorator.py
[2024-03-06T22:32:55.721+0000] {logging_mixin.py:188} INFO - [2024-03-06T22:32:55.721+0000] {dag.py:3047} INFO - Sync 1 DAGs
[2024-03-06T22:32:55.740+0000] {logging_mixin.py:188} INFO - [2024-03-06T22:32:55.740+0000] {dag.py:3834} INFO - Setting next_dagrun for example_python_decorator to None, run_after=None
[2024-03-06T22:32:55.772+0000] {processor.py:183} INFO - Processing /home/airflow/.local/lib/python3.8/site-packages/airflow/example_dags/example_python_decorator.py took 0.194 seconds
[2024-03-06T22:33:26.083+0000] {processor.py:161} INFO - Started process (PID=1755) to work on /home/airflow/.local/lib/python3.8/site-packages/airflow/example_dags/example_python_decorator.py
[2024-03-06T22:33:26.085+0000] {processor.py:830} INFO - Processing file /home/airflow/.local/lib/python3.8/site-packages/airflow/example_dags/example_python_decorator.py for tasks to queue
[2024-03-06T22:33:26.088+0000] {logging_mixin.py:188} INFO - [2024-03-06T22:33:26.087+0000] {dagbag.py:540} INFO - Filling up the DagBag from /home/airflow/.local/lib/python3.8/site-packages/airflow/example_dags/example_python_decorator.py
[2024-03-06T22:33:26.106+0000] {processor.py:840} INFO - DAG(s) 'example_python_decorator' retrieved from /home/airflow/.local/lib/python3.8/site-packages/airflow/example_dags/example_python_decorator.py
[2024-03-06T22:33:26.137+0000] {logging_mixin.py:188} INFO - [2024-03-06T22:33:26.137+0000] {dag.py:3047} INFO - Sync 1 DAGs
[2024-03-06T22:33:26.155+0000] {logging_mixin.py:188} INFO - [2024-03-06T22:33:26.154+0000] {dag.py:3834} INFO - Setting next_dagrun for example_python_decorator to None, run_after=None
[2024-03-06T22:33:26.181+0000] {processor.py:183} INFO - Processing /home/airflow/.local/lib/python3.8/site-packages/airflow/example_dags/example_python_decorator.py took 0.102 seconds
[2024-03-06T22:33:56.409+0000] {processor.py:161} INFO - Started process (PID=1810) to work on /home/airflow/.local/lib/python3.8/site-packages/airflow/example_dags/example_python_decorator.py
[2024-03-06T22:33:56.411+0000] {processor.py:830} INFO - Processing file /home/airflow/.local/lib/python3.8/site-packages/airflow/example_dags/example_python_decorator.py for tasks to queue
[2024-03-06T22:33:56.414+0000] {logging_mixin.py:188} INFO - [2024-03-06T22:33:56.413+0000] {dagbag.py:540} INFO - Filling up the DagBag from /home/airflow/.local/lib/python3.8/site-packages/airflow/example_dags/example_python_decorator.py
[2024-03-06T22:33:56.435+0000] {processor.py:840} INFO - DAG(s) 'example_python_decorator' retrieved from /home/airflow/.local/lib/python3.8/site-packages/airflow/example_dags/example_python_decorator.py
[2024-03-06T22:33:56.509+0000] {logging_mixin.py:188} INFO - [2024-03-06T22:33:56.508+0000] {dag.py:3047} INFO - Sync 1 DAGs
[2024-03-06T22:33:56.536+0000] {logging_mixin.py:188} INFO - [2024-03-06T22:33:56.535+0000] {dag.py:3834} INFO - Setting next_dagrun for example_python_decorator to None, run_after=None
[2024-03-06T22:33:56.588+0000] {processor.py:183} INFO - Processing /home/airflow/.local/lib/python3.8/site-packages/airflow/example_dags/example_python_decorator.py took 0.183 seconds
[2024-03-06T22:34:27.684+0000] {processor.py:161} INFO - Started process (PID=1865) to work on /home/airflow/.local/lib/python3.8/site-packages/airflow/example_dags/example_python_decorator.py
[2024-03-06T22:34:27.687+0000] {processor.py:830} INFO - Processing file /home/airflow/.local/lib/python3.8/site-packages/airflow/example_dags/example_python_decorator.py for tasks to queue
[2024-03-06T22:34:27.690+0000] {logging_mixin.py:188} INFO - [2024-03-06T22:34:27.689+0000] {dagbag.py:540} INFO - Filling up the DagBag from /home/airflow/.local/lib/python3.8/site-packages/airflow/example_dags/example_python_decorator.py
[2024-03-06T22:34:27.715+0000] {processor.py:840} INFO - DAG(s) 'example_python_decorator' retrieved from /home/airflow/.local/lib/python3.8/site-packages/airflow/example_dags/example_python_decorator.py
[2024-03-06T22:34:27.768+0000] {logging_mixin.py:188} INFO - [2024-03-06T22:34:27.768+0000] {dag.py:3047} INFO - Sync 1 DAGs
[2024-03-06T22:34:27.788+0000] {logging_mixin.py:188} INFO - [2024-03-06T22:34:27.788+0000] {dag.py:3834} INFO - Setting next_dagrun for example_python_decorator to None, run_after=None
[2024-03-06T22:34:27.815+0000] {processor.py:183} INFO - Processing /home/airflow/.local/lib/python3.8/site-packages/airflow/example_dags/example_python_decorator.py took 0.136 seconds
[2024-03-06T22:34:57.989+0000] {processor.py:161} INFO - Started process (PID=1920) to work on /home/airflow/.local/lib/python3.8/site-packages/airflow/example_dags/example_python_decorator.py
[2024-03-06T22:34:57.991+0000] {processor.py:830} INFO - Processing file /home/airflow/.local/lib/python3.8/site-packages/airflow/example_dags/example_python_decorator.py for tasks to queue
[2024-03-06T22:34:57.995+0000] {logging_mixin.py:188} INFO - [2024-03-06T22:34:57.994+0000] {dagbag.py:540} INFO - Filling up the DagBag from /home/airflow/.local/lib/python3.8/site-packages/airflow/example_dags/example_python_decorator.py
[2024-03-06T22:34:58.020+0000] {processor.py:840} INFO - DAG(s) 'example_python_decorator' retrieved from /home/airflow/.local/lib/python3.8/site-packages/airflow/example_dags/example_python_decorator.py
[2024-03-06T22:34:58.068+0000] {logging_mixin.py:188} INFO - [2024-03-06T22:34:58.067+0000] {dag.py:3047} INFO - Sync 1 DAGs
[2024-03-06T22:34:58.098+0000] {logging_mixin.py:188} INFO - [2024-03-06T22:34:58.096+0000] {dag.py:3834} INFO - Setting next_dagrun for example_python_decorator to None, run_after=None
[2024-03-06T22:34:58.134+0000] {processor.py:183} INFO - Processing /home/airflow/.local/lib/python3.8/site-packages/airflow/example_dags/example_python_decorator.py took 0.152 seconds
[2024-03-06T22:35:28.194+0000] {processor.py:161} INFO - Started process (PID=1975) to work on /home/airflow/.local/lib/python3.8/site-packages/airflow/example_dags/example_python_decorator.py
[2024-03-06T22:35:28.196+0000] {processor.py:830} INFO - Processing file /home/airflow/.local/lib/python3.8/site-packages/airflow/example_dags/example_python_decorator.py for tasks to queue
[2024-03-06T22:35:28.198+0000] {logging_mixin.py:188} INFO - [2024-03-06T22:35:28.198+0000] {dagbag.py:540} INFO - Filling up the DagBag from /home/airflow/.local/lib/python3.8/site-packages/airflow/example_dags/example_python_decorator.py
[2024-03-06T22:35:28.215+0000] {processor.py:840} INFO - DAG(s) 'example_python_decorator' retrieved from /home/airflow/.local/lib/python3.8/site-packages/airflow/example_dags/example_python_decorator.py
[2024-03-06T22:35:28.245+0000] {logging_mixin.py:188} INFO - [2024-03-06T22:35:28.245+0000] {dag.py:3047} INFO - Sync 1 DAGs
[2024-03-06T22:35:28.261+0000] {logging_mixin.py:188} INFO - [2024-03-06T22:35:28.261+0000] {dag.py:3834} INFO - Setting next_dagrun for example_python_decorator to None, run_after=None
[2024-03-06T22:35:28.286+0000] {processor.py:183} INFO - Processing /home/airflow/.local/lib/python3.8/site-packages/airflow/example_dags/example_python_decorator.py took 0.096 seconds
[2024-03-06T22:35:58.691+0000] {processor.py:161} INFO - Started process (PID=2030) to work on /home/airflow/.local/lib/python3.8/site-packages/airflow/example_dags/example_python_decorator.py
[2024-03-06T22:35:58.693+0000] {processor.py:830} INFO - Processing file /home/airflow/.local/lib/python3.8/site-packages/airflow/example_dags/example_python_decorator.py for tasks to queue
[2024-03-06T22:35:58.696+0000] {logging_mixin.py:188} INFO - [2024-03-06T22:35:58.695+0000] {dagbag.py:540} INFO - Filling up the DagBag from /home/airflow/.local/lib/python3.8/site-packages/airflow/example_dags/example_python_decorator.py
[2024-03-06T22:35:58.714+0000] {processor.py:840} INFO - DAG(s) 'example_python_decorator' retrieved from /home/airflow/.local/lib/python3.8/site-packages/airflow/example_dags/example_python_decorator.py
[2024-03-06T22:35:58.745+0000] {logging_mixin.py:188} INFO - [2024-03-06T22:35:58.745+0000] {dag.py:3047} INFO - Sync 1 DAGs
[2024-03-06T22:35:58.760+0000] {logging_mixin.py:188} INFO - [2024-03-06T22:35:58.760+0000] {dag.py:3834} INFO - Setting next_dagrun for example_python_decorator to None, run_after=None
[2024-03-06T22:35:58.785+0000] {processor.py:183} INFO - Processing /home/airflow/.local/lib/python3.8/site-packages/airflow/example_dags/example_python_decorator.py took 0.098 seconds
[2024-03-06T22:36:29.125+0000] {processor.py:161} INFO - Started process (PID=2085) to work on /home/airflow/.local/lib/python3.8/site-packages/airflow/example_dags/example_python_decorator.py
[2024-03-06T22:36:29.126+0000] {processor.py:830} INFO - Processing file /home/airflow/.local/lib/python3.8/site-packages/airflow/example_dags/example_python_decorator.py for tasks to queue
[2024-03-06T22:36:29.128+0000] {logging_mixin.py:188} INFO - [2024-03-06T22:36:29.128+0000] {dagbag.py:540} INFO - Filling up the DagBag from /home/airflow/.local/lib/python3.8/site-packages/airflow/example_dags/example_python_decorator.py
[2024-03-06T22:36:29.145+0000] {processor.py:840} INFO - DAG(s) 'example_python_decorator' retrieved from /home/airflow/.local/lib/python3.8/site-packages/airflow/example_dags/example_python_decorator.py
[2024-03-06T22:36:29.175+0000] {logging_mixin.py:188} INFO - [2024-03-06T22:36:29.175+0000] {dag.py:3047} INFO - Sync 1 DAGs
[2024-03-06T22:36:29.190+0000] {logging_mixin.py:188} INFO - [2024-03-06T22:36:29.190+0000] {dag.py:3834} INFO - Setting next_dagrun for example_python_decorator to None, run_after=None
[2024-03-06T22:36:29.216+0000] {processor.py:183} INFO - Processing /home/airflow/.local/lib/python3.8/site-packages/airflow/example_dags/example_python_decorator.py took 0.097 seconds
[2024-03-06T22:36:59.302+0000] {processor.py:161} INFO - Started process (PID=2140) to work on /home/airflow/.local/lib/python3.8/site-packages/airflow/example_dags/example_python_decorator.py
[2024-03-06T22:36:59.303+0000] {processor.py:830} INFO - Processing file /home/airflow/.local/lib/python3.8/site-packages/airflow/example_dags/example_python_decorator.py for tasks to queue
[2024-03-06T22:36:59.306+0000] {logging_mixin.py:188} INFO - [2024-03-06T22:36:59.305+0000] {dagbag.py:540} INFO - Filling up the DagBag from /home/airflow/.local/lib/python3.8/site-packages/airflow/example_dags/example_python_decorator.py
[2024-03-06T22:36:59.323+0000] {processor.py:840} INFO - DAG(s) 'example_python_decorator' retrieved from /home/airflow/.local/lib/python3.8/site-packages/airflow/example_dags/example_python_decorator.py
[2024-03-06T22:36:59.356+0000] {logging_mixin.py:188} INFO - [2024-03-06T22:36:59.356+0000] {dag.py:3047} INFO - Sync 1 DAGs
[2024-03-06T22:36:59.376+0000] {logging_mixin.py:188} INFO - [2024-03-06T22:36:59.375+0000] {dag.py:3834} INFO - Setting next_dagrun for example_python_decorator to None, run_after=None
[2024-03-06T22:36:59.404+0000] {processor.py:183} INFO - Processing /home/airflow/.local/lib/python3.8/site-packages/airflow/example_dags/example_python_decorator.py took 0.108 seconds
[2024-03-06T22:37:29.548+0000] {processor.py:161} INFO - Started process (PID=2195) to work on /home/airflow/.local/lib/python3.8/site-packages/airflow/example_dags/example_python_decorator.py
[2024-03-06T22:37:29.550+0000] {processor.py:830} INFO - Processing file /home/airflow/.local/lib/python3.8/site-packages/airflow/example_dags/example_python_decorator.py for tasks to queue
[2024-03-06T22:37:29.554+0000] {logging_mixin.py:188} INFO - [2024-03-06T22:37:29.553+0000] {dagbag.py:540} INFO - Filling up the DagBag from /home/airflow/.local/lib/python3.8/site-packages/airflow/example_dags/example_python_decorator.py
[2024-03-06T22:37:29.572+0000] {processor.py:840} INFO - DAG(s) 'example_python_decorator' retrieved from /home/airflow/.local/lib/python3.8/site-packages/airflow/example_dags/example_python_decorator.py
[2024-03-06T22:37:29.601+0000] {logging_mixin.py:188} INFO - [2024-03-06T22:37:29.601+0000] {dag.py:3047} INFO - Sync 1 DAGs
[2024-03-06T22:37:29.617+0000] {logging_mixin.py:188} INFO - [2024-03-06T22:37:29.617+0000] {dag.py:3834} INFO - Setting next_dagrun for example_python_decorator to None, run_after=None
[2024-03-06T22:37:29.644+0000] {processor.py:183} INFO - Processing /home/airflow/.local/lib/python3.8/site-packages/airflow/example_dags/example_python_decorator.py took 0.101 seconds
[2024-03-06T22:37:59.779+0000] {processor.py:161} INFO - Started process (PID=2250) to work on /home/airflow/.local/lib/python3.8/site-packages/airflow/example_dags/example_python_decorator.py
[2024-03-06T22:37:59.781+0000] {processor.py:830} INFO - Processing file /home/airflow/.local/lib/python3.8/site-packages/airflow/example_dags/example_python_decorator.py for tasks to queue
[2024-03-06T22:37:59.785+0000] {logging_mixin.py:188} INFO - [2024-03-06T22:37:59.785+0000] {dagbag.py:540} INFO - Filling up the DagBag from /home/airflow/.local/lib/python3.8/site-packages/airflow/example_dags/example_python_decorator.py
[2024-03-06T22:37:59.806+0000] {processor.py:840} INFO - DAG(s) 'example_python_decorator' retrieved from /home/airflow/.local/lib/python3.8/site-packages/airflow/example_dags/example_python_decorator.py
[2024-03-06T22:37:59.839+0000] {logging_mixin.py:188} INFO - [2024-03-06T22:37:59.839+0000] {dag.py:3047} INFO - Sync 1 DAGs
[2024-03-06T22:37:59.856+0000] {logging_mixin.py:188} INFO - [2024-03-06T22:37:59.855+0000] {dag.py:3834} INFO - Setting next_dagrun for example_python_decorator to None, run_after=None
[2024-03-06T22:37:59.885+0000] {processor.py:183} INFO - Processing /home/airflow/.local/lib/python3.8/site-packages/airflow/example_dags/example_python_decorator.py took 0.111 seconds
[2024-03-06T22:38:30.133+0000] {processor.py:161} INFO - Started process (PID=2305) to work on /home/airflow/.local/lib/python3.8/site-packages/airflow/example_dags/example_python_decorator.py
[2024-03-06T22:38:30.134+0000] {processor.py:830} INFO - Processing file /home/airflow/.local/lib/python3.8/site-packages/airflow/example_dags/example_python_decorator.py for tasks to queue
[2024-03-06T22:38:30.137+0000] {logging_mixin.py:188} INFO - [2024-03-06T22:38:30.136+0000] {dagbag.py:540} INFO - Filling up the DagBag from /home/airflow/.local/lib/python3.8/site-packages/airflow/example_dags/example_python_decorator.py
[2024-03-06T22:38:30.154+0000] {processor.py:840} INFO - DAG(s) 'example_python_decorator' retrieved from /home/airflow/.local/lib/python3.8/site-packages/airflow/example_dags/example_python_decorator.py
[2024-03-06T22:38:30.183+0000] {logging_mixin.py:188} INFO - [2024-03-06T22:38:30.182+0000] {dag.py:3047} INFO - Sync 1 DAGs
[2024-03-06T22:38:30.199+0000] {logging_mixin.py:188} INFO - [2024-03-06T22:38:30.199+0000] {dag.py:3834} INFO - Setting next_dagrun for example_python_decorator to None, run_after=None
[2024-03-06T22:38:30.223+0000] {processor.py:183} INFO - Processing /home/airflow/.local/lib/python3.8/site-packages/airflow/example_dags/example_python_decorator.py took 0.094 seconds
[2024-03-06T22:39:00.551+0000] {processor.py:161} INFO - Started process (PID=2360) to work on /home/airflow/.local/lib/python3.8/site-packages/airflow/example_dags/example_python_decorator.py
[2024-03-06T22:39:00.553+0000] {processor.py:830} INFO - Processing file /home/airflow/.local/lib/python3.8/site-packages/airflow/example_dags/example_python_decorator.py for tasks to queue
[2024-03-06T22:39:00.559+0000] {logging_mixin.py:188} INFO - [2024-03-06T22:39:00.558+0000] {dagbag.py:540} INFO - Filling up the DagBag from /home/airflow/.local/lib/python3.8/site-packages/airflow/example_dags/example_python_decorator.py
[2024-03-06T22:39:00.580+0000] {processor.py:840} INFO - DAG(s) 'example_python_decorator' retrieved from /home/airflow/.local/lib/python3.8/site-packages/airflow/example_dags/example_python_decorator.py
[2024-03-06T22:39:00.645+0000] {logging_mixin.py:188} INFO - [2024-03-06T22:39:00.644+0000] {dag.py:3047} INFO - Sync 1 DAGs
[2024-03-06T22:39:00.690+0000] {logging_mixin.py:188} INFO - [2024-03-06T22:39:00.686+0000] {dag.py:3834} INFO - Setting next_dagrun for example_python_decorator to None, run_after=None
[2024-03-06T22:39:00.726+0000] {processor.py:183} INFO - Processing /home/airflow/.local/lib/python3.8/site-packages/airflow/example_dags/example_python_decorator.py took 0.180 seconds
[2024-03-06T22:39:31.348+0000] {processor.py:161} INFO - Started process (PID=2413) to work on /home/airflow/.local/lib/python3.8/site-packages/airflow/example_dags/example_python_decorator.py
[2024-03-06T22:39:31.351+0000] {processor.py:830} INFO - Processing file /home/airflow/.local/lib/python3.8/site-packages/airflow/example_dags/example_python_decorator.py for tasks to queue
[2024-03-06T22:39:31.355+0000] {logging_mixin.py:188} INFO - [2024-03-06T22:39:31.355+0000] {dagbag.py:540} INFO - Filling up the DagBag from /home/airflow/.local/lib/python3.8/site-packages/airflow/example_dags/example_python_decorator.py
[2024-03-06T22:39:31.380+0000] {processor.py:840} INFO - DAG(s) 'example_python_decorator' retrieved from /home/airflow/.local/lib/python3.8/site-packages/airflow/example_dags/example_python_decorator.py
[2024-03-06T22:39:31.419+0000] {logging_mixin.py:188} INFO - [2024-03-06T22:39:31.419+0000] {dag.py:3047} INFO - Sync 1 DAGs
[2024-03-06T22:39:31.438+0000] {logging_mixin.py:188} INFO - [2024-03-06T22:39:31.438+0000] {dag.py:3834} INFO - Setting next_dagrun for example_python_decorator to None, run_after=None
[2024-03-06T22:39:31.468+0000] {processor.py:183} INFO - Processing /home/airflow/.local/lib/python3.8/site-packages/airflow/example_dags/example_python_decorator.py took 0.127 seconds
[2024-03-06T22:40:02.373+0000] {processor.py:161} INFO - Started process (PID=2474) to work on /home/airflow/.local/lib/python3.8/site-packages/airflow/example_dags/example_python_decorator.py
[2024-03-06T22:40:02.382+0000] {processor.py:830} INFO - Processing file /home/airflow/.local/lib/python3.8/site-packages/airflow/example_dags/example_python_decorator.py for tasks to queue
[2024-03-06T22:40:02.388+0000] {logging_mixin.py:188} INFO - [2024-03-06T22:40:02.388+0000] {dagbag.py:540} INFO - Filling up the DagBag from /home/airflow/.local/lib/python3.8/site-packages/airflow/example_dags/example_python_decorator.py
[2024-03-06T22:40:02.411+0000] {processor.py:840} INFO - DAG(s) 'example_python_decorator' retrieved from /home/airflow/.local/lib/python3.8/site-packages/airflow/example_dags/example_python_decorator.py
[2024-03-06T22:40:02.461+0000] {logging_mixin.py:188} INFO - [2024-03-06T22:40:02.460+0000] {dag.py:3047} INFO - Sync 1 DAGs
[2024-03-06T22:40:02.489+0000] {logging_mixin.py:188} INFO - [2024-03-06T22:40:02.488+0000] {dag.py:3834} INFO - Setting next_dagrun for example_python_decorator to None, run_after=None
[2024-03-06T22:40:02.529+0000] {processor.py:183} INFO - Processing /home/airflow/.local/lib/python3.8/site-packages/airflow/example_dags/example_python_decorator.py took 0.161 seconds
[2024-03-06T22:40:32.902+0000] {processor.py:161} INFO - Started process (PID=2529) to work on /home/airflow/.local/lib/python3.8/site-packages/airflow/example_dags/example_python_decorator.py
[2024-03-06T22:40:32.907+0000] {processor.py:830} INFO - Processing file /home/airflow/.local/lib/python3.8/site-packages/airflow/example_dags/example_python_decorator.py for tasks to queue
[2024-03-06T22:40:32.911+0000] {logging_mixin.py:188} INFO - [2024-03-06T22:40:32.911+0000] {dagbag.py:540} INFO - Filling up the DagBag from /home/airflow/.local/lib/python3.8/site-packages/airflow/example_dags/example_python_decorator.py
[2024-03-06T22:40:32.936+0000] {processor.py:840} INFO - DAG(s) 'example_python_decorator' retrieved from /home/airflow/.local/lib/python3.8/site-packages/airflow/example_dags/example_python_decorator.py
[2024-03-06T22:40:32.969+0000] {logging_mixin.py:188} INFO - [2024-03-06T22:40:32.969+0000] {dag.py:3047} INFO - Sync 1 DAGs
[2024-03-06T22:40:32.986+0000] {logging_mixin.py:188} INFO - [2024-03-06T22:40:32.986+0000] {dag.py:3834} INFO - Setting next_dagrun for example_python_decorator to None, run_after=None
[2024-03-06T22:40:33.011+0000] {processor.py:183} INFO - Processing /home/airflow/.local/lib/python3.8/site-packages/airflow/example_dags/example_python_decorator.py took 0.115 seconds
[2024-03-06T22:41:03.477+0000] {processor.py:161} INFO - Started process (PID=2584) to work on /home/airflow/.local/lib/python3.8/site-packages/airflow/example_dags/example_python_decorator.py
[2024-03-06T22:41:03.482+0000] {processor.py:830} INFO - Processing file /home/airflow/.local/lib/python3.8/site-packages/airflow/example_dags/example_python_decorator.py for tasks to queue
[2024-03-06T22:41:03.486+0000] {logging_mixin.py:188} INFO - [2024-03-06T22:41:03.485+0000] {dagbag.py:540} INFO - Filling up the DagBag from /home/airflow/.local/lib/python3.8/site-packages/airflow/example_dags/example_python_decorator.py
[2024-03-06T22:41:03.503+0000] {processor.py:840} INFO - DAG(s) 'example_python_decorator' retrieved from /home/airflow/.local/lib/python3.8/site-packages/airflow/example_dags/example_python_decorator.py
[2024-03-06T22:41:03.536+0000] {logging_mixin.py:188} INFO - [2024-03-06T22:41:03.536+0000] {dag.py:3047} INFO - Sync 1 DAGs
[2024-03-06T22:41:03.552+0000] {logging_mixin.py:188} INFO - [2024-03-06T22:41:03.551+0000] {dag.py:3834} INFO - Setting next_dagrun for example_python_decorator to None, run_after=None
[2024-03-06T22:41:03.580+0000] {processor.py:183} INFO - Processing /home/airflow/.local/lib/python3.8/site-packages/airflow/example_dags/example_python_decorator.py took 0.107 seconds
[2024-03-06T22:41:33.719+0000] {processor.py:161} INFO - Started process (PID=2639) to work on /home/airflow/.local/lib/python3.8/site-packages/airflow/example_dags/example_python_decorator.py
[2024-03-06T22:41:33.720+0000] {processor.py:830} INFO - Processing file /home/airflow/.local/lib/python3.8/site-packages/airflow/example_dags/example_python_decorator.py for tasks to queue
[2024-03-06T22:41:33.724+0000] {logging_mixin.py:188} INFO - [2024-03-06T22:41:33.724+0000] {dagbag.py:540} INFO - Filling up the DagBag from /home/airflow/.local/lib/python3.8/site-packages/airflow/example_dags/example_python_decorator.py
[2024-03-06T22:41:33.746+0000] {processor.py:840} INFO - DAG(s) 'example_python_decorator' retrieved from /home/airflow/.local/lib/python3.8/site-packages/airflow/example_dags/example_python_decorator.py
[2024-03-06T22:41:33.778+0000] {logging_mixin.py:188} INFO - [2024-03-06T22:41:33.778+0000] {dag.py:3047} INFO - Sync 1 DAGs
[2024-03-06T22:41:33.799+0000] {logging_mixin.py:188} INFO - [2024-03-06T22:41:33.798+0000] {dag.py:3834} INFO - Setting next_dagrun for example_python_decorator to None, run_after=None
[2024-03-06T22:41:33.832+0000] {processor.py:183} INFO - Processing /home/airflow/.local/lib/python3.8/site-packages/airflow/example_dags/example_python_decorator.py took 0.118 seconds
[2024-03-06T22:42:04.428+0000] {processor.py:161} INFO - Started process (PID=2694) to work on /home/airflow/.local/lib/python3.8/site-packages/airflow/example_dags/example_python_decorator.py
[2024-03-06T22:42:04.436+0000] {processor.py:830} INFO - Processing file /home/airflow/.local/lib/python3.8/site-packages/airflow/example_dags/example_python_decorator.py for tasks to queue
[2024-03-06T22:42:04.449+0000] {logging_mixin.py:188} INFO - [2024-03-06T22:42:04.447+0000] {dagbag.py:540} INFO - Filling up the DagBag from /home/airflow/.local/lib/python3.8/site-packages/airflow/example_dags/example_python_decorator.py
[2024-03-06T22:42:04.496+0000] {processor.py:840} INFO - DAG(s) 'example_python_decorator' retrieved from /home/airflow/.local/lib/python3.8/site-packages/airflow/example_dags/example_python_decorator.py
[2024-03-06T22:42:04.564+0000] {logging_mixin.py:188} INFO - [2024-03-06T22:42:04.563+0000] {dag.py:3047} INFO - Sync 1 DAGs
[2024-03-06T22:42:04.606+0000] {logging_mixin.py:188} INFO - [2024-03-06T22:42:04.603+0000] {dag.py:3834} INFO - Setting next_dagrun for example_python_decorator to None, run_after=None
[2024-03-06T22:42:04.689+0000] {processor.py:183} INFO - Processing /home/airflow/.local/lib/python3.8/site-packages/airflow/example_dags/example_python_decorator.py took 0.280 seconds
[2024-03-06T22:42:34.855+0000] {processor.py:161} INFO - Started process (PID=2748) to work on /home/airflow/.local/lib/python3.8/site-packages/airflow/example_dags/example_python_decorator.py
[2024-03-06T22:42:34.857+0000] {processor.py:830} INFO - Processing file /home/airflow/.local/lib/python3.8/site-packages/airflow/example_dags/example_python_decorator.py for tasks to queue
[2024-03-06T22:42:34.860+0000] {logging_mixin.py:188} INFO - [2024-03-06T22:42:34.859+0000] {dagbag.py:540} INFO - Filling up the DagBag from /home/airflow/.local/lib/python3.8/site-packages/airflow/example_dags/example_python_decorator.py
[2024-03-06T22:42:34.878+0000] {processor.py:840} INFO - DAG(s) 'example_python_decorator' retrieved from /home/airflow/.local/lib/python3.8/site-packages/airflow/example_dags/example_python_decorator.py
[2024-03-06T22:42:34.908+0000] {logging_mixin.py:188} INFO - [2024-03-06T22:42:34.908+0000] {dag.py:3047} INFO - Sync 1 DAGs
[2024-03-06T22:42:34.923+0000] {logging_mixin.py:188} INFO - [2024-03-06T22:42:34.923+0000] {dag.py:3834} INFO - Setting next_dagrun for example_python_decorator to None, run_after=None
[2024-03-06T22:42:34.949+0000] {processor.py:183} INFO - Processing /home/airflow/.local/lib/python3.8/site-packages/airflow/example_dags/example_python_decorator.py took 0.100 seconds
