[2024-03-06T22:17:40.231+0000] {processor.py:161} INFO - Started process (PID=49) to work on /home/airflow/.local/lib/python3.8/site-packages/airflow/example_dags/example_sla_dag.py
[2024-03-06T22:17:40.232+0000] {processor.py:830} INFO - Processing file /home/airflow/.local/lib/python3.8/site-packages/airflow/example_dags/example_sla_dag.py for tasks to queue
[2024-03-06T22:17:40.236+0000] {logging_mixin.py:188} INFO - [2024-03-06T22:17:40.235+0000] {dagbag.py:540} INFO - Filling up the DagBag from /home/airflow/.local/lib/python3.8/site-packages/airflow/example_dags/example_sla_dag.py
[2024-03-06T22:17:40.256+0000] {processor.py:840} INFO - DAG(s) 'example_sla_dag' retrieved from /home/airflow/.local/lib/python3.8/site-packages/airflow/example_dags/example_sla_dag.py
[2024-03-06T22:17:40.599+0000] {logging_mixin.py:188} INFO - [2024-03-06T22:17:40.599+0000] {dag.py:3047} INFO - Sync 1 DAGs
[2024-03-06T22:17:40.674+0000] {logging_mixin.py:188} INFO - [2024-03-06T22:17:40.674+0000] {dag.py:3834} INFO - Setting next_dagrun for example_sla_dag to 2024-03-06 22:14:00+00:00, run_after=2024-03-06 22:16:00+00:00
[2024-03-06T22:17:40.723+0000] {processor.py:183} INFO - Processing /home/airflow/.local/lib/python3.8/site-packages/airflow/example_dags/example_sla_dag.py took 0.517 seconds
[2024-03-06T22:18:10.950+0000] {processor.py:161} INFO - Started process (PID=104) to work on /home/airflow/.local/lib/python3.8/site-packages/airflow/example_dags/example_sla_dag.py
[2024-03-06T22:18:10.952+0000] {processor.py:830} INFO - Processing file /home/airflow/.local/lib/python3.8/site-packages/airflow/example_dags/example_sla_dag.py for tasks to queue
[2024-03-06T22:18:10.956+0000] {logging_mixin.py:188} INFO - [2024-03-06T22:18:10.956+0000] {dagbag.py:540} INFO - Filling up the DagBag from /home/airflow/.local/lib/python3.8/site-packages/airflow/example_dags/example_sla_dag.py
[2024-03-06T22:18:10.990+0000] {processor.py:840} INFO - DAG(s) 'example_sla_dag' retrieved from /home/airflow/.local/lib/python3.8/site-packages/airflow/example_dags/example_sla_dag.py
[2024-03-06T22:18:11.072+0000] {logging_mixin.py:188} INFO - [2024-03-06T22:18:11.071+0000] {dag.py:3047} INFO - Sync 1 DAGs
[2024-03-06T22:18:11.131+0000] {logging_mixin.py:188} INFO - [2024-03-06T22:18:11.130+0000] {dag.py:3834} INFO - Setting next_dagrun for example_sla_dag to 2024-03-06 22:16:00+00:00, run_after=2024-03-06 22:18:00+00:00
[2024-03-06T22:18:11.170+0000] {processor.py:183} INFO - Processing /home/airflow/.local/lib/python3.8/site-packages/airflow/example_dags/example_sla_dag.py took 0.226 seconds
[2024-03-06T22:18:41.380+0000] {processor.py:161} INFO - Started process (PID=159) to work on /home/airflow/.local/lib/python3.8/site-packages/airflow/example_dags/example_sla_dag.py
[2024-03-06T22:18:41.381+0000] {processor.py:830} INFO - Processing file /home/airflow/.local/lib/python3.8/site-packages/airflow/example_dags/example_sla_dag.py for tasks to queue
[2024-03-06T22:18:41.384+0000] {logging_mixin.py:188} INFO - [2024-03-06T22:18:41.384+0000] {dagbag.py:540} INFO - Filling up the DagBag from /home/airflow/.local/lib/python3.8/site-packages/airflow/example_dags/example_sla_dag.py
[2024-03-06T22:18:41.395+0000] {processor.py:840} INFO - DAG(s) 'example_sla_dag' retrieved from /home/airflow/.local/lib/python3.8/site-packages/airflow/example_dags/example_sla_dag.py
[2024-03-06T22:18:41.420+0000] {logging_mixin.py:188} INFO - [2024-03-06T22:18:41.420+0000] {dag.py:3047} INFO - Sync 1 DAGs
[2024-03-06T22:18:41.451+0000] {logging_mixin.py:188} INFO - [2024-03-06T22:18:41.450+0000] {dag.py:3834} INFO - Setting next_dagrun for example_sla_dag to 2024-03-06 22:16:00+00:00, run_after=2024-03-06 22:18:00+00:00
[2024-03-06T22:18:41.476+0000] {processor.py:183} INFO - Processing /home/airflow/.local/lib/python3.8/site-packages/airflow/example_dags/example_sla_dag.py took 0.100 seconds
[2024-03-06T22:19:11.696+0000] {processor.py:161} INFO - Started process (PID=214) to work on /home/airflow/.local/lib/python3.8/site-packages/airflow/example_dags/example_sla_dag.py
[2024-03-06T22:19:11.698+0000] {processor.py:830} INFO - Processing file /home/airflow/.local/lib/python3.8/site-packages/airflow/example_dags/example_sla_dag.py for tasks to queue
[2024-03-06T22:19:11.701+0000] {logging_mixin.py:188} INFO - [2024-03-06T22:19:11.701+0000] {dagbag.py:540} INFO - Filling up the DagBag from /home/airflow/.local/lib/python3.8/site-packages/airflow/example_dags/example_sla_dag.py
[2024-03-06T22:19:11.713+0000] {processor.py:840} INFO - DAG(s) 'example_sla_dag' retrieved from /home/airflow/.local/lib/python3.8/site-packages/airflow/example_dags/example_sla_dag.py
[2024-03-06T22:19:11.738+0000] {logging_mixin.py:188} INFO - [2024-03-06T22:19:11.738+0000] {dag.py:3047} INFO - Sync 1 DAGs
[2024-03-06T22:19:11.768+0000] {logging_mixin.py:188} INFO - [2024-03-06T22:19:11.768+0000] {dag.py:3834} INFO - Setting next_dagrun for example_sla_dag to 2024-03-06 22:16:00+00:00, run_after=2024-03-06 22:18:00+00:00
[2024-03-06T22:19:11.794+0000] {processor.py:183} INFO - Processing /home/airflow/.local/lib/python3.8/site-packages/airflow/example_dags/example_sla_dag.py took 0.102 seconds
[2024-03-06T22:19:41.915+0000] {processor.py:161} INFO - Started process (PID=269) to work on /home/airflow/.local/lib/python3.8/site-packages/airflow/example_dags/example_sla_dag.py
[2024-03-06T22:19:41.917+0000] {processor.py:830} INFO - Processing file /home/airflow/.local/lib/python3.8/site-packages/airflow/example_dags/example_sla_dag.py for tasks to queue
[2024-03-06T22:19:41.921+0000] {logging_mixin.py:188} INFO - [2024-03-06T22:19:41.920+0000] {dagbag.py:540} INFO - Filling up the DagBag from /home/airflow/.local/lib/python3.8/site-packages/airflow/example_dags/example_sla_dag.py
[2024-03-06T22:19:41.933+0000] {processor.py:840} INFO - DAG(s) 'example_sla_dag' retrieved from /home/airflow/.local/lib/python3.8/site-packages/airflow/example_dags/example_sla_dag.py
[2024-03-06T22:19:41.958+0000] {logging_mixin.py:188} INFO - [2024-03-06T22:19:41.958+0000] {dag.py:3047} INFO - Sync 1 DAGs
[2024-03-06T22:19:41.989+0000] {logging_mixin.py:188} INFO - [2024-03-06T22:19:41.989+0000] {dag.py:3834} INFO - Setting next_dagrun for example_sla_dag to 2024-03-06 22:16:00+00:00, run_after=2024-03-06 22:18:00+00:00
[2024-03-06T22:19:42.016+0000] {processor.py:183} INFO - Processing /home/airflow/.local/lib/python3.8/site-packages/airflow/example_dags/example_sla_dag.py took 0.104 seconds
[2024-03-06T22:20:12.047+0000] {processor.py:161} INFO - Started process (PID=324) to work on /home/airflow/.local/lib/python3.8/site-packages/airflow/example_dags/example_sla_dag.py
[2024-03-06T22:20:12.049+0000] {processor.py:830} INFO - Processing file /home/airflow/.local/lib/python3.8/site-packages/airflow/example_dags/example_sla_dag.py for tasks to queue
[2024-03-06T22:20:12.052+0000] {logging_mixin.py:188} INFO - [2024-03-06T22:20:12.052+0000] {dagbag.py:540} INFO - Filling up the DagBag from /home/airflow/.local/lib/python3.8/site-packages/airflow/example_dags/example_sla_dag.py
[2024-03-06T22:20:12.064+0000] {processor.py:840} INFO - DAG(s) 'example_sla_dag' retrieved from /home/airflow/.local/lib/python3.8/site-packages/airflow/example_dags/example_sla_dag.py
[2024-03-06T22:20:12.089+0000] {logging_mixin.py:188} INFO - [2024-03-06T22:20:12.088+0000] {dag.py:3047} INFO - Sync 1 DAGs
[2024-03-06T22:20:12.123+0000] {logging_mixin.py:188} INFO - [2024-03-06T22:20:12.123+0000] {dag.py:3834} INFO - Setting next_dagrun for example_sla_dag to 2024-03-06 22:18:00+00:00, run_after=2024-03-06 22:20:00+00:00
[2024-03-06T22:20:12.149+0000] {processor.py:183} INFO - Processing /home/airflow/.local/lib/python3.8/site-packages/airflow/example_dags/example_sla_dag.py took 0.106 seconds
[2024-03-06T22:20:42.540+0000] {processor.py:161} INFO - Started process (PID=379) to work on /home/airflow/.local/lib/python3.8/site-packages/airflow/example_dags/example_sla_dag.py
[2024-03-06T22:20:42.542+0000] {processor.py:830} INFO - Processing file /home/airflow/.local/lib/python3.8/site-packages/airflow/example_dags/example_sla_dag.py for tasks to queue
[2024-03-06T22:20:42.544+0000] {logging_mixin.py:188} INFO - [2024-03-06T22:20:42.544+0000] {dagbag.py:540} INFO - Filling up the DagBag from /home/airflow/.local/lib/python3.8/site-packages/airflow/example_dags/example_sla_dag.py
[2024-03-06T22:20:42.555+0000] {processor.py:840} INFO - DAG(s) 'example_sla_dag' retrieved from /home/airflow/.local/lib/python3.8/site-packages/airflow/example_dags/example_sla_dag.py
[2024-03-06T22:20:42.583+0000] {logging_mixin.py:188} INFO - [2024-03-06T22:20:42.582+0000] {dag.py:3047} INFO - Sync 1 DAGs
[2024-03-06T22:20:42.615+0000] {logging_mixin.py:188} INFO - [2024-03-06T22:20:42.615+0000] {dag.py:3834} INFO - Setting next_dagrun for example_sla_dag to 2024-03-06 22:18:00+00:00, run_after=2024-03-06 22:20:00+00:00
[2024-03-06T22:20:42.640+0000] {processor.py:183} INFO - Processing /home/airflow/.local/lib/python3.8/site-packages/airflow/example_dags/example_sla_dag.py took 0.104 seconds
[2024-03-06T22:21:12.764+0000] {processor.py:161} INFO - Started process (PID=434) to work on /home/airflow/.local/lib/python3.8/site-packages/airflow/example_dags/example_sla_dag.py
[2024-03-06T22:21:12.766+0000] {processor.py:830} INFO - Processing file /home/airflow/.local/lib/python3.8/site-packages/airflow/example_dags/example_sla_dag.py for tasks to queue
[2024-03-06T22:21:12.769+0000] {logging_mixin.py:188} INFO - [2024-03-06T22:21:12.768+0000] {dagbag.py:540} INFO - Filling up the DagBag from /home/airflow/.local/lib/python3.8/site-packages/airflow/example_dags/example_sla_dag.py
[2024-03-06T22:21:12.780+0000] {processor.py:840} INFO - DAG(s) 'example_sla_dag' retrieved from /home/airflow/.local/lib/python3.8/site-packages/airflow/example_dags/example_sla_dag.py
[2024-03-06T22:21:12.805+0000] {logging_mixin.py:188} INFO - [2024-03-06T22:21:12.804+0000] {dag.py:3047} INFO - Sync 1 DAGs
[2024-03-06T22:21:12.838+0000] {logging_mixin.py:188} INFO - [2024-03-06T22:21:12.837+0000] {dag.py:3834} INFO - Setting next_dagrun for example_sla_dag to 2024-03-06 22:18:00+00:00, run_after=2024-03-06 22:20:00+00:00
[2024-03-06T22:21:12.863+0000] {processor.py:183} INFO - Processing /home/airflow/.local/lib/python3.8/site-packages/airflow/example_dags/example_sla_dag.py took 0.103 seconds
[2024-03-06T22:21:43.072+0000] {processor.py:161} INFO - Started process (PID=489) to work on /home/airflow/.local/lib/python3.8/site-packages/airflow/example_dags/example_sla_dag.py
[2024-03-06T22:21:43.074+0000] {processor.py:830} INFO - Processing file /home/airflow/.local/lib/python3.8/site-packages/airflow/example_dags/example_sla_dag.py for tasks to queue
[2024-03-06T22:21:43.077+0000] {logging_mixin.py:188} INFO - [2024-03-06T22:21:43.076+0000] {dagbag.py:540} INFO - Filling up the DagBag from /home/airflow/.local/lib/python3.8/site-packages/airflow/example_dags/example_sla_dag.py
[2024-03-06T22:21:43.087+0000] {processor.py:840} INFO - DAG(s) 'example_sla_dag' retrieved from /home/airflow/.local/lib/python3.8/site-packages/airflow/example_dags/example_sla_dag.py
[2024-03-06T22:21:43.112+0000] {logging_mixin.py:188} INFO - [2024-03-06T22:21:43.112+0000] {dag.py:3047} INFO - Sync 1 DAGs
[2024-03-06T22:21:43.148+0000] {logging_mixin.py:188} INFO - [2024-03-06T22:21:43.148+0000] {dag.py:3834} INFO - Setting next_dagrun for example_sla_dag to 2024-03-06 22:18:00+00:00, run_after=2024-03-06 22:20:00+00:00
[2024-03-06T22:21:43.175+0000] {processor.py:183} INFO - Processing /home/airflow/.local/lib/python3.8/site-packages/airflow/example_dags/example_sla_dag.py took 0.108 seconds
[2024-03-06T22:22:13.383+0000] {processor.py:161} INFO - Started process (PID=543) to work on /home/airflow/.local/lib/python3.8/site-packages/airflow/example_dags/example_sla_dag.py
[2024-03-06T22:22:13.384+0000] {processor.py:830} INFO - Processing file /home/airflow/.local/lib/python3.8/site-packages/airflow/example_dags/example_sla_dag.py for tasks to queue
[2024-03-06T22:22:13.387+0000] {logging_mixin.py:188} INFO - [2024-03-06T22:22:13.387+0000] {dagbag.py:540} INFO - Filling up the DagBag from /home/airflow/.local/lib/python3.8/site-packages/airflow/example_dags/example_sla_dag.py
[2024-03-06T22:22:13.399+0000] {processor.py:840} INFO - DAG(s) 'example_sla_dag' retrieved from /home/airflow/.local/lib/python3.8/site-packages/airflow/example_dags/example_sla_dag.py
[2024-03-06T22:22:13.426+0000] {logging_mixin.py:188} INFO - [2024-03-06T22:22:13.426+0000] {dag.py:3047} INFO - Sync 1 DAGs
[2024-03-06T22:22:13.458+0000] {logging_mixin.py:188} INFO - [2024-03-06T22:22:13.458+0000] {dag.py:3834} INFO - Setting next_dagrun for example_sla_dag to 2024-03-06 22:20:00+00:00, run_after=2024-03-06 22:22:00+00:00
[2024-03-06T22:22:13.487+0000] {processor.py:183} INFO - Processing /home/airflow/.local/lib/python3.8/site-packages/airflow/example_dags/example_sla_dag.py took 0.109 seconds
[2024-03-06T22:22:43.784+0000] {processor.py:161} INFO - Started process (PID=598) to work on /home/airflow/.local/lib/python3.8/site-packages/airflow/example_dags/example_sla_dag.py
[2024-03-06T22:22:43.788+0000] {processor.py:830} INFO - Processing file /home/airflow/.local/lib/python3.8/site-packages/airflow/example_dags/example_sla_dag.py for tasks to queue
[2024-03-06T22:22:43.790+0000] {logging_mixin.py:188} INFO - [2024-03-06T22:22:43.790+0000] {dagbag.py:540} INFO - Filling up the DagBag from /home/airflow/.local/lib/python3.8/site-packages/airflow/example_dags/example_sla_dag.py
[2024-03-06T22:22:43.803+0000] {processor.py:840} INFO - DAG(s) 'example_sla_dag' retrieved from /home/airflow/.local/lib/python3.8/site-packages/airflow/example_dags/example_sla_dag.py
[2024-03-06T22:22:43.830+0000] {logging_mixin.py:188} INFO - [2024-03-06T22:22:43.830+0000] {dag.py:3047} INFO - Sync 1 DAGs
[2024-03-06T22:22:43.870+0000] {logging_mixin.py:188} INFO - [2024-03-06T22:22:43.869+0000] {dag.py:3834} INFO - Setting next_dagrun for example_sla_dag to 2024-03-06 22:20:00+00:00, run_after=2024-03-06 22:22:00+00:00
[2024-03-06T22:22:43.904+0000] {processor.py:183} INFO - Processing /home/airflow/.local/lib/python3.8/site-packages/airflow/example_dags/example_sla_dag.py took 0.124 seconds
[2024-03-06T22:23:14.158+0000] {processor.py:161} INFO - Started process (PID=653) to work on /home/airflow/.local/lib/python3.8/site-packages/airflow/example_dags/example_sla_dag.py
[2024-03-06T22:23:14.160+0000] {processor.py:830} INFO - Processing file /home/airflow/.local/lib/python3.8/site-packages/airflow/example_dags/example_sla_dag.py for tasks to queue
[2024-03-06T22:23:14.163+0000] {logging_mixin.py:188} INFO - [2024-03-06T22:23:14.162+0000] {dagbag.py:540} INFO - Filling up the DagBag from /home/airflow/.local/lib/python3.8/site-packages/airflow/example_dags/example_sla_dag.py
[2024-03-06T22:23:14.177+0000] {processor.py:840} INFO - DAG(s) 'example_sla_dag' retrieved from /home/airflow/.local/lib/python3.8/site-packages/airflow/example_dags/example_sla_dag.py
[2024-03-06T22:23:14.215+0000] {logging_mixin.py:188} INFO - [2024-03-06T22:23:14.215+0000] {dag.py:3047} INFO - Sync 1 DAGs
[2024-03-06T22:23:14.263+0000] {logging_mixin.py:188} INFO - [2024-03-06T22:23:14.262+0000] {dag.py:3834} INFO - Setting next_dagrun for example_sla_dag to 2024-03-06 22:20:00+00:00, run_after=2024-03-06 22:22:00+00:00
[2024-03-06T22:23:14.299+0000] {processor.py:183} INFO - Processing /home/airflow/.local/lib/python3.8/site-packages/airflow/example_dags/example_sla_dag.py took 0.146 seconds
[2024-03-06T22:23:44.396+0000] {processor.py:161} INFO - Started process (PID=707) to work on /home/airflow/.local/lib/python3.8/site-packages/airflow/example_dags/example_sla_dag.py
[2024-03-06T22:23:44.397+0000] {processor.py:830} INFO - Processing file /home/airflow/.local/lib/python3.8/site-packages/airflow/example_dags/example_sla_dag.py for tasks to queue
[2024-03-06T22:23:44.399+0000] {logging_mixin.py:188} INFO - [2024-03-06T22:23:44.399+0000] {dagbag.py:540} INFO - Filling up the DagBag from /home/airflow/.local/lib/python3.8/site-packages/airflow/example_dags/example_sla_dag.py
[2024-03-06T22:23:44.410+0000] {processor.py:840} INFO - DAG(s) 'example_sla_dag' retrieved from /home/airflow/.local/lib/python3.8/site-packages/airflow/example_dags/example_sla_dag.py
[2024-03-06T22:23:44.436+0000] {logging_mixin.py:188} INFO - [2024-03-06T22:23:44.436+0000] {dag.py:3047} INFO - Sync 1 DAGs
[2024-03-06T22:23:44.467+0000] {logging_mixin.py:188} INFO - [2024-03-06T22:23:44.467+0000] {dag.py:3834} INFO - Setting next_dagrun for example_sla_dag to 2024-03-06 22:20:00+00:00, run_after=2024-03-06 22:22:00+00:00
[2024-03-06T22:23:44.491+0000] {processor.py:183} INFO - Processing /home/airflow/.local/lib/python3.8/site-packages/airflow/example_dags/example_sla_dag.py took 0.100 seconds
[2024-03-06T22:24:14.902+0000] {processor.py:161} INFO - Started process (PID=762) to work on /home/airflow/.local/lib/python3.8/site-packages/airflow/example_dags/example_sla_dag.py
[2024-03-06T22:24:14.903+0000] {processor.py:830} INFO - Processing file /home/airflow/.local/lib/python3.8/site-packages/airflow/example_dags/example_sla_dag.py for tasks to queue
[2024-03-06T22:24:14.908+0000] {logging_mixin.py:188} INFO - [2024-03-06T22:24:14.908+0000] {dagbag.py:540} INFO - Filling up the DagBag from /home/airflow/.local/lib/python3.8/site-packages/airflow/example_dags/example_sla_dag.py
[2024-03-06T22:24:14.928+0000] {processor.py:840} INFO - DAG(s) 'example_sla_dag' retrieved from /home/airflow/.local/lib/python3.8/site-packages/airflow/example_dags/example_sla_dag.py
[2024-03-06T22:24:14.955+0000] {logging_mixin.py:188} INFO - [2024-03-06T22:24:14.955+0000] {dag.py:3047} INFO - Sync 1 DAGs
[2024-03-06T22:24:14.986+0000] {logging_mixin.py:188} INFO - [2024-03-06T22:24:14.985+0000] {dag.py:3834} INFO - Setting next_dagrun for example_sla_dag to 2024-03-06 22:22:00+00:00, run_after=2024-03-06 22:24:00+00:00
[2024-03-06T22:24:15.013+0000] {processor.py:183} INFO - Processing /home/airflow/.local/lib/python3.8/site-packages/airflow/example_dags/example_sla_dag.py took 0.116 seconds
[2024-03-06T22:24:45.248+0000] {processor.py:161} INFO - Started process (PID=817) to work on /home/airflow/.local/lib/python3.8/site-packages/airflow/example_dags/example_sla_dag.py
[2024-03-06T22:24:45.249+0000] {processor.py:830} INFO - Processing file /home/airflow/.local/lib/python3.8/site-packages/airflow/example_dags/example_sla_dag.py for tasks to queue
[2024-03-06T22:24:45.252+0000] {logging_mixin.py:188} INFO - [2024-03-06T22:24:45.251+0000] {dagbag.py:540} INFO - Filling up the DagBag from /home/airflow/.local/lib/python3.8/site-packages/airflow/example_dags/example_sla_dag.py
[2024-03-06T22:24:45.263+0000] {processor.py:840} INFO - DAG(s) 'example_sla_dag' retrieved from /home/airflow/.local/lib/python3.8/site-packages/airflow/example_dags/example_sla_dag.py
[2024-03-06T22:24:45.323+0000] {logging_mixin.py:188} INFO - [2024-03-06T22:24:45.322+0000] {dag.py:3047} INFO - Sync 1 DAGs
[2024-03-06T22:24:45.364+0000] {logging_mixin.py:188} INFO - [2024-03-06T22:24:45.363+0000] {dag.py:3834} INFO - Setting next_dagrun for example_sla_dag to 2024-03-06 22:22:00+00:00, run_after=2024-03-06 22:24:00+00:00
[2024-03-06T22:24:45.389+0000] {processor.py:183} INFO - Processing /home/airflow/.local/lib/python3.8/site-packages/airflow/example_dags/example_sla_dag.py took 0.146 seconds
[2024-03-06T22:25:15.700+0000] {processor.py:161} INFO - Started process (PID=872) to work on /home/airflow/.local/lib/python3.8/site-packages/airflow/example_dags/example_sla_dag.py
[2024-03-06T22:25:15.702+0000] {processor.py:830} INFO - Processing file /home/airflow/.local/lib/python3.8/site-packages/airflow/example_dags/example_sla_dag.py for tasks to queue
[2024-03-06T22:25:15.704+0000] {logging_mixin.py:188} INFO - [2024-03-06T22:25:15.704+0000] {dagbag.py:540} INFO - Filling up the DagBag from /home/airflow/.local/lib/python3.8/site-packages/airflow/example_dags/example_sla_dag.py
[2024-03-06T22:25:15.717+0000] {processor.py:840} INFO - DAG(s) 'example_sla_dag' retrieved from /home/airflow/.local/lib/python3.8/site-packages/airflow/example_dags/example_sla_dag.py
[2024-03-06T22:25:15.744+0000] {logging_mixin.py:188} INFO - [2024-03-06T22:25:15.744+0000] {dag.py:3047} INFO - Sync 1 DAGs
[2024-03-06T22:25:15.778+0000] {logging_mixin.py:188} INFO - [2024-03-06T22:25:15.778+0000] {dag.py:3834} INFO - Setting next_dagrun for example_sla_dag to 2024-03-06 22:22:00+00:00, run_after=2024-03-06 22:24:00+00:00
[2024-03-06T22:25:15.804+0000] {processor.py:183} INFO - Processing /home/airflow/.local/lib/python3.8/site-packages/airflow/example_dags/example_sla_dag.py took 0.108 seconds
[2024-03-06T22:25:46.732+0000] {processor.py:161} INFO - Started process (PID=926) to work on /home/airflow/.local/lib/python3.8/site-packages/airflow/example_dags/example_sla_dag.py
[2024-03-06T22:25:46.735+0000] {processor.py:830} INFO - Processing file /home/airflow/.local/lib/python3.8/site-packages/airflow/example_dags/example_sla_dag.py for tasks to queue
[2024-03-06T22:25:46.738+0000] {logging_mixin.py:188} INFO - [2024-03-06T22:25:46.738+0000] {dagbag.py:540} INFO - Filling up the DagBag from /home/airflow/.local/lib/python3.8/site-packages/airflow/example_dags/example_sla_dag.py
[2024-03-06T22:25:46.758+0000] {processor.py:840} INFO - DAG(s) 'example_sla_dag' retrieved from /home/airflow/.local/lib/python3.8/site-packages/airflow/example_dags/example_sla_dag.py
[2024-03-06T22:25:46.802+0000] {logging_mixin.py:188} INFO - [2024-03-06T22:25:46.801+0000] {dag.py:3047} INFO - Sync 1 DAGs
[2024-03-06T22:25:46.855+0000] {logging_mixin.py:188} INFO - [2024-03-06T22:25:46.855+0000] {dag.py:3834} INFO - Setting next_dagrun for example_sla_dag to 2024-03-06 22:22:00+00:00, run_after=2024-03-06 22:24:00+00:00
[2024-03-06T22:25:46.890+0000] {processor.py:183} INFO - Processing /home/airflow/.local/lib/python3.8/site-packages/airflow/example_dags/example_sla_dag.py took 0.167 seconds
[2024-03-06T22:26:17.388+0000] {processor.py:161} INFO - Started process (PID=981) to work on /home/airflow/.local/lib/python3.8/site-packages/airflow/example_dags/example_sla_dag.py
[2024-03-06T22:26:17.389+0000] {processor.py:830} INFO - Processing file /home/airflow/.local/lib/python3.8/site-packages/airflow/example_dags/example_sla_dag.py for tasks to queue
[2024-03-06T22:26:17.394+0000] {logging_mixin.py:188} INFO - [2024-03-06T22:26:17.393+0000] {dagbag.py:540} INFO - Filling up the DagBag from /home/airflow/.local/lib/python3.8/site-packages/airflow/example_dags/example_sla_dag.py
[2024-03-06T22:26:17.413+0000] {processor.py:840} INFO - DAG(s) 'example_sla_dag' retrieved from /home/airflow/.local/lib/python3.8/site-packages/airflow/example_dags/example_sla_dag.py
[2024-03-06T22:26:17.445+0000] {logging_mixin.py:188} INFO - [2024-03-06T22:26:17.445+0000] {dag.py:3047} INFO - Sync 1 DAGs
[2024-03-06T22:26:17.483+0000] {logging_mixin.py:188} INFO - [2024-03-06T22:26:17.482+0000] {dag.py:3834} INFO - Setting next_dagrun for example_sla_dag to 2024-03-06 22:24:00+00:00, run_after=2024-03-06 22:26:00+00:00
[2024-03-06T22:26:17.512+0000] {processor.py:183} INFO - Processing /home/airflow/.local/lib/python3.8/site-packages/airflow/example_dags/example_sla_dag.py took 0.132 seconds
[2024-03-06T22:26:47.670+0000] {processor.py:161} INFO - Started process (PID=1036) to work on /home/airflow/.local/lib/python3.8/site-packages/airflow/example_dags/example_sla_dag.py
[2024-03-06T22:26:47.672+0000] {processor.py:830} INFO - Processing file /home/airflow/.local/lib/python3.8/site-packages/airflow/example_dags/example_sla_dag.py for tasks to queue
[2024-03-06T22:26:47.675+0000] {logging_mixin.py:188} INFO - [2024-03-06T22:26:47.674+0000] {dagbag.py:540} INFO - Filling up the DagBag from /home/airflow/.local/lib/python3.8/site-packages/airflow/example_dags/example_sla_dag.py
[2024-03-06T22:26:47.690+0000] {processor.py:840} INFO - DAG(s) 'example_sla_dag' retrieved from /home/airflow/.local/lib/python3.8/site-packages/airflow/example_dags/example_sla_dag.py
[2024-03-06T22:26:47.720+0000] {logging_mixin.py:188} INFO - [2024-03-06T22:26:47.720+0000] {dag.py:3047} INFO - Sync 1 DAGs
[2024-03-06T22:26:47.761+0000] {logging_mixin.py:188} INFO - [2024-03-06T22:26:47.761+0000] {dag.py:3834} INFO - Setting next_dagrun for example_sla_dag to 2024-03-06 22:24:00+00:00, run_after=2024-03-06 22:26:00+00:00
[2024-03-06T22:26:47.791+0000] {processor.py:183} INFO - Processing /home/airflow/.local/lib/python3.8/site-packages/airflow/example_dags/example_sla_dag.py took 0.126 seconds
[2024-03-06T22:27:17.854+0000] {processor.py:161} INFO - Started process (PID=1091) to work on /home/airflow/.local/lib/python3.8/site-packages/airflow/example_dags/example_sla_dag.py
[2024-03-06T22:27:17.855+0000] {processor.py:830} INFO - Processing file /home/airflow/.local/lib/python3.8/site-packages/airflow/example_dags/example_sla_dag.py for tasks to queue
[2024-03-06T22:27:17.859+0000] {logging_mixin.py:188} INFO - [2024-03-06T22:27:17.858+0000] {dagbag.py:540} INFO - Filling up the DagBag from /home/airflow/.local/lib/python3.8/site-packages/airflow/example_dags/example_sla_dag.py
[2024-03-06T22:27:17.871+0000] {processor.py:840} INFO - DAG(s) 'example_sla_dag' retrieved from /home/airflow/.local/lib/python3.8/site-packages/airflow/example_dags/example_sla_dag.py
[2024-03-06T22:27:17.901+0000] {logging_mixin.py:188} INFO - [2024-03-06T22:27:17.901+0000] {dag.py:3047} INFO - Sync 1 DAGs
[2024-03-06T22:27:17.941+0000] {logging_mixin.py:188} INFO - [2024-03-06T22:27:17.940+0000] {dag.py:3834} INFO - Setting next_dagrun for example_sla_dag to 2024-03-06 22:24:00+00:00, run_after=2024-03-06 22:26:00+00:00
[2024-03-06T22:27:17.976+0000] {processor.py:183} INFO - Processing /home/airflow/.local/lib/python3.8/site-packages/airflow/example_dags/example_sla_dag.py took 0.127 seconds
[2024-03-06T22:27:48.272+0000] {processor.py:161} INFO - Started process (PID=1146) to work on /home/airflow/.local/lib/python3.8/site-packages/airflow/example_dags/example_sla_dag.py
[2024-03-06T22:27:48.274+0000] {processor.py:830} INFO - Processing file /home/airflow/.local/lib/python3.8/site-packages/airflow/example_dags/example_sla_dag.py for tasks to queue
[2024-03-06T22:27:48.277+0000] {logging_mixin.py:188} INFO - [2024-03-06T22:27:48.277+0000] {dagbag.py:540} INFO - Filling up the DagBag from /home/airflow/.local/lib/python3.8/site-packages/airflow/example_dags/example_sla_dag.py
[2024-03-06T22:27:48.292+0000] {processor.py:840} INFO - DAG(s) 'example_sla_dag' retrieved from /home/airflow/.local/lib/python3.8/site-packages/airflow/example_dags/example_sla_dag.py
[2024-03-06T22:27:48.331+0000] {logging_mixin.py:188} INFO - [2024-03-06T22:27:48.331+0000] {dag.py:3047} INFO - Sync 1 DAGs
[2024-03-06T22:27:48.401+0000] {logging_mixin.py:188} INFO - [2024-03-06T22:27:48.400+0000] {dag.py:3834} INFO - Setting next_dagrun for example_sla_dag to 2024-03-06 22:24:00+00:00, run_after=2024-03-06 22:26:00+00:00
[2024-03-06T22:27:48.443+0000] {processor.py:183} INFO - Processing /home/airflow/.local/lib/python3.8/site-packages/airflow/example_dags/example_sla_dag.py took 0.175 seconds
[2024-03-06T22:28:18.662+0000] {processor.py:161} INFO - Started process (PID=1201) to work on /home/airflow/.local/lib/python3.8/site-packages/airflow/example_dags/example_sla_dag.py
[2024-03-06T22:28:18.664+0000] {processor.py:830} INFO - Processing file /home/airflow/.local/lib/python3.8/site-packages/airflow/example_dags/example_sla_dag.py for tasks to queue
[2024-03-06T22:28:18.667+0000] {logging_mixin.py:188} INFO - [2024-03-06T22:28:18.667+0000] {dagbag.py:540} INFO - Filling up the DagBag from /home/airflow/.local/lib/python3.8/site-packages/airflow/example_dags/example_sla_dag.py
[2024-03-06T22:28:18.680+0000] {processor.py:840} INFO - DAG(s) 'example_sla_dag' retrieved from /home/airflow/.local/lib/python3.8/site-packages/airflow/example_dags/example_sla_dag.py
[2024-03-06T22:28:18.723+0000] {logging_mixin.py:188} INFO - [2024-03-06T22:28:18.723+0000] {dag.py:3047} INFO - Sync 1 DAGs
[2024-03-06T22:28:18.771+0000] {logging_mixin.py:188} INFO - [2024-03-06T22:28:18.771+0000] {dag.py:3834} INFO - Setting next_dagrun for example_sla_dag to 2024-03-06 22:26:00+00:00, run_after=2024-03-06 22:28:00+00:00
[2024-03-06T22:28:18.813+0000] {processor.py:183} INFO - Processing /home/airflow/.local/lib/python3.8/site-packages/airflow/example_dags/example_sla_dag.py took 0.155 seconds
[2024-03-06T22:28:49.472+0000] {processor.py:161} INFO - Started process (PID=1256) to work on /home/airflow/.local/lib/python3.8/site-packages/airflow/example_dags/example_sla_dag.py
[2024-03-06T22:28:49.481+0000] {processor.py:830} INFO - Processing file /home/airflow/.local/lib/python3.8/site-packages/airflow/example_dags/example_sla_dag.py for tasks to queue
[2024-03-06T22:28:49.484+0000] {logging_mixin.py:188} INFO - [2024-03-06T22:28:49.484+0000] {dagbag.py:540} INFO - Filling up the DagBag from /home/airflow/.local/lib/python3.8/site-packages/airflow/example_dags/example_sla_dag.py
[2024-03-06T22:28:49.500+0000] {processor.py:840} INFO - DAG(s) 'example_sla_dag' retrieved from /home/airflow/.local/lib/python3.8/site-packages/airflow/example_dags/example_sla_dag.py
[2024-03-06T22:28:49.536+0000] {logging_mixin.py:188} INFO - [2024-03-06T22:28:49.536+0000] {dag.py:3047} INFO - Sync 1 DAGs
[2024-03-06T22:28:49.583+0000] {logging_mixin.py:188} INFO - [2024-03-06T22:28:49.583+0000] {dag.py:3834} INFO - Setting next_dagrun for example_sla_dag to 2024-03-06 22:26:00+00:00, run_after=2024-03-06 22:28:00+00:00
[2024-03-06T22:28:49.636+0000] {processor.py:183} INFO - Processing /home/airflow/.local/lib/python3.8/site-packages/airflow/example_dags/example_sla_dag.py took 0.169 seconds
[2024-03-06T22:29:19.757+0000] {processor.py:161} INFO - Started process (PID=1311) to work on /home/airflow/.local/lib/python3.8/site-packages/airflow/example_dags/example_sla_dag.py
[2024-03-06T22:29:19.759+0000] {processor.py:830} INFO - Processing file /home/airflow/.local/lib/python3.8/site-packages/airflow/example_dags/example_sla_dag.py for tasks to queue
[2024-03-06T22:29:19.761+0000] {logging_mixin.py:188} INFO - [2024-03-06T22:29:19.761+0000] {dagbag.py:540} INFO - Filling up the DagBag from /home/airflow/.local/lib/python3.8/site-packages/airflow/example_dags/example_sla_dag.py
[2024-03-06T22:29:19.773+0000] {processor.py:840} INFO - DAG(s) 'example_sla_dag' retrieved from /home/airflow/.local/lib/python3.8/site-packages/airflow/example_dags/example_sla_dag.py
[2024-03-06T22:29:19.800+0000] {logging_mixin.py:188} INFO - [2024-03-06T22:29:19.799+0000] {dag.py:3047} INFO - Sync 1 DAGs
[2024-03-06T22:29:19.835+0000] {logging_mixin.py:188} INFO - [2024-03-06T22:29:19.834+0000] {dag.py:3834} INFO - Setting next_dagrun for example_sla_dag to 2024-03-06 22:26:00+00:00, run_after=2024-03-06 22:28:00+00:00
[2024-03-06T22:29:19.863+0000] {processor.py:183} INFO - Processing /home/airflow/.local/lib/python3.8/site-packages/airflow/example_dags/example_sla_dag.py took 0.111 seconds
[2024-03-06T22:29:50.128+0000] {processor.py:161} INFO - Started process (PID=1366) to work on /home/airflow/.local/lib/python3.8/site-packages/airflow/example_dags/example_sla_dag.py
[2024-03-06T22:29:50.130+0000] {processor.py:830} INFO - Processing file /home/airflow/.local/lib/python3.8/site-packages/airflow/example_dags/example_sla_dag.py for tasks to queue
[2024-03-06T22:29:50.133+0000] {logging_mixin.py:188} INFO - [2024-03-06T22:29:50.133+0000] {dagbag.py:540} INFO - Filling up the DagBag from /home/airflow/.local/lib/python3.8/site-packages/airflow/example_dags/example_sla_dag.py
[2024-03-06T22:29:50.154+0000] {processor.py:840} INFO - DAG(s) 'example_sla_dag' retrieved from /home/airflow/.local/lib/python3.8/site-packages/airflow/example_dags/example_sla_dag.py
[2024-03-06T22:29:50.194+0000] {logging_mixin.py:188} INFO - [2024-03-06T22:29:50.194+0000] {dag.py:3047} INFO - Sync 1 DAGs
[2024-03-06T22:29:50.251+0000] {logging_mixin.py:188} INFO - [2024-03-06T22:29:50.250+0000] {dag.py:3834} INFO - Setting next_dagrun for example_sla_dag to 2024-03-06 22:26:00+00:00, run_after=2024-03-06 22:28:00+00:00
[2024-03-06T22:29:50.285+0000] {processor.py:183} INFO - Processing /home/airflow/.local/lib/python3.8/site-packages/airflow/example_dags/example_sla_dag.py took 0.161 seconds
[2024-03-06T22:30:20.308+0000] {processor.py:161} INFO - Started process (PID=1419) to work on /home/airflow/.local/lib/python3.8/site-packages/airflow/example_dags/example_sla_dag.py
[2024-03-06T22:30:20.310+0000] {processor.py:830} INFO - Processing file /home/airflow/.local/lib/python3.8/site-packages/airflow/example_dags/example_sla_dag.py for tasks to queue
[2024-03-06T22:30:20.313+0000] {logging_mixin.py:188} INFO - [2024-03-06T22:30:20.312+0000] {dagbag.py:540} INFO - Filling up the DagBag from /home/airflow/.local/lib/python3.8/site-packages/airflow/example_dags/example_sla_dag.py
[2024-03-06T22:30:20.325+0000] {processor.py:840} INFO - DAG(s) 'example_sla_dag' retrieved from /home/airflow/.local/lib/python3.8/site-packages/airflow/example_dags/example_sla_dag.py
[2024-03-06T22:30:20.357+0000] {logging_mixin.py:188} INFO - [2024-03-06T22:30:20.357+0000] {dag.py:3047} INFO - Sync 1 DAGs
[2024-03-06T22:30:20.409+0000] {logging_mixin.py:188} INFO - [2024-03-06T22:30:20.409+0000] {dag.py:3834} INFO - Setting next_dagrun for example_sla_dag to 2024-03-06 22:28:00+00:00, run_after=2024-03-06 22:30:00+00:00
[2024-03-06T22:30:20.439+0000] {processor.py:183} INFO - Processing /home/airflow/.local/lib/python3.8/site-packages/airflow/example_dags/example_sla_dag.py took 0.136 seconds
[2024-03-06T22:30:50.998+0000] {processor.py:161} INFO - Started process (PID=1475) to work on /home/airflow/.local/lib/python3.8/site-packages/airflow/example_dags/example_sla_dag.py
[2024-03-06T22:30:51.000+0000] {processor.py:830} INFO - Processing file /home/airflow/.local/lib/python3.8/site-packages/airflow/example_dags/example_sla_dag.py for tasks to queue
[2024-03-06T22:30:51.003+0000] {logging_mixin.py:188} INFO - [2024-03-06T22:30:51.002+0000] {dagbag.py:540} INFO - Filling up the DagBag from /home/airflow/.local/lib/python3.8/site-packages/airflow/example_dags/example_sla_dag.py
[2024-03-06T22:30:51.015+0000] {processor.py:840} INFO - DAG(s) 'example_sla_dag' retrieved from /home/airflow/.local/lib/python3.8/site-packages/airflow/example_dags/example_sla_dag.py
[2024-03-06T22:30:51.043+0000] {logging_mixin.py:188} INFO - [2024-03-06T22:30:51.043+0000] {dag.py:3047} INFO - Sync 1 DAGs
[2024-03-06T22:30:51.079+0000] {logging_mixin.py:188} INFO - [2024-03-06T22:30:51.079+0000] {dag.py:3834} INFO - Setting next_dagrun for example_sla_dag to 2024-03-06 22:28:00+00:00, run_after=2024-03-06 22:30:00+00:00
[2024-03-06T22:30:51.108+0000] {processor.py:183} INFO - Processing /home/airflow/.local/lib/python3.8/site-packages/airflow/example_dags/example_sla_dag.py took 0.114 seconds
[2024-03-06T22:31:21.710+0000] {processor.py:161} INFO - Started process (PID=1530) to work on /home/airflow/.local/lib/python3.8/site-packages/airflow/example_dags/example_sla_dag.py
[2024-03-06T22:31:21.713+0000] {processor.py:830} INFO - Processing file /home/airflow/.local/lib/python3.8/site-packages/airflow/example_dags/example_sla_dag.py for tasks to queue
[2024-03-06T22:31:21.715+0000] {logging_mixin.py:188} INFO - [2024-03-06T22:31:21.715+0000] {dagbag.py:540} INFO - Filling up the DagBag from /home/airflow/.local/lib/python3.8/site-packages/airflow/example_dags/example_sla_dag.py
[2024-03-06T22:31:21.727+0000] {processor.py:840} INFO - DAG(s) 'example_sla_dag' retrieved from /home/airflow/.local/lib/python3.8/site-packages/airflow/example_dags/example_sla_dag.py
[2024-03-06T22:31:21.754+0000] {logging_mixin.py:188} INFO - [2024-03-06T22:31:21.754+0000] {dag.py:3047} INFO - Sync 1 DAGs
[2024-03-06T22:31:21.793+0000] {logging_mixin.py:188} INFO - [2024-03-06T22:31:21.793+0000] {dag.py:3834} INFO - Setting next_dagrun for example_sla_dag to 2024-03-06 22:28:00+00:00, run_after=2024-03-06 22:30:00+00:00
[2024-03-06T22:31:21.825+0000] {processor.py:183} INFO - Processing /home/airflow/.local/lib/python3.8/site-packages/airflow/example_dags/example_sla_dag.py took 0.120 seconds
[2024-03-06T22:31:51.908+0000] {processor.py:161} INFO - Started process (PID=1585) to work on /home/airflow/.local/lib/python3.8/site-packages/airflow/example_dags/example_sla_dag.py
[2024-03-06T22:31:51.909+0000] {processor.py:830} INFO - Processing file /home/airflow/.local/lib/python3.8/site-packages/airflow/example_dags/example_sla_dag.py for tasks to queue
[2024-03-06T22:31:51.913+0000] {logging_mixin.py:188} INFO - [2024-03-06T22:31:51.912+0000] {dagbag.py:540} INFO - Filling up the DagBag from /home/airflow/.local/lib/python3.8/site-packages/airflow/example_dags/example_sla_dag.py
[2024-03-06T22:31:51.925+0000] {processor.py:840} INFO - DAG(s) 'example_sla_dag' retrieved from /home/airflow/.local/lib/python3.8/site-packages/airflow/example_dags/example_sla_dag.py
[2024-03-06T22:31:51.954+0000] {logging_mixin.py:188} INFO - [2024-03-06T22:31:51.954+0000] {dag.py:3047} INFO - Sync 1 DAGs
[2024-03-06T22:31:51.989+0000] {logging_mixin.py:188} INFO - [2024-03-06T22:31:51.988+0000] {dag.py:3834} INFO - Setting next_dagrun for example_sla_dag to 2024-03-06 22:28:00+00:00, run_after=2024-03-06 22:30:00+00:00
[2024-03-06T22:31:52.025+0000] {processor.py:183} INFO - Processing /home/airflow/.local/lib/python3.8/site-packages/airflow/example_dags/example_sla_dag.py took 0.123 seconds
[2024-03-06T22:32:22.374+0000] {processor.py:161} INFO - Started process (PID=1639) to work on /home/airflow/.local/lib/python3.8/site-packages/airflow/example_dags/example_sla_dag.py
[2024-03-06T22:32:22.377+0000] {processor.py:830} INFO - Processing file /home/airflow/.local/lib/python3.8/site-packages/airflow/example_dags/example_sla_dag.py for tasks to queue
[2024-03-06T22:32:22.384+0000] {logging_mixin.py:188} INFO - [2024-03-06T22:32:22.383+0000] {dagbag.py:540} INFO - Filling up the DagBag from /home/airflow/.local/lib/python3.8/site-packages/airflow/example_dags/example_sla_dag.py
[2024-03-06T22:32:22.398+0000] {processor.py:840} INFO - DAG(s) 'example_sla_dag' retrieved from /home/airflow/.local/lib/python3.8/site-packages/airflow/example_dags/example_sla_dag.py
[2024-03-06T22:32:22.429+0000] {logging_mixin.py:188} INFO - [2024-03-06T22:32:22.429+0000] {dag.py:3047} INFO - Sync 1 DAGs
[2024-03-06T22:32:22.467+0000] {logging_mixin.py:188} INFO - [2024-03-06T22:32:22.467+0000] {dag.py:3834} INFO - Setting next_dagrun for example_sla_dag to 2024-03-06 22:30:00+00:00, run_after=2024-03-06 22:32:00+00:00
[2024-03-06T22:32:22.497+0000] {processor.py:183} INFO - Processing /home/airflow/.local/lib/python3.8/site-packages/airflow/example_dags/example_sla_dag.py took 0.128 seconds
[2024-03-06T22:32:53.003+0000] {processor.py:161} INFO - Started process (PID=1694) to work on /home/airflow/.local/lib/python3.8/site-packages/airflow/example_dags/example_sla_dag.py
[2024-03-06T22:32:53.015+0000] {processor.py:830} INFO - Processing file /home/airflow/.local/lib/python3.8/site-packages/airflow/example_dags/example_sla_dag.py for tasks to queue
[2024-03-06T22:32:53.019+0000] {logging_mixin.py:188} INFO - [2024-03-06T22:32:53.018+0000] {dagbag.py:540} INFO - Filling up the DagBag from /home/airflow/.local/lib/python3.8/site-packages/airflow/example_dags/example_sla_dag.py
[2024-03-06T22:32:53.037+0000] {processor.py:840} INFO - DAG(s) 'example_sla_dag' retrieved from /home/airflow/.local/lib/python3.8/site-packages/airflow/example_dags/example_sla_dag.py
[2024-03-06T22:32:53.066+0000] {logging_mixin.py:188} INFO - [2024-03-06T22:32:53.066+0000] {dag.py:3047} INFO - Sync 1 DAGs
[2024-03-06T22:32:53.107+0000] {logging_mixin.py:188} INFO - [2024-03-06T22:32:53.107+0000] {dag.py:3834} INFO - Setting next_dagrun for example_sla_dag to 2024-03-06 22:30:00+00:00, run_after=2024-03-06 22:32:00+00:00
[2024-03-06T22:32:53.139+0000] {processor.py:183} INFO - Processing /home/airflow/.local/lib/python3.8/site-packages/airflow/example_dags/example_sla_dag.py took 0.142 seconds
[2024-03-06T22:33:23.679+0000] {processor.py:161} INFO - Started process (PID=1749) to work on /home/airflow/.local/lib/python3.8/site-packages/airflow/example_dags/example_sla_dag.py
[2024-03-06T22:33:23.681+0000] {processor.py:830} INFO - Processing file /home/airflow/.local/lib/python3.8/site-packages/airflow/example_dags/example_sla_dag.py for tasks to queue
[2024-03-06T22:33:23.684+0000] {logging_mixin.py:188} INFO - [2024-03-06T22:33:23.684+0000] {dagbag.py:540} INFO - Filling up the DagBag from /home/airflow/.local/lib/python3.8/site-packages/airflow/example_dags/example_sla_dag.py
[2024-03-06T22:33:23.697+0000] {processor.py:840} INFO - DAG(s) 'example_sla_dag' retrieved from /home/airflow/.local/lib/python3.8/site-packages/airflow/example_dags/example_sla_dag.py
[2024-03-06T22:33:23.724+0000] {logging_mixin.py:188} INFO - [2024-03-06T22:33:23.723+0000] {dag.py:3047} INFO - Sync 1 DAGs
[2024-03-06T22:33:23.760+0000] {logging_mixin.py:188} INFO - [2024-03-06T22:33:23.760+0000] {dag.py:3834} INFO - Setting next_dagrun for example_sla_dag to 2024-03-06 22:30:00+00:00, run_after=2024-03-06 22:32:00+00:00
[2024-03-06T22:33:23.791+0000] {processor.py:183} INFO - Processing /home/airflow/.local/lib/python3.8/site-packages/airflow/example_dags/example_sla_dag.py took 0.117 seconds
[2024-03-06T22:33:54.034+0000] {processor.py:161} INFO - Started process (PID=1804) to work on /home/airflow/.local/lib/python3.8/site-packages/airflow/example_dags/example_sla_dag.py
[2024-03-06T22:33:54.035+0000] {processor.py:830} INFO - Processing file /home/airflow/.local/lib/python3.8/site-packages/airflow/example_dags/example_sla_dag.py for tasks to queue
[2024-03-06T22:33:54.039+0000] {logging_mixin.py:188} INFO - [2024-03-06T22:33:54.038+0000] {dagbag.py:540} INFO - Filling up the DagBag from /home/airflow/.local/lib/python3.8/site-packages/airflow/example_dags/example_sla_dag.py
[2024-03-06T22:33:54.055+0000] {processor.py:840} INFO - DAG(s) 'example_sla_dag' retrieved from /home/airflow/.local/lib/python3.8/site-packages/airflow/example_dags/example_sla_dag.py
[2024-03-06T22:33:54.095+0000] {logging_mixin.py:188} INFO - [2024-03-06T22:33:54.094+0000] {dag.py:3047} INFO - Sync 1 DAGs
[2024-03-06T22:33:54.151+0000] {logging_mixin.py:188} INFO - [2024-03-06T22:33:54.151+0000] {dag.py:3834} INFO - Setting next_dagrun for example_sla_dag to 2024-03-06 22:30:00+00:00, run_after=2024-03-06 22:32:00+00:00
[2024-03-06T22:33:54.177+0000] {processor.py:183} INFO - Processing /home/airflow/.local/lib/python3.8/site-packages/airflow/example_dags/example_sla_dag.py took 0.149 seconds
[2024-03-06T22:34:24.998+0000] {processor.py:161} INFO - Started process (PID=1859) to work on /home/airflow/.local/lib/python3.8/site-packages/airflow/example_dags/example_sla_dag.py
[2024-03-06T22:34:25.000+0000] {processor.py:830} INFO - Processing file /home/airflow/.local/lib/python3.8/site-packages/airflow/example_dags/example_sla_dag.py for tasks to queue
[2024-03-06T22:34:25.003+0000] {logging_mixin.py:188} INFO - [2024-03-06T22:34:25.002+0000] {dagbag.py:540} INFO - Filling up the DagBag from /home/airflow/.local/lib/python3.8/site-packages/airflow/example_dags/example_sla_dag.py
[2024-03-06T22:34:25.019+0000] {processor.py:840} INFO - DAG(s) 'example_sla_dag' retrieved from /home/airflow/.local/lib/python3.8/site-packages/airflow/example_dags/example_sla_dag.py
[2024-03-06T22:34:25.052+0000] {logging_mixin.py:188} INFO - [2024-03-06T22:34:25.051+0000] {dag.py:3047} INFO - Sync 1 DAGs
[2024-03-06T22:34:25.098+0000] {logging_mixin.py:188} INFO - [2024-03-06T22:34:25.097+0000] {dag.py:3834} INFO - Setting next_dagrun for example_sla_dag to 2024-03-06 22:32:00+00:00, run_after=2024-03-06 22:34:00+00:00
[2024-03-06T22:34:25.130+0000] {processor.py:183} INFO - Processing /home/airflow/.local/lib/python3.8/site-packages/airflow/example_dags/example_sla_dag.py took 0.140 seconds
[2024-03-06T22:34:55.250+0000] {processor.py:161} INFO - Started process (PID=1914) to work on /home/airflow/.local/lib/python3.8/site-packages/airflow/example_dags/example_sla_dag.py
[2024-03-06T22:34:55.252+0000] {processor.py:830} INFO - Processing file /home/airflow/.local/lib/python3.8/site-packages/airflow/example_dags/example_sla_dag.py for tasks to queue
[2024-03-06T22:34:55.256+0000] {logging_mixin.py:188} INFO - [2024-03-06T22:34:55.255+0000] {dagbag.py:540} INFO - Filling up the DagBag from /home/airflow/.local/lib/python3.8/site-packages/airflow/example_dags/example_sla_dag.py
[2024-03-06T22:34:55.271+0000] {processor.py:840} INFO - DAG(s) 'example_sla_dag' retrieved from /home/airflow/.local/lib/python3.8/site-packages/airflow/example_dags/example_sla_dag.py
[2024-03-06T22:34:55.300+0000] {logging_mixin.py:188} INFO - [2024-03-06T22:34:55.300+0000] {dag.py:3047} INFO - Sync 1 DAGs
[2024-03-06T22:34:55.370+0000] {logging_mixin.py:188} INFO - [2024-03-06T22:34:55.370+0000] {dag.py:3834} INFO - Setting next_dagrun for example_sla_dag to 2024-03-06 22:32:00+00:00, run_after=2024-03-06 22:34:00+00:00
[2024-03-06T22:34:55.415+0000] {processor.py:183} INFO - Processing /home/airflow/.local/lib/python3.8/site-packages/airflow/example_dags/example_sla_dag.py took 0.171 seconds
[2024-03-06T22:35:25.597+0000] {processor.py:161} INFO - Started process (PID=1969) to work on /home/airflow/.local/lib/python3.8/site-packages/airflow/example_dags/example_sla_dag.py
[2024-03-06T22:35:25.599+0000] {processor.py:830} INFO - Processing file /home/airflow/.local/lib/python3.8/site-packages/airflow/example_dags/example_sla_dag.py for tasks to queue
[2024-03-06T22:35:25.601+0000] {logging_mixin.py:188} INFO - [2024-03-06T22:35:25.601+0000] {dagbag.py:540} INFO - Filling up the DagBag from /home/airflow/.local/lib/python3.8/site-packages/airflow/example_dags/example_sla_dag.py
[2024-03-06T22:35:25.614+0000] {processor.py:840} INFO - DAG(s) 'example_sla_dag' retrieved from /home/airflow/.local/lib/python3.8/site-packages/airflow/example_dags/example_sla_dag.py
[2024-03-06T22:35:25.644+0000] {logging_mixin.py:188} INFO - [2024-03-06T22:35:25.643+0000] {dag.py:3047} INFO - Sync 1 DAGs
[2024-03-06T22:35:25.690+0000] {logging_mixin.py:188} INFO - [2024-03-06T22:35:25.690+0000] {dag.py:3834} INFO - Setting next_dagrun for example_sla_dag to 2024-03-06 22:32:00+00:00, run_after=2024-03-06 22:34:00+00:00
[2024-03-06T22:35:25.718+0000] {processor.py:183} INFO - Processing /home/airflow/.local/lib/python3.8/site-packages/airflow/example_dags/example_sla_dag.py took 0.130 seconds
[2024-03-06T22:35:56.099+0000] {processor.py:161} INFO - Started process (PID=2024) to work on /home/airflow/.local/lib/python3.8/site-packages/airflow/example_dags/example_sla_dag.py
[2024-03-06T22:35:56.101+0000] {processor.py:830} INFO - Processing file /home/airflow/.local/lib/python3.8/site-packages/airflow/example_dags/example_sla_dag.py for tasks to queue
[2024-03-06T22:35:56.104+0000] {logging_mixin.py:188} INFO - [2024-03-06T22:35:56.103+0000] {dagbag.py:540} INFO - Filling up the DagBag from /home/airflow/.local/lib/python3.8/site-packages/airflow/example_dags/example_sla_dag.py
[2024-03-06T22:35:56.115+0000] {processor.py:840} INFO - DAG(s) 'example_sla_dag' retrieved from /home/airflow/.local/lib/python3.8/site-packages/airflow/example_dags/example_sla_dag.py
[2024-03-06T22:35:56.147+0000] {logging_mixin.py:188} INFO - [2024-03-06T22:35:56.147+0000] {dag.py:3047} INFO - Sync 1 DAGs
[2024-03-06T22:35:56.185+0000] {logging_mixin.py:188} INFO - [2024-03-06T22:35:56.185+0000] {dag.py:3834} INFO - Setting next_dagrun for example_sla_dag to 2024-03-06 22:32:00+00:00, run_after=2024-03-06 22:34:00+00:00
[2024-03-06T22:35:56.215+0000] {processor.py:183} INFO - Processing /home/airflow/.local/lib/python3.8/site-packages/airflow/example_dags/example_sla_dag.py took 0.120 seconds
[2024-03-06T22:36:26.638+0000] {processor.py:161} INFO - Started process (PID=2079) to work on /home/airflow/.local/lib/python3.8/site-packages/airflow/example_dags/example_sla_dag.py
[2024-03-06T22:36:26.639+0000] {processor.py:830} INFO - Processing file /home/airflow/.local/lib/python3.8/site-packages/airflow/example_dags/example_sla_dag.py for tasks to queue
[2024-03-06T22:36:26.642+0000] {logging_mixin.py:188} INFO - [2024-03-06T22:36:26.642+0000] {dagbag.py:540} INFO - Filling up the DagBag from /home/airflow/.local/lib/python3.8/site-packages/airflow/example_dags/example_sla_dag.py
[2024-03-06T22:36:26.654+0000] {processor.py:840} INFO - DAG(s) 'example_sla_dag' retrieved from /home/airflow/.local/lib/python3.8/site-packages/airflow/example_dags/example_sla_dag.py
[2024-03-06T22:36:26.679+0000] {logging_mixin.py:188} INFO - [2024-03-06T22:36:26.679+0000] {dag.py:3047} INFO - Sync 1 DAGs
[2024-03-06T22:36:26.712+0000] {logging_mixin.py:188} INFO - [2024-03-06T22:36:26.712+0000] {dag.py:3834} INFO - Setting next_dagrun for example_sla_dag to 2024-03-06 22:34:00+00:00, run_after=2024-03-06 22:36:00+00:00
[2024-03-06T22:36:26.738+0000] {processor.py:183} INFO - Processing /home/airflow/.local/lib/python3.8/site-packages/airflow/example_dags/example_sla_dag.py took 0.104 seconds
[2024-03-06T22:36:56.799+0000] {processor.py:161} INFO - Started process (PID=2134) to work on /home/airflow/.local/lib/python3.8/site-packages/airflow/example_dags/example_sla_dag.py
[2024-03-06T22:36:56.801+0000] {processor.py:830} INFO - Processing file /home/airflow/.local/lib/python3.8/site-packages/airflow/example_dags/example_sla_dag.py for tasks to queue
[2024-03-06T22:36:56.804+0000] {logging_mixin.py:188} INFO - [2024-03-06T22:36:56.804+0000] {dagbag.py:540} INFO - Filling up the DagBag from /home/airflow/.local/lib/python3.8/site-packages/airflow/example_dags/example_sla_dag.py
[2024-03-06T22:36:56.820+0000] {processor.py:840} INFO - DAG(s) 'example_sla_dag' retrieved from /home/airflow/.local/lib/python3.8/site-packages/airflow/example_dags/example_sla_dag.py
[2024-03-06T22:36:56.852+0000] {logging_mixin.py:188} INFO - [2024-03-06T22:36:56.851+0000] {dag.py:3047} INFO - Sync 1 DAGs
[2024-03-06T22:36:56.892+0000] {logging_mixin.py:188} INFO - [2024-03-06T22:36:56.891+0000] {dag.py:3834} INFO - Setting next_dagrun for example_sla_dag to 2024-03-06 22:34:00+00:00, run_after=2024-03-06 22:36:00+00:00
[2024-03-06T22:36:56.929+0000] {processor.py:183} INFO - Processing /home/airflow/.local/lib/python3.8/site-packages/airflow/example_dags/example_sla_dag.py took 0.134 seconds
[2024-03-06T22:37:27.074+0000] {processor.py:161} INFO - Started process (PID=2189) to work on /home/airflow/.local/lib/python3.8/site-packages/airflow/example_dags/example_sla_dag.py
[2024-03-06T22:37:27.076+0000] {processor.py:830} INFO - Processing file /home/airflow/.local/lib/python3.8/site-packages/airflow/example_dags/example_sla_dag.py for tasks to queue
[2024-03-06T22:37:27.078+0000] {logging_mixin.py:188} INFO - [2024-03-06T22:37:27.078+0000] {dagbag.py:540} INFO - Filling up the DagBag from /home/airflow/.local/lib/python3.8/site-packages/airflow/example_dags/example_sla_dag.py
[2024-03-06T22:37:27.092+0000] {processor.py:840} INFO - DAG(s) 'example_sla_dag' retrieved from /home/airflow/.local/lib/python3.8/site-packages/airflow/example_dags/example_sla_dag.py
[2024-03-06T22:37:27.118+0000] {logging_mixin.py:188} INFO - [2024-03-06T22:37:27.118+0000] {dag.py:3047} INFO - Sync 1 DAGs
[2024-03-06T22:37:27.156+0000] {logging_mixin.py:188} INFO - [2024-03-06T22:37:27.156+0000] {dag.py:3834} INFO - Setting next_dagrun for example_sla_dag to 2024-03-06 22:34:00+00:00, run_after=2024-03-06 22:36:00+00:00
[2024-03-06T22:37:27.183+0000] {processor.py:183} INFO - Processing /home/airflow/.local/lib/python3.8/site-packages/airflow/example_dags/example_sla_dag.py took 0.113 seconds
[2024-03-06T22:37:57.716+0000] {processor.py:161} INFO - Started process (PID=2242) to work on /home/airflow/.local/lib/python3.8/site-packages/airflow/example_dags/example_sla_dag.py
[2024-03-06T22:37:57.718+0000] {processor.py:830} INFO - Processing file /home/airflow/.local/lib/python3.8/site-packages/airflow/example_dags/example_sla_dag.py for tasks to queue
[2024-03-06T22:37:57.722+0000] {logging_mixin.py:188} INFO - [2024-03-06T22:37:57.721+0000] {dagbag.py:540} INFO - Filling up the DagBag from /home/airflow/.local/lib/python3.8/site-packages/airflow/example_dags/example_sla_dag.py
[2024-03-06T22:37:57.734+0000] {processor.py:840} INFO - DAG(s) 'example_sla_dag' retrieved from /home/airflow/.local/lib/python3.8/site-packages/airflow/example_dags/example_sla_dag.py
[2024-03-06T22:37:57.763+0000] {logging_mixin.py:188} INFO - [2024-03-06T22:37:57.762+0000] {dag.py:3047} INFO - Sync 1 DAGs
[2024-03-06T22:37:57.806+0000] {logging_mixin.py:188} INFO - [2024-03-06T22:37:57.806+0000] {dag.py:3834} INFO - Setting next_dagrun for example_sla_dag to 2024-03-06 22:34:00+00:00, run_after=2024-03-06 22:36:00+00:00
[2024-03-06T22:37:57.843+0000] {processor.py:183} INFO - Processing /home/airflow/.local/lib/python3.8/site-packages/airflow/example_dags/example_sla_dag.py took 0.133 seconds
[2024-03-06T22:38:28.165+0000] {processor.py:161} INFO - Started process (PID=2297) to work on /home/airflow/.local/lib/python3.8/site-packages/airflow/example_dags/example_sla_dag.py
[2024-03-06T22:38:28.166+0000] {processor.py:830} INFO - Processing file /home/airflow/.local/lib/python3.8/site-packages/airflow/example_dags/example_sla_dag.py for tasks to queue
[2024-03-06T22:38:28.169+0000] {logging_mixin.py:188} INFO - [2024-03-06T22:38:28.169+0000] {dagbag.py:540} INFO - Filling up the DagBag from /home/airflow/.local/lib/python3.8/site-packages/airflow/example_dags/example_sla_dag.py
[2024-03-06T22:38:28.181+0000] {processor.py:840} INFO - DAG(s) 'example_sla_dag' retrieved from /home/airflow/.local/lib/python3.8/site-packages/airflow/example_dags/example_sla_dag.py
[2024-03-06T22:38:28.216+0000] {logging_mixin.py:188} INFO - [2024-03-06T22:38:28.215+0000] {dag.py:3047} INFO - Sync 1 DAGs
[2024-03-06T22:38:28.270+0000] {logging_mixin.py:188} INFO - [2024-03-06T22:38:28.270+0000] {dag.py:3834} INFO - Setting next_dagrun for example_sla_dag to 2024-03-06 22:36:00+00:00, run_after=2024-03-06 22:38:00+00:00
[2024-03-06T22:38:28.299+0000] {processor.py:183} INFO - Processing /home/airflow/.local/lib/python3.8/site-packages/airflow/example_dags/example_sla_dag.py took 0.140 seconds
[2024-03-06T22:38:58.926+0000] {processor.py:161} INFO - Started process (PID=2352) to work on /home/airflow/.local/lib/python3.8/site-packages/airflow/example_dags/example_sla_dag.py
[2024-03-06T22:38:58.929+0000] {processor.py:830} INFO - Processing file /home/airflow/.local/lib/python3.8/site-packages/airflow/example_dags/example_sla_dag.py for tasks to queue
[2024-03-06T22:38:58.936+0000] {logging_mixin.py:188} INFO - [2024-03-06T22:38:58.935+0000] {dagbag.py:540} INFO - Filling up the DagBag from /home/airflow/.local/lib/python3.8/site-packages/airflow/example_dags/example_sla_dag.py
[2024-03-06T22:38:58.956+0000] {processor.py:840} INFO - DAG(s) 'example_sla_dag' retrieved from /home/airflow/.local/lib/python3.8/site-packages/airflow/example_dags/example_sla_dag.py
[2024-03-06T22:38:58.994+0000] {logging_mixin.py:188} INFO - [2024-03-06T22:38:58.993+0000] {dag.py:3047} INFO - Sync 1 DAGs
[2024-03-06T22:38:59.037+0000] {logging_mixin.py:188} INFO - [2024-03-06T22:38:59.037+0000] {dag.py:3834} INFO - Setting next_dagrun for example_sla_dag to 2024-03-06 22:36:00+00:00, run_after=2024-03-06 22:38:00+00:00
[2024-03-06T22:38:59.067+0000] {processor.py:183} INFO - Processing /home/airflow/.local/lib/python3.8/site-packages/airflow/example_dags/example_sla_dag.py took 0.149 seconds
[2024-03-06T22:39:29.742+0000] {processor.py:161} INFO - Started process (PID=2407) to work on /home/airflow/.local/lib/python3.8/site-packages/airflow/example_dags/example_sla_dag.py
[2024-03-06T22:39:29.744+0000] {processor.py:830} INFO - Processing file /home/airflow/.local/lib/python3.8/site-packages/airflow/example_dags/example_sla_dag.py for tasks to queue
[2024-03-06T22:39:29.749+0000] {logging_mixin.py:188} INFO - [2024-03-06T22:39:29.749+0000] {dagbag.py:540} INFO - Filling up the DagBag from /home/airflow/.local/lib/python3.8/site-packages/airflow/example_dags/example_sla_dag.py
[2024-03-06T22:39:29.778+0000] {processor.py:840} INFO - DAG(s) 'example_sla_dag' retrieved from /home/airflow/.local/lib/python3.8/site-packages/airflow/example_dags/example_sla_dag.py
[2024-03-06T22:39:29.846+0000] {logging_mixin.py:188} INFO - [2024-03-06T22:39:29.845+0000] {dag.py:3047} INFO - Sync 1 DAGs
[2024-03-06T22:39:29.898+0000] {logging_mixin.py:188} INFO - [2024-03-06T22:39:29.898+0000] {dag.py:3834} INFO - Setting next_dagrun for example_sla_dag to 2024-03-06 22:36:00+00:00, run_after=2024-03-06 22:38:00+00:00
[2024-03-06T22:39:29.938+0000] {processor.py:183} INFO - Processing /home/airflow/.local/lib/python3.8/site-packages/airflow/example_dags/example_sla_dag.py took 0.208 seconds
[2024-03-06T22:40:00.149+0000] {processor.py:161} INFO - Started process (PID=2461) to work on /home/airflow/.local/lib/python3.8/site-packages/airflow/example_dags/example_sla_dag.py
[2024-03-06T22:40:00.154+0000] {processor.py:830} INFO - Processing file /home/airflow/.local/lib/python3.8/site-packages/airflow/example_dags/example_sla_dag.py for tasks to queue
[2024-03-06T22:40:00.159+0000] {logging_mixin.py:188} INFO - [2024-03-06T22:40:00.158+0000] {dagbag.py:540} INFO - Filling up the DagBag from /home/airflow/.local/lib/python3.8/site-packages/airflow/example_dags/example_sla_dag.py
[2024-03-06T22:40:00.177+0000] {processor.py:840} INFO - DAG(s) 'example_sla_dag' retrieved from /home/airflow/.local/lib/python3.8/site-packages/airflow/example_dags/example_sla_dag.py
[2024-03-06T22:40:00.213+0000] {logging_mixin.py:188} INFO - [2024-03-06T22:40:00.213+0000] {dag.py:3047} INFO - Sync 1 DAGs
[2024-03-06T22:40:00.266+0000] {logging_mixin.py:188} INFO - [2024-03-06T22:40:00.265+0000] {dag.py:3834} INFO - Setting next_dagrun for example_sla_dag to 2024-03-06 22:38:00+00:00, run_after=2024-03-06 22:40:00+00:00
[2024-03-06T22:40:00.300+0000] {processor.py:183} INFO - Processing /home/airflow/.local/lib/python3.8/site-packages/airflow/example_dags/example_sla_dag.py took 0.157 seconds
[2024-03-06T22:40:30.401+0000] {processor.py:161} INFO - Started process (PID=2517) to work on /home/airflow/.local/lib/python3.8/site-packages/airflow/example_dags/example_sla_dag.py
[2024-03-06T22:40:30.406+0000] {processor.py:830} INFO - Processing file /home/airflow/.local/lib/python3.8/site-packages/airflow/example_dags/example_sla_dag.py for tasks to queue
[2024-03-06T22:40:30.409+0000] {logging_mixin.py:188} INFO - [2024-03-06T22:40:30.408+0000] {dagbag.py:540} INFO - Filling up the DagBag from /home/airflow/.local/lib/python3.8/site-packages/airflow/example_dags/example_sla_dag.py
[2024-03-06T22:40:30.422+0000] {processor.py:840} INFO - DAG(s) 'example_sla_dag' retrieved from /home/airflow/.local/lib/python3.8/site-packages/airflow/example_dags/example_sla_dag.py
[2024-03-06T22:40:30.450+0000] {logging_mixin.py:188} INFO - [2024-03-06T22:40:30.449+0000] {dag.py:3047} INFO - Sync 1 DAGs
[2024-03-06T22:40:30.486+0000] {logging_mixin.py:188} INFO - [2024-03-06T22:40:30.486+0000] {dag.py:3834} INFO - Setting next_dagrun for example_sla_dag to 2024-03-06 22:38:00+00:00, run_after=2024-03-06 22:40:00+00:00
[2024-03-06T22:40:30.521+0000] {processor.py:183} INFO - Processing /home/airflow/.local/lib/python3.8/site-packages/airflow/example_dags/example_sla_dag.py took 0.125 seconds
[2024-03-06T22:41:00.820+0000] {processor.py:161} INFO - Started process (PID=2572) to work on /home/airflow/.local/lib/python3.8/site-packages/airflow/example_dags/example_sla_dag.py
[2024-03-06T22:41:00.822+0000] {processor.py:830} INFO - Processing file /home/airflow/.local/lib/python3.8/site-packages/airflow/example_dags/example_sla_dag.py for tasks to queue
[2024-03-06T22:41:00.825+0000] {logging_mixin.py:188} INFO - [2024-03-06T22:41:00.824+0000] {dagbag.py:540} INFO - Filling up the DagBag from /home/airflow/.local/lib/python3.8/site-packages/airflow/example_dags/example_sla_dag.py
[2024-03-06T22:41:00.837+0000] {processor.py:840} INFO - DAG(s) 'example_sla_dag' retrieved from /home/airflow/.local/lib/python3.8/site-packages/airflow/example_dags/example_sla_dag.py
[2024-03-06T22:41:00.869+0000] {logging_mixin.py:188} INFO - [2024-03-06T22:41:00.869+0000] {dag.py:3047} INFO - Sync 1 DAGs
[2024-03-06T22:41:00.904+0000] {logging_mixin.py:188} INFO - [2024-03-06T22:41:00.903+0000] {dag.py:3834} INFO - Setting next_dagrun for example_sla_dag to 2024-03-06 22:38:00+00:00, run_after=2024-03-06 22:40:00+00:00
[2024-03-06T22:41:00.932+0000] {processor.py:183} INFO - Processing /home/airflow/.local/lib/python3.8/site-packages/airflow/example_dags/example_sla_dag.py took 0.117 seconds
[2024-03-06T22:41:31.257+0000] {processor.py:161} INFO - Started process (PID=2627) to work on /home/airflow/.local/lib/python3.8/site-packages/airflow/example_dags/example_sla_dag.py
[2024-03-06T22:41:31.258+0000] {processor.py:830} INFO - Processing file /home/airflow/.local/lib/python3.8/site-packages/airflow/example_dags/example_sla_dag.py for tasks to queue
[2024-03-06T22:41:31.262+0000] {logging_mixin.py:188} INFO - [2024-03-06T22:41:31.261+0000] {dagbag.py:540} INFO - Filling up the DagBag from /home/airflow/.local/lib/python3.8/site-packages/airflow/example_dags/example_sla_dag.py
[2024-03-06T22:41:31.275+0000] {processor.py:840} INFO - DAG(s) 'example_sla_dag' retrieved from /home/airflow/.local/lib/python3.8/site-packages/airflow/example_dags/example_sla_dag.py
[2024-03-06T22:41:31.304+0000] {logging_mixin.py:188} INFO - [2024-03-06T22:41:31.303+0000] {dag.py:3047} INFO - Sync 1 DAGs
[2024-03-06T22:41:31.338+0000] {logging_mixin.py:188} INFO - [2024-03-06T22:41:31.338+0000] {dag.py:3834} INFO - Setting next_dagrun for example_sla_dag to 2024-03-06 22:38:00+00:00, run_after=2024-03-06 22:40:00+00:00
[2024-03-06T22:41:31.371+0000] {processor.py:183} INFO - Processing /home/airflow/.local/lib/python3.8/site-packages/airflow/example_dags/example_sla_dag.py took 0.120 seconds
[2024-03-06T22:42:01.628+0000] {processor.py:161} INFO - Started process (PID=2682) to work on /home/airflow/.local/lib/python3.8/site-packages/airflow/example_dags/example_sla_dag.py
[2024-03-06T22:42:01.647+0000] {processor.py:830} INFO - Processing file /home/airflow/.local/lib/python3.8/site-packages/airflow/example_dags/example_sla_dag.py for tasks to queue
[2024-03-06T22:42:01.653+0000] {logging_mixin.py:188} INFO - [2024-03-06T22:42:01.653+0000] {dagbag.py:540} INFO - Filling up the DagBag from /home/airflow/.local/lib/python3.8/site-packages/airflow/example_dags/example_sla_dag.py
[2024-03-06T22:42:01.674+0000] {processor.py:840} INFO - DAG(s) 'example_sla_dag' retrieved from /home/airflow/.local/lib/python3.8/site-packages/airflow/example_dags/example_sla_dag.py
[2024-03-06T22:42:01.723+0000] {logging_mixin.py:188} INFO - [2024-03-06T22:42:01.723+0000] {dag.py:3047} INFO - Sync 1 DAGs
[2024-03-06T22:42:01.772+0000] {logging_mixin.py:188} INFO - [2024-03-06T22:42:01.772+0000] {dag.py:3834} INFO - Setting next_dagrun for example_sla_dag to 2024-03-06 22:40:00+00:00, run_after=2024-03-06 22:42:00+00:00
[2024-03-06T22:42:01.810+0000] {processor.py:183} INFO - Processing /home/airflow/.local/lib/python3.8/site-packages/airflow/example_dags/example_sla_dag.py took 0.192 seconds
[2024-03-06T22:42:32.127+0000] {processor.py:161} INFO - Started process (PID=2736) to work on /home/airflow/.local/lib/python3.8/site-packages/airflow/example_dags/example_sla_dag.py
[2024-03-06T22:42:32.130+0000] {processor.py:830} INFO - Processing file /home/airflow/.local/lib/python3.8/site-packages/airflow/example_dags/example_sla_dag.py for tasks to queue
[2024-03-06T22:42:32.134+0000] {logging_mixin.py:188} INFO - [2024-03-06T22:42:32.133+0000] {dagbag.py:540} INFO - Filling up the DagBag from /home/airflow/.local/lib/python3.8/site-packages/airflow/example_dags/example_sla_dag.py
[2024-03-06T22:42:32.150+0000] {processor.py:840} INFO - DAG(s) 'example_sla_dag' retrieved from /home/airflow/.local/lib/python3.8/site-packages/airflow/example_dags/example_sla_dag.py
[2024-03-06T22:42:32.185+0000] {logging_mixin.py:188} INFO - [2024-03-06T22:42:32.185+0000] {dag.py:3047} INFO - Sync 1 DAGs
[2024-03-06T22:42:32.257+0000] {logging_mixin.py:188} INFO - [2024-03-06T22:42:32.248+0000] {dag.py:3834} INFO - Setting next_dagrun for example_sla_dag to 2024-03-06 22:40:00+00:00, run_after=2024-03-06 22:42:00+00:00
[2024-03-06T22:42:32.321+0000] {processor.py:183} INFO - Processing /home/airflow/.local/lib/python3.8/site-packages/airflow/example_dags/example_sla_dag.py took 0.199 seconds
