[2024-03-06T22:17:45.255+0000] {processor.py:161} INFO - Started process (PID=68) to work on /home/airflow/.local/lib/python3.8/site-packages/airflow/example_dags/tutorial.py
[2024-03-06T22:17:45.257+0000] {processor.py:830} INFO - Processing file /home/airflow/.local/lib/python3.8/site-packages/airflow/example_dags/tutorial.py for tasks to queue
[2024-03-06T22:17:45.260+0000] {logging_mixin.py:188} INFO - [2024-03-06T22:17:45.259+0000] {dagbag.py:540} INFO - Filling up the DagBag from /home/airflow/.local/lib/python3.8/site-packages/airflow/example_dags/tutorial.py
[2024-03-06T22:17:45.271+0000] {processor.py:840} INFO - DAG(s) 'tutorial' retrieved from /home/airflow/.local/lib/python3.8/site-packages/airflow/example_dags/tutorial.py
[2024-03-06T22:17:45.535+0000] {logging_mixin.py:188} INFO - [2024-03-06T22:17:45.534+0000] {dag.py:3047} INFO - Sync 1 DAGs
[2024-03-06T22:17:45.580+0000] {logging_mixin.py:188} INFO - [2024-03-06T22:17:45.580+0000] {dag.py:3834} INFO - Setting next_dagrun for tutorial to 2024-03-05 00:00:00+00:00, run_after=2024-03-06 00:00:00+00:00
[2024-03-06T22:17:45.613+0000] {processor.py:183} INFO - Processing /home/airflow/.local/lib/python3.8/site-packages/airflow/example_dags/tutorial.py took 0.366 seconds
[2024-03-06T22:18:16.293+0000] {processor.py:161} INFO - Started process (PID=123) to work on /home/airflow/.local/lib/python3.8/site-packages/airflow/example_dags/tutorial.py
[2024-03-06T22:18:16.295+0000] {processor.py:830} INFO - Processing file /home/airflow/.local/lib/python3.8/site-packages/airflow/example_dags/tutorial.py for tasks to queue
[2024-03-06T22:18:16.298+0000] {logging_mixin.py:188} INFO - [2024-03-06T22:18:16.297+0000] {dagbag.py:540} INFO - Filling up the DagBag from /home/airflow/.local/lib/python3.8/site-packages/airflow/example_dags/tutorial.py
[2024-03-06T22:18:16.307+0000] {processor.py:840} INFO - DAG(s) 'tutorial' retrieved from /home/airflow/.local/lib/python3.8/site-packages/airflow/example_dags/tutorial.py
[2024-03-06T22:18:16.339+0000] {logging_mixin.py:188} INFO - [2024-03-06T22:18:16.338+0000] {dag.py:3047} INFO - Sync 1 DAGs
[2024-03-06T22:18:16.377+0000] {logging_mixin.py:188} INFO - [2024-03-06T22:18:16.377+0000] {dag.py:3834} INFO - Setting next_dagrun for tutorial to 2024-03-05 00:00:00+00:00, run_after=2024-03-06 00:00:00+00:00
[2024-03-06T22:18:16.409+0000] {processor.py:183} INFO - Processing /home/airflow/.local/lib/python3.8/site-packages/airflow/example_dags/tutorial.py took 0.121 seconds
[2024-03-06T22:18:47.117+0000] {processor.py:161} INFO - Started process (PID=178) to work on /home/airflow/.local/lib/python3.8/site-packages/airflow/example_dags/tutorial.py
[2024-03-06T22:18:47.120+0000] {processor.py:830} INFO - Processing file /home/airflow/.local/lib/python3.8/site-packages/airflow/example_dags/tutorial.py for tasks to queue
[2024-03-06T22:18:47.123+0000] {logging_mixin.py:188} INFO - [2024-03-06T22:18:47.123+0000] {dagbag.py:540} INFO - Filling up the DagBag from /home/airflow/.local/lib/python3.8/site-packages/airflow/example_dags/tutorial.py
[2024-03-06T22:18:47.134+0000] {processor.py:840} INFO - DAG(s) 'tutorial' retrieved from /home/airflow/.local/lib/python3.8/site-packages/airflow/example_dags/tutorial.py
[2024-03-06T22:18:47.173+0000] {logging_mixin.py:188} INFO - [2024-03-06T22:18:47.172+0000] {dag.py:3047} INFO - Sync 1 DAGs
[2024-03-06T22:18:47.215+0000] {logging_mixin.py:188} INFO - [2024-03-06T22:18:47.215+0000] {dag.py:3834} INFO - Setting next_dagrun for tutorial to 2024-03-05 00:00:00+00:00, run_after=2024-03-06 00:00:00+00:00
[2024-03-06T22:18:47.259+0000] {processor.py:183} INFO - Processing /home/airflow/.local/lib/python3.8/site-packages/airflow/example_dags/tutorial.py took 0.148 seconds
[2024-03-06T22:19:17.390+0000] {processor.py:161} INFO - Started process (PID=233) to work on /home/airflow/.local/lib/python3.8/site-packages/airflow/example_dags/tutorial.py
[2024-03-06T22:19:17.392+0000] {processor.py:830} INFO - Processing file /home/airflow/.local/lib/python3.8/site-packages/airflow/example_dags/tutorial.py for tasks to queue
[2024-03-06T22:19:17.395+0000] {logging_mixin.py:188} INFO - [2024-03-06T22:19:17.394+0000] {dagbag.py:540} INFO - Filling up the DagBag from /home/airflow/.local/lib/python3.8/site-packages/airflow/example_dags/tutorial.py
[2024-03-06T22:19:17.405+0000] {processor.py:840} INFO - DAG(s) 'tutorial' retrieved from /home/airflow/.local/lib/python3.8/site-packages/airflow/example_dags/tutorial.py
[2024-03-06T22:19:17.434+0000] {logging_mixin.py:188} INFO - [2024-03-06T22:19:17.434+0000] {dag.py:3047} INFO - Sync 1 DAGs
[2024-03-06T22:19:17.474+0000] {logging_mixin.py:188} INFO - [2024-03-06T22:19:17.474+0000] {dag.py:3834} INFO - Setting next_dagrun for tutorial to 2024-03-05 00:00:00+00:00, run_after=2024-03-06 00:00:00+00:00
[2024-03-06T22:19:17.503+0000] {processor.py:183} INFO - Processing /home/airflow/.local/lib/python3.8/site-packages/airflow/example_dags/tutorial.py took 0.117 seconds
[2024-03-06T22:19:48.339+0000] {processor.py:161} INFO - Started process (PID=288) to work on /home/airflow/.local/lib/python3.8/site-packages/airflow/example_dags/tutorial.py
[2024-03-06T22:19:48.340+0000] {processor.py:830} INFO - Processing file /home/airflow/.local/lib/python3.8/site-packages/airflow/example_dags/tutorial.py for tasks to queue
[2024-03-06T22:19:48.343+0000] {logging_mixin.py:188} INFO - [2024-03-06T22:19:48.342+0000] {dagbag.py:540} INFO - Filling up the DagBag from /home/airflow/.local/lib/python3.8/site-packages/airflow/example_dags/tutorial.py
[2024-03-06T22:19:48.351+0000] {processor.py:840} INFO - DAG(s) 'tutorial' retrieved from /home/airflow/.local/lib/python3.8/site-packages/airflow/example_dags/tutorial.py
[2024-03-06T22:19:48.379+0000] {logging_mixin.py:188} INFO - [2024-03-06T22:19:48.379+0000] {dag.py:3047} INFO - Sync 1 DAGs
[2024-03-06T22:19:48.407+0000] {logging_mixin.py:188} INFO - [2024-03-06T22:19:48.407+0000] {dag.py:3834} INFO - Setting next_dagrun for tutorial to 2024-03-05 00:00:00+00:00, run_after=2024-03-06 00:00:00+00:00
[2024-03-06T22:19:48.433+0000] {processor.py:183} INFO - Processing /home/airflow/.local/lib/python3.8/site-packages/airflow/example_dags/tutorial.py took 0.099 seconds
[2024-03-06T22:20:18.624+0000] {processor.py:161} INFO - Started process (PID=343) to work on /home/airflow/.local/lib/python3.8/site-packages/airflow/example_dags/tutorial.py
[2024-03-06T22:20:18.626+0000] {processor.py:830} INFO - Processing file /home/airflow/.local/lib/python3.8/site-packages/airflow/example_dags/tutorial.py for tasks to queue
[2024-03-06T22:20:18.628+0000] {logging_mixin.py:188} INFO - [2024-03-06T22:20:18.628+0000] {dagbag.py:540} INFO - Filling up the DagBag from /home/airflow/.local/lib/python3.8/site-packages/airflow/example_dags/tutorial.py
[2024-03-06T22:20:18.638+0000] {processor.py:840} INFO - DAG(s) 'tutorial' retrieved from /home/airflow/.local/lib/python3.8/site-packages/airflow/example_dags/tutorial.py
[2024-03-06T22:20:18.673+0000] {logging_mixin.py:188} INFO - [2024-03-06T22:20:18.672+0000] {dag.py:3047} INFO - Sync 1 DAGs
[2024-03-06T22:20:18.710+0000] {logging_mixin.py:188} INFO - [2024-03-06T22:20:18.710+0000] {dag.py:3834} INFO - Setting next_dagrun for tutorial to 2024-03-05 00:00:00+00:00, run_after=2024-03-06 00:00:00+00:00
[2024-03-06T22:20:18.742+0000] {processor.py:183} INFO - Processing /home/airflow/.local/lib/python3.8/site-packages/airflow/example_dags/tutorial.py took 0.124 seconds
[2024-03-06T22:20:48.963+0000] {processor.py:161} INFO - Started process (PID=398) to work on /home/airflow/.local/lib/python3.8/site-packages/airflow/example_dags/tutorial.py
[2024-03-06T22:20:48.965+0000] {processor.py:830} INFO - Processing file /home/airflow/.local/lib/python3.8/site-packages/airflow/example_dags/tutorial.py for tasks to queue
[2024-03-06T22:20:48.970+0000] {logging_mixin.py:188} INFO - [2024-03-06T22:20:48.970+0000] {dagbag.py:540} INFO - Filling up the DagBag from /home/airflow/.local/lib/python3.8/site-packages/airflow/example_dags/tutorial.py
[2024-03-06T22:20:48.982+0000] {processor.py:840} INFO - DAG(s) 'tutorial' retrieved from /home/airflow/.local/lib/python3.8/site-packages/airflow/example_dags/tutorial.py
[2024-03-06T22:20:49.015+0000] {logging_mixin.py:188} INFO - [2024-03-06T22:20:49.014+0000] {dag.py:3047} INFO - Sync 1 DAGs
[2024-03-06T22:20:49.043+0000] {logging_mixin.py:188} INFO - [2024-03-06T22:20:49.042+0000] {dag.py:3834} INFO - Setting next_dagrun for tutorial to 2024-03-05 00:00:00+00:00, run_after=2024-03-06 00:00:00+00:00
[2024-03-06T22:20:49.070+0000] {processor.py:183} INFO - Processing /home/airflow/.local/lib/python3.8/site-packages/airflow/example_dags/tutorial.py took 0.112 seconds
[2024-03-06T22:21:19.614+0000] {processor.py:161} INFO - Started process (PID=453) to work on /home/airflow/.local/lib/python3.8/site-packages/airflow/example_dags/tutorial.py
[2024-03-06T22:21:19.615+0000] {processor.py:830} INFO - Processing file /home/airflow/.local/lib/python3.8/site-packages/airflow/example_dags/tutorial.py for tasks to queue
[2024-03-06T22:21:19.620+0000] {logging_mixin.py:188} INFO - [2024-03-06T22:21:19.620+0000] {dagbag.py:540} INFO - Filling up the DagBag from /home/airflow/.local/lib/python3.8/site-packages/airflow/example_dags/tutorial.py
[2024-03-06T22:21:19.632+0000] {processor.py:840} INFO - DAG(s) 'tutorial' retrieved from /home/airflow/.local/lib/python3.8/site-packages/airflow/example_dags/tutorial.py
[2024-03-06T22:21:19.672+0000] {logging_mixin.py:188} INFO - [2024-03-06T22:21:19.671+0000] {dag.py:3047} INFO - Sync 1 DAGs
[2024-03-06T22:21:19.761+0000] {logging_mixin.py:188} INFO - [2024-03-06T22:21:19.761+0000] {dag.py:3834} INFO - Setting next_dagrun for tutorial to 2024-03-05 00:00:00+00:00, run_after=2024-03-06 00:00:00+00:00
[2024-03-06T22:21:19.863+0000] {processor.py:183} INFO - Processing /home/airflow/.local/lib/python3.8/site-packages/airflow/example_dags/tutorial.py took 0.254 seconds
[2024-03-06T22:21:50.429+0000] {processor.py:161} INFO - Started process (PID=508) to work on /home/airflow/.local/lib/python3.8/site-packages/airflow/example_dags/tutorial.py
[2024-03-06T22:21:50.430+0000] {processor.py:830} INFO - Processing file /home/airflow/.local/lib/python3.8/site-packages/airflow/example_dags/tutorial.py for tasks to queue
[2024-03-06T22:21:50.432+0000] {logging_mixin.py:188} INFO - [2024-03-06T22:21:50.432+0000] {dagbag.py:540} INFO - Filling up the DagBag from /home/airflow/.local/lib/python3.8/site-packages/airflow/example_dags/tutorial.py
[2024-03-06T22:21:50.441+0000] {processor.py:840} INFO - DAG(s) 'tutorial' retrieved from /home/airflow/.local/lib/python3.8/site-packages/airflow/example_dags/tutorial.py
[2024-03-06T22:21:50.471+0000] {logging_mixin.py:188} INFO - [2024-03-06T22:21:50.470+0000] {dag.py:3047} INFO - Sync 1 DAGs
[2024-03-06T22:21:50.500+0000] {logging_mixin.py:188} INFO - [2024-03-06T22:21:50.500+0000] {dag.py:3834} INFO - Setting next_dagrun for tutorial to 2024-03-05 00:00:00+00:00, run_after=2024-03-06 00:00:00+00:00
[2024-03-06T22:21:50.530+0000] {processor.py:183} INFO - Processing /home/airflow/.local/lib/python3.8/site-packages/airflow/example_dags/tutorial.py took 0.105 seconds
[2024-03-06T22:22:20.755+0000] {processor.py:161} INFO - Started process (PID=562) to work on /home/airflow/.local/lib/python3.8/site-packages/airflow/example_dags/tutorial.py
[2024-03-06T22:22:20.757+0000] {processor.py:830} INFO - Processing file /home/airflow/.local/lib/python3.8/site-packages/airflow/example_dags/tutorial.py for tasks to queue
[2024-03-06T22:22:20.760+0000] {logging_mixin.py:188} INFO - [2024-03-06T22:22:20.759+0000] {dagbag.py:540} INFO - Filling up the DagBag from /home/airflow/.local/lib/python3.8/site-packages/airflow/example_dags/tutorial.py
[2024-03-06T22:22:20.768+0000] {processor.py:840} INFO - DAG(s) 'tutorial' retrieved from /home/airflow/.local/lib/python3.8/site-packages/airflow/example_dags/tutorial.py
[2024-03-06T22:22:20.797+0000] {logging_mixin.py:188} INFO - [2024-03-06T22:22:20.796+0000] {dag.py:3047} INFO - Sync 1 DAGs
[2024-03-06T22:22:20.825+0000] {logging_mixin.py:188} INFO - [2024-03-06T22:22:20.824+0000] {dag.py:3834} INFO - Setting next_dagrun for tutorial to 2024-03-05 00:00:00+00:00, run_after=2024-03-06 00:00:00+00:00
[2024-03-06T22:22:20.850+0000] {processor.py:183} INFO - Processing /home/airflow/.local/lib/python3.8/site-packages/airflow/example_dags/tutorial.py took 0.100 seconds
[2024-03-06T22:22:51.473+0000] {processor.py:161} INFO - Started process (PID=617) to work on /home/airflow/.local/lib/python3.8/site-packages/airflow/example_dags/tutorial.py
[2024-03-06T22:22:51.476+0000] {processor.py:830} INFO - Processing file /home/airflow/.local/lib/python3.8/site-packages/airflow/example_dags/tutorial.py for tasks to queue
[2024-03-06T22:22:51.481+0000] {logging_mixin.py:188} INFO - [2024-03-06T22:22:51.480+0000] {dagbag.py:540} INFO - Filling up the DagBag from /home/airflow/.local/lib/python3.8/site-packages/airflow/example_dags/tutorial.py
[2024-03-06T22:22:51.490+0000] {processor.py:840} INFO - DAG(s) 'tutorial' retrieved from /home/airflow/.local/lib/python3.8/site-packages/airflow/example_dags/tutorial.py
[2024-03-06T22:22:51.521+0000] {logging_mixin.py:188} INFO - [2024-03-06T22:22:51.521+0000] {dag.py:3047} INFO - Sync 1 DAGs
[2024-03-06T22:22:51.551+0000] {logging_mixin.py:188} INFO - [2024-03-06T22:22:51.551+0000] {dag.py:3834} INFO - Setting next_dagrun for tutorial to 2024-03-05 00:00:00+00:00, run_after=2024-03-06 00:00:00+00:00
[2024-03-06T22:22:51.577+0000] {processor.py:183} INFO - Processing /home/airflow/.local/lib/python3.8/site-packages/airflow/example_dags/tutorial.py took 0.108 seconds
[2024-03-06T22:23:21.853+0000] {processor.py:161} INFO - Started process (PID=672) to work on /home/airflow/.local/lib/python3.8/site-packages/airflow/example_dags/tutorial.py
[2024-03-06T22:23:21.855+0000] {processor.py:830} INFO - Processing file /home/airflow/.local/lib/python3.8/site-packages/airflow/example_dags/tutorial.py for tasks to queue
[2024-03-06T22:23:21.858+0000] {logging_mixin.py:188} INFO - [2024-03-06T22:23:21.858+0000] {dagbag.py:540} INFO - Filling up the DagBag from /home/airflow/.local/lib/python3.8/site-packages/airflow/example_dags/tutorial.py
[2024-03-06T22:23:21.871+0000] {processor.py:840} INFO - DAG(s) 'tutorial' retrieved from /home/airflow/.local/lib/python3.8/site-packages/airflow/example_dags/tutorial.py
[2024-03-06T22:23:21.900+0000] {logging_mixin.py:188} INFO - [2024-03-06T22:23:21.899+0000] {dag.py:3047} INFO - Sync 1 DAGs
[2024-03-06T22:23:21.957+0000] {logging_mixin.py:188} INFO - [2024-03-06T22:23:21.957+0000] {dag.py:3834} INFO - Setting next_dagrun for tutorial to 2024-03-05 00:00:00+00:00, run_after=2024-03-06 00:00:00+00:00
[2024-03-06T22:23:21.996+0000] {processor.py:183} INFO - Processing /home/airflow/.local/lib/python3.8/site-packages/airflow/example_dags/tutorial.py took 0.148 seconds
[2024-03-06T22:23:52.475+0000] {processor.py:161} INFO - Started process (PID=726) to work on /home/airflow/.local/lib/python3.8/site-packages/airflow/example_dags/tutorial.py
[2024-03-06T22:23:52.477+0000] {processor.py:830} INFO - Processing file /home/airflow/.local/lib/python3.8/site-packages/airflow/example_dags/tutorial.py for tasks to queue
[2024-03-06T22:23:52.480+0000] {logging_mixin.py:188} INFO - [2024-03-06T22:23:52.480+0000] {dagbag.py:540} INFO - Filling up the DagBag from /home/airflow/.local/lib/python3.8/site-packages/airflow/example_dags/tutorial.py
[2024-03-06T22:23:52.489+0000] {processor.py:840} INFO - DAG(s) 'tutorial' retrieved from /home/airflow/.local/lib/python3.8/site-packages/airflow/example_dags/tutorial.py
[2024-03-06T22:23:52.528+0000] {logging_mixin.py:188} INFO - [2024-03-06T22:23:52.528+0000] {dag.py:3047} INFO - Sync 1 DAGs
[2024-03-06T22:23:52.624+0000] {logging_mixin.py:188} INFO - [2024-03-06T22:23:52.596+0000] {dag.py:3834} INFO - Setting next_dagrun for tutorial to 2024-03-05 00:00:00+00:00, run_after=2024-03-06 00:00:00+00:00
[2024-03-06T22:23:52.690+0000] {processor.py:183} INFO - Processing /home/airflow/.local/lib/python3.8/site-packages/airflow/example_dags/tutorial.py took 0.221 seconds
[2024-03-06T22:24:23.507+0000] {processor.py:161} INFO - Started process (PID=781) to work on /home/airflow/.local/lib/python3.8/site-packages/airflow/example_dags/tutorial.py
[2024-03-06T22:24:23.509+0000] {processor.py:830} INFO - Processing file /home/airflow/.local/lib/python3.8/site-packages/airflow/example_dags/tutorial.py for tasks to queue
[2024-03-06T22:24:23.512+0000] {logging_mixin.py:188} INFO - [2024-03-06T22:24:23.512+0000] {dagbag.py:540} INFO - Filling up the DagBag from /home/airflow/.local/lib/python3.8/site-packages/airflow/example_dags/tutorial.py
[2024-03-06T22:24:23.521+0000] {processor.py:840} INFO - DAG(s) 'tutorial' retrieved from /home/airflow/.local/lib/python3.8/site-packages/airflow/example_dags/tutorial.py
[2024-03-06T22:24:23.559+0000] {logging_mixin.py:188} INFO - [2024-03-06T22:24:23.559+0000] {dag.py:3047} INFO - Sync 1 DAGs
[2024-03-06T22:24:23.592+0000] {logging_mixin.py:188} INFO - [2024-03-06T22:24:23.592+0000] {dag.py:3834} INFO - Setting next_dagrun for tutorial to 2024-03-05 00:00:00+00:00, run_after=2024-03-06 00:00:00+00:00
[2024-03-06T22:24:23.623+0000] {processor.py:183} INFO - Processing /home/airflow/.local/lib/python3.8/site-packages/airflow/example_dags/tutorial.py took 0.120 seconds
[2024-03-06T22:24:53.720+0000] {processor.py:161} INFO - Started process (PID=836) to work on /home/airflow/.local/lib/python3.8/site-packages/airflow/example_dags/tutorial.py
[2024-03-06T22:24:53.722+0000] {processor.py:830} INFO - Processing file /home/airflow/.local/lib/python3.8/site-packages/airflow/example_dags/tutorial.py for tasks to queue
[2024-03-06T22:24:53.725+0000] {logging_mixin.py:188} INFO - [2024-03-06T22:24:53.725+0000] {dagbag.py:540} INFO - Filling up the DagBag from /home/airflow/.local/lib/python3.8/site-packages/airflow/example_dags/tutorial.py
[2024-03-06T22:24:53.735+0000] {processor.py:840} INFO - DAG(s) 'tutorial' retrieved from /home/airflow/.local/lib/python3.8/site-packages/airflow/example_dags/tutorial.py
[2024-03-06T22:24:53.764+0000] {logging_mixin.py:188} INFO - [2024-03-06T22:24:53.764+0000] {dag.py:3047} INFO - Sync 1 DAGs
[2024-03-06T22:24:53.802+0000] {logging_mixin.py:188} INFO - [2024-03-06T22:24:53.801+0000] {dag.py:3834} INFO - Setting next_dagrun for tutorial to 2024-03-05 00:00:00+00:00, run_after=2024-03-06 00:00:00+00:00
[2024-03-06T22:24:53.829+0000] {processor.py:183} INFO - Processing /home/airflow/.local/lib/python3.8/site-packages/airflow/example_dags/tutorial.py took 0.114 seconds
[2024-03-06T22:25:23.967+0000] {processor.py:161} INFO - Started process (PID=891) to work on /home/airflow/.local/lib/python3.8/site-packages/airflow/example_dags/tutorial.py
[2024-03-06T22:25:23.972+0000] {processor.py:830} INFO - Processing file /home/airflow/.local/lib/python3.8/site-packages/airflow/example_dags/tutorial.py for tasks to queue
[2024-03-06T22:25:23.975+0000] {logging_mixin.py:188} INFO - [2024-03-06T22:25:23.974+0000] {dagbag.py:540} INFO - Filling up the DagBag from /home/airflow/.local/lib/python3.8/site-packages/airflow/example_dags/tutorial.py
[2024-03-06T22:25:23.983+0000] {processor.py:840} INFO - DAG(s) 'tutorial' retrieved from /home/airflow/.local/lib/python3.8/site-packages/airflow/example_dags/tutorial.py
[2024-03-06T22:25:24.017+0000] {logging_mixin.py:188} INFO - [2024-03-06T22:25:24.017+0000] {dag.py:3047} INFO - Sync 1 DAGs
[2024-03-06T22:25:24.047+0000] {logging_mixin.py:188} INFO - [2024-03-06T22:25:24.047+0000] {dag.py:3834} INFO - Setting next_dagrun for tutorial to 2024-03-05 00:00:00+00:00, run_after=2024-03-06 00:00:00+00:00
[2024-03-06T22:25:24.076+0000] {processor.py:183} INFO - Processing /home/airflow/.local/lib/python3.8/site-packages/airflow/example_dags/tutorial.py took 0.114 seconds
[2024-03-06T22:25:54.303+0000] {processor.py:161} INFO - Started process (PID=945) to work on /home/airflow/.local/lib/python3.8/site-packages/airflow/example_dags/tutorial.py
[2024-03-06T22:25:54.305+0000] {processor.py:830} INFO - Processing file /home/airflow/.local/lib/python3.8/site-packages/airflow/example_dags/tutorial.py for tasks to queue
[2024-03-06T22:25:54.311+0000] {logging_mixin.py:188} INFO - [2024-03-06T22:25:54.311+0000] {dagbag.py:540} INFO - Filling up the DagBag from /home/airflow/.local/lib/python3.8/site-packages/airflow/example_dags/tutorial.py
[2024-03-06T22:25:54.322+0000] {processor.py:840} INFO - DAG(s) 'tutorial' retrieved from /home/airflow/.local/lib/python3.8/site-packages/airflow/example_dags/tutorial.py
[2024-03-06T22:25:54.348+0000] {logging_mixin.py:188} INFO - [2024-03-06T22:25:54.348+0000] {dag.py:3047} INFO - Sync 1 DAGs
[2024-03-06T22:25:54.382+0000] {logging_mixin.py:188} INFO - [2024-03-06T22:25:54.381+0000] {dag.py:3834} INFO - Setting next_dagrun for tutorial to 2024-03-05 00:00:00+00:00, run_after=2024-03-06 00:00:00+00:00
[2024-03-06T22:25:54.408+0000] {processor.py:183} INFO - Processing /home/airflow/.local/lib/python3.8/site-packages/airflow/example_dags/tutorial.py took 0.110 seconds
[2024-03-06T22:26:24.771+0000] {processor.py:161} INFO - Started process (PID=1000) to work on /home/airflow/.local/lib/python3.8/site-packages/airflow/example_dags/tutorial.py
[2024-03-06T22:26:24.776+0000] {processor.py:830} INFO - Processing file /home/airflow/.local/lib/python3.8/site-packages/airflow/example_dags/tutorial.py for tasks to queue
[2024-03-06T22:26:24.780+0000] {logging_mixin.py:188} INFO - [2024-03-06T22:26:24.779+0000] {dagbag.py:540} INFO - Filling up the DagBag from /home/airflow/.local/lib/python3.8/site-packages/airflow/example_dags/tutorial.py
[2024-03-06T22:26:24.790+0000] {processor.py:840} INFO - DAG(s) 'tutorial' retrieved from /home/airflow/.local/lib/python3.8/site-packages/airflow/example_dags/tutorial.py
[2024-03-06T22:26:24.821+0000] {logging_mixin.py:188} INFO - [2024-03-06T22:26:24.821+0000] {dag.py:3047} INFO - Sync 1 DAGs
[2024-03-06T22:26:24.864+0000] {logging_mixin.py:188} INFO - [2024-03-06T22:26:24.863+0000] {dag.py:3834} INFO - Setting next_dagrun for tutorial to 2024-03-05 00:00:00+00:00, run_after=2024-03-06 00:00:00+00:00
[2024-03-06T22:26:24.902+0000] {processor.py:183} INFO - Processing /home/airflow/.local/lib/python3.8/site-packages/airflow/example_dags/tutorial.py took 0.136 seconds
[2024-03-06T22:26:55.220+0000] {processor.py:161} INFO - Started process (PID=1055) to work on /home/airflow/.local/lib/python3.8/site-packages/airflow/example_dags/tutorial.py
[2024-03-06T22:26:55.221+0000] {processor.py:830} INFO - Processing file /home/airflow/.local/lib/python3.8/site-packages/airflow/example_dags/tutorial.py for tasks to queue
[2024-03-06T22:26:55.224+0000] {logging_mixin.py:188} INFO - [2024-03-06T22:26:55.224+0000] {dagbag.py:540} INFO - Filling up the DagBag from /home/airflow/.local/lib/python3.8/site-packages/airflow/example_dags/tutorial.py
[2024-03-06T22:26:55.232+0000] {processor.py:840} INFO - DAG(s) 'tutorial' retrieved from /home/airflow/.local/lib/python3.8/site-packages/airflow/example_dags/tutorial.py
[2024-03-06T22:26:55.258+0000] {logging_mixin.py:188} INFO - [2024-03-06T22:26:55.257+0000] {dag.py:3047} INFO - Sync 1 DAGs
[2024-03-06T22:26:55.286+0000] {logging_mixin.py:188} INFO - [2024-03-06T22:26:55.285+0000] {dag.py:3834} INFO - Setting next_dagrun for tutorial to 2024-03-05 00:00:00+00:00, run_after=2024-03-06 00:00:00+00:00
[2024-03-06T22:26:55.310+0000] {processor.py:183} INFO - Processing /home/airflow/.local/lib/python3.8/site-packages/airflow/example_dags/tutorial.py took 0.095 seconds
[2024-03-06T22:27:25.590+0000] {processor.py:161} INFO - Started process (PID=1110) to work on /home/airflow/.local/lib/python3.8/site-packages/airflow/example_dags/tutorial.py
[2024-03-06T22:27:25.591+0000] {processor.py:830} INFO - Processing file /home/airflow/.local/lib/python3.8/site-packages/airflow/example_dags/tutorial.py for tasks to queue
[2024-03-06T22:27:25.593+0000] {logging_mixin.py:188} INFO - [2024-03-06T22:27:25.593+0000] {dagbag.py:540} INFO - Filling up the DagBag from /home/airflow/.local/lib/python3.8/site-packages/airflow/example_dags/tutorial.py
[2024-03-06T22:27:25.602+0000] {processor.py:840} INFO - DAG(s) 'tutorial' retrieved from /home/airflow/.local/lib/python3.8/site-packages/airflow/example_dags/tutorial.py
[2024-03-06T22:27:25.630+0000] {logging_mixin.py:188} INFO - [2024-03-06T22:27:25.629+0000] {dag.py:3047} INFO - Sync 1 DAGs
[2024-03-06T22:27:25.663+0000] {logging_mixin.py:188} INFO - [2024-03-06T22:27:25.663+0000] {dag.py:3834} INFO - Setting next_dagrun for tutorial to 2024-03-05 00:00:00+00:00, run_after=2024-03-06 00:00:00+00:00
[2024-03-06T22:27:25.692+0000] {processor.py:183} INFO - Processing /home/airflow/.local/lib/python3.8/site-packages/airflow/example_dags/tutorial.py took 0.108 seconds
[2024-03-06T22:27:55.850+0000] {processor.py:161} INFO - Started process (PID=1165) to work on /home/airflow/.local/lib/python3.8/site-packages/airflow/example_dags/tutorial.py
[2024-03-06T22:27:55.852+0000] {processor.py:830} INFO - Processing file /home/airflow/.local/lib/python3.8/site-packages/airflow/example_dags/tutorial.py for tasks to queue
[2024-03-06T22:27:55.854+0000] {logging_mixin.py:188} INFO - [2024-03-06T22:27:55.854+0000] {dagbag.py:540} INFO - Filling up the DagBag from /home/airflow/.local/lib/python3.8/site-packages/airflow/example_dags/tutorial.py
[2024-03-06T22:27:55.862+0000] {processor.py:840} INFO - DAG(s) 'tutorial' retrieved from /home/airflow/.local/lib/python3.8/site-packages/airflow/example_dags/tutorial.py
[2024-03-06T22:27:55.892+0000] {logging_mixin.py:188} INFO - [2024-03-06T22:27:55.892+0000] {dag.py:3047} INFO - Sync 1 DAGs
[2024-03-06T22:27:55.921+0000] {logging_mixin.py:188} INFO - [2024-03-06T22:27:55.921+0000] {dag.py:3834} INFO - Setting next_dagrun for tutorial to 2024-03-05 00:00:00+00:00, run_after=2024-03-06 00:00:00+00:00
[2024-03-06T22:27:55.945+0000] {processor.py:183} INFO - Processing /home/airflow/.local/lib/python3.8/site-packages/airflow/example_dags/tutorial.py took 0.099 seconds
[2024-03-06T22:28:25.978+0000] {processor.py:161} INFO - Started process (PID=1220) to work on /home/airflow/.local/lib/python3.8/site-packages/airflow/example_dags/tutorial.py
[2024-03-06T22:28:25.980+0000] {processor.py:830} INFO - Processing file /home/airflow/.local/lib/python3.8/site-packages/airflow/example_dags/tutorial.py for tasks to queue
[2024-03-06T22:28:25.983+0000] {logging_mixin.py:188} INFO - [2024-03-06T22:28:25.982+0000] {dagbag.py:540} INFO - Filling up the DagBag from /home/airflow/.local/lib/python3.8/site-packages/airflow/example_dags/tutorial.py
[2024-03-06T22:28:25.991+0000] {processor.py:840} INFO - DAG(s) 'tutorial' retrieved from /home/airflow/.local/lib/python3.8/site-packages/airflow/example_dags/tutorial.py
[2024-03-06T22:28:26.023+0000] {logging_mixin.py:188} INFO - [2024-03-06T22:28:26.022+0000] {dag.py:3047} INFO - Sync 1 DAGs
[2024-03-06T22:28:26.054+0000] {logging_mixin.py:188} INFO - [2024-03-06T22:28:26.054+0000] {dag.py:3834} INFO - Setting next_dagrun for tutorial to 2024-03-05 00:00:00+00:00, run_after=2024-03-06 00:00:00+00:00
[2024-03-06T22:28:26.080+0000] {processor.py:183} INFO - Processing /home/airflow/.local/lib/python3.8/site-packages/airflow/example_dags/tutorial.py took 0.107 seconds
[2024-03-06T22:28:56.263+0000] {processor.py:161} INFO - Started process (PID=1275) to work on /home/airflow/.local/lib/python3.8/site-packages/airflow/example_dags/tutorial.py
[2024-03-06T22:28:56.264+0000] {processor.py:830} INFO - Processing file /home/airflow/.local/lib/python3.8/site-packages/airflow/example_dags/tutorial.py for tasks to queue
[2024-03-06T22:28:56.268+0000] {logging_mixin.py:188} INFO - [2024-03-06T22:28:56.268+0000] {dagbag.py:540} INFO - Filling up the DagBag from /home/airflow/.local/lib/python3.8/site-packages/airflow/example_dags/tutorial.py
[2024-03-06T22:28:56.276+0000] {processor.py:840} INFO - DAG(s) 'tutorial' retrieved from /home/airflow/.local/lib/python3.8/site-packages/airflow/example_dags/tutorial.py
[2024-03-06T22:28:56.302+0000] {logging_mixin.py:188} INFO - [2024-03-06T22:28:56.302+0000] {dag.py:3047} INFO - Sync 1 DAGs
[2024-03-06T22:28:56.332+0000] {logging_mixin.py:188} INFO - [2024-03-06T22:28:56.332+0000] {dag.py:3834} INFO - Setting next_dagrun for tutorial to 2024-03-05 00:00:00+00:00, run_after=2024-03-06 00:00:00+00:00
[2024-03-06T22:28:56.359+0000] {processor.py:183} INFO - Processing /home/airflow/.local/lib/python3.8/site-packages/airflow/example_dags/tutorial.py took 0.101 seconds
[2024-03-06T22:29:27.344+0000] {processor.py:161} INFO - Started process (PID=1330) to work on /home/airflow/.local/lib/python3.8/site-packages/airflow/example_dags/tutorial.py
[2024-03-06T22:29:27.345+0000] {processor.py:830} INFO - Processing file /home/airflow/.local/lib/python3.8/site-packages/airflow/example_dags/tutorial.py for tasks to queue
[2024-03-06T22:29:27.348+0000] {logging_mixin.py:188} INFO - [2024-03-06T22:29:27.347+0000] {dagbag.py:540} INFO - Filling up the DagBag from /home/airflow/.local/lib/python3.8/site-packages/airflow/example_dags/tutorial.py
[2024-03-06T22:29:27.356+0000] {processor.py:840} INFO - DAG(s) 'tutorial' retrieved from /home/airflow/.local/lib/python3.8/site-packages/airflow/example_dags/tutorial.py
[2024-03-06T22:29:27.387+0000] {logging_mixin.py:188} INFO - [2024-03-06T22:29:27.387+0000] {dag.py:3047} INFO - Sync 1 DAGs
[2024-03-06T22:29:27.417+0000] {logging_mixin.py:188} INFO - [2024-03-06T22:29:27.417+0000] {dag.py:3834} INFO - Setting next_dagrun for tutorial to 2024-03-05 00:00:00+00:00, run_after=2024-03-06 00:00:00+00:00
[2024-03-06T22:29:27.446+0000] {processor.py:183} INFO - Processing /home/airflow/.local/lib/python3.8/site-packages/airflow/example_dags/tutorial.py took 0.108 seconds
[2024-03-06T22:29:57.903+0000] {processor.py:161} INFO - Started process (PID=1385) to work on /home/airflow/.local/lib/python3.8/site-packages/airflow/example_dags/tutorial.py
[2024-03-06T22:29:57.905+0000] {processor.py:830} INFO - Processing file /home/airflow/.local/lib/python3.8/site-packages/airflow/example_dags/tutorial.py for tasks to queue
[2024-03-06T22:29:57.914+0000] {logging_mixin.py:188} INFO - [2024-03-06T22:29:57.913+0000] {dagbag.py:540} INFO - Filling up the DagBag from /home/airflow/.local/lib/python3.8/site-packages/airflow/example_dags/tutorial.py
[2024-03-06T22:29:57.923+0000] {processor.py:840} INFO - DAG(s) 'tutorial' retrieved from /home/airflow/.local/lib/python3.8/site-packages/airflow/example_dags/tutorial.py
[2024-03-06T22:29:57.956+0000] {logging_mixin.py:188} INFO - [2024-03-06T22:29:57.956+0000] {dag.py:3047} INFO - Sync 1 DAGs
[2024-03-06T22:29:57.998+0000] {logging_mixin.py:188} INFO - [2024-03-06T22:29:57.998+0000] {dag.py:3834} INFO - Setting next_dagrun for tutorial to 2024-03-05 00:00:00+00:00, run_after=2024-03-06 00:00:00+00:00
[2024-03-06T22:29:58.053+0000] {processor.py:183} INFO - Processing /home/airflow/.local/lib/python3.8/site-packages/airflow/example_dags/tutorial.py took 0.155 seconds
[2024-03-06T22:30:28.860+0000] {processor.py:161} INFO - Started process (PID=1439) to work on /home/airflow/.local/lib/python3.8/site-packages/airflow/example_dags/tutorial.py
[2024-03-06T22:30:28.861+0000] {processor.py:830} INFO - Processing file /home/airflow/.local/lib/python3.8/site-packages/airflow/example_dags/tutorial.py for tasks to queue
[2024-03-06T22:30:28.864+0000] {logging_mixin.py:188} INFO - [2024-03-06T22:30:28.864+0000] {dagbag.py:540} INFO - Filling up the DagBag from /home/airflow/.local/lib/python3.8/site-packages/airflow/example_dags/tutorial.py
[2024-03-06T22:30:28.874+0000] {processor.py:840} INFO - DAG(s) 'tutorial' retrieved from /home/airflow/.local/lib/python3.8/site-packages/airflow/example_dags/tutorial.py
[2024-03-06T22:30:28.904+0000] {logging_mixin.py:188} INFO - [2024-03-06T22:30:28.904+0000] {dag.py:3047} INFO - Sync 1 DAGs
[2024-03-06T22:30:28.937+0000] {logging_mixin.py:188} INFO - [2024-03-06T22:30:28.937+0000] {dag.py:3834} INFO - Setting next_dagrun for tutorial to 2024-03-05 00:00:00+00:00, run_after=2024-03-06 00:00:00+00:00
[2024-03-06T22:30:28.964+0000] {processor.py:183} INFO - Processing /home/airflow/.local/lib/python3.8/site-packages/airflow/example_dags/tutorial.py took 0.109 seconds
[2024-03-06T22:30:59.439+0000] {processor.py:161} INFO - Started process (PID=1494) to work on /home/airflow/.local/lib/python3.8/site-packages/airflow/example_dags/tutorial.py
[2024-03-06T22:30:59.441+0000] {processor.py:830} INFO - Processing file /home/airflow/.local/lib/python3.8/site-packages/airflow/example_dags/tutorial.py for tasks to queue
[2024-03-06T22:30:59.444+0000] {logging_mixin.py:188} INFO - [2024-03-06T22:30:59.443+0000] {dagbag.py:540} INFO - Filling up the DagBag from /home/airflow/.local/lib/python3.8/site-packages/airflow/example_dags/tutorial.py
[2024-03-06T22:30:59.453+0000] {processor.py:840} INFO - DAG(s) 'tutorial' retrieved from /home/airflow/.local/lib/python3.8/site-packages/airflow/example_dags/tutorial.py
[2024-03-06T22:30:59.487+0000] {logging_mixin.py:188} INFO - [2024-03-06T22:30:59.487+0000] {dag.py:3047} INFO - Sync 1 DAGs
[2024-03-06T22:30:59.525+0000] {logging_mixin.py:188} INFO - [2024-03-06T22:30:59.524+0000] {dag.py:3834} INFO - Setting next_dagrun for tutorial to 2024-03-05 00:00:00+00:00, run_after=2024-03-06 00:00:00+00:00
[2024-03-06T22:30:59.558+0000] {processor.py:183} INFO - Processing /home/airflow/.local/lib/python3.8/site-packages/airflow/example_dags/tutorial.py took 0.124 seconds
[2024-03-06T22:31:30.295+0000] {processor.py:161} INFO - Started process (PID=1549) to work on /home/airflow/.local/lib/python3.8/site-packages/airflow/example_dags/tutorial.py
[2024-03-06T22:31:30.298+0000] {processor.py:830} INFO - Processing file /home/airflow/.local/lib/python3.8/site-packages/airflow/example_dags/tutorial.py for tasks to queue
[2024-03-06T22:31:30.304+0000] {logging_mixin.py:188} INFO - [2024-03-06T22:31:30.303+0000] {dagbag.py:540} INFO - Filling up the DagBag from /home/airflow/.local/lib/python3.8/site-packages/airflow/example_dags/tutorial.py
[2024-03-06T22:31:30.317+0000] {processor.py:840} INFO - DAG(s) 'tutorial' retrieved from /home/airflow/.local/lib/python3.8/site-packages/airflow/example_dags/tutorial.py
[2024-03-06T22:31:30.404+0000] {logging_mixin.py:188} INFO - [2024-03-06T22:31:30.403+0000] {dag.py:3047} INFO - Sync 1 DAGs
[2024-03-06T22:31:30.456+0000] {logging_mixin.py:188} INFO - [2024-03-06T22:31:30.456+0000] {dag.py:3834} INFO - Setting next_dagrun for tutorial to 2024-03-05 00:00:00+00:00, run_after=2024-03-06 00:00:00+00:00
[2024-03-06T22:31:30.487+0000] {processor.py:183} INFO - Processing /home/airflow/.local/lib/python3.8/site-packages/airflow/example_dags/tutorial.py took 0.199 seconds
[2024-03-06T22:32:00.620+0000] {processor.py:161} INFO - Started process (PID=1609) to work on /home/airflow/.local/lib/python3.8/site-packages/airflow/example_dags/tutorial.py
[2024-03-06T22:32:00.623+0000] {processor.py:830} INFO - Processing file /home/airflow/.local/lib/python3.8/site-packages/airflow/example_dags/tutorial.py for tasks to queue
[2024-03-06T22:32:00.626+0000] {logging_mixin.py:188} INFO - [2024-03-06T22:32:00.625+0000] {dagbag.py:540} INFO - Filling up the DagBag from /home/airflow/.local/lib/python3.8/site-packages/airflow/example_dags/tutorial.py
[2024-03-06T22:32:00.637+0000] {processor.py:840} INFO - DAG(s) 'tutorial' retrieved from /home/airflow/.local/lib/python3.8/site-packages/airflow/example_dags/tutorial.py
[2024-03-06T22:32:00.666+0000] {logging_mixin.py:188} INFO - [2024-03-06T22:32:00.665+0000] {dag.py:3047} INFO - Sync 1 DAGs
[2024-03-06T22:32:00.710+0000] {logging_mixin.py:188} INFO - [2024-03-06T22:32:00.710+0000] {dag.py:3834} INFO - Setting next_dagrun for tutorial to 2024-03-05 00:00:00+00:00, run_after=2024-03-06 00:00:00+00:00
[2024-03-06T22:32:00.740+0000] {processor.py:183} INFO - Processing /home/airflow/.local/lib/python3.8/site-packages/airflow/example_dags/tutorial.py took 0.125 seconds
[2024-03-06T22:32:30.923+0000] {processor.py:161} INFO - Started process (PID=1664) to work on /home/airflow/.local/lib/python3.8/site-packages/airflow/example_dags/tutorial.py
[2024-03-06T22:32:30.924+0000] {processor.py:830} INFO - Processing file /home/airflow/.local/lib/python3.8/site-packages/airflow/example_dags/tutorial.py for tasks to queue
[2024-03-06T22:32:30.927+0000] {logging_mixin.py:188} INFO - [2024-03-06T22:32:30.927+0000] {dagbag.py:540} INFO - Filling up the DagBag from /home/airflow/.local/lib/python3.8/site-packages/airflow/example_dags/tutorial.py
[2024-03-06T22:32:30.939+0000] {processor.py:840} INFO - DAG(s) 'tutorial' retrieved from /home/airflow/.local/lib/python3.8/site-packages/airflow/example_dags/tutorial.py
[2024-03-06T22:32:30.973+0000] {logging_mixin.py:188} INFO - [2024-03-06T22:32:30.973+0000] {dag.py:3047} INFO - Sync 1 DAGs
[2024-03-06T22:32:31.023+0000] {logging_mixin.py:188} INFO - [2024-03-06T22:32:31.021+0000] {dag.py:3834} INFO - Setting next_dagrun for tutorial to 2024-03-05 00:00:00+00:00, run_after=2024-03-06 00:00:00+00:00
[2024-03-06T22:32:31.055+0000] {processor.py:183} INFO - Processing /home/airflow/.local/lib/python3.8/site-packages/airflow/example_dags/tutorial.py took 0.139 seconds
[2024-03-06T22:33:01.306+0000] {processor.py:161} INFO - Started process (PID=1719) to work on /home/airflow/.local/lib/python3.8/site-packages/airflow/example_dags/tutorial.py
[2024-03-06T22:33:01.308+0000] {processor.py:830} INFO - Processing file /home/airflow/.local/lib/python3.8/site-packages/airflow/example_dags/tutorial.py for tasks to queue
[2024-03-06T22:33:01.311+0000] {logging_mixin.py:188} INFO - [2024-03-06T22:33:01.311+0000] {dagbag.py:540} INFO - Filling up the DagBag from /home/airflow/.local/lib/python3.8/site-packages/airflow/example_dags/tutorial.py
[2024-03-06T22:33:01.321+0000] {processor.py:840} INFO - DAG(s) 'tutorial' retrieved from /home/airflow/.local/lib/python3.8/site-packages/airflow/example_dags/tutorial.py
[2024-03-06T22:33:01.353+0000] {logging_mixin.py:188} INFO - [2024-03-06T22:33:01.353+0000] {dag.py:3047} INFO - Sync 1 DAGs
[2024-03-06T22:33:01.393+0000] {logging_mixin.py:188} INFO - [2024-03-06T22:33:01.393+0000] {dag.py:3834} INFO - Setting next_dagrun for tutorial to 2024-03-05 00:00:00+00:00, run_after=2024-03-06 00:00:00+00:00
[2024-03-06T22:33:01.423+0000] {processor.py:183} INFO - Processing /home/airflow/.local/lib/python3.8/site-packages/airflow/example_dags/tutorial.py took 0.121 seconds
[2024-03-06T22:33:32.019+0000] {processor.py:161} INFO - Started process (PID=1774) to work on /home/airflow/.local/lib/python3.8/site-packages/airflow/example_dags/tutorial.py
[2024-03-06T22:33:32.022+0000] {processor.py:830} INFO - Processing file /home/airflow/.local/lib/python3.8/site-packages/airflow/example_dags/tutorial.py for tasks to queue
[2024-03-06T22:33:32.025+0000] {logging_mixin.py:188} INFO - [2024-03-06T22:33:32.025+0000] {dagbag.py:540} INFO - Filling up the DagBag from /home/airflow/.local/lib/python3.8/site-packages/airflow/example_dags/tutorial.py
[2024-03-06T22:33:32.034+0000] {processor.py:840} INFO - DAG(s) 'tutorial' retrieved from /home/airflow/.local/lib/python3.8/site-packages/airflow/example_dags/tutorial.py
[2024-03-06T22:33:32.062+0000] {logging_mixin.py:188} INFO - [2024-03-06T22:33:32.062+0000] {dag.py:3047} INFO - Sync 1 DAGs
[2024-03-06T22:33:32.094+0000] {logging_mixin.py:188} INFO - [2024-03-06T22:33:32.093+0000] {dag.py:3834} INFO - Setting next_dagrun for tutorial to 2024-03-05 00:00:00+00:00, run_after=2024-03-06 00:00:00+00:00
[2024-03-06T22:33:32.125+0000] {processor.py:183} INFO - Processing /home/airflow/.local/lib/python3.8/site-packages/airflow/example_dags/tutorial.py took 0.112 seconds
[2024-03-06T22:34:02.323+0000] {processor.py:161} INFO - Started process (PID=1829) to work on /home/airflow/.local/lib/python3.8/site-packages/airflow/example_dags/tutorial.py
[2024-03-06T22:34:02.325+0000] {processor.py:830} INFO - Processing file /home/airflow/.local/lib/python3.8/site-packages/airflow/example_dags/tutorial.py for tasks to queue
[2024-03-06T22:34:02.329+0000] {logging_mixin.py:188} INFO - [2024-03-06T22:34:02.329+0000] {dagbag.py:540} INFO - Filling up the DagBag from /home/airflow/.local/lib/python3.8/site-packages/airflow/example_dags/tutorial.py
[2024-03-06T22:34:02.338+0000] {processor.py:840} INFO - DAG(s) 'tutorial' retrieved from /home/airflow/.local/lib/python3.8/site-packages/airflow/example_dags/tutorial.py
[2024-03-06T22:34:02.365+0000] {logging_mixin.py:188} INFO - [2024-03-06T22:34:02.365+0000] {dag.py:3047} INFO - Sync 1 DAGs
[2024-03-06T22:34:02.400+0000] {logging_mixin.py:188} INFO - [2024-03-06T22:34:02.400+0000] {dag.py:3834} INFO - Setting next_dagrun for tutorial to 2024-03-05 00:00:00+00:00, run_after=2024-03-06 00:00:00+00:00
[2024-03-06T22:34:02.439+0000] {processor.py:183} INFO - Processing /home/airflow/.local/lib/python3.8/site-packages/airflow/example_dags/tutorial.py took 0.121 seconds
[2024-03-06T22:34:32.657+0000] {processor.py:161} INFO - Started process (PID=1884) to work on /home/airflow/.local/lib/python3.8/site-packages/airflow/example_dags/tutorial.py
[2024-03-06T22:34:32.659+0000] {processor.py:830} INFO - Processing file /home/airflow/.local/lib/python3.8/site-packages/airflow/example_dags/tutorial.py for tasks to queue
[2024-03-06T22:34:32.663+0000] {logging_mixin.py:188} INFO - [2024-03-06T22:34:32.662+0000] {dagbag.py:540} INFO - Filling up the DagBag from /home/airflow/.local/lib/python3.8/site-packages/airflow/example_dags/tutorial.py
[2024-03-06T22:34:32.674+0000] {processor.py:840} INFO - DAG(s) 'tutorial' retrieved from /home/airflow/.local/lib/python3.8/site-packages/airflow/example_dags/tutorial.py
[2024-03-06T22:34:32.702+0000] {logging_mixin.py:188} INFO - [2024-03-06T22:34:32.702+0000] {dag.py:3047} INFO - Sync 1 DAGs
[2024-03-06T22:34:32.742+0000] {logging_mixin.py:188} INFO - [2024-03-06T22:34:32.742+0000] {dag.py:3834} INFO - Setting next_dagrun for tutorial to 2024-03-05 00:00:00+00:00, run_after=2024-03-06 00:00:00+00:00
[2024-03-06T22:34:32.770+0000] {processor.py:183} INFO - Processing /home/airflow/.local/lib/python3.8/site-packages/airflow/example_dags/tutorial.py took 0.119 seconds
[2024-03-06T22:35:03.298+0000] {processor.py:161} INFO - Started process (PID=1939) to work on /home/airflow/.local/lib/python3.8/site-packages/airflow/example_dags/tutorial.py
[2024-03-06T22:35:03.299+0000] {processor.py:830} INFO - Processing file /home/airflow/.local/lib/python3.8/site-packages/airflow/example_dags/tutorial.py for tasks to queue
[2024-03-06T22:35:03.302+0000] {logging_mixin.py:188} INFO - [2024-03-06T22:35:03.301+0000] {dagbag.py:540} INFO - Filling up the DagBag from /home/airflow/.local/lib/python3.8/site-packages/airflow/example_dags/tutorial.py
[2024-03-06T22:35:03.311+0000] {processor.py:840} INFO - DAG(s) 'tutorial' retrieved from /home/airflow/.local/lib/python3.8/site-packages/airflow/example_dags/tutorial.py
[2024-03-06T22:35:03.343+0000] {logging_mixin.py:188} INFO - [2024-03-06T22:35:03.343+0000] {dag.py:3047} INFO - Sync 1 DAGs
[2024-03-06T22:35:03.384+0000] {logging_mixin.py:188} INFO - [2024-03-06T22:35:03.384+0000] {dag.py:3834} INFO - Setting next_dagrun for tutorial to 2024-03-05 00:00:00+00:00, run_after=2024-03-06 00:00:00+00:00
[2024-03-06T22:35:03.414+0000] {processor.py:183} INFO - Processing /home/airflow/.local/lib/python3.8/site-packages/airflow/example_dags/tutorial.py took 0.122 seconds
[2024-03-06T22:35:33.479+0000] {processor.py:161} INFO - Started process (PID=1994) to work on /home/airflow/.local/lib/python3.8/site-packages/airflow/example_dags/tutorial.py
[2024-03-06T22:35:33.480+0000] {processor.py:830} INFO - Processing file /home/airflow/.local/lib/python3.8/site-packages/airflow/example_dags/tutorial.py for tasks to queue
[2024-03-06T22:35:33.483+0000] {logging_mixin.py:188} INFO - [2024-03-06T22:35:33.483+0000] {dagbag.py:540} INFO - Filling up the DagBag from /home/airflow/.local/lib/python3.8/site-packages/airflow/example_dags/tutorial.py
[2024-03-06T22:35:33.495+0000] {processor.py:840} INFO - DAG(s) 'tutorial' retrieved from /home/airflow/.local/lib/python3.8/site-packages/airflow/example_dags/tutorial.py
[2024-03-06T22:35:33.531+0000] {logging_mixin.py:188} INFO - [2024-03-06T22:35:33.531+0000] {dag.py:3047} INFO - Sync 1 DAGs
[2024-03-06T22:35:33.573+0000] {logging_mixin.py:188} INFO - [2024-03-06T22:35:33.573+0000] {dag.py:3834} INFO - Setting next_dagrun for tutorial to 2024-03-05 00:00:00+00:00, run_after=2024-03-06 00:00:00+00:00
[2024-03-06T22:35:33.608+0000] {processor.py:183} INFO - Processing /home/airflow/.local/lib/python3.8/site-packages/airflow/example_dags/tutorial.py took 0.134 seconds
[2024-03-06T22:36:03.683+0000] {processor.py:161} INFO - Started process (PID=2049) to work on /home/airflow/.local/lib/python3.8/site-packages/airflow/example_dags/tutorial.py
[2024-03-06T22:36:03.685+0000] {processor.py:830} INFO - Processing file /home/airflow/.local/lib/python3.8/site-packages/airflow/example_dags/tutorial.py for tasks to queue
[2024-03-06T22:36:03.687+0000] {logging_mixin.py:188} INFO - [2024-03-06T22:36:03.687+0000] {dagbag.py:540} INFO - Filling up the DagBag from /home/airflow/.local/lib/python3.8/site-packages/airflow/example_dags/tutorial.py
[2024-03-06T22:36:03.695+0000] {processor.py:840} INFO - DAG(s) 'tutorial' retrieved from /home/airflow/.local/lib/python3.8/site-packages/airflow/example_dags/tutorial.py
[2024-03-06T22:36:03.728+0000] {logging_mixin.py:188} INFO - [2024-03-06T22:36:03.728+0000] {dag.py:3047} INFO - Sync 1 DAGs
[2024-03-06T22:36:03.760+0000] {logging_mixin.py:188} INFO - [2024-03-06T22:36:03.760+0000] {dag.py:3834} INFO - Setting next_dagrun for tutorial to 2024-03-05 00:00:00+00:00, run_after=2024-03-06 00:00:00+00:00
[2024-03-06T22:36:03.791+0000] {processor.py:183} INFO - Processing /home/airflow/.local/lib/python3.8/site-packages/airflow/example_dags/tutorial.py took 0.112 seconds
[2024-03-06T22:36:33.994+0000] {processor.py:161} INFO - Started process (PID=2104) to work on /home/airflow/.local/lib/python3.8/site-packages/airflow/example_dags/tutorial.py
[2024-03-06T22:36:33.996+0000] {processor.py:830} INFO - Processing file /home/airflow/.local/lib/python3.8/site-packages/airflow/example_dags/tutorial.py for tasks to queue
[2024-03-06T22:36:33.999+0000] {logging_mixin.py:188} INFO - [2024-03-06T22:36:33.998+0000] {dagbag.py:540} INFO - Filling up the DagBag from /home/airflow/.local/lib/python3.8/site-packages/airflow/example_dags/tutorial.py
[2024-03-06T22:36:34.009+0000] {processor.py:840} INFO - DAG(s) 'tutorial' retrieved from /home/airflow/.local/lib/python3.8/site-packages/airflow/example_dags/tutorial.py
[2024-03-06T22:36:34.042+0000] {logging_mixin.py:188} INFO - [2024-03-06T22:36:34.042+0000] {dag.py:3047} INFO - Sync 1 DAGs
[2024-03-06T22:36:34.078+0000] {logging_mixin.py:188} INFO - [2024-03-06T22:36:34.078+0000] {dag.py:3834} INFO - Setting next_dagrun for tutorial to 2024-03-05 00:00:00+00:00, run_after=2024-03-06 00:00:00+00:00
[2024-03-06T22:36:34.107+0000] {processor.py:183} INFO - Processing /home/airflow/.local/lib/python3.8/site-packages/airflow/example_dags/tutorial.py took 0.118 seconds
[2024-03-06T22:37:04.375+0000] {processor.py:161} INFO - Started process (PID=2159) to work on /home/airflow/.local/lib/python3.8/site-packages/airflow/example_dags/tutorial.py
[2024-03-06T22:37:04.380+0000] {processor.py:830} INFO - Processing file /home/airflow/.local/lib/python3.8/site-packages/airflow/example_dags/tutorial.py for tasks to queue
[2024-03-06T22:37:04.383+0000] {logging_mixin.py:188} INFO - [2024-03-06T22:37:04.383+0000] {dagbag.py:540} INFO - Filling up the DagBag from /home/airflow/.local/lib/python3.8/site-packages/airflow/example_dags/tutorial.py
[2024-03-06T22:37:04.391+0000] {processor.py:840} INFO - DAG(s) 'tutorial' retrieved from /home/airflow/.local/lib/python3.8/site-packages/airflow/example_dags/tutorial.py
[2024-03-06T22:37:04.423+0000] {logging_mixin.py:188} INFO - [2024-03-06T22:37:04.423+0000] {dag.py:3047} INFO - Sync 1 DAGs
[2024-03-06T22:37:04.454+0000] {logging_mixin.py:188} INFO - [2024-03-06T22:37:04.453+0000] {dag.py:3834} INFO - Setting next_dagrun for tutorial to 2024-03-05 00:00:00+00:00, run_after=2024-03-06 00:00:00+00:00
[2024-03-06T22:37:04.483+0000] {processor.py:183} INFO - Processing /home/airflow/.local/lib/python3.8/site-packages/airflow/example_dags/tutorial.py took 0.115 seconds
[2024-03-06T22:37:34.627+0000] {processor.py:161} INFO - Started process (PID=2214) to work on /home/airflow/.local/lib/python3.8/site-packages/airflow/example_dags/tutorial.py
[2024-03-06T22:37:34.628+0000] {processor.py:830} INFO - Processing file /home/airflow/.local/lib/python3.8/site-packages/airflow/example_dags/tutorial.py for tasks to queue
[2024-03-06T22:37:34.633+0000] {logging_mixin.py:188} INFO - [2024-03-06T22:37:34.632+0000] {dagbag.py:540} INFO - Filling up the DagBag from /home/airflow/.local/lib/python3.8/site-packages/airflow/example_dags/tutorial.py
[2024-03-06T22:37:34.642+0000] {processor.py:840} INFO - DAG(s) 'tutorial' retrieved from /home/airflow/.local/lib/python3.8/site-packages/airflow/example_dags/tutorial.py
[2024-03-06T22:37:34.705+0000] {logging_mixin.py:188} INFO - [2024-03-06T22:37:34.704+0000] {dag.py:3047} INFO - Sync 1 DAGs
[2024-03-06T22:37:34.745+0000] {logging_mixin.py:188} INFO - [2024-03-06T22:37:34.745+0000] {dag.py:3834} INFO - Setting next_dagrun for tutorial to 2024-03-05 00:00:00+00:00, run_after=2024-03-06 00:00:00+00:00
[2024-03-06T22:37:34.774+0000] {processor.py:183} INFO - Processing /home/airflow/.local/lib/python3.8/site-packages/airflow/example_dags/tutorial.py took 0.153 seconds
[2024-03-06T22:38:04.994+0000] {processor.py:161} INFO - Started process (PID=2269) to work on /home/airflow/.local/lib/python3.8/site-packages/airflow/example_dags/tutorial.py
[2024-03-06T22:38:04.999+0000] {processor.py:830} INFO - Processing file /home/airflow/.local/lib/python3.8/site-packages/airflow/example_dags/tutorial.py for tasks to queue
[2024-03-06T22:38:05.003+0000] {logging_mixin.py:188} INFO - [2024-03-06T22:38:05.003+0000] {dagbag.py:540} INFO - Filling up the DagBag from /home/airflow/.local/lib/python3.8/site-packages/airflow/example_dags/tutorial.py
[2024-03-06T22:38:05.015+0000] {processor.py:840} INFO - DAG(s) 'tutorial' retrieved from /home/airflow/.local/lib/python3.8/site-packages/airflow/example_dags/tutorial.py
[2024-03-06T22:38:05.045+0000] {logging_mixin.py:188} INFO - [2024-03-06T22:38:05.045+0000] {dag.py:3047} INFO - Sync 1 DAGs
[2024-03-06T22:38:05.077+0000] {logging_mixin.py:188} INFO - [2024-03-06T22:38:05.077+0000] {dag.py:3834} INFO - Setting next_dagrun for tutorial to 2024-03-05 00:00:00+00:00, run_after=2024-03-06 00:00:00+00:00
[2024-03-06T22:38:05.104+0000] {processor.py:183} INFO - Processing /home/airflow/.local/lib/python3.8/site-packages/airflow/example_dags/tutorial.py took 0.115 seconds
[2024-03-06T22:38:35.260+0000] {processor.py:161} INFO - Started process (PID=2324) to work on /home/airflow/.local/lib/python3.8/site-packages/airflow/example_dags/tutorial.py
[2024-03-06T22:38:35.262+0000] {processor.py:830} INFO - Processing file /home/airflow/.local/lib/python3.8/site-packages/airflow/example_dags/tutorial.py for tasks to queue
[2024-03-06T22:38:35.267+0000] {logging_mixin.py:188} INFO - [2024-03-06T22:38:35.266+0000] {dagbag.py:540} INFO - Filling up the DagBag from /home/airflow/.local/lib/python3.8/site-packages/airflow/example_dags/tutorial.py
[2024-03-06T22:38:35.281+0000] {processor.py:840} INFO - DAG(s) 'tutorial' retrieved from /home/airflow/.local/lib/python3.8/site-packages/airflow/example_dags/tutorial.py
[2024-03-06T22:38:35.376+0000] {logging_mixin.py:188} INFO - [2024-03-06T22:38:35.376+0000] {dag.py:3047} INFO - Sync 1 DAGs
[2024-03-06T22:38:35.410+0000] {logging_mixin.py:188} INFO - [2024-03-06T22:38:35.409+0000] {dag.py:3834} INFO - Setting next_dagrun for tutorial to 2024-03-05 00:00:00+00:00, run_after=2024-03-06 00:00:00+00:00
[2024-03-06T22:38:35.442+0000] {processor.py:183} INFO - Processing /home/airflow/.local/lib/python3.8/site-packages/airflow/example_dags/tutorial.py took 0.187 seconds
[2024-03-06T22:39:05.552+0000] {processor.py:161} INFO - Started process (PID=2379) to work on /home/airflow/.local/lib/python3.8/site-packages/airflow/example_dags/tutorial.py
[2024-03-06T22:39:05.554+0000] {processor.py:830} INFO - Processing file /home/airflow/.local/lib/python3.8/site-packages/airflow/example_dags/tutorial.py for tasks to queue
[2024-03-06T22:39:05.556+0000] {logging_mixin.py:188} INFO - [2024-03-06T22:39:05.556+0000] {dagbag.py:540} INFO - Filling up the DagBag from /home/airflow/.local/lib/python3.8/site-packages/airflow/example_dags/tutorial.py
[2024-03-06T22:39:05.566+0000] {processor.py:840} INFO - DAG(s) 'tutorial' retrieved from /home/airflow/.local/lib/python3.8/site-packages/airflow/example_dags/tutorial.py
[2024-03-06T22:39:05.596+0000] {logging_mixin.py:188} INFO - [2024-03-06T22:39:05.596+0000] {dag.py:3047} INFO - Sync 1 DAGs
[2024-03-06T22:39:05.629+0000] {logging_mixin.py:188} INFO - [2024-03-06T22:39:05.629+0000] {dag.py:3834} INFO - Setting next_dagrun for tutorial to 2024-03-05 00:00:00+00:00, run_after=2024-03-06 00:00:00+00:00
[2024-03-06T22:39:05.656+0000] {processor.py:183} INFO - Processing /home/airflow/.local/lib/python3.8/site-packages/airflow/example_dags/tutorial.py took 0.109 seconds
[2024-03-06T22:39:36.013+0000] {processor.py:161} INFO - Started process (PID=2433) to work on /home/airflow/.local/lib/python3.8/site-packages/airflow/example_dags/tutorial.py
[2024-03-06T22:39:36.018+0000] {processor.py:830} INFO - Processing file /home/airflow/.local/lib/python3.8/site-packages/airflow/example_dags/tutorial.py for tasks to queue
[2024-03-06T22:39:36.021+0000] {logging_mixin.py:188} INFO - [2024-03-06T22:39:36.021+0000] {dagbag.py:540} INFO - Filling up the DagBag from /home/airflow/.local/lib/python3.8/site-packages/airflow/example_dags/tutorial.py
[2024-03-06T22:39:36.030+0000] {processor.py:840} INFO - DAG(s) 'tutorial' retrieved from /home/airflow/.local/lib/python3.8/site-packages/airflow/example_dags/tutorial.py
[2024-03-06T22:39:36.059+0000] {logging_mixin.py:188} INFO - [2024-03-06T22:39:36.059+0000] {dag.py:3047} INFO - Sync 1 DAGs
[2024-03-06T22:39:36.092+0000] {logging_mixin.py:188} INFO - [2024-03-06T22:39:36.092+0000] {dag.py:3834} INFO - Setting next_dagrun for tutorial to 2024-03-05 00:00:00+00:00, run_after=2024-03-06 00:00:00+00:00
[2024-03-06T22:39:36.121+0000] {processor.py:183} INFO - Processing /home/airflow/.local/lib/python3.8/site-packages/airflow/example_dags/tutorial.py took 0.113 seconds
[2024-03-06T22:40:06.905+0000] {processor.py:161} INFO - Started process (PID=2489) to work on /home/airflow/.local/lib/python3.8/site-packages/airflow/example_dags/tutorial.py
[2024-03-06T22:40:06.907+0000] {processor.py:830} INFO - Processing file /home/airflow/.local/lib/python3.8/site-packages/airflow/example_dags/tutorial.py for tasks to queue
[2024-03-06T22:40:06.911+0000] {logging_mixin.py:188} INFO - [2024-03-06T22:40:06.910+0000] {dagbag.py:540} INFO - Filling up the DagBag from /home/airflow/.local/lib/python3.8/site-packages/airflow/example_dags/tutorial.py
[2024-03-06T22:40:06.922+0000] {processor.py:840} INFO - DAG(s) 'tutorial' retrieved from /home/airflow/.local/lib/python3.8/site-packages/airflow/example_dags/tutorial.py
[2024-03-06T22:40:06.955+0000] {logging_mixin.py:188} INFO - [2024-03-06T22:40:06.954+0000] {dag.py:3047} INFO - Sync 1 DAGs
[2024-03-06T22:40:06.992+0000] {logging_mixin.py:188} INFO - [2024-03-06T22:40:06.991+0000] {dag.py:3834} INFO - Setting next_dagrun for tutorial to 2024-03-05 00:00:00+00:00, run_after=2024-03-06 00:00:00+00:00
[2024-03-06T22:40:07.022+0000] {processor.py:183} INFO - Processing /home/airflow/.local/lib/python3.8/site-packages/airflow/example_dags/tutorial.py took 0.122 seconds
[2024-03-06T22:40:37.637+0000] {processor.py:161} INFO - Started process (PID=2544) to work on /home/airflow/.local/lib/python3.8/site-packages/airflow/example_dags/tutorial.py
[2024-03-06T22:40:37.639+0000] {processor.py:830} INFO - Processing file /home/airflow/.local/lib/python3.8/site-packages/airflow/example_dags/tutorial.py for tasks to queue
[2024-03-06T22:40:37.648+0000] {logging_mixin.py:188} INFO - [2024-03-06T22:40:37.647+0000] {dagbag.py:540} INFO - Filling up the DagBag from /home/airflow/.local/lib/python3.8/site-packages/airflow/example_dags/tutorial.py
[2024-03-06T22:40:37.659+0000] {processor.py:840} INFO - DAG(s) 'tutorial' retrieved from /home/airflow/.local/lib/python3.8/site-packages/airflow/example_dags/tutorial.py
[2024-03-06T22:40:37.695+0000] {logging_mixin.py:188} INFO - [2024-03-06T22:40:37.694+0000] {dag.py:3047} INFO - Sync 1 DAGs
[2024-03-06T22:40:37.737+0000] {logging_mixin.py:188} INFO - [2024-03-06T22:40:37.737+0000] {dag.py:3834} INFO - Setting next_dagrun for tutorial to 2024-03-05 00:00:00+00:00, run_after=2024-03-06 00:00:00+00:00
[2024-03-06T22:40:37.777+0000] {processor.py:183} INFO - Processing /home/airflow/.local/lib/python3.8/site-packages/airflow/example_dags/tutorial.py took 0.152 seconds
[2024-03-06T22:41:08.020+0000] {processor.py:161} INFO - Started process (PID=2599) to work on /home/airflow/.local/lib/python3.8/site-packages/airflow/example_dags/tutorial.py
[2024-03-06T22:41:08.023+0000] {processor.py:830} INFO - Processing file /home/airflow/.local/lib/python3.8/site-packages/airflow/example_dags/tutorial.py for tasks to queue
[2024-03-06T22:41:08.028+0000] {logging_mixin.py:188} INFO - [2024-03-06T22:41:08.027+0000] {dagbag.py:540} INFO - Filling up the DagBag from /home/airflow/.local/lib/python3.8/site-packages/airflow/example_dags/tutorial.py
[2024-03-06T22:41:08.043+0000] {processor.py:840} INFO - DAG(s) 'tutorial' retrieved from /home/airflow/.local/lib/python3.8/site-packages/airflow/example_dags/tutorial.py
[2024-03-06T22:41:08.077+0000] {logging_mixin.py:188} INFO - [2024-03-06T22:41:08.077+0000] {dag.py:3047} INFO - Sync 1 DAGs
[2024-03-06T22:41:08.111+0000] {logging_mixin.py:188} INFO - [2024-03-06T22:41:08.111+0000] {dag.py:3834} INFO - Setting next_dagrun for tutorial to 2024-03-05 00:00:00+00:00, run_after=2024-03-06 00:00:00+00:00
[2024-03-06T22:41:08.145+0000] {processor.py:183} INFO - Processing /home/airflow/.local/lib/python3.8/site-packages/airflow/example_dags/tutorial.py took 0.130 seconds
[2024-03-06T22:41:38.761+0000] {processor.py:161} INFO - Started process (PID=2654) to work on /home/airflow/.local/lib/python3.8/site-packages/airflow/example_dags/tutorial.py
[2024-03-06T22:41:38.764+0000] {processor.py:830} INFO - Processing file /home/airflow/.local/lib/python3.8/site-packages/airflow/example_dags/tutorial.py for tasks to queue
[2024-03-06T22:41:38.769+0000] {logging_mixin.py:188} INFO - [2024-03-06T22:41:38.768+0000] {dagbag.py:540} INFO - Filling up the DagBag from /home/airflow/.local/lib/python3.8/site-packages/airflow/example_dags/tutorial.py
[2024-03-06T22:41:38.781+0000] {processor.py:840} INFO - DAG(s) 'tutorial' retrieved from /home/airflow/.local/lib/python3.8/site-packages/airflow/example_dags/tutorial.py
[2024-03-06T22:41:38.815+0000] {logging_mixin.py:188} INFO - [2024-03-06T22:41:38.815+0000] {dag.py:3047} INFO - Sync 1 DAGs
[2024-03-06T22:41:38.856+0000] {logging_mixin.py:188} INFO - [2024-03-06T22:41:38.855+0000] {dag.py:3834} INFO - Setting next_dagrun for tutorial to 2024-03-05 00:00:00+00:00, run_after=2024-03-06 00:00:00+00:00
[2024-03-06T22:41:38.891+0000] {processor.py:183} INFO - Processing /home/airflow/.local/lib/python3.8/site-packages/airflow/example_dags/tutorial.py took 0.136 seconds
[2024-03-06T22:42:09.608+0000] {processor.py:161} INFO - Started process (PID=2709) to work on /home/airflow/.local/lib/python3.8/site-packages/airflow/example_dags/tutorial.py
[2024-03-06T22:42:09.612+0000] {processor.py:830} INFO - Processing file /home/airflow/.local/lib/python3.8/site-packages/airflow/example_dags/tutorial.py for tasks to queue
[2024-03-06T22:42:09.615+0000] {logging_mixin.py:188} INFO - [2024-03-06T22:42:09.615+0000] {dagbag.py:540} INFO - Filling up the DagBag from /home/airflow/.local/lib/python3.8/site-packages/airflow/example_dags/tutorial.py
[2024-03-06T22:42:09.626+0000] {processor.py:840} INFO - DAG(s) 'tutorial' retrieved from /home/airflow/.local/lib/python3.8/site-packages/airflow/example_dags/tutorial.py
[2024-03-06T22:42:09.680+0000] {logging_mixin.py:188} INFO - [2024-03-06T22:42:09.680+0000] {dag.py:3047} INFO - Sync 1 DAGs
[2024-03-06T22:42:09.737+0000] {logging_mixin.py:188} INFO - [2024-03-06T22:42:09.737+0000] {dag.py:3834} INFO - Setting next_dagrun for tutorial to 2024-03-05 00:00:00+00:00, run_after=2024-03-06 00:00:00+00:00
[2024-03-06T22:42:09.765+0000] {processor.py:183} INFO - Processing /home/airflow/.local/lib/python3.8/site-packages/airflow/example_dags/tutorial.py took 0.166 seconds
[2024-03-06T22:42:40.022+0000] {processor.py:161} INFO - Started process (PID=2761) to work on /home/airflow/.local/lib/python3.8/site-packages/airflow/example_dags/tutorial.py
[2024-03-06T22:42:40.029+0000] {processor.py:830} INFO - Processing file /home/airflow/.local/lib/python3.8/site-packages/airflow/example_dags/tutorial.py for tasks to queue
[2024-03-06T22:42:40.034+0000] {logging_mixin.py:188} INFO - [2024-03-06T22:42:40.034+0000] {dagbag.py:540} INFO - Filling up the DagBag from /home/airflow/.local/lib/python3.8/site-packages/airflow/example_dags/tutorial.py
[2024-03-06T22:42:40.048+0000] {processor.py:840} INFO - DAG(s) 'tutorial' retrieved from /home/airflow/.local/lib/python3.8/site-packages/airflow/example_dags/tutorial.py
[2024-03-06T22:42:40.092+0000] {logging_mixin.py:188} INFO - [2024-03-06T22:42:40.090+0000] {dag.py:3047} INFO - Sync 1 DAGs
[2024-03-06T22:42:40.147+0000] {logging_mixin.py:188} INFO - [2024-03-06T22:42:40.145+0000] {dag.py:3834} INFO - Setting next_dagrun for tutorial to 2024-03-05 00:00:00+00:00, run_after=2024-03-06 00:00:00+00:00
[2024-03-06T22:42:40.184+0000] {processor.py:183} INFO - Processing /home/airflow/.local/lib/python3.8/site-packages/airflow/example_dags/tutorial.py took 0.168 seconds
