[2024-03-11T23:13:03.459+0000] {taskinstance.py:1979} INFO - Dependencies all met for dep_context=non-requeueable deps ti=<TaskInstance: netflix_etl_dag.extract_titles_task manual__2024-03-11T23:13:00.816764+00:00 [queued]>
[2024-03-11T23:13:03.470+0000] {taskinstance.py:1979} INFO - Dependencies all met for dep_context=requeueable deps ti=<TaskInstance: netflix_etl_dag.extract_titles_task manual__2024-03-11T23:13:00.816764+00:00 [queued]>
[2024-03-11T23:13:03.472+0000] {taskinstance.py:2193} INFO - Starting attempt 1 of 3
[2024-03-11T23:13:03.491+0000] {taskinstance.py:2214} INFO - Executing <Task(PythonOperator): extract_titles_task> on 2024-03-11 23:13:00.816764+00:00
[2024-03-11T23:13:03.497+0000] {standard_task_runner.py:60} INFO - Started process 18530 to run task
[2024-03-11T23:13:03.502+0000] {standard_task_runner.py:87} INFO - Running: ['***', 'tasks', 'run', 'netflix_etl_dag', 'extract_titles_task', 'manual__2024-03-11T23:13:00.816764+00:00', '--job-id', '87', '--raw', '--subdir', 'DAGS_FOLDER/netflix_dag.py', '--cfg-path', '/tmp/tmpdisbwsl_']
[2024-03-11T23:13:03.505+0000] {standard_task_runner.py:88} INFO - Job 87: Subtask extract_titles_task
[2024-03-11T23:13:03.565+0000] {task_command.py:423} INFO - Running <TaskInstance: netflix_etl_dag.extract_titles_task manual__2024-03-11T23:13:00.816764+00:00 [running]> on host 472fedd09e2a
[2024-03-11T23:13:03.669+0000] {taskinstance.py:2510} INFO - Exporting env vars: AIRFLOW_CTX_DAG_EMAIL='anamsken60@gmail.com' AIRFLOW_CTX_DAG_OWNER='***' AIRFLOW_CTX_DAG_ID='netflix_etl_dag' AIRFLOW_CTX_TASK_ID='extract_titles_task' AIRFLOW_CTX_EXECUTION_DATE='2024-03-11T23:13:00.816764+00:00' AIRFLOW_CTX_TRY_NUMBER='1' AIRFLOW_CTX_DAG_RUN_ID='manual__2024-03-11T23:13:00.816764+00:00'
[2024-03-11T23:13:10.737+0000] {logging_mixin.py:188} INFO - CSV file Netflix2024_20240311231310.csv saved successfully.
[2024-03-11T23:13:10.750+0000] {python.py:202} INFO - Done. Returned value was:         imdb_id  ...  title_date
0    tt21688772  ...  2024-03-10
1                ...  2024-03-10
2    tt27668559  ...  2024-03-10
3                ...  2024-03-09
4     tt9859630  ...  2024-03-09
..          ...  ...         ...
140              ...  2024-01-01
141   tt0978808  ...  2024-01-01
142              ...  2024-01-01
143  tt21742340  ...  2023-12-13
144  tt27790130  ...  2023-08-04

[145 rows x 8 columns]
[2024-03-11T23:13:11.105+0000] {taskinstance.py:1149} INFO - Marking task as SUCCESS. dag_id=netflix_etl_dag, task_id=extract_titles_task, execution_date=20240311T231300, start_date=20240311T231303, end_date=20240311T231311
[2024-03-11T23:13:11.166+0000] {local_task_job_runner.py:234} INFO - Task exited with return code 0
[2024-03-11T23:13:11.188+0000] {taskinstance.py:3309} INFO - 1 downstream tasks scheduled from follow-on schedule check
